[0.139s] Invoking command in '/workspaces/isaac_ros-dev/build/isaac_ros_nitros_disparity_image_type': AMENT_PREFIX_PATH=/workspaces/isaac_ros-dev/install/isaac_ros_nitros:/workspaces/isaac_ros-dev/install/isaac_ros_nitros_interfaces:/workspaces/isaac_ros-dev/install/isaac_ros_gxf:/workspaces/isaac_ros-dev/install/isaac_ros_test:/workspaces/isaac_ros-dev/install/isaac_ros_common:${AMENT_PREFIX_PATH} CMAKE_PREFIX_PATH=/workspaces/isaac_ros-dev/install/isaac_ros_nitros:/workspaces/isaac_ros-dev/install/isaac_ros_nitros_interfaces:/workspaces/isaac_ros-dev/install/isaac_ros_gxf:/workspaces/isaac_ros-dev/install/isaac_ros_common:${CMAKE_PREFIX_PATH} LD_LIBRARY_PATH=/workspaces/isaac_ros-dev/install/isaac_ros_nitros/lib:/workspaces/isaac_ros-dev/install/isaac_ros_nitros_interfaces/lib:/workspaces/isaac_ros-dev/install/isaac_ros_common/lib:${LD_LIBRARY_PATH} PYTHONPATH=/workspaces/isaac_ros-dev/install/isaac_ros_nitros_interfaces/lib/python3.8/site-packages:/workspaces/isaac_ros-dev/install/isaac_ros_test/lib/python3.8/site-packages:${PYTHONPATH} /usr/local/bin/cmake /workspaces/isaac_ros-dev/src/isaac_ros_nitros/isaac_ros_nitros_type/isaac_ros_nitros_disparity_image_type -DCMAKE_INSTALL_PREFIX=/workspaces/isaac_ros-dev/install/isaac_ros_nitros_disparity_image_type
[0.231s] -- The C compiler identification is GNU 9.4.0
[0.322s] -- The CXX compiler identification is GNU 9.4.0
[0.336s] -- Detecting C compiler ABI info
[0.417s] -- Detecting C compiler ABI info - done
[0.434s] -- Check for working C compiler: /usr/bin/cc - skipped
[0.434s] -- Detecting C compile features
[0.435s] -- Detecting C compile features - done
[0.439s] -- Detecting CXX compiler ABI info
[0.551s] -- Detecting CXX compiler ABI info - done
[0.574s] -- Check for working CXX compiler: /usr/bin/c++ - skipped
[0.574s] -- Detecting CXX compile features
[0.575s] -- Detecting CXX compile features - done
[0.579s] -- Found ament_cmake_auto: 1.3.3 (/opt/ros/humble/install/share/ament_cmake_auto/cmake)
[1.753s] -- Found Python3: /usr/bin/python3.8 (found version "3.8.10") found components: Interpreter 
[1.979s] -- Loading isaac_ros_common extras
[1.980s] -- CMAKE_BUILD_TYPE: Release
[2.000s] -- Performing Test CMAKE_HAVE_LIBC_PTHREAD
[2.098s] -- Performing Test CMAKE_HAVE_LIBC_PTHREAD - Failed
[2.099s] -- Looking for pthread_create in pthreads
[2.159s] -- Looking for pthread_create in pthreads - not found
[2.159s] -- Looking for pthread_create in pthread
[2.253s] -- Looking for pthread_create in pthread - found
[2.254s] -- Found Threads: TRUE  
[2.281s] -- Found CUDA: /usr/local/cuda (found version "11.8") 
[2.282s] -- Loading isaac_ros_common extras (modules)
[2.353s] -- Found rosidl_generator_c: 3.1.4 (/opt/ros/humble/install/share/rosidl_generator_c/cmake)
[2.361s] -- Found rosidl_adapter: 3.1.4 (/opt/ros/humble/install/share/rosidl_adapter/cmake)
[2.376s] -- Found rosidl_generator_cpp: 3.1.4 (/opt/ros/humble/install/share/rosidl_generator_cpp/cmake)
[2.403s] -- Using all available rosidl_typesupport_c: rosidl_typesupport_fastrtps_c;rosidl_typesupport_introspection_c
[2.442s] -- Using all available rosidl_typesupport_cpp: rosidl_typesupport_fastrtps_cpp;rosidl_typesupport_introspection_cpp
[2.572s] -- Found rmw_implementation_cmake: 6.1.1 (/opt/ros/humble/install/share/rmw_implementation_cmake/cmake)
[2.580s] -- Found rmw_fastrtps_cpp: 6.2.2 (/opt/ros/humble/install/share/rmw_fastrtps_cpp/cmake)
[2.734s] -- Found OpenSSL: /usr/lib/x86_64-linux-gnu/libcrypto.so (found version "1.1.1f")  
[2.777s] -- Found FastRTPS: /opt/ros/humble/install/include  
[2.846s] -- Using RMW implementation 'rmw_fastrtps_cpp' as default
[3.781s] -- Loading isaac_ros_gxf extras
[3.785s] -- Found atlas lib=/workspaces/isaac_ros-dev/install/isaac_ros_gxf/share/isaac_ros_gxf/gxf/lib/libgxf_atlas.so, include=/workspaces/isaac_ros-dev/install/isaac_ros_gxf/share/isaac_ros_gxf/gxf/include/gxf
[3.786s] -- Found cuda lib=/workspaces/isaac_ros-dev/install/isaac_ros_gxf/share/isaac_ros_gxf/gxf/lib/cuda/libgxf_cuda.so, include=/workspaces/isaac_ros-dev/install/isaac_ros_gxf/share/isaac_ros_gxf/gxf/include/gxf
[3.787s] -- Found isaac_messages lib=/workspaces/isaac_ros-dev/install/isaac_ros_gxf/share/isaac_ros_gxf/gxf/lib/libgxf_isaac_messages.so, include=/workspaces/isaac_ros-dev/install/isaac_ros_gxf/share/isaac_ros_gxf/gxf/include/gxf
[3.789s] -- Found isaac_ros_messages lib=/workspaces/isaac_ros-dev/install/isaac_ros_gxf/share/isaac_ros_gxf/gxf/lib/libgxf_isaac_ros_messages.so, include=/workspaces/isaac_ros-dev/install/isaac_ros_gxf/share/isaac_ros_gxf/gxf/include/gxf
[3.790s] -- Found multimedia lib=/workspaces/isaac_ros-dev/install/isaac_ros_gxf/share/isaac_ros_gxf/gxf/lib/multimedia/libgxf_multimedia.so, include=/workspaces/isaac_ros-dev/install/isaac_ros_gxf/share/isaac_ros_gxf/gxf/include/gxf
[3.792s] -- Found gxf_optimizer lib=/workspaces/isaac_ros-dev/install/isaac_ros_gxf/share/isaac_ros_gxf/gxf/lib/libgxf_optimizer.so, include=/workspaces/isaac_ros-dev/install/isaac_ros_gxf/share/isaac_ros_gxf/gxf/include/gxf
[3.793s] -- Found serialization lib=/workspaces/isaac_ros-dev/install/isaac_ros_gxf/share/isaac_ros_gxf/gxf/lib/serialization/libgxf_serialization.so, include=/workspaces/isaac_ros-dev/install/isaac_ros_gxf/share/isaac_ros_gxf/gxf/include/gxf
[3.794s] -- Found std lib=/workspaces/isaac_ros-dev/install/isaac_ros_gxf/share/isaac_ros_gxf/gxf/lib/std/libgxf_std.so, include=/workspaces/isaac_ros-dev/install/isaac_ros_gxf/share/isaac_ros_gxf/gxf/include/gxf
[3.795s] -- Found core lib=/workspaces/isaac_ros-dev/install/isaac_ros_gxf/share/isaac_ros_gxf/gxf/lib/core/libgxf_core.so, include=/workspaces/isaac_ros-dev/install/isaac_ros_gxf/share/isaac_ros_gxf/gxf/include/gxf
[3.798s] -- Found GXF:  (found suitable version "2.5.0", minimum required is "2.5.0") found components: core multimedia 
[13.891s] -- Performing Test FLAG_WEXTRA
[14.579s] -- Performing Test FLAG_WEXTRA - Success
[16.959s] -- Found ament_lint_auto: 0.12.5 (/opt/ros/humble/install/share/ament_lint_auto/cmake)
[17.365s] -- Found launch_testing_ament_cmake: 1.0.4 (/opt/ros/humble/install/share/launch_testing_ament_cmake/cmake)
[17.400s] -- Found python_cmake_module: 0.10.0 (/opt/ros/humble/install/share/python_cmake_module/cmake)
[17.641s] -- Found PythonInterp: /usr/bin/python3 (found suitable version "3.8.10", minimum required is "3.6") 
[17.650s] -- Found PythonLibs: /usr/lib/x86_64-linux-gnu/libpython3.8.so (found suitable version "3.8.10", minimum required is "3.5") 
[17.650s] -- Using PYTHON_EXECUTABLE: /usr/bin/python3
[17.650s] -- Using PYTHON_INCLUDE_DIRS: /usr/include/python3.8
[17.650s] -- Using PYTHON_LIBRARIES: /usr/lib/x86_64-linux-gnu/libpython3.8.so
[17.763s] -- Found PythonExtra: .so  
[17.787s] -- Added test 'cppcheck' to perform static code analysis on C / C++ code
[17.799s] -- Configured cppcheck include dirs: /workspaces/isaac_ros-dev/src/isaac_ros_nitros/isaac_ros_nitros_type/isaac_ros_nitros_disparity_image_type/include
[17.799s] -- Configured cppcheck exclude dirs and/or files: 
[17.808s] -- Added test 'cpplint' to check C / C++ code against the Google style
[17.809s] -- Configured cpplint exclude dirs and/or files: 
[17.810s] -- Added test 'flake8' to check Python code syntax and style conventions
[17.811s] -- Added test 'lint_cmake' to check CMake code style
[17.841s] -- Added test 'pep257' to check Python code against some of the docstring style conventions in PEP 257
[17.857s] -- Added test 'uncrustify' to check C / C++ code style
[17.857s] -- Configured uncrustify additional arguments: 
[17.858s] -- Added test 'xmllint' to check XML markup files
[17.924s] -- Configuring done (17.8s)
[18.389s] -- Generating done (0.4s)
[18.418s] -- Build files have been written to: /workspaces/isaac_ros-dev/build/isaac_ros_nitros_disparity_image_type
[18.598s] Invoked command in '/workspaces/isaac_ros-dev/build/isaac_ros_nitros_disparity_image_type' returned '0': AMENT_PREFIX_PATH=/workspaces/isaac_ros-dev/install/isaac_ros_nitros:/workspaces/isaac_ros-dev/install/isaac_ros_nitros_interfaces:/workspaces/isaac_ros-dev/install/isaac_ros_gxf:/workspaces/isaac_ros-dev/install/isaac_ros_test:/workspaces/isaac_ros-dev/install/isaac_ros_common:${AMENT_PREFIX_PATH} CMAKE_PREFIX_PATH=/workspaces/isaac_ros-dev/install/isaac_ros_nitros:/workspaces/isaac_ros-dev/install/isaac_ros_nitros_interfaces:/workspaces/isaac_ros-dev/install/isaac_ros_gxf:/workspaces/isaac_ros-dev/install/isaac_ros_common:${CMAKE_PREFIX_PATH} LD_LIBRARY_PATH=/workspaces/isaac_ros-dev/install/isaac_ros_nitros/lib:/workspaces/isaac_ros-dev/install/isaac_ros_nitros_interfaces/lib:/workspaces/isaac_ros-dev/install/isaac_ros_common/lib:${LD_LIBRARY_PATH} PYTHONPATH=/workspaces/isaac_ros-dev/install/isaac_ros_nitros_interfaces/lib/python3.8/site-packages:/workspaces/isaac_ros-dev/install/isaac_ros_test/lib/python3.8/site-packages:${PYTHONPATH} /usr/local/bin/cmake /workspaces/isaac_ros-dev/src/isaac_ros_nitros/isaac_ros_nitros_type/isaac_ros_nitros_disparity_image_type -DCMAKE_INSTALL_PREFIX=/workspaces/isaac_ros-dev/install/isaac_ros_nitros_disparity_image_type
[18.599s] Invoking command in '/workspaces/isaac_ros-dev/build/isaac_ros_nitros_disparity_image_type': AMENT_PREFIX_PATH=/workspaces/isaac_ros-dev/install/isaac_ros_nitros:/workspaces/isaac_ros-dev/install/isaac_ros_nitros_interfaces:/workspaces/isaac_ros-dev/install/isaac_ros_gxf:/workspaces/isaac_ros-dev/install/isaac_ros_test:/workspaces/isaac_ros-dev/install/isaac_ros_common:${AMENT_PREFIX_PATH} CMAKE_PREFIX_PATH=/workspaces/isaac_ros-dev/install/isaac_ros_nitros:/workspaces/isaac_ros-dev/install/isaac_ros_nitros_interfaces:/workspaces/isaac_ros-dev/install/isaac_ros_gxf:/workspaces/isaac_ros-dev/install/isaac_ros_common:${CMAKE_PREFIX_PATH} LD_LIBRARY_PATH=/workspaces/isaac_ros-dev/install/isaac_ros_nitros/lib:/workspaces/isaac_ros-dev/install/isaac_ros_nitros_interfaces/lib:/workspaces/isaac_ros-dev/install/isaac_ros_common/lib:${LD_LIBRARY_PATH} PYTHONPATH=/workspaces/isaac_ros-dev/install/isaac_ros_nitros_interfaces/lib/python3.8/site-packages:/workspaces/isaac_ros-dev/install/isaac_ros_test/lib/python3.8/site-packages:${PYTHONPATH} /usr/local/bin/cmake --build /workspaces/isaac_ros-dev/build/isaac_ros_nitros_disparity_image_type -- -j16 -l16
[67.111s] [  2%] [32mBuilding CXX object _deps/yaml-cpp-build/CMakeFiles/yaml-cpp.dir/src/binary.cpp.o[0m
[67.112s] [  5%] [32mBuilding CXX object _deps/yaml-cpp-build/CMakeFiles/yaml-cpp.dir/src/null.cpp.o[0m
[67.112s] [  8%] [32mBuilding CXX object _deps/yaml-cpp-build/CMakeFiles/yaml-cpp.dir/src/ostream_wrapper.cpp.o[0m
[67.112s] [ 11%] [32mBuilding CXX object _deps/yaml-cpp-build/CMakeFiles/yaml-cpp.dir/src/parse.cpp.o[0m
[67.112s] [ 14%] [32mBuilding CXX object _deps/yaml-cpp-build/CMakeFiles/yaml-cpp.dir/src/parser.cpp.o[0m
[67.112s] [ 17%] [32mBuilding CXX object _deps/yaml-cpp-build/CMakeFiles/yaml-cpp.dir/src/regex_yaml.cpp.o[0m
[67.113s] [ 20%] [32mBuilding CXX object _deps/yaml-cpp-build/CMakeFiles/yaml-cpp.dir/src/scanner.cpp.o[0m
[67.113s] [ 22%] [32mBuilding CXX object _deps/yaml-cpp-build/CMakeFiles/yaml-cpp.dir/src/scanscalar.cpp.o[0m
[67.113s] [ 25%] [32mBuilding CXX object _deps/yaml-cpp-build/CMakeFiles/yaml-cpp.dir/src/scantag.cpp.o[0m
[67.113s] [ 28%] [32mBuilding CXX object _deps/yaml-cpp-build/CMakeFiles/yaml-cpp.dir/src/scantoken.cpp.o[0m
[67.113s] [ 31%] [32mBuilding CXX object _deps/yaml-cpp-build/CMakeFiles/yaml-cpp.dir/src/simplekey.cpp.o[0m
[67.113s] [ 34%] [32mBuilding CXX object _deps/yaml-cpp-build/CMakeFiles/yaml-cpp.dir/src/singledocparser.cpp.o[0m
[67.113s] [ 37%] [32mBuilding CXX object _deps/yaml-cpp-build/CMakeFiles/yaml-cpp.dir/src/stream.cpp.o[0m
[67.113s] [ 40%] [32mBuilding CXX object _deps/yaml-cpp-build/CMakeFiles/yaml-cpp.dir/src/tag.cpp.o[0m
[67.113s] [ 42%] [32mBuilding CXX object _deps/yaml-cpp-build/CMakeFiles/yaml-cpp.dir/src/contrib/graphbuilder.cpp.o[0m
[67.113s] [ 45%] [32mBuilding CXX object _deps/yaml-cpp-build/CMakeFiles/yaml-cpp.dir/src/contrib/graphbuilderadapter.cpp.o[0m
[67.113s] [ 48%] [32mBuilding CXX object _deps/yaml-cpp-build/CMakeFiles/yaml-cpp.dir/src/nodeevents.cpp.o[0m
[67.113s] [ 51%] [32mBuilding CXX object _deps/yaml-cpp-build/CMakeFiles/yaml-cpp.dir/src/nodebuilder.cpp.o[0m
[67.114s] [ 54%] [32mBuilding CXX object _deps/yaml-cpp-build/CMakeFiles/yaml-cpp.dir/src/node_data.cpp.o[0m
[67.114s] [ 57%] [32mBuilding CXX object _deps/yaml-cpp-build/CMakeFiles/yaml-cpp.dir/src/node.cpp.o[0m
[67.114s] [ 60%] [32mBuilding CXX object _deps/yaml-cpp-build/CMakeFiles/yaml-cpp.dir/src/memory.cpp.o[0m
[67.114s] [ 62%] [32mBuilding CXX object _deps/yaml-cpp-build/CMakeFiles/yaml-cpp.dir/src/exp.cpp.o[0m
[67.114s] [ 65%] [32mBuilding CXX object _deps/yaml-cpp-build/CMakeFiles/yaml-cpp.dir/src/exceptions.cpp.o[0m
[67.114s] [ 68%] [32mBuilding CXX object _deps/yaml-cpp-build/CMakeFiles/yaml-cpp.dir/src/emitterutils.cpp.o[0m
[67.114s] [ 71%] [32mBuilding CXX object _deps/yaml-cpp-build/CMakeFiles/yaml-cpp.dir/src/emitterstate.cpp.o[0m
[67.115s] [ 74%] [32mBuilding CXX object _deps/yaml-cpp-build/CMakeFiles/yaml-cpp.dir/src/emitter.cpp.o[0m
[67.115s] [ 77%] [32mBuilding CXX object _deps/yaml-cpp-build/CMakeFiles/yaml-cpp.dir/src/emitfromevents.cpp.o[0m
[67.115s] [ 80%] [32mBuilding CXX object _deps/yaml-cpp-build/CMakeFiles/yaml-cpp.dir/src/emit.cpp.o[0m
[67.115s] [ 82%] [32mBuilding CXX object _deps/yaml-cpp-build/CMakeFiles/yaml-cpp.dir/src/directives.cpp.o[0m
[67.115s] [ 85%] [32mBuilding CXX object _deps/yaml-cpp-build/CMakeFiles/yaml-cpp.dir/src/convert.cpp.o[0m
[67.115s] [ 88%] [32m[1mLinking CXX static library libyaml-cpp.a[0m
[67.115s] [ 88%] Built target yaml-cpp
[67.115s] [ 91%] [32mBuilding CXX object CMakeFiles/isaac_ros_nitros_disparity_image_type.dir/src/nitros_disparity_image.cpp.o[0m
[67.115s] [ 94%] [32m[1mLinking CXX shared library libisaac_ros_nitros_disparity_image_type.so[0m
[67.115s] [ 94%] Built target isaac_ros_nitros_disparity_image_type
[67.115s] [ 97%] [32mBuilding CXX object CMakeFiles/nitros_disparity_image_forward_node.dir/test/src/nitros_disparity_image_forward_node.cpp.o[0m
[84.726s] [100%] [32m[1mLinking CXX shared library libnitros_disparity_image_forward_node.so[0m
[84.986s] [100%] Built target nitros_disparity_image_forward_node
[85.000s] Invoked command in '/workspaces/isaac_ros-dev/build/isaac_ros_nitros_disparity_image_type' returned '0': AMENT_PREFIX_PATH=/workspaces/isaac_ros-dev/install/isaac_ros_nitros:/workspaces/isaac_ros-dev/install/isaac_ros_nitros_interfaces:/workspaces/isaac_ros-dev/install/isaac_ros_gxf:/workspaces/isaac_ros-dev/install/isaac_ros_test:/workspaces/isaac_ros-dev/install/isaac_ros_common:${AMENT_PREFIX_PATH} CMAKE_PREFIX_PATH=/workspaces/isaac_ros-dev/install/isaac_ros_nitros:/workspaces/isaac_ros-dev/install/isaac_ros_nitros_interfaces:/workspaces/isaac_ros-dev/install/isaac_ros_gxf:/workspaces/isaac_ros-dev/install/isaac_ros_common:${CMAKE_PREFIX_PATH} LD_LIBRARY_PATH=/workspaces/isaac_ros-dev/install/isaac_ros_nitros/lib:/workspaces/isaac_ros-dev/install/isaac_ros_nitros_interfaces/lib:/workspaces/isaac_ros-dev/install/isaac_ros_common/lib:${LD_LIBRARY_PATH} PYTHONPATH=/workspaces/isaac_ros-dev/install/isaac_ros_nitros_interfaces/lib/python3.8/site-packages:/workspaces/isaac_ros-dev/install/isaac_ros_test/lib/python3.8/site-packages:${PYTHONPATH} /usr/local/bin/cmake --build /workspaces/isaac_ros-dev/build/isaac_ros_nitros_disparity_image_type -- -j16 -l16
[85.051s] Invoking command in '/workspaces/isaac_ros-dev/build/isaac_ros_nitros_disparity_image_type': AMENT_PREFIX_PATH=/workspaces/isaac_ros-dev/install/isaac_ros_nitros:/workspaces/isaac_ros-dev/install/isaac_ros_nitros_interfaces:/workspaces/isaac_ros-dev/install/isaac_ros_gxf:/workspaces/isaac_ros-dev/install/isaac_ros_test:/workspaces/isaac_ros-dev/install/isaac_ros_common:${AMENT_PREFIX_PATH} CMAKE_PREFIX_PATH=/workspaces/isaac_ros-dev/install/isaac_ros_nitros:/workspaces/isaac_ros-dev/install/isaac_ros_nitros_interfaces:/workspaces/isaac_ros-dev/install/isaac_ros_gxf:/workspaces/isaac_ros-dev/install/isaac_ros_common:${CMAKE_PREFIX_PATH} LD_LIBRARY_PATH=/workspaces/isaac_ros-dev/install/isaac_ros_nitros/lib:/workspaces/isaac_ros-dev/install/isaac_ros_nitros_interfaces/lib:/workspaces/isaac_ros-dev/install/isaac_ros_common/lib:${LD_LIBRARY_PATH} PYTHONPATH=/workspaces/isaac_ros-dev/install/isaac_ros_nitros_interfaces/lib/python3.8/site-packages:/workspaces/isaac_ros-dev/install/isaac_ros_test/lib/python3.8/site-packages:${PYTHONPATH} /usr/local/bin/cmake --install /workspaces/isaac_ros-dev/build/isaac_ros_nitros_disparity_image_type
[85.075s] -- Install configuration: "Release"
[85.075s] -- Installing: /workspaces/isaac_ros-dev/install/isaac_ros_nitros_disparity_image_type/lib/libyaml-cpp.a
[85.077s] -- Installing: /workspaces/isaac_ros-dev/install/isaac_ros_nitros_disparity_image_type/include/yaml-cpp
[85.077s] -- Installing: /workspaces/isaac_ros-dev/install/isaac_ros_nitros_disparity_image_type/include/yaml-cpp/mark.h
[85.077s] -- Installing: /workspaces/isaac_ros-dev/install/isaac_ros_nitros_disparity_image_type/include/yaml-cpp/emittermanip.h
[85.077s] -- Installing: /workspaces/isaac_ros-dev/install/isaac_ros_nitros_disparity_image_type/include/yaml-cpp/emitter.h
[85.077s] -- Installing: /workspaces/isaac_ros-dev/install/isaac_ros_nitros_disparity_image_type/include/yaml-cpp/exceptions.h
[85.077s] -- Installing: /workspaces/isaac_ros-dev/install/isaac_ros_nitros_disparity_image_type/include/yaml-cpp/traits.h
[85.078s] -- Installing: /workspaces/isaac_ros-dev/install/isaac_ros_nitros_disparity_image_type/include/yaml-cpp/eventhandler.h
[85.078s] -- Installing: /workspaces/isaac_ros-dev/install/isaac_ros_nitros_disparity_image_type/include/yaml-cpp/parser.h
[85.078s] -- Installing: /workspaces/isaac_ros-dev/install/isaac_ros_nitros_disparity_image_type/include/yaml-cpp/dll.h
[85.078s] -- Installing: /workspaces/isaac_ros-dev/install/isaac_ros_nitros_disparity_image_type/include/yaml-cpp/null.h
[85.078s] -- Installing: /workspaces/isaac_ros-dev/install/isaac_ros_nitros_disparity_image_type/include/yaml-cpp/contrib
[85.078s] -- Installing: /workspaces/isaac_ros-dev/install/isaac_ros_nitros_disparity_image_type/include/yaml-cpp/contrib/graphbuilder.h
[85.078s] -- Installing: /workspaces/isaac_ros-dev/install/isaac_ros_nitros_disparity_image_type/include/yaml-cpp/contrib/anchordict.h
[85.078s] -- Installing: /workspaces/isaac_ros-dev/install/isaac_ros_nitros_disparity_image_type/include/yaml-cpp/emitterdef.h
[85.078s] -- Installing: /workspaces/isaac_ros-dev/install/isaac_ros_nitros_disparity_image_type/include/yaml-cpp/anchor.h
[85.078s] -- Installing: /workspaces/isaac_ros-dev/install/isaac_ros_nitros_disparity_image_type/include/yaml-cpp/emitfromevents.h
[85.078s] -- Installing: /workspaces/isaac_ros-dev/install/isaac_ros_nitros_disparity_image_type/include/yaml-cpp/emitterstyle.h
[85.078s] -- Installing: /workspaces/isaac_ros-dev/install/isaac_ros_nitros_disparity_image_type/include/yaml-cpp/node
[85.079s] -- Installing: /workspaces/isaac_ros-dev/install/isaac_ros_nitros_disparity_image_type/include/yaml-cpp/node/impl.h
[85.079s] -- Installing: /workspaces/isaac_ros-dev/install/isaac_ros_nitros_disparity_image_type/include/yaml-cpp/node/parse.h
[85.079s] -- Installing: /workspaces/isaac_ros-dev/install/isaac_ros_nitros_disparity_image_type/include/yaml-cpp/node/detail
[85.079s] -- Installing: /workspaces/isaac_ros-dev/install/isaac_ros_nitros_disparity_image_type/include/yaml-cpp/node/detail/node_data.h
[85.079s] -- Installing: /workspaces/isaac_ros-dev/install/isaac_ros_nitros_disparity_image_type/include/yaml-cpp/node/detail/impl.h
[85.079s] -- Installing: /workspaces/isaac_ros-dev/install/isaac_ros_nitros_disparity_image_type/include/yaml-cpp/node/detail/node_iterator.h
[85.079s] -- Installing: /workspaces/isaac_ros-dev/install/isaac_ros_nitros_disparity_image_type/include/yaml-cpp/node/detail/memory.h
[85.079s] -- Installing: /workspaces/isaac_ros-dev/install/isaac_ros_nitros_disparity_image_type/include/yaml-cpp/node/detail/iterator.h
[85.079s] -- Installing: /workspaces/isaac_ros-dev/install/isaac_ros_nitros_disparity_image_type/include/yaml-cpp/node/detail/iterator_fwd.h
[85.079s] -- Installing: /workspaces/isaac_ros-dev/install/isaac_ros_nitros_disparity_image_type/include/yaml-cpp/node/detail/node.h
[85.079s] -- Installing: /workspaces/isaac_ros-dev/install/isaac_ros_nitros_disparity_image_type/include/yaml-cpp/node/detail/bool_type.h
[85.079s] -- Installing: /workspaces/isaac_ros-dev/install/isaac_ros_nitros_disparity_image_type/include/yaml-cpp/node/detail/node_ref.h
[85.079s] -- Installing: /workspaces/isaac_ros-dev/install/isaac_ros_nitros_disparity_image_type/include/yaml-cpp/node/convert.h
[85.079s] -- Installing: /workspaces/isaac_ros-dev/install/isaac_ros_nitros_disparity_image_type/include/yaml-cpp/node/iterator.h
[85.080s] -- Installing: /workspaces/isaac_ros-dev/install/isaac_ros_nitros_disparity_image_type/include/yaml-cpp/node/type.h
[85.080s] -- Installing: /workspaces/isaac_ros-dev/install/isaac_ros_nitros_disparity_image_type/include/yaml-cpp/node/node.h
[85.080s] -- Installing: /workspaces/isaac_ros-dev/install/isaac_ros_nitros_disparity_image_type/include/yaml-cpp/node/emit.h
[85.080s] -- Installing: /workspaces/isaac_ros-dev/install/isaac_ros_nitros_disparity_image_type/include/yaml-cpp/node/ptr.h
[85.080s] -- Installing: /workspaces/isaac_ros-dev/install/isaac_ros_nitros_disparity_image_type/include/yaml-cpp/ostream_wrapper.h
[85.080s] -- Installing: /workspaces/isaac_ros-dev/install/isaac_ros_nitros_disparity_image_type/include/yaml-cpp/stlemitter.h
[85.080s] -- Installing: /workspaces/isaac_ros-dev/install/isaac_ros_nitros_disparity_image_type/include/yaml-cpp/binary.h
[85.080s] -- Installing: /workspaces/isaac_ros-dev/install/isaac_ros_nitros_disparity_image_type/include/yaml-cpp/yaml.h
[85.080s] -- Installing: /workspaces/isaac_ros-dev/install/isaac_ros_nitros_disparity_image_type/lib/cmake/yaml-cpp/yaml-cpp-config.cmake
[85.080s] -- Installing: /workspaces/isaac_ros-dev/install/isaac_ros_nitros_disparity_image_type/lib/cmake/yaml-cpp/yaml-cpp-config-version.cmake
[85.081s] -- Installing: /workspaces/isaac_ros-dev/install/isaac_ros_nitros_disparity_image_type/lib/cmake/yaml-cpp/yaml-cpp-targets.cmake
[85.081s] -- Installing: /workspaces/isaac_ros-dev/install/isaac_ros_nitros_disparity_image_type/lib/cmake/yaml-cpp/yaml-cpp-targets-release.cmake
[85.081s] -- Installing: /workspaces/isaac_ros-dev/install/isaac_ros_nitros_disparity_image_type/lib/pkgconfig/yaml-cpp.pc
[85.081s] -- Installing: /workspaces/isaac_ros-dev/install/isaac_ros_nitros_disparity_image_type/share/isaac_ros_nitros_disparity_image_type/test/config
[85.081s] -- Installing: /workspaces/isaac_ros-dev/install/isaac_ros_nitros_disparity_image_type/share/isaac_ros_nitros_disparity_image_type/test/config/test_forward_node.yaml
[85.082s] -- Up-to-date: /workspaces/isaac_ros-dev/install/isaac_ros_nitros_disparity_image_type/include
[85.082s] -- Installing: /workspaces/isaac_ros-dev/install/isaac_ros_nitros_disparity_image_type/include/isaac_ros_nitros_disparity_image_type
[85.082s] -- Installing: /workspaces/isaac_ros-dev/install/isaac_ros_nitros_disparity_image_type/include/isaac_ros_nitros_disparity_image_type/nitros_disparity_image.hpp
[85.082s] -- Installing: /workspaces/isaac_ros-dev/install/isaac_ros_nitros_disparity_image_type/share/isaac_ros_nitros_disparity_image_type/environment/library_path.sh
[85.082s] -- Installing: /workspaces/isaac_ros-dev/install/isaac_ros_nitros_disparity_image_type/share/isaac_ros_nitros_disparity_image_type/environment/library_path.dsv
[85.082s] -- Installing: /workspaces/isaac_ros-dev/install/isaac_ros_nitros_disparity_image_type/lib/libisaac_ros_nitros_disparity_image_type.so
[85.082s] -- Set runtime path of "/workspaces/isaac_ros-dev/install/isaac_ros_nitros_disparity_image_type/lib/libisaac_ros_nitros_disparity_image_type.so" to "/usr/local/cuda/lib64:/opt/ros/humble/install/lib:/workspaces/isaac_ros-dev/install/isaac_ros_common/lib:/workspaces/isaac_ros-dev/install/isaac_ros_nitros_interfaces/lib:/workspaces/isaac_ros-dev/install/isaac_ros_nitros/lib:/workspaces/isaac_ros-dev/install/isaac_ros_gxf/share/isaac_ros_gxf/gxf/lib/core:/workspaces/isaac_ros-dev/install/isaac_ros_gxf/share/isaac_ros_gxf/gxf/lib/multimedia"
[85.082s] -- Installing: /workspaces/isaac_ros-dev/install/isaac_ros_nitros_disparity_image_type/lib/libnitros_disparity_image_forward_node.so
[85.084s] -- Set runtime path of "/workspaces/isaac_ros-dev/install/isaac_ros_nitros_disparity_image_type/lib/libnitros_disparity_image_forward_node.so" to "/usr/local/cuda/lib64:/opt/ros/humble/install/lib:/workspaces/isaac_ros-dev/install/isaac_ros_common/lib:/workspaces/isaac_ros-dev/install/isaac_ros_nitros_interfaces/lib:/workspaces/isaac_ros-dev/install/isaac_ros_nitros/lib:/workspaces/isaac_ros-dev/install/isaac_ros_gxf/share/isaac_ros_gxf/gxf/lib/core:/workspaces/isaac_ros-dev/install/isaac_ros_gxf/share/isaac_ros_gxf/gxf/lib/multimedia"
[85.084s] -- Installing: /workspaces/isaac_ros-dev/install/isaac_ros_nitros_disparity_image_type/share/ament_index/resource_index/package_run_dependencies/isaac_ros_nitros_disparity_image_type
[85.085s] -- Installing: /workspaces/isaac_ros-dev/install/isaac_ros_nitros_disparity_image_type/share/ament_index/resource_index/parent_prefix_path/isaac_ros_nitros_disparity_image_type
[85.085s] -- Installing: /workspaces/isaac_ros-dev/install/isaac_ros_nitros_disparity_image_type/share/isaac_ros_nitros_disparity_image_type/environment/ament_prefix_path.sh
[85.085s] -- Installing: /workspaces/isaac_ros-dev/install/isaac_ros_nitros_disparity_image_type/share/isaac_ros_nitros_disparity_image_type/environment/ament_prefix_path.dsv
[85.085s] -- Installing: /workspaces/isaac_ros-dev/install/isaac_ros_nitros_disparity_image_type/share/isaac_ros_nitros_disparity_image_type/environment/path.sh
[85.085s] -- Installing: /workspaces/isaac_ros-dev/install/isaac_ros_nitros_disparity_image_type/share/isaac_ros_nitros_disparity_image_type/environment/path.dsv
[85.085s] -- Installing: /workspaces/isaac_ros-dev/install/isaac_ros_nitros_disparity_image_type/share/isaac_ros_nitros_disparity_image_type/local_setup.bash
[85.086s] -- Installing: /workspaces/isaac_ros-dev/install/isaac_ros_nitros_disparity_image_type/share/isaac_ros_nitros_disparity_image_type/local_setup.sh
[85.086s] -- Installing: /workspaces/isaac_ros-dev/install/isaac_ros_nitros_disparity_image_type/share/isaac_ros_nitros_disparity_image_type/local_setup.zsh
[85.086s] -- Installing: /workspaces/isaac_ros-dev/install/isaac_ros_nitros_disparity_image_type/share/isaac_ros_nitros_disparity_image_type/local_setup.dsv
[85.086s] -- Installing: /workspaces/isaac_ros-dev/install/isaac_ros_nitros_disparity_image_type/share/isaac_ros_nitros_disparity_image_type/package.dsv
[85.086s] -- Installing: /workspaces/isaac_ros-dev/install/isaac_ros_nitros_disparity_image_type/share/ament_index/resource_index/packages/isaac_ros_nitros_disparity_image_type
[85.087s] -- Installing: /workspaces/isaac_ros-dev/install/isaac_ros_nitros_disparity_image_type/share/ament_index/resource_index/rclcpp_components/isaac_ros_nitros_disparity_image_type
[85.087s] -- Installing: /workspaces/isaac_ros-dev/install/isaac_ros_nitros_disparity_image_type/share/isaac_ros_nitros_disparity_image_type/cmake/ament_cmake_export_dependencies-extras.cmake
[85.087s] -- Installing: /workspaces/isaac_ros-dev/install/isaac_ros_nitros_disparity_image_type/share/isaac_ros_nitros_disparity_image_type/cmake/ament_cmake_export_include_directories-extras.cmake
[85.087s] -- Installing: /workspaces/isaac_ros-dev/install/isaac_ros_nitros_disparity_image_type/share/isaac_ros_nitros_disparity_image_type/cmake/ament_cmake_export_libraries-extras.cmake
[85.088s] -- Installing: /workspaces/isaac_ros-dev/install/isaac_ros_nitros_disparity_image_type/share/isaac_ros_nitros_disparity_image_type/cmake/isaac_ros_nitros_disparity_image_typeConfig.cmake
[85.088s] -- Installing: /workspaces/isaac_ros-dev/install/isaac_ros_nitros_disparity_image_type/share/isaac_ros_nitros_disparity_image_type/cmake/isaac_ros_nitros_disparity_image_typeConfig-version.cmake
[85.088s] -- Installing: /workspaces/isaac_ros-dev/install/isaac_ros_nitros_disparity_image_type/share/isaac_ros_nitros_disparity_image_type/package.xml
[85.093s] Invoked command in '/workspaces/isaac_ros-dev/build/isaac_ros_nitros_disparity_image_type' returned '0': AMENT_PREFIX_PATH=/workspaces/isaac_ros-dev/install/isaac_ros_nitros:/workspaces/isaac_ros-dev/install/isaac_ros_nitros_interfaces:/workspaces/isaac_ros-dev/install/isaac_ros_gxf:/workspaces/isaac_ros-dev/install/isaac_ros_test:/workspaces/isaac_ros-dev/install/isaac_ros_common:${AMENT_PREFIX_PATH} CMAKE_PREFIX_PATH=/workspaces/isaac_ros-dev/install/isaac_ros_nitros:/workspaces/isaac_ros-dev/install/isaac_ros_nitros_interfaces:/workspaces/isaac_ros-dev/install/isaac_ros_gxf:/workspaces/isaac_ros-dev/install/isaac_ros_common:${CMAKE_PREFIX_PATH} LD_LIBRARY_PATH=/workspaces/isaac_ros-dev/install/isaac_ros_nitros/lib:/workspaces/isaac_ros-dev/install/isaac_ros_nitros_interfaces/lib:/workspaces/isaac_ros-dev/install/isaac_ros_common/lib:${LD_LIBRARY_PATH} PYTHONPATH=/workspaces/isaac_ros-dev/install/isaac_ros_nitros_interfaces/lib/python3.8/site-packages:/workspaces/isaac_ros-dev/install/isaac_ros_test/lib/python3.8/site-packages:${PYTHONPATH} /usr/local/bin/cmake --install /workspaces/isaac_ros-dev/build/isaac_ros_nitros_disparity_image_type
