[0.132s] Invoking command in '/workspaces/isaac_ros-dev/build/isaac_ros_image_proc': AMENT_PREFIX_PATH=/workspaces/isaac_ros-dev/install/isaac_ros_nitros_image_type:/workspaces/isaac_ros-dev/install/isaac_ros_nitros_camera_info_type:/workspaces/isaac_ros-dev/install/isaac_ros_nitros:/workspaces/isaac_ros-dev/install/isaac_ros_nitros_interfaces:/workspaces/isaac_ros-dev/install/isaac_ros_gxf:/workspaces/isaac_ros-dev/install/isaac_ros_test:/workspaces/isaac_ros-dev/install/isaac_ros_common:${AMENT_PREFIX_PATH} CMAKE_PREFIX_PATH=/workspaces/isaac_ros-dev/install/isaac_ros_nitros_image_type:/workspaces/isaac_ros-dev/install/isaac_ros_nitros_camera_info_type:/workspaces/isaac_ros-dev/install/isaac_ros_nitros:/workspaces/isaac_ros-dev/install/isaac_ros_nitros_interfaces:/workspaces/isaac_ros-dev/install/isaac_ros_gxf:/workspaces/isaac_ros-dev/install/isaac_ros_common:${CMAKE_PREFIX_PATH} LD_LIBRARY_PATH=/workspaces/isaac_ros-dev/install/isaac_ros_nitros_image_type/lib:/workspaces/isaac_ros-dev/install/isaac_ros_nitros_camera_info_type/lib:/workspaces/isaac_ros-dev/install/isaac_ros_nitros/lib:/workspaces/isaac_ros-dev/install/isaac_ros_nitros_interfaces/lib:/workspaces/isaac_ros-dev/install/isaac_ros_common/lib:/opt/ros/humble/install/opt/rviz_ogre_vendor/lib:/opt/ros/humble/install/lib:/usr/lib/aarch64-linux-gnu/tegra/weston:/usr/lib/aarch64-linux-gnu/tegra-egl:/usr/local/cuda-11.4/targets/aarch64-linux/lib:/usr/lib/aarch64-linux-gnu/tegra:/opt/nvidia/vpi2/lib64:/usr/lib/aarch64-linux-gnu-host:/opt/tritonserver/lib PYTHONPATH=/workspaces/isaac_ros-dev/install/isaac_ros_nitros_interfaces/lib/python3.8/site-packages:/workspaces/isaac_ros-dev/install/isaac_ros_test/lib/python3.8/site-packages:${PYTHONPATH} /usr/bin/cmake /workspaces/isaac_ros-dev/src/isaac_ros_image_pipeline/isaac_ros_image_proc -DCMAKE_INSTALL_PREFIX=/workspaces/isaac_ros-dev/install/isaac_ros_image_proc
[0.318s] -- The C compiler identification is GNU 9.4.0
[0.486s] -- The CXX compiler identification is GNU 9.4.0
[0.509s] -- Detecting C compiler ABI info
[0.734s] -- Detecting C compiler ABI info - done
[0.753s] -- Check for working C compiler: /usr/bin/cc - skipped
[0.754s] -- Detecting C compile features
[0.756s] -- Detecting C compile features - done
[0.768s] -- Detecting CXX compiler ABI info
[1.008s] -- Detecting CXX compiler ABI info - done
[1.029s] -- Check for working CXX compiler: /usr/bin/c++ - skipped
[1.029s] -- Detecting CXX compile features
[1.032s] -- Detecting CXX compile features - done
[1.050s] -- Found ament_cmake_auto: 1.3.3 (/opt/ros/humble/install/share/ament_cmake_auto/cmake)
[3.384s] -- Found Python3: /usr/bin/python3.8 (found version "3.8.10") found components: Interpreter 
[3.860s] -- Loading isaac_ros_common extras
[3.860s] -- CMAKE_BUILD_TYPE: Release
[3.908s] -- Looking for pthread.h
[4.145s] -- Looking for pthread.h - found
[4.147s] -- Performing Test CMAKE_HAVE_LIBC_PTHREAD
[4.386s] -- Performing Test CMAKE_HAVE_LIBC_PTHREAD - Failed
[4.386s] -- Looking for pthread_create in pthreads
[4.573s] -- Looking for pthread_create in pthreads - not found
[4.574s] -- Looking for pthread_create in pthread
[4.801s] -- Looking for pthread_create in pthread - found
[4.805s] -- Found Threads: TRUE  
[4.873s] -- Found CUDA: /usr/local/cuda (found version "11.4") 
[4.876s] -- Loading isaac_ros_common extras (modules)
[5.019s] -- Found rosidl_generator_c: 3.1.4 (/opt/ros/humble/install/share/rosidl_generator_c/cmake)
[5.037s] -- Found rosidl_adapter: 3.1.4 (/opt/ros/humble/install/share/rosidl_adapter/cmake)
[5.067s] -- Found rosidl_generator_cpp: 3.1.4 (/opt/ros/humble/install/share/rosidl_generator_cpp/cmake)
[5.115s] -- Using all available rosidl_typesupport_c: rosidl_typesupport_fastrtps_c;rosidl_typesupport_introspection_c
[5.182s] -- Using all available rosidl_typesupport_cpp: rosidl_typesupport_fastrtps_cpp;rosidl_typesupport_introspection_cpp
[5.409s] -- Found rmw_implementation_cmake: 6.1.1 (/opt/ros/humble/install/share/rmw_implementation_cmake/cmake)
[5.419s] -- Found rmw_fastrtps_cpp: 6.2.2 (/opt/ros/humble/install/share/rmw_fastrtps_cpp/cmake)
[5.841s] -- Found OpenSSL: /usr/lib/aarch64-linux-gnu/libcrypto.so (found version "1.1.1f")  
[5.944s] -- Found FastRTPS: /opt/ros/humble/install/include  
[6.141s] -- Using RMW implementation 'rmw_fastrtps_cpp' as default
[7.041s] -- Loading isaac_ros_gxf extras
[15.756s] -- Performing Test FLAG_WEXTRA
[16.006s] -- Performing Test FLAG_WEXTRA - Success
[16.037s] -- Found atlas lib=/workspaces/isaac_ros-dev/install/isaac_ros_gxf/share/isaac_ros_gxf/gxf/lib/libgxf_atlas.so, include=/workspaces/isaac_ros-dev/install/isaac_ros_gxf/share/isaac_ros_gxf/gxf/include/gxf
[16.043s] -- Found cuda lib=/workspaces/isaac_ros-dev/install/isaac_ros_gxf/share/isaac_ros_gxf/gxf/lib/cuda/libgxf_cuda.so, include=/workspaces/isaac_ros-dev/install/isaac_ros_gxf/share/isaac_ros_gxf/gxf/include/gxf
[16.050s] -- Found isaac_messages lib=/workspaces/isaac_ros-dev/install/isaac_ros_gxf/share/isaac_ros_gxf/gxf/lib/libgxf_isaac_messages.so, include=/workspaces/isaac_ros-dev/install/isaac_ros_gxf/share/isaac_ros_gxf/gxf/include/gxf
[16.059s] -- Found isaac_ros_messages lib=/workspaces/isaac_ros-dev/install/isaac_ros_gxf/share/isaac_ros_gxf/gxf/lib/libgxf_isaac_ros_messages.so, include=/workspaces/isaac_ros-dev/install/isaac_ros_gxf/share/isaac_ros_gxf/gxf/include/gxf
[16.067s] -- Found multimedia lib=/workspaces/isaac_ros-dev/install/isaac_ros_gxf/share/isaac_ros_gxf/gxf/lib/multimedia/libgxf_multimedia.so, include=/workspaces/isaac_ros-dev/install/isaac_ros_gxf/share/isaac_ros_gxf/gxf/include/gxf
[16.080s] -- Found gxf_optimizer lib=/workspaces/isaac_ros-dev/install/isaac_ros_gxf/share/isaac_ros_gxf/gxf/lib/libgxf_optimizer.so, include=/workspaces/isaac_ros-dev/install/isaac_ros_gxf/share/isaac_ros_gxf/gxf/include/gxf
[16.089s] -- Found serialization lib=/workspaces/isaac_ros-dev/install/isaac_ros_gxf/share/isaac_ros_gxf/gxf/lib/serialization/libgxf_serialization.so, include=/workspaces/isaac_ros-dev/install/isaac_ros_gxf/share/isaac_ros_gxf/gxf/include/gxf
[16.097s] -- Found std lib=/workspaces/isaac_ros-dev/install/isaac_ros_gxf/share/isaac_ros_gxf/gxf/lib/std/libgxf_std.so, include=/workspaces/isaac_ros-dev/install/isaac_ros_gxf/share/isaac_ros_gxf/gxf/include/gxf
[16.105s] -- Found core lib=/workspaces/isaac_ros-dev/install/isaac_ros_gxf/share/isaac_ros_gxf/gxf/lib/core/libgxf_core.so, include=/workspaces/isaac_ros-dev/install/isaac_ros_gxf/share/isaac_ros_gxf/gxf/include/gxf
[16.111s] -- Found GXF:  (found suitable version "2.5.0", minimum required is "2.5.0") found components: multimedia 
[16.163s] -- Found CUDAToolkit: /usr/local/cuda/include (found version "11.4.315") 
[16.523s] -- Found atlas lib=/workspaces/isaac_ros-dev/install/isaac_ros_gxf/share/isaac_ros_gxf/gxf/lib/libgxf_atlas.so, include=/workspaces/isaac_ros-dev/install/isaac_ros_gxf/share/isaac_ros_gxf/gxf/include/gxf
[16.524s] -- Found cuda lib=/workspaces/isaac_ros-dev/install/isaac_ros_gxf/share/isaac_ros_gxf/gxf/lib/cuda/libgxf_cuda.so, include=/workspaces/isaac_ros-dev/install/isaac_ros_gxf/share/isaac_ros_gxf/gxf/include/gxf
[16.524s] -- Found isaac_messages lib=/workspaces/isaac_ros-dev/install/isaac_ros_gxf/share/isaac_ros_gxf/gxf/lib/libgxf_isaac_messages.so, include=/workspaces/isaac_ros-dev/install/isaac_ros_gxf/share/isaac_ros_gxf/gxf/include/gxf
[16.525s] -- Found isaac_ros_messages lib=/workspaces/isaac_ros-dev/install/isaac_ros_gxf/share/isaac_ros_gxf/gxf/lib/libgxf_isaac_ros_messages.so, include=/workspaces/isaac_ros-dev/install/isaac_ros_gxf/share/isaac_ros_gxf/gxf/include/gxf
[16.525s] -- Found multimedia lib=/workspaces/isaac_ros-dev/install/isaac_ros_gxf/share/isaac_ros_gxf/gxf/lib/multimedia/libgxf_multimedia.so, include=/workspaces/isaac_ros-dev/install/isaac_ros_gxf/share/isaac_ros_gxf/gxf/include/gxf
[16.525s] -- Found gxf_optimizer lib=/workspaces/isaac_ros-dev/install/isaac_ros_gxf/share/isaac_ros_gxf/gxf/lib/libgxf_optimizer.so, include=/workspaces/isaac_ros-dev/install/isaac_ros_gxf/share/isaac_ros_gxf/gxf/include/gxf
[16.526s] -- Found serialization lib=/workspaces/isaac_ros-dev/install/isaac_ros_gxf/share/isaac_ros_gxf/gxf/lib/serialization/libgxf_serialization.so, include=/workspaces/isaac_ros-dev/install/isaac_ros_gxf/share/isaac_ros_gxf/gxf/include/gxf
[16.526s] -- Found std lib=/workspaces/isaac_ros-dev/install/isaac_ros_gxf/share/isaac_ros_gxf/gxf/lib/std/libgxf_std.so, include=/workspaces/isaac_ros-dev/install/isaac_ros_gxf/share/isaac_ros_gxf/gxf/include/gxf
[16.527s] -- Found core lib=/workspaces/isaac_ros-dev/install/isaac_ros_gxf/share/isaac_ros_gxf/gxf/lib/core/libgxf_core.so, include=/workspaces/isaac_ros-dev/install/isaac_ros_gxf/share/isaac_ros_gxf/gxf/include/gxf
[16.532s] -- Found GXF:  (found suitable version "2.5.0", minimum required is "2.5.0") found components: cuda multimedia 
[16.540s] -- Found ament_lint_auto: 0.12.5 (/opt/ros/humble/install/share/ament_lint_auto/cmake)
[16.661s] -- Found launch_testing_ament_cmake: 1.0.4 (/opt/ros/humble/install/share/launch_testing_ament_cmake/cmake)
[16.668s] -- Found python_cmake_module: 0.10.0 (/opt/ros/humble/install/share/python_cmake_module/cmake)
[16.749s] -- Found PythonInterp: /usr/bin/python3 (found suitable version "3.8.10", minimum required is "3.6") 
[16.765s] -- Found PythonLibs: /usr/lib/aarch64-linux-gnu/libpython3.8.so (found suitable version "3.8.10", minimum required is "3.5") 
[16.766s] -- Using PYTHON_EXECUTABLE: /usr/bin/python3
[16.767s] -- Using PYTHON_INCLUDE_DIRS: /usr/include/python3.8
[16.768s] -- Using PYTHON_LIBRARIES: /usr/lib/aarch64-linux-gnu/libpython3.8.so
[16.850s] -- Found PythonExtra: .so  
[16.897s] -- Added test 'copyright' to check source files copyright and LICENSE
[16.930s] -- Added test 'cppcheck' to perform static code analysis on C / C++ code
[16.933s] -- Configured cppcheck include dirs: /workspaces/isaac_ros-dev/src/isaac_ros_image_pipeline/isaac_ros_image_proc/include
[16.934s] -- Configured cppcheck exclude dirs and/or files: 
[16.968s] -- Added test 'cpplint' to check C / C++ code against the Google style
[16.969s] -- Configured cpplint exclude dirs and/or files: 
[16.976s] -- Added test 'flake8' to check Python code syntax and style conventions
[16.987s] -- Added test 'lint_cmake' to check CMake code style
[16.994s] -- Added test 'pep257' to check Python code against some of the docstring style conventions in PEP 257
[17.026s] -- Added test 'uncrustify' to check C / C++ code style
[17.027s] -- Configured uncrustify additional arguments: 
[17.034s] -- Added test 'xmllint' to check XML markup files
[17.083s] -- Configuring done
[17.782s] -- Generating done
[17.830s] -- Build files have been written to: /workspaces/isaac_ros-dev/build/isaac_ros_image_proc
[17.887s] Invoked command in '/workspaces/isaac_ros-dev/build/isaac_ros_image_proc' returned '0': AMENT_PREFIX_PATH=/workspaces/isaac_ros-dev/install/isaac_ros_nitros_image_type:/workspaces/isaac_ros-dev/install/isaac_ros_nitros_camera_info_type:/workspaces/isaac_ros-dev/install/isaac_ros_nitros:/workspaces/isaac_ros-dev/install/isaac_ros_nitros_interfaces:/workspaces/isaac_ros-dev/install/isaac_ros_gxf:/workspaces/isaac_ros-dev/install/isaac_ros_test:/workspaces/isaac_ros-dev/install/isaac_ros_common:${AMENT_PREFIX_PATH} CMAKE_PREFIX_PATH=/workspaces/isaac_ros-dev/install/isaac_ros_nitros_image_type:/workspaces/isaac_ros-dev/install/isaac_ros_nitros_camera_info_type:/workspaces/isaac_ros-dev/install/isaac_ros_nitros:/workspaces/isaac_ros-dev/install/isaac_ros_nitros_interfaces:/workspaces/isaac_ros-dev/install/isaac_ros_gxf:/workspaces/isaac_ros-dev/install/isaac_ros_common:${CMAKE_PREFIX_PATH} LD_LIBRARY_PATH=/workspaces/isaac_ros-dev/install/isaac_ros_nitros_image_type/lib:/workspaces/isaac_ros-dev/install/isaac_ros_nitros_camera_info_type/lib:/workspaces/isaac_ros-dev/install/isaac_ros_nitros/lib:/workspaces/isaac_ros-dev/install/isaac_ros_nitros_interfaces/lib:/workspaces/isaac_ros-dev/install/isaac_ros_common/lib:/opt/ros/humble/install/opt/rviz_ogre_vendor/lib:/opt/ros/humble/install/lib:/usr/lib/aarch64-linux-gnu/tegra/weston:/usr/lib/aarch64-linux-gnu/tegra-egl:/usr/local/cuda-11.4/targets/aarch64-linux/lib:/usr/lib/aarch64-linux-gnu/tegra:/opt/nvidia/vpi2/lib64:/usr/lib/aarch64-linux-gnu-host:/opt/tritonserver/lib PYTHONPATH=/workspaces/isaac_ros-dev/install/isaac_ros_nitros_interfaces/lib/python3.8/site-packages:/workspaces/isaac_ros-dev/install/isaac_ros_test/lib/python3.8/site-packages:${PYTHONPATH} /usr/bin/cmake /workspaces/isaac_ros-dev/src/isaac_ros_image_pipeline/isaac_ros_image_proc -DCMAKE_INSTALL_PREFIX=/workspaces/isaac_ros-dev/install/isaac_ros_image_proc
[17.890s] Invoking command in '/workspaces/isaac_ros-dev/build/isaac_ros_image_proc': AMENT_PREFIX_PATH=/workspaces/isaac_ros-dev/install/isaac_ros_nitros_image_type:/workspaces/isaac_ros-dev/install/isaac_ros_nitros_camera_info_type:/workspaces/isaac_ros-dev/install/isaac_ros_nitros:/workspaces/isaac_ros-dev/install/isaac_ros_nitros_interfaces:/workspaces/isaac_ros-dev/install/isaac_ros_gxf:/workspaces/isaac_ros-dev/install/isaac_ros_test:/workspaces/isaac_ros-dev/install/isaac_ros_common:${AMENT_PREFIX_PATH} CMAKE_PREFIX_PATH=/workspaces/isaac_ros-dev/install/isaac_ros_nitros_image_type:/workspaces/isaac_ros-dev/install/isaac_ros_nitros_camera_info_type:/workspaces/isaac_ros-dev/install/isaac_ros_nitros:/workspaces/isaac_ros-dev/install/isaac_ros_nitros_interfaces:/workspaces/isaac_ros-dev/install/isaac_ros_gxf:/workspaces/isaac_ros-dev/install/isaac_ros_common:${CMAKE_PREFIX_PATH} LD_LIBRARY_PATH=/workspaces/isaac_ros-dev/install/isaac_ros_nitros_image_type/lib:/workspaces/isaac_ros-dev/install/isaac_ros_nitros_camera_info_type/lib:/workspaces/isaac_ros-dev/install/isaac_ros_nitros/lib:/workspaces/isaac_ros-dev/install/isaac_ros_nitros_interfaces/lib:/workspaces/isaac_ros-dev/install/isaac_ros_common/lib:/opt/ros/humble/install/opt/rviz_ogre_vendor/lib:/opt/ros/humble/install/lib:/usr/lib/aarch64-linux-gnu/tegra/weston:/usr/lib/aarch64-linux-gnu/tegra-egl:/usr/local/cuda-11.4/targets/aarch64-linux/lib:/usr/lib/aarch64-linux-gnu/tegra:/opt/nvidia/vpi2/lib64:/usr/lib/aarch64-linux-gnu-host:/opt/tritonserver/lib PYTHONPATH=/workspaces/isaac_ros-dev/install/isaac_ros_nitros_interfaces/lib/python3.8/site-packages:/workspaces/isaac_ros-dev/install/isaac_ros_test/lib/python3.8/site-packages:${PYTHONPATH} /usr/bin/cmake --build /workspaces/isaac_ros-dev/build/isaac_ros_image_proc -- -j4 -l4
[18.002s] [  1%] [32mBuilding CXX object CMakeFiles/image_format_converter_node.dir/src/image_format_converter_node.cpp.o[0m
[90.522s] [  2%] [32m[1mLinking CXX shared library libimage_format_converter_node.so[0m
[91.479s] [  2%] Built target image_format_converter_node
[91.519s] [  3%] [32mBuilding CXX object gxf/tensorops/CMakeFiles/cvcore.dir/cvcore/src/tensor_ops/ArithmeticOperations.cpp.o[0m
[93.924s] [  4%] [32mBuilding CXX object gxf/tensorops/CMakeFiles/cvcore.dir/cvcore/src/tensor_ops/BBoxUtils.cpp.o[0m
[95.262s] [  5%] [32mBuilding CXX object gxf/tensorops/CMakeFiles/cvcore.dir/cvcore/src/tensor_ops/ColorConversions.cpp.o[0m
[98.040s] [  6%] [32mBuilding CXX object gxf/tensorops/CMakeFiles/cvcore.dir/cvcore/src/tensor_ops/DBScan.cpp.o[0m
[99.767s] [  8%] [32mBuilding CXX object gxf/tensorops/CMakeFiles/cvcore.dir/cvcore/src/tensor_ops/Errors.cpp.o[0m
[100.755s] [  9%] [32mBuilding CXX object gxf/tensorops/CMakeFiles/cvcore.dir/cvcore/src/tensor_ops/Filters.cpp.o[0m
[102.621s] [ 10%] [32mBuilding CXX object gxf/tensorops/CMakeFiles/cvcore.dir/cvcore/src/tensor_ops/FusedOperations.cpp.o[0m
[105.098s] [ 11%] [32mBuilding CXX object gxf/tensorops/CMakeFiles/cvcore.dir/cvcore/src/tensor_ops/GeometryTransforms.cpp.o[0m
[108.310s] [ 12%] [32mBuilding CXX object gxf/tensorops/CMakeFiles/cvcore.dir/cvcore/src/tensor_ops/IImageWarp.cpp.o[0m
[109.126s] [ 13%] [32mBuilding CXX object gxf/tensorops/CMakeFiles/cvcore.dir/cvcore/src/tensor_ops/NppUtils.cpp.o[0m
[110.145s] [ 14%] [32mBuilding CXX object gxf/tensorops/CMakeFiles/cvcore.dir/cvcore/src/tensor_ops/OneEuroFilter.cpp.o[0m
[114.441s] [ 16%] [32mBuilding CXX object gxf/tensorops/CMakeFiles/cvcore.dir/cvcore/src/tensor_ops/TensorOperators.cpp.o[0m
[117.507s] [ 17%] [32mBuilding CXX object gxf/tensorops/CMakeFiles/cvcore.dir/cvcore/src/tensor_ops/vpi/VPIColorConvertImpl.cpp.o[0m
[120.635s] [ 18%] [32mBuilding CXX object gxf/tensorops/CMakeFiles/cvcore.dir/cvcore/src/tensor_ops/vpi/VPIRemapImpl.cpp.o[0m
[123.242s] [ 19%] [32mBuilding CXX object gxf/tensorops/CMakeFiles/cvcore.dir/cvcore/src/tensor_ops/vpi/VPIResizeImpl.cpp.o[0m
[126.032s] [ 20%] [32mBuilding CXX object gxf/tensorops/CMakeFiles/cvcore.dir/cvcore/src/tensor_ops/vpi/VPIStatusMapping.cpp.o[0m
[126.891s] [ 21%] [32mBuilding CXX object gxf/tensorops/CMakeFiles/cvcore.dir/cvcore/src/tensor_ops/vpi/VPIStereoDisparityEstimatorImpl.cpp.o[0m
[129.593s] [ 22%] [32mBuilding CXX object gxf/tensorops/CMakeFiles/cvcore.dir/cvcore/src/tensor_ops/vpi/VPITensorOperators.cpp.o[0m
[133.294s] [ 24%] [32mBuilding CXX object gxf/tensorops/CMakeFiles/cvcore.dir/cvcore/src/core/cvcore/Array.cpp.o[0m
[134.117s] [ 25%] [32mBuilding CXX object gxf/tensorops/CMakeFiles/cvcore.dir/cvcore/src/core/cvcore/MathTypes.cpp.o[0m
[135.868s] [ 26%] [32mBuilding CXX object gxf/tensorops/CMakeFiles/cvcore.dir/cvcore/src/core/cvcore/Tensor.cpp.o[0m
[137.371s] [ 27%] [32mBuilding CXX object gxf/tensorops/CMakeFiles/cvcore.dir/cvcore/src/core/utility/CVError.cpp.o[0m
[138.374s] [ 28%] [32mBuilding CXX object gxf/tensorops/CMakeFiles/cvcore.dir/cvcore/src/core/utility/Instrumentation.cpp.o[0m
[139.307s] [ 29%] [32mBuilding CXX object gxf/tensorops/CMakeFiles/cvcore.dir/cvcore/src/core/utility/Memory.cpp.o[0m
[140.190s] [ 31%] [32mBuilding CXX object gxf/tensorops/CMakeFiles/cvcore.dir/cvcore/src/core/utility/ProfileUtils.cpp.o[0m
[152.420s] [ 32%] [32m[1mLinking CXX static library libcvcore.a[0m
[152.559s] [ 32%] Built target cvcore
[152.599s] [ 33%] [32mBuilding CXX object CMakeFiles/rectify_node.dir/src/rectify_node.cpp.o[0m
[248.351s] [ 34%] [32m[1mLinking CXX shared library librectify_node.so[0m
[249.571s] [ 34%] Built target rectify_node
[249.611s] [ 35%] [32mBuilding CXX object _deps/yaml-cpp-build/CMakeFiles/yaml-cpp.dir/src/binary.cpp.o[0m
[250.425s] [ 36%] [32mBuilding CXX object _deps/yaml-cpp-build/CMakeFiles/yaml-cpp.dir/src/directives.cpp.o[0m
[251.212s] [ 37%] [32mBuilding CXX object _deps/yaml-cpp-build/CMakeFiles/yaml-cpp.dir/src/emit.cpp.o[0m
[252.821s] [ 39%] [32mBuilding CXX object _deps/yaml-cpp-build/CMakeFiles/yaml-cpp.dir/src/emitfromevents.cpp.o[0m
[254.778s] [ 40%] [32mBuilding CXX object _deps/yaml-cpp-build/CMakeFiles/yaml-cpp.dir/src/emitter.cpp.o[0m
[257.421s] [ 41%] [32mBuilding CXX object _deps/yaml-cpp-build/CMakeFiles/yaml-cpp.dir/src/emitterstate.cpp.o[0m
[259.953s] [ 42%] [32mBuilding CXX object _deps/yaml-cpp-build/CMakeFiles/yaml-cpp.dir/src/emitterutils.cpp.o[0m
[268.377s] [ 43%] [32mBuilding CXX object _deps/yaml-cpp-build/CMakeFiles/yaml-cpp.dir/src/exceptions.cpp.o[0m
[269.369s] [ 44%] [32mBuilding CXX object _deps/yaml-cpp-build/CMakeFiles/yaml-cpp.dir/src/exp.cpp.o[0m
[270.988s] [ 45%] [32mBuilding CXX object _deps/yaml-cpp-build/CMakeFiles/yaml-cpp.dir/src/memory.cpp.o[0m
[272.824s] [ 47%] [32mBuilding CXX object _deps/yaml-cpp-build/CMakeFiles/yaml-cpp.dir/src/node.cpp.o[0m
[273.824s] [ 48%] [32mBuilding CXX object _deps/yaml-cpp-build/CMakeFiles/yaml-cpp.dir/src/node_data.cpp.o[0m
[276.372s] [ 49%] [32mBuilding CXX object _deps/yaml-cpp-build/CMakeFiles/yaml-cpp.dir/src/nodebuilder.cpp.o[0m
[278.866s] [ 50%] [32mBuilding CXX object _deps/yaml-cpp-build/CMakeFiles/yaml-cpp.dir/src/nodeevents.cpp.o[0m
[280.952s] [ 51%] [32mBuilding CXX object _deps/yaml-cpp-build/CMakeFiles/yaml-cpp.dir/src/null.cpp.o[0m
[281.469s] [ 52%] [32mBuilding CXX object _deps/yaml-cpp-build/CMakeFiles/yaml-cpp.dir/src/ostream_wrapper.cpp.o[0m
[282.591s] [ 54%] [32mBuilding CXX object _deps/yaml-cpp-build/CMakeFiles/yaml-cpp.dir/src/parse.cpp.o[0m
[285.133s] [ 55%] [32mBuilding CXX object _deps/yaml-cpp-build/CMakeFiles/yaml-cpp.dir/src/parser.cpp.o[0m
[287.551s] [ 56%] [32mBuilding CXX object _deps/yaml-cpp-build/CMakeFiles/yaml-cpp.dir/src/regex_yaml.cpp.o[0m
[288.972s] [ 57%] [32mBuilding CXX object _deps/yaml-cpp-build/CMakeFiles/yaml-cpp.dir/src/scanner.cpp.o[0m
[293.061s] [ 58%] [32mBuilding CXX object _deps/yaml-cpp-build/CMakeFiles/yaml-cpp.dir/src/scanscalar.cpp.o[0m
[295.876s] [ 59%] [32mBuilding CXX object _deps/yaml-cpp-build/CMakeFiles/yaml-cpp.dir/src/scantag.cpp.o[0m
[298.114s] [ 60%] [32mBuilding CXX object _deps/yaml-cpp-build/CMakeFiles/yaml-cpp.dir/src/scantoken.cpp.o[0m
[304.103s] [ 62%] [32mBuilding CXX object _deps/yaml-cpp-build/CMakeFiles/yaml-cpp.dir/src/simplekey.cpp.o[0m
[305.854s] [ 63%] [32mBuilding CXX object _deps/yaml-cpp-build/CMakeFiles/yaml-cpp.dir/src/singledocparser.cpp.o[0m
[309.059s] [ 64%] [32mBuilding CXX object _deps/yaml-cpp-build/CMakeFiles/yaml-cpp.dir/src/stream.cpp.o[0m
[310.509s] [ 65%] [32mBuilding CXX object _deps/yaml-cpp-build/CMakeFiles/yaml-cpp.dir/src/tag.cpp.o[0m
[311.717s] [ 66%] [32mBuilding CXX object _deps/yaml-cpp-build/CMakeFiles/yaml-cpp.dir/src/contrib/graphbuilder.cpp.o[0m
[312.922s] [ 67%] [32mBuilding CXX object _deps/yaml-cpp-build/CMakeFiles/yaml-cpp.dir/src/contrib/graphbuilderadapter.cpp.o[0m
[314.163s] [ 68%] [32mBuilding CXX object _deps/yaml-cpp-build/CMakeFiles/yaml-cpp.dir/src/convert.cpp.o[0m
[316.386s] [ 70%] [32m[1mLinking CXX static library libyaml-cpp.a[0m
[316.528s] [ 70%] Built target yaml-cpp
[316.569s] [ 71%] [32mBuilding CXX object CMakeFiles/resize_node.dir/src/resize_node.cpp.o[0m
[412.847s] [ 72%] [32m[1mLinking CXX shared library libresize_node.so[0m
[414.430s] [ 72%] Built target resize_node
[414.472s] [ 73%] [32mBuilding CXX object gxf/tensorops/CMakeFiles/gxf_tensorops.dir/CameraModel.cpp.o[0m
[425.464s] [ 74%] [32mBuilding CXX object gxf/tensorops/CMakeFiles/gxf_tensorops.dir/ConvertColorFormat.cpp.o[0m
[445.861s] [ 75%] [32mBuilding CXX object gxf/tensorops/CMakeFiles/gxf_tensorops.dir/CropAndResize.cpp.o[0m
[465.458s] [ 77%] [32mBuilding CXX object gxf/tensorops/CMakeFiles/gxf_tensorops.dir/Frame3D.cpp.o[0m
[474.209s] [ 78%] [32mBuilding CXX object gxf/tensorops/CMakeFiles/gxf_tensorops.dir/ImageAdapter.cpp.o[0m
[482.727s] [ 79%] [32mBuilding CXX object gxf/tensorops/CMakeFiles/gxf_tensorops.dir/ImageUtils.cpp.o[0m
[485.444s] [ 80%] [32mBuilding CXX object gxf/tensorops/CMakeFiles/gxf_tensorops.dir/InterleavedToPlanar.cpp.o[0m
[502.116s] [ 81%] [32mBuilding CXX object gxf/tensorops/CMakeFiles/gxf_tensorops.dir/Normalize.cpp.o[0m
[520.966s] [ 82%] [32mBuilding CXX object gxf/tensorops/CMakeFiles/gxf_tensorops.dir/Reshape.cpp.o[0m
[535.001s] [ 83%] [32mBuilding CXX object gxf/tensorops/CMakeFiles/gxf_tensorops.dir/Resize.cpp.o[0m
[556.825s] [ 85%] [32mBuilding CXX object gxf/tensorops/CMakeFiles/gxf_tensorops.dir/TensorOperator.cpp.o[0m
[563.193s] [ 86%] [32mBuilding CXX object gxf/tensorops/CMakeFiles/gxf_tensorops.dir/TensorOps.cpp.o[0m
[574.947s] [ 87%] [32mBuilding CXX object gxf/tensorops/CMakeFiles/gxf_tensorops.dir/TensorStream.cpp.o[0m
[581.598s] [ 88%] [32mBuilding CXX object gxf/tensorops/CMakeFiles/gxf_tensorops.dir/Undistort.cpp.o[0m
[603.100s] [ 89%] [32mBuilding CXX object gxf/tensorops/CMakeFiles/gxf_tensorops.dir/detail/ImageAdapterTensorImpl.cpp.o[0m
[607.540s] [ 90%] [32mBuilding CXX object gxf/tensorops/CMakeFiles/gxf_tensorops.dir/detail/ImageAdapterVideoBufferImpl.cpp.o[0m
[612.102s] [ 91%] [32m[1mLinking CXX shared library libgxf_tensorops.so[0m
[612.829s] [ 91%] Built target gxf_tensorops
[612.870s] [ 93%] [32mBuilding CXX object CMakeFiles/flip_node.dir/src/image_flip_node.cpp.o[0m
[683.265s] [ 94%] [32m[1mLinking CXX shared library libflip_node.so[0m
[684.256s] [ 94%] Built target flip_node
[684.290s] [ 95%] [32mBuilding CXX object gxf/image_flip/CMakeFiles/gxf_image_flip.dir/image_flip_extension.cpp.o[0m
[689.465s] [ 96%] [32mBuilding CXX object gxf/image_flip/CMakeFiles/gxf_image_flip.dir/image_flip.cpp.o[0m
[701.171s] [ 97%] [32m[1mLinking CXX shared library libgxf_image_flip.so[0m
[701.353s] [ 97%] Built target gxf_image_flip
[701.388s] [ 98%] [32mBuilding CXX object CMakeFiles/isaac_ros_image_proc.dir/src/image_proc_main.cpp.o[0m
[718.367s] [100%] [32m[1mLinking CXX executable isaac_ros_image_proc[0m
[719.200s] [100%] Built target isaac_ros_image_proc
[719.220s] Invoked command in '/workspaces/isaac_ros-dev/build/isaac_ros_image_proc' returned '0': AMENT_PREFIX_PATH=/workspaces/isaac_ros-dev/install/isaac_ros_nitros_image_type:/workspaces/isaac_ros-dev/install/isaac_ros_nitros_camera_info_type:/workspaces/isaac_ros-dev/install/isaac_ros_nitros:/workspaces/isaac_ros-dev/install/isaac_ros_nitros_interfaces:/workspaces/isaac_ros-dev/install/isaac_ros_gxf:/workspaces/isaac_ros-dev/install/isaac_ros_test:/workspaces/isaac_ros-dev/install/isaac_ros_common:${AMENT_PREFIX_PATH} CMAKE_PREFIX_PATH=/workspaces/isaac_ros-dev/install/isaac_ros_nitros_image_type:/workspaces/isaac_ros-dev/install/isaac_ros_nitros_camera_info_type:/workspaces/isaac_ros-dev/install/isaac_ros_nitros:/workspaces/isaac_ros-dev/install/isaac_ros_nitros_interfaces:/workspaces/isaac_ros-dev/install/isaac_ros_gxf:/workspaces/isaac_ros-dev/install/isaac_ros_common:${CMAKE_PREFIX_PATH} LD_LIBRARY_PATH=/workspaces/isaac_ros-dev/install/isaac_ros_nitros_image_type/lib:/workspaces/isaac_ros-dev/install/isaac_ros_nitros_camera_info_type/lib:/workspaces/isaac_ros-dev/install/isaac_ros_nitros/lib:/workspaces/isaac_ros-dev/install/isaac_ros_nitros_interfaces/lib:/workspaces/isaac_ros-dev/install/isaac_ros_common/lib:/opt/ros/humble/install/opt/rviz_ogre_vendor/lib:/opt/ros/humble/install/lib:/usr/lib/aarch64-linux-gnu/tegra/weston:/usr/lib/aarch64-linux-gnu/tegra-egl:/usr/local/cuda-11.4/targets/aarch64-linux/lib:/usr/lib/aarch64-linux-gnu/tegra:/opt/nvidia/vpi2/lib64:/usr/lib/aarch64-linux-gnu-host:/opt/tritonserver/lib PYTHONPATH=/workspaces/isaac_ros-dev/install/isaac_ros_nitros_interfaces/lib/python3.8/site-packages:/workspaces/isaac_ros-dev/install/isaac_ros_test/lib/python3.8/site-packages:${PYTHONPATH} /usr/bin/cmake --build /workspaces/isaac_ros-dev/build/isaac_ros_image_proc -- -j4 -l4
[719.350s] Invoking command in '/workspaces/isaac_ros-dev/build/isaac_ros_image_proc': AMENT_PREFIX_PATH=/workspaces/isaac_ros-dev/install/isaac_ros_nitros_image_type:/workspaces/isaac_ros-dev/install/isaac_ros_nitros_camera_info_type:/workspaces/isaac_ros-dev/install/isaac_ros_nitros:/workspaces/isaac_ros-dev/install/isaac_ros_nitros_interfaces:/workspaces/isaac_ros-dev/install/isaac_ros_gxf:/workspaces/isaac_ros-dev/install/isaac_ros_test:/workspaces/isaac_ros-dev/install/isaac_ros_common:${AMENT_PREFIX_PATH} CMAKE_PREFIX_PATH=/workspaces/isaac_ros-dev/install/isaac_ros_nitros_image_type:/workspaces/isaac_ros-dev/install/isaac_ros_nitros_camera_info_type:/workspaces/isaac_ros-dev/install/isaac_ros_nitros:/workspaces/isaac_ros-dev/install/isaac_ros_nitros_interfaces:/workspaces/isaac_ros-dev/install/isaac_ros_gxf:/workspaces/isaac_ros-dev/install/isaac_ros_common:${CMAKE_PREFIX_PATH} LD_LIBRARY_PATH=/workspaces/isaac_ros-dev/install/isaac_ros_nitros_image_type/lib:/workspaces/isaac_ros-dev/install/isaac_ros_nitros_camera_info_type/lib:/workspaces/isaac_ros-dev/install/isaac_ros_nitros/lib:/workspaces/isaac_ros-dev/install/isaac_ros_nitros_interfaces/lib:/workspaces/isaac_ros-dev/install/isaac_ros_common/lib:/opt/ros/humble/install/opt/rviz_ogre_vendor/lib:/opt/ros/humble/install/lib:/usr/lib/aarch64-linux-gnu/tegra/weston:/usr/lib/aarch64-linux-gnu/tegra-egl:/usr/local/cuda-11.4/targets/aarch64-linux/lib:/usr/lib/aarch64-linux-gnu/tegra:/opt/nvidia/vpi2/lib64:/usr/lib/aarch64-linux-gnu-host:/opt/tritonserver/lib PYTHONPATH=/workspaces/isaac_ros-dev/install/isaac_ros_nitros_interfaces/lib/python3.8/site-packages:/workspaces/isaac_ros-dev/install/isaac_ros_test/lib/python3.8/site-packages:${PYTHONPATH} /usr/bin/cmake --install /workspaces/isaac_ros-dev/build/isaac_ros_image_proc
[719.363s] -- Install configuration: "Release"
[719.364s] -- Installing: /workspaces/isaac_ros-dev/install/isaac_ros_image_proc/lib/libyaml-cpp.a
[719.367s] -- Installing: /workspaces/isaac_ros-dev/install/isaac_ros_image_proc/include/yaml-cpp
[719.367s] -- Installing: /workspaces/isaac_ros-dev/install/isaac_ros_image_proc/include/yaml-cpp/exceptions.h
[719.367s] -- Installing: /workspaces/isaac_ros-dev/install/isaac_ros_image_proc/include/yaml-cpp/ostream_wrapper.h
[719.368s] -- Installing: /workspaces/isaac_ros-dev/install/isaac_ros_image_proc/include/yaml-cpp/emitterstyle.h
[719.368s] -- Installing: /workspaces/isaac_ros-dev/install/isaac_ros_image_proc/include/yaml-cpp/yaml.h
[719.368s] -- Installing: /workspaces/isaac_ros-dev/install/isaac_ros_image_proc/include/yaml-cpp/binary.h
[719.369s] -- Installing: /workspaces/isaac_ros-dev/install/isaac_ros_image_proc/include/yaml-cpp/emitfromevents.h
[719.369s] -- Installing: /workspaces/isaac_ros-dev/install/isaac_ros_image_proc/include/yaml-cpp/dll.h
[719.369s] -- Installing: /workspaces/isaac_ros-dev/install/isaac_ros_image_proc/include/yaml-cpp/traits.h
[719.370s] -- Installing: /workspaces/isaac_ros-dev/install/isaac_ros_image_proc/include/yaml-cpp/contrib
[719.370s] -- Installing: /workspaces/isaac_ros-dev/install/isaac_ros_image_proc/include/yaml-cpp/contrib/anchordict.h
[719.370s] -- Installing: /workspaces/isaac_ros-dev/install/isaac_ros_image_proc/include/yaml-cpp/contrib/graphbuilder.h
[719.370s] -- Installing: /workspaces/isaac_ros-dev/install/isaac_ros_image_proc/include/yaml-cpp/emitter.h
[719.371s] -- Installing: /workspaces/isaac_ros-dev/install/isaac_ros_image_proc/include/yaml-cpp/stlemitter.h
[719.371s] -- Installing: /workspaces/isaac_ros-dev/install/isaac_ros_image_proc/include/yaml-cpp/eventhandler.h
[719.372s] -- Installing: /workspaces/isaac_ros-dev/install/isaac_ros_image_proc/include/yaml-cpp/emittermanip.h
[719.372s] -- Installing: /workspaces/isaac_ros-dev/install/isaac_ros_image_proc/include/yaml-cpp/anchor.h
[719.372s] -- Installing: /workspaces/isaac_ros-dev/install/isaac_ros_image_proc/include/yaml-cpp/parser.h
[719.372s] -- Installing: /workspaces/isaac_ros-dev/install/isaac_ros_image_proc/include/yaml-cpp/emitterdef.h
[719.373s] -- Installing: /workspaces/isaac_ros-dev/install/isaac_ros_image_proc/include/yaml-cpp/node
[719.373s] -- Installing: /workspaces/isaac_ros-dev/install/isaac_ros_image_proc/include/yaml-cpp/node/emit.h
[719.373s] -- Installing: /workspaces/isaac_ros-dev/install/isaac_ros_image_proc/include/yaml-cpp/node/impl.h
[719.374s] -- Installing: /workspaces/isaac_ros-dev/install/isaac_ros_image_proc/include/yaml-cpp/node/convert.h
[719.374s] -- Installing: /workspaces/isaac_ros-dev/install/isaac_ros_image_proc/include/yaml-cpp/node/iterator.h
[719.374s] -- Installing: /workspaces/isaac_ros-dev/install/isaac_ros_image_proc/include/yaml-cpp/node/parse.h
[719.375s] -- Installing: /workspaces/isaac_ros-dev/install/isaac_ros_image_proc/include/yaml-cpp/node/detail
[719.375s] -- Installing: /workspaces/isaac_ros-dev/install/isaac_ros_image_proc/include/yaml-cpp/node/detail/impl.h
[719.375s] -- Installing: /workspaces/isaac_ros-dev/install/isaac_ros_image_proc/include/yaml-cpp/node/detail/node_ref.h
[719.376s] -- Installing: /workspaces/isaac_ros-dev/install/isaac_ros_image_proc/include/yaml-cpp/node/detail/iterator.h
[719.376s] -- Installing: /workspaces/isaac_ros-dev/install/isaac_ros_image_proc/include/yaml-cpp/node/detail/node_iterator.h
[719.376s] -- Installing: /workspaces/isaac_ros-dev/install/isaac_ros_image_proc/include/yaml-cpp/node/detail/memory.h
[719.377s] -- Installing: /workspaces/isaac_ros-dev/install/isaac_ros_image_proc/include/yaml-cpp/node/detail/iterator_fwd.h
[719.377s] -- Installing: /workspaces/isaac_ros-dev/install/isaac_ros_image_proc/include/yaml-cpp/node/detail/node_data.h
[719.377s] -- Installing: /workspaces/isaac_ros-dev/install/isaac_ros_image_proc/include/yaml-cpp/node/detail/bool_type.h
[719.378s] -- Installing: /workspaces/isaac_ros-dev/install/isaac_ros_image_proc/include/yaml-cpp/node/detail/node.h
[719.378s] -- Installing: /workspaces/isaac_ros-dev/install/isaac_ros_image_proc/include/yaml-cpp/node/node.h
[719.378s] -- Installing: /workspaces/isaac_ros-dev/install/isaac_ros_image_proc/include/yaml-cpp/node/ptr.h
[719.379s] -- Installing: /workspaces/isaac_ros-dev/install/isaac_ros_image_proc/include/yaml-cpp/node/type.h
[719.379s] -- Installing: /workspaces/isaac_ros-dev/install/isaac_ros_image_proc/include/yaml-cpp/null.h
[719.380s] -- Installing: /workspaces/isaac_ros-dev/install/isaac_ros_image_proc/include/yaml-cpp/mark.h
[719.380s] -- Installing: /workspaces/isaac_ros-dev/install/isaac_ros_image_proc/lib/cmake/yaml-cpp/yaml-cpp-config.cmake
[719.380s] -- Installing: /workspaces/isaac_ros-dev/install/isaac_ros_image_proc/lib/cmake/yaml-cpp/yaml-cpp-config-version.cmake
[719.381s] -- Installing: /workspaces/isaac_ros-dev/install/isaac_ros_image_proc/lib/cmake/yaml-cpp/yaml-cpp-targets.cmake
[719.381s] -- Installing: /workspaces/isaac_ros-dev/install/isaac_ros_image_proc/lib/cmake/yaml-cpp/yaml-cpp-targets-release.cmake
[719.382s] -- Installing: /workspaces/isaac_ros-dev/install/isaac_ros_image_proc/lib/pkgconfig/yaml-cpp.pc
[719.383s] -- Installing: /workspaces/isaac_ros-dev/install/isaac_ros_image_proc/share/isaac_ros_image_proc/gxf/lib/image_proc/libgxf_image_flip.so
[719.384s] -- Set runtime path of "/workspaces/isaac_ros-dev/install/isaac_ros_image_proc/share/isaac_ros_image_proc/gxf/lib/image_proc/libgxf_image_flip.so" to ""
[719.385s] -- Installing: /workspaces/isaac_ros-dev/install/isaac_ros_image_proc/share/isaac_ros_image_proc/gxf/lib/image_proc/libgxf_tensorops.so
[719.389s] -- Set runtime path of "/workspaces/isaac_ros-dev/install/isaac_ros_image_proc/share/isaac_ros_image_proc/gxf/lib/image_proc/libgxf_tensorops.so" to ""
[719.389s] -- Up-to-date: /workspaces/isaac_ros-dev/install/isaac_ros_image_proc/include
[719.389s] -- Installing: /workspaces/isaac_ros-dev/install/isaac_ros_image_proc/include/isaac_ros_image_proc
[719.390s] -- Installing: /workspaces/isaac_ros-dev/install/isaac_ros_image_proc/include/isaac_ros_image_proc/image_flip_node.hpp
[719.390s] -- Installing: /workspaces/isaac_ros-dev/install/isaac_ros_image_proc/include/isaac_ros_image_proc/rectify_node.hpp
[719.390s] -- Installing: /workspaces/isaac_ros-dev/install/isaac_ros_image_proc/include/isaac_ros_image_proc/image_format_converter_node.hpp
[719.390s] -- Installing: /workspaces/isaac_ros-dev/install/isaac_ros_image_proc/include/isaac_ros_image_proc/resize_node.hpp
[719.391s] -- Installing: /workspaces/isaac_ros-dev/install/isaac_ros_image_proc/share/isaac_ros_image_proc/environment/library_path.sh
[719.391s] -- Installing: /workspaces/isaac_ros-dev/install/isaac_ros_image_proc/share/isaac_ros_image_proc/environment/library_path.dsv
[719.392s] -- Installing: /workspaces/isaac_ros-dev/install/isaac_ros_image_proc/lib/libimage_format_converter_node.so
[719.397s] -- Installing: /workspaces/isaac_ros-dev/install/isaac_ros_image_proc/lib/librectify_node.so
[719.405s] -- Installing: /workspaces/isaac_ros-dev/install/isaac_ros_image_proc/lib/libresize_node.so
[719.412s] -- Installing: /workspaces/isaac_ros-dev/install/isaac_ros_image_proc/lib/libflip_node.so
[719.418s] -- Set runtime path of "/workspaces/isaac_ros-dev/install/isaac_ros_image_proc/lib/libflip_node.so" to ""
[719.418s] -- Installing: /workspaces/isaac_ros-dev/install/isaac_ros_image_proc/lib/isaac_ros_image_proc/isaac_ros_image_proc
[719.419s] -- Set runtime path of "/workspaces/isaac_ros-dev/install/isaac_ros_image_proc/lib/isaac_ros_image_proc/isaac_ros_image_proc" to ""
[719.420s] -- Installing: /workspaces/isaac_ros-dev/install/isaac_ros_image_proc/share/isaac_ros_image_proc/launch
[719.420s] -- Installing: /workspaces/isaac_ros-dev/install/isaac_ros_image_proc/share/isaac_ros_image_proc/launch/isaac_ros_image_flip.launch.py
[719.420s] -- Installing: /workspaces/isaac_ros-dev/install/isaac_ros_image_proc/share/isaac_ros_image_proc/config
[719.420s] -- Installing: /workspaces/isaac_ros-dev/install/isaac_ros_image_proc/share/isaac_ros_image_proc/config/nitros_image_flip_node.yaml
[719.421s] -- Installing: /workspaces/isaac_ros-dev/install/isaac_ros_image_proc/share/isaac_ros_image_proc/config/namespace_injector_rule_image_format_converter.yaml
[719.421s] -- Installing: /workspaces/isaac_ros-dev/install/isaac_ros_image_proc/share/isaac_ros_image_proc/config/nitros_rectify_node.yaml
[719.421s] -- Installing: /workspaces/isaac_ros-dev/install/isaac_ros_image_proc/share/isaac_ros_image_proc/config/nitros_resize_node.yaml
[719.422s] -- Installing: /workspaces/isaac_ros-dev/install/isaac_ros_image_proc/share/isaac_ros_image_proc/config/namespace_injector_rule_resize.yaml
[719.422s] -- Installing: /workspaces/isaac_ros-dev/install/isaac_ros_image_proc/share/isaac_ros_image_proc/config/namespace_injector_rule_rectify.yaml
[719.422s] -- Installing: /workspaces/isaac_ros-dev/install/isaac_ros_image_proc/share/isaac_ros_image_proc/config/image_format_converter_substitution.yaml
[719.423s] -- Installing: /workspaces/isaac_ros-dev/install/isaac_ros_image_proc/share/isaac_ros_image_proc/config/nitros_image_format_converter_node.yaml
[719.423s] -- Installing: /workspaces/isaac_ros-dev/install/isaac_ros_image_proc/share/ament_index/resource_index/package_run_dependencies/isaac_ros_image_proc
[719.424s] -- Installing: /workspaces/isaac_ros-dev/install/isaac_ros_image_proc/share/ament_index/resource_index/parent_prefix_path/isaac_ros_image_proc
[719.424s] -- Installing: /workspaces/isaac_ros-dev/install/isaac_ros_image_proc/share/isaac_ros_image_proc/environment/ament_prefix_path.sh
[719.425s] -- Installing: /workspaces/isaac_ros-dev/install/isaac_ros_image_proc/share/isaac_ros_image_proc/environment/ament_prefix_path.dsv
[719.425s] -- Installing: /workspaces/isaac_ros-dev/install/isaac_ros_image_proc/share/isaac_ros_image_proc/environment/path.sh
[719.426s] -- Installing: /workspaces/isaac_ros-dev/install/isaac_ros_image_proc/share/isaac_ros_image_proc/environment/path.dsv
[719.426s] -- Installing: /workspaces/isaac_ros-dev/install/isaac_ros_image_proc/share/isaac_ros_image_proc/local_setup.bash
[719.427s] -- Installing: /workspaces/isaac_ros-dev/install/isaac_ros_image_proc/share/isaac_ros_image_proc/local_setup.sh
[719.427s] -- Installing: /workspaces/isaac_ros-dev/install/isaac_ros_image_proc/share/isaac_ros_image_proc/local_setup.zsh
[719.427s] -- Installing: /workspaces/isaac_ros-dev/install/isaac_ros_image_proc/share/isaac_ros_image_proc/local_setup.dsv
[719.428s] -- Installing: /workspaces/isaac_ros-dev/install/isaac_ros_image_proc/share/isaac_ros_image_proc/package.dsv
[719.428s] -- Installing: /workspaces/isaac_ros-dev/install/isaac_ros_image_proc/share/ament_index/resource_index/packages/isaac_ros_image_proc
[719.429s] -- Installing: /workspaces/isaac_ros-dev/install/isaac_ros_image_proc/share/ament_index/resource_index/rclcpp_components/isaac_ros_image_proc
[719.429s] -- Installing: /workspaces/isaac_ros-dev/install/isaac_ros_image_proc/share/isaac_ros_image_proc/cmake/ament_cmake_export_dependencies-extras.cmake
[719.430s] -- Installing: /workspaces/isaac_ros-dev/install/isaac_ros_image_proc/share/isaac_ros_image_proc/cmake/ament_cmake_export_include_directories-extras.cmake
[719.430s] -- Installing: /workspaces/isaac_ros-dev/install/isaac_ros_image_proc/share/isaac_ros_image_proc/cmake/ament_cmake_export_libraries-extras.cmake
[719.431s] -- Installing: /workspaces/isaac_ros-dev/install/isaac_ros_image_proc/share/isaac_ros_image_proc/cmake/isaac_ros_image_procConfig.cmake
[719.431s] -- Installing: /workspaces/isaac_ros-dev/install/isaac_ros_image_proc/share/isaac_ros_image_proc/cmake/isaac_ros_image_procConfig-version.cmake
[719.431s] -- Installing: /workspaces/isaac_ros-dev/install/isaac_ros_image_proc/share/isaac_ros_image_proc/package.xml
[719.446s] Invoked command in '/workspaces/isaac_ros-dev/build/isaac_ros_image_proc' returned '0': AMENT_PREFIX_PATH=/workspaces/isaac_ros-dev/install/isaac_ros_nitros_image_type:/workspaces/isaac_ros-dev/install/isaac_ros_nitros_camera_info_type:/workspaces/isaac_ros-dev/install/isaac_ros_nitros:/workspaces/isaac_ros-dev/install/isaac_ros_nitros_interfaces:/workspaces/isaac_ros-dev/install/isaac_ros_gxf:/workspaces/isaac_ros-dev/install/isaac_ros_test:/workspaces/isaac_ros-dev/install/isaac_ros_common:${AMENT_PREFIX_PATH} CMAKE_PREFIX_PATH=/workspaces/isaac_ros-dev/install/isaac_ros_nitros_image_type:/workspaces/isaac_ros-dev/install/isaac_ros_nitros_camera_info_type:/workspaces/isaac_ros-dev/install/isaac_ros_nitros:/workspaces/isaac_ros-dev/install/isaac_ros_nitros_interfaces:/workspaces/isaac_ros-dev/install/isaac_ros_gxf:/workspaces/isaac_ros-dev/install/isaac_ros_common:${CMAKE_PREFIX_PATH} LD_LIBRARY_PATH=/workspaces/isaac_ros-dev/install/isaac_ros_nitros_image_type/lib:/workspaces/isaac_ros-dev/install/isaac_ros_nitros_camera_info_type/lib:/workspaces/isaac_ros-dev/install/isaac_ros_nitros/lib:/workspaces/isaac_ros-dev/install/isaac_ros_nitros_interfaces/lib:/workspaces/isaac_ros-dev/install/isaac_ros_common/lib:/opt/ros/humble/install/opt/rviz_ogre_vendor/lib:/opt/ros/humble/install/lib:/usr/lib/aarch64-linux-gnu/tegra/weston:/usr/lib/aarch64-linux-gnu/tegra-egl:/usr/local/cuda-11.4/targets/aarch64-linux/lib:/usr/lib/aarch64-linux-gnu/tegra:/opt/nvidia/vpi2/lib64:/usr/lib/aarch64-linux-gnu-host:/opt/tritonserver/lib PYTHONPATH=/workspaces/isaac_ros-dev/install/isaac_ros_nitros_interfaces/lib/python3.8/site-packages:/workspaces/isaac_ros-dev/install/isaac_ros_test/lib/python3.8/site-packages:${PYTHONPATH} /usr/bin/cmake --install /workspaces/isaac_ros-dev/build/isaac_ros_image_proc
