[0.161s] Invoking command in '/workspaces/isaac_ros-dev/build/isaac_ros_common': /usr/bin/cmake /workspaces/isaac_ros-dev/src/isaac_ros_common/isaac_ros_common -DAMENT_CMAKE_SYMLINK_INSTALL=1 -DCMAKE_INSTALL_PREFIX=/workspaces/isaac_ros-dev/install/isaac_ros_common
[1.299s] -- The C compiler identification is GNU 9.4.0
[1.301s] -- The CXX compiler identification is GNU 9.4.0
[1.301s] -- Detecting C compiler ABI info
[1.306s] -- Detecting C compiler ABI info - done
[1.306s] -- Check for working C compiler: /usr/bin/cc - skipped
[1.306s] -- Detecting C compile features
[1.306s] -- Detecting C compile features - done
[1.307s] -- Detecting CXX compiler ABI info
[1.307s] -- Detecting CXX compiler ABI info - done
[1.307s] -- Check for working CXX compiler: /usr/bin/c++ - skipped
[1.307s] -- Detecting CXX compile features
[1.307s] -- Detecting CXX compile features - done
[1.308s] -- Found ament_cmake_auto: 1.3.3 (/opt/ros/humble/install/share/ament_cmake_auto/cmake)
[2.839s] -- Found Python3: /usr/bin/python3.8 (found version "3.8.10") found components: Interpreter 
[3.001s] -- Override CMake install command with custom implementation using symlinks instead of copying resources
[3.361s] -- Found rosidl_generator_c: 3.1.4 (/opt/ros/humble/install/share/rosidl_generator_c/cmake)
[3.374s] -- Found rosidl_adapter: 3.1.4 (/opt/ros/humble/install/share/rosidl_adapter/cmake)
[3.398s] -- Found rosidl_generator_cpp: 3.1.4 (/opt/ros/humble/install/share/rosidl_generator_cpp/cmake)
[3.438s] -- Using all available rosidl_typesupport_c: rosidl_typesupport_fastrtps_c;rosidl_typesupport_introspection_c
[3.494s] -- Using all available rosidl_typesupport_cpp: rosidl_typesupport_fastrtps_cpp;rosidl_typesupport_introspection_cpp
[3.690s] -- Found rmw_implementation_cmake: 6.1.1 (/opt/ros/humble/install/share/rmw_implementation_cmake/cmake)
[3.697s] -- Found rmw_fastrtps_cpp: 6.2.2 (/opt/ros/humble/install/share/rmw_fastrtps_cpp/cmake)
[4.029s] -- Found OpenSSL: /usr/lib/aarch64-linux-gnu/libcrypto.so (found version "1.1.1f")  
[4.129s] -- Found FastRTPS: /opt/ros/humble/install/include  
[4.311s] -- Using RMW implementation 'rmw_fastrtps_cpp' as default
[4.341s] -- Looking for pthread.h
[4.505s] -- Looking for pthread.h - found
[4.506s] -- Performing Test CMAKE_HAVE_LIBC_PTHREAD
[4.675s] -- Performing Test CMAKE_HAVE_LIBC_PTHREAD - Failed
[4.675s] -- Looking for pthread_create in pthreads
[4.799s] -- Looking for pthread_create in pthreads - not found
[4.800s] -- Looking for pthread_create in pthread
[4.946s] -- Looking for pthread_create in pthread - found
[4.947s] -- Found Threads: TRUE  
[5.370s] -- Loading isaac_ros_common extras
[5.371s] -- CMAKE_BUILD_TYPE: Release
[5.440s] -- Found CUDA: /usr/local/cuda (found version "11.4") 
[5.457s] -- Found ament_lint_auto: 0.12.5 (/opt/ros/humble/install/share/ament_lint_auto/cmake)
[5.520s] -- Added test 'cppcheck' to perform static code analysis on C / C++ code
[5.520s] -- Configured cppcheck include dirs: /workspaces/isaac_ros-dev/src/isaac_ros_common/isaac_ros_common/include
[5.520s] -- Configured cppcheck exclude dirs and/or files: 
[5.523s] -- Added test 'cpplint' to check C / C++ code against the Google style
[5.524s] -- Configured cpplint exclude dirs and/or files: 
[5.526s] -- Added test 'lint_cmake' to check CMake code style
[5.530s] -- Added test 'uncrustify' to check C / C++ code style
[5.530s] -- Configured uncrustify additional arguments: 
[5.531s] -- Added test 'xmllint' to check XML markup files
[5.544s] -- Configuring done
[5.583s] -- Generating done
[5.584s] -- Build files have been written to: /workspaces/isaac_ros-dev/build/isaac_ros_common
[5.612s] Invoked command in '/workspaces/isaac_ros-dev/build/isaac_ros_common' returned '0': /usr/bin/cmake /workspaces/isaac_ros-dev/src/isaac_ros_common/isaac_ros_common -DAMENT_CMAKE_SYMLINK_INSTALL=1 -DCMAKE_INSTALL_PREFIX=/workspaces/isaac_ros-dev/install/isaac_ros_common
[5.620s] Invoking command in '/workspaces/isaac_ros-dev/build/isaac_ros_common': /usr/bin/cmake --build /workspaces/isaac_ros-dev/build/isaac_ros_common -- -j4 -l4
[5.702s] [ 50%] [32mBuilding CXX object CMakeFiles/isaac_ros_common.dir/src/vpi_utilities.cpp.o[0m
[15.818s] [100%] [32m[1mLinking CXX shared library libisaac_ros_common.so[0m
[16.044s] [100%] Built target isaac_ros_common
[16.058s] Invoked command in '/workspaces/isaac_ros-dev/build/isaac_ros_common' returned '0': /usr/bin/cmake --build /workspaces/isaac_ros-dev/build/isaac_ros_common -- -j4 -l4
[16.145s] Invoking command in '/workspaces/isaac_ros-dev/build/isaac_ros_common': /usr/bin/cmake --install /workspaces/isaac_ros-dev/build/isaac_ros_common
[16.157s] -- Install configuration: "Release"
[16.158s] -- Execute custom install script
[16.159s] -- Symlinking: /workspaces/isaac_ros-dev/install/isaac_ros_common/share/ament_index/resource_index/isaac_ros_common_cmake_path/isaac_ros_common
[16.169s] -- Symlinking: /workspaces/isaac_ros-dev/install/isaac_ros_common/include/isaac_ros_common/vpi_utilities.hpp
[16.178s] -- Symlinking: /workspaces/isaac_ros-dev/install/isaac_ros_common/share/isaac_ros_common/environment/library_path.sh
[16.187s] -- Symlinking: /workspaces/isaac_ros-dev/install/isaac_ros_common/share/isaac_ros_common/environment/library_path.dsv
[16.197s] -- Symlinking: /workspaces/isaac_ros-dev/install/isaac_ros_common/lib/libisaac_ros_common.so
[16.206s] -- Symlinking: /workspaces/isaac_ros-dev/install/isaac_ros_common/share/isaac_ros_common/cmake/isaac_ros_common-extras-modules.cmake
[16.215s] -- Symlinking: /workspaces/isaac_ros-dev/install/isaac_ros_common/share/isaac_ros_common/cmake/isaac_ros_common-extras.cmake
[16.223s] -- Symlinking: /workspaces/isaac_ros-dev/install/isaac_ros_common/share/isaac_ros_common/cmake/modules/FindTENSORRT.cmake
[16.232s] -- Symlinking: /workspaces/isaac_ros-dev/install/isaac_ros_common/share/ament_index/resource_index/package_run_dependencies/isaac_ros_common
[16.240s] -- Symlinking: /workspaces/isaac_ros-dev/install/isaac_ros_common/share/ament_index/resource_index/parent_prefix_path/isaac_ros_common
[16.248s] -- Symlinking: /workspaces/isaac_ros-dev/install/isaac_ros_common/share/isaac_ros_common/environment/ament_prefix_path.sh
[16.258s] -- Symlinking: /workspaces/isaac_ros-dev/install/isaac_ros_common/share/isaac_ros_common/environment/ament_prefix_path.dsv
[16.267s] -- Symlinking: /workspaces/isaac_ros-dev/install/isaac_ros_common/share/isaac_ros_common/environment/path.sh
[16.277s] -- Symlinking: /workspaces/isaac_ros-dev/install/isaac_ros_common/share/isaac_ros_common/environment/path.dsv
[16.286s] -- Symlinking: /workspaces/isaac_ros-dev/install/isaac_ros_common/share/isaac_ros_common/local_setup.bash
[16.295s] -- Symlinking: /workspaces/isaac_ros-dev/install/isaac_ros_common/share/isaac_ros_common/local_setup.sh
[16.305s] -- Symlinking: /workspaces/isaac_ros-dev/install/isaac_ros_common/share/isaac_ros_common/local_setup.zsh
[16.313s] -- Symlinking: /workspaces/isaac_ros-dev/install/isaac_ros_common/share/isaac_ros_common/local_setup.dsv
[16.323s] -- Symlinking: /workspaces/isaac_ros-dev/install/isaac_ros_common/share/isaac_ros_common/package.dsv
[16.333s] -- Symlinking: /workspaces/isaac_ros-dev/install/isaac_ros_common/share/ament_index/resource_index/packages/isaac_ros_common
[16.343s] -- Up-to-date symlink: /workspaces/isaac_ros-dev/install/isaac_ros_common/share/isaac_ros_common/cmake/isaac_ros_common-extras.cmake
[16.344s] -- Up-to-date symlink: /workspaces/isaac_ros-dev/install/isaac_ros_common/share/isaac_ros_common/cmake/isaac_ros_common-extras-modules.cmake
[16.344s] -- Symlinking: /workspaces/isaac_ros-dev/install/isaac_ros_common/share/isaac_ros_common/cmake/ament_cmake_export_dependencies-extras.cmake
[16.354s] -- Symlinking: /workspaces/isaac_ros-dev/install/isaac_ros_common/share/isaac_ros_common/cmake/ament_cmake_export_include_directories-extras.cmake
[16.363s] -- Symlinking: /workspaces/isaac_ros-dev/install/isaac_ros_common/share/isaac_ros_common/cmake/ament_cmake_export_libraries-extras.cmake
[16.373s] -- Symlinking: /workspaces/isaac_ros-dev/install/isaac_ros_common/share/isaac_ros_common/cmake/isaac_ros_commonConfig.cmake
[16.382s] -- Symlinking: /workspaces/isaac_ros-dev/install/isaac_ros_common/share/isaac_ros_common/cmake/isaac_ros_commonConfig-version.cmake
[16.393s] -- Symlinking: /workspaces/isaac_ros-dev/install/isaac_ros_common/share/isaac_ros_common/package.xml
[16.416s] Invoked command in '/workspaces/isaac_ros-dev/build/isaac_ros_common' returned '0': /usr/bin/cmake --install /workspaces/isaac_ros-dev/build/isaac_ros_common
