[0.090s] Invoking command in '/workspaces/isaac_ros-dev/build/isaac_ros_nitros_occupancy_grid_type': AMENT_PREFIX_PATH=/workspaces/isaac_ros-dev/install/isaac_ros_nitros:/workspaces/isaac_ros-dev/install/isaac_ros_nitros_interfaces:/workspaces/isaac_ros-dev/install/isaac_ros_gxf:/workspaces/isaac_ros-dev/install/isaac_ros_test:/workspaces/isaac_ros-dev/install/isaac_ros_common:${AMENT_PREFIX_PATH} CMAKE_PREFIX_PATH=/workspaces/isaac_ros-dev/install/isaac_ros_nitros:/workspaces/isaac_ros-dev/install/isaac_ros_nitros_interfaces:/workspaces/isaac_ros-dev/install/isaac_ros_gxf:/workspaces/isaac_ros-dev/install/isaac_ros_common:${CMAKE_PREFIX_PATH} LD_LIBRARY_PATH=/workspaces/isaac_ros-dev/install/isaac_ros_nitros/lib:/workspaces/isaac_ros-dev/install/isaac_ros_nitros_interfaces/lib:/workspaces/isaac_ros-dev/install/isaac_ros_common/lib:/opt/ros/humble/install/opt/rviz_ogre_vendor/lib:/opt/ros/humble/install/lib:/usr/lib/aarch64-linux-gnu/tegra/weston:/usr/lib/aarch64-linux-gnu/tegra-egl:/usr/local/cuda-11.4/targets/aarch64-linux/lib:/usr/lib/aarch64-linux-gnu/tegra:/opt/nvidia/vpi2/lib64:/usr/lib/aarch64-linux-gnu-host:/opt/tritonserver/lib PYTHONPATH=/workspaces/isaac_ros-dev/install/isaac_ros_nitros_interfaces/lib/python3.8/site-packages:/workspaces/isaac_ros-dev/install/isaac_ros_test/lib/python3.8/site-packages:${PYTHONPATH} /usr/bin/cmake /workspaces/isaac_ros-dev/src/isaac_ros_nitros/isaac_ros_nitros_type/isaac_ros_nitros_occupancy_grid_type -DCMAKE_INSTALL_PREFIX=/workspaces/isaac_ros-dev/install/isaac_ros_nitros_occupancy_grid_type
[0.288s] -- The C compiler identification is GNU 9.4.0
[0.475s] -- The CXX compiler identification is GNU 9.4.0
[0.499s] -- Detecting C compiler ABI info
[0.745s] -- Detecting C compiler ABI info - done
[0.765s] -- Check for working C compiler: /usr/bin/cc - skipped
[0.765s] -- Detecting C compile features
[0.767s] -- Detecting C compile features - done
[0.780s] -- Detecting CXX compiler ABI info
[1.036s] -- Detecting CXX compiler ABI info - done
[1.058s] -- Check for working CXX compiler: /usr/bin/c++ - skipped
[1.058s] -- Detecting CXX compile features
[1.060s] -- Detecting CXX compile features - done
[1.072s] -- Found ament_cmake_auto: 1.3.3 (/opt/ros/humble/install/share/ament_cmake_auto/cmake)
[3.352s] -- Found Python3: /usr/bin/python3.8 (found version "3.8.10") found components: Interpreter 
[3.827s] -- Loading isaac_ros_common extras
[3.828s] -- CMAKE_BUILD_TYPE: Release
[3.878s] -- Looking for pthread.h
[4.124s] -- Looking for pthread.h - found
[4.125s] -- Performing Test CMAKE_HAVE_LIBC_PTHREAD
[4.364s] -- Performing Test CMAKE_HAVE_LIBC_PTHREAD - Failed
[4.365s] -- Looking for pthread_create in pthreads
[4.556s] -- Looking for pthread_create in pthreads - not found
[4.556s] -- Looking for pthread_create in pthread
[4.748s] -- Looking for pthread_create in pthread - found
[4.751s] -- Found Threads: TRUE  
[4.815s] -- Found CUDA: /usr/local/cuda (found version "11.4") 
[4.816s] -- Loading isaac_ros_common extras (modules)
[4.947s] -- Found rosidl_generator_c: 3.1.4 (/opt/ros/humble/install/share/rosidl_generator_c/cmake)
[4.963s] -- Found rosidl_adapter: 3.1.4 (/opt/ros/humble/install/share/rosidl_adapter/cmake)
[4.990s] -- Found rosidl_generator_cpp: 3.1.4 (/opt/ros/humble/install/share/rosidl_generator_cpp/cmake)
[5.035s] -- Using all available rosidl_typesupport_c: rosidl_typesupport_fastrtps_c;rosidl_typesupport_introspection_c
[5.098s] -- Using all available rosidl_typesupport_cpp: rosidl_typesupport_fastrtps_cpp;rosidl_typesupport_introspection_cpp
[5.314s] -- Found rmw_implementation_cmake: 6.1.1 (/opt/ros/humble/install/share/rmw_implementation_cmake/cmake)
[5.323s] -- Found rmw_fastrtps_cpp: 6.2.2 (/opt/ros/humble/install/share/rmw_fastrtps_cpp/cmake)
[5.754s] -- Found OpenSSL: /usr/lib/aarch64-linux-gnu/libcrypto.so (found version "1.1.1f")  
[5.859s] -- Found FastRTPS: /opt/ros/humble/install/include  
[6.052s] -- Using RMW implementation 'rmw_fastrtps_cpp' as default
[7.266s] -- Loading isaac_ros_gxf extras
[7.283s] -- Found atlas lib=/workspaces/isaac_ros-dev/install/isaac_ros_gxf/share/isaac_ros_gxf/gxf/lib/libgxf_atlas.so, include=/workspaces/isaac_ros-dev/install/isaac_ros_gxf/share/isaac_ros_gxf/gxf/include/gxf
[7.290s] -- Found cuda lib=/workspaces/isaac_ros-dev/install/isaac_ros_gxf/share/isaac_ros_gxf/gxf/lib/cuda/libgxf_cuda.so, include=/workspaces/isaac_ros-dev/install/isaac_ros_gxf/share/isaac_ros_gxf/gxf/include/gxf
[7.297s] -- Found isaac_messages lib=/workspaces/isaac_ros-dev/install/isaac_ros_gxf/share/isaac_ros_gxf/gxf/lib/libgxf_isaac_messages.so, include=/workspaces/isaac_ros-dev/install/isaac_ros_gxf/share/isaac_ros_gxf/gxf/include/gxf
[7.304s] -- Found isaac_ros_messages lib=/workspaces/isaac_ros-dev/install/isaac_ros_gxf/share/isaac_ros_gxf/gxf/lib/libgxf_isaac_ros_messages.so, include=/workspaces/isaac_ros-dev/install/isaac_ros_gxf/share/isaac_ros_gxf/gxf/include/gxf
[7.311s] -- Found multimedia lib=/workspaces/isaac_ros-dev/install/isaac_ros_gxf/share/isaac_ros_gxf/gxf/lib/multimedia/libgxf_multimedia.so, include=/workspaces/isaac_ros-dev/install/isaac_ros_gxf/share/isaac_ros_gxf/gxf/include/gxf
[7.322s] -- Found gxf_optimizer lib=/workspaces/isaac_ros-dev/install/isaac_ros_gxf/share/isaac_ros_gxf/gxf/lib/libgxf_optimizer.so, include=/workspaces/isaac_ros-dev/install/isaac_ros_gxf/share/isaac_ros_gxf/gxf/include/gxf
[7.330s] -- Found serialization lib=/workspaces/isaac_ros-dev/install/isaac_ros_gxf/share/isaac_ros_gxf/gxf/lib/serialization/libgxf_serialization.so, include=/workspaces/isaac_ros-dev/install/isaac_ros_gxf/share/isaac_ros_gxf/gxf/include/gxf
[7.337s] -- Found std lib=/workspaces/isaac_ros-dev/install/isaac_ros_gxf/share/isaac_ros_gxf/gxf/lib/std/libgxf_std.so, include=/workspaces/isaac_ros-dev/install/isaac_ros_gxf/share/isaac_ros_gxf/gxf/include/gxf
[7.346s] -- Found core lib=/workspaces/isaac_ros-dev/install/isaac_ros_gxf/share/isaac_ros_gxf/gxf/lib/core/libgxf_core.so, include=/workspaces/isaac_ros-dev/install/isaac_ros_gxf/share/isaac_ros_gxf/gxf/include/gxf
[7.352s] -- Found GXF:  (found suitable version "2.5.0", minimum required is "2.5.0") found components: core 
[10.643s] -- Performing Test FLAG_WEXTRA
[10.881s] -- Performing Test FLAG_WEXTRA - Success
[11.259s] -- Found ament_lint_auto: 0.12.5 (/opt/ros/humble/install/share/ament_lint_auto/cmake)
[11.379s] -- Found launch_testing_ament_cmake: 1.0.4 (/opt/ros/humble/install/share/launch_testing_ament_cmake/cmake)
[11.385s] -- Found python_cmake_module: 0.10.0 (/opt/ros/humble/install/share/python_cmake_module/cmake)
[11.477s] -- Found PythonInterp: /usr/bin/python3 (found suitable version "3.8.10", minimum required is "3.6") 
[11.491s] -- Found PythonLibs: /usr/lib/aarch64-linux-gnu/libpython3.8.so (found suitable version "3.8.10", minimum required is "3.5") 
[11.492s] -- Using PYTHON_EXECUTABLE: /usr/bin/python3
[11.493s] -- Using PYTHON_INCLUDE_DIRS: /usr/include/python3.8
[11.493s] -- Using PYTHON_LIBRARIES: /usr/lib/aarch64-linux-gnu/libpython3.8.so
[11.572s] -- Found PythonExtra: .so  
[11.617s] -- Added test 'cppcheck' to perform static code analysis on C / C++ code
[11.618s] -- Configured cppcheck include dirs: /workspaces/isaac_ros-dev/src/isaac_ros_nitros/isaac_ros_nitros_type/isaac_ros_nitros_occupancy_grid_type/include
[11.618s] -- Configured cppcheck exclude dirs and/or files: 
[11.623s] -- Added test 'cpplint' to check C / C++ code against the Google style
[11.624s] -- Configured cpplint exclude dirs and/or files: 
[11.626s] -- Added test 'flake8' to check Python code syntax and style conventions
[11.630s] -- Added test 'lint_cmake' to check CMake code style
[11.632s] -- Added test 'pep257' to check Python code against some of the docstring style conventions in PEP 257
[11.637s] -- Added test 'uncrustify' to check C / C++ code style
[11.638s] -- Configured uncrustify additional arguments: 
[11.640s] -- Added test 'xmllint' to check XML markup files
[11.687s] -- Configuring done
[11.998s] -- Generating done
[12.034s] -- Build files have been written to: /workspaces/isaac_ros-dev/build/isaac_ros_nitros_occupancy_grid_type
[12.077s] Invoked command in '/workspaces/isaac_ros-dev/build/isaac_ros_nitros_occupancy_grid_type' returned '0': AMENT_PREFIX_PATH=/workspaces/isaac_ros-dev/install/isaac_ros_nitros:/workspaces/isaac_ros-dev/install/isaac_ros_nitros_interfaces:/workspaces/isaac_ros-dev/install/isaac_ros_gxf:/workspaces/isaac_ros-dev/install/isaac_ros_test:/workspaces/isaac_ros-dev/install/isaac_ros_common:${AMENT_PREFIX_PATH} CMAKE_PREFIX_PATH=/workspaces/isaac_ros-dev/install/isaac_ros_nitros:/workspaces/isaac_ros-dev/install/isaac_ros_nitros_interfaces:/workspaces/isaac_ros-dev/install/isaac_ros_gxf:/workspaces/isaac_ros-dev/install/isaac_ros_common:${CMAKE_PREFIX_PATH} LD_LIBRARY_PATH=/workspaces/isaac_ros-dev/install/isaac_ros_nitros/lib:/workspaces/isaac_ros-dev/install/isaac_ros_nitros_interfaces/lib:/workspaces/isaac_ros-dev/install/isaac_ros_common/lib:/opt/ros/humble/install/opt/rviz_ogre_vendor/lib:/opt/ros/humble/install/lib:/usr/lib/aarch64-linux-gnu/tegra/weston:/usr/lib/aarch64-linux-gnu/tegra-egl:/usr/local/cuda-11.4/targets/aarch64-linux/lib:/usr/lib/aarch64-linux-gnu/tegra:/opt/nvidia/vpi2/lib64:/usr/lib/aarch64-linux-gnu-host:/opt/tritonserver/lib PYTHONPATH=/workspaces/isaac_ros-dev/install/isaac_ros_nitros_interfaces/lib/python3.8/site-packages:/workspaces/isaac_ros-dev/install/isaac_ros_test/lib/python3.8/site-packages:${PYTHONPATH} /usr/bin/cmake /workspaces/isaac_ros-dev/src/isaac_ros_nitros/isaac_ros_nitros_type/isaac_ros_nitros_occupancy_grid_type -DCMAKE_INSTALL_PREFIX=/workspaces/isaac_ros-dev/install/isaac_ros_nitros_occupancy_grid_type
[12.085s] Invoking command in '/workspaces/isaac_ros-dev/build/isaac_ros_nitros_occupancy_grid_type': AMENT_PREFIX_PATH=/workspaces/isaac_ros-dev/install/isaac_ros_nitros:/workspaces/isaac_ros-dev/install/isaac_ros_nitros_interfaces:/workspaces/isaac_ros-dev/install/isaac_ros_gxf:/workspaces/isaac_ros-dev/install/isaac_ros_test:/workspaces/isaac_ros-dev/install/isaac_ros_common:${AMENT_PREFIX_PATH} CMAKE_PREFIX_PATH=/workspaces/isaac_ros-dev/install/isaac_ros_nitros:/workspaces/isaac_ros-dev/install/isaac_ros_nitros_interfaces:/workspaces/isaac_ros-dev/install/isaac_ros_gxf:/workspaces/isaac_ros-dev/install/isaac_ros_common:${CMAKE_PREFIX_PATH} LD_LIBRARY_PATH=/workspaces/isaac_ros-dev/install/isaac_ros_nitros/lib:/workspaces/isaac_ros-dev/install/isaac_ros_nitros_interfaces/lib:/workspaces/isaac_ros-dev/install/isaac_ros_common/lib:/opt/ros/humble/install/opt/rviz_ogre_vendor/lib:/opt/ros/humble/install/lib:/usr/lib/aarch64-linux-gnu/tegra/weston:/usr/lib/aarch64-linux-gnu/tegra-egl:/usr/local/cuda-11.4/targets/aarch64-linux/lib:/usr/lib/aarch64-linux-gnu/tegra:/opt/nvidia/vpi2/lib64:/usr/lib/aarch64-linux-gnu-host:/opt/tritonserver/lib PYTHONPATH=/workspaces/isaac_ros-dev/install/isaac_ros_nitros_interfaces/lib/python3.8/site-packages:/workspaces/isaac_ros-dev/install/isaac_ros_test/lib/python3.8/site-packages:${PYTHONPATH} /usr/bin/cmake --build /workspaces/isaac_ros-dev/build/isaac_ros_nitros_occupancy_grid_type -- -j4 -l4
[12.186s] [  2%] [32mBuilding CXX object _deps/yaml-cpp-build/CMakeFiles/yaml-cpp.dir/src/binary.cpp.o[0m
[12.997s] [  5%] [32mBuilding CXX object _deps/yaml-cpp-build/CMakeFiles/yaml-cpp.dir/src/emit.cpp.o[0m
[14.596s] [  8%] [32mBuilding CXX object _deps/yaml-cpp-build/CMakeFiles/yaml-cpp.dir/src/emitfromevents.cpp.o[0m
[16.639s] [ 11%] [32mBuilding CXX object _deps/yaml-cpp-build/CMakeFiles/yaml-cpp.dir/src/emitter.cpp.o[0m
[19.379s] [ 14%] [32mBuilding CXX object _deps/yaml-cpp-build/CMakeFiles/yaml-cpp.dir/src/emitterstate.cpp.o[0m
[21.942s] [ 17%] [32mBuilding CXX object _deps/yaml-cpp-build/CMakeFiles/yaml-cpp.dir/src/emitterutils.cpp.o[0m
[30.870s] [ 20%] [32mBuilding CXX object _deps/yaml-cpp-build/CMakeFiles/yaml-cpp.dir/src/exceptions.cpp.o[0m
[31.909s] [ 22%] [32mBuilding CXX object _deps/yaml-cpp-build/CMakeFiles/yaml-cpp.dir/src/exp.cpp.o[0m
[33.568s] [ 25%] [32mBuilding CXX object _deps/yaml-cpp-build/CMakeFiles/yaml-cpp.dir/src/memory.cpp.o[0m
[35.458s] [ 28%] [32mBuilding CXX object _deps/yaml-cpp-build/CMakeFiles/yaml-cpp.dir/src/node.cpp.o[0m
[36.480s] [ 31%] [32mBuilding CXX object _deps/yaml-cpp-build/CMakeFiles/yaml-cpp.dir/src/node_data.cpp.o[0m
[39.093s] [ 34%] [32mBuilding CXX object _deps/yaml-cpp-build/CMakeFiles/yaml-cpp.dir/src/nodebuilder.cpp.o[0m
[41.628s] [ 37%] [32mBuilding CXX object _deps/yaml-cpp-build/CMakeFiles/yaml-cpp.dir/src/nodeevents.cpp.o[0m
[43.732s] [ 40%] [32mBuilding CXX object _deps/yaml-cpp-build/CMakeFiles/yaml-cpp.dir/src/null.cpp.o[0m
[44.266s] [ 42%] [32mBuilding CXX object _deps/yaml-cpp-build/CMakeFiles/yaml-cpp.dir/src/ostream_wrapper.cpp.o[0m
[45.364s] [ 45%] [32mBuilding CXX object _deps/yaml-cpp-build/CMakeFiles/yaml-cpp.dir/src/parse.cpp.o[0m
[47.917s] [ 48%] [32mBuilding CXX object _deps/yaml-cpp-build/CMakeFiles/yaml-cpp.dir/src/parser.cpp.o[0m
[50.316s] [ 51%] [32mBuilding CXX object _deps/yaml-cpp-build/CMakeFiles/yaml-cpp.dir/src/regex_yaml.cpp.o[0m
[51.723s] [ 54%] [32mBuilding CXX object _deps/yaml-cpp-build/CMakeFiles/yaml-cpp.dir/src/scanner.cpp.o[0m
[55.760s] [ 57%] [32mBuilding CXX object _deps/yaml-cpp-build/CMakeFiles/yaml-cpp.dir/src/scanscalar.cpp.o[0m
[58.561s] [ 60%] [32mBuilding CXX object _deps/yaml-cpp-build/CMakeFiles/yaml-cpp.dir/src/scantag.cpp.o[0m
[60.818s] [ 62%] [32mBuilding CXX object _deps/yaml-cpp-build/CMakeFiles/yaml-cpp.dir/src/scantoken.cpp.o[0m
[66.843s] [ 65%] [32mBuilding CXX object _deps/yaml-cpp-build/CMakeFiles/yaml-cpp.dir/src/simplekey.cpp.o[0m
[68.600s] [ 68%] [32mBuilding CXX object _deps/yaml-cpp-build/CMakeFiles/yaml-cpp.dir/src/singledocparser.cpp.o[0m
[71.719s] [ 71%] [32mBuilding CXX object _deps/yaml-cpp-build/CMakeFiles/yaml-cpp.dir/src/stream.cpp.o[0m
[73.171s] [ 74%] [32mBuilding CXX object _deps/yaml-cpp-build/CMakeFiles/yaml-cpp.dir/src/tag.cpp.o[0m
[74.371s] [ 77%] [32mBuilding CXX object _deps/yaml-cpp-build/CMakeFiles/yaml-cpp.dir/src/contrib/graphbuilder.cpp.o[0m
[75.551s] [ 80%] [32mBuilding CXX object _deps/yaml-cpp-build/CMakeFiles/yaml-cpp.dir/src/contrib/graphbuilderadapter.cpp.o[0m
[76.785s] [ 82%] [32mBuilding CXX object _deps/yaml-cpp-build/CMakeFiles/yaml-cpp.dir/src/directives.cpp.o[0m
[77.572s] [ 85%] [32mBuilding CXX object _deps/yaml-cpp-build/CMakeFiles/yaml-cpp.dir/src/convert.cpp.o[0m
[79.808s] [ 88%] [32m[1mLinking CXX static library libyaml-cpp.a[0m
[79.943s] [ 88%] Built target yaml-cpp
[79.980s] [ 91%] [32mBuilding CXX object CMakeFiles/isaac_ros_nitros_occupancy_grid_type.dir/src/nitros_occupancy_grid.cpp.o[0m
[112.055s] [ 94%] [32m[1mLinking CXX shared library libisaac_ros_nitros_occupancy_grid_type.so[0m
[112.588s] [ 94%] Built target isaac_ros_nitros_occupancy_grid_type
[112.627s] [ 97%] [32mBuilding CXX object CMakeFiles/nitros_occupancy_grid_forward_node.dir/test/src/nitros_occupancy_grid_forward_node.cpp.o[0m
[169.795s] [100%] [32m[1mLinking CXX shared library libnitros_occupancy_grid_forward_node.so[0m
[170.773s] [100%] Built target nitros_occupancy_grid_forward_node
[170.796s] Invoked command in '/workspaces/isaac_ros-dev/build/isaac_ros_nitros_occupancy_grid_type' returned '0': AMENT_PREFIX_PATH=/workspaces/isaac_ros-dev/install/isaac_ros_nitros:/workspaces/isaac_ros-dev/install/isaac_ros_nitros_interfaces:/workspaces/isaac_ros-dev/install/isaac_ros_gxf:/workspaces/isaac_ros-dev/install/isaac_ros_test:/workspaces/isaac_ros-dev/install/isaac_ros_common:${AMENT_PREFIX_PATH} CMAKE_PREFIX_PATH=/workspaces/isaac_ros-dev/install/isaac_ros_nitros:/workspaces/isaac_ros-dev/install/isaac_ros_nitros_interfaces:/workspaces/isaac_ros-dev/install/isaac_ros_gxf:/workspaces/isaac_ros-dev/install/isaac_ros_common:${CMAKE_PREFIX_PATH} LD_LIBRARY_PATH=/workspaces/isaac_ros-dev/install/isaac_ros_nitros/lib:/workspaces/isaac_ros-dev/install/isaac_ros_nitros_interfaces/lib:/workspaces/isaac_ros-dev/install/isaac_ros_common/lib:/opt/ros/humble/install/opt/rviz_ogre_vendor/lib:/opt/ros/humble/install/lib:/usr/lib/aarch64-linux-gnu/tegra/weston:/usr/lib/aarch64-linux-gnu/tegra-egl:/usr/local/cuda-11.4/targets/aarch64-linux/lib:/usr/lib/aarch64-linux-gnu/tegra:/opt/nvidia/vpi2/lib64:/usr/lib/aarch64-linux-gnu-host:/opt/tritonserver/lib PYTHONPATH=/workspaces/isaac_ros-dev/install/isaac_ros_nitros_interfaces/lib/python3.8/site-packages:/workspaces/isaac_ros-dev/install/isaac_ros_test/lib/python3.8/site-packages:${PYTHONPATH} /usr/bin/cmake --build /workspaces/isaac_ros-dev/build/isaac_ros_nitros_occupancy_grid_type -- -j4 -l4
[170.898s] Invoking command in '/workspaces/isaac_ros-dev/build/isaac_ros_nitros_occupancy_grid_type': AMENT_PREFIX_PATH=/workspaces/isaac_ros-dev/install/isaac_ros_nitros:/workspaces/isaac_ros-dev/install/isaac_ros_nitros_interfaces:/workspaces/isaac_ros-dev/install/isaac_ros_gxf:/workspaces/isaac_ros-dev/install/isaac_ros_test:/workspaces/isaac_ros-dev/install/isaac_ros_common:${AMENT_PREFIX_PATH} CMAKE_PREFIX_PATH=/workspaces/isaac_ros-dev/install/isaac_ros_nitros:/workspaces/isaac_ros-dev/install/isaac_ros_nitros_interfaces:/workspaces/isaac_ros-dev/install/isaac_ros_gxf:/workspaces/isaac_ros-dev/install/isaac_ros_common:${CMAKE_PREFIX_PATH} LD_LIBRARY_PATH=/workspaces/isaac_ros-dev/install/isaac_ros_nitros/lib:/workspaces/isaac_ros-dev/install/isaac_ros_nitros_interfaces/lib:/workspaces/isaac_ros-dev/install/isaac_ros_common/lib:/opt/ros/humble/install/opt/rviz_ogre_vendor/lib:/opt/ros/humble/install/lib:/usr/lib/aarch64-linux-gnu/tegra/weston:/usr/lib/aarch64-linux-gnu/tegra-egl:/usr/local/cuda-11.4/targets/aarch64-linux/lib:/usr/lib/aarch64-linux-gnu/tegra:/opt/nvidia/vpi2/lib64:/usr/lib/aarch64-linux-gnu-host:/opt/tritonserver/lib PYTHONPATH=/workspaces/isaac_ros-dev/install/isaac_ros_nitros_interfaces/lib/python3.8/site-packages:/workspaces/isaac_ros-dev/install/isaac_ros_test/lib/python3.8/site-packages:${PYTHONPATH} /usr/bin/cmake --install /workspaces/isaac_ros-dev/build/isaac_ros_nitros_occupancy_grid_type
[170.917s] -- Install configuration: "Release"
[170.919s] -- Installing: /workspaces/isaac_ros-dev/install/isaac_ros_nitros_occupancy_grid_type/lib/libyaml-cpp.a
[170.936s] -- Installing: /workspaces/isaac_ros-dev/install/isaac_ros_nitros_occupancy_grid_type/include/yaml-cpp
[170.937s] -- Installing: /workspaces/isaac_ros-dev/install/isaac_ros_nitros_occupancy_grid_type/include/yaml-cpp/exceptions.h
[170.937s] -- Installing: /workspaces/isaac_ros-dev/install/isaac_ros_nitros_occupancy_grid_type/include/yaml-cpp/ostream_wrapper.h
[170.938s] -- Installing: /workspaces/isaac_ros-dev/install/isaac_ros_nitros_occupancy_grid_type/include/yaml-cpp/emitterstyle.h
[170.938s] -- Installing: /workspaces/isaac_ros-dev/install/isaac_ros_nitros_occupancy_grid_type/include/yaml-cpp/yaml.h
[170.939s] -- Installing: /workspaces/isaac_ros-dev/install/isaac_ros_nitros_occupancy_grid_type/include/yaml-cpp/binary.h
[170.939s] -- Installing: /workspaces/isaac_ros-dev/install/isaac_ros_nitros_occupancy_grid_type/include/yaml-cpp/emitfromevents.h
[170.939s] -- Installing: /workspaces/isaac_ros-dev/install/isaac_ros_nitros_occupancy_grid_type/include/yaml-cpp/dll.h
[170.940s] -- Installing: /workspaces/isaac_ros-dev/install/isaac_ros_nitros_occupancy_grid_type/include/yaml-cpp/traits.h
[170.940s] -- Installing: /workspaces/isaac_ros-dev/install/isaac_ros_nitros_occupancy_grid_type/include/yaml-cpp/contrib
[170.940s] -- Installing: /workspaces/isaac_ros-dev/install/isaac_ros_nitros_occupancy_grid_type/include/yaml-cpp/contrib/anchordict.h
[170.941s] -- Installing: /workspaces/isaac_ros-dev/install/isaac_ros_nitros_occupancy_grid_type/include/yaml-cpp/contrib/graphbuilder.h
[170.941s] -- Installing: /workspaces/isaac_ros-dev/install/isaac_ros_nitros_occupancy_grid_type/include/yaml-cpp/emitter.h
[170.941s] -- Installing: /workspaces/isaac_ros-dev/install/isaac_ros_nitros_occupancy_grid_type/include/yaml-cpp/stlemitter.h
[170.942s] -- Installing: /workspaces/isaac_ros-dev/install/isaac_ros_nitros_occupancy_grid_type/include/yaml-cpp/eventhandler.h
[170.942s] -- Installing: /workspaces/isaac_ros-dev/install/isaac_ros_nitros_occupancy_grid_type/include/yaml-cpp/emittermanip.h
[170.942s] -- Installing: /workspaces/isaac_ros-dev/install/isaac_ros_nitros_occupancy_grid_type/include/yaml-cpp/anchor.h
[170.943s] -- Installing: /workspaces/isaac_ros-dev/install/isaac_ros_nitros_occupancy_grid_type/include/yaml-cpp/parser.h
[170.943s] -- Installing: /workspaces/isaac_ros-dev/install/isaac_ros_nitros_occupancy_grid_type/include/yaml-cpp/emitterdef.h
[170.943s] -- Installing: /workspaces/isaac_ros-dev/install/isaac_ros_nitros_occupancy_grid_type/include/yaml-cpp/node
[170.944s] -- Installing: /workspaces/isaac_ros-dev/install/isaac_ros_nitros_occupancy_grid_type/include/yaml-cpp/node/emit.h
[170.944s] -- Installing: /workspaces/isaac_ros-dev/install/isaac_ros_nitros_occupancy_grid_type/include/yaml-cpp/node/impl.h
[170.944s] -- Installing: /workspaces/isaac_ros-dev/install/isaac_ros_nitros_occupancy_grid_type/include/yaml-cpp/node/convert.h
[170.945s] -- Installing: /workspaces/isaac_ros-dev/install/isaac_ros_nitros_occupancy_grid_type/include/yaml-cpp/node/iterator.h
[170.945s] -- Installing: /workspaces/isaac_ros-dev/install/isaac_ros_nitros_occupancy_grid_type/include/yaml-cpp/node/parse.h
[170.945s] -- Installing: /workspaces/isaac_ros-dev/install/isaac_ros_nitros_occupancy_grid_type/include/yaml-cpp/node/detail
[170.945s] -- Installing: /workspaces/isaac_ros-dev/install/isaac_ros_nitros_occupancy_grid_type/include/yaml-cpp/node/detail/impl.h
[170.946s] -- Installing: /workspaces/isaac_ros-dev/install/isaac_ros_nitros_occupancy_grid_type/include/yaml-cpp/node/detail/node_ref.h
[170.946s] -- Installing: /workspaces/isaac_ros-dev/install/isaac_ros_nitros_occupancy_grid_type/include/yaml-cpp/node/detail/iterator.h
[170.946s] -- Installing: /workspaces/isaac_ros-dev/install/isaac_ros_nitros_occupancy_grid_type/include/yaml-cpp/node/detail/node_iterator.h
[170.947s] -- Installing: /workspaces/isaac_ros-dev/install/isaac_ros_nitros_occupancy_grid_type/include/yaml-cpp/node/detail/memory.h
[170.947s] -- Installing: /workspaces/isaac_ros-dev/install/isaac_ros_nitros_occupancy_grid_type/include/yaml-cpp/node/detail/iterator_fwd.h
[170.949s] -- Installing: /workspaces/isaac_ros-dev/install/isaac_ros_nitros_occupancy_grid_type/include/yaml-cpp/node/detail/node_data.h
[170.949s] -- Installing: /workspaces/isaac_ros-dev/install/isaac_ros_nitros_occupancy_grid_type/include/yaml-cpp/node/detail/bool_type.h
[170.950s] -- Installing: /workspaces/isaac_ros-dev/install/isaac_ros_nitros_occupancy_grid_type/include/yaml-cpp/node/detail/node.h
[170.950s] -- Installing: /workspaces/isaac_ros-dev/install/isaac_ros_nitros_occupancy_grid_type/include/yaml-cpp/node/node.h
[170.950s] -- Installing: /workspaces/isaac_ros-dev/install/isaac_ros_nitros_occupancy_grid_type/include/yaml-cpp/node/ptr.h
[170.951s] -- Installing: /workspaces/isaac_ros-dev/install/isaac_ros_nitros_occupancy_grid_type/include/yaml-cpp/node/type.h
[170.951s] -- Installing: /workspaces/isaac_ros-dev/install/isaac_ros_nitros_occupancy_grid_type/include/yaml-cpp/null.h
[170.951s] -- Installing: /workspaces/isaac_ros-dev/install/isaac_ros_nitros_occupancy_grid_type/include/yaml-cpp/mark.h
[170.953s] -- Installing: /workspaces/isaac_ros-dev/install/isaac_ros_nitros_occupancy_grid_type/lib/cmake/yaml-cpp/yaml-cpp-config.cmake
[170.957s] -- Installing: /workspaces/isaac_ros-dev/install/isaac_ros_nitros_occupancy_grid_type/lib/cmake/yaml-cpp/yaml-cpp-config-version.cmake
[170.961s] -- Installing: /workspaces/isaac_ros-dev/install/isaac_ros_nitros_occupancy_grid_type/lib/cmake/yaml-cpp/yaml-cpp-targets.cmake
[170.964s] -- Installing: /workspaces/isaac_ros-dev/install/isaac_ros_nitros_occupancy_grid_type/lib/cmake/yaml-cpp/yaml-cpp-targets-release.cmake
[170.969s] -- Installing: /workspaces/isaac_ros-dev/install/isaac_ros_nitros_occupancy_grid_type/lib/pkgconfig/yaml-cpp.pc
[170.972s] -- Installing: /workspaces/isaac_ros-dev/install/isaac_ros_nitros_occupancy_grid_type/share/isaac_ros_nitros_occupancy_grid_type/test/config
[170.974s] -- Installing: /workspaces/isaac_ros-dev/install/isaac_ros_nitros_occupancy_grid_type/share/isaac_ros_nitros_occupancy_grid_type/test/config/test_forward_node.yaml
[170.978s] -- Up-to-date: /workspaces/isaac_ros-dev/install/isaac_ros_nitros_occupancy_grid_type/include
[170.979s] -- Installing: /workspaces/isaac_ros-dev/install/isaac_ros_nitros_occupancy_grid_type/include/isaac_ros_nitros_occupancy_grid_type
[170.980s] -- Installing: /workspaces/isaac_ros-dev/install/isaac_ros_nitros_occupancy_grid_type/include/isaac_ros_nitros_occupancy_grid_type/nitros_occupancy_grid.hpp
[170.985s] -- Installing: /workspaces/isaac_ros-dev/install/isaac_ros_nitros_occupancy_grid_type/share/isaac_ros_nitros_occupancy_grid_type/environment/library_path.sh
[170.989s] -- Installing: /workspaces/isaac_ros-dev/install/isaac_ros_nitros_occupancy_grid_type/share/isaac_ros_nitros_occupancy_grid_type/environment/library_path.dsv
[170.994s] -- Installing: /workspaces/isaac_ros-dev/install/isaac_ros_nitros_occupancy_grid_type/lib/libisaac_ros_nitros_occupancy_grid_type.so
[171.004s] -- Set runtime path of "/workspaces/isaac_ros-dev/install/isaac_ros_nitros_occupancy_grid_type/lib/libisaac_ros_nitros_occupancy_grid_type.so" to "/usr/local/cuda/lib64:/opt/ros/humble/install/lib:/workspaces/isaac_ros-dev/install/isaac_ros_common/lib:/workspaces/isaac_ros-dev/install/isaac_ros_nitros_interfaces/lib:/workspaces/isaac_ros-dev/install/isaac_ros_nitros/lib:/workspaces/isaac_ros-dev/install/isaac_ros_gxf/share/isaac_ros_gxf/gxf/lib/core"
[171.004s] -- Installing: /workspaces/isaac_ros-dev/install/isaac_ros_nitros_occupancy_grid_type/lib/libnitros_occupancy_grid_forward_node.so
[171.033s] -- Set runtime path of "/workspaces/isaac_ros-dev/install/isaac_ros_nitros_occupancy_grid_type/lib/libnitros_occupancy_grid_forward_node.so" to "/usr/local/cuda/lib64:/opt/ros/humble/install/lib:/workspaces/isaac_ros-dev/install/isaac_ros_common/lib:/workspaces/isaac_ros-dev/install/isaac_ros_nitros_interfaces/lib:/workspaces/isaac_ros-dev/install/isaac_ros_nitros/lib:/workspaces/isaac_ros-dev/install/isaac_ros_gxf/share/isaac_ros_gxf/gxf/lib/core"
[171.033s] -- Installing: /workspaces/isaac_ros-dev/install/isaac_ros_nitros_occupancy_grid_type/share/ament_index/resource_index/package_run_dependencies/isaac_ros_nitros_occupancy_grid_type
[171.035s] -- Installing: /workspaces/isaac_ros-dev/install/isaac_ros_nitros_occupancy_grid_type/share/ament_index/resource_index/parent_prefix_path/isaac_ros_nitros_occupancy_grid_type
[171.036s] -- Installing: /workspaces/isaac_ros-dev/install/isaac_ros_nitros_occupancy_grid_type/share/isaac_ros_nitros_occupancy_grid_type/environment/ament_prefix_path.sh
[171.040s] -- Installing: /workspaces/isaac_ros-dev/install/isaac_ros_nitros_occupancy_grid_type/share/isaac_ros_nitros_occupancy_grid_type/environment/ament_prefix_path.dsv
[171.044s] -- Installing: /workspaces/isaac_ros-dev/install/isaac_ros_nitros_occupancy_grid_type/share/isaac_ros_nitros_occupancy_grid_type/environment/path.sh
[171.048s] -- Installing: /workspaces/isaac_ros-dev/install/isaac_ros_nitros_occupancy_grid_type/share/isaac_ros_nitros_occupancy_grid_type/environment/path.dsv
[171.052s] -- Installing: /workspaces/isaac_ros-dev/install/isaac_ros_nitros_occupancy_grid_type/share/isaac_ros_nitros_occupancy_grid_type/local_setup.bash
[171.056s] -- Installing: /workspaces/isaac_ros-dev/install/isaac_ros_nitros_occupancy_grid_type/share/isaac_ros_nitros_occupancy_grid_type/local_setup.sh
[171.060s] -- Installing: /workspaces/isaac_ros-dev/install/isaac_ros_nitros_occupancy_grid_type/share/isaac_ros_nitros_occupancy_grid_type/local_setup.zsh
[171.063s] -- Installing: /workspaces/isaac_ros-dev/install/isaac_ros_nitros_occupancy_grid_type/share/isaac_ros_nitros_occupancy_grid_type/local_setup.dsv
[171.067s] -- Installing: /workspaces/isaac_ros-dev/install/isaac_ros_nitros_occupancy_grid_type/share/isaac_ros_nitros_occupancy_grid_type/package.dsv
[171.071s] -- Installing: /workspaces/isaac_ros-dev/install/isaac_ros_nitros_occupancy_grid_type/share/ament_index/resource_index/packages/isaac_ros_nitros_occupancy_grid_type
[171.071s] -- Installing: /workspaces/isaac_ros-dev/install/isaac_ros_nitros_occupancy_grid_type/share/ament_index/resource_index/rclcpp_components/isaac_ros_nitros_occupancy_grid_type
[171.073s] -- Installing: /workspaces/isaac_ros-dev/install/isaac_ros_nitros_occupancy_grid_type/share/isaac_ros_nitros_occupancy_grid_type/cmake/ament_cmake_export_dependencies-extras.cmake
[171.078s] -- Installing: /workspaces/isaac_ros-dev/install/isaac_ros_nitros_occupancy_grid_type/share/isaac_ros_nitros_occupancy_grid_type/cmake/ament_cmake_export_include_directories-extras.cmake
[171.082s] -- Installing: /workspaces/isaac_ros-dev/install/isaac_ros_nitros_occupancy_grid_type/share/isaac_ros_nitros_occupancy_grid_type/cmake/ament_cmake_export_libraries-extras.cmake
[171.087s] -- Installing: /workspaces/isaac_ros-dev/install/isaac_ros_nitros_occupancy_grid_type/share/isaac_ros_nitros_occupancy_grid_type/cmake/isaac_ros_nitros_occupancy_grid_typeConfig.cmake
[171.091s] -- Installing: /workspaces/isaac_ros-dev/install/isaac_ros_nitros_occupancy_grid_type/share/isaac_ros_nitros_occupancy_grid_type/cmake/isaac_ros_nitros_occupancy_grid_typeConfig-version.cmake
[171.096s] -- Installing: /workspaces/isaac_ros-dev/install/isaac_ros_nitros_occupancy_grid_type/share/isaac_ros_nitros_occupancy_grid_type/package.xml
[171.118s] Invoked command in '/workspaces/isaac_ros-dev/build/isaac_ros_nitros_occupancy_grid_type' returned '0': AMENT_PREFIX_PATH=/workspaces/isaac_ros-dev/install/isaac_ros_nitros:/workspaces/isaac_ros-dev/install/isaac_ros_nitros_interfaces:/workspaces/isaac_ros-dev/install/isaac_ros_gxf:/workspaces/isaac_ros-dev/install/isaac_ros_test:/workspaces/isaac_ros-dev/install/isaac_ros_common:${AMENT_PREFIX_PATH} CMAKE_PREFIX_PATH=/workspaces/isaac_ros-dev/install/isaac_ros_nitros:/workspaces/isaac_ros-dev/install/isaac_ros_nitros_interfaces:/workspaces/isaac_ros-dev/install/isaac_ros_gxf:/workspaces/isaac_ros-dev/install/isaac_ros_common:${CMAKE_PREFIX_PATH} LD_LIBRARY_PATH=/workspaces/isaac_ros-dev/install/isaac_ros_nitros/lib:/workspaces/isaac_ros-dev/install/isaac_ros_nitros_interfaces/lib:/workspaces/isaac_ros-dev/install/isaac_ros_common/lib:/opt/ros/humble/install/opt/rviz_ogre_vendor/lib:/opt/ros/humble/install/lib:/usr/lib/aarch64-linux-gnu/tegra/weston:/usr/lib/aarch64-linux-gnu/tegra-egl:/usr/local/cuda-11.4/targets/aarch64-linux/lib:/usr/lib/aarch64-linux-gnu/tegra:/opt/nvidia/vpi2/lib64:/usr/lib/aarch64-linux-gnu-host:/opt/tritonserver/lib PYTHONPATH=/workspaces/isaac_ros-dev/install/isaac_ros_nitros_interfaces/lib/python3.8/site-packages:/workspaces/isaac_ros-dev/install/isaac_ros_test/lib/python3.8/site-packages:${PYTHONPATH} /usr/bin/cmake --install /workspaces/isaac_ros-dev/build/isaac_ros_nitros_occupancy_grid_type
