-- The C compiler identification is GNU 9.4.0
-- The CXX compiler identification is GNU 9.4.0
-- Detecting C compiler ABI info
-- Detecting C compiler ABI info - done
-- Check for working C compiler: /usr/bin/cc - skipped
-- Detecting C compile features
-- Detecting C compile features - done
-- Detecting CXX compiler ABI info
-- Detecting CXX compiler ABI info - done
-- Check for working CXX compiler: /usr/bin/c++ - skipped
-- Detecting CXX compile features
-- Detecting CXX compile features - done
-- Found ament_cmake: 1.3.3 (/opt/ros/humble/install/share/ament_cmake/cmake)
-- Found Python3: /usr/bin/python3.8 (found version "3.8.10") found components: Interpreter 
-- Override CMake install command with custom implementation using symlinks instead of copying resources
-- Found ament_lint_auto: 0.12.5 (/opt/ros/humble/install/share/ament_lint_auto/cmake)
-- Added test 'copyright' to check source files copyright and LICENSE
-- Added test 'lint_cmake' to check CMake code style
-- Added test 'xmllint' to check XML markup files
-- Configuring done
-- Generating done
-- Build files have been written to: /workspaces/isaac_ros-dev/build/isaac_ros_image_pipeline
-- Install configuration: ""
-- Execute custom install script
-- Symlinking: /workspaces/isaac_ros-dev/install/isaac_ros_image_pipeline/share/ament_index/resource_index/package_run_dependencies/isaac_ros_image_pipeline
-- Symlinking: /workspaces/isaac_ros-dev/install/isaac_ros_image_pipeline/share/ament_index/resource_index/parent_prefix_path/isaac_ros_image_pipeline
-- Symlinking: /workspaces/isaac_ros-dev/install/isaac_ros_image_pipeline/share/isaac_ros_image_pipeline/environment/ament_prefix_path.sh
-- Symlinking: /workspaces/isaac_ros-dev/install/isaac_ros_image_pipeline/share/isaac_ros_image_pipeline/environment/ament_prefix_path.dsv
-- Symlinking: /workspaces/isaac_ros-dev/install/isaac_ros_image_pipeline/share/isaac_ros_image_pipeline/environment/path.sh
-- Symlinking: /workspaces/isaac_ros-dev/install/isaac_ros_image_pipeline/share/isaac_ros_image_pipeline/environment/path.dsv
-- Symlinking: /workspaces/isaac_ros-dev/install/isaac_ros_image_pipeline/share/isaac_ros_image_pipeline/local_setup.bash
-- Symlinking: /workspaces/isaac_ros-dev/install/isaac_ros_image_pipeline/share/isaac_ros_image_pipeline/local_setup.sh
-- Symlinking: /workspaces/isaac_ros-dev/install/isaac_ros_image_pipeline/share/isaac_ros_image_pipeline/local_setup.zsh
-- Symlinking: /workspaces/isaac_ros-dev/install/isaac_ros_image_pipeline/share/isaac_ros_image_pipeline/local_setup.dsv
-- Symlinking: /workspaces/isaac_ros-dev/install/isaac_ros_image_pipeline/share/isaac_ros_image_pipeline/package.dsv
-- Symlinking: /workspaces/isaac_ros-dev/install/isaac_ros_image_pipeline/share/ament_index/resource_index/packages/isaac_ros_image_pipeline
-- Symlinking: /workspaces/isaac_ros-dev/install/isaac_ros_image_pipeline/share/isaac_ros_image_pipeline/cmake/isaac_ros_image_pipelineConfig.cmake
-- Symlinking: /workspaces/isaac_ros-dev/install/isaac_ros_image_pipeline/share/isaac_ros_image_pipeline/cmake/isaac_ros_image_pipelineConfig-version.cmake
-- Symlinking: /workspaces/isaac_ros-dev/install/isaac_ros_image_pipeline/share/isaac_ros_image_pipeline/package.xml
