[0.104s] Invoking command in '/workspaces/isaac_ros-dev/build/isaac_ros_nitros_tensor_list_type': AMENT_PREFIX_PATH=/workspaces/isaac_ros-dev/install/isaac_ros_nitros:/workspaces/isaac_ros-dev/install/isaac_ros_tensor_list_interfaces:/workspaces/isaac_ros-dev/install/isaac_ros_nitros_interfaces:/workspaces/isaac_ros-dev/install/isaac_ros_gxf:/workspaces/isaac_ros-dev/install/isaac_ros_test:/workspaces/isaac_ros-dev/install/isaac_ros_common:${AMENT_PREFIX_PATH} CMAKE_PREFIX_PATH=/workspaces/isaac_ros-dev/install/isaac_ros_nitros:/workspaces/isaac_ros-dev/install/isaac_ros_tensor_list_interfaces:/workspaces/isaac_ros-dev/install/isaac_ros_nitros_interfaces:/workspaces/isaac_ros-dev/install/isaac_ros_gxf:/workspaces/isaac_ros-dev/install/isaac_ros_common:${CMAKE_PREFIX_PATH} LD_LIBRARY_PATH=/workspaces/isaac_ros-dev/install/isaac_ros_nitros/lib:/workspaces/isaac_ros-dev/install/isaac_ros_tensor_list_interfaces/lib:/workspaces/isaac_ros-dev/install/isaac_ros_nitros_interfaces/lib:/workspaces/isaac_ros-dev/install/isaac_ros_common/lib:/opt/ros/humble/install/opt/rviz_ogre_vendor/lib:/opt/ros/humble/install/lib:/usr/lib/aarch64-linux-gnu/tegra/weston:/usr/lib/aarch64-linux-gnu/tegra-egl:/usr/local/cuda-11.4/targets/aarch64-linux/lib:/usr/lib/aarch64-linux-gnu/tegra:/opt/nvidia/vpi2/lib64:/usr/lib/aarch64-linux-gnu-host:/opt/tritonserver/lib PYTHONPATH=/workspaces/isaac_ros-dev/install/isaac_ros_tensor_list_interfaces/lib/python3.8/site-packages:/workspaces/isaac_ros-dev/install/isaac_ros_nitros_interfaces/lib/python3.8/site-packages:/workspaces/isaac_ros-dev/install/isaac_ros_test/lib/python3.8/site-packages:${PYTHONPATH} /usr/bin/cmake /workspaces/isaac_ros-dev/src/isaac_ros_nitros/isaac_ros_nitros_type/isaac_ros_nitros_tensor_list_type -DCMAKE_INSTALL_PREFIX=/workspaces/isaac_ros-dev/install/isaac_ros_nitros_tensor_list_type
[0.287s] -- The C compiler identification is GNU 9.4.0
[0.468s] -- The CXX compiler identification is GNU 9.4.0
[0.496s] -- Detecting C compiler ABI info
[0.728s] -- Detecting C compiler ABI info - done
[0.754s] -- Check for working C compiler: /usr/bin/cc - skipped
[0.756s] -- Detecting C compile features
[0.758s] -- Detecting C compile features - done
[0.772s] -- Detecting CXX compiler ABI info
[1.042s] -- Detecting CXX compiler ABI info - done
[1.064s] -- Check for working CXX compiler: /usr/bin/c++ - skipped
[1.065s] -- Detecting CXX compile features
[1.066s] -- Detecting CXX compile features - done
[1.079s] -- Found ament_cmake_auto: 1.3.3 (/opt/ros/humble/install/share/ament_cmake_auto/cmake)
[3.383s] -- Found Python3: /usr/bin/python3.8 (found version "3.8.10") found components: Interpreter 
[3.863s] -- Loading isaac_ros_common extras
[3.864s] -- CMAKE_BUILD_TYPE: Release
[3.912s] -- Looking for pthread.h
[4.155s] -- Looking for pthread.h - found
[4.155s] -- Performing Test CMAKE_HAVE_LIBC_PTHREAD
[4.400s] -- Performing Test CMAKE_HAVE_LIBC_PTHREAD - Failed
[4.401s] -- Looking for pthread_create in pthreads
[4.588s] -- Looking for pthread_create in pthreads - not found
[4.588s] -- Looking for pthread_create in pthread
[4.827s] -- Looking for pthread_create in pthread - found
[4.831s] -- Found Threads: TRUE  
[4.901s] -- Found CUDA: /usr/local/cuda (found version "11.4") 
[4.903s] -- Loading isaac_ros_common extras (modules)
[5.043s] -- Found rosidl_generator_c: 3.1.4 (/opt/ros/humble/install/share/rosidl_generator_c/cmake)
[5.063s] -- Found rosidl_adapter: 3.1.4 (/opt/ros/humble/install/share/rosidl_adapter/cmake)
[5.092s] -- Found rosidl_generator_cpp: 3.1.4 (/opt/ros/humble/install/share/rosidl_generator_cpp/cmake)
[5.139s] -- Using all available rosidl_typesupport_c: rosidl_typesupport_fastrtps_c;rosidl_typesupport_introspection_c
[5.205s] -- Using all available rosidl_typesupport_cpp: rosidl_typesupport_fastrtps_cpp;rosidl_typesupport_introspection_cpp
[5.432s] -- Found rmw_implementation_cmake: 6.1.1 (/opt/ros/humble/install/share/rmw_implementation_cmake/cmake)
[5.444s] -- Found rmw_fastrtps_cpp: 6.2.2 (/opt/ros/humble/install/share/rmw_fastrtps_cpp/cmake)
[5.852s] -- Found OpenSSL: /usr/lib/aarch64-linux-gnu/libcrypto.so (found version "1.1.1f")  
[5.962s] -- Found FastRTPS: /opt/ros/humble/install/include  
[6.159s] -- Using RMW implementation 'rmw_fastrtps_cpp' as default
[7.085s] -- Loading isaac_ros_gxf extras
[7.235s] -- Found atlas lib=/workspaces/isaac_ros-dev/install/isaac_ros_gxf/share/isaac_ros_gxf/gxf/lib/libgxf_atlas.so, include=/workspaces/isaac_ros-dev/install/isaac_ros_gxf/share/isaac_ros_gxf/gxf/include/gxf
[7.244s] -- Found cuda lib=/workspaces/isaac_ros-dev/install/isaac_ros_gxf/share/isaac_ros_gxf/gxf/lib/cuda/libgxf_cuda.so, include=/workspaces/isaac_ros-dev/install/isaac_ros_gxf/share/isaac_ros_gxf/gxf/include/gxf
[7.253s] -- Found isaac_messages lib=/workspaces/isaac_ros-dev/install/isaac_ros_gxf/share/isaac_ros_gxf/gxf/lib/libgxf_isaac_messages.so, include=/workspaces/isaac_ros-dev/install/isaac_ros_gxf/share/isaac_ros_gxf/gxf/include/gxf
[7.262s] -- Found isaac_ros_messages lib=/workspaces/isaac_ros-dev/install/isaac_ros_gxf/share/isaac_ros_gxf/gxf/lib/libgxf_isaac_ros_messages.so, include=/workspaces/isaac_ros-dev/install/isaac_ros_gxf/share/isaac_ros_gxf/gxf/include/gxf
[7.275s] -- Found multimedia lib=/workspaces/isaac_ros-dev/install/isaac_ros_gxf/share/isaac_ros_gxf/gxf/lib/multimedia/libgxf_multimedia.so, include=/workspaces/isaac_ros-dev/install/isaac_ros_gxf/share/isaac_ros_gxf/gxf/include/gxf
[7.288s] -- Found gxf_optimizer lib=/workspaces/isaac_ros-dev/install/isaac_ros_gxf/share/isaac_ros_gxf/gxf/lib/libgxf_optimizer.so, include=/workspaces/isaac_ros-dev/install/isaac_ros_gxf/share/isaac_ros_gxf/gxf/include/gxf
[7.297s] -- Found serialization lib=/workspaces/isaac_ros-dev/install/isaac_ros_gxf/share/isaac_ros_gxf/gxf/lib/serialization/libgxf_serialization.so, include=/workspaces/isaac_ros-dev/install/isaac_ros_gxf/share/isaac_ros_gxf/gxf/include/gxf
[7.307s] -- Found std lib=/workspaces/isaac_ros-dev/install/isaac_ros_gxf/share/isaac_ros_gxf/gxf/lib/std/libgxf_std.so, include=/workspaces/isaac_ros-dev/install/isaac_ros_gxf/share/isaac_ros_gxf/gxf/include/gxf
[7.315s] -- Found core lib=/workspaces/isaac_ros-dev/install/isaac_ros_gxf/share/isaac_ros_gxf/gxf/lib/core/libgxf_core.so, include=/workspaces/isaac_ros-dev/install/isaac_ros_gxf/share/isaac_ros_gxf/gxf/include/gxf
[7.321s] -- Found GXF:  (found suitable version "2.5.0", minimum required is "2.5.0") found components: core 
[10.176s] -- Performing Test FLAG_WEXTRA
[10.427s] -- Performing Test FLAG_WEXTRA - Success
[10.831s] -- Found ament_lint_auto: 0.12.5 (/opt/ros/humble/install/share/ament_lint_auto/cmake)
[10.945s] -- Found launch_testing_ament_cmake: 1.0.4 (/opt/ros/humble/install/share/launch_testing_ament_cmake/cmake)
[10.951s] -- Found python_cmake_module: 0.10.0 (/opt/ros/humble/install/share/python_cmake_module/cmake)
[11.031s] -- Found PythonInterp: /usr/bin/python3 (found suitable version "3.8.10", minimum required is "3.6") 
[11.049s] -- Found PythonLibs: /usr/lib/aarch64-linux-gnu/libpython3.8.so (found suitable version "3.8.10", minimum required is "3.5") 
[11.050s] -- Using PYTHON_EXECUTABLE: /usr/bin/python3
[11.050s] -- Using PYTHON_INCLUDE_DIRS: /usr/include/python3.8
[11.051s] -- Using PYTHON_LIBRARIES: /usr/lib/aarch64-linux-gnu/libpython3.8.so
[11.132s] -- Found PythonExtra: .so  
[11.155s] -- Added test 'cppcheck' to perform static code analysis on C / C++ code
[11.157s] -- Configured cppcheck include dirs: /workspaces/isaac_ros-dev/src/isaac_ros_nitros/isaac_ros_nitros_type/isaac_ros_nitros_tensor_list_type/include
[11.158s] -- Configured cppcheck exclude dirs and/or files: 
[11.164s] -- Added test 'cpplint' to check C / C++ code against the Google style
[11.165s] -- Configured cpplint exclude dirs and/or files: 
[11.168s] -- Added test 'flake8' to check Python code syntax and style conventions
[11.171s] -- Added test 'lint_cmake' to check CMake code style
[11.174s] -- Added test 'pep257' to check Python code against some of the docstring style conventions in PEP 257
[11.179s] -- Added test 'uncrustify' to check C / C++ code style
[11.180s] -- Configured uncrustify additional arguments: 
[11.183s] -- Added test 'xmllint' to check XML markup files
[11.230s] -- Configuring done
[11.554s] -- Generating done
[11.589s] -- Build files have been written to: /workspaces/isaac_ros-dev/build/isaac_ros_nitros_tensor_list_type
[11.638s] Invoked command in '/workspaces/isaac_ros-dev/build/isaac_ros_nitros_tensor_list_type' returned '0': AMENT_PREFIX_PATH=/workspaces/isaac_ros-dev/install/isaac_ros_nitros:/workspaces/isaac_ros-dev/install/isaac_ros_tensor_list_interfaces:/workspaces/isaac_ros-dev/install/isaac_ros_nitros_interfaces:/workspaces/isaac_ros-dev/install/isaac_ros_gxf:/workspaces/isaac_ros-dev/install/isaac_ros_test:/workspaces/isaac_ros-dev/install/isaac_ros_common:${AMENT_PREFIX_PATH} CMAKE_PREFIX_PATH=/workspaces/isaac_ros-dev/install/isaac_ros_nitros:/workspaces/isaac_ros-dev/install/isaac_ros_tensor_list_interfaces:/workspaces/isaac_ros-dev/install/isaac_ros_nitros_interfaces:/workspaces/isaac_ros-dev/install/isaac_ros_gxf:/workspaces/isaac_ros-dev/install/isaac_ros_common:${CMAKE_PREFIX_PATH} LD_LIBRARY_PATH=/workspaces/isaac_ros-dev/install/isaac_ros_nitros/lib:/workspaces/isaac_ros-dev/install/isaac_ros_tensor_list_interfaces/lib:/workspaces/isaac_ros-dev/install/isaac_ros_nitros_interfaces/lib:/workspaces/isaac_ros-dev/install/isaac_ros_common/lib:/opt/ros/humble/install/opt/rviz_ogre_vendor/lib:/opt/ros/humble/install/lib:/usr/lib/aarch64-linux-gnu/tegra/weston:/usr/lib/aarch64-linux-gnu/tegra-egl:/usr/local/cuda-11.4/targets/aarch64-linux/lib:/usr/lib/aarch64-linux-gnu/tegra:/opt/nvidia/vpi2/lib64:/usr/lib/aarch64-linux-gnu-host:/opt/tritonserver/lib PYTHONPATH=/workspaces/isaac_ros-dev/install/isaac_ros_tensor_list_interfaces/lib/python3.8/site-packages:/workspaces/isaac_ros-dev/install/isaac_ros_nitros_interfaces/lib/python3.8/site-packages:/workspaces/isaac_ros-dev/install/isaac_ros_test/lib/python3.8/site-packages:${PYTHONPATH} /usr/bin/cmake /workspaces/isaac_ros-dev/src/isaac_ros_nitros/isaac_ros_nitros_type/isaac_ros_nitros_tensor_list_type -DCMAKE_INSTALL_PREFIX=/workspaces/isaac_ros-dev/install/isaac_ros_nitros_tensor_list_type
[11.644s] Invoking command in '/workspaces/isaac_ros-dev/build/isaac_ros_nitros_tensor_list_type': AMENT_PREFIX_PATH=/workspaces/isaac_ros-dev/install/isaac_ros_nitros:/workspaces/isaac_ros-dev/install/isaac_ros_tensor_list_interfaces:/workspaces/isaac_ros-dev/install/isaac_ros_nitros_interfaces:/workspaces/isaac_ros-dev/install/isaac_ros_gxf:/workspaces/isaac_ros-dev/install/isaac_ros_test:/workspaces/isaac_ros-dev/install/isaac_ros_common:${AMENT_PREFIX_PATH} CMAKE_PREFIX_PATH=/workspaces/isaac_ros-dev/install/isaac_ros_nitros:/workspaces/isaac_ros-dev/install/isaac_ros_tensor_list_interfaces:/workspaces/isaac_ros-dev/install/isaac_ros_nitros_interfaces:/workspaces/isaac_ros-dev/install/isaac_ros_gxf:/workspaces/isaac_ros-dev/install/isaac_ros_common:${CMAKE_PREFIX_PATH} LD_LIBRARY_PATH=/workspaces/isaac_ros-dev/install/isaac_ros_nitros/lib:/workspaces/isaac_ros-dev/install/isaac_ros_tensor_list_interfaces/lib:/workspaces/isaac_ros-dev/install/isaac_ros_nitros_interfaces/lib:/workspaces/isaac_ros-dev/install/isaac_ros_common/lib:/opt/ros/humble/install/opt/rviz_ogre_vendor/lib:/opt/ros/humble/install/lib:/usr/lib/aarch64-linux-gnu/tegra/weston:/usr/lib/aarch64-linux-gnu/tegra-egl:/usr/local/cuda-11.4/targets/aarch64-linux/lib:/usr/lib/aarch64-linux-gnu/tegra:/opt/nvidia/vpi2/lib64:/usr/lib/aarch64-linux-gnu-host:/opt/tritonserver/lib PYTHONPATH=/workspaces/isaac_ros-dev/install/isaac_ros_tensor_list_interfaces/lib/python3.8/site-packages:/workspaces/isaac_ros-dev/install/isaac_ros_nitros_interfaces/lib/python3.8/site-packages:/workspaces/isaac_ros-dev/install/isaac_ros_test/lib/python3.8/site-packages:${PYTHONPATH} /usr/bin/cmake --build /workspaces/isaac_ros-dev/build/isaac_ros_nitros_tensor_list_type -- -j4 -l4
[11.749s] [  2%] [32mBuilding CXX object _deps/yaml-cpp-build/CMakeFiles/yaml-cpp.dir/src/binary.cpp.o[0m
[12.563s] [  5%] [32mBuilding CXX object _deps/yaml-cpp-build/CMakeFiles/yaml-cpp.dir/src/emit.cpp.o[0m
[14.188s] [  8%] [32mBuilding CXX object _deps/yaml-cpp-build/CMakeFiles/yaml-cpp.dir/src/emitfromevents.cpp.o[0m
[16.159s] [ 11%] [32mBuilding CXX object _deps/yaml-cpp-build/CMakeFiles/yaml-cpp.dir/src/emitter.cpp.o[0m
[18.827s] [ 14%] [32mBuilding CXX object _deps/yaml-cpp-build/CMakeFiles/yaml-cpp.dir/src/emitterstate.cpp.o[0m
[21.483s] [ 17%] [32mBuilding CXX object _deps/yaml-cpp-build/CMakeFiles/yaml-cpp.dir/src/emitterutils.cpp.o[0m
[30.076s] [ 20%] [32mBuilding CXX object _deps/yaml-cpp-build/CMakeFiles/yaml-cpp.dir/src/exceptions.cpp.o[0m
[31.094s] [ 22%] [32mBuilding CXX object _deps/yaml-cpp-build/CMakeFiles/yaml-cpp.dir/src/exp.cpp.o[0m
[32.743s] [ 25%] [32mBuilding CXX object _deps/yaml-cpp-build/CMakeFiles/yaml-cpp.dir/src/memory.cpp.o[0m
[34.642s] [ 28%] [32mBuilding CXX object _deps/yaml-cpp-build/CMakeFiles/yaml-cpp.dir/src/node.cpp.o[0m
[35.678s] [ 31%] [32mBuilding CXX object _deps/yaml-cpp-build/CMakeFiles/yaml-cpp.dir/src/node_data.cpp.o[0m
[38.296s] [ 34%] [32mBuilding CXX object _deps/yaml-cpp-build/CMakeFiles/yaml-cpp.dir/src/nodebuilder.cpp.o[0m
[40.916s] [ 37%] [32mBuilding CXX object _deps/yaml-cpp-build/CMakeFiles/yaml-cpp.dir/src/nodeevents.cpp.o[0m
[43.064s] [ 40%] [32mBuilding CXX object _deps/yaml-cpp-build/CMakeFiles/yaml-cpp.dir/src/null.cpp.o[0m
[43.585s] [ 42%] [32mBuilding CXX object _deps/yaml-cpp-build/CMakeFiles/yaml-cpp.dir/src/ostream_wrapper.cpp.o[0m
[44.731s] [ 45%] [32mBuilding CXX object _deps/yaml-cpp-build/CMakeFiles/yaml-cpp.dir/src/parse.cpp.o[0m
[47.352s] [ 48%] [32mBuilding CXX object _deps/yaml-cpp-build/CMakeFiles/yaml-cpp.dir/src/parser.cpp.o[0m
[49.757s] [ 51%] [32mBuilding CXX object _deps/yaml-cpp-build/CMakeFiles/yaml-cpp.dir/src/regex_yaml.cpp.o[0m
[51.180s] [ 54%] [32mBuilding CXX object _deps/yaml-cpp-build/CMakeFiles/yaml-cpp.dir/src/scanner.cpp.o[0m
[55.242s] [ 57%] [32mBuilding CXX object _deps/yaml-cpp-build/CMakeFiles/yaml-cpp.dir/src/scanscalar.cpp.o[0m
[58.043s] [ 60%] [32mBuilding CXX object _deps/yaml-cpp-build/CMakeFiles/yaml-cpp.dir/src/scantag.cpp.o[0m
[60.292s] [ 62%] [32mBuilding CXX object _deps/yaml-cpp-build/CMakeFiles/yaml-cpp.dir/src/scantoken.cpp.o[0m
[66.327s] [ 65%] [32mBuilding CXX object _deps/yaml-cpp-build/CMakeFiles/yaml-cpp.dir/src/simplekey.cpp.o[0m
[68.065s] [ 68%] [32mBuilding CXX object _deps/yaml-cpp-build/CMakeFiles/yaml-cpp.dir/src/singledocparser.cpp.o[0m
[71.163s] [ 71%] [32mBuilding CXX object _deps/yaml-cpp-build/CMakeFiles/yaml-cpp.dir/src/stream.cpp.o[0m
[72.620s] [ 74%] [32mBuilding CXX object _deps/yaml-cpp-build/CMakeFiles/yaml-cpp.dir/src/tag.cpp.o[0m
[73.818s] [ 77%] [32mBuilding CXX object _deps/yaml-cpp-build/CMakeFiles/yaml-cpp.dir/src/contrib/graphbuilder.cpp.o[0m
[75.009s] [ 80%] [32mBuilding CXX object _deps/yaml-cpp-build/CMakeFiles/yaml-cpp.dir/src/contrib/graphbuilderadapter.cpp.o[0m
[76.231s] [ 82%] [32mBuilding CXX object _deps/yaml-cpp-build/CMakeFiles/yaml-cpp.dir/src/directives.cpp.o[0m
[77.010s] [ 85%] [32mBuilding CXX object _deps/yaml-cpp-build/CMakeFiles/yaml-cpp.dir/src/convert.cpp.o[0m
[79.256s] [ 88%] [32m[1mLinking CXX static library libyaml-cpp.a[0m
[79.384s] [ 88%] Built target yaml-cpp
[79.420s] [ 91%] [32mBuilding CXX object CMakeFiles/isaac_ros_nitros_tensor_list_type.dir/src/nitros_tensor_list.cpp.o[0m
[111.331s] [ 94%] [32m[1mLinking CXX shared library libisaac_ros_nitros_tensor_list_type.so[0m
[111.853s] [ 94%] Built target isaac_ros_nitros_tensor_list_type
[111.894s] [ 97%] [32mBuilding CXX object CMakeFiles/nitros_tensor_list_forward_node.dir/test/src/nitros_tensor_list_forward_node.cpp.o[0m
[175.401s] [100%] [32m[1mLinking CXX shared library libnitros_tensor_list_forward_node.so[0m
[176.182s] [100%] Built target nitros_tensor_list_forward_node
[176.198s] Invoked command in '/workspaces/isaac_ros-dev/build/isaac_ros_nitros_tensor_list_type' returned '0': AMENT_PREFIX_PATH=/workspaces/isaac_ros-dev/install/isaac_ros_nitros:/workspaces/isaac_ros-dev/install/isaac_ros_tensor_list_interfaces:/workspaces/isaac_ros-dev/install/isaac_ros_nitros_interfaces:/workspaces/isaac_ros-dev/install/isaac_ros_gxf:/workspaces/isaac_ros-dev/install/isaac_ros_test:/workspaces/isaac_ros-dev/install/isaac_ros_common:${AMENT_PREFIX_PATH} CMAKE_PREFIX_PATH=/workspaces/isaac_ros-dev/install/isaac_ros_nitros:/workspaces/isaac_ros-dev/install/isaac_ros_tensor_list_interfaces:/workspaces/isaac_ros-dev/install/isaac_ros_nitros_interfaces:/workspaces/isaac_ros-dev/install/isaac_ros_gxf:/workspaces/isaac_ros-dev/install/isaac_ros_common:${CMAKE_PREFIX_PATH} LD_LIBRARY_PATH=/workspaces/isaac_ros-dev/install/isaac_ros_nitros/lib:/workspaces/isaac_ros-dev/install/isaac_ros_tensor_list_interfaces/lib:/workspaces/isaac_ros-dev/install/isaac_ros_nitros_interfaces/lib:/workspaces/isaac_ros-dev/install/isaac_ros_common/lib:/opt/ros/humble/install/opt/rviz_ogre_vendor/lib:/opt/ros/humble/install/lib:/usr/lib/aarch64-linux-gnu/tegra/weston:/usr/lib/aarch64-linux-gnu/tegra-egl:/usr/local/cuda-11.4/targets/aarch64-linux/lib:/usr/lib/aarch64-linux-gnu/tegra:/opt/nvidia/vpi2/lib64:/usr/lib/aarch64-linux-gnu-host:/opt/tritonserver/lib PYTHONPATH=/workspaces/isaac_ros-dev/install/isaac_ros_tensor_list_interfaces/lib/python3.8/site-packages:/workspaces/isaac_ros-dev/install/isaac_ros_nitros_interfaces/lib/python3.8/site-packages:/workspaces/isaac_ros-dev/install/isaac_ros_test/lib/python3.8/site-packages:${PYTHONPATH} /usr/bin/cmake --build /workspaces/isaac_ros-dev/build/isaac_ros_nitros_tensor_list_type -- -j4 -l4
[176.288s] Invoking command in '/workspaces/isaac_ros-dev/build/isaac_ros_nitros_tensor_list_type': AMENT_PREFIX_PATH=/workspaces/isaac_ros-dev/install/isaac_ros_nitros:/workspaces/isaac_ros-dev/install/isaac_ros_tensor_list_interfaces:/workspaces/isaac_ros-dev/install/isaac_ros_nitros_interfaces:/workspaces/isaac_ros-dev/install/isaac_ros_gxf:/workspaces/isaac_ros-dev/install/isaac_ros_test:/workspaces/isaac_ros-dev/install/isaac_ros_common:${AMENT_PREFIX_PATH} CMAKE_PREFIX_PATH=/workspaces/isaac_ros-dev/install/isaac_ros_nitros:/workspaces/isaac_ros-dev/install/isaac_ros_tensor_list_interfaces:/workspaces/isaac_ros-dev/install/isaac_ros_nitros_interfaces:/workspaces/isaac_ros-dev/install/isaac_ros_gxf:/workspaces/isaac_ros-dev/install/isaac_ros_common:${CMAKE_PREFIX_PATH} LD_LIBRARY_PATH=/workspaces/isaac_ros-dev/install/isaac_ros_nitros/lib:/workspaces/isaac_ros-dev/install/isaac_ros_tensor_list_interfaces/lib:/workspaces/isaac_ros-dev/install/isaac_ros_nitros_interfaces/lib:/workspaces/isaac_ros-dev/install/isaac_ros_common/lib:/opt/ros/humble/install/opt/rviz_ogre_vendor/lib:/opt/ros/humble/install/lib:/usr/lib/aarch64-linux-gnu/tegra/weston:/usr/lib/aarch64-linux-gnu/tegra-egl:/usr/local/cuda-11.4/targets/aarch64-linux/lib:/usr/lib/aarch64-linux-gnu/tegra:/opt/nvidia/vpi2/lib64:/usr/lib/aarch64-linux-gnu-host:/opt/tritonserver/lib PYTHONPATH=/workspaces/isaac_ros-dev/install/isaac_ros_tensor_list_interfaces/lib/python3.8/site-packages:/workspaces/isaac_ros-dev/install/isaac_ros_nitros_interfaces/lib/python3.8/site-packages:/workspaces/isaac_ros-dev/install/isaac_ros_test/lib/python3.8/site-packages:${PYTHONPATH} /usr/bin/cmake --install /workspaces/isaac_ros-dev/build/isaac_ros_nitros_tensor_list_type
[176.301s] -- Install configuration: "Release"
[176.302s] -- Installing: /workspaces/isaac_ros-dev/install/isaac_ros_nitros_tensor_list_type/lib/libyaml-cpp.a
[176.305s] -- Installing: /workspaces/isaac_ros-dev/install/isaac_ros_nitros_tensor_list_type/include/yaml-cpp
[176.305s] -- Installing: /workspaces/isaac_ros-dev/install/isaac_ros_nitros_tensor_list_type/include/yaml-cpp/exceptions.h
[176.305s] -- Installing: /workspaces/isaac_ros-dev/install/isaac_ros_nitros_tensor_list_type/include/yaml-cpp/ostream_wrapper.h
[176.306s] -- Installing: /workspaces/isaac_ros-dev/install/isaac_ros_nitros_tensor_list_type/include/yaml-cpp/emitterstyle.h
[176.306s] -- Installing: /workspaces/isaac_ros-dev/install/isaac_ros_nitros_tensor_list_type/include/yaml-cpp/yaml.h
[176.306s] -- Installing: /workspaces/isaac_ros-dev/install/isaac_ros_nitros_tensor_list_type/include/yaml-cpp/binary.h
[176.307s] -- Installing: /workspaces/isaac_ros-dev/install/isaac_ros_nitros_tensor_list_type/include/yaml-cpp/emitfromevents.h
[176.307s] -- Installing: /workspaces/isaac_ros-dev/install/isaac_ros_nitros_tensor_list_type/include/yaml-cpp/dll.h
[176.307s] -- Installing: /workspaces/isaac_ros-dev/install/isaac_ros_nitros_tensor_list_type/include/yaml-cpp/traits.h
[176.307s] -- Installing: /workspaces/isaac_ros-dev/install/isaac_ros_nitros_tensor_list_type/include/yaml-cpp/contrib
[176.308s] -- Installing: /workspaces/isaac_ros-dev/install/isaac_ros_nitros_tensor_list_type/include/yaml-cpp/contrib/anchordict.h
[176.308s] -- Installing: /workspaces/isaac_ros-dev/install/isaac_ros_nitros_tensor_list_type/include/yaml-cpp/contrib/graphbuilder.h
[176.308s] -- Installing: /workspaces/isaac_ros-dev/install/isaac_ros_nitros_tensor_list_type/include/yaml-cpp/emitter.h
[176.309s] -- Installing: /workspaces/isaac_ros-dev/install/isaac_ros_nitros_tensor_list_type/include/yaml-cpp/stlemitter.h
[176.309s] -- Installing: /workspaces/isaac_ros-dev/install/isaac_ros_nitros_tensor_list_type/include/yaml-cpp/eventhandler.h
[176.309s] -- Installing: /workspaces/isaac_ros-dev/install/isaac_ros_nitros_tensor_list_type/include/yaml-cpp/emittermanip.h
[176.310s] -- Installing: /workspaces/isaac_ros-dev/install/isaac_ros_nitros_tensor_list_type/include/yaml-cpp/anchor.h
[176.310s] -- Installing: /workspaces/isaac_ros-dev/install/isaac_ros_nitros_tensor_list_type/include/yaml-cpp/parser.h
[176.310s] -- Installing: /workspaces/isaac_ros-dev/install/isaac_ros_nitros_tensor_list_type/include/yaml-cpp/emitterdef.h
[176.311s] -- Installing: /workspaces/isaac_ros-dev/install/isaac_ros_nitros_tensor_list_type/include/yaml-cpp/node
[176.311s] -- Installing: /workspaces/isaac_ros-dev/install/isaac_ros_nitros_tensor_list_type/include/yaml-cpp/node/emit.h
[176.311s] -- Installing: /workspaces/isaac_ros-dev/install/isaac_ros_nitros_tensor_list_type/include/yaml-cpp/node/impl.h
[176.311s] -- Installing: /workspaces/isaac_ros-dev/install/isaac_ros_nitros_tensor_list_type/include/yaml-cpp/node/convert.h
[176.312s] -- Installing: /workspaces/isaac_ros-dev/install/isaac_ros_nitros_tensor_list_type/include/yaml-cpp/node/iterator.h
[176.312s] -- Installing: /workspaces/isaac_ros-dev/install/isaac_ros_nitros_tensor_list_type/include/yaml-cpp/node/parse.h
[176.312s] -- Installing: /workspaces/isaac_ros-dev/install/isaac_ros_nitros_tensor_list_type/include/yaml-cpp/node/detail
[176.313s] -- Installing: /workspaces/isaac_ros-dev/install/isaac_ros_nitros_tensor_list_type/include/yaml-cpp/node/detail/impl.h
[176.313s] -- Installing: /workspaces/isaac_ros-dev/install/isaac_ros_nitros_tensor_list_type/include/yaml-cpp/node/detail/node_ref.h
[176.313s] -- Installing: /workspaces/isaac_ros-dev/install/isaac_ros_nitros_tensor_list_type/include/yaml-cpp/node/detail/iterator.h
[176.314s] -- Installing: /workspaces/isaac_ros-dev/install/isaac_ros_nitros_tensor_list_type/include/yaml-cpp/node/detail/node_iterator.h
[176.314s] -- Installing: /workspaces/isaac_ros-dev/install/isaac_ros_nitros_tensor_list_type/include/yaml-cpp/node/detail/memory.h
[176.314s] -- Installing: /workspaces/isaac_ros-dev/install/isaac_ros_nitros_tensor_list_type/include/yaml-cpp/node/detail/iterator_fwd.h
[176.315s] -- Installing: /workspaces/isaac_ros-dev/install/isaac_ros_nitros_tensor_list_type/include/yaml-cpp/node/detail/node_data.h
[176.315s] -- Installing: /workspaces/isaac_ros-dev/install/isaac_ros_nitros_tensor_list_type/include/yaml-cpp/node/detail/bool_type.h
[176.315s] -- Installing: /workspaces/isaac_ros-dev/install/isaac_ros_nitros_tensor_list_type/include/yaml-cpp/node/detail/node.h
[176.316s] -- Installing: /workspaces/isaac_ros-dev/install/isaac_ros_nitros_tensor_list_type/include/yaml-cpp/node/node.h
[176.316s] -- Installing: /workspaces/isaac_ros-dev/install/isaac_ros_nitros_tensor_list_type/include/yaml-cpp/node/ptr.h
[176.316s] -- Installing: /workspaces/isaac_ros-dev/install/isaac_ros_nitros_tensor_list_type/include/yaml-cpp/node/type.h
[176.317s] -- Installing: /workspaces/isaac_ros-dev/install/isaac_ros_nitros_tensor_list_type/include/yaml-cpp/null.h
[176.317s] -- Installing: /workspaces/isaac_ros-dev/install/isaac_ros_nitros_tensor_list_type/include/yaml-cpp/mark.h
[176.318s] -- Installing: /workspaces/isaac_ros-dev/install/isaac_ros_nitros_tensor_list_type/lib/cmake/yaml-cpp/yaml-cpp-config.cmake
[176.318s] -- Installing: /workspaces/isaac_ros-dev/install/isaac_ros_nitros_tensor_list_type/lib/cmake/yaml-cpp/yaml-cpp-config-version.cmake
[176.318s] -- Installing: /workspaces/isaac_ros-dev/install/isaac_ros_nitros_tensor_list_type/lib/cmake/yaml-cpp/yaml-cpp-targets.cmake
[176.319s] -- Installing: /workspaces/isaac_ros-dev/install/isaac_ros_nitros_tensor_list_type/lib/cmake/yaml-cpp/yaml-cpp-targets-release.cmake
[176.319s] -- Installing: /workspaces/isaac_ros-dev/install/isaac_ros_nitros_tensor_list_type/lib/pkgconfig/yaml-cpp.pc
[176.320s] -- Installing: /workspaces/isaac_ros-dev/install/isaac_ros_nitros_tensor_list_type/share/isaac_ros_nitros_tensor_list_type/test/config
[176.320s] -- Installing: /workspaces/isaac_ros-dev/install/isaac_ros_nitros_tensor_list_type/share/isaac_ros_nitros_tensor_list_type/test/config/test_forward_node.yaml
[176.322s] -- Up-to-date: /workspaces/isaac_ros-dev/install/isaac_ros_nitros_tensor_list_type/include
[176.323s] -- Installing: /workspaces/isaac_ros-dev/install/isaac_ros_nitros_tensor_list_type/include/isaac_ros_nitros_tensor_list_type
[176.323s] -- Installing: /workspaces/isaac_ros-dev/install/isaac_ros_nitros_tensor_list_type/include/isaac_ros_nitros_tensor_list_type/nitros_tensor_list.hpp
[176.323s] -- Installing: /workspaces/isaac_ros-dev/install/isaac_ros_nitros_tensor_list_type/share/isaac_ros_nitros_tensor_list_type/environment/library_path.sh
[176.323s] -- Installing: /workspaces/isaac_ros-dev/install/isaac_ros_nitros_tensor_list_type/share/isaac_ros_nitros_tensor_list_type/environment/library_path.dsv
[176.323s] -- Installing: /workspaces/isaac_ros-dev/install/isaac_ros_nitros_tensor_list_type/lib/libisaac_ros_nitros_tensor_list_type.so
[176.324s] -- Set runtime path of "/workspaces/isaac_ros-dev/install/isaac_ros_nitros_tensor_list_type/lib/libisaac_ros_nitros_tensor_list_type.so" to "/usr/local/cuda/lib64:/opt/ros/humble/install/lib:/workspaces/isaac_ros-dev/install/isaac_ros_tensor_list_interfaces/lib:/workspaces/isaac_ros-dev/install/isaac_ros_common/lib:/workspaces/isaac_ros-dev/install/isaac_ros_nitros_interfaces/lib:/workspaces/isaac_ros-dev/install/isaac_ros_nitros/lib:/workspaces/isaac_ros-dev/install/isaac_ros_gxf/share/isaac_ros_gxf/gxf/lib/core"
[176.324s] -- Installing: /workspaces/isaac_ros-dev/install/isaac_ros_nitros_tensor_list_type/lib/libnitros_tensor_list_forward_node.so
[176.329s] -- Set runtime path of "/workspaces/isaac_ros-dev/install/isaac_ros_nitros_tensor_list_type/lib/libnitros_tensor_list_forward_node.so" to "/usr/local/cuda/lib64:/opt/ros/humble/install/lib:/workspaces/isaac_ros-dev/install/isaac_ros_common/lib:/workspaces/isaac_ros-dev/install/isaac_ros_nitros_interfaces/lib:/workspaces/isaac_ros-dev/install/isaac_ros_nitros/lib:/workspaces/isaac_ros-dev/install/isaac_ros_tensor_list_interfaces/lib:/workspaces/isaac_ros-dev/install/isaac_ros_gxf/share/isaac_ros_gxf/gxf/lib/core"
[176.330s] -- Installing: /workspaces/isaac_ros-dev/install/isaac_ros_nitros_tensor_list_type/share/ament_index/resource_index/package_run_dependencies/isaac_ros_nitros_tensor_list_type
[176.330s] -- Installing: /workspaces/isaac_ros-dev/install/isaac_ros_nitros_tensor_list_type/share/ament_index/resource_index/parent_prefix_path/isaac_ros_nitros_tensor_list_type
[176.331s] -- Installing: /workspaces/isaac_ros-dev/install/isaac_ros_nitros_tensor_list_type/share/isaac_ros_nitros_tensor_list_type/environment/ament_prefix_path.sh
[176.331s] -- Installing: /workspaces/isaac_ros-dev/install/isaac_ros_nitros_tensor_list_type/share/isaac_ros_nitros_tensor_list_type/environment/ament_prefix_path.dsv
[176.331s] -- Installing: /workspaces/isaac_ros-dev/install/isaac_ros_nitros_tensor_list_type/share/isaac_ros_nitros_tensor_list_type/environment/path.sh
[176.332s] -- Installing: /workspaces/isaac_ros-dev/install/isaac_ros_nitros_tensor_list_type/share/isaac_ros_nitros_tensor_list_type/environment/path.dsv
[176.332s] -- Installing: /workspaces/isaac_ros-dev/install/isaac_ros_nitros_tensor_list_type/share/isaac_ros_nitros_tensor_list_type/local_setup.bash
[176.333s] -- Installing: /workspaces/isaac_ros-dev/install/isaac_ros_nitros_tensor_list_type/share/isaac_ros_nitros_tensor_list_type/local_setup.sh
[176.333s] -- Installing: /workspaces/isaac_ros-dev/install/isaac_ros_nitros_tensor_list_type/share/isaac_ros_nitros_tensor_list_type/local_setup.zsh
[176.333s] -- Installing: /workspaces/isaac_ros-dev/install/isaac_ros_nitros_tensor_list_type/share/isaac_ros_nitros_tensor_list_type/local_setup.dsv
[176.334s] -- Installing: /workspaces/isaac_ros-dev/install/isaac_ros_nitros_tensor_list_type/share/isaac_ros_nitros_tensor_list_type/package.dsv
[176.334s] -- Installing: /workspaces/isaac_ros-dev/install/isaac_ros_nitros_tensor_list_type/share/ament_index/resource_index/packages/isaac_ros_nitros_tensor_list_type
[176.335s] -- Installing: /workspaces/isaac_ros-dev/install/isaac_ros_nitros_tensor_list_type/share/ament_index/resource_index/rclcpp_components/isaac_ros_nitros_tensor_list_type
[176.335s] -- Installing: /workspaces/isaac_ros-dev/install/isaac_ros_nitros_tensor_list_type/share/isaac_ros_nitros_tensor_list_type/cmake/ament_cmake_export_dependencies-extras.cmake
[176.336s] -- Installing: /workspaces/isaac_ros-dev/install/isaac_ros_nitros_tensor_list_type/share/isaac_ros_nitros_tensor_list_type/cmake/ament_cmake_export_include_directories-extras.cmake
[176.336s] -- Installing: /workspaces/isaac_ros-dev/install/isaac_ros_nitros_tensor_list_type/share/isaac_ros_nitros_tensor_list_type/cmake/ament_cmake_export_libraries-extras.cmake
[176.337s] -- Installing: /workspaces/isaac_ros-dev/install/isaac_ros_nitros_tensor_list_type/share/isaac_ros_nitros_tensor_list_type/cmake/isaac_ros_nitros_tensor_list_typeConfig.cmake
[176.337s] -- Installing: /workspaces/isaac_ros-dev/install/isaac_ros_nitros_tensor_list_type/share/isaac_ros_nitros_tensor_list_type/cmake/isaac_ros_nitros_tensor_list_typeConfig-version.cmake
[176.337s] -- Installing: /workspaces/isaac_ros-dev/install/isaac_ros_nitros_tensor_list_type/share/isaac_ros_nitros_tensor_list_type/package.xml
[176.352s] Invoked command in '/workspaces/isaac_ros-dev/build/isaac_ros_nitros_tensor_list_type' returned '0': AMENT_PREFIX_PATH=/workspaces/isaac_ros-dev/install/isaac_ros_nitros:/workspaces/isaac_ros-dev/install/isaac_ros_tensor_list_interfaces:/workspaces/isaac_ros-dev/install/isaac_ros_nitros_interfaces:/workspaces/isaac_ros-dev/install/isaac_ros_gxf:/workspaces/isaac_ros-dev/install/isaac_ros_test:/workspaces/isaac_ros-dev/install/isaac_ros_common:${AMENT_PREFIX_PATH} CMAKE_PREFIX_PATH=/workspaces/isaac_ros-dev/install/isaac_ros_nitros:/workspaces/isaac_ros-dev/install/isaac_ros_tensor_list_interfaces:/workspaces/isaac_ros-dev/install/isaac_ros_nitros_interfaces:/workspaces/isaac_ros-dev/install/isaac_ros_gxf:/workspaces/isaac_ros-dev/install/isaac_ros_common:${CMAKE_PREFIX_PATH} LD_LIBRARY_PATH=/workspaces/isaac_ros-dev/install/isaac_ros_nitros/lib:/workspaces/isaac_ros-dev/install/isaac_ros_tensor_list_interfaces/lib:/workspaces/isaac_ros-dev/install/isaac_ros_nitros_interfaces/lib:/workspaces/isaac_ros-dev/install/isaac_ros_common/lib:/opt/ros/humble/install/opt/rviz_ogre_vendor/lib:/opt/ros/humble/install/lib:/usr/lib/aarch64-linux-gnu/tegra/weston:/usr/lib/aarch64-linux-gnu/tegra-egl:/usr/local/cuda-11.4/targets/aarch64-linux/lib:/usr/lib/aarch64-linux-gnu/tegra:/opt/nvidia/vpi2/lib64:/usr/lib/aarch64-linux-gnu-host:/opt/tritonserver/lib PYTHONPATH=/workspaces/isaac_ros-dev/install/isaac_ros_tensor_list_interfaces/lib/python3.8/site-packages:/workspaces/isaac_ros-dev/install/isaac_ros_nitros_interfaces/lib/python3.8/site-packages:/workspaces/isaac_ros-dev/install/isaac_ros_test/lib/python3.8/site-packages:${PYTHONPATH} /usr/bin/cmake --install /workspaces/isaac_ros-dev/build/isaac_ros_nitros_tensor_list_type
