[0.061s] Invoking command in '/workspaces/isaac_ros-dev/build/isaac_ros_nitros': AMENT_PREFIX_PATH=/workspaces/isaac_ros-dev/install/isaac_ros_nitros_interfaces:/workspaces/isaac_ros-dev/install/isaac_ros_gxf:/workspaces/isaac_ros-dev/install/isaac_ros_test:/workspaces/isaac_ros-dev/install/isaac_ros_common:${AMENT_PREFIX_PATH} CMAKE_PREFIX_PATH=/workspaces/isaac_ros-dev/install/isaac_ros_nitros_interfaces:/workspaces/isaac_ros-dev/install/isaac_ros_gxf:/workspaces/isaac_ros-dev/install/isaac_ros_common:${CMAKE_PREFIX_PATH} LD_LIBRARY_PATH=/workspaces/isaac_ros-dev/install/isaac_ros_nitros_interfaces/lib:/workspaces/isaac_ros-dev/install/isaac_ros_common/lib:${LD_LIBRARY_PATH} PYTHONPATH=/workspaces/isaac_ros-dev/install/isaac_ros_nitros_interfaces/lib/python3.8/site-packages:/workspaces/isaac_ros-dev/install/isaac_ros_test/lib/python3.8/site-packages:${PYTHONPATH} /usr/local/bin/cmake /workspaces/isaac_ros-dev/src/isaac_ros_nitros/isaac_ros_nitros -DCMAKE_INSTALL_PREFIX=/workspaces/isaac_ros-dev/install/isaac_ros_nitros
[0.123s] -- The C compiler identification is GNU 9.4.0
[0.173s] -- The CXX compiler identification is GNU 9.4.0
[0.179s] -- Detecting C compiler ABI info
[0.225s] -- Detecting C compiler ABI info - done
[0.240s] -- Check for working C compiler: /usr/bin/cc - skipped
[0.241s] -- Detecting C compile features
[0.244s] -- Detecting C compile features - done
[0.247s] -- Detecting CXX compiler ABI info
[0.299s] -- Detecting CXX compiler ABI info - done
[0.308s] -- Check for working CXX compiler: /usr/bin/c++ - skipped
[0.308s] -- Detecting CXX compile features
[0.308s] -- Detecting CXX compile features - done
[0.310s] -- Found ament_cmake_auto: 1.3.3 (/opt/ros/humble/install/share/ament_cmake_auto/cmake)
[0.905s] -- Found Python3: /usr/bin/python3.8 (found version "3.8.10") found components: Interpreter 
[1.005s] -- Loading isaac_ros_common extras
[1.005s] -- CMAKE_BUILD_TYPE: Release
[1.015s] -- Performing Test CMAKE_HAVE_LIBC_PTHREAD
[1.059s] -- Performing Test CMAKE_HAVE_LIBC_PTHREAD - Failed
[1.059s] -- Looking for pthread_create in pthreads
[1.095s] -- Looking for pthread_create in pthreads - not found
[1.095s] -- Looking for pthread_create in pthread
[1.136s] -- Looking for pthread_create in pthread - found
[1.137s] -- Found Threads: TRUE  
[1.148s] -- Found CUDA: /usr/local/cuda (found version "11.8") 
[1.149s] -- Loading isaac_ros_common extras (modules)
[1.182s] -- Found rosidl_generator_c: 3.1.4 (/opt/ros/humble/install/share/rosidl_generator_c/cmake)
[1.186s] -- Found rosidl_adapter: 3.1.4 (/opt/ros/humble/install/share/rosidl_adapter/cmake)
[1.193s] -- Found rosidl_generator_cpp: 3.1.4 (/opt/ros/humble/install/share/rosidl_generator_cpp/cmake)
[1.206s] -- Using all available rosidl_typesupport_c: rosidl_typesupport_fastrtps_c;rosidl_typesupport_introspection_c
[1.223s] -- Using all available rosidl_typesupport_cpp: rosidl_typesupport_fastrtps_cpp;rosidl_typesupport_introspection_cpp
[1.289s] -- Found rmw_implementation_cmake: 6.1.1 (/opt/ros/humble/install/share/rmw_implementation_cmake/cmake)
[1.291s] -- Found rmw_fastrtps_cpp: 6.2.2 (/opt/ros/humble/install/share/rmw_fastrtps_cpp/cmake)
[1.373s] -- Found OpenSSL: /usr/lib/x86_64-linux-gnu/libcrypto.so (found version "1.1.1f")  
[1.394s] -- Found FastRTPS: /opt/ros/humble/install/include  
[1.435s] -- Using RMW implementation 'rmw_fastrtps_cpp' as default
[1.678s] -- Loading isaac_ros_gxf extras
[1.683s] -- Found atlas lib=/workspaces/isaac_ros-dev/install/isaac_ros_gxf/share/isaac_ros_gxf/gxf/lib/libgxf_atlas.so, include=/workspaces/isaac_ros-dev/install/isaac_ros_gxf/share/isaac_ros_gxf/gxf/include/gxf
[1.684s] -- Found cuda lib=/workspaces/isaac_ros-dev/install/isaac_ros_gxf/share/isaac_ros_gxf/gxf/lib/cuda/libgxf_cuda.so, include=/workspaces/isaac_ros-dev/install/isaac_ros_gxf/share/isaac_ros_gxf/gxf/include/gxf
[1.686s] -- Found isaac_messages lib=/workspaces/isaac_ros-dev/install/isaac_ros_gxf/share/isaac_ros_gxf/gxf/lib/libgxf_isaac_messages.so, include=/workspaces/isaac_ros-dev/install/isaac_ros_gxf/share/isaac_ros_gxf/gxf/include/gxf
[1.687s] -- Found isaac_ros_messages lib=/workspaces/isaac_ros-dev/install/isaac_ros_gxf/share/isaac_ros_gxf/gxf/lib/libgxf_isaac_ros_messages.so, include=/workspaces/isaac_ros-dev/install/isaac_ros_gxf/share/isaac_ros_gxf/gxf/include/gxf
[1.688s] -- Found multimedia lib=/workspaces/isaac_ros-dev/install/isaac_ros_gxf/share/isaac_ros_gxf/gxf/lib/multimedia/libgxf_multimedia.so, include=/workspaces/isaac_ros-dev/install/isaac_ros_gxf/share/isaac_ros_gxf/gxf/include/gxf
[1.690s] -- Found gxf_optimizer lib=/workspaces/isaac_ros-dev/install/isaac_ros_gxf/share/isaac_ros_gxf/gxf/lib/libgxf_optimizer.so, include=/workspaces/isaac_ros-dev/install/isaac_ros_gxf/share/isaac_ros_gxf/gxf/include/gxf
[1.691s] -- Found serialization lib=/workspaces/isaac_ros-dev/install/isaac_ros_gxf/share/isaac_ros_gxf/gxf/lib/serialization/libgxf_serialization.so, include=/workspaces/isaac_ros-dev/install/isaac_ros_gxf/share/isaac_ros_gxf/gxf/include/gxf
[1.692s] -- Found std lib=/workspaces/isaac_ros-dev/install/isaac_ros_gxf/share/isaac_ros_gxf/gxf/lib/std/libgxf_std.so, include=/workspaces/isaac_ros-dev/install/isaac_ros_gxf/share/isaac_ros_gxf/gxf/include/gxf
[1.693s] -- Found core lib=/workspaces/isaac_ros-dev/install/isaac_ros_gxf/share/isaac_ros_gxf/gxf/lib/core/libgxf_core.so, include=/workspaces/isaac_ros-dev/install/isaac_ros_gxf/share/isaac_ros_gxf/gxf/include/gxf
[1.695s] -- Found GXF:  (found suitable version "2.5.0", minimum required is "2.5.0") found components: core multimedia gxf_optimizer 
[3.672s] -- Performing Test FLAG_WEXTRA
[3.718s] -- Performing Test FLAG_WEXTRA - Success
[3.729s] -- Found ament_lint_auto: 0.12.5 (/opt/ros/humble/install/share/ament_lint_auto/cmake)
[3.750s] -- Found launch_testing_ament_cmake: 1.0.4 (/opt/ros/humble/install/share/launch_testing_ament_cmake/cmake)
[3.752s] -- Found python_cmake_module: 0.10.0 (/opt/ros/humble/install/share/python_cmake_module/cmake)
[3.770s] -- Found PythonInterp: /usr/bin/python3 (found suitable version "3.8.10", minimum required is "3.6") 
[3.774s] -- Found PythonLibs: /usr/lib/x86_64-linux-gnu/libpython3.8.so (found suitable version "3.8.10", minimum required is "3.5") 
[3.775s] -- Using PYTHON_EXECUTABLE: /usr/bin/python3
[3.775s] -- Using PYTHON_INCLUDE_DIRS: /usr/include/python3.8
[3.775s] -- Using PYTHON_LIBRARIES: /usr/lib/x86_64-linux-gnu/libpython3.8.so
[3.794s] -- Found PythonExtra: .so  
[3.800s] -- Added test 'cppcheck' to perform static code analysis on C / C++ code
[3.800s] -- Configured cppcheck include dirs: /workspaces/isaac_ros-dev/src/isaac_ros_nitros/isaac_ros_nitros/include
[3.801s] -- Configured cppcheck exclude dirs and/or files: 
[3.802s] -- Added test 'cpplint' to check C / C++ code against the Google style
[3.803s] -- Configured cpplint exclude dirs and/or files: 
[3.803s] -- Added test 'flake8' to check Python code syntax and style conventions
[3.804s] -- Added test 'lint_cmake' to check CMake code style
[3.804s] -- Added test 'pep257' to check Python code against some of the docstring style conventions in PEP 257
[3.806s] -- Added test 'uncrustify' to check C / C++ code style
[3.806s] -- Configured uncrustify additional arguments: 
[3.807s] -- Added test 'xmllint' to check XML markup files
[3.809s] -- Configuring done (3.7s)
[3.838s] -- Generating done (0.0s)
[3.840s] -- Build files have been written to: /workspaces/isaac_ros-dev/build/isaac_ros_nitros
[3.852s] Invoked command in '/workspaces/isaac_ros-dev/build/isaac_ros_nitros' returned '0': AMENT_PREFIX_PATH=/workspaces/isaac_ros-dev/install/isaac_ros_nitros_interfaces:/workspaces/isaac_ros-dev/install/isaac_ros_gxf:/workspaces/isaac_ros-dev/install/isaac_ros_test:/workspaces/isaac_ros-dev/install/isaac_ros_common:${AMENT_PREFIX_PATH} CMAKE_PREFIX_PATH=/workspaces/isaac_ros-dev/install/isaac_ros_nitros_interfaces:/workspaces/isaac_ros-dev/install/isaac_ros_gxf:/workspaces/isaac_ros-dev/install/isaac_ros_common:${CMAKE_PREFIX_PATH} LD_LIBRARY_PATH=/workspaces/isaac_ros-dev/install/isaac_ros_nitros_interfaces/lib:/workspaces/isaac_ros-dev/install/isaac_ros_common/lib:${LD_LIBRARY_PATH} PYTHONPATH=/workspaces/isaac_ros-dev/install/isaac_ros_nitros_interfaces/lib/python3.8/site-packages:/workspaces/isaac_ros-dev/install/isaac_ros_test/lib/python3.8/site-packages:${PYTHONPATH} /usr/local/bin/cmake /workspaces/isaac_ros-dev/src/isaac_ros_nitros/isaac_ros_nitros -DCMAKE_INSTALL_PREFIX=/workspaces/isaac_ros-dev/install/isaac_ros_nitros
[3.856s] Invoking command in '/workspaces/isaac_ros-dev/build/isaac_ros_nitros': AMENT_PREFIX_PATH=/workspaces/isaac_ros-dev/install/isaac_ros_nitros_interfaces:/workspaces/isaac_ros-dev/install/isaac_ros_gxf:/workspaces/isaac_ros-dev/install/isaac_ros_test:/workspaces/isaac_ros-dev/install/isaac_ros_common:${AMENT_PREFIX_PATH} CMAKE_PREFIX_PATH=/workspaces/isaac_ros-dev/install/isaac_ros_nitros_interfaces:/workspaces/isaac_ros-dev/install/isaac_ros_gxf:/workspaces/isaac_ros-dev/install/isaac_ros_common:${CMAKE_PREFIX_PATH} LD_LIBRARY_PATH=/workspaces/isaac_ros-dev/install/isaac_ros_nitros_interfaces/lib:/workspaces/isaac_ros-dev/install/isaac_ros_common/lib:${LD_LIBRARY_PATH} PYTHONPATH=/workspaces/isaac_ros-dev/install/isaac_ros_nitros_interfaces/lib/python3.8/site-packages:/workspaces/isaac_ros-dev/install/isaac_ros_test/lib/python3.8/site-packages:${PYTHONPATH} /usr/local/bin/cmake --build /workspaces/isaac_ros-dev/build/isaac_ros_nitros -- -j16 -l16
[3.895s] [  2%] [32mBuilding CXX object CMakeFiles/isaac_ros_nitros_exe.dir/rclcpp_components/node_main_isaac_ros_nitros_exe.cpp.o[0m
[3.895s] [  4%] [32mBuilding CXX object _deps/yaml-cpp-build/CMakeFiles/yaml-cpp.dir/src/binary.cpp.o[0m
[3.896s] [  9%] [32mBuilding CXX object _deps/yaml-cpp-build/CMakeFiles/yaml-cpp.dir/src/emit.cpp.o[0m
[3.896s] [ 11%] [32mBuilding CXX object _deps/yaml-cpp-build/CMakeFiles/yaml-cpp.dir/src/emitfromevents.cpp.o[0m
[3.896s] [ 13%] [32mBuilding CXX object _deps/yaml-cpp-build/CMakeFiles/yaml-cpp.dir/src/convert.cpp.o[0m
[3.896s] [ 13%] [32mBuilding CXX object _deps/yaml-cpp-build/CMakeFiles/yaml-cpp.dir/src/directives.cpp.o[0m
[3.897s] [ 16%] [32mBuilding CXX object _deps/yaml-cpp-build/CMakeFiles/yaml-cpp.dir/src/emitterstate.cpp.o[0m
[3.897s] [ 18%] [32mBuilding CXX object _deps/yaml-cpp-build/CMakeFiles/yaml-cpp.dir/src/emitter.cpp.o[0m
[3.897s] [ 20%] [32mBuilding CXX object _deps/yaml-cpp-build/CMakeFiles/yaml-cpp.dir/src/emitterutils.cpp.o[0m
[3.897s] [ 23%] [32mBuilding CXX object _deps/yaml-cpp-build/CMakeFiles/yaml-cpp.dir/src/exceptions.cpp.o[0m
[3.897s] [ 25%] [32mBuilding CXX object _deps/yaml-cpp-build/CMakeFiles/yaml-cpp.dir/src/memory.cpp.o[0m
[3.898s] [ 27%] [32mBuilding CXX object _deps/yaml-cpp-build/CMakeFiles/yaml-cpp.dir/src/node.cpp.o[0m
[3.898s] [ 30%] [32mBuilding CXX object _deps/yaml-cpp-build/CMakeFiles/yaml-cpp.dir/src/exp.cpp.o[0m
[3.901s] [ 34%] [32mBuilding CXX object _deps/yaml-cpp-build/CMakeFiles/yaml-cpp.dir/src/nodebuilder.cpp.o[0m
[3.901s] [ 34%] [32mBuilding CXX object _deps/yaml-cpp-build/CMakeFiles/yaml-cpp.dir/src/node_data.cpp.o[0m
[3.905s] [ 37%] [32mBuilding CXX object _deps/yaml-cpp-build/CMakeFiles/yaml-cpp.dir/src/nodeevents.cpp.o[0m
[4.264s] [ 39%] [32mBuilding CXX object _deps/yaml-cpp-build/CMakeFiles/yaml-cpp.dir/src/null.cpp.o[0m
[4.337s] [ 41%] [32mBuilding CXX object _deps/yaml-cpp-build/CMakeFiles/yaml-cpp.dir/src/ostream_wrapper.cpp.o[0m
[4.358s] [ 44%] [32mBuilding CXX object _deps/yaml-cpp-build/CMakeFiles/yaml-cpp.dir/src/parse.cpp.o[0m
[4.411s] [ 46%] [32mBuilding CXX object _deps/yaml-cpp-build/CMakeFiles/yaml-cpp.dir/src/parser.cpp.o[0m
[4.528s] [ 48%] [32mBuilding CXX object _deps/yaml-cpp-build/CMakeFiles/yaml-cpp.dir/src/regex_yaml.cpp.o[0m
[4.671s] [ 51%] [32mBuilding CXX object _deps/yaml-cpp-build/CMakeFiles/yaml-cpp.dir/src/scanner.cpp.o[0m
[4.690s] [ 53%] [32mBuilding CXX object _deps/yaml-cpp-build/CMakeFiles/yaml-cpp.dir/src/scanscalar.cpp.o[0m
[4.839s] [ 55%] [32mBuilding CXX object _deps/yaml-cpp-build/CMakeFiles/yaml-cpp.dir/src/scantag.cpp.o[0m
[4.847s] [ 58%] [32mBuilding CXX object _deps/yaml-cpp-build/CMakeFiles/yaml-cpp.dir/src/scantoken.cpp.o[0m
[4.910s] [ 60%] [32mBuilding CXX object _deps/yaml-cpp-build/CMakeFiles/yaml-cpp.dir/src/simplekey.cpp.o[0m
[4.918s] [ 62%] [32mBuilding CXX object _deps/yaml-cpp-build/CMakeFiles/yaml-cpp.dir/src/singledocparser.cpp.o[0m
[5.036s] [ 65%] [32mBuilding CXX object _deps/yaml-cpp-build/CMakeFiles/yaml-cpp.dir/src/stream.cpp.o[0m
[5.057s] [ 67%] [32mBuilding CXX object _deps/yaml-cpp-build/CMakeFiles/yaml-cpp.dir/src/tag.cpp.o[0m
[5.166s] [ 69%] [32mBuilding CXX object _deps/yaml-cpp-build/CMakeFiles/yaml-cpp.dir/src/contrib/graphbuilder.cpp.o[0m
[5.174s] [ 72%] [32mBuilding CXX object _deps/yaml-cpp-build/CMakeFiles/yaml-cpp.dir/src/contrib/graphbuilderadapter.cpp.o[0m
[6.786s] [ 74%] [32m[1mLinking CXX static library libyaml-cpp.a[0m
[6.805s] [ 74%] Built target yaml-cpp
[6.813s] [ 79%] [32mBuilding CXX object CMakeFiles/isaac_ros_nitros.dir/src/nitros_context.cpp.o[0m
[6.813s] [ 79%] [32mBuilding CXX object CMakeFiles/isaac_ros_nitros.dir/src/nitros_node.cpp.o[0m
[6.813s] [ 81%] [32mBuilding CXX object CMakeFiles/isaac_ros_nitros.dir/src/types/type_adapter_nitros_context.cpp.o[0m
[6.814s] [ 86%] [32mBuilding CXX object CMakeFiles/isaac_ros_nitros.dir/src/nitros_publisher.cpp.o[0m
[6.814s] [ 86%] [32mBuilding CXX object CMakeFiles/isaac_ros_nitros.dir/src/types/nitros_type_base.cpp.o[0m
[6.814s] [ 88%] [32mBuilding CXX object CMakeFiles/isaac_ros_nitros.dir/src/types/nitros_empty.cpp.o[0m
[6.814s] [ 90%] [32mBuilding CXX object CMakeFiles/isaac_ros_nitros.dir/src/nitros_publisher_subscriber_group.cpp.o[0m
[6.814s] [ 93%] [32mBuilding CXX object CMakeFiles/isaac_ros_nitros.dir/src/nitros_subscriber.cpp.o[0m
[6.815s] [ 95%] [32mBuilding CXX object CMakeFiles/isaac_ros_nitros.dir/src/utils/vpi_utilities.cpp.o[0m
[8.943s] [ 97%] [32m[1mLinking CXX executable isaac_ros_nitros_exe[0m
[9.137s] [ 97%] Built target isaac_ros_nitros_exe
[24.202s] [100%] [32m[1mLinking CXX shared library libisaac_ros_nitros.so[0m
[24.400s] [100%] Built target isaac_ros_nitros
[24.414s] Invoked command in '/workspaces/isaac_ros-dev/build/isaac_ros_nitros' returned '0': AMENT_PREFIX_PATH=/workspaces/isaac_ros-dev/install/isaac_ros_nitros_interfaces:/workspaces/isaac_ros-dev/install/isaac_ros_gxf:/workspaces/isaac_ros-dev/install/isaac_ros_test:/workspaces/isaac_ros-dev/install/isaac_ros_common:${AMENT_PREFIX_PATH} CMAKE_PREFIX_PATH=/workspaces/isaac_ros-dev/install/isaac_ros_nitros_interfaces:/workspaces/isaac_ros-dev/install/isaac_ros_gxf:/workspaces/isaac_ros-dev/install/isaac_ros_common:${CMAKE_PREFIX_PATH} LD_LIBRARY_PATH=/workspaces/isaac_ros-dev/install/isaac_ros_nitros_interfaces/lib:/workspaces/isaac_ros-dev/install/isaac_ros_common/lib:${LD_LIBRARY_PATH} PYTHONPATH=/workspaces/isaac_ros-dev/install/isaac_ros_nitros_interfaces/lib/python3.8/site-packages:/workspaces/isaac_ros-dev/install/isaac_ros_test/lib/python3.8/site-packages:${PYTHONPATH} /usr/local/bin/cmake --build /workspaces/isaac_ros-dev/build/isaac_ros_nitros -- -j16 -l16
[24.481s] Invoking command in '/workspaces/isaac_ros-dev/build/isaac_ros_nitros': AMENT_PREFIX_PATH=/workspaces/isaac_ros-dev/install/isaac_ros_nitros_interfaces:/workspaces/isaac_ros-dev/install/isaac_ros_gxf:/workspaces/isaac_ros-dev/install/isaac_ros_test:/workspaces/isaac_ros-dev/install/isaac_ros_common:${AMENT_PREFIX_PATH} CMAKE_PREFIX_PATH=/workspaces/isaac_ros-dev/install/isaac_ros_nitros_interfaces:/workspaces/isaac_ros-dev/install/isaac_ros_gxf:/workspaces/isaac_ros-dev/install/isaac_ros_common:${CMAKE_PREFIX_PATH} LD_LIBRARY_PATH=/workspaces/isaac_ros-dev/install/isaac_ros_nitros_interfaces/lib:/workspaces/isaac_ros-dev/install/isaac_ros_common/lib:${LD_LIBRARY_PATH} PYTHONPATH=/workspaces/isaac_ros-dev/install/isaac_ros_nitros_interfaces/lib/python3.8/site-packages:/workspaces/isaac_ros-dev/install/isaac_ros_test/lib/python3.8/site-packages:${PYTHONPATH} /usr/local/bin/cmake --install /workspaces/isaac_ros-dev/build/isaac_ros_nitros
[24.501s] -- Install configuration: "Release"
[24.502s] -- Installing: /workspaces/isaac_ros-dev/install/isaac_ros_nitros/share/ament_index/resource_index/elbrus/isaac_ros_nitros
[24.502s] -- Installing: /workspaces/isaac_ros-dev/install/isaac_ros_nitros/share/isaac_ros_nitros/elbrus
[24.502s] -- Installing: /workspaces/isaac_ros-dev/install/isaac_ros_nitros/share/isaac_ros_nitros/elbrus/lib_x86_64_cuda_11_8
[24.502s] -- Installing: /workspaces/isaac_ros-dev/install/isaac_ros_nitros/share/isaac_ros_nitros/elbrus/lib_x86_64_cuda_11_8/libelbrus.so
[24.510s] -- Installing: /workspaces/isaac_ros-dev/install/isaac_ros_nitros/share/isaac_ros_nitros/elbrus/include
[24.510s] -- Installing: /workspaces/isaac_ros-dev/install/isaac_ros_nitros/share/isaac_ros_nitros/elbrus/include/elbrus.h
[24.510s] -- Installing: /workspaces/isaac_ros-dev/install/isaac_ros_nitros/share/isaac_ros_nitros/elbrus/lib_aarch64_jetpack51
[24.510s] -- Installing: /workspaces/isaac_ros-dev/install/isaac_ros_nitros/share/isaac_ros_nitros/elbrus/lib_aarch64_jetpack51/libelbrus.so
[24.517s] -- Installing: /workspaces/isaac_ros-dev/install/isaac_ros_nitros/share/ament_index/resource_index/nvapriltags/isaac_ros_nitros
[24.518s] -- Installing: /workspaces/isaac_ros-dev/install/isaac_ros_nitros/share/isaac_ros_nitros/nvapriltags
[24.518s] -- Installing: /workspaces/isaac_ros-dev/install/isaac_ros_nitros/share/isaac_ros_nitros/nvapriltags/lib_x86_64_cuda_11_8
[24.518s] -- Installing: /workspaces/isaac_ros-dev/install/isaac_ros_nitros/share/isaac_ros_nitros/nvapriltags/lib_x86_64_cuda_11_8/libapril_tagging.a
[24.522s] -- Installing: /workspaces/isaac_ros-dev/install/isaac_ros_nitros/share/isaac_ros_nitros/nvapriltags/nvapriltags
[24.522s] -- Installing: /workspaces/isaac_ros-dev/install/isaac_ros_nitros/share/isaac_ros_nitros/nvapriltags/nvapriltags/nvAprilTags.h
[24.522s] -- Installing: /workspaces/isaac_ros-dev/install/isaac_ros_nitros/share/isaac_ros_nitros/nvapriltags/lib_aarch64_jetpack51
[24.522s] -- Installing: /workspaces/isaac_ros-dev/install/isaac_ros_nitros/share/isaac_ros_nitros/nvapriltags/lib_aarch64_jetpack51/libapril_tagging.a
[24.526s] -- Installing: /workspaces/isaac_ros-dev/install/isaac_ros_nitros/lib/libyaml-cpp.a
[24.528s] -- Installing: /workspaces/isaac_ros-dev/install/isaac_ros_nitros/include/yaml-cpp
[24.528s] -- Installing: /workspaces/isaac_ros-dev/install/isaac_ros_nitros/include/yaml-cpp/mark.h
[24.528s] -- Installing: /workspaces/isaac_ros-dev/install/isaac_ros_nitros/include/yaml-cpp/emittermanip.h
[24.528s] -- Installing: /workspaces/isaac_ros-dev/install/isaac_ros_nitros/include/yaml-cpp/emitter.h
[24.528s] -- Installing: /workspaces/isaac_ros-dev/install/isaac_ros_nitros/include/yaml-cpp/exceptions.h
[24.528s] -- Installing: /workspaces/isaac_ros-dev/install/isaac_ros_nitros/include/yaml-cpp/traits.h
[24.528s] -- Installing: /workspaces/isaac_ros-dev/install/isaac_ros_nitros/include/yaml-cpp/eventhandler.h
[24.528s] -- Installing: /workspaces/isaac_ros-dev/install/isaac_ros_nitros/include/yaml-cpp/parser.h
[24.528s] -- Installing: /workspaces/isaac_ros-dev/install/isaac_ros_nitros/include/yaml-cpp/dll.h
[24.528s] -- Installing: /workspaces/isaac_ros-dev/install/isaac_ros_nitros/include/yaml-cpp/null.h
[24.529s] -- Installing: /workspaces/isaac_ros-dev/install/isaac_ros_nitros/include/yaml-cpp/contrib
[24.529s] -- Installing: /workspaces/isaac_ros-dev/install/isaac_ros_nitros/include/yaml-cpp/contrib/graphbuilder.h
[24.529s] -- Installing: /workspaces/isaac_ros-dev/install/isaac_ros_nitros/include/yaml-cpp/contrib/anchordict.h
[24.529s] -- Installing: /workspaces/isaac_ros-dev/install/isaac_ros_nitros/include/yaml-cpp/emitterdef.h
[24.529s] -- Installing: /workspaces/isaac_ros-dev/install/isaac_ros_nitros/include/yaml-cpp/anchor.h
[24.529s] -- Installing: /workspaces/isaac_ros-dev/install/isaac_ros_nitros/include/yaml-cpp/emitfromevents.h
[24.529s] -- Installing: /workspaces/isaac_ros-dev/install/isaac_ros_nitros/include/yaml-cpp/emitterstyle.h
[24.529s] -- Installing: /workspaces/isaac_ros-dev/install/isaac_ros_nitros/include/yaml-cpp/node
[24.529s] -- Installing: /workspaces/isaac_ros-dev/install/isaac_ros_nitros/include/yaml-cpp/node/impl.h
[24.529s] -- Installing: /workspaces/isaac_ros-dev/install/isaac_ros_nitros/include/yaml-cpp/node/parse.h
[24.529s] -- Installing: /workspaces/isaac_ros-dev/install/isaac_ros_nitros/include/yaml-cpp/node/detail
[24.529s] -- Installing: /workspaces/isaac_ros-dev/install/isaac_ros_nitros/include/yaml-cpp/node/detail/node_data.h
[24.529s] -- Installing: /workspaces/isaac_ros-dev/install/isaac_ros_nitros/include/yaml-cpp/node/detail/impl.h
[24.529s] -- Installing: /workspaces/isaac_ros-dev/install/isaac_ros_nitros/include/yaml-cpp/node/detail/node_iterator.h
[24.530s] -- Installing: /workspaces/isaac_ros-dev/install/isaac_ros_nitros/include/yaml-cpp/node/detail/memory.h
[24.530s] -- Installing: /workspaces/isaac_ros-dev/install/isaac_ros_nitros/include/yaml-cpp/node/detail/iterator.h
[24.530s] -- Installing: /workspaces/isaac_ros-dev/install/isaac_ros_nitros/include/yaml-cpp/node/detail/iterator_fwd.h
[24.530s] -- Installing: /workspaces/isaac_ros-dev/install/isaac_ros_nitros/include/yaml-cpp/node/detail/node.h
[24.530s] -- Installing: /workspaces/isaac_ros-dev/install/isaac_ros_nitros/include/yaml-cpp/node/detail/bool_type.h
[24.530s] -- Installing: /workspaces/isaac_ros-dev/install/isaac_ros_nitros/include/yaml-cpp/node/detail/node_ref.h
[24.530s] -- Installing: /workspaces/isaac_ros-dev/install/isaac_ros_nitros/include/yaml-cpp/node/convert.h
[24.530s] -- Installing: /workspaces/isaac_ros-dev/install/isaac_ros_nitros/include/yaml-cpp/node/iterator.h
[24.530s] -- Installing: /workspaces/isaac_ros-dev/install/isaac_ros_nitros/include/yaml-cpp/node/type.h
[24.530s] -- Installing: /workspaces/isaac_ros-dev/install/isaac_ros_nitros/include/yaml-cpp/node/node.h
[24.530s] -- Installing: /workspaces/isaac_ros-dev/install/isaac_ros_nitros/include/yaml-cpp/node/emit.h
[24.530s] -- Installing: /workspaces/isaac_ros-dev/install/isaac_ros_nitros/include/yaml-cpp/node/ptr.h
[24.530s] -- Installing: /workspaces/isaac_ros-dev/install/isaac_ros_nitros/include/yaml-cpp/ostream_wrapper.h
[24.530s] -- Installing: /workspaces/isaac_ros-dev/install/isaac_ros_nitros/include/yaml-cpp/stlemitter.h
[24.530s] -- Installing: /workspaces/isaac_ros-dev/install/isaac_ros_nitros/include/yaml-cpp/binary.h
[24.530s] -- Installing: /workspaces/isaac_ros-dev/install/isaac_ros_nitros/include/yaml-cpp/yaml.h
[24.530s] -- Installing: /workspaces/isaac_ros-dev/install/isaac_ros_nitros/lib/cmake/yaml-cpp/yaml-cpp-config.cmake
[24.531s] -- Installing: /workspaces/isaac_ros-dev/install/isaac_ros_nitros/lib/cmake/yaml-cpp/yaml-cpp-config-version.cmake
[24.531s] -- Installing: /workspaces/isaac_ros-dev/install/isaac_ros_nitros/lib/cmake/yaml-cpp/yaml-cpp-targets.cmake
[24.531s] -- Installing: /workspaces/isaac_ros-dev/install/isaac_ros_nitros/lib/cmake/yaml-cpp/yaml-cpp-targets-release.cmake
[24.531s] -- Installing: /workspaces/isaac_ros-dev/install/isaac_ros_nitros/lib/pkgconfig/yaml-cpp.pc
[24.531s] -- Installing: /workspaces/isaac_ros-dev/install/isaac_ros_nitros/lib/isaac_ros_nitros/isaac_ros_nitros_exe
[24.531s] -- Set runtime path of "/workspaces/isaac_ros-dev/install/isaac_ros_nitros/lib/isaac_ros_nitros/isaac_ros_nitros_exe" to ""
[24.531s] -- Up-to-date: /workspaces/isaac_ros-dev/install/isaac_ros_nitros/include
[24.531s] -- Installing: /workspaces/isaac_ros-dev/install/isaac_ros_nitros/include/isaac_ros_nitros
[24.531s] -- Installing: /workspaces/isaac_ros-dev/install/isaac_ros_nitros/include/isaac_ros_nitros/nitros_publisher.hpp
[24.531s] -- Installing: /workspaces/isaac_ros-dev/install/isaac_ros_nitros/include/isaac_ros_nitros/nitros_context.hpp
[24.531s] -- Installing: /workspaces/isaac_ros-dev/install/isaac_ros_nitros/include/isaac_ros_nitros/nitros_publisher_subscriber_base.hpp
[24.531s] -- Installing: /workspaces/isaac_ros-dev/install/isaac_ros_nitros/include/isaac_ros_nitros/utils
[24.531s] -- Installing: /workspaces/isaac_ros-dev/install/isaac_ros_nitros/include/isaac_ros_nitros/utils/vpi_utilities.hpp
[24.531s] -- Installing: /workspaces/isaac_ros-dev/install/isaac_ros_nitros/include/isaac_ros_nitros/nitros_node.hpp
[24.531s] -- Installing: /workspaces/isaac_ros-dev/install/isaac_ros_nitros/include/isaac_ros_nitros/nitros_subscriber.hpp
[24.532s] -- Installing: /workspaces/isaac_ros-dev/install/isaac_ros_nitros/include/isaac_ros_nitros/nitros_publisher_subscriber_group.hpp
[24.532s] -- Installing: /workspaces/isaac_ros-dev/install/isaac_ros_nitros/include/isaac_ros_nitros/types
[24.532s] -- Installing: /workspaces/isaac_ros-dev/install/isaac_ros_nitros/include/isaac_ros_nitros/types/nitros_type_manager.hpp
[24.532s] -- Installing: /workspaces/isaac_ros-dev/install/isaac_ros_nitros/include/isaac_ros_nitros/types/type_utility.hpp
[24.532s] -- Installing: /workspaces/isaac_ros-dev/install/isaac_ros_nitros/include/isaac_ros_nitros/types/type_adapter_nitros_context.hpp
[24.532s] -- Installing: /workspaces/isaac_ros-dev/install/isaac_ros_nitros/include/isaac_ros_nitros/types/nitros_empty.hpp
[24.532s] -- Installing: /workspaces/isaac_ros-dev/install/isaac_ros_nitros/include/isaac_ros_nitros/types/nitros_format_agent.hpp
[24.532s] -- Installing: /workspaces/isaac_ros-dev/install/isaac_ros_nitros/include/isaac_ros_nitros/types/nitros_type_base.hpp
[24.532s] -- Installing: /workspaces/isaac_ros-dev/install/isaac_ros_nitros/share/isaac_ros_nitros/environment/library_path.sh
[24.532s] -- Installing: /workspaces/isaac_ros-dev/install/isaac_ros_nitros/share/isaac_ros_nitros/environment/library_path.dsv
[24.532s] -- Installing: /workspaces/isaac_ros-dev/install/isaac_ros_nitros/lib/libisaac_ros_nitros.so
[24.534s] -- Set runtime path of "/workspaces/isaac_ros-dev/install/isaac_ros_nitros/lib/libisaac_ros_nitros.so" to "/usr/local/cuda/lib64:/opt/ros/humble/install/lib:/workspaces/isaac_ros-dev/install/isaac_ros_nitros_interfaces/lib:/workspaces/isaac_ros-dev/install/isaac_ros_common/lib:/workspaces/isaac_ros-dev/install/isaac_ros_gxf/share/isaac_ros_gxf/gxf/lib/core:/workspaces/isaac_ros-dev/install/isaac_ros_gxf/share/isaac_ros_gxf/gxf/lib:/workspaces/isaac_ros-dev/install/isaac_ros_gxf/share/isaac_ros_gxf/gxf/lib/multimedia:/opt/nvidia/vpi2/lib/x86_64-linux-gnu"
[24.534s] -- Installing: /workspaces/isaac_ros-dev/install/isaac_ros_nitros/share/isaac_ros_nitros/config
[24.534s] -- Installing: /workspaces/isaac_ros-dev/install/isaac_ros_nitros/share/isaac_ros_nitros/config/test_forward_node.yaml
[24.535s] -- Installing: /workspaces/isaac_ros-dev/install/isaac_ros_nitros/share/isaac_ros_nitros/config/type_adapter_nitros_context_graph.yaml
[24.535s] -- Installing: /workspaces/isaac_ros-dev/install/isaac_ros_nitros/share/ament_index/resource_index/package_run_dependencies/isaac_ros_nitros
[24.535s] -- Installing: /workspaces/isaac_ros-dev/install/isaac_ros_nitros/share/ament_index/resource_index/parent_prefix_path/isaac_ros_nitros
[24.535s] -- Installing: /workspaces/isaac_ros-dev/install/isaac_ros_nitros/share/isaac_ros_nitros/environment/ament_prefix_path.sh
[24.535s] -- Installing: /workspaces/isaac_ros-dev/install/isaac_ros_nitros/share/isaac_ros_nitros/environment/ament_prefix_path.dsv
[24.535s] -- Installing: /workspaces/isaac_ros-dev/install/isaac_ros_nitros/share/isaac_ros_nitros/environment/path.sh
[24.535s] -- Installing: /workspaces/isaac_ros-dev/install/isaac_ros_nitros/share/isaac_ros_nitros/environment/path.dsv
[24.535s] -- Installing: /workspaces/isaac_ros-dev/install/isaac_ros_nitros/share/isaac_ros_nitros/local_setup.bash
[24.535s] -- Installing: /workspaces/isaac_ros-dev/install/isaac_ros_nitros/share/isaac_ros_nitros/local_setup.sh
[24.535s] -- Installing: /workspaces/isaac_ros-dev/install/isaac_ros_nitros/share/isaac_ros_nitros/local_setup.zsh
[24.535s] -- Installing: /workspaces/isaac_ros-dev/install/isaac_ros_nitros/share/isaac_ros_nitros/local_setup.dsv
[24.535s] -- Installing: /workspaces/isaac_ros-dev/install/isaac_ros_nitros/share/isaac_ros_nitros/package.dsv
[24.536s] -- Installing: /workspaces/isaac_ros-dev/install/isaac_ros_nitros/share/ament_index/resource_index/packages/isaac_ros_nitros
[24.536s] -- Installing: /workspaces/isaac_ros-dev/install/isaac_ros_nitros/share/ament_index/resource_index/rclcpp_components/isaac_ros_nitros
[24.536s] -- Installing: /workspaces/isaac_ros-dev/install/isaac_ros_nitros/share/isaac_ros_nitros/cmake/ament_cmake_export_include_directories-extras.cmake
[24.536s] -- Installing: /workspaces/isaac_ros-dev/install/isaac_ros_nitros/share/isaac_ros_nitros/cmake/ament_cmake_export_dependencies-extras.cmake
[24.536s] -- Installing: /workspaces/isaac_ros-dev/install/isaac_ros_nitros/share/isaac_ros_nitros/cmake/ament_cmake_export_libraries-extras.cmake
[24.536s] -- Installing: /workspaces/isaac_ros-dev/install/isaac_ros_nitros/share/isaac_ros_nitros/cmake/isaac_ros_nitrosConfig.cmake
[24.536s] -- Installing: /workspaces/isaac_ros-dev/install/isaac_ros_nitros/share/isaac_ros_nitros/cmake/isaac_ros_nitrosConfig-version.cmake
[24.536s] -- Installing: /workspaces/isaac_ros-dev/install/isaac_ros_nitros/share/isaac_ros_nitros/package.xml
[24.541s] Invoked command in '/workspaces/isaac_ros-dev/build/isaac_ros_nitros' returned '0': AMENT_PREFIX_PATH=/workspaces/isaac_ros-dev/install/isaac_ros_nitros_interfaces:/workspaces/isaac_ros-dev/install/isaac_ros_gxf:/workspaces/isaac_ros-dev/install/isaac_ros_test:/workspaces/isaac_ros-dev/install/isaac_ros_common:${AMENT_PREFIX_PATH} CMAKE_PREFIX_PATH=/workspaces/isaac_ros-dev/install/isaac_ros_nitros_interfaces:/workspaces/isaac_ros-dev/install/isaac_ros_gxf:/workspaces/isaac_ros-dev/install/isaac_ros_common:${CMAKE_PREFIX_PATH} LD_LIBRARY_PATH=/workspaces/isaac_ros-dev/install/isaac_ros_nitros_interfaces/lib:/workspaces/isaac_ros-dev/install/isaac_ros_common/lib:${LD_LIBRARY_PATH} PYTHONPATH=/workspaces/isaac_ros-dev/install/isaac_ros_nitros_interfaces/lib/python3.8/site-packages:/workspaces/isaac_ros-dev/install/isaac_ros_test/lib/python3.8/site-packages:${PYTHONPATH} /usr/local/bin/cmake --install /workspaces/isaac_ros-dev/build/isaac_ros_nitros
