[0.058s] Invoking command in '/workspaces/isaac_ros-dev/build/isaac_ros_nitros_interfaces': AMENT_PREFIX_PATH=/workspaces/isaac_ros-dev/install/isaac_ros_common:${AMENT_PREFIX_PATH} CMAKE_PREFIX_PATH=/workspaces/isaac_ros-dev/install/isaac_ros_common:${CMAKE_PREFIX_PATH} LD_LIBRARY_PATH=/workspaces/isaac_ros-dev/install/isaac_ros_common/lib:${LD_LIBRARY_PATH} /usr/local/bin/cmake /workspaces/isaac_ros-dev/src/isaac_ros_nitros/isaac_ros_nitros_interfaces -DCMAKE_INSTALL_PREFIX=/workspaces/isaac_ros-dev/install/isaac_ros_nitros_interfaces
[0.113s] -- The C compiler identification is GNU 9.4.0
[0.160s] -- The CXX compiler identification is GNU 9.4.0
[0.168s] -- Detecting C compiler ABI info
[0.213s] -- Detecting C compiler ABI info - done
[0.222s] -- Check for working C compiler: /usr/bin/cc - skipped
[0.222s] -- Detecting C compile features
[0.223s] -- Detecting C compile features - done
[0.225s] -- Detecting CXX compiler ABI info
[0.278s] -- Detecting CXX compiler ABI info - done
[0.287s] -- Check for working CXX compiler: /usr/bin/c++ - skipped
[0.287s] -- Detecting CXX compile features
[0.288s] -- Detecting CXX compile features - done
[0.289s] -- Found ament_cmake_auto: 1.3.3 (/opt/ros/humble/install/share/ament_cmake_auto/cmake)
[0.902s] -- Found Python3: /usr/bin/python3.8 (found version "3.8.10") found components: Interpreter 
[1.024s] -- Using all available rosidl_typesupport_c: rosidl_typesupport_fastrtps_c;rosidl_typesupport_introspection_c
[1.031s] -- Found rosidl_adapter: 3.1.4 (/opt/ros/humble/install/share/rosidl_adapter/cmake)
[1.071s] -- Using all available rosidl_typesupport_cpp: rosidl_typesupport_fastrtps_cpp;rosidl_typesupport_introspection_cpp
[1.113s] -- Loading isaac_ros_common extras
[1.114s] -- CMAKE_BUILD_TYPE: Release
[1.126s] -- Performing Test CMAKE_HAVE_LIBC_PTHREAD
[1.175s] -- Performing Test CMAKE_HAVE_LIBC_PTHREAD - Failed
[1.176s] -- Looking for pthread_create in pthreads
[1.213s] -- Looking for pthread_create in pthreads - not found
[1.213s] -- Looking for pthread_create in pthread
[1.256s] -- Looking for pthread_create in pthread - found
[1.256s] -- Found Threads: TRUE  
[1.264s] -- Found CUDA: /usr/local/cuda (found version "11.8") 
[1.265s] -- Loading isaac_ros_common extras (modules)
[1.345s] -- Found rmw_implementation_cmake: 6.1.1 (/opt/ros/humble/install/share/rmw_implementation_cmake/cmake)
[1.347s] -- Found rmw_fastrtps_cpp: 6.2.2 (/opt/ros/humble/install/share/rmw_fastrtps_cpp/cmake)
[1.438s] -- Found OpenSSL: /usr/lib/x86_64-linux-gnu/libcrypto.so (found version "1.1.1f")  
[1.468s] -- Found FastRTPS: /opt/ros/humble/install/include  
[1.520s] -- Using RMW implementation 'rmw_fastrtps_cpp' as default
[1.784s] -- Found ament_cmake_ros: 0.10.0 (/opt/ros/humble/install/share/ament_cmake_ros/cmake)
[1.878s] -- Using all available rosidl_typesupport_c: rosidl_typesupport_fastrtps_c;rosidl_typesupport_introspection_c
[1.991s] -- Using all available rosidl_typesupport_cpp: rosidl_typesupport_fastrtps_cpp;rosidl_typesupport_introspection_cpp
[2.013s] -- Found PythonInterp: /usr/bin/python3 (found suitable version "3.8.10", minimum required is "3.6") 
[2.014s] -- Found python_cmake_module: 0.10.0 (/opt/ros/humble/install/share/python_cmake_module/cmake)
[2.041s] -- Found PythonLibs: /usr/lib/x86_64-linux-gnu/libpython3.8.so (found suitable version "3.8.10", minimum required is "3.5") 
[2.041s] -- Using PYTHON_EXECUTABLE: /usr/bin/python3
[2.041s] -- Using PYTHON_INCLUDE_DIRS: /usr/include/python3.8
[2.041s] -- Using PYTHON_LIBRARIES: /usr/lib/x86_64-linux-gnu/libpython3.8.so
[2.061s] -- Found PythonExtra: .so  
[2.092s] -- Found ament_lint_auto: 0.12.5 (/opt/ros/humble/install/share/ament_lint_auto/cmake)
[2.110s] -- Added test 'lint_cmake' to check CMake code style
[2.110s] -- Added test 'xmllint' to check XML markup files
[2.110s] -- Configuring done (2.0s)
[2.136s] -- Generating done (0.0s)
[2.139s] -- Build files have been written to: /workspaces/isaac_ros-dev/build/isaac_ros_nitros_interfaces
[2.157s] Invoked command in '/workspaces/isaac_ros-dev/build/isaac_ros_nitros_interfaces' returned '0': AMENT_PREFIX_PATH=/workspaces/isaac_ros-dev/install/isaac_ros_common:${AMENT_PREFIX_PATH} CMAKE_PREFIX_PATH=/workspaces/isaac_ros-dev/install/isaac_ros_common:${CMAKE_PREFIX_PATH} LD_LIBRARY_PATH=/workspaces/isaac_ros-dev/install/isaac_ros_common/lib:${LD_LIBRARY_PATH} /usr/local/bin/cmake /workspaces/isaac_ros-dev/src/isaac_ros_nitros/isaac_ros_nitros_interfaces -DCMAKE_INSTALL_PREFIX=/workspaces/isaac_ros-dev/install/isaac_ros_nitros_interfaces
[2.160s] Invoking command in '/workspaces/isaac_ros-dev/build/isaac_ros_nitros_interfaces': AMENT_PREFIX_PATH=/workspaces/isaac_ros-dev/install/isaac_ros_common:${AMENT_PREFIX_PATH} CMAKE_PREFIX_PATH=/workspaces/isaac_ros-dev/install/isaac_ros_common:${CMAKE_PREFIX_PATH} LD_LIBRARY_PATH=/workspaces/isaac_ros-dev/install/isaac_ros_common/lib:${LD_LIBRARY_PATH} /usr/local/bin/cmake --build /workspaces/isaac_ros-dev/build/isaac_ros_nitros_interfaces -- -j16 -l16
[2.195s] [  3%] [34m[1mGenerating C code for ROS interfaces[0m
[2.199s] [  6%] [34m[1mGenerating C++ code for ROS interfaces[0m
[2.201s] [  6%] Built target ament_cmake_python_copy_isaac_ros_nitros_interfaces
[2.416s] [  9%] [32mBuilding C object CMakeFiles/isaac_ros_nitros_interfaces__rosidl_generator_c.dir/rosidl_generator_c/isaac_ros_nitros_interfaces/msg/detail/topic_statistics__functions.c.o[0m
[2.423s] [  9%] Built target isaac_ros_nitros_interfaces__cpp
[2.428s] [ 19%] [34m[1mGenerating C++ type support dispatch for ROS interfaces[0m
[2.428s] [ 19%] [34m[1mGenerating C++ introspection for ROS interfaces[0m
[2.428s] [ 19%] [34m[1mGenerating C++ type support for eProsima Fast-RTPS[0m
[2.504s] running egg_info
[2.506s] creating isaac_ros_nitros_interfaces.egg-info
[2.519s] [ 22%] [32m[1mLinking C shared library libisaac_ros_nitros_interfaces__rosidl_generator_c.so[0m
[2.526s] writing isaac_ros_nitros_interfaces.egg-info/PKG-INFO
[2.526s] writing dependency_links to isaac_ros_nitros_interfaces.egg-info/dependency_links.txt
[2.527s] writing top-level names to isaac_ros_nitros_interfaces.egg-info/top_level.txt
[2.527s] writing manifest file 'isaac_ros_nitros_interfaces.egg-info/SOURCES.txt'
[2.553s] [ 22%] Built target isaac_ros_nitros_interfaces__rosidl_generator_c
[2.562s] [ 25%] [34m[1mGenerating C type support dispatch for ROS interfaces[0m
[2.573s] [ 29%] [34m[1mGenerating C introspection for ROS interfaces[0m
[2.580s] [ 32%] [34m[1mGenerating C type support for eProsima Fast-RTPS[0m
[2.580s] reading manifest file 'isaac_ros_nitros_interfaces.egg-info/SOURCES.txt'
[2.581s] writing manifest file 'isaac_ros_nitros_interfaces.egg-info/SOURCES.txt'
[2.706s] [ 32%] Built target ament_cmake_python_build_isaac_ros_nitros_interfaces_egg
[2.807s] [ 35%] [32mBuilding CXX object CMakeFiles/isaac_ros_nitros_interfaces__rosidl_typesupport_fastrtps_cpp.dir/rosidl_typesupport_fastrtps_cpp/isaac_ros_nitros_interfaces/msg/detail/dds_fastrtps/topic_statistics__type_support.cpp.o[0m
[2.870s] [ 38%] [32mBuilding CXX object CMakeFiles/isaac_ros_nitros_interfaces__rosidl_typesupport_cpp.dir/rosidl_typesupport_cpp/isaac_ros_nitros_interfaces/msg/topic_statistics__type_support.cpp.o[0m
[2.878s] [ 41%] [32mBuilding CXX object CMakeFiles/isaac_ros_nitros_interfaces__rosidl_typesupport_introspection_cpp.dir/rosidl_typesupport_introspection_cpp/isaac_ros_nitros_interfaces/msg/detail/topic_statistics__type_support.cpp.o[0m
[3.066s] [ 45%] [32mBuilding CXX object CMakeFiles/isaac_ros_nitros_interfaces__rosidl_typesupport_c.dir/rosidl_typesupport_c/isaac_ros_nitros_interfaces/msg/topic_statistics__type_support.cpp.o[0m
[3.072s] [ 48%] [32mBuilding CXX object CMakeFiles/isaac_ros_nitros_interfaces__rosidl_typesupport_fastrtps_c.dir/rosidl_typesupport_fastrtps_c/isaac_ros_nitros_interfaces/msg/detail/topic_statistics__type_support_c.cpp.o[0m
[3.114s] [ 51%] [32mBuilding C object CMakeFiles/isaac_ros_nitros_interfaces__rosidl_typesupport_introspection_c.dir/rosidl_typesupport_introspection_c/isaac_ros_nitros_interfaces/msg/detail/topic_statistics__type_support.c.o[0m
[3.174s] [ 54%] [32m[1mLinking CXX shared library libisaac_ros_nitros_interfaces__rosidl_typesupport_c.so[0m
[3.197s] [ 58%] [32m[1mLinking C shared library libisaac_ros_nitros_interfaces__rosidl_typesupport_introspection_c.so[0m
[3.277s] [ 58%] Built target isaac_ros_nitros_interfaces__rosidl_typesupport_c
[3.291s] [ 58%] Built target isaac_ros_nitros_interfaces__rosidl_typesupport_introspection_c
[3.593s] [ 61%] [32m[1mLinking CXX shared library libisaac_ros_nitros_interfaces__rosidl_typesupport_cpp.so[0m
[3.723s] [ 61%] Built target isaac_ros_nitros_interfaces__rosidl_typesupport_cpp
[4.083s] [ 64%] [32m[1mLinking CXX shared library libisaac_ros_nitros_interfaces__rosidl_typesupport_fastrtps_cpp.so[0m
[4.232s] [ 67%] [32m[1mLinking CXX shared library libisaac_ros_nitros_interfaces__rosidl_typesupport_introspection_cpp.so[0m
[4.486s] [ 70%] [32m[1mLinking CXX shared library libisaac_ros_nitros_interfaces__rosidl_typesupport_fastrtps_c.so[0m
[4.528s] [ 70%] Built target isaac_ros_nitros_interfaces__rosidl_typesupport_fastrtps_cpp
[4.529s] [ 70%] Built target isaac_ros_nitros_interfaces__rosidl_typesupport_introspection_cpp
[4.848s] [ 70%] Built target isaac_ros_nitros_interfaces__rosidl_typesupport_fastrtps_c
[4.920s] [ 70%] Built target isaac_ros_nitros_interfaces
[4.954s] [ 74%] [34m[1mGenerating Python code for ROS interfaces[0m
[5.526s] [ 74%] Built target isaac_ros_nitros_interfaces__py
[5.534s] [ 77%] [32mBuilding C object CMakeFiles/isaac_ros_nitros_interfaces__rosidl_generator_py.dir/rosidl_generator_py/isaac_ros_nitros_interfaces/msg/_topic_statistics_s.c.o[0m
[5.637s] [ 80%] [32m[1mLinking C shared library rosidl_generator_py/isaac_ros_nitros_interfaces/libisaac_ros_nitros_interfaces__rosidl_generator_py.so[0m
[5.658s] [ 80%] Built target isaac_ros_nitros_interfaces__rosidl_generator_py
[5.667s] [ 87%] [32mBuilding C object CMakeFiles/isaac_ros_nitros_interfaces__rosidl_typesupport_introspection_c__pyext.dir/rosidl_generator_py/isaac_ros_nitros_interfaces/_isaac_ros_nitros_interfaces_s.ep.rosidl_typesupport_introspection_c.c.o[0m
[5.667s] [ 87%] [32mBuilding C object CMakeFiles/isaac_ros_nitros_interfaces__rosidl_typesupport_fastrtps_c__pyext.dir/rosidl_generator_py/isaac_ros_nitros_interfaces/_isaac_ros_nitros_interfaces_s.ep.rosidl_typesupport_fastrtps_c.c.o[0m
[5.668s] [ 90%] [32mBuilding C object CMakeFiles/isaac_ros_nitros_interfaces__rosidl_typesupport_c__pyext.dir/rosidl_generator_py/isaac_ros_nitros_interfaces/_isaac_ros_nitros_interfaces_s.ep.rosidl_typesupport_c.c.o[0m
[5.751s] [ 96%] [32m[1mLinking C shared library rosidl_generator_py/isaac_ros_nitros_interfaces/isaac_ros_nitros_interfaces_s__rosidl_typesupport_introspection_c.cpython-38-x86_64-linux-gnu.so[0m
[5.751s] [ 96%] [32m[1mLinking C shared library rosidl_generator_py/isaac_ros_nitros_interfaces/isaac_ros_nitros_interfaces_s__rosidl_typesupport_c.cpython-38-x86_64-linux-gnu.so[0m
[5.757s] [100%] [32m[1mLinking C shared library rosidl_generator_py/isaac_ros_nitros_interfaces/isaac_ros_nitros_interfaces_s__rosidl_typesupport_fastrtps_c.cpython-38-x86_64-linux-gnu.so[0m
[5.767s] [100%] Built target isaac_ros_nitros_interfaces__rosidl_typesupport_c__pyext
[5.767s] [100%] Built target isaac_ros_nitros_interfaces__rosidl_typesupport_introspection_c__pyext
[5.774s] [100%] Built target isaac_ros_nitros_interfaces__rosidl_typesupport_fastrtps_c__pyext
[5.782s] Invoked command in '/workspaces/isaac_ros-dev/build/isaac_ros_nitros_interfaces' returned '0': AMENT_PREFIX_PATH=/workspaces/isaac_ros-dev/install/isaac_ros_common:${AMENT_PREFIX_PATH} CMAKE_PREFIX_PATH=/workspaces/isaac_ros-dev/install/isaac_ros_common:${CMAKE_PREFIX_PATH} LD_LIBRARY_PATH=/workspaces/isaac_ros-dev/install/isaac_ros_common/lib:${LD_LIBRARY_PATH} /usr/local/bin/cmake --build /workspaces/isaac_ros-dev/build/isaac_ros_nitros_interfaces -- -j16 -l16
[5.866s] Invoking command in '/workspaces/isaac_ros-dev/build/isaac_ros_nitros_interfaces': AMENT_PREFIX_PATH=/workspaces/isaac_ros-dev/install/isaac_ros_common:${AMENT_PREFIX_PATH} CMAKE_PREFIX_PATH=/workspaces/isaac_ros-dev/install/isaac_ros_common:${CMAKE_PREFIX_PATH} LD_LIBRARY_PATH=/workspaces/isaac_ros-dev/install/isaac_ros_common/lib:${LD_LIBRARY_PATH} /usr/local/bin/cmake --install /workspaces/isaac_ros-dev/build/isaac_ros_nitros_interfaces
[5.889s] -- Install configuration: "Release"
[5.889s] -- Installing: /workspaces/isaac_ros-dev/install/isaac_ros_nitros_interfaces/share/ament_index/resource_index/rosidl_interfaces/isaac_ros_nitros_interfaces
[5.890s] -- Installing: /workspaces/isaac_ros-dev/install/isaac_ros_nitros_interfaces/include/isaac_ros_nitros_interfaces/isaac_ros_nitros_interfaces
[5.890s] -- Installing: /workspaces/isaac_ros-dev/install/isaac_ros_nitros_interfaces/include/isaac_ros_nitros_interfaces/isaac_ros_nitros_interfaces/msg
[5.890s] -- Installing: /workspaces/isaac_ros-dev/install/isaac_ros_nitros_interfaces/include/isaac_ros_nitros_interfaces/isaac_ros_nitros_interfaces/msg/detail
[5.890s] -- Installing: /workspaces/isaac_ros-dev/install/isaac_ros_nitros_interfaces/include/isaac_ros_nitros_interfaces/isaac_ros_nitros_interfaces/msg/detail/topic_statistics__functions.h
[5.890s] -- Installing: /workspaces/isaac_ros-dev/install/isaac_ros_nitros_interfaces/include/isaac_ros_nitros_interfaces/isaac_ros_nitros_interfaces/msg/detail/topic_statistics__functions.c
[5.890s] -- Installing: /workspaces/isaac_ros-dev/install/isaac_ros_nitros_interfaces/include/isaac_ros_nitros_interfaces/isaac_ros_nitros_interfaces/msg/detail/topic_statistics__type_support.h
[5.890s] -- Installing: /workspaces/isaac_ros-dev/install/isaac_ros_nitros_interfaces/include/isaac_ros_nitros_interfaces/isaac_ros_nitros_interfaces/msg/detail/topic_statistics__struct.h
[5.890s] -- Installing: /workspaces/isaac_ros-dev/install/isaac_ros_nitros_interfaces/include/isaac_ros_nitros_interfaces/isaac_ros_nitros_interfaces/msg/topic_statistics.h
[5.890s] -- Installing: /workspaces/isaac_ros-dev/install/isaac_ros_nitros_interfaces/include/isaac_ros_nitros_interfaces/isaac_ros_nitros_interfaces/msg/rosidl_generator_c__visibility_control.h
[5.890s] -- Installing: /workspaces/isaac_ros-dev/install/isaac_ros_nitros_interfaces/share/isaac_ros_nitros_interfaces/environment/library_path.sh
[5.890s] -- Installing: /workspaces/isaac_ros-dev/install/isaac_ros_nitros_interfaces/share/isaac_ros_nitros_interfaces/environment/library_path.dsv
[5.891s] -- Installing: /workspaces/isaac_ros-dev/install/isaac_ros_nitros_interfaces/lib/libisaac_ros_nitros_interfaces__rosidl_generator_c.so
[5.891s] -- Set runtime path of "/workspaces/isaac_ros-dev/install/isaac_ros_nitros_interfaces/lib/libisaac_ros_nitros_interfaces__rosidl_generator_c.so" to ""
[5.891s] -- Up-to-date: /workspaces/isaac_ros-dev/install/isaac_ros_nitros_interfaces/include/isaac_ros_nitros_interfaces/isaac_ros_nitros_interfaces
[5.891s] -- Up-to-date: /workspaces/isaac_ros-dev/install/isaac_ros_nitros_interfaces/include/isaac_ros_nitros_interfaces/isaac_ros_nitros_interfaces/msg
[5.891s] -- Installing: /workspaces/isaac_ros-dev/install/isaac_ros_nitros_interfaces/include/isaac_ros_nitros_interfaces/isaac_ros_nitros_interfaces/msg/rosidl_typesupport_fastrtps_c__visibility_control.h
[5.891s] -- Up-to-date: /workspaces/isaac_ros-dev/install/isaac_ros_nitros_interfaces/include/isaac_ros_nitros_interfaces/isaac_ros_nitros_interfaces/msg/detail
[5.891s] -- Installing: /workspaces/isaac_ros-dev/install/isaac_ros_nitros_interfaces/include/isaac_ros_nitros_interfaces/isaac_ros_nitros_interfaces/msg/detail/topic_statistics__rosidl_typesupport_fastrtps_c.h
[5.891s] -- Installing: /workspaces/isaac_ros-dev/install/isaac_ros_nitros_interfaces/lib/libisaac_ros_nitros_interfaces__rosidl_typesupport_fastrtps_c.so
[5.891s] -- Set runtime path of "/workspaces/isaac_ros-dev/install/isaac_ros_nitros_interfaces/lib/libisaac_ros_nitros_interfaces__rosidl_typesupport_fastrtps_c.so" to ""
[5.892s] -- Up-to-date: /workspaces/isaac_ros-dev/install/isaac_ros_nitros_interfaces/include/isaac_ros_nitros_interfaces/isaac_ros_nitros_interfaces
[5.892s] -- Up-to-date: /workspaces/isaac_ros-dev/install/isaac_ros_nitros_interfaces/include/isaac_ros_nitros_interfaces/isaac_ros_nitros_interfaces/msg
[5.892s] -- Up-to-date: /workspaces/isaac_ros-dev/install/isaac_ros_nitros_interfaces/include/isaac_ros_nitros_interfaces/isaac_ros_nitros_interfaces/msg/detail
[5.892s] -- Installing: /workspaces/isaac_ros-dev/install/isaac_ros_nitros_interfaces/include/isaac_ros_nitros_interfaces/isaac_ros_nitros_interfaces/msg/detail/topic_statistics__rosidl_typesupport_introspection_c.h
[5.892s] -- Installing: /workspaces/isaac_ros-dev/install/isaac_ros_nitros_interfaces/include/isaac_ros_nitros_interfaces/isaac_ros_nitros_interfaces/msg/detail/topic_statistics__type_support.c
[5.892s] -- Installing: /workspaces/isaac_ros-dev/install/isaac_ros_nitros_interfaces/include/isaac_ros_nitros_interfaces/isaac_ros_nitros_interfaces/msg/rosidl_typesupport_introspection_c__visibility_control.h
[5.892s] -- Installing: /workspaces/isaac_ros-dev/install/isaac_ros_nitros_interfaces/lib/libisaac_ros_nitros_interfaces__rosidl_typesupport_introspection_c.so
[5.892s] -- Set runtime path of "/workspaces/isaac_ros-dev/install/isaac_ros_nitros_interfaces/lib/libisaac_ros_nitros_interfaces__rosidl_typesupport_introspection_c.so" to ""
[5.892s] -- Installing: /workspaces/isaac_ros-dev/install/isaac_ros_nitros_interfaces/lib/libisaac_ros_nitros_interfaces__rosidl_typesupport_c.so
[5.892s] -- Set runtime path of "/workspaces/isaac_ros-dev/install/isaac_ros_nitros_interfaces/lib/libisaac_ros_nitros_interfaces__rosidl_typesupport_c.so" to ""
[5.892s] -- Up-to-date: /workspaces/isaac_ros-dev/install/isaac_ros_nitros_interfaces/include/isaac_ros_nitros_interfaces/isaac_ros_nitros_interfaces
[5.893s] -- Up-to-date: /workspaces/isaac_ros-dev/install/isaac_ros_nitros_interfaces/include/isaac_ros_nitros_interfaces/isaac_ros_nitros_interfaces/msg
[5.893s] -- Up-to-date: /workspaces/isaac_ros-dev/install/isaac_ros_nitros_interfaces/include/isaac_ros_nitros_interfaces/isaac_ros_nitros_interfaces/msg/detail
[5.893s] -- Installing: /workspaces/isaac_ros-dev/install/isaac_ros_nitros_interfaces/include/isaac_ros_nitros_interfaces/isaac_ros_nitros_interfaces/msg/detail/topic_statistics__builder.hpp
[5.893s] -- Installing: /workspaces/isaac_ros-dev/install/isaac_ros_nitros_interfaces/include/isaac_ros_nitros_interfaces/isaac_ros_nitros_interfaces/msg/detail/topic_statistics__traits.hpp
[5.893s] -- Installing: /workspaces/isaac_ros-dev/install/isaac_ros_nitros_interfaces/include/isaac_ros_nitros_interfaces/isaac_ros_nitros_interfaces/msg/detail/topic_statistics__struct.hpp
[5.893s] -- Installing: /workspaces/isaac_ros-dev/install/isaac_ros_nitros_interfaces/include/isaac_ros_nitros_interfaces/isaac_ros_nitros_interfaces/msg/topic_statistics.hpp
[5.893s] -- Up-to-date: /workspaces/isaac_ros-dev/install/isaac_ros_nitros_interfaces/include/isaac_ros_nitros_interfaces/isaac_ros_nitros_interfaces
[5.893s] -- Up-to-date: /workspaces/isaac_ros-dev/install/isaac_ros_nitros_interfaces/include/isaac_ros_nitros_interfaces/isaac_ros_nitros_interfaces/msg
[5.893s] -- Installing: /workspaces/isaac_ros-dev/install/isaac_ros_nitros_interfaces/include/isaac_ros_nitros_interfaces/isaac_ros_nitros_interfaces/msg/rosidl_typesupport_fastrtps_cpp__visibility_control.h
[5.893s] -- Up-to-date: /workspaces/isaac_ros-dev/install/isaac_ros_nitros_interfaces/include/isaac_ros_nitros_interfaces/isaac_ros_nitros_interfaces/msg/detail
[5.893s] -- Installing: /workspaces/isaac_ros-dev/install/isaac_ros_nitros_interfaces/include/isaac_ros_nitros_interfaces/isaac_ros_nitros_interfaces/msg/detail/dds_fastrtps
[5.893s] -- Installing: /workspaces/isaac_ros-dev/install/isaac_ros_nitros_interfaces/include/isaac_ros_nitros_interfaces/isaac_ros_nitros_interfaces/msg/detail/topic_statistics__rosidl_typesupport_fastrtps_cpp.hpp
[5.893s] -- Installing: /workspaces/isaac_ros-dev/install/isaac_ros_nitros_interfaces/lib/libisaac_ros_nitros_interfaces__rosidl_typesupport_fastrtps_cpp.so
[5.893s] -- Set runtime path of "/workspaces/isaac_ros-dev/install/isaac_ros_nitros_interfaces/lib/libisaac_ros_nitros_interfaces__rosidl_typesupport_fastrtps_cpp.so" to ""
[5.894s] -- Up-to-date: /workspaces/isaac_ros-dev/install/isaac_ros_nitros_interfaces/include/isaac_ros_nitros_interfaces/isaac_ros_nitros_interfaces
[5.894s] -- Up-to-date: /workspaces/isaac_ros-dev/install/isaac_ros_nitros_interfaces/include/isaac_ros_nitros_interfaces/isaac_ros_nitros_interfaces/msg
[5.894s] -- Up-to-date: /workspaces/isaac_ros-dev/install/isaac_ros_nitros_interfaces/include/isaac_ros_nitros_interfaces/isaac_ros_nitros_interfaces/msg/detail
[5.894s] -- Installing: /workspaces/isaac_ros-dev/install/isaac_ros_nitros_interfaces/include/isaac_ros_nitros_interfaces/isaac_ros_nitros_interfaces/msg/detail/topic_statistics__type_support.cpp
[5.894s] -- Installing: /workspaces/isaac_ros-dev/install/isaac_ros_nitros_interfaces/include/isaac_ros_nitros_interfaces/isaac_ros_nitros_interfaces/msg/detail/topic_statistics__rosidl_typesupport_introspection_cpp.hpp
[5.894s] -- Installing: /workspaces/isaac_ros-dev/install/isaac_ros_nitros_interfaces/lib/libisaac_ros_nitros_interfaces__rosidl_typesupport_introspection_cpp.so
[5.894s] -- Set runtime path of "/workspaces/isaac_ros-dev/install/isaac_ros_nitros_interfaces/lib/libisaac_ros_nitros_interfaces__rosidl_typesupport_introspection_cpp.so" to ""
[5.894s] -- Installing: /workspaces/isaac_ros-dev/install/isaac_ros_nitros_interfaces/lib/libisaac_ros_nitros_interfaces__rosidl_typesupport_cpp.so
[5.894s] -- Set runtime path of "/workspaces/isaac_ros-dev/install/isaac_ros_nitros_interfaces/lib/libisaac_ros_nitros_interfaces__rosidl_typesupport_cpp.so" to ""
[5.894s] -- Installing: /workspaces/isaac_ros-dev/install/isaac_ros_nitros_interfaces/share/isaac_ros_nitros_interfaces/environment/pythonpath.sh
[5.894s] -- Installing: /workspaces/isaac_ros-dev/install/isaac_ros_nitros_interfaces/share/isaac_ros_nitros_interfaces/environment/pythonpath.dsv
[5.894s] -- Installing: /workspaces/isaac_ros-dev/install/isaac_ros_nitros_interfaces/lib/python3.8/site-packages/isaac_ros_nitros_interfaces-0.30.0-py3.8.egg-info
[5.894s] -- Installing: /workspaces/isaac_ros-dev/install/isaac_ros_nitros_interfaces/lib/python3.8/site-packages/isaac_ros_nitros_interfaces-0.30.0-py3.8.egg-info/PKG-INFO
[5.894s] -- Installing: /workspaces/isaac_ros-dev/install/isaac_ros_nitros_interfaces/lib/python3.8/site-packages/isaac_ros_nitros_interfaces-0.30.0-py3.8.egg-info/SOURCES.txt
[5.894s] -- Installing: /workspaces/isaac_ros-dev/install/isaac_ros_nitros_interfaces/lib/python3.8/site-packages/isaac_ros_nitros_interfaces-0.30.0-py3.8.egg-info/dependency_links.txt
[5.894s] -- Installing: /workspaces/isaac_ros-dev/install/isaac_ros_nitros_interfaces/lib/python3.8/site-packages/isaac_ros_nitros_interfaces-0.30.0-py3.8.egg-info/top_level.txt
[5.895s] -- Installing: /workspaces/isaac_ros-dev/install/isaac_ros_nitros_interfaces/lib/python3.8/site-packages/isaac_ros_nitros_interfaces
[5.895s] -- Installing: /workspaces/isaac_ros-dev/install/isaac_ros_nitros_interfaces/lib/python3.8/site-packages/isaac_ros_nitros_interfaces/_isaac_ros_nitros_interfaces_s.ep.rosidl_typesupport_introspection_c.c
[5.895s] -- Installing: /workspaces/isaac_ros-dev/install/isaac_ros_nitros_interfaces/lib/python3.8/site-packages/isaac_ros_nitros_interfaces/_isaac_ros_nitros_interfaces_s.ep.rosidl_typesupport_c.c
[5.895s] -- Installing: /workspaces/isaac_ros-dev/install/isaac_ros_nitros_interfaces/lib/python3.8/site-packages/isaac_ros_nitros_interfaces/msg
[5.895s] -- Installing: /workspaces/isaac_ros-dev/install/isaac_ros_nitros_interfaces/lib/python3.8/site-packages/isaac_ros_nitros_interfaces/msg/_topic_statistics_s.c
[5.895s] -- Installing: /workspaces/isaac_ros-dev/install/isaac_ros_nitros_interfaces/lib/python3.8/site-packages/isaac_ros_nitros_interfaces/msg/__init__.py
[5.895s] -- Installing: /workspaces/isaac_ros-dev/install/isaac_ros_nitros_interfaces/lib/python3.8/site-packages/isaac_ros_nitros_interfaces/msg/_topic_statistics.py
[5.895s] -- Installing: /workspaces/isaac_ros-dev/install/isaac_ros_nitros_interfaces/lib/python3.8/site-packages/isaac_ros_nitros_interfaces/isaac_ros_nitros_interfaces_s__rosidl_typesupport_c.cpython-38-x86_64-linux-gnu.so
[5.895s] -- Installing: /workspaces/isaac_ros-dev/install/isaac_ros_nitros_interfaces/lib/python3.8/site-packages/isaac_ros_nitros_interfaces/libisaac_ros_nitros_interfaces__rosidl_generator_py.so
[5.895s] -- Installing: /workspaces/isaac_ros-dev/install/isaac_ros_nitros_interfaces/lib/python3.8/site-packages/isaac_ros_nitros_interfaces/isaac_ros_nitros_interfaces_s__rosidl_typesupport_introspection_c.cpython-38-x86_64-linux-gnu.so
[5.895s] -- Installing: /workspaces/isaac_ros-dev/install/isaac_ros_nitros_interfaces/lib/python3.8/site-packages/isaac_ros_nitros_interfaces/__init__.py
[5.895s] -- Installing: /workspaces/isaac_ros-dev/install/isaac_ros_nitros_interfaces/lib/python3.8/site-packages/isaac_ros_nitros_interfaces/isaac_ros_nitros_interfaces_s__rosidl_typesupport_fastrtps_c.cpython-38-x86_64-linux-gnu.so
[5.895s] -- Installing: /workspaces/isaac_ros-dev/install/isaac_ros_nitros_interfaces/lib/python3.8/site-packages/isaac_ros_nitros_interfaces/_isaac_ros_nitros_interfaces_s.ep.rosidl_typesupport_fastrtps_c.c
[5.919s] Listing '/workspaces/isaac_ros-dev/install/isaac_ros_nitros_interfaces/lib/python3.8/site-packages/isaac_ros_nitros_interfaces'...
[5.919s] Compiling '/workspaces/isaac_ros-dev/install/isaac_ros_nitros_interfaces/lib/python3.8/site-packages/isaac_ros_nitros_interfaces/__init__.py'...
[5.920s] Listing '/workspaces/isaac_ros-dev/install/isaac_ros_nitros_interfaces/lib/python3.8/site-packages/isaac_ros_nitros_interfaces/msg'...
[5.920s] Compiling '/workspaces/isaac_ros-dev/install/isaac_ros_nitros_interfaces/lib/python3.8/site-packages/isaac_ros_nitros_interfaces/msg/__init__.py'...
[5.920s] Compiling '/workspaces/isaac_ros-dev/install/isaac_ros_nitros_interfaces/lib/python3.8/site-packages/isaac_ros_nitros_interfaces/msg/_topic_statistics.py'...
[5.923s] -- Installing: /workspaces/isaac_ros-dev/install/isaac_ros_nitros_interfaces/lib/python3.8/site-packages/isaac_ros_nitros_interfaces/isaac_ros_nitros_interfaces_s__rosidl_typesupport_fastrtps_c.cpython-38-x86_64-linux-gnu.so
[5.924s] -- Set runtime path of "/workspaces/isaac_ros-dev/install/isaac_ros_nitros_interfaces/lib/python3.8/site-packages/isaac_ros_nitros_interfaces/isaac_ros_nitros_interfaces_s__rosidl_typesupport_fastrtps_c.cpython-38-x86_64-linux-gnu.so" to ""
[5.924s] -- Installing: /workspaces/isaac_ros-dev/install/isaac_ros_nitros_interfaces/lib/python3.8/site-packages/isaac_ros_nitros_interfaces/isaac_ros_nitros_interfaces_s__rosidl_typesupport_introspection_c.cpython-38-x86_64-linux-gnu.so
[5.924s] -- Set runtime path of "/workspaces/isaac_ros-dev/install/isaac_ros_nitros_interfaces/lib/python3.8/site-packages/isaac_ros_nitros_interfaces/isaac_ros_nitros_interfaces_s__rosidl_typesupport_introspection_c.cpython-38-x86_64-linux-gnu.so" to ""
[5.924s] -- Installing: /workspaces/isaac_ros-dev/install/isaac_ros_nitros_interfaces/lib/python3.8/site-packages/isaac_ros_nitros_interfaces/isaac_ros_nitros_interfaces_s__rosidl_typesupport_c.cpython-38-x86_64-linux-gnu.so
[5.924s] -- Set runtime path of "/workspaces/isaac_ros-dev/install/isaac_ros_nitros_interfaces/lib/python3.8/site-packages/isaac_ros_nitros_interfaces/isaac_ros_nitros_interfaces_s__rosidl_typesupport_c.cpython-38-x86_64-linux-gnu.so" to ""
[5.924s] -- Installing: /workspaces/isaac_ros-dev/install/isaac_ros_nitros_interfaces/lib/libisaac_ros_nitros_interfaces__rosidl_generator_py.so
[5.925s] -- Set runtime path of "/workspaces/isaac_ros-dev/install/isaac_ros_nitros_interfaces/lib/libisaac_ros_nitros_interfaces__rosidl_generator_py.so" to ""
[5.925s] -- Installing: /workspaces/isaac_ros-dev/install/isaac_ros_nitros_interfaces/share/isaac_ros_nitros_interfaces/msg/TopicStatistics.idl
[5.925s] -- Installing: /workspaces/isaac_ros-dev/install/isaac_ros_nitros_interfaces/share/isaac_ros_nitros_interfaces/msg/TopicStatistics.msg
[5.925s] -- Installing: /workspaces/isaac_ros-dev/install/isaac_ros_nitros_interfaces/share/ament_index/resource_index/package_run_dependencies/isaac_ros_nitros_interfaces
[5.925s] -- Installing: /workspaces/isaac_ros-dev/install/isaac_ros_nitros_interfaces/share/ament_index/resource_index/parent_prefix_path/isaac_ros_nitros_interfaces
[5.925s] -- Installing: /workspaces/isaac_ros-dev/install/isaac_ros_nitros_interfaces/share/isaac_ros_nitros_interfaces/environment/ament_prefix_path.sh
[5.925s] -- Installing: /workspaces/isaac_ros-dev/install/isaac_ros_nitros_interfaces/share/isaac_ros_nitros_interfaces/environment/ament_prefix_path.dsv
[5.925s] -- Installing: /workspaces/isaac_ros-dev/install/isaac_ros_nitros_interfaces/share/isaac_ros_nitros_interfaces/environment/path.sh
[5.925s] -- Installing: /workspaces/isaac_ros-dev/install/isaac_ros_nitros_interfaces/share/isaac_ros_nitros_interfaces/environment/path.dsv
[5.926s] -- Installing: /workspaces/isaac_ros-dev/install/isaac_ros_nitros_interfaces/share/isaac_ros_nitros_interfaces/local_setup.bash
[5.926s] -- Installing: /workspaces/isaac_ros-dev/install/isaac_ros_nitros_interfaces/share/isaac_ros_nitros_interfaces/local_setup.sh
[5.926s] -- Installing: /workspaces/isaac_ros-dev/install/isaac_ros_nitros_interfaces/share/isaac_ros_nitros_interfaces/local_setup.zsh
[5.926s] -- Installing: /workspaces/isaac_ros-dev/install/isaac_ros_nitros_interfaces/share/isaac_ros_nitros_interfaces/local_setup.dsv
[5.926s] -- Installing: /workspaces/isaac_ros-dev/install/isaac_ros_nitros_interfaces/share/isaac_ros_nitros_interfaces/package.dsv
[5.926s] -- Installing: /workspaces/isaac_ros-dev/install/isaac_ros_nitros_interfaces/share/ament_index/resource_index/packages/isaac_ros_nitros_interfaces
[5.926s] -- Installing: /workspaces/isaac_ros-dev/install/isaac_ros_nitros_interfaces/share/isaac_ros_nitros_interfaces/cmake/export_isaac_ros_nitros_interfaces__rosidl_generator_cExport.cmake
[5.926s] -- Installing: /workspaces/isaac_ros-dev/install/isaac_ros_nitros_interfaces/share/isaac_ros_nitros_interfaces/cmake/export_isaac_ros_nitros_interfaces__rosidl_generator_cExport-release.cmake
[5.926s] -- Installing: /workspaces/isaac_ros-dev/install/isaac_ros_nitros_interfaces/share/isaac_ros_nitros_interfaces/cmake/export_isaac_ros_nitros_interfaces__rosidl_typesupport_fastrtps_cExport.cmake
[5.926s] -- Installing: /workspaces/isaac_ros-dev/install/isaac_ros_nitros_interfaces/share/isaac_ros_nitros_interfaces/cmake/export_isaac_ros_nitros_interfaces__rosidl_typesupport_fastrtps_cExport-release.cmake
[5.926s] -- Installing: /workspaces/isaac_ros-dev/install/isaac_ros_nitros_interfaces/share/isaac_ros_nitros_interfaces/cmake/isaac_ros_nitros_interfaces__rosidl_typesupport_introspection_cExport.cmake
[5.927s] -- Installing: /workspaces/isaac_ros-dev/install/isaac_ros_nitros_interfaces/share/isaac_ros_nitros_interfaces/cmake/isaac_ros_nitros_interfaces__rosidl_typesupport_introspection_cExport-release.cmake
[5.927s] -- Installing: /workspaces/isaac_ros-dev/install/isaac_ros_nitros_interfaces/share/isaac_ros_nitros_interfaces/cmake/isaac_ros_nitros_interfaces__rosidl_typesupport_cExport.cmake
[5.927s] -- Installing: /workspaces/isaac_ros-dev/install/isaac_ros_nitros_interfaces/share/isaac_ros_nitros_interfaces/cmake/isaac_ros_nitros_interfaces__rosidl_typesupport_cExport-release.cmake
[5.927s] -- Installing: /workspaces/isaac_ros-dev/install/isaac_ros_nitros_interfaces/share/isaac_ros_nitros_interfaces/cmake/export_isaac_ros_nitros_interfaces__rosidl_generator_cppExport.cmake
[5.927s] -- Installing: /workspaces/isaac_ros-dev/install/isaac_ros_nitros_interfaces/share/isaac_ros_nitros_interfaces/cmake/export_isaac_ros_nitros_interfaces__rosidl_typesupport_fastrtps_cppExport.cmake
[5.927s] -- Installing: /workspaces/isaac_ros-dev/install/isaac_ros_nitros_interfaces/share/isaac_ros_nitros_interfaces/cmake/export_isaac_ros_nitros_interfaces__rosidl_typesupport_fastrtps_cppExport-release.cmake
[5.927s] -- Installing: /workspaces/isaac_ros-dev/install/isaac_ros_nitros_interfaces/share/isaac_ros_nitros_interfaces/cmake/isaac_ros_nitros_interfaces__rosidl_typesupport_introspection_cppExport.cmake
[5.927s] -- Installing: /workspaces/isaac_ros-dev/install/isaac_ros_nitros_interfaces/share/isaac_ros_nitros_interfaces/cmake/isaac_ros_nitros_interfaces__rosidl_typesupport_introspection_cppExport-release.cmake
[5.928s] -- Installing: /workspaces/isaac_ros-dev/install/isaac_ros_nitros_interfaces/share/isaac_ros_nitros_interfaces/cmake/isaac_ros_nitros_interfaces__rosidl_typesupport_cppExport.cmake
[5.928s] -- Installing: /workspaces/isaac_ros-dev/install/isaac_ros_nitros_interfaces/share/isaac_ros_nitros_interfaces/cmake/isaac_ros_nitros_interfaces__rosidl_typesupport_cppExport-release.cmake
[5.928s] -- Installing: /workspaces/isaac_ros-dev/install/isaac_ros_nitros_interfaces/share/isaac_ros_nitros_interfaces/cmake/export_isaac_ros_nitros_interfaces__rosidl_generator_pyExport.cmake
[5.928s] -- Installing: /workspaces/isaac_ros-dev/install/isaac_ros_nitros_interfaces/share/isaac_ros_nitros_interfaces/cmake/export_isaac_ros_nitros_interfaces__rosidl_generator_pyExport-release.cmake
[5.928s] -- Installing: /workspaces/isaac_ros-dev/install/isaac_ros_nitros_interfaces/share/isaac_ros_nitros_interfaces/cmake/rosidl_cmake-extras.cmake
[5.928s] -- Installing: /workspaces/isaac_ros-dev/install/isaac_ros_nitros_interfaces/share/isaac_ros_nitros_interfaces/cmake/ament_cmake_export_include_directories-extras.cmake
[5.928s] -- Installing: /workspaces/isaac_ros-dev/install/isaac_ros_nitros_interfaces/share/isaac_ros_nitros_interfaces/cmake/ament_cmake_export_libraries-extras.cmake
[5.928s] -- Installing: /workspaces/isaac_ros-dev/install/isaac_ros_nitros_interfaces/share/isaac_ros_nitros_interfaces/cmake/ament_cmake_export_targets-extras.cmake
[5.928s] -- Installing: /workspaces/isaac_ros-dev/install/isaac_ros_nitros_interfaces/share/isaac_ros_nitros_interfaces/cmake/rosidl_cmake_export_typesupport_targets-extras.cmake
[5.928s] -- Installing: /workspaces/isaac_ros-dev/install/isaac_ros_nitros_interfaces/share/isaac_ros_nitros_interfaces/cmake/ament_cmake_export_dependencies-extras.cmake
[5.928s] -- Installing: /workspaces/isaac_ros-dev/install/isaac_ros_nitros_interfaces/share/isaac_ros_nitros_interfaces/cmake/rosidl_cmake_export_typesupport_libraries-extras.cmake
[5.928s] -- Installing: /workspaces/isaac_ros-dev/install/isaac_ros_nitros_interfaces/share/isaac_ros_nitros_interfaces/cmake/isaac_ros_nitros_interfacesConfig.cmake
[5.929s] -- Installing: /workspaces/isaac_ros-dev/install/isaac_ros_nitros_interfaces/share/isaac_ros_nitros_interfaces/cmake/isaac_ros_nitros_interfacesConfig-version.cmake
[5.929s] -- Installing: /workspaces/isaac_ros-dev/install/isaac_ros_nitros_interfaces/share/isaac_ros_nitros_interfaces/package.xml
[5.938s] Invoked command in '/workspaces/isaac_ros-dev/build/isaac_ros_nitros_interfaces' returned '0': AMENT_PREFIX_PATH=/workspaces/isaac_ros-dev/install/isaac_ros_common:${AMENT_PREFIX_PATH} CMAKE_PREFIX_PATH=/workspaces/isaac_ros-dev/install/isaac_ros_common:${CMAKE_PREFIX_PATH} LD_LIBRARY_PATH=/workspaces/isaac_ros-dev/install/isaac_ros_common/lib:${LD_LIBRARY_PATH} /usr/local/bin/cmake --install /workspaces/isaac_ros-dev/build/isaac_ros_nitros_interfaces
