[0.134s] Invoking command in '/workspaces/isaac_ros-dev/build/isaac_ros_h264_decoder': AMENT_PREFIX_PATH=/workspaces/isaac_ros-dev/install/isaac_ros_image_proc:/workspaces/isaac_ros-dev/install/isaac_ros_nitros_image_type:/workspaces/isaac_ros-dev/install/isaac_ros_nitros_compressed_image_type:/workspaces/isaac_ros-dev/install/isaac_ros_nitros_camera_info_type:/workspaces/isaac_ros-dev/install/isaac_ros_nitros:/workspaces/isaac_ros-dev/install/isaac_ros_nitros_interfaces:/workspaces/isaac_ros-dev/install/isaac_ros_gxf:/workspaces/isaac_ros-dev/install/isaac_ros_test:/workspaces/isaac_ros-dev/install/isaac_ros_common:${AMENT_PREFIX_PATH} CMAKE_PREFIX_PATH=/workspaces/isaac_ros-dev/install/isaac_ros_image_proc:/workspaces/isaac_ros-dev/install/isaac_ros_nitros_image_type:/workspaces/isaac_ros-dev/install/isaac_ros_nitros_compressed_image_type:/workspaces/isaac_ros-dev/install/isaac_ros_nitros_camera_info_type:/workspaces/isaac_ros-dev/install/isaac_ros_nitros:/workspaces/isaac_ros-dev/install/isaac_ros_nitros_interfaces:/workspaces/isaac_ros-dev/install/isaac_ros_gxf:/workspaces/isaac_ros-dev/install/isaac_ros_common:${CMAKE_PREFIX_PATH} LD_LIBRARY_PATH=/workspaces/isaac_ros-dev/install/isaac_ros_image_proc/lib:/workspaces/isaac_ros-dev/install/isaac_ros_nitros_image_type/lib:/workspaces/isaac_ros-dev/install/isaac_ros_nitros_compressed_image_type/lib:/workspaces/isaac_ros-dev/install/isaac_ros_nitros_camera_info_type/lib:/workspaces/isaac_ros-dev/install/isaac_ros_nitros/lib:/workspaces/isaac_ros-dev/install/isaac_ros_nitros_interfaces/lib:/workspaces/isaac_ros-dev/install/isaac_ros_common/lib:/opt/ros/humble/install/opt/rviz_ogre_vendor/lib:/opt/ros/humble/install/lib:/usr/lib/aarch64-linux-gnu/tegra/weston:/usr/lib/aarch64-linux-gnu/tegra-egl:/usr/local/cuda-11.4/targets/aarch64-linux/lib:/usr/lib/aarch64-linux-gnu/tegra:/opt/nvidia/vpi2/lib64:/usr/lib/aarch64-linux-gnu-host:/opt/tritonserver/lib PYTHONPATH=/workspaces/isaac_ros-dev/install/isaac_ros_nitros_interfaces/lib/python3.8/site-packages:/workspaces/isaac_ros-dev/install/isaac_ros_test/lib/python3.8/site-packages:${PYTHONPATH} /usr/bin/cmake /workspaces/isaac_ros-dev/src/isaac_ros_compression/isaac_ros_h264_decoder -DCMAKE_INSTALL_PREFIX=/workspaces/isaac_ros-dev/install/isaac_ros_h264_decoder
[0.283s] -- The C compiler identification is GNU 9.4.0
[0.436s] -- The CXX compiler identification is GNU 9.4.0
[0.456s] -- Detecting C compiler ABI info
[0.640s] -- Detecting C compiler ABI info - done
[0.656s] -- Check for working C compiler: /usr/bin/cc - skipped
[0.656s] -- Detecting C compile features
[0.656s] -- Detecting C compile features - done
[0.660s] -- Detecting CXX compiler ABI info
[0.855s] -- Detecting CXX compiler ABI info - done
[0.867s] -- Check for working CXX compiler: /usr/bin/c++ - skipped
[0.868s] -- Detecting CXX compile features
[0.868s] -- Detecting CXX compile features - done
[0.876s] -- Found ament_cmake_auto: 1.3.3 (/opt/ros/humble/install/share/ament_cmake_auto/cmake)
[3.082s] -- Found Python3: /usr/bin/python3.8 (found version "3.8.10") found components: Interpreter 
[3.701s] -- Found rosidl_generator_c: 3.1.4 (/opt/ros/humble/install/share/rosidl_generator_c/cmake)
[3.720s] -- Found rosidl_adapter: 3.1.4 (/opt/ros/humble/install/share/rosidl_adapter/cmake)
[3.750s] -- Found rosidl_generator_cpp: 3.1.4 (/opt/ros/humble/install/share/rosidl_generator_cpp/cmake)
[3.797s] -- Using all available rosidl_typesupport_c: rosidl_typesupport_fastrtps_c;rosidl_typesupport_introspection_c
[3.862s] -- Using all available rosidl_typesupport_cpp: rosidl_typesupport_fastrtps_cpp;rosidl_typesupport_introspection_cpp
[4.085s] -- Found rmw_implementation_cmake: 6.1.1 (/opt/ros/humble/install/share/rmw_implementation_cmake/cmake)
[4.094s] -- Found rmw_fastrtps_cpp: 6.2.2 (/opt/ros/humble/install/share/rmw_fastrtps_cpp/cmake)
[4.489s] -- Found OpenSSL: /usr/lib/aarch64-linux-gnu/libcrypto.so (found version "1.1.1f")  
[4.596s] -- Found FastRTPS: /opt/ros/humble/install/include  
[4.773s] -- Using RMW implementation 'rmw_fastrtps_cpp' as default
[4.812s] -- Looking for pthread.h
[4.987s] -- Looking for pthread.h - found
[4.987s] -- Performing Test CMAKE_HAVE_LIBC_PTHREAD
[5.168s] -- Performing Test CMAKE_HAVE_LIBC_PTHREAD - Failed
[5.168s] -- Looking for pthread_create in pthreads
[5.312s] -- Looking for pthread_create in pthreads - not found
[5.313s] -- Looking for pthread_create in pthread
[5.484s] -- Looking for pthread_create in pthread - found
[5.487s] -- Found Threads: TRUE  
[6.697s] -- Loading isaac_ros_common extras
[6.697s] -- CMAKE_BUILD_TYPE: Release
[6.773s] -- Found CUDA: /usr/local/cuda (found version "11.4") 
[6.775s] -- Loading isaac_ros_common extras (modules)
[7.002s] -- Loading isaac_ros_gxf extras
[9.769s] -- Found CUDAToolkit: /usr/local/cuda/include (found version "11.4.315") 
[10.086s] -- Found atlas lib=/workspaces/isaac_ros-dev/install/isaac_ros_gxf/share/isaac_ros_gxf/gxf/lib/libgxf_atlas.so, include=/workspaces/isaac_ros-dev/install/isaac_ros_gxf/share/isaac_ros_gxf/gxf/include/gxf
[10.091s] -- Found cuda lib=/workspaces/isaac_ros-dev/install/isaac_ros_gxf/share/isaac_ros_gxf/gxf/lib/cuda/libgxf_cuda.so, include=/workspaces/isaac_ros-dev/install/isaac_ros_gxf/share/isaac_ros_gxf/gxf/include/gxf
[10.097s] -- Found isaac_messages lib=/workspaces/isaac_ros-dev/install/isaac_ros_gxf/share/isaac_ros_gxf/gxf/lib/libgxf_isaac_messages.so, include=/workspaces/isaac_ros-dev/install/isaac_ros_gxf/share/isaac_ros_gxf/gxf/include/gxf
[10.102s] -- Found isaac_ros_messages lib=/workspaces/isaac_ros-dev/install/isaac_ros_gxf/share/isaac_ros_gxf/gxf/lib/libgxf_isaac_ros_messages.so, include=/workspaces/isaac_ros-dev/install/isaac_ros_gxf/share/isaac_ros_gxf/gxf/include/gxf
[10.109s] -- Found multimedia lib=/workspaces/isaac_ros-dev/install/isaac_ros_gxf/share/isaac_ros_gxf/gxf/lib/multimedia/libgxf_multimedia.so, include=/workspaces/isaac_ros-dev/install/isaac_ros_gxf/share/isaac_ros_gxf/gxf/include/gxf
[10.119s] -- Found gxf_optimizer lib=/workspaces/isaac_ros-dev/install/isaac_ros_gxf/share/isaac_ros_gxf/gxf/lib/libgxf_optimizer.so, include=/workspaces/isaac_ros-dev/install/isaac_ros_gxf/share/isaac_ros_gxf/gxf/include/gxf
[10.124s] -- Found serialization lib=/workspaces/isaac_ros-dev/install/isaac_ros_gxf/share/isaac_ros_gxf/gxf/lib/serialization/libgxf_serialization.so, include=/workspaces/isaac_ros-dev/install/isaac_ros_gxf/share/isaac_ros_gxf/gxf/include/gxf
[10.130s] -- Found std lib=/workspaces/isaac_ros-dev/install/isaac_ros_gxf/share/isaac_ros_gxf/gxf/lib/std/libgxf_std.so, include=/workspaces/isaac_ros-dev/install/isaac_ros_gxf/share/isaac_ros_gxf/gxf/include/gxf
[10.137s] -- Found core lib=/workspaces/isaac_ros-dev/install/isaac_ros_gxf/share/isaac_ros_gxf/gxf/lib/core/libgxf_core.so, include=/workspaces/isaac_ros-dev/install/isaac_ros_gxf/share/isaac_ros_gxf/gxf/include/gxf
[10.141s] -- Found GXF:  (found suitable version "2.5.0", minimum required is "2.5.0") found components: core cuda multimedia serialization std 
[13.627s] -- Performing Test FLAG_WEXTRA
[14.051s] -- Performing Test FLAG_WEXTRA - Success
[14.097s] -- Architecture: aarch64
[14.105s] -- Found ament_lint_auto: 0.12.5 (/opt/ros/humble/install/share/ament_lint_auto/cmake)
[14.350s] -- Found launch_testing_ament_cmake: 1.0.4 (/opt/ros/humble/install/share/launch_testing_ament_cmake/cmake)
[14.358s] -- Found python_cmake_module: 0.10.0 (/opt/ros/humble/install/share/python_cmake_module/cmake)
[14.442s] -- Found PythonInterp: /usr/bin/python3 (found suitable version "3.8.10", minimum required is "3.6") 
[14.458s] -- Found PythonLibs: /usr/lib/aarch64-linux-gnu/libpython3.8.so (found suitable version "3.8.10", minimum required is "3.5") 
[14.460s] -- Using PYTHON_EXECUTABLE: /usr/bin/python3
[14.460s] -- Using PYTHON_INCLUDE_DIRS: /usr/include/python3.8
[14.461s] -- Using PYTHON_LIBRARIES: /usr/lib/aarch64-linux-gnu/libpython3.8.so
[14.566s] -- Found PythonExtra: .so  
[14.585s] -- Added test 'copyright' to check source files copyright and LICENSE
[14.598s] -- Added test 'cppcheck' to perform static code analysis on C / C++ code
[14.600s] -- Configured cppcheck include dirs: /workspaces/isaac_ros-dev/src/isaac_ros_compression/isaac_ros_h264_decoder/include
[14.600s] -- Configured cppcheck exclude dirs and/or files: 
[14.612s] -- Added test 'cpplint' to check C / C++ code against the Google style
[14.613s] -- Configured cpplint exclude dirs and/or files: 
[14.617s] -- Added test 'flake8' to check Python code syntax and style conventions
[14.622s] -- Added test 'lint_cmake' to check CMake code style
[14.626s] -- Added test 'pep257' to check Python code against some of the docstring style conventions in PEP 257
[14.640s] -- Added test 'uncrustify' to check C / C++ code style
[14.640s] -- Configured uncrustify additional arguments: 
[14.644s] -- Added test 'xmllint' to check XML markup files
[14.655s] -- Configuring done
[14.870s] -- Generating done
[14.904s] -- Build files have been written to: /workspaces/isaac_ros-dev/build/isaac_ros_h264_decoder
[14.963s] Invoked command in '/workspaces/isaac_ros-dev/build/isaac_ros_h264_decoder' returned '0': AMENT_PREFIX_PATH=/workspaces/isaac_ros-dev/install/isaac_ros_image_proc:/workspaces/isaac_ros-dev/install/isaac_ros_nitros_image_type:/workspaces/isaac_ros-dev/install/isaac_ros_nitros_compressed_image_type:/workspaces/isaac_ros-dev/install/isaac_ros_nitros_camera_info_type:/workspaces/isaac_ros-dev/install/isaac_ros_nitros:/workspaces/isaac_ros-dev/install/isaac_ros_nitros_interfaces:/workspaces/isaac_ros-dev/install/isaac_ros_gxf:/workspaces/isaac_ros-dev/install/isaac_ros_test:/workspaces/isaac_ros-dev/install/isaac_ros_common:${AMENT_PREFIX_PATH} CMAKE_PREFIX_PATH=/workspaces/isaac_ros-dev/install/isaac_ros_image_proc:/workspaces/isaac_ros-dev/install/isaac_ros_nitros_image_type:/workspaces/isaac_ros-dev/install/isaac_ros_nitros_compressed_image_type:/workspaces/isaac_ros-dev/install/isaac_ros_nitros_camera_info_type:/workspaces/isaac_ros-dev/install/isaac_ros_nitros:/workspaces/isaac_ros-dev/install/isaac_ros_nitros_interfaces:/workspaces/isaac_ros-dev/install/isaac_ros_gxf:/workspaces/isaac_ros-dev/install/isaac_ros_common:${CMAKE_PREFIX_PATH} LD_LIBRARY_PATH=/workspaces/isaac_ros-dev/install/isaac_ros_image_proc/lib:/workspaces/isaac_ros-dev/install/isaac_ros_nitros_image_type/lib:/workspaces/isaac_ros-dev/install/isaac_ros_nitros_compressed_image_type/lib:/workspaces/isaac_ros-dev/install/isaac_ros_nitros_camera_info_type/lib:/workspaces/isaac_ros-dev/install/isaac_ros_nitros/lib:/workspaces/isaac_ros-dev/install/isaac_ros_nitros_interfaces/lib:/workspaces/isaac_ros-dev/install/isaac_ros_common/lib:/opt/ros/humble/install/opt/rviz_ogre_vendor/lib:/opt/ros/humble/install/lib:/usr/lib/aarch64-linux-gnu/tegra/weston:/usr/lib/aarch64-linux-gnu/tegra-egl:/usr/local/cuda-11.4/targets/aarch64-linux/lib:/usr/lib/aarch64-linux-gnu/tegra:/opt/nvidia/vpi2/lib64:/usr/lib/aarch64-linux-gnu-host:/opt/tritonserver/lib PYTHONPATH=/workspaces/isaac_ros-dev/install/isaac_ros_nitros_interfaces/lib/python3.8/site-packages:/workspaces/isaac_ros-dev/install/isaac_ros_test/lib/python3.8/site-packages:${PYTHONPATH} /usr/bin/cmake /workspaces/isaac_ros-dev/src/isaac_ros_compression/isaac_ros_h264_decoder -DCMAKE_INSTALL_PREFIX=/workspaces/isaac_ros-dev/install/isaac_ros_h264_decoder
[14.965s] Invoking command in '/workspaces/isaac_ros-dev/build/isaac_ros_h264_decoder': AMENT_PREFIX_PATH=/workspaces/isaac_ros-dev/install/isaac_ros_image_proc:/workspaces/isaac_ros-dev/install/isaac_ros_nitros_image_type:/workspaces/isaac_ros-dev/install/isaac_ros_nitros_compressed_image_type:/workspaces/isaac_ros-dev/install/isaac_ros_nitros_camera_info_type:/workspaces/isaac_ros-dev/install/isaac_ros_nitros:/workspaces/isaac_ros-dev/install/isaac_ros_nitros_interfaces:/workspaces/isaac_ros-dev/install/isaac_ros_gxf:/workspaces/isaac_ros-dev/install/isaac_ros_test:/workspaces/isaac_ros-dev/install/isaac_ros_common:${AMENT_PREFIX_PATH} CMAKE_PREFIX_PATH=/workspaces/isaac_ros-dev/install/isaac_ros_image_proc:/workspaces/isaac_ros-dev/install/isaac_ros_nitros_image_type:/workspaces/isaac_ros-dev/install/isaac_ros_nitros_compressed_image_type:/workspaces/isaac_ros-dev/install/isaac_ros_nitros_camera_info_type:/workspaces/isaac_ros-dev/install/isaac_ros_nitros:/workspaces/isaac_ros-dev/install/isaac_ros_nitros_interfaces:/workspaces/isaac_ros-dev/install/isaac_ros_gxf:/workspaces/isaac_ros-dev/install/isaac_ros_common:${CMAKE_PREFIX_PATH} LD_LIBRARY_PATH=/workspaces/isaac_ros-dev/install/isaac_ros_image_proc/lib:/workspaces/isaac_ros-dev/install/isaac_ros_nitros_image_type/lib:/workspaces/isaac_ros-dev/install/isaac_ros_nitros_compressed_image_type/lib:/workspaces/isaac_ros-dev/install/isaac_ros_nitros_camera_info_type/lib:/workspaces/isaac_ros-dev/install/isaac_ros_nitros/lib:/workspaces/isaac_ros-dev/install/isaac_ros_nitros_interfaces/lib:/workspaces/isaac_ros-dev/install/isaac_ros_common/lib:/opt/ros/humble/install/opt/rviz_ogre_vendor/lib:/opt/ros/humble/install/lib:/usr/lib/aarch64-linux-gnu/tegra/weston:/usr/lib/aarch64-linux-gnu/tegra-egl:/usr/local/cuda-11.4/targets/aarch64-linux/lib:/usr/lib/aarch64-linux-gnu/tegra:/opt/nvidia/vpi2/lib64:/usr/lib/aarch64-linux-gnu-host:/opt/tritonserver/lib PYTHONPATH=/workspaces/isaac_ros-dev/install/isaac_ros_nitros_interfaces/lib/python3.8/site-packages:/workspaces/isaac_ros-dev/install/isaac_ros_test/lib/python3.8/site-packages:${PYTHONPATH} /usr/bin/cmake --build /workspaces/isaac_ros-dev/build/isaac_ros_h264_decoder -- -j4 -l4
[15.234s] [  2%] [32mBuilding CXX object CMakeFiles/decoder_node.dir/src/decoder_node.cpp.o[0m
[15.264s] [  6%] [32mBuilding CXX object gxf/codec/CMakeFiles/jetson_multimedia.dir/usr/src/jetson_multimedia_api/samples/common/classes/NvVideoEncoder.cpp.o[0m
[15.265s] [  6%] [32mBuilding CXX object _deps/yaml-cpp-build/CMakeFiles/yaml-cpp.dir/src/binary.cpp.o[0m
[15.265s] [  8%] [32mBuilding CXX object gxf/codec/CMakeFiles/jetson_multimedia.dir/usr/src/jetson_multimedia_api/samples/common/classes/NvVideoDecoder.cpp.o[0m
[16.953s] [ 10%] [32mBuilding CXX object _deps/yaml-cpp-build/CMakeFiles/yaml-cpp.dir/src/convert.cpp.o[0m
[21.821s] [ 12%] [32mBuilding CXX object _deps/yaml-cpp-build/CMakeFiles/yaml-cpp.dir/src/directives.cpp.o[0m
[23.481s] [ 14%] [32mBuilding CXX object _deps/yaml-cpp-build/CMakeFiles/yaml-cpp.dir/src/emit.cpp.o[0m
[25.248s] [ 16%] [32mBuilding CXX object gxf/codec/CMakeFiles/jetson_multimedia.dir/usr/src/jetson_multimedia_api/samples/common/classes/NvV4l2Element.cpp.o[0m
[26.989s] [ 18%] [32mBuilding CXX object _deps/yaml-cpp-build/CMakeFiles/yaml-cpp.dir/src/emitfromevents.cpp.o[0m
[30.892s] [ 20%] [32mBuilding CXX object _deps/yaml-cpp-build/CMakeFiles/yaml-cpp.dir/src/emitter.cpp.o[0m
[33.733s] [ 22%] [32mBuilding CXX object gxf/codec/CMakeFiles/jetson_multimedia.dir/usr/src/jetson_multimedia_api/samples/common/classes/NvV4l2ElementPlane.cpp.o[0m
[35.254s] [ 24%] [32mBuilding CXX object _deps/yaml-cpp-build/CMakeFiles/yaml-cpp.dir/src/emitterstate.cpp.o[0m
[39.505s] [ 26%] [32mBuilding CXX object _deps/yaml-cpp-build/CMakeFiles/yaml-cpp.dir/src/emitterutils.cpp.o[0m
[42.513s] [ 28%] [32mBuilding CXX object gxf/codec/CMakeFiles/jetson_multimedia.dir/usr/src/jetson_multimedia_api/samples/common/classes/NvElement.cpp.o[0m
[44.990s] [ 30%] [32mBuilding CXX object gxf/codec/CMakeFiles/jetson_multimedia.dir/usr/src/jetson_multimedia_api/samples/common/classes/NvElementProfiler.cpp.o[0m
[48.271s] [ 32%] [32mBuilding CXX object gxf/codec/CMakeFiles/jetson_multimedia.dir/usr/src/jetson_multimedia_api/samples/common/classes/NvBuffer.cpp.o[0m
[51.229s] [ 34%] [32mBuilding CXX object _deps/yaml-cpp-build/CMakeFiles/yaml-cpp.dir/src/exceptions.cpp.o[0m
[52.377s] [ 36%] [32mBuilding CXX object _deps/yaml-cpp-build/CMakeFiles/yaml-cpp.dir/src/exp.cpp.o[0m
[53.045s] [ 38%] [32mBuilding CXX object gxf/codec/CMakeFiles/jetson_multimedia.dir/usr/src/jetson_multimedia_api/samples/common/classes/NvLogging.cpp.o[0m
[54.293s] [ 40%] [32m[1mLinking CXX static library libjetson_multimedia.a[0m
[54.478s] [ 40%] Built target jetson_multimedia
[54.496s] [ 42%] [32mBuilding CXX object _deps/yaml-cpp-build/CMakeFiles/yaml-cpp.dir/src/memory.cpp.o[0m
[56.773s] [ 44%] [32mBuilding CXX object _deps/yaml-cpp-build/CMakeFiles/yaml-cpp.dir/src/node_data.cpp.o[0m
[60.092s] [ 46%] [32mBuilding CXX object _deps/yaml-cpp-build/CMakeFiles/yaml-cpp.dir/src/nodebuilder.cpp.o[0m
[62.728s] [ 48%] [32mBuilding CXX object _deps/yaml-cpp-build/CMakeFiles/yaml-cpp.dir/src/nodeevents.cpp.o[0m
[64.775s] [ 50%] [32mBuilding CXX object _deps/yaml-cpp-build/CMakeFiles/yaml-cpp.dir/src/null.cpp.o[0m
[65.276s] [ 52%] [32mBuilding CXX object _deps/yaml-cpp-build/CMakeFiles/yaml-cpp.dir/src/ostream_wrapper.cpp.o[0m
[66.371s] [ 54%] [32mBuilding CXX object _deps/yaml-cpp-build/CMakeFiles/yaml-cpp.dir/src/parse.cpp.o[0m
[68.916s] [ 56%] [32mBuilding CXX object _deps/yaml-cpp-build/CMakeFiles/yaml-cpp.dir/src/parser.cpp.o[0m
[71.326s] [ 58%] [32mBuilding CXX object _deps/yaml-cpp-build/CMakeFiles/yaml-cpp.dir/src/regex_yaml.cpp.o[0m
[72.827s] [ 60%] [32mBuilding CXX object _deps/yaml-cpp-build/CMakeFiles/yaml-cpp.dir/src/scanner.cpp.o[0m
[76.764s] [ 62%] [32mBuilding CXX object _deps/yaml-cpp-build/CMakeFiles/yaml-cpp.dir/src/scanscalar.cpp.o[0m
[79.651s] [ 64%] [32mBuilding CXX object _deps/yaml-cpp-build/CMakeFiles/yaml-cpp.dir/src/scantag.cpp.o[0m
[81.920s] [ 66%] [32mBuilding CXX object _deps/yaml-cpp-build/CMakeFiles/yaml-cpp.dir/src/scantoken.cpp.o[0m
[87.879s] [ 68%] [32mBuilding CXX object _deps/yaml-cpp-build/CMakeFiles/yaml-cpp.dir/src/simplekey.cpp.o[0m
[89.598s] [ 70%] [32mBuilding CXX object _deps/yaml-cpp-build/CMakeFiles/yaml-cpp.dir/src/singledocparser.cpp.o[0m
[92.601s] [ 72%] [32mBuilding CXX object _deps/yaml-cpp-build/CMakeFiles/yaml-cpp.dir/src/stream.cpp.o[0m
[93.942s] [ 74%] [32mBuilding CXX object _deps/yaml-cpp-build/CMakeFiles/yaml-cpp.dir/src/tag.cpp.o[0m
[95.097s] [ 76%] [32mBuilding CXX object _deps/yaml-cpp-build/CMakeFiles/yaml-cpp.dir/src/contrib/graphbuilder.cpp.o[0m
[96.257s] [ 78%] [32mBuilding CXX object _deps/yaml-cpp-build/CMakeFiles/yaml-cpp.dir/src/contrib/graphbuilderadapter.cpp.o[0m
[97.386s] [ 80%] [32mBuilding CXX object _deps/yaml-cpp-build/CMakeFiles/yaml-cpp.dir/src/node.cpp.o[0m
[98.360s] [ 82%] [32m[1mLinking CXX static library libyaml-cpp.a[0m
[98.449s] [ 82%] Built target yaml-cpp
[125.437s] [ 84%] [32m[1mLinking CXX shared library libdecoder_node.so[0m
[126.673s] [ 84%] Built target decoder_node
[126.797s] [ 86%] [32mBuilding CXX object gxf/codec/CMakeFiles/gxf_codec_extension.dir/codec_extension.cpp.o[0m
[126.801s] [ 88%] [32mBuilding CXX object gxf/codec/CMakeFiles/gxf_codec_extension.dir/components/decoder_request.cpp.o[0m
[126.811s] [ 90%] [32mBuilding CXX object gxf/codec/CMakeFiles/gxf_codec_extension.dir/components/decoder_response.cpp.o[0m
[127.878s] [ 92%] [32mBuilding CXX object gxf/codec/CMakeFiles/gxf_codec_extension.dir/components/decoder_scheduling_term.cpp.o[0m
[144.786s] [ 94%] [32mBuilding CXX object gxf/codec/CMakeFiles/gxf_codec_extension.dir/components/encoder_scheduling_term.cpp.o[0m
[151.597s] [ 98%] [32mBuilding CXX object gxf/codec/CMakeFiles/gxf_codec_extension.dir/components/encoder_response.cpp.o[0m
[151.598s] [ 98%] [32mBuilding CXX object gxf/codec/CMakeFiles/gxf_codec_extension.dir/components/encoder_request.cpp.o[0m
[166.720s] [100%] [32m[1mLinking CXX shared library libgxf_codec_extension.so[0m
[166.969s] [100%] Built target gxf_codec_extension
[166.986s] Invoked command in '/workspaces/isaac_ros-dev/build/isaac_ros_h264_decoder' returned '0': AMENT_PREFIX_PATH=/workspaces/isaac_ros-dev/install/isaac_ros_image_proc:/workspaces/isaac_ros-dev/install/isaac_ros_nitros_image_type:/workspaces/isaac_ros-dev/install/isaac_ros_nitros_compressed_image_type:/workspaces/isaac_ros-dev/install/isaac_ros_nitros_camera_info_type:/workspaces/isaac_ros-dev/install/isaac_ros_nitros:/workspaces/isaac_ros-dev/install/isaac_ros_nitros_interfaces:/workspaces/isaac_ros-dev/install/isaac_ros_gxf:/workspaces/isaac_ros-dev/install/isaac_ros_test:/workspaces/isaac_ros-dev/install/isaac_ros_common:${AMENT_PREFIX_PATH} CMAKE_PREFIX_PATH=/workspaces/isaac_ros-dev/install/isaac_ros_image_proc:/workspaces/isaac_ros-dev/install/isaac_ros_nitros_image_type:/workspaces/isaac_ros-dev/install/isaac_ros_nitros_compressed_image_type:/workspaces/isaac_ros-dev/install/isaac_ros_nitros_camera_info_type:/workspaces/isaac_ros-dev/install/isaac_ros_nitros:/workspaces/isaac_ros-dev/install/isaac_ros_nitros_interfaces:/workspaces/isaac_ros-dev/install/isaac_ros_gxf:/workspaces/isaac_ros-dev/install/isaac_ros_common:${CMAKE_PREFIX_PATH} LD_LIBRARY_PATH=/workspaces/isaac_ros-dev/install/isaac_ros_image_proc/lib:/workspaces/isaac_ros-dev/install/isaac_ros_nitros_image_type/lib:/workspaces/isaac_ros-dev/install/isaac_ros_nitros_compressed_image_type/lib:/workspaces/isaac_ros-dev/install/isaac_ros_nitros_camera_info_type/lib:/workspaces/isaac_ros-dev/install/isaac_ros_nitros/lib:/workspaces/isaac_ros-dev/install/isaac_ros_nitros_interfaces/lib:/workspaces/isaac_ros-dev/install/isaac_ros_common/lib:/opt/ros/humble/install/opt/rviz_ogre_vendor/lib:/opt/ros/humble/install/lib:/usr/lib/aarch64-linux-gnu/tegra/weston:/usr/lib/aarch64-linux-gnu/tegra-egl:/usr/local/cuda-11.4/targets/aarch64-linux/lib:/usr/lib/aarch64-linux-gnu/tegra:/opt/nvidia/vpi2/lib64:/usr/lib/aarch64-linux-gnu-host:/opt/tritonserver/lib PYTHONPATH=/workspaces/isaac_ros-dev/install/isaac_ros_nitros_interfaces/lib/python3.8/site-packages:/workspaces/isaac_ros-dev/install/isaac_ros_test/lib/python3.8/site-packages:${PYTHONPATH} /usr/bin/cmake --build /workspaces/isaac_ros-dev/build/isaac_ros_h264_decoder -- -j4 -l4
[167.074s] Invoking command in '/workspaces/isaac_ros-dev/build/isaac_ros_h264_decoder': AMENT_PREFIX_PATH=/workspaces/isaac_ros-dev/install/isaac_ros_image_proc:/workspaces/isaac_ros-dev/install/isaac_ros_nitros_image_type:/workspaces/isaac_ros-dev/install/isaac_ros_nitros_compressed_image_type:/workspaces/isaac_ros-dev/install/isaac_ros_nitros_camera_info_type:/workspaces/isaac_ros-dev/install/isaac_ros_nitros:/workspaces/isaac_ros-dev/install/isaac_ros_nitros_interfaces:/workspaces/isaac_ros-dev/install/isaac_ros_gxf:/workspaces/isaac_ros-dev/install/isaac_ros_test:/workspaces/isaac_ros-dev/install/isaac_ros_common:${AMENT_PREFIX_PATH} CMAKE_PREFIX_PATH=/workspaces/isaac_ros-dev/install/isaac_ros_image_proc:/workspaces/isaac_ros-dev/install/isaac_ros_nitros_image_type:/workspaces/isaac_ros-dev/install/isaac_ros_nitros_compressed_image_type:/workspaces/isaac_ros-dev/install/isaac_ros_nitros_camera_info_type:/workspaces/isaac_ros-dev/install/isaac_ros_nitros:/workspaces/isaac_ros-dev/install/isaac_ros_nitros_interfaces:/workspaces/isaac_ros-dev/install/isaac_ros_gxf:/workspaces/isaac_ros-dev/install/isaac_ros_common:${CMAKE_PREFIX_PATH} LD_LIBRARY_PATH=/workspaces/isaac_ros-dev/install/isaac_ros_image_proc/lib:/workspaces/isaac_ros-dev/install/isaac_ros_nitros_image_type/lib:/workspaces/isaac_ros-dev/install/isaac_ros_nitros_compressed_image_type/lib:/workspaces/isaac_ros-dev/install/isaac_ros_nitros_camera_info_type/lib:/workspaces/isaac_ros-dev/install/isaac_ros_nitros/lib:/workspaces/isaac_ros-dev/install/isaac_ros_nitros_interfaces/lib:/workspaces/isaac_ros-dev/install/isaac_ros_common/lib:/opt/ros/humble/install/opt/rviz_ogre_vendor/lib:/opt/ros/humble/install/lib:/usr/lib/aarch64-linux-gnu/tegra/weston:/usr/lib/aarch64-linux-gnu/tegra-egl:/usr/local/cuda-11.4/targets/aarch64-linux/lib:/usr/lib/aarch64-linux-gnu/tegra:/opt/nvidia/vpi2/lib64:/usr/lib/aarch64-linux-gnu-host:/opt/tritonserver/lib PYTHONPATH=/workspaces/isaac_ros-dev/install/isaac_ros_nitros_interfaces/lib/python3.8/site-packages:/workspaces/isaac_ros-dev/install/isaac_ros_test/lib/python3.8/site-packages:${PYTHONPATH} /usr/bin/cmake --install /workspaces/isaac_ros-dev/build/isaac_ros_h264_decoder
[167.087s] -- Install configuration: "Release"
[167.088s] -- Installing: /workspaces/isaac_ros-dev/install/isaac_ros_h264_decoder/lib/libyaml-cpp.a
[167.091s] -- Installing: /workspaces/isaac_ros-dev/install/isaac_ros_h264_decoder/include/yaml-cpp
[167.091s] -- Installing: /workspaces/isaac_ros-dev/install/isaac_ros_h264_decoder/include/yaml-cpp/exceptions.h
[167.091s] -- Installing: /workspaces/isaac_ros-dev/install/isaac_ros_h264_decoder/include/yaml-cpp/ostream_wrapper.h
[167.092s] -- Installing: /workspaces/isaac_ros-dev/install/isaac_ros_h264_decoder/include/yaml-cpp/emitterstyle.h
[167.092s] -- Installing: /workspaces/isaac_ros-dev/install/isaac_ros_h264_decoder/include/yaml-cpp/yaml.h
[167.092s] -- Installing: /workspaces/isaac_ros-dev/install/isaac_ros_h264_decoder/include/yaml-cpp/binary.h
[167.093s] -- Installing: /workspaces/isaac_ros-dev/install/isaac_ros_h264_decoder/include/yaml-cpp/emitfromevents.h
[167.093s] -- Installing: /workspaces/isaac_ros-dev/install/isaac_ros_h264_decoder/include/yaml-cpp/dll.h
[167.093s] -- Installing: /workspaces/isaac_ros-dev/install/isaac_ros_h264_decoder/include/yaml-cpp/traits.h
[167.094s] -- Installing: /workspaces/isaac_ros-dev/install/isaac_ros_h264_decoder/include/yaml-cpp/contrib
[167.094s] -- Installing: /workspaces/isaac_ros-dev/install/isaac_ros_h264_decoder/include/yaml-cpp/contrib/anchordict.h
[167.094s] -- Installing: /workspaces/isaac_ros-dev/install/isaac_ros_h264_decoder/include/yaml-cpp/contrib/graphbuilder.h
[167.094s] -- Installing: /workspaces/isaac_ros-dev/install/isaac_ros_h264_decoder/include/yaml-cpp/emitter.h
[167.095s] -- Installing: /workspaces/isaac_ros-dev/install/isaac_ros_h264_decoder/include/yaml-cpp/stlemitter.h
[167.095s] -- Installing: /workspaces/isaac_ros-dev/install/isaac_ros_h264_decoder/include/yaml-cpp/eventhandler.h
[167.096s] -- Installing: /workspaces/isaac_ros-dev/install/isaac_ros_h264_decoder/include/yaml-cpp/emittermanip.h
[167.096s] -- Installing: /workspaces/isaac_ros-dev/install/isaac_ros_h264_decoder/include/yaml-cpp/anchor.h
[167.096s] -- Installing: /workspaces/isaac_ros-dev/install/isaac_ros_h264_decoder/include/yaml-cpp/parser.h
[167.097s] -- Installing: /workspaces/isaac_ros-dev/install/isaac_ros_h264_decoder/include/yaml-cpp/emitterdef.h
[167.097s] -- Installing: /workspaces/isaac_ros-dev/install/isaac_ros_h264_decoder/include/yaml-cpp/node
[167.097s] -- Installing: /workspaces/isaac_ros-dev/install/isaac_ros_h264_decoder/include/yaml-cpp/node/emit.h
[167.097s] -- Installing: /workspaces/isaac_ros-dev/install/isaac_ros_h264_decoder/include/yaml-cpp/node/impl.h
[167.098s] -- Installing: /workspaces/isaac_ros-dev/install/isaac_ros_h264_decoder/include/yaml-cpp/node/convert.h
[167.098s] -- Installing: /workspaces/isaac_ros-dev/install/isaac_ros_h264_decoder/include/yaml-cpp/node/iterator.h
[167.098s] -- Installing: /workspaces/isaac_ros-dev/install/isaac_ros_h264_decoder/include/yaml-cpp/node/parse.h
[167.099s] -- Installing: /workspaces/isaac_ros-dev/install/isaac_ros_h264_decoder/include/yaml-cpp/node/detail
[167.099s] -- Installing: /workspaces/isaac_ros-dev/install/isaac_ros_h264_decoder/include/yaml-cpp/node/detail/impl.h
[167.099s] -- Installing: /workspaces/isaac_ros-dev/install/isaac_ros_h264_decoder/include/yaml-cpp/node/detail/node_ref.h
[167.100s] -- Installing: /workspaces/isaac_ros-dev/install/isaac_ros_h264_decoder/include/yaml-cpp/node/detail/iterator.h
[167.100s] -- Installing: /workspaces/isaac_ros-dev/install/isaac_ros_h264_decoder/include/yaml-cpp/node/detail/node_iterator.h
[167.100s] -- Installing: /workspaces/isaac_ros-dev/install/isaac_ros_h264_decoder/include/yaml-cpp/node/detail/memory.h
[167.101s] -- Installing: /workspaces/isaac_ros-dev/install/isaac_ros_h264_decoder/include/yaml-cpp/node/detail/iterator_fwd.h
[167.101s] -- Installing: /workspaces/isaac_ros-dev/install/isaac_ros_h264_decoder/include/yaml-cpp/node/detail/node_data.h
[167.101s] -- Installing: /workspaces/isaac_ros-dev/install/isaac_ros_h264_decoder/include/yaml-cpp/node/detail/bool_type.h
[167.102s] -- Installing: /workspaces/isaac_ros-dev/install/isaac_ros_h264_decoder/include/yaml-cpp/node/detail/node.h
[167.102s] -- Installing: /workspaces/isaac_ros-dev/install/isaac_ros_h264_decoder/include/yaml-cpp/node/node.h
[167.102s] -- Installing: /workspaces/isaac_ros-dev/install/isaac_ros_h264_decoder/include/yaml-cpp/node/ptr.h
[167.103s] -- Installing: /workspaces/isaac_ros-dev/install/isaac_ros_h264_decoder/include/yaml-cpp/node/type.h
[167.103s] -- Installing: /workspaces/isaac_ros-dev/install/isaac_ros_h264_decoder/include/yaml-cpp/null.h
[167.103s] -- Installing: /workspaces/isaac_ros-dev/install/isaac_ros_h264_decoder/include/yaml-cpp/mark.h
[167.104s] -- Installing: /workspaces/isaac_ros-dev/install/isaac_ros_h264_decoder/lib/cmake/yaml-cpp/yaml-cpp-config.cmake
[167.104s] -- Installing: /workspaces/isaac_ros-dev/install/isaac_ros_h264_decoder/lib/cmake/yaml-cpp/yaml-cpp-config-version.cmake
[167.105s] -- Installing: /workspaces/isaac_ros-dev/install/isaac_ros_h264_decoder/lib/cmake/yaml-cpp/yaml-cpp-targets.cmake
[167.105s] -- Installing: /workspaces/isaac_ros-dev/install/isaac_ros_h264_decoder/lib/cmake/yaml-cpp/yaml-cpp-targets-release.cmake
[167.106s] -- Installing: /workspaces/isaac_ros-dev/install/isaac_ros_h264_decoder/lib/pkgconfig/yaml-cpp.pc
[167.107s] -- Installing: /workspaces/isaac_ros-dev/install/isaac_ros_h264_decoder/share/isaac_ros_h264_decoder/gxf/lib/codec/libgxf_codec_extension.so
[167.110s] -- Set runtime path of "/workspaces/isaac_ros-dev/install/isaac_ros_h264_decoder/share/isaac_ros_h264_decoder/gxf/lib/codec/libgxf_codec_extension.so" to ""
[167.110s] -- Up-to-date: /workspaces/isaac_ros-dev/install/isaac_ros_h264_decoder/include
[167.110s] -- Installing: /workspaces/isaac_ros-dev/install/isaac_ros_h264_decoder/include/isaac_ros_h264_decoder
[167.110s] -- Installing: /workspaces/isaac_ros-dev/install/isaac_ros_h264_decoder/include/isaac_ros_h264_decoder/decoder_node.hpp
[167.111s] -- Installing: /workspaces/isaac_ros-dev/install/isaac_ros_h264_decoder/share/isaac_ros_h264_decoder/environment/library_path.sh
[167.111s] -- Installing: /workspaces/isaac_ros-dev/install/isaac_ros_h264_decoder/share/isaac_ros_h264_decoder/environment/library_path.dsv
[167.112s] -- Installing: /workspaces/isaac_ros-dev/install/isaac_ros_h264_decoder/lib/libdecoder_node.so
[167.120s] -- Set runtime path of "/workspaces/isaac_ros-dev/install/isaac_ros_h264_decoder/lib/libdecoder_node.so" to ""
[167.120s] -- Installing: /workspaces/isaac_ros-dev/install/isaac_ros_h264_decoder/share/isaac_ros_h264_decoder/config
[167.120s] -- Installing: /workspaces/isaac_ros-dev/install/isaac_ros_h264_decoder/share/isaac_ros_h264_decoder/config/namespace_injector_rule.yaml
[167.121s] -- Installing: /workspaces/isaac_ros-dev/install/isaac_ros_h264_decoder/share/isaac_ros_h264_decoder/config/nitros_decoder_node.yaml
[167.121s] -- Installing: /workspaces/isaac_ros-dev/install/isaac_ros_h264_decoder/share/isaac_ros_h264_decoder/config/spec.yaml
[167.121s] -- Installing: /workspaces/isaac_ros-dev/install/isaac_ros_h264_decoder/share/isaac_ros_h264_decoder/config/nitros_decoder_node_jetson.yaml
[167.122s] -- Installing: /workspaces/isaac_ros-dev/install/isaac_ros_h264_decoder/share/isaac_ros_h264_decoder/launch
[167.122s] -- Installing: /workspaces/isaac_ros-dev/install/isaac_ros_h264_decoder/share/isaac_ros_h264_decoder/launch/isaac_ros_h264_decoder.launch.py
[167.122s] -- Installing: /workspaces/isaac_ros-dev/install/isaac_ros_h264_decoder/share/isaac_ros_h264_decoder/launch/isaac_ros_h264_decoder_rosbag.launch.py
[167.123s] -- Installing: /workspaces/isaac_ros-dev/install/isaac_ros_h264_decoder/share/ament_index/resource_index/package_run_dependencies/isaac_ros_h264_decoder
[167.123s] -- Installing: /workspaces/isaac_ros-dev/install/isaac_ros_h264_decoder/share/ament_index/resource_index/parent_prefix_path/isaac_ros_h264_decoder
[167.124s] -- Installing: /workspaces/isaac_ros-dev/install/isaac_ros_h264_decoder/share/isaac_ros_h264_decoder/environment/ament_prefix_path.sh
[167.125s] -- Installing: /workspaces/isaac_ros-dev/install/isaac_ros_h264_decoder/share/isaac_ros_h264_decoder/environment/ament_prefix_path.dsv
[167.125s] -- Installing: /workspaces/isaac_ros-dev/install/isaac_ros_h264_decoder/share/isaac_ros_h264_decoder/environment/path.sh
[167.126s] -- Installing: /workspaces/isaac_ros-dev/install/isaac_ros_h264_decoder/share/isaac_ros_h264_decoder/environment/path.dsv
[167.126s] -- Installing: /workspaces/isaac_ros-dev/install/isaac_ros_h264_decoder/share/isaac_ros_h264_decoder/local_setup.bash
[167.126s] -- Installing: /workspaces/isaac_ros-dev/install/isaac_ros_h264_decoder/share/isaac_ros_h264_decoder/local_setup.sh
[167.126s] -- Installing: /workspaces/isaac_ros-dev/install/isaac_ros_h264_decoder/share/isaac_ros_h264_decoder/local_setup.zsh
[167.127s] -- Installing: /workspaces/isaac_ros-dev/install/isaac_ros_h264_decoder/share/isaac_ros_h264_decoder/local_setup.dsv
[167.127s] -- Installing: /workspaces/isaac_ros-dev/install/isaac_ros_h264_decoder/share/isaac_ros_h264_decoder/package.dsv
[167.128s] -- Installing: /workspaces/isaac_ros-dev/install/isaac_ros_h264_decoder/share/ament_index/resource_index/packages/isaac_ros_h264_decoder
[167.128s] -- Installing: /workspaces/isaac_ros-dev/install/isaac_ros_h264_decoder/share/ament_index/resource_index/rclcpp_components/isaac_ros_h264_decoder
[167.129s] -- Installing: /workspaces/isaac_ros-dev/install/isaac_ros_h264_decoder/share/isaac_ros_h264_decoder/cmake/ament_cmake_export_dependencies-extras.cmake
[167.129s] -- Installing: /workspaces/isaac_ros-dev/install/isaac_ros_h264_decoder/share/isaac_ros_h264_decoder/cmake/ament_cmake_export_include_directories-extras.cmake
[167.130s] -- Installing: /workspaces/isaac_ros-dev/install/isaac_ros_h264_decoder/share/isaac_ros_h264_decoder/cmake/ament_cmake_export_libraries-extras.cmake
[167.130s] -- Installing: /workspaces/isaac_ros-dev/install/isaac_ros_h264_decoder/share/isaac_ros_h264_decoder/cmake/isaac_ros_h264_decoderConfig.cmake
[167.130s] -- Installing: /workspaces/isaac_ros-dev/install/isaac_ros_h264_decoder/share/isaac_ros_h264_decoder/cmake/isaac_ros_h264_decoderConfig-version.cmake
[167.131s] -- Installing: /workspaces/isaac_ros-dev/install/isaac_ros_h264_decoder/share/isaac_ros_h264_decoder/package.xml
[167.145s] Invoked command in '/workspaces/isaac_ros-dev/build/isaac_ros_h264_decoder' returned '0': AMENT_PREFIX_PATH=/workspaces/isaac_ros-dev/install/isaac_ros_image_proc:/workspaces/isaac_ros-dev/install/isaac_ros_nitros_image_type:/workspaces/isaac_ros-dev/install/isaac_ros_nitros_compressed_image_type:/workspaces/isaac_ros-dev/install/isaac_ros_nitros_camera_info_type:/workspaces/isaac_ros-dev/install/isaac_ros_nitros:/workspaces/isaac_ros-dev/install/isaac_ros_nitros_interfaces:/workspaces/isaac_ros-dev/install/isaac_ros_gxf:/workspaces/isaac_ros-dev/install/isaac_ros_test:/workspaces/isaac_ros-dev/install/isaac_ros_common:${AMENT_PREFIX_PATH} CMAKE_PREFIX_PATH=/workspaces/isaac_ros-dev/install/isaac_ros_image_proc:/workspaces/isaac_ros-dev/install/isaac_ros_nitros_image_type:/workspaces/isaac_ros-dev/install/isaac_ros_nitros_compressed_image_type:/workspaces/isaac_ros-dev/install/isaac_ros_nitros_camera_info_type:/workspaces/isaac_ros-dev/install/isaac_ros_nitros:/workspaces/isaac_ros-dev/install/isaac_ros_nitros_interfaces:/workspaces/isaac_ros-dev/install/isaac_ros_gxf:/workspaces/isaac_ros-dev/install/isaac_ros_common:${CMAKE_PREFIX_PATH} LD_LIBRARY_PATH=/workspaces/isaac_ros-dev/install/isaac_ros_image_proc/lib:/workspaces/isaac_ros-dev/install/isaac_ros_nitros_image_type/lib:/workspaces/isaac_ros-dev/install/isaac_ros_nitros_compressed_image_type/lib:/workspaces/isaac_ros-dev/install/isaac_ros_nitros_camera_info_type/lib:/workspaces/isaac_ros-dev/install/isaac_ros_nitros/lib:/workspaces/isaac_ros-dev/install/isaac_ros_nitros_interfaces/lib:/workspaces/isaac_ros-dev/install/isaac_ros_common/lib:/opt/ros/humble/install/opt/rviz_ogre_vendor/lib:/opt/ros/humble/install/lib:/usr/lib/aarch64-linux-gnu/tegra/weston:/usr/lib/aarch64-linux-gnu/tegra-egl:/usr/local/cuda-11.4/targets/aarch64-linux/lib:/usr/lib/aarch64-linux-gnu/tegra:/opt/nvidia/vpi2/lib64:/usr/lib/aarch64-linux-gnu-host:/opt/tritonserver/lib PYTHONPATH=/workspaces/isaac_ros-dev/install/isaac_ros_nitros_interfaces/lib/python3.8/site-packages:/workspaces/isaac_ros-dev/install/isaac_ros_test/lib/python3.8/site-packages:${PYTHONPATH} /usr/bin/cmake --install /workspaces/isaac_ros-dev/build/isaac_ros_h264_decoder
