[0.137s] Invoking command in '/workspaces/isaac_ros-dev/build/isaac_ros_h264_decoder': AMENT_PREFIX_PATH=/workspaces/isaac_ros-dev/install/isaac_ros_image_proc:/workspaces/isaac_ros-dev/install/isaac_ros_nitros_image_type:/workspaces/isaac_ros-dev/install/isaac_ros_nitros_compressed_image_type:/workspaces/isaac_ros-dev/install/isaac_ros_nitros_camera_info_type:/workspaces/isaac_ros-dev/install/isaac_ros_nitros:/workspaces/isaac_ros-dev/install/isaac_ros_nitros_interfaces:/workspaces/isaac_ros-dev/install/isaac_ros_gxf:/workspaces/isaac_ros-dev/install/isaac_ros_test:/workspaces/isaac_ros-dev/install/isaac_ros_common:${AMENT_PREFIX_PATH} CMAKE_PREFIX_PATH=/workspaces/isaac_ros-dev/install/isaac_ros_image_proc:/workspaces/isaac_ros-dev/install/isaac_ros_nitros_image_type:/workspaces/isaac_ros-dev/install/isaac_ros_nitros_compressed_image_type:/workspaces/isaac_ros-dev/install/isaac_ros_nitros_camera_info_type:/workspaces/isaac_ros-dev/install/isaac_ros_nitros:/workspaces/isaac_ros-dev/install/isaac_ros_nitros_interfaces:/workspaces/isaac_ros-dev/install/isaac_ros_gxf:/workspaces/isaac_ros-dev/install/isaac_ros_common:${CMAKE_PREFIX_PATH} LD_LIBRARY_PATH=/workspaces/isaac_ros-dev/install/isaac_ros_image_proc/lib:/workspaces/isaac_ros-dev/install/isaac_ros_nitros_image_type/lib:/workspaces/isaac_ros-dev/install/isaac_ros_nitros_compressed_image_type/lib:/workspaces/isaac_ros-dev/install/isaac_ros_nitros_camera_info_type/lib:/workspaces/isaac_ros-dev/install/isaac_ros_nitros/lib:/workspaces/isaac_ros-dev/install/isaac_ros_nitros_interfaces/lib:/workspaces/isaac_ros-dev/install/isaac_ros_common/lib:/opt/ros/humble/install/opt/rviz_ogre_vendor/lib:/opt/ros/humble/install/lib:/usr/lib/aarch64-linux-gnu/tegra/weston:/usr/lib/aarch64-linux-gnu/tegra-egl:/usr/local/cuda-11.4/targets/aarch64-linux/lib:/usr/lib/aarch64-linux-gnu/tegra:/opt/nvidia/vpi2/lib64:/usr/lib/aarch64-linux-gnu-host:/opt/tritonserver/lib PYTHONPATH=/workspaces/isaac_ros-dev/install/isaac_ros_nitros_interfaces/lib/python3.8/site-packages:/workspaces/isaac_ros-dev/build/isaac_ros_test:/workspaces/isaac_ros-dev/install/isaac_ros_test/lib/python3.8/site-packages:${PYTHONPATH} /usr/bin/cmake /workspaces/isaac_ros-dev/src/isaac_ros_compression/isaac_ros_h264_decoder -DAMENT_CMAKE_SYMLINK_INSTALL=1 -DCMAKE_INSTALL_PREFIX=/workspaces/isaac_ros-dev/install/isaac_ros_h264_decoder
[0.301s] -- The C compiler identification is GNU 9.4.0
[0.474s] -- The CXX compiler identification is GNU 9.4.0
[0.496s] -- Detecting C compiler ABI info
[0.715s] -- Detecting C compiler ABI info - done
[0.729s] -- Check for working C compiler: /usr/bin/cc - skipped
[0.730s] -- Detecting C compile features
[0.731s] -- Detecting C compile features - done
[0.741s] -- Detecting CXX compiler ABI info
[0.970s] -- Detecting CXX compiler ABI info - done
[0.993s] -- Check for working CXX compiler: /usr/bin/c++ - skipped
[0.994s] -- Detecting CXX compile features
[0.995s] -- Detecting CXX compile features - done
[1.006s] -- Found ament_cmake_auto: 1.3.3 (/opt/ros/humble/install/share/ament_cmake_auto/cmake)
[3.242s] -- Found Python3: /usr/bin/python3.8 (found version "3.8.10") found components: Interpreter 
[3.421s] -- Override CMake install command with custom implementation using symlinks instead of copying resources
[3.863s] -- Found rosidl_generator_c: 3.1.4 (/opt/ros/humble/install/share/rosidl_generator_c/cmake)
[3.883s] -- Found rosidl_adapter: 3.1.4 (/opt/ros/humble/install/share/rosidl_adapter/cmake)
[3.912s] -- Found rosidl_generator_cpp: 3.1.4 (/opt/ros/humble/install/share/rosidl_generator_cpp/cmake)
[3.958s] -- Using all available rosidl_typesupport_c: rosidl_typesupport_fastrtps_c;rosidl_typesupport_introspection_c
[4.023s] -- Using all available rosidl_typesupport_cpp: rosidl_typesupport_fastrtps_cpp;rosidl_typesupport_introspection_cpp
[4.246s] -- Found rmw_implementation_cmake: 6.1.1 (/opt/ros/humble/install/share/rmw_implementation_cmake/cmake)
[4.257s] -- Found rmw_fastrtps_cpp: 6.2.2 (/opt/ros/humble/install/share/rmw_fastrtps_cpp/cmake)
[4.640s] -- Found OpenSSL: /usr/lib/aarch64-linux-gnu/libcrypto.so (found version "1.1.1f")  
[4.745s] -- Found FastRTPS: /opt/ros/humble/install/include  
[4.916s] -- Using RMW implementation 'rmw_fastrtps_cpp' as default
[4.951s] -- Looking for pthread.h
[5.118s] -- Looking for pthread.h - found
[5.119s] -- Performing Test CMAKE_HAVE_LIBC_PTHREAD
[5.291s] -- Performing Test CMAKE_HAVE_LIBC_PTHREAD - Failed
[5.292s] -- Looking for pthread_create in pthreads
[5.441s] -- Looking for pthread_create in pthreads - not found
[5.441s] -- Looking for pthread_create in pthread
[5.614s] -- Looking for pthread_create in pthread - found
[5.619s] -- Found Threads: TRUE  
[6.833s] -- Loading isaac_ros_common extras
[6.833s] -- CMAKE_BUILD_TYPE: Release
[6.908s] -- Found CUDA: /usr/local/cuda (found version "11.4") 
[6.909s] -- Loading isaac_ros_common extras (modules)
[7.139s] -- Loading isaac_ros_gxf extras
[9.915s] -- Found CUDAToolkit: /usr/local/cuda/include (found version "11.4.315") 
[10.230s] -- Found atlas lib=/workspaces/isaac_ros-dev/install/isaac_ros_gxf/share/isaac_ros_gxf/gxf/lib/libgxf_atlas.so, include=/workspaces/isaac_ros-dev/install/isaac_ros_gxf/share/isaac_ros_gxf/gxf/include/gxf
[10.236s] -- Found cuda lib=/workspaces/isaac_ros-dev/install/isaac_ros_gxf/share/isaac_ros_gxf/gxf/lib/cuda/libgxf_cuda.so, include=/workspaces/isaac_ros-dev/install/isaac_ros_gxf/share/isaac_ros_gxf/gxf/include/gxf
[10.242s] -- Found isaac_messages lib=/workspaces/isaac_ros-dev/install/isaac_ros_gxf/share/isaac_ros_gxf/gxf/lib/libgxf_isaac_messages.so, include=/workspaces/isaac_ros-dev/install/isaac_ros_gxf/share/isaac_ros_gxf/gxf/include/gxf
[10.248s] -- Found isaac_ros_messages lib=/workspaces/isaac_ros-dev/install/isaac_ros_gxf/share/isaac_ros_gxf/gxf/lib/libgxf_isaac_ros_messages.so, include=/workspaces/isaac_ros-dev/install/isaac_ros_gxf/share/isaac_ros_gxf/gxf/include/gxf
[10.254s] -- Found multimedia lib=/workspaces/isaac_ros-dev/install/isaac_ros_gxf/share/isaac_ros_gxf/gxf/lib/multimedia/libgxf_multimedia.so, include=/workspaces/isaac_ros-dev/install/isaac_ros_gxf/share/isaac_ros_gxf/gxf/include/gxf
[10.264s] -- Found gxf_optimizer lib=/workspaces/isaac_ros-dev/install/isaac_ros_gxf/share/isaac_ros_gxf/gxf/lib/libgxf_optimizer.so, include=/workspaces/isaac_ros-dev/install/isaac_ros_gxf/share/isaac_ros_gxf/gxf/include/gxf
[10.269s] -- Found serialization lib=/workspaces/isaac_ros-dev/install/isaac_ros_gxf/share/isaac_ros_gxf/gxf/lib/serialization/libgxf_serialization.so, include=/workspaces/isaac_ros-dev/install/isaac_ros_gxf/share/isaac_ros_gxf/gxf/include/gxf
[10.275s] -- Found std lib=/workspaces/isaac_ros-dev/install/isaac_ros_gxf/share/isaac_ros_gxf/gxf/lib/std/libgxf_std.so, include=/workspaces/isaac_ros-dev/install/isaac_ros_gxf/share/isaac_ros_gxf/gxf/include/gxf
[10.282s] -- Found core lib=/workspaces/isaac_ros-dev/install/isaac_ros_gxf/share/isaac_ros_gxf/gxf/lib/core/libgxf_core.so, include=/workspaces/isaac_ros-dev/install/isaac_ros_gxf/share/isaac_ros_gxf/gxf/include/gxf
[10.286s] -- Found GXF:  (found suitable version "2.5.0", minimum required is "2.5.0") found components: core cuda multimedia serialization std 
[13.019s] -- Performing Test FLAG_WEXTRA
[13.192s] -- Performing Test FLAG_WEXTRA - Success
[13.204s] -- Architecture: aarch64
[13.213s] -- Found ament_lint_auto: 0.12.5 (/opt/ros/humble/install/share/ament_lint_auto/cmake)
[13.334s] -- Found launch_testing_ament_cmake: 1.0.4 (/opt/ros/humble/install/share/launch_testing_ament_cmake/cmake)
[13.341s] -- Found python_cmake_module: 0.10.0 (/opt/ros/humble/install/share/python_cmake_module/cmake)
[13.413s] -- Found PythonInterp: /usr/bin/python3 (found suitable version "3.8.10", minimum required is "3.6") 
[13.427s] -- Found PythonLibs: /usr/lib/aarch64-linux-gnu/libpython3.8.so (found suitable version "3.8.10", minimum required is "3.5") 
[13.428s] -- Using PYTHON_EXECUTABLE: /usr/bin/python3
[13.428s] -- Using PYTHON_INCLUDE_DIRS: /usr/include/python3.8
[13.428s] -- Using PYTHON_LIBRARIES: /usr/lib/aarch64-linux-gnu/libpython3.8.so
[13.500s] -- Found PythonExtra: .so  
[13.522s] -- Added test 'copyright' to check source files copyright and LICENSE
[13.533s] -- Added test 'cppcheck' to perform static code analysis on C / C++ code
[13.534s] -- Configured cppcheck include dirs: /workspaces/isaac_ros-dev/src/isaac_ros_compression/isaac_ros_h264_decoder/include
[13.534s] -- Configured cppcheck exclude dirs and/or files: 
[13.544s] -- Added test 'cpplint' to check C / C++ code against the Google style
[13.545s] -- Configured cpplint exclude dirs and/or files: 
[13.547s] -- Added test 'flake8' to check Python code syntax and style conventions
[13.551s] -- Added test 'lint_cmake' to check CMake code style
[13.553s] -- Added test 'pep257' to check Python code against some of the docstring style conventions in PEP 257
[13.563s] -- Added test 'uncrustify' to check C / C++ code style
[13.564s] -- Configured uncrustify additional arguments: 
[13.566s] -- Added test 'xmllint' to check XML markup files
[13.578s] -- Configuring done
[13.705s] -- Generating done
[13.712s] -- Build files have been written to: /workspaces/isaac_ros-dev/build/isaac_ros_h264_decoder
[13.750s] Invoked command in '/workspaces/isaac_ros-dev/build/isaac_ros_h264_decoder' returned '0': AMENT_PREFIX_PATH=/workspaces/isaac_ros-dev/install/isaac_ros_image_proc:/workspaces/isaac_ros-dev/install/isaac_ros_nitros_image_type:/workspaces/isaac_ros-dev/install/isaac_ros_nitros_compressed_image_type:/workspaces/isaac_ros-dev/install/isaac_ros_nitros_camera_info_type:/workspaces/isaac_ros-dev/install/isaac_ros_nitros:/workspaces/isaac_ros-dev/install/isaac_ros_nitros_interfaces:/workspaces/isaac_ros-dev/install/isaac_ros_gxf:/workspaces/isaac_ros-dev/install/isaac_ros_test:/workspaces/isaac_ros-dev/install/isaac_ros_common:${AMENT_PREFIX_PATH} CMAKE_PREFIX_PATH=/workspaces/isaac_ros-dev/install/isaac_ros_image_proc:/workspaces/isaac_ros-dev/install/isaac_ros_nitros_image_type:/workspaces/isaac_ros-dev/install/isaac_ros_nitros_compressed_image_type:/workspaces/isaac_ros-dev/install/isaac_ros_nitros_camera_info_type:/workspaces/isaac_ros-dev/install/isaac_ros_nitros:/workspaces/isaac_ros-dev/install/isaac_ros_nitros_interfaces:/workspaces/isaac_ros-dev/install/isaac_ros_gxf:/workspaces/isaac_ros-dev/install/isaac_ros_common:${CMAKE_PREFIX_PATH} LD_LIBRARY_PATH=/workspaces/isaac_ros-dev/install/isaac_ros_image_proc/lib:/workspaces/isaac_ros-dev/install/isaac_ros_nitros_image_type/lib:/workspaces/isaac_ros-dev/install/isaac_ros_nitros_compressed_image_type/lib:/workspaces/isaac_ros-dev/install/isaac_ros_nitros_camera_info_type/lib:/workspaces/isaac_ros-dev/install/isaac_ros_nitros/lib:/workspaces/isaac_ros-dev/install/isaac_ros_nitros_interfaces/lib:/workspaces/isaac_ros-dev/install/isaac_ros_common/lib:/opt/ros/humble/install/opt/rviz_ogre_vendor/lib:/opt/ros/humble/install/lib:/usr/lib/aarch64-linux-gnu/tegra/weston:/usr/lib/aarch64-linux-gnu/tegra-egl:/usr/local/cuda-11.4/targets/aarch64-linux/lib:/usr/lib/aarch64-linux-gnu/tegra:/opt/nvidia/vpi2/lib64:/usr/lib/aarch64-linux-gnu-host:/opt/tritonserver/lib PYTHONPATH=/workspaces/isaac_ros-dev/install/isaac_ros_nitros_interfaces/lib/python3.8/site-packages:/workspaces/isaac_ros-dev/build/isaac_ros_test:/workspaces/isaac_ros-dev/install/isaac_ros_test/lib/python3.8/site-packages:${PYTHONPATH} /usr/bin/cmake /workspaces/isaac_ros-dev/src/isaac_ros_compression/isaac_ros_h264_decoder -DAMENT_CMAKE_SYMLINK_INSTALL=1 -DCMAKE_INSTALL_PREFIX=/workspaces/isaac_ros-dev/install/isaac_ros_h264_decoder
[13.756s] Invoking command in '/workspaces/isaac_ros-dev/build/isaac_ros_h264_decoder': AMENT_PREFIX_PATH=/workspaces/isaac_ros-dev/install/isaac_ros_image_proc:/workspaces/isaac_ros-dev/install/isaac_ros_nitros_image_type:/workspaces/isaac_ros-dev/install/isaac_ros_nitros_compressed_image_type:/workspaces/isaac_ros-dev/install/isaac_ros_nitros_camera_info_type:/workspaces/isaac_ros-dev/install/isaac_ros_nitros:/workspaces/isaac_ros-dev/install/isaac_ros_nitros_interfaces:/workspaces/isaac_ros-dev/install/isaac_ros_gxf:/workspaces/isaac_ros-dev/install/isaac_ros_test:/workspaces/isaac_ros-dev/install/isaac_ros_common:${AMENT_PREFIX_PATH} CMAKE_PREFIX_PATH=/workspaces/isaac_ros-dev/install/isaac_ros_image_proc:/workspaces/isaac_ros-dev/install/isaac_ros_nitros_image_type:/workspaces/isaac_ros-dev/install/isaac_ros_nitros_compressed_image_type:/workspaces/isaac_ros-dev/install/isaac_ros_nitros_camera_info_type:/workspaces/isaac_ros-dev/install/isaac_ros_nitros:/workspaces/isaac_ros-dev/install/isaac_ros_nitros_interfaces:/workspaces/isaac_ros-dev/install/isaac_ros_gxf:/workspaces/isaac_ros-dev/install/isaac_ros_common:${CMAKE_PREFIX_PATH} LD_LIBRARY_PATH=/workspaces/isaac_ros-dev/install/isaac_ros_image_proc/lib:/workspaces/isaac_ros-dev/install/isaac_ros_nitros_image_type/lib:/workspaces/isaac_ros-dev/install/isaac_ros_nitros_compressed_image_type/lib:/workspaces/isaac_ros-dev/install/isaac_ros_nitros_camera_info_type/lib:/workspaces/isaac_ros-dev/install/isaac_ros_nitros/lib:/workspaces/isaac_ros-dev/install/isaac_ros_nitros_interfaces/lib:/workspaces/isaac_ros-dev/install/isaac_ros_common/lib:/opt/ros/humble/install/opt/rviz_ogre_vendor/lib:/opt/ros/humble/install/lib:/usr/lib/aarch64-linux-gnu/tegra/weston:/usr/lib/aarch64-linux-gnu/tegra-egl:/usr/local/cuda-11.4/targets/aarch64-linux/lib:/usr/lib/aarch64-linux-gnu/tegra:/opt/nvidia/vpi2/lib64:/usr/lib/aarch64-linux-gnu-host:/opt/tritonserver/lib PYTHONPATH=/workspaces/isaac_ros-dev/install/isaac_ros_nitros_interfaces/lib/python3.8/site-packages:/workspaces/isaac_ros-dev/build/isaac_ros_test:/workspaces/isaac_ros-dev/install/isaac_ros_test/lib/python3.8/site-packages:${PYTHONPATH} /usr/bin/cmake --build /workspaces/isaac_ros-dev/build/isaac_ros_h264_decoder -- -j4 -l4
[13.854s] [  4%] [32mBuilding CXX object CMakeFiles/decoder_node.dir/src/decoder_node.cpp.o[0m
[13.855s] [  4%] [32mBuilding CXX object gxf/codec/CMakeFiles/jetson_multimedia.dir/usr/src/jetson_multimedia_api/samples/common/classes/NvVideoEncoder.cpp.o[0m
[13.857s] [  6%] [32mBuilding CXX object _deps/yaml-cpp-build/CMakeFiles/yaml-cpp.dir/src/binary.cpp.o[0m
[13.867s] [  8%] [32mBuilding CXX object gxf/codec/CMakeFiles/jetson_multimedia.dir/usr/src/jetson_multimedia_api/samples/common/classes/NvVideoDecoder.cpp.o[0m
[14.928s] [ 10%] [32mBuilding CXX object _deps/yaml-cpp-build/CMakeFiles/yaml-cpp.dir/src/convert.cpp.o[0m
[19.808s] [ 12%] [32mBuilding CXX object _deps/yaml-cpp-build/CMakeFiles/yaml-cpp.dir/src/directives.cpp.o[0m
[21.425s] [ 14%] [32mBuilding CXX object _deps/yaml-cpp-build/CMakeFiles/yaml-cpp.dir/src/emit.cpp.o[0m
[24.871s] [ 16%] [32mBuilding CXX object _deps/yaml-cpp-build/CMakeFiles/yaml-cpp.dir/src/emitfromevents.cpp.o[0m
[28.413s] [ 18%] [32mBuilding CXX object _deps/yaml-cpp-build/CMakeFiles/yaml-cpp.dir/src/emitter.cpp.o[0m
[30.852s] [ 20%] [32mBuilding CXX object gxf/codec/CMakeFiles/jetson_multimedia.dir/usr/src/jetson_multimedia_api/samples/common/classes/NvV4l2Element.cpp.o[0m
[31.964s] [ 22%] [32mBuilding CXX object _deps/yaml-cpp-build/CMakeFiles/yaml-cpp.dir/src/emitterstate.cpp.o[0m
[35.264s] [ 24%] [32mBuilding CXX object gxf/codec/CMakeFiles/jetson_multimedia.dir/usr/src/jetson_multimedia_api/samples/common/classes/NvV4l2ElementPlane.cpp.o[0m
[36.520s] [ 26%] [32mBuilding CXX object _deps/yaml-cpp-build/CMakeFiles/yaml-cpp.dir/src/emitterutils.cpp.o[0m
[43.128s] [ 28%] [32mBuilding CXX object gxf/codec/CMakeFiles/jetson_multimedia.dir/usr/src/jetson_multimedia_api/samples/common/classes/NvElement.cpp.o[0m
[44.640s] [ 30%] [32mBuilding CXX object gxf/codec/CMakeFiles/jetson_multimedia.dir/usr/src/jetson_multimedia_api/samples/common/classes/NvElementProfiler.cpp.o[0m
[46.851s] [ 32%] [32mBuilding CXX object gxf/codec/CMakeFiles/jetson_multimedia.dir/usr/src/jetson_multimedia_api/samples/common/classes/NvBuffer.cpp.o[0m
[48.429s] [ 34%] [32mBuilding CXX object _deps/yaml-cpp-build/CMakeFiles/yaml-cpp.dir/src/exceptions.cpp.o[0m
[49.716s] [ 36%] [32mBuilding CXX object _deps/yaml-cpp-build/CMakeFiles/yaml-cpp.dir/src/exp.cpp.o[0m
[50.116s] [ 38%] [32mBuilding CXX object gxf/codec/CMakeFiles/jetson_multimedia.dir/usr/src/jetson_multimedia_api/samples/common/classes/NvLogging.cpp.o[0m
[52.038s] [ 40%] [32mBuilding CXX object _deps/yaml-cpp-build/CMakeFiles/yaml-cpp.dir/src/memory.cpp.o[0m
[52.052s] [ 42%] [32m[1mLinking CXX static library libjetson_multimedia.a[0m
[52.241s] [ 42%] Built target jetson_multimedia
[53.950s] [ 44%] [32mBuilding CXX object _deps/yaml-cpp-build/CMakeFiles/yaml-cpp.dir/src/node_data.cpp.o[0m
[56.427s] [ 46%] [32mBuilding CXX object _deps/yaml-cpp-build/CMakeFiles/yaml-cpp.dir/src/nodebuilder.cpp.o[0m
[58.853s] [ 48%] [32mBuilding CXX object _deps/yaml-cpp-build/CMakeFiles/yaml-cpp.dir/src/nodeevents.cpp.o[0m
[60.894s] [ 50%] [32mBuilding CXX object _deps/yaml-cpp-build/CMakeFiles/yaml-cpp.dir/src/null.cpp.o[0m
[61.396s] [ 52%] [32mBuilding CXX object _deps/yaml-cpp-build/CMakeFiles/yaml-cpp.dir/src/ostream_wrapper.cpp.o[0m
[62.463s] [ 54%] [32mBuilding CXX object _deps/yaml-cpp-build/CMakeFiles/yaml-cpp.dir/src/parse.cpp.o[0m
[64.977s] [ 56%] [32mBuilding CXX object _deps/yaml-cpp-build/CMakeFiles/yaml-cpp.dir/src/parser.cpp.o[0m
[67.358s] [ 58%] [32mBuilding CXX object _deps/yaml-cpp-build/CMakeFiles/yaml-cpp.dir/src/regex_yaml.cpp.o[0m
[68.848s] [ 60%] [32mBuilding CXX object _deps/yaml-cpp-build/CMakeFiles/yaml-cpp.dir/src/scanner.cpp.o[0m
[72.780s] [ 62%] [32mBuilding CXX object _deps/yaml-cpp-build/CMakeFiles/yaml-cpp.dir/src/scanscalar.cpp.o[0m
[75.625s] [ 64%] [32mBuilding CXX object _deps/yaml-cpp-build/CMakeFiles/yaml-cpp.dir/src/scantag.cpp.o[0m
[77.906s] [ 66%] [32mBuilding CXX object _deps/yaml-cpp-build/CMakeFiles/yaml-cpp.dir/src/scantoken.cpp.o[0m
[83.873s] [ 68%] [32mBuilding CXX object _deps/yaml-cpp-build/CMakeFiles/yaml-cpp.dir/src/simplekey.cpp.o[0m
[85.613s] [ 70%] [32mBuilding CXX object _deps/yaml-cpp-build/CMakeFiles/yaml-cpp.dir/src/singledocparser.cpp.o[0m
[88.604s] [ 72%] [32mBuilding CXX object _deps/yaml-cpp-build/CMakeFiles/yaml-cpp.dir/src/stream.cpp.o[0m
[90.062s] [ 74%] [32mBuilding CXX object _deps/yaml-cpp-build/CMakeFiles/yaml-cpp.dir/src/tag.cpp.o[0m
[91.266s] [ 76%] [32mBuilding CXX object _deps/yaml-cpp-build/CMakeFiles/yaml-cpp.dir/src/contrib/graphbuilder.cpp.o[0m
[92.459s] [ 78%] [32mBuilding CXX object _deps/yaml-cpp-build/CMakeFiles/yaml-cpp.dir/src/contrib/graphbuilderadapter.cpp.o[0m
[93.627s] [ 80%] [32mBuilding CXX object _deps/yaml-cpp-build/CMakeFiles/yaml-cpp.dir/src/node.cpp.o[0m
[94.637s] [ 82%] [32m[1mLinking CXX static library libyaml-cpp.a[0m
[94.727s] [ 82%] Built target yaml-cpp
[120.926s] [ 84%] [32m[1mLinking CXX shared library libdecoder_node.so[0m
[121.710s] [ 84%] Built target decoder_node
[121.745s] [ 86%] [32mBuilding CXX object gxf/codec/CMakeFiles/gxf_codec_extension.dir/codec_extension.cpp.o[0m
[121.746s] [ 88%] [32mBuilding CXX object gxf/codec/CMakeFiles/gxf_codec_extension.dir/components/decoder_response.cpp.o[0m
[121.746s] [ 90%] [32mBuilding CXX object gxf/codec/CMakeFiles/gxf_codec_extension.dir/components/decoder_request.cpp.o[0m
[122.780s] [ 92%] [32mBuilding CXX object gxf/codec/CMakeFiles/gxf_codec_extension.dir/components/decoder_scheduling_term.cpp.o[0m
[140.892s] [ 94%] [32mBuilding CXX object gxf/codec/CMakeFiles/gxf_codec_extension.dir/components/encoder_scheduling_term.cpp.o[0m
[147.642s] [ 96%] [32mBuilding CXX object gxf/codec/CMakeFiles/gxf_codec_extension.dir/components/encoder_response.cpp.o[0m
[155.898s] [ 98%] [32mBuilding CXX object gxf/codec/CMakeFiles/gxf_codec_extension.dir/components/encoder_request.cpp.o[0m
[170.540s] [100%] [32m[1mLinking CXX shared library libgxf_codec_extension.so[0m
[170.788s] [100%] Built target gxf_codec_extension
[170.804s] Invoked command in '/workspaces/isaac_ros-dev/build/isaac_ros_h264_decoder' returned '0': AMENT_PREFIX_PATH=/workspaces/isaac_ros-dev/install/isaac_ros_image_proc:/workspaces/isaac_ros-dev/install/isaac_ros_nitros_image_type:/workspaces/isaac_ros-dev/install/isaac_ros_nitros_compressed_image_type:/workspaces/isaac_ros-dev/install/isaac_ros_nitros_camera_info_type:/workspaces/isaac_ros-dev/install/isaac_ros_nitros:/workspaces/isaac_ros-dev/install/isaac_ros_nitros_interfaces:/workspaces/isaac_ros-dev/install/isaac_ros_gxf:/workspaces/isaac_ros-dev/install/isaac_ros_test:/workspaces/isaac_ros-dev/install/isaac_ros_common:${AMENT_PREFIX_PATH} CMAKE_PREFIX_PATH=/workspaces/isaac_ros-dev/install/isaac_ros_image_proc:/workspaces/isaac_ros-dev/install/isaac_ros_nitros_image_type:/workspaces/isaac_ros-dev/install/isaac_ros_nitros_compressed_image_type:/workspaces/isaac_ros-dev/install/isaac_ros_nitros_camera_info_type:/workspaces/isaac_ros-dev/install/isaac_ros_nitros:/workspaces/isaac_ros-dev/install/isaac_ros_nitros_interfaces:/workspaces/isaac_ros-dev/install/isaac_ros_gxf:/workspaces/isaac_ros-dev/install/isaac_ros_common:${CMAKE_PREFIX_PATH} LD_LIBRARY_PATH=/workspaces/isaac_ros-dev/install/isaac_ros_image_proc/lib:/workspaces/isaac_ros-dev/install/isaac_ros_nitros_image_type/lib:/workspaces/isaac_ros-dev/install/isaac_ros_nitros_compressed_image_type/lib:/workspaces/isaac_ros-dev/install/isaac_ros_nitros_camera_info_type/lib:/workspaces/isaac_ros-dev/install/isaac_ros_nitros/lib:/workspaces/isaac_ros-dev/install/isaac_ros_nitros_interfaces/lib:/workspaces/isaac_ros-dev/install/isaac_ros_common/lib:/opt/ros/humble/install/opt/rviz_ogre_vendor/lib:/opt/ros/humble/install/lib:/usr/lib/aarch64-linux-gnu/tegra/weston:/usr/lib/aarch64-linux-gnu/tegra-egl:/usr/local/cuda-11.4/targets/aarch64-linux/lib:/usr/lib/aarch64-linux-gnu/tegra:/opt/nvidia/vpi2/lib64:/usr/lib/aarch64-linux-gnu-host:/opt/tritonserver/lib PYTHONPATH=/workspaces/isaac_ros-dev/install/isaac_ros_nitros_interfaces/lib/python3.8/site-packages:/workspaces/isaac_ros-dev/build/isaac_ros_test:/workspaces/isaac_ros-dev/install/isaac_ros_test/lib/python3.8/site-packages:${PYTHONPATH} /usr/bin/cmake --build /workspaces/isaac_ros-dev/build/isaac_ros_h264_decoder -- -j4 -l4
[170.892s] Invoking command in '/workspaces/isaac_ros-dev/build/isaac_ros_h264_decoder': AMENT_PREFIX_PATH=/workspaces/isaac_ros-dev/install/isaac_ros_image_proc:/workspaces/isaac_ros-dev/install/isaac_ros_nitros_image_type:/workspaces/isaac_ros-dev/install/isaac_ros_nitros_compressed_image_type:/workspaces/isaac_ros-dev/install/isaac_ros_nitros_camera_info_type:/workspaces/isaac_ros-dev/install/isaac_ros_nitros:/workspaces/isaac_ros-dev/install/isaac_ros_nitros_interfaces:/workspaces/isaac_ros-dev/install/isaac_ros_gxf:/workspaces/isaac_ros-dev/install/isaac_ros_test:/workspaces/isaac_ros-dev/install/isaac_ros_common:${AMENT_PREFIX_PATH} CMAKE_PREFIX_PATH=/workspaces/isaac_ros-dev/install/isaac_ros_image_proc:/workspaces/isaac_ros-dev/install/isaac_ros_nitros_image_type:/workspaces/isaac_ros-dev/install/isaac_ros_nitros_compressed_image_type:/workspaces/isaac_ros-dev/install/isaac_ros_nitros_camera_info_type:/workspaces/isaac_ros-dev/install/isaac_ros_nitros:/workspaces/isaac_ros-dev/install/isaac_ros_nitros_interfaces:/workspaces/isaac_ros-dev/install/isaac_ros_gxf:/workspaces/isaac_ros-dev/install/isaac_ros_common:${CMAKE_PREFIX_PATH} LD_LIBRARY_PATH=/workspaces/isaac_ros-dev/install/isaac_ros_image_proc/lib:/workspaces/isaac_ros-dev/install/isaac_ros_nitros_image_type/lib:/workspaces/isaac_ros-dev/install/isaac_ros_nitros_compressed_image_type/lib:/workspaces/isaac_ros-dev/install/isaac_ros_nitros_camera_info_type/lib:/workspaces/isaac_ros-dev/install/isaac_ros_nitros/lib:/workspaces/isaac_ros-dev/install/isaac_ros_nitros_interfaces/lib:/workspaces/isaac_ros-dev/install/isaac_ros_common/lib:/opt/ros/humble/install/opt/rviz_ogre_vendor/lib:/opt/ros/humble/install/lib:/usr/lib/aarch64-linux-gnu/tegra/weston:/usr/lib/aarch64-linux-gnu/tegra-egl:/usr/local/cuda-11.4/targets/aarch64-linux/lib:/usr/lib/aarch64-linux-gnu/tegra:/opt/nvidia/vpi2/lib64:/usr/lib/aarch64-linux-gnu-host:/opt/tritonserver/lib PYTHONPATH=/workspaces/isaac_ros-dev/install/isaac_ros_nitros_interfaces/lib/python3.8/site-packages:/workspaces/isaac_ros-dev/build/isaac_ros_test:/workspaces/isaac_ros-dev/install/isaac_ros_test/lib/python3.8/site-packages:${PYTHONPATH} /usr/bin/cmake --install /workspaces/isaac_ros-dev/build/isaac_ros_h264_decoder
[170.904s] -- Install configuration: "Release"
[170.905s] -- Execute custom install script
[170.906s] -- Symlinking: /workspaces/isaac_ros-dev/install/isaac_ros_h264_decoder/lib/pkgconfig/yaml-cpp.pc
[170.917s] -- Symlinking: /workspaces/isaac_ros-dev/install/isaac_ros_h264_decoder/share/isaac_ros_h264_decoder/gxf/lib/codec/libgxf_codec_extension.so
[170.927s] -- Symlinking: /workspaces/isaac_ros-dev/install/isaac_ros_h264_decoder/include/isaac_ros_h264_decoder/decoder_node.hpp
[170.937s] -- Symlinking: /workspaces/isaac_ros-dev/install/isaac_ros_h264_decoder/share/isaac_ros_h264_decoder/environment/library_path.sh
[170.946s] -- Symlinking: /workspaces/isaac_ros-dev/install/isaac_ros_h264_decoder/share/isaac_ros_h264_decoder/environment/library_path.dsv
[170.956s] -- Symlinking: /workspaces/isaac_ros-dev/install/isaac_ros_h264_decoder/lib/libdecoder_node.so
[170.966s] -- Symlinking: /workspaces/isaac_ros-dev/install/isaac_ros_h264_decoder/share/isaac_ros_h264_decoder/config/namespace_injector_rule.yaml
[170.975s] -- Symlinking: /workspaces/isaac_ros-dev/install/isaac_ros_h264_decoder/share/isaac_ros_h264_decoder/config/nitros_decoder_node.yaml
[170.984s] -- Symlinking: /workspaces/isaac_ros-dev/install/isaac_ros_h264_decoder/share/isaac_ros_h264_decoder/config/nitros_decoder_node_jetson.yaml
[170.993s] -- Symlinking: /workspaces/isaac_ros-dev/install/isaac_ros_h264_decoder/share/isaac_ros_h264_decoder/config/spec.yaml
[171.004s] -- Symlinking: /workspaces/isaac_ros-dev/install/isaac_ros_h264_decoder/share/isaac_ros_h264_decoder/launch/isaac_ros_h264_decoder.launch.py
[171.013s] -- Symlinking: /workspaces/isaac_ros-dev/install/isaac_ros_h264_decoder/share/isaac_ros_h264_decoder/launch/isaac_ros_h264_decoder_rosbag.launch.py
[171.024s] -- Symlinking: /workspaces/isaac_ros-dev/install/isaac_ros_h264_decoder/share/ament_index/resource_index/package_run_dependencies/isaac_ros_h264_decoder
[171.034s] -- Symlinking: /workspaces/isaac_ros-dev/install/isaac_ros_h264_decoder/share/ament_index/resource_index/parent_prefix_path/isaac_ros_h264_decoder
[171.044s] -- Symlinking: /workspaces/isaac_ros-dev/install/isaac_ros_h264_decoder/share/isaac_ros_h264_decoder/environment/ament_prefix_path.sh
[171.054s] -- Symlinking: /workspaces/isaac_ros-dev/install/isaac_ros_h264_decoder/share/isaac_ros_h264_decoder/environment/ament_prefix_path.dsv
[171.065s] -- Symlinking: /workspaces/isaac_ros-dev/install/isaac_ros_h264_decoder/share/isaac_ros_h264_decoder/environment/path.sh
[171.075s] -- Symlinking: /workspaces/isaac_ros-dev/install/isaac_ros_h264_decoder/share/isaac_ros_h264_decoder/environment/path.dsv
[171.085s] -- Symlinking: /workspaces/isaac_ros-dev/install/isaac_ros_h264_decoder/share/isaac_ros_h264_decoder/local_setup.bash
[171.095s] -- Symlinking: /workspaces/isaac_ros-dev/install/isaac_ros_h264_decoder/share/isaac_ros_h264_decoder/local_setup.sh
[171.105s] -- Symlinking: /workspaces/isaac_ros-dev/install/isaac_ros_h264_decoder/share/isaac_ros_h264_decoder/local_setup.zsh
[171.116s] -- Symlinking: /workspaces/isaac_ros-dev/install/isaac_ros_h264_decoder/share/isaac_ros_h264_decoder/local_setup.dsv
[171.126s] -- Symlinking: /workspaces/isaac_ros-dev/install/isaac_ros_h264_decoder/share/isaac_ros_h264_decoder/package.dsv
[171.136s] -- Symlinking: /workspaces/isaac_ros-dev/install/isaac_ros_h264_decoder/share/ament_index/resource_index/packages/isaac_ros_h264_decoder
[171.148s] -- Symlinking: /workspaces/isaac_ros-dev/install/isaac_ros_h264_decoder/share/ament_index/resource_index/rclcpp_components/isaac_ros_h264_decoder
[171.158s] -- Symlinking: /workspaces/isaac_ros-dev/install/isaac_ros_h264_decoder/share/isaac_ros_h264_decoder/cmake/ament_cmake_export_dependencies-extras.cmake
[171.167s] -- Symlinking: /workspaces/isaac_ros-dev/install/isaac_ros_h264_decoder/share/isaac_ros_h264_decoder/cmake/ament_cmake_export_include_directories-extras.cmake
[171.178s] -- Symlinking: /workspaces/isaac_ros-dev/install/isaac_ros_h264_decoder/share/isaac_ros_h264_decoder/cmake/ament_cmake_export_libraries-extras.cmake
[171.187s] -- Symlinking: /workspaces/isaac_ros-dev/install/isaac_ros_h264_decoder/share/isaac_ros_h264_decoder/cmake/isaac_ros_h264_decoderConfig.cmake
[171.197s] -- Symlinking: /workspaces/isaac_ros-dev/install/isaac_ros_h264_decoder/share/isaac_ros_h264_decoder/cmake/isaac_ros_h264_decoderConfig-version.cmake
[171.207s] -- Symlinking: /workspaces/isaac_ros-dev/install/isaac_ros_h264_decoder/share/isaac_ros_h264_decoder/package.xml
[171.218s] -- Installing: /workspaces/isaac_ros-dev/install/isaac_ros_h264_decoder/lib/libyaml-cpp.a
[171.222s] -- Installing: /workspaces/isaac_ros-dev/install/isaac_ros_h264_decoder/include/yaml-cpp
[171.222s] -- Installing: /workspaces/isaac_ros-dev/install/isaac_ros_h264_decoder/include/yaml-cpp/exceptions.h
[171.222s] -- Installing: /workspaces/isaac_ros-dev/install/isaac_ros_h264_decoder/include/yaml-cpp/ostream_wrapper.h
[171.223s] -- Installing: /workspaces/isaac_ros-dev/install/isaac_ros_h264_decoder/include/yaml-cpp/emitterstyle.h
[171.223s] -- Installing: /workspaces/isaac_ros-dev/install/isaac_ros_h264_decoder/include/yaml-cpp/yaml.h
[171.224s] -- Installing: /workspaces/isaac_ros-dev/install/isaac_ros_h264_decoder/include/yaml-cpp/binary.h
[171.224s] -- Installing: /workspaces/isaac_ros-dev/install/isaac_ros_h264_decoder/include/yaml-cpp/emitfromevents.h
[171.225s] -- Installing: /workspaces/isaac_ros-dev/install/isaac_ros_h264_decoder/include/yaml-cpp/dll.h
[171.225s] -- Installing: /workspaces/isaac_ros-dev/install/isaac_ros_h264_decoder/include/yaml-cpp/traits.h
[171.226s] -- Installing: /workspaces/isaac_ros-dev/install/isaac_ros_h264_decoder/include/yaml-cpp/contrib
[171.226s] -- Installing: /workspaces/isaac_ros-dev/install/isaac_ros_h264_decoder/include/yaml-cpp/contrib/anchordict.h
[171.226s] -- Installing: /workspaces/isaac_ros-dev/install/isaac_ros_h264_decoder/include/yaml-cpp/contrib/graphbuilder.h
[171.227s] -- Installing: /workspaces/isaac_ros-dev/install/isaac_ros_h264_decoder/include/yaml-cpp/emitter.h
[171.227s] -- Installing: /workspaces/isaac_ros-dev/install/isaac_ros_h264_decoder/include/yaml-cpp/stlemitter.h
[171.228s] -- Installing: /workspaces/isaac_ros-dev/install/isaac_ros_h264_decoder/include/yaml-cpp/eventhandler.h
[171.228s] -- Installing: /workspaces/isaac_ros-dev/install/isaac_ros_h264_decoder/include/yaml-cpp/emittermanip.h
[171.229s] -- Installing: /workspaces/isaac_ros-dev/install/isaac_ros_h264_decoder/include/yaml-cpp/anchor.h
[171.229s] -- Installing: /workspaces/isaac_ros-dev/install/isaac_ros_h264_decoder/include/yaml-cpp/parser.h
[171.230s] -- Installing: /workspaces/isaac_ros-dev/install/isaac_ros_h264_decoder/include/yaml-cpp/emitterdef.h
[171.230s] -- Installing: /workspaces/isaac_ros-dev/install/isaac_ros_h264_decoder/include/yaml-cpp/node
[171.230s] -- Installing: /workspaces/isaac_ros-dev/install/isaac_ros_h264_decoder/include/yaml-cpp/node/emit.h
[171.231s] -- Installing: /workspaces/isaac_ros-dev/install/isaac_ros_h264_decoder/include/yaml-cpp/node/impl.h
[171.231s] -- Installing: /workspaces/isaac_ros-dev/install/isaac_ros_h264_decoder/include/yaml-cpp/node/convert.h
[171.232s] -- Installing: /workspaces/isaac_ros-dev/install/isaac_ros_h264_decoder/include/yaml-cpp/node/iterator.h
[171.232s] -- Installing: /workspaces/isaac_ros-dev/install/isaac_ros_h264_decoder/include/yaml-cpp/node/parse.h
[171.233s] -- Installing: /workspaces/isaac_ros-dev/install/isaac_ros_h264_decoder/include/yaml-cpp/node/detail
[171.233s] -- Installing: /workspaces/isaac_ros-dev/install/isaac_ros_h264_decoder/include/yaml-cpp/node/detail/impl.h
[171.234s] -- Installing: /workspaces/isaac_ros-dev/install/isaac_ros_h264_decoder/include/yaml-cpp/node/detail/node_ref.h
[171.234s] -- Installing: /workspaces/isaac_ros-dev/install/isaac_ros_h264_decoder/include/yaml-cpp/node/detail/iterator.h
[171.235s] -- Installing: /workspaces/isaac_ros-dev/install/isaac_ros_h264_decoder/include/yaml-cpp/node/detail/node_iterator.h
[171.235s] -- Installing: /workspaces/isaac_ros-dev/install/isaac_ros_h264_decoder/include/yaml-cpp/node/detail/memory.h
[171.236s] -- Installing: /workspaces/isaac_ros-dev/install/isaac_ros_h264_decoder/include/yaml-cpp/node/detail/iterator_fwd.h
[171.236s] -- Installing: /workspaces/isaac_ros-dev/install/isaac_ros_h264_decoder/include/yaml-cpp/node/detail/node_data.h
[171.236s] -- Installing: /workspaces/isaac_ros-dev/install/isaac_ros_h264_decoder/include/yaml-cpp/node/detail/bool_type.h
[171.237s] -- Installing: /workspaces/isaac_ros-dev/install/isaac_ros_h264_decoder/include/yaml-cpp/node/detail/node.h
[171.237s] -- Installing: /workspaces/isaac_ros-dev/install/isaac_ros_h264_decoder/include/yaml-cpp/node/node.h
[171.238s] -- Installing: /workspaces/isaac_ros-dev/install/isaac_ros_h264_decoder/include/yaml-cpp/node/ptr.h
[171.238s] -- Installing: /workspaces/isaac_ros-dev/install/isaac_ros_h264_decoder/include/yaml-cpp/node/type.h
[171.239s] -- Installing: /workspaces/isaac_ros-dev/install/isaac_ros_h264_decoder/include/yaml-cpp/null.h
[171.239s] -- Installing: /workspaces/isaac_ros-dev/install/isaac_ros_h264_decoder/include/yaml-cpp/mark.h
[171.240s] -- Installing: /workspaces/isaac_ros-dev/install/isaac_ros_h264_decoder/lib/cmake/yaml-cpp/yaml-cpp-config.cmake
[171.240s] -- Installing: /workspaces/isaac_ros-dev/install/isaac_ros_h264_decoder/lib/cmake/yaml-cpp/yaml-cpp-config-version.cmake
[171.241s] -- Installing: /workspaces/isaac_ros-dev/install/isaac_ros_h264_decoder/lib/cmake/yaml-cpp/yaml-cpp-targets.cmake
[171.241s] -- Installing: /workspaces/isaac_ros-dev/install/isaac_ros_h264_decoder/lib/cmake/yaml-cpp/yaml-cpp-targets-release.cmake
[171.256s] Invoked command in '/workspaces/isaac_ros-dev/build/isaac_ros_h264_decoder' returned '0': AMENT_PREFIX_PATH=/workspaces/isaac_ros-dev/install/isaac_ros_image_proc:/workspaces/isaac_ros-dev/install/isaac_ros_nitros_image_type:/workspaces/isaac_ros-dev/install/isaac_ros_nitros_compressed_image_type:/workspaces/isaac_ros-dev/install/isaac_ros_nitros_camera_info_type:/workspaces/isaac_ros-dev/install/isaac_ros_nitros:/workspaces/isaac_ros-dev/install/isaac_ros_nitros_interfaces:/workspaces/isaac_ros-dev/install/isaac_ros_gxf:/workspaces/isaac_ros-dev/install/isaac_ros_test:/workspaces/isaac_ros-dev/install/isaac_ros_common:${AMENT_PREFIX_PATH} CMAKE_PREFIX_PATH=/workspaces/isaac_ros-dev/install/isaac_ros_image_proc:/workspaces/isaac_ros-dev/install/isaac_ros_nitros_image_type:/workspaces/isaac_ros-dev/install/isaac_ros_nitros_compressed_image_type:/workspaces/isaac_ros-dev/install/isaac_ros_nitros_camera_info_type:/workspaces/isaac_ros-dev/install/isaac_ros_nitros:/workspaces/isaac_ros-dev/install/isaac_ros_nitros_interfaces:/workspaces/isaac_ros-dev/install/isaac_ros_gxf:/workspaces/isaac_ros-dev/install/isaac_ros_common:${CMAKE_PREFIX_PATH} LD_LIBRARY_PATH=/workspaces/isaac_ros-dev/install/isaac_ros_image_proc/lib:/workspaces/isaac_ros-dev/install/isaac_ros_nitros_image_type/lib:/workspaces/isaac_ros-dev/install/isaac_ros_nitros_compressed_image_type/lib:/workspaces/isaac_ros-dev/install/isaac_ros_nitros_camera_info_type/lib:/workspaces/isaac_ros-dev/install/isaac_ros_nitros/lib:/workspaces/isaac_ros-dev/install/isaac_ros_nitros_interfaces/lib:/workspaces/isaac_ros-dev/install/isaac_ros_common/lib:/opt/ros/humble/install/opt/rviz_ogre_vendor/lib:/opt/ros/humble/install/lib:/usr/lib/aarch64-linux-gnu/tegra/weston:/usr/lib/aarch64-linux-gnu/tegra-egl:/usr/local/cuda-11.4/targets/aarch64-linux/lib:/usr/lib/aarch64-linux-gnu/tegra:/opt/nvidia/vpi2/lib64:/usr/lib/aarch64-linux-gnu-host:/opt/tritonserver/lib PYTHONPATH=/workspaces/isaac_ros-dev/install/isaac_ros_nitros_interfaces/lib/python3.8/site-packages:/workspaces/isaac_ros-dev/build/isaac_ros_test:/workspaces/isaac_ros-dev/install/isaac_ros_test/lib/python3.8/site-packages:${PYTHONPATH} /usr/bin/cmake --install /workspaces/isaac_ros-dev/build/isaac_ros_h264_decoder
