[0.095s] Invoking command in '/workspaces/isaac_ros-dev/build/isaac_ros_nitros_pose_cov_stamped_type': AMENT_PREFIX_PATH=/workspaces/isaac_ros-dev/install/isaac_ros_nitros:/workspaces/isaac_ros-dev/install/isaac_ros_nitros_interfaces:/workspaces/isaac_ros-dev/install/isaac_ros_gxf:/workspaces/isaac_ros-dev/install/isaac_ros_test:/workspaces/isaac_ros-dev/install/isaac_ros_common:${AMENT_PREFIX_PATH} CMAKE_PREFIX_PATH=/workspaces/isaac_ros-dev/install/isaac_ros_nitros:/workspaces/isaac_ros-dev/install/isaac_ros_nitros_interfaces:/workspaces/isaac_ros-dev/install/isaac_ros_gxf:/workspaces/isaac_ros-dev/install/isaac_ros_common:${CMAKE_PREFIX_PATH} LD_LIBRARY_PATH=/workspaces/isaac_ros-dev/install/isaac_ros_nitros/lib:/workspaces/isaac_ros-dev/install/isaac_ros_nitros_interfaces/lib:/workspaces/isaac_ros-dev/install/isaac_ros_common/lib:${LD_LIBRARY_PATH} PYTHONPATH=/workspaces/isaac_ros-dev/install/isaac_ros_nitros_interfaces/lib/python3.8/site-packages:/workspaces/isaac_ros-dev/install/isaac_ros_test/lib/python3.8/site-packages:${PYTHONPATH} /usr/local/bin/cmake /workspaces/isaac_ros-dev/src/isaac_ros_nitros/isaac_ros_nitros_type/isaac_ros_nitros_pose_cov_stamped_type -DCMAKE_INSTALL_PREFIX=/workspaces/isaac_ros-dev/install/isaac_ros_nitros_pose_cov_stamped_type
[6.880s] -- The C compiler identification is GNU 9.4.0
[6.881s] -- The CXX compiler identification is GNU 9.4.0
[6.885s] -- Detecting C compiler ABI info
[6.886s] -- Detecting C compiler ABI info - done
[6.886s] -- Check for working C compiler: /usr/bin/cc - skipped
[6.886s] -- Detecting C compile features
[6.886s] -- Detecting C compile features - done
[6.887s] -- Detecting CXX compiler ABI info
[6.887s] -- Detecting CXX compiler ABI info - done
[6.887s] -- Check for working CXX compiler: /usr/bin/c++ - skipped
[6.888s] -- Detecting CXX compile features
[6.888s] -- Detecting CXX compile features - done
[6.888s] -- Found ament_cmake_auto: 1.3.3 (/opt/ros/humble/install/share/ament_cmake_auto/cmake)
[6.888s] -- Found Python3: /usr/bin/python3.8 (found version "3.8.10") found components: Interpreter 
[6.888s] -- Loading isaac_ros_common extras
[6.889s] -- CMAKE_BUILD_TYPE: Release
[6.889s] -- Performing Test CMAKE_HAVE_LIBC_PTHREAD
[6.889s] -- Performing Test CMAKE_HAVE_LIBC_PTHREAD - Failed
[6.889s] -- Looking for pthread_create in pthreads
[6.889s] -- Looking for pthread_create in pthreads - not found
[6.889s] -- Looking for pthread_create in pthread
[6.889s] -- Looking for pthread_create in pthread - found
[6.889s] -- Found Threads: TRUE  
[6.889s] -- Found CUDA: /usr/local/cuda (found version "11.8") 
[6.890s] -- Loading isaac_ros_common extras (modules)
[6.890s] -- Found rosidl_generator_c: 3.1.4 (/opt/ros/humble/install/share/rosidl_generator_c/cmake)
[6.890s] -- Found rosidl_adapter: 3.1.4 (/opt/ros/humble/install/share/rosidl_adapter/cmake)
[6.890s] -- Found rosidl_generator_cpp: 3.1.4 (/opt/ros/humble/install/share/rosidl_generator_cpp/cmake)
[6.890s] -- Using all available rosidl_typesupport_c: rosidl_typesupport_fastrtps_c;rosidl_typesupport_introspection_c
[6.890s] -- Using all available rosidl_typesupport_cpp: rosidl_typesupport_fastrtps_cpp;rosidl_typesupport_introspection_cpp
[6.890s] -- Found rmw_implementation_cmake: 6.1.1 (/opt/ros/humble/install/share/rmw_implementation_cmake/cmake)
[6.890s] -- Found rmw_fastrtps_cpp: 6.2.2 (/opt/ros/humble/install/share/rmw_fastrtps_cpp/cmake)
[6.891s] -- Found OpenSSL: /usr/lib/x86_64-linux-gnu/libcrypto.so (found version "1.1.1f")  
[6.891s] -- Found FastRTPS: /opt/ros/humble/install/include  
[6.891s] -- Using RMW implementation 'rmw_fastrtps_cpp' as default
[6.892s] -- Loading isaac_ros_gxf extras
[6.892s] -- Found atlas lib=/workspaces/isaac_ros-dev/install/isaac_ros_gxf/share/isaac_ros_gxf/gxf/lib/libgxf_atlas.so, include=/workspaces/isaac_ros-dev/install/isaac_ros_gxf/share/isaac_ros_gxf/gxf/include/gxf
[6.892s] -- Found cuda lib=/workspaces/isaac_ros-dev/install/isaac_ros_gxf/share/isaac_ros_gxf/gxf/lib/cuda/libgxf_cuda.so, include=/workspaces/isaac_ros-dev/install/isaac_ros_gxf/share/isaac_ros_gxf/gxf/include/gxf
[6.893s] -- Found isaac_messages lib=/workspaces/isaac_ros-dev/install/isaac_ros_gxf/share/isaac_ros_gxf/gxf/lib/libgxf_isaac_messages.so, include=/workspaces/isaac_ros-dev/install/isaac_ros_gxf/share/isaac_ros_gxf/gxf/include/gxf
[6.893s] -- Found isaac_ros_messages lib=/workspaces/isaac_ros-dev/install/isaac_ros_gxf/share/isaac_ros_gxf/gxf/lib/libgxf_isaac_ros_messages.so, include=/workspaces/isaac_ros-dev/install/isaac_ros_gxf/share/isaac_ros_gxf/gxf/include/gxf
[6.893s] -- Found multimedia lib=/workspaces/isaac_ros-dev/install/isaac_ros_gxf/share/isaac_ros_gxf/gxf/lib/multimedia/libgxf_multimedia.so, include=/workspaces/isaac_ros-dev/install/isaac_ros_gxf/share/isaac_ros_gxf/gxf/include/gxf
[6.894s] -- Found gxf_optimizer lib=/workspaces/isaac_ros-dev/install/isaac_ros_gxf/share/isaac_ros_gxf/gxf/lib/libgxf_optimizer.so, include=/workspaces/isaac_ros-dev/install/isaac_ros_gxf/share/isaac_ros_gxf/gxf/include/gxf
[6.894s] -- Found serialization lib=/workspaces/isaac_ros-dev/install/isaac_ros_gxf/share/isaac_ros_gxf/gxf/lib/serialization/libgxf_serialization.so, include=/workspaces/isaac_ros-dev/install/isaac_ros_gxf/share/isaac_ros_gxf/gxf/include/gxf
[6.894s] -- Found std lib=/workspaces/isaac_ros-dev/install/isaac_ros_gxf/share/isaac_ros_gxf/gxf/lib/std/libgxf_std.so, include=/workspaces/isaac_ros-dev/install/isaac_ros_gxf/share/isaac_ros_gxf/gxf/include/gxf
[6.894s] -- Found core lib=/workspaces/isaac_ros-dev/install/isaac_ros_gxf/share/isaac_ros_gxf/gxf/lib/core/libgxf_core.so, include=/workspaces/isaac_ros-dev/install/isaac_ros_gxf/share/isaac_ros_gxf/gxf/include/gxf
[6.894s] -- Found GXF:  (found suitable version "2.5.0", minimum required is "2.5.0") found components: core isaac_messages 
[10.664s] -- Performing Test FLAG_WEXTRA
[11.377s] -- Performing Test FLAG_WEXTRA - Success
[12.407s] -- Found ament_lint_auto: 0.12.5 (/opt/ros/humble/install/share/ament_lint_auto/cmake)
[12.733s] -- Found launch_testing_ament_cmake: 1.0.4 (/opt/ros/humble/install/share/launch_testing_ament_cmake/cmake)
[12.753s] -- Found python_cmake_module: 0.10.0 (/opt/ros/humble/install/share/python_cmake_module/cmake)
[13.158s] -- Found PythonInterp: /usr/bin/python3 (found suitable version "3.8.10", minimum required is "3.6") 
[13.167s] -- Found PythonLibs: /usr/lib/x86_64-linux-gnu/libpython3.8.so (found suitable version "3.8.10", minimum required is "3.5") 
[13.167s] -- Using PYTHON_EXECUTABLE: /usr/bin/python3
[13.167s] -- Using PYTHON_INCLUDE_DIRS: /usr/include/python3.8
[13.167s] -- Using PYTHON_LIBRARIES: /usr/lib/x86_64-linux-gnu/libpython3.8.so
[13.652s] -- Found PythonExtra: .so  
[13.663s] -- Added test 'cppcheck' to perform static code analysis on C / C++ code
[13.664s] -- Configured cppcheck include dirs: /workspaces/isaac_ros-dev/src/isaac_ros_nitros/isaac_ros_nitros_type/isaac_ros_nitros_pose_cov_stamped_type/include
[13.664s] -- Configured cppcheck exclude dirs and/or files: 
[13.698s] -- Added test 'cpplint' to check C / C++ code against the Google style
[13.699s] -- Configured cpplint exclude dirs and/or files: 
[13.700s] -- Added test 'flake8' to check Python code syntax and style conventions
[13.739s] -- Added test 'lint_cmake' to check CMake code style
[13.757s] -- Added test 'pep257' to check Python code against some of the docstring style conventions in PEP 257
[13.759s] -- Added test 'uncrustify' to check C / C++ code style
[13.759s] -- Configured uncrustify additional arguments: 
[13.760s] -- Added test 'xmllint' to check XML markup files
[13.834s] -- Configuring done (13.7s)
[15.106s] -- Generating done (1.0s)
[15.158s] -- Build files have been written to: /workspaces/isaac_ros-dev/build/isaac_ros_nitros_pose_cov_stamped_type
[15.660s] Invoked command in '/workspaces/isaac_ros-dev/build/isaac_ros_nitros_pose_cov_stamped_type' returned '0': AMENT_PREFIX_PATH=/workspaces/isaac_ros-dev/install/isaac_ros_nitros:/workspaces/isaac_ros-dev/install/isaac_ros_nitros_interfaces:/workspaces/isaac_ros-dev/install/isaac_ros_gxf:/workspaces/isaac_ros-dev/install/isaac_ros_test:/workspaces/isaac_ros-dev/install/isaac_ros_common:${AMENT_PREFIX_PATH} CMAKE_PREFIX_PATH=/workspaces/isaac_ros-dev/install/isaac_ros_nitros:/workspaces/isaac_ros-dev/install/isaac_ros_nitros_interfaces:/workspaces/isaac_ros-dev/install/isaac_ros_gxf:/workspaces/isaac_ros-dev/install/isaac_ros_common:${CMAKE_PREFIX_PATH} LD_LIBRARY_PATH=/workspaces/isaac_ros-dev/install/isaac_ros_nitros/lib:/workspaces/isaac_ros-dev/install/isaac_ros_nitros_interfaces/lib:/workspaces/isaac_ros-dev/install/isaac_ros_common/lib:${LD_LIBRARY_PATH} PYTHONPATH=/workspaces/isaac_ros-dev/install/isaac_ros_nitros_interfaces/lib/python3.8/site-packages:/workspaces/isaac_ros-dev/install/isaac_ros_test/lib/python3.8/site-packages:${PYTHONPATH} /usr/local/bin/cmake /workspaces/isaac_ros-dev/src/isaac_ros_nitros/isaac_ros_nitros_type/isaac_ros_nitros_pose_cov_stamped_type -DCMAKE_INSTALL_PREFIX=/workspaces/isaac_ros-dev/install/isaac_ros_nitros_pose_cov_stamped_type
[15.663s] Invoking command in '/workspaces/isaac_ros-dev/build/isaac_ros_nitros_pose_cov_stamped_type': AMENT_PREFIX_PATH=/workspaces/isaac_ros-dev/install/isaac_ros_nitros:/workspaces/isaac_ros-dev/install/isaac_ros_nitros_interfaces:/workspaces/isaac_ros-dev/install/isaac_ros_gxf:/workspaces/isaac_ros-dev/install/isaac_ros_test:/workspaces/isaac_ros-dev/install/isaac_ros_common:${AMENT_PREFIX_PATH} CMAKE_PREFIX_PATH=/workspaces/isaac_ros-dev/install/isaac_ros_nitros:/workspaces/isaac_ros-dev/install/isaac_ros_nitros_interfaces:/workspaces/isaac_ros-dev/install/isaac_ros_gxf:/workspaces/isaac_ros-dev/install/isaac_ros_common:${CMAKE_PREFIX_PATH} LD_LIBRARY_PATH=/workspaces/isaac_ros-dev/install/isaac_ros_nitros/lib:/workspaces/isaac_ros-dev/install/isaac_ros_nitros_interfaces/lib:/workspaces/isaac_ros-dev/install/isaac_ros_common/lib:${LD_LIBRARY_PATH} PYTHONPATH=/workspaces/isaac_ros-dev/install/isaac_ros_nitros_interfaces/lib/python3.8/site-packages:/workspaces/isaac_ros-dev/install/isaac_ros_test/lib/python3.8/site-packages:${PYTHONPATH} /usr/local/bin/cmake --build /workspaces/isaac_ros-dev/build/isaac_ros_nitros_pose_cov_stamped_type -- -j16 -l16
[66.662s] [  2%] [32mBuilding CXX object _deps/yaml-cpp-build/CMakeFiles/yaml-cpp.dir/src/binary.cpp.o[0m
[66.663s] [  5%] [32mBuilding CXX object _deps/yaml-cpp-build/CMakeFiles/yaml-cpp.dir/src/null.cpp.o[0m
[66.663s] [  8%] [32mBuilding CXX object _deps/yaml-cpp-build/CMakeFiles/yaml-cpp.dir/src/ostream_wrapper.cpp.o[0m
[66.663s] [ 11%] [32mBuilding CXX object _deps/yaml-cpp-build/CMakeFiles/yaml-cpp.dir/src/parse.cpp.o[0m
[66.663s] [ 14%] [32mBuilding CXX object _deps/yaml-cpp-build/CMakeFiles/yaml-cpp.dir/src/parser.cpp.o[0m
[66.663s] [ 17%] [32mBuilding CXX object _deps/yaml-cpp-build/CMakeFiles/yaml-cpp.dir/src/regex_yaml.cpp.o[0m
[66.663s] [ 20%] [32mBuilding CXX object _deps/yaml-cpp-build/CMakeFiles/yaml-cpp.dir/src/scanner.cpp.o[0m
[66.663s] [ 22%] [32mBuilding CXX object _deps/yaml-cpp-build/CMakeFiles/yaml-cpp.dir/src/scanscalar.cpp.o[0m
[66.664s] [ 25%] [32mBuilding CXX object _deps/yaml-cpp-build/CMakeFiles/yaml-cpp.dir/src/scantag.cpp.o[0m
[66.664s] [ 28%] [32mBuilding CXX object _deps/yaml-cpp-build/CMakeFiles/yaml-cpp.dir/src/scantoken.cpp.o[0m
[66.664s] [ 31%] [32mBuilding CXX object _deps/yaml-cpp-build/CMakeFiles/yaml-cpp.dir/src/simplekey.cpp.o[0m
[66.664s] [ 34%] [32mBuilding CXX object _deps/yaml-cpp-build/CMakeFiles/yaml-cpp.dir/src/singledocparser.cpp.o[0m
[66.664s] [ 37%] [32mBuilding CXX object _deps/yaml-cpp-build/CMakeFiles/yaml-cpp.dir/src/stream.cpp.o[0m
[66.664s] [ 40%] [32mBuilding CXX object _deps/yaml-cpp-build/CMakeFiles/yaml-cpp.dir/src/tag.cpp.o[0m
[66.664s] [ 42%] [32mBuilding CXX object _deps/yaml-cpp-build/CMakeFiles/yaml-cpp.dir/src/contrib/graphbuilder.cpp.o[0m
[66.664s] [ 45%] [32mBuilding CXX object _deps/yaml-cpp-build/CMakeFiles/yaml-cpp.dir/src/contrib/graphbuilderadapter.cpp.o[0m
[66.664s] [ 48%] [32mBuilding CXX object _deps/yaml-cpp-build/CMakeFiles/yaml-cpp.dir/src/nodeevents.cpp.o[0m
[66.664s] [ 51%] [32mBuilding CXX object _deps/yaml-cpp-build/CMakeFiles/yaml-cpp.dir/src/nodebuilder.cpp.o[0m
[66.664s] [ 54%] [32mBuilding CXX object _deps/yaml-cpp-build/CMakeFiles/yaml-cpp.dir/src/node_data.cpp.o[0m
[66.664s] [ 57%] [32mBuilding CXX object _deps/yaml-cpp-build/CMakeFiles/yaml-cpp.dir/src/node.cpp.o[0m
[66.664s] [ 60%] [32mBuilding CXX object _deps/yaml-cpp-build/CMakeFiles/yaml-cpp.dir/src/memory.cpp.o[0m
[66.664s] [ 62%] [32mBuilding CXX object _deps/yaml-cpp-build/CMakeFiles/yaml-cpp.dir/src/exp.cpp.o[0m
[66.665s] [ 65%] [32mBuilding CXX object _deps/yaml-cpp-build/CMakeFiles/yaml-cpp.dir/src/exceptions.cpp.o[0m
[66.665s] [ 68%] [32mBuilding CXX object _deps/yaml-cpp-build/CMakeFiles/yaml-cpp.dir/src/emitterutils.cpp.o[0m
[66.665s] [ 71%] [32mBuilding CXX object _deps/yaml-cpp-build/CMakeFiles/yaml-cpp.dir/src/emitterstate.cpp.o[0m
[66.665s] [ 74%] [32mBuilding CXX object _deps/yaml-cpp-build/CMakeFiles/yaml-cpp.dir/src/emitter.cpp.o[0m
[66.665s] [ 77%] [32mBuilding CXX object _deps/yaml-cpp-build/CMakeFiles/yaml-cpp.dir/src/emitfromevents.cpp.o[0m
[66.665s] [ 80%] [32mBuilding CXX object _deps/yaml-cpp-build/CMakeFiles/yaml-cpp.dir/src/emit.cpp.o[0m
[66.665s] [ 82%] [32mBuilding CXX object _deps/yaml-cpp-build/CMakeFiles/yaml-cpp.dir/src/directives.cpp.o[0m
[66.665s] [ 85%] [32mBuilding CXX object _deps/yaml-cpp-build/CMakeFiles/yaml-cpp.dir/src/convert.cpp.o[0m
[66.665s] [ 88%] [32m[1mLinking CXX static library libyaml-cpp.a[0m
[66.665s] [ 88%] Built target yaml-cpp
[66.665s] [ 91%] [32mBuilding CXX object CMakeFiles/isaac_ros_nitros_pose_cov_stamped_type.dir/src/nitros_pose_cov_stamped.cpp.o[0m
[68.045s] [ 94%] [32m[1mLinking CXX shared library libisaac_ros_nitros_pose_cov_stamped_type.so[0m
[68.336s] [ 94%] Built target isaac_ros_nitros_pose_cov_stamped_type
[68.347s] [ 97%] [32mBuilding CXX object CMakeFiles/isaac_ros_nitros_pose_cov_stamped_forward_node.dir/test/src/nitros_pose_cov_stamped_forward_node.cpp.o[0m
[87.674s] [100%] [32m[1mLinking CXX shared library libisaac_ros_nitros_pose_cov_stamped_forward_node.so[0m
[87.895s] [100%] Built target isaac_ros_nitros_pose_cov_stamped_forward_node
[87.902s] Invoked command in '/workspaces/isaac_ros-dev/build/isaac_ros_nitros_pose_cov_stamped_type' returned '0': AMENT_PREFIX_PATH=/workspaces/isaac_ros-dev/install/isaac_ros_nitros:/workspaces/isaac_ros-dev/install/isaac_ros_nitros_interfaces:/workspaces/isaac_ros-dev/install/isaac_ros_gxf:/workspaces/isaac_ros-dev/install/isaac_ros_test:/workspaces/isaac_ros-dev/install/isaac_ros_common:${AMENT_PREFIX_PATH} CMAKE_PREFIX_PATH=/workspaces/isaac_ros-dev/install/isaac_ros_nitros:/workspaces/isaac_ros-dev/install/isaac_ros_nitros_interfaces:/workspaces/isaac_ros-dev/install/isaac_ros_gxf:/workspaces/isaac_ros-dev/install/isaac_ros_common:${CMAKE_PREFIX_PATH} LD_LIBRARY_PATH=/workspaces/isaac_ros-dev/install/isaac_ros_nitros/lib:/workspaces/isaac_ros-dev/install/isaac_ros_nitros_interfaces/lib:/workspaces/isaac_ros-dev/install/isaac_ros_common/lib:${LD_LIBRARY_PATH} PYTHONPATH=/workspaces/isaac_ros-dev/install/isaac_ros_nitros_interfaces/lib/python3.8/site-packages:/workspaces/isaac_ros-dev/install/isaac_ros_test/lib/python3.8/site-packages:${PYTHONPATH} /usr/local/bin/cmake --build /workspaces/isaac_ros-dev/build/isaac_ros_nitros_pose_cov_stamped_type -- -j16 -l16
[87.953s] Invoking command in '/workspaces/isaac_ros-dev/build/isaac_ros_nitros_pose_cov_stamped_type': AMENT_PREFIX_PATH=/workspaces/isaac_ros-dev/install/isaac_ros_nitros:/workspaces/isaac_ros-dev/install/isaac_ros_nitros_interfaces:/workspaces/isaac_ros-dev/install/isaac_ros_gxf:/workspaces/isaac_ros-dev/install/isaac_ros_test:/workspaces/isaac_ros-dev/install/isaac_ros_common:${AMENT_PREFIX_PATH} CMAKE_PREFIX_PATH=/workspaces/isaac_ros-dev/install/isaac_ros_nitros:/workspaces/isaac_ros-dev/install/isaac_ros_nitros_interfaces:/workspaces/isaac_ros-dev/install/isaac_ros_gxf:/workspaces/isaac_ros-dev/install/isaac_ros_common:${CMAKE_PREFIX_PATH} LD_LIBRARY_PATH=/workspaces/isaac_ros-dev/install/isaac_ros_nitros/lib:/workspaces/isaac_ros-dev/install/isaac_ros_nitros_interfaces/lib:/workspaces/isaac_ros-dev/install/isaac_ros_common/lib:${LD_LIBRARY_PATH} PYTHONPATH=/workspaces/isaac_ros-dev/install/isaac_ros_nitros_interfaces/lib/python3.8/site-packages:/workspaces/isaac_ros-dev/install/isaac_ros_test/lib/python3.8/site-packages:${PYTHONPATH} /usr/local/bin/cmake --install /workspaces/isaac_ros-dev/build/isaac_ros_nitros_pose_cov_stamped_type
[87.975s] -- Install configuration: "Release"
[87.975s] -- Installing: /workspaces/isaac_ros-dev/install/isaac_ros_nitros_pose_cov_stamped_type/lib/libyaml-cpp.a
[87.977s] -- Installing: /workspaces/isaac_ros-dev/install/isaac_ros_nitros_pose_cov_stamped_type/include/yaml-cpp
[87.977s] -- Installing: /workspaces/isaac_ros-dev/install/isaac_ros_nitros_pose_cov_stamped_type/include/yaml-cpp/mark.h
[87.977s] -- Installing: /workspaces/isaac_ros-dev/install/isaac_ros_nitros_pose_cov_stamped_type/include/yaml-cpp/emittermanip.h
[87.977s] -- Installing: /workspaces/isaac_ros-dev/install/isaac_ros_nitros_pose_cov_stamped_type/include/yaml-cpp/emitter.h
[87.977s] -- Installing: /workspaces/isaac_ros-dev/install/isaac_ros_nitros_pose_cov_stamped_type/include/yaml-cpp/exceptions.h
[87.977s] -- Installing: /workspaces/isaac_ros-dev/install/isaac_ros_nitros_pose_cov_stamped_type/include/yaml-cpp/traits.h
[87.977s] -- Installing: /workspaces/isaac_ros-dev/install/isaac_ros_nitros_pose_cov_stamped_type/include/yaml-cpp/eventhandler.h
[87.977s] -- Installing: /workspaces/isaac_ros-dev/install/isaac_ros_nitros_pose_cov_stamped_type/include/yaml-cpp/parser.h
[87.977s] -- Installing: /workspaces/isaac_ros-dev/install/isaac_ros_nitros_pose_cov_stamped_type/include/yaml-cpp/dll.h
[87.977s] -- Installing: /workspaces/isaac_ros-dev/install/isaac_ros_nitros_pose_cov_stamped_type/include/yaml-cpp/null.h
[87.978s] -- Installing: /workspaces/isaac_ros-dev/install/isaac_ros_nitros_pose_cov_stamped_type/include/yaml-cpp/contrib
[87.978s] -- Installing: /workspaces/isaac_ros-dev/install/isaac_ros_nitros_pose_cov_stamped_type/include/yaml-cpp/contrib/graphbuilder.h
[87.978s] -- Installing: /workspaces/isaac_ros-dev/install/isaac_ros_nitros_pose_cov_stamped_type/include/yaml-cpp/contrib/anchordict.h
[87.978s] -- Installing: /workspaces/isaac_ros-dev/install/isaac_ros_nitros_pose_cov_stamped_type/include/yaml-cpp/emitterdef.h
[87.978s] -- Installing: /workspaces/isaac_ros-dev/install/isaac_ros_nitros_pose_cov_stamped_type/include/yaml-cpp/anchor.h
[87.978s] -- Installing: /workspaces/isaac_ros-dev/install/isaac_ros_nitros_pose_cov_stamped_type/include/yaml-cpp/emitfromevents.h
[87.978s] -- Installing: /workspaces/isaac_ros-dev/install/isaac_ros_nitros_pose_cov_stamped_type/include/yaml-cpp/emitterstyle.h
[87.978s] -- Installing: /workspaces/isaac_ros-dev/install/isaac_ros_nitros_pose_cov_stamped_type/include/yaml-cpp/node
[87.979s] -- Installing: /workspaces/isaac_ros-dev/install/isaac_ros_nitros_pose_cov_stamped_type/include/yaml-cpp/node/impl.h
[87.979s] -- Installing: /workspaces/isaac_ros-dev/install/isaac_ros_nitros_pose_cov_stamped_type/include/yaml-cpp/node/parse.h
[87.979s] -- Installing: /workspaces/isaac_ros-dev/install/isaac_ros_nitros_pose_cov_stamped_type/include/yaml-cpp/node/detail
[87.979s] -- Installing: /workspaces/isaac_ros-dev/install/isaac_ros_nitros_pose_cov_stamped_type/include/yaml-cpp/node/detail/node_data.h
[87.979s] -- Installing: /workspaces/isaac_ros-dev/install/isaac_ros_nitros_pose_cov_stamped_type/include/yaml-cpp/node/detail/impl.h
[87.979s] -- Installing: /workspaces/isaac_ros-dev/install/isaac_ros_nitros_pose_cov_stamped_type/include/yaml-cpp/node/detail/node_iterator.h
[87.979s] -- Installing: /workspaces/isaac_ros-dev/install/isaac_ros_nitros_pose_cov_stamped_type/include/yaml-cpp/node/detail/memory.h
[87.979s] -- Installing: /workspaces/isaac_ros-dev/install/isaac_ros_nitros_pose_cov_stamped_type/include/yaml-cpp/node/detail/iterator.h
[87.979s] -- Installing: /workspaces/isaac_ros-dev/install/isaac_ros_nitros_pose_cov_stamped_type/include/yaml-cpp/node/detail/iterator_fwd.h
[87.979s] -- Installing: /workspaces/isaac_ros-dev/install/isaac_ros_nitros_pose_cov_stamped_type/include/yaml-cpp/node/detail/node.h
[87.979s] -- Installing: /workspaces/isaac_ros-dev/install/isaac_ros_nitros_pose_cov_stamped_type/include/yaml-cpp/node/detail/bool_type.h
[87.979s] -- Installing: /workspaces/isaac_ros-dev/install/isaac_ros_nitros_pose_cov_stamped_type/include/yaml-cpp/node/detail/node_ref.h
[87.980s] -- Installing: /workspaces/isaac_ros-dev/install/isaac_ros_nitros_pose_cov_stamped_type/include/yaml-cpp/node/convert.h
[87.980s] -- Installing: /workspaces/isaac_ros-dev/install/isaac_ros_nitros_pose_cov_stamped_type/include/yaml-cpp/node/iterator.h
[87.980s] -- Installing: /workspaces/isaac_ros-dev/install/isaac_ros_nitros_pose_cov_stamped_type/include/yaml-cpp/node/type.h
[87.980s] -- Installing: /workspaces/isaac_ros-dev/install/isaac_ros_nitros_pose_cov_stamped_type/include/yaml-cpp/node/node.h
[87.980s] -- Installing: /workspaces/isaac_ros-dev/install/isaac_ros_nitros_pose_cov_stamped_type/include/yaml-cpp/node/emit.h
[87.980s] -- Installing: /workspaces/isaac_ros-dev/install/isaac_ros_nitros_pose_cov_stamped_type/include/yaml-cpp/node/ptr.h
[87.980s] -- Installing: /workspaces/isaac_ros-dev/install/isaac_ros_nitros_pose_cov_stamped_type/include/yaml-cpp/ostream_wrapper.h
[87.980s] -- Installing: /workspaces/isaac_ros-dev/install/isaac_ros_nitros_pose_cov_stamped_type/include/yaml-cpp/stlemitter.h
[87.980s] -- Installing: /workspaces/isaac_ros-dev/install/isaac_ros_nitros_pose_cov_stamped_type/include/yaml-cpp/binary.h
[87.980s] -- Installing: /workspaces/isaac_ros-dev/install/isaac_ros_nitros_pose_cov_stamped_type/include/yaml-cpp/yaml.h
[87.980s] -- Installing: /workspaces/isaac_ros-dev/install/isaac_ros_nitros_pose_cov_stamped_type/lib/cmake/yaml-cpp/yaml-cpp-config.cmake
[87.980s] -- Installing: /workspaces/isaac_ros-dev/install/isaac_ros_nitros_pose_cov_stamped_type/lib/cmake/yaml-cpp/yaml-cpp-config-version.cmake
[87.980s] -- Installing: /workspaces/isaac_ros-dev/install/isaac_ros_nitros_pose_cov_stamped_type/lib/cmake/yaml-cpp/yaml-cpp-targets.cmake
[87.981s] -- Installing: /workspaces/isaac_ros-dev/install/isaac_ros_nitros_pose_cov_stamped_type/lib/cmake/yaml-cpp/yaml-cpp-targets-release.cmake
[87.981s] -- Installing: /workspaces/isaac_ros-dev/install/isaac_ros_nitros_pose_cov_stamped_type/lib/pkgconfig/yaml-cpp.pc
[87.981s] -- Installing: /workspaces/isaac_ros-dev/install/isaac_ros_nitros_pose_cov_stamped_type/share/isaac_ros_nitros_pose_cov_stamped_type/test/config
[87.981s] -- Installing: /workspaces/isaac_ros-dev/install/isaac_ros_nitros_pose_cov_stamped_type/share/isaac_ros_nitros_pose_cov_stamped_type/test/config/test_forward_node.yaml
[87.981s] -- Up-to-date: /workspaces/isaac_ros-dev/install/isaac_ros_nitros_pose_cov_stamped_type/include
[87.981s] -- Installing: /workspaces/isaac_ros-dev/install/isaac_ros_nitros_pose_cov_stamped_type/include/isaac_ros_nitros_pose_cov_stamped_type
[87.981s] -- Installing: /workspaces/isaac_ros-dev/install/isaac_ros_nitros_pose_cov_stamped_type/include/isaac_ros_nitros_pose_cov_stamped_type/nitros_pose_cov_stamped.hpp
[87.982s] -- Installing: /workspaces/isaac_ros-dev/install/isaac_ros_nitros_pose_cov_stamped_type/share/isaac_ros_nitros_pose_cov_stamped_type/environment/library_path.sh
[87.982s] -- Installing: /workspaces/isaac_ros-dev/install/isaac_ros_nitros_pose_cov_stamped_type/share/isaac_ros_nitros_pose_cov_stamped_type/environment/library_path.dsv
[87.982s] -- Installing: /workspaces/isaac_ros-dev/install/isaac_ros_nitros_pose_cov_stamped_type/lib/libisaac_ros_nitros_pose_cov_stamped_type.so
[87.982s] -- Set runtime path of "/workspaces/isaac_ros-dev/install/isaac_ros_nitros_pose_cov_stamped_type/lib/libisaac_ros_nitros_pose_cov_stamped_type.so" to "/usr/local/cuda/lib64:/opt/ros/humble/install/lib:/workspaces/isaac_ros-dev/install/isaac_ros_common/lib:/workspaces/isaac_ros-dev/install/isaac_ros_nitros_interfaces/lib:/workspaces/isaac_ros-dev/install/isaac_ros_nitros/lib:/workspaces/isaac_ros-dev/install/isaac_ros_gxf/share/isaac_ros_gxf/gxf/lib/core:/workspaces/isaac_ros-dev/install/isaac_ros_gxf/share/isaac_ros_gxf/gxf/lib"
[87.982s] -- Installing: /workspaces/isaac_ros-dev/install/isaac_ros_nitros_pose_cov_stamped_type/lib/libisaac_ros_nitros_pose_cov_stamped_forward_node.so
[87.983s] -- Set runtime path of "/workspaces/isaac_ros-dev/install/isaac_ros_nitros_pose_cov_stamped_type/lib/libisaac_ros_nitros_pose_cov_stamped_forward_node.so" to "/usr/local/cuda/lib64:/opt/ros/humble/install/lib:/workspaces/isaac_ros-dev/install/isaac_ros_common/lib:/workspaces/isaac_ros-dev/install/isaac_ros_nitros_interfaces/lib:/workspaces/isaac_ros-dev/install/isaac_ros_nitros/lib:/workspaces/isaac_ros-dev/install/isaac_ros_gxf/share/isaac_ros_gxf/gxf/lib/core:/workspaces/isaac_ros-dev/install/isaac_ros_gxf/share/isaac_ros_gxf/gxf/lib"
[87.984s] -- Installing: /workspaces/isaac_ros-dev/install/isaac_ros_nitros_pose_cov_stamped_type/share/ament_index/resource_index/package_run_dependencies/isaac_ros_nitros_pose_cov_stamped_type
[87.984s] -- Installing: /workspaces/isaac_ros-dev/install/isaac_ros_nitros_pose_cov_stamped_type/share/ament_index/resource_index/parent_prefix_path/isaac_ros_nitros_pose_cov_stamped_type
[87.984s] -- Installing: /workspaces/isaac_ros-dev/install/isaac_ros_nitros_pose_cov_stamped_type/share/isaac_ros_nitros_pose_cov_stamped_type/environment/ament_prefix_path.sh
[87.984s] -- Installing: /workspaces/isaac_ros-dev/install/isaac_ros_nitros_pose_cov_stamped_type/share/isaac_ros_nitros_pose_cov_stamped_type/environment/ament_prefix_path.dsv
[87.985s] -- Installing: /workspaces/isaac_ros-dev/install/isaac_ros_nitros_pose_cov_stamped_type/share/isaac_ros_nitros_pose_cov_stamped_type/environment/path.sh
[87.985s] -- Installing: /workspaces/isaac_ros-dev/install/isaac_ros_nitros_pose_cov_stamped_type/share/isaac_ros_nitros_pose_cov_stamped_type/environment/path.dsv
[87.985s] -- Installing: /workspaces/isaac_ros-dev/install/isaac_ros_nitros_pose_cov_stamped_type/share/isaac_ros_nitros_pose_cov_stamped_type/local_setup.bash
[87.985s] -- Installing: /workspaces/isaac_ros-dev/install/isaac_ros_nitros_pose_cov_stamped_type/share/isaac_ros_nitros_pose_cov_stamped_type/local_setup.sh
[87.985s] -- Installing: /workspaces/isaac_ros-dev/install/isaac_ros_nitros_pose_cov_stamped_type/share/isaac_ros_nitros_pose_cov_stamped_type/local_setup.zsh
[87.986s] -- Installing: /workspaces/isaac_ros-dev/install/isaac_ros_nitros_pose_cov_stamped_type/share/isaac_ros_nitros_pose_cov_stamped_type/local_setup.dsv
[87.986s] -- Installing: /workspaces/isaac_ros-dev/install/isaac_ros_nitros_pose_cov_stamped_type/share/isaac_ros_nitros_pose_cov_stamped_type/package.dsv
[87.986s] -- Installing: /workspaces/isaac_ros-dev/install/isaac_ros_nitros_pose_cov_stamped_type/share/ament_index/resource_index/packages/isaac_ros_nitros_pose_cov_stamped_type
[87.986s] -- Installing: /workspaces/isaac_ros-dev/install/isaac_ros_nitros_pose_cov_stamped_type/share/ament_index/resource_index/rclcpp_components/isaac_ros_nitros_pose_cov_stamped_type
[87.986s] -- Installing: /workspaces/isaac_ros-dev/install/isaac_ros_nitros_pose_cov_stamped_type/share/isaac_ros_nitros_pose_cov_stamped_type/cmake/ament_cmake_export_dependencies-extras.cmake
[87.987s] -- Installing: /workspaces/isaac_ros-dev/install/isaac_ros_nitros_pose_cov_stamped_type/share/isaac_ros_nitros_pose_cov_stamped_type/cmake/ament_cmake_export_include_directories-extras.cmake
[87.987s] -- Installing: /workspaces/isaac_ros-dev/install/isaac_ros_nitros_pose_cov_stamped_type/share/isaac_ros_nitros_pose_cov_stamped_type/cmake/ament_cmake_export_libraries-extras.cmake
[87.987s] -- Installing: /workspaces/isaac_ros-dev/install/isaac_ros_nitros_pose_cov_stamped_type/share/isaac_ros_nitros_pose_cov_stamped_type/cmake/isaac_ros_nitros_pose_cov_stamped_typeConfig.cmake
[87.987s] -- Installing: /workspaces/isaac_ros-dev/install/isaac_ros_nitros_pose_cov_stamped_type/share/isaac_ros_nitros_pose_cov_stamped_type/cmake/isaac_ros_nitros_pose_cov_stamped_typeConfig-version.cmake
[87.988s] -- Installing: /workspaces/isaac_ros-dev/install/isaac_ros_nitros_pose_cov_stamped_type/share/isaac_ros_nitros_pose_cov_stamped_type/package.xml
[87.992s] Invoked command in '/workspaces/isaac_ros-dev/build/isaac_ros_nitros_pose_cov_stamped_type' returned '0': AMENT_PREFIX_PATH=/workspaces/isaac_ros-dev/install/isaac_ros_nitros:/workspaces/isaac_ros-dev/install/isaac_ros_nitros_interfaces:/workspaces/isaac_ros-dev/install/isaac_ros_gxf:/workspaces/isaac_ros-dev/install/isaac_ros_test:/workspaces/isaac_ros-dev/install/isaac_ros_common:${AMENT_PREFIX_PATH} CMAKE_PREFIX_PATH=/workspaces/isaac_ros-dev/install/isaac_ros_nitros:/workspaces/isaac_ros-dev/install/isaac_ros_nitros_interfaces:/workspaces/isaac_ros-dev/install/isaac_ros_gxf:/workspaces/isaac_ros-dev/install/isaac_ros_common:${CMAKE_PREFIX_PATH} LD_LIBRARY_PATH=/workspaces/isaac_ros-dev/install/isaac_ros_nitros/lib:/workspaces/isaac_ros-dev/install/isaac_ros_nitros_interfaces/lib:/workspaces/isaac_ros-dev/install/isaac_ros_common/lib:${LD_LIBRARY_PATH} PYTHONPATH=/workspaces/isaac_ros-dev/install/isaac_ros_nitros_interfaces/lib/python3.8/site-packages:/workspaces/isaac_ros-dev/install/isaac_ros_test/lib/python3.8/site-packages:${PYTHONPATH} /usr/local/bin/cmake --install /workspaces/isaac_ros-dev/build/isaac_ros_nitros_pose_cov_stamped_type
