[0.124s] Invoking command in '/workspaces/isaac_ros-dev/build/isaac_ros_nitros_april_tag_detection_array_type': AMENT_PREFIX_PATH=/workspaces/isaac_ros-dev/install/isaac_ros_nitros:/workspaces/isaac_ros-dev/install/isaac_ros_nitros_interfaces:/workspaces/isaac_ros-dev/install/isaac_ros_gxf:/workspaces/isaac_ros-dev/install/isaac_ros_apriltag_interfaces:/workspaces/isaac_ros-dev/install/isaac_ros_test:/workspaces/isaac_ros-dev/install/isaac_ros_common:${AMENT_PREFIX_PATH} CMAKE_PREFIX_PATH=/workspaces/isaac_ros-dev/install/isaac_ros_nitros:/workspaces/isaac_ros-dev/install/isaac_ros_nitros_interfaces:/workspaces/isaac_ros-dev/install/isaac_ros_gxf:/workspaces/isaac_ros-dev/install/isaac_ros_apriltag_interfaces:/workspaces/isaac_ros-dev/install/isaac_ros_common:${CMAKE_PREFIX_PATH} LD_LIBRARY_PATH=/workspaces/isaac_ros-dev/install/isaac_ros_nitros/lib:/workspaces/isaac_ros-dev/install/isaac_ros_nitros_interfaces/lib:/workspaces/isaac_ros-dev/install/isaac_ros_apriltag_interfaces/lib:/workspaces/isaac_ros-dev/install/isaac_ros_common/lib:${LD_LIBRARY_PATH} PYTHONPATH=/workspaces/isaac_ros-dev/install/isaac_ros_nitros_interfaces/lib/python3.8/site-packages:/workspaces/isaac_ros-dev/install/isaac_ros_apriltag_interfaces/lib/python3.8/site-packages:/workspaces/isaac_ros-dev/install/isaac_ros_test/lib/python3.8/site-packages:${PYTHONPATH} /usr/local/bin/cmake /workspaces/isaac_ros-dev/src/isaac_ros_nitros/isaac_ros_nitros_type/isaac_ros_nitros_april_tag_detection_array_type -DCMAKE_INSTALL_PREFIX=/workspaces/isaac_ros-dev/install/isaac_ros_nitros_april_tag_detection_array_type
[0.225s] -- The C compiler identification is GNU 9.4.0
[0.308s] -- The CXX compiler identification is GNU 9.4.0
[0.321s] -- Detecting C compiler ABI info
[0.405s] -- Detecting C compiler ABI info - done
[0.421s] -- Check for working C compiler: /usr/bin/cc - skipped
[0.421s] -- Detecting C compile features
[0.422s] -- Detecting C compile features - done
[0.428s] -- Detecting CXX compiler ABI info
[0.531s] -- Detecting CXX compiler ABI info - done
[0.546s] -- Check for working CXX compiler: /usr/bin/c++ - skipped
[0.547s] -- Detecting CXX compile features
[0.548s] -- Detecting CXX compile features - done
[0.552s] -- Found ament_cmake_auto: 1.3.3 (/opt/ros/humble/install/share/ament_cmake_auto/cmake)
[1.528s] -- Found Python3: /usr/bin/python3.8 (found version "3.8.10") found components: Interpreter 
[1.781s] -- Loading isaac_ros_common extras
[1.782s] -- CMAKE_BUILD_TYPE: Release
[1.805s] -- Performing Test CMAKE_HAVE_LIBC_PTHREAD
[1.920s] -- Performing Test CMAKE_HAVE_LIBC_PTHREAD - Failed
[1.920s] -- Looking for pthread_create in pthreads
[1.993s] -- Looking for pthread_create in pthreads - not found
[1.993s] -- Looking for pthread_create in pthread
[2.075s] -- Looking for pthread_create in pthread - found
[2.079s] -- Found Threads: TRUE  
[2.098s] -- Found CUDA: /usr/local/cuda (found version "11.8") 
[2.099s] -- Loading isaac_ros_common extras (modules)
[2.177s] -- Found rosidl_generator_c: 3.1.4 (/opt/ros/humble/install/share/rosidl_generator_c/cmake)
[2.187s] -- Found rosidl_adapter: 3.1.4 (/opt/ros/humble/install/share/rosidl_adapter/cmake)
[2.204s] -- Found rosidl_generator_cpp: 3.1.4 (/opt/ros/humble/install/share/rosidl_generator_cpp/cmake)
[2.229s] -- Using all available rosidl_typesupport_c: rosidl_typesupport_fastrtps_c;rosidl_typesupport_introspection_c
[2.268s] -- Using all available rosidl_typesupport_cpp: rosidl_typesupport_fastrtps_cpp;rosidl_typesupport_introspection_cpp
[2.402s] -- Found rmw_implementation_cmake: 6.1.1 (/opt/ros/humble/install/share/rmw_implementation_cmake/cmake)
[2.408s] -- Found rmw_fastrtps_cpp: 6.2.2 (/opt/ros/humble/install/share/rmw_fastrtps_cpp/cmake)
[2.603s] -- Found OpenSSL: /usr/lib/x86_64-linux-gnu/libcrypto.so (found version "1.1.1f")  
[2.635s] -- Found FastRTPS: /opt/ros/humble/install/include  
[2.706s] -- Using RMW implementation 'rmw_fastrtps_cpp' as default
[3.496s] -- Loading isaac_ros_gxf extras
[3.504s] -- Found atlas lib=/workspaces/isaac_ros-dev/install/isaac_ros_gxf/share/isaac_ros_gxf/gxf/lib/libgxf_atlas.so, include=/workspaces/isaac_ros-dev/install/isaac_ros_gxf/share/isaac_ros_gxf/gxf/include/gxf
[3.506s] -- Found cuda lib=/workspaces/isaac_ros-dev/install/isaac_ros_gxf/share/isaac_ros_gxf/gxf/lib/cuda/libgxf_cuda.so, include=/workspaces/isaac_ros-dev/install/isaac_ros_gxf/share/isaac_ros_gxf/gxf/include/gxf
[3.507s] -- Found isaac_messages lib=/workspaces/isaac_ros-dev/install/isaac_ros_gxf/share/isaac_ros_gxf/gxf/lib/libgxf_isaac_messages.so, include=/workspaces/isaac_ros-dev/install/isaac_ros_gxf/share/isaac_ros_gxf/gxf/include/gxf
[3.509s] -- Found isaac_ros_messages lib=/workspaces/isaac_ros-dev/install/isaac_ros_gxf/share/isaac_ros_gxf/gxf/lib/libgxf_isaac_ros_messages.so, include=/workspaces/isaac_ros-dev/install/isaac_ros_gxf/share/isaac_ros_gxf/gxf/include/gxf
[3.510s] -- Found multimedia lib=/workspaces/isaac_ros-dev/install/isaac_ros_gxf/share/isaac_ros_gxf/gxf/lib/multimedia/libgxf_multimedia.so, include=/workspaces/isaac_ros-dev/install/isaac_ros_gxf/share/isaac_ros_gxf/gxf/include/gxf
[3.513s] -- Found gxf_optimizer lib=/workspaces/isaac_ros-dev/install/isaac_ros_gxf/share/isaac_ros_gxf/gxf/lib/libgxf_optimizer.so, include=/workspaces/isaac_ros-dev/install/isaac_ros_gxf/share/isaac_ros_gxf/gxf/include/gxf
[3.514s] -- Found serialization lib=/workspaces/isaac_ros-dev/install/isaac_ros_gxf/share/isaac_ros_gxf/gxf/lib/serialization/libgxf_serialization.so, include=/workspaces/isaac_ros-dev/install/isaac_ros_gxf/share/isaac_ros_gxf/gxf/include/gxf
[3.515s] -- Found std lib=/workspaces/isaac_ros-dev/install/isaac_ros_gxf/share/isaac_ros_gxf/gxf/lib/std/libgxf_std.so, include=/workspaces/isaac_ros-dev/install/isaac_ros_gxf/share/isaac_ros_gxf/gxf/include/gxf
[3.517s] -- Found core lib=/workspaces/isaac_ros-dev/install/isaac_ros_gxf/share/isaac_ros_gxf/gxf/lib/core/libgxf_core.so, include=/workspaces/isaac_ros-dev/install/isaac_ros_gxf/share/isaac_ros_gxf/gxf/include/gxf
[3.520s] -- Found GXF:  (found suitable version "2.5.0", minimum required is "2.5.0") found components: core isaac_messages multimedia 
[9.001s] -- Performing Test FLAG_WEXTRA
[9.478s] -- Performing Test FLAG_WEXTRA - Success
[10.950s] -- Found ament_lint_auto: 0.12.5 (/opt/ros/humble/install/share/ament_lint_auto/cmake)
[11.250s] -- Found launch_testing_ament_cmake: 1.0.4 (/opt/ros/humble/install/share/launch_testing_ament_cmake/cmake)
[11.255s] -- Found python_cmake_module: 0.10.0 (/opt/ros/humble/install/share/python_cmake_module/cmake)
[11.341s] -- Found PythonInterp: /usr/bin/python3 (found suitable version "3.8.10", minimum required is "3.6") 
[11.351s] -- Found PythonLibs: /usr/lib/x86_64-linux-gnu/libpython3.8.so (found suitable version "3.8.10", minimum required is "3.5") 
[11.351s] -- Using PYTHON_EXECUTABLE: /usr/bin/python3
[11.351s] -- Using PYTHON_INCLUDE_DIRS: /usr/include/python3.8
[11.351s] -- Using PYTHON_LIBRARIES: /usr/lib/x86_64-linux-gnu/libpython3.8.so
[11.410s] -- Found PythonExtra: .so  
[11.426s] -- Added test 'cppcheck' to perform static code analysis on C / C++ code
[11.427s] -- Configured cppcheck include dirs: /workspaces/isaac_ros-dev/src/isaac_ros_nitros/isaac_ros_nitros_type/isaac_ros_nitros_april_tag_detection_array_type/include
[11.428s] -- Configured cppcheck exclude dirs and/or files: 
[11.437s] -- Added test 'cpplint' to check C / C++ code against the Google style
[11.437s] -- Configured cpplint exclude dirs and/or files: 
[11.438s] -- Added test 'flake8' to check Python code syntax and style conventions
[11.439s] -- Added test 'lint_cmake' to check CMake code style
[11.440s] -- Added test 'pep257' to check Python code against some of the docstring style conventions in PEP 257
[11.444s] -- Added test 'uncrustify' to check C / C++ code style
[11.444s] -- Configured uncrustify additional arguments: 
[11.447s] -- Added test 'xmllint' to check XML markup files
[11.452s] -- Configuring done (11.3s)
[11.631s] -- Generating done (0.1s)
[11.645s] -- Build files have been written to: /workspaces/isaac_ros-dev/build/isaac_ros_nitros_april_tag_detection_array_type
[11.741s] Invoked command in '/workspaces/isaac_ros-dev/build/isaac_ros_nitros_april_tag_detection_array_type' returned '0': AMENT_PREFIX_PATH=/workspaces/isaac_ros-dev/install/isaac_ros_nitros:/workspaces/isaac_ros-dev/install/isaac_ros_nitros_interfaces:/workspaces/isaac_ros-dev/install/isaac_ros_gxf:/workspaces/isaac_ros-dev/install/isaac_ros_apriltag_interfaces:/workspaces/isaac_ros-dev/install/isaac_ros_test:/workspaces/isaac_ros-dev/install/isaac_ros_common:${AMENT_PREFIX_PATH} CMAKE_PREFIX_PATH=/workspaces/isaac_ros-dev/install/isaac_ros_nitros:/workspaces/isaac_ros-dev/install/isaac_ros_nitros_interfaces:/workspaces/isaac_ros-dev/install/isaac_ros_gxf:/workspaces/isaac_ros-dev/install/isaac_ros_apriltag_interfaces:/workspaces/isaac_ros-dev/install/isaac_ros_common:${CMAKE_PREFIX_PATH} LD_LIBRARY_PATH=/workspaces/isaac_ros-dev/install/isaac_ros_nitros/lib:/workspaces/isaac_ros-dev/install/isaac_ros_nitros_interfaces/lib:/workspaces/isaac_ros-dev/install/isaac_ros_apriltag_interfaces/lib:/workspaces/isaac_ros-dev/install/isaac_ros_common/lib:${LD_LIBRARY_PATH} PYTHONPATH=/workspaces/isaac_ros-dev/install/isaac_ros_nitros_interfaces/lib/python3.8/site-packages:/workspaces/isaac_ros-dev/install/isaac_ros_apriltag_interfaces/lib/python3.8/site-packages:/workspaces/isaac_ros-dev/install/isaac_ros_test/lib/python3.8/site-packages:${PYTHONPATH} /usr/local/bin/cmake /workspaces/isaac_ros-dev/src/isaac_ros_nitros/isaac_ros_nitros_type/isaac_ros_nitros_april_tag_detection_array_type -DCMAKE_INSTALL_PREFIX=/workspaces/isaac_ros-dev/install/isaac_ros_nitros_april_tag_detection_array_type
[11.748s] Invoking command in '/workspaces/isaac_ros-dev/build/isaac_ros_nitros_april_tag_detection_array_type': AMENT_PREFIX_PATH=/workspaces/isaac_ros-dev/install/isaac_ros_nitros:/workspaces/isaac_ros-dev/install/isaac_ros_nitros_interfaces:/workspaces/isaac_ros-dev/install/isaac_ros_gxf:/workspaces/isaac_ros-dev/install/isaac_ros_apriltag_interfaces:/workspaces/isaac_ros-dev/install/isaac_ros_test:/workspaces/isaac_ros-dev/install/isaac_ros_common:${AMENT_PREFIX_PATH} CMAKE_PREFIX_PATH=/workspaces/isaac_ros-dev/install/isaac_ros_nitros:/workspaces/isaac_ros-dev/install/isaac_ros_nitros_interfaces:/workspaces/isaac_ros-dev/install/isaac_ros_gxf:/workspaces/isaac_ros-dev/install/isaac_ros_apriltag_interfaces:/workspaces/isaac_ros-dev/install/isaac_ros_common:${CMAKE_PREFIX_PATH} LD_LIBRARY_PATH=/workspaces/isaac_ros-dev/install/isaac_ros_nitros/lib:/workspaces/isaac_ros-dev/install/isaac_ros_nitros_interfaces/lib:/workspaces/isaac_ros-dev/install/isaac_ros_apriltag_interfaces/lib:/workspaces/isaac_ros-dev/install/isaac_ros_common/lib:${LD_LIBRARY_PATH} PYTHONPATH=/workspaces/isaac_ros-dev/install/isaac_ros_nitros_interfaces/lib/python3.8/site-packages:/workspaces/isaac_ros-dev/install/isaac_ros_apriltag_interfaces/lib/python3.8/site-packages:/workspaces/isaac_ros-dev/install/isaac_ros_test/lib/python3.8/site-packages:${PYTHONPATH} /usr/local/bin/cmake --build /workspaces/isaac_ros-dev/build/isaac_ros_nitros_april_tag_detection_array_type -- -j16 -l16
[15.679s] [  2%] [32mBuilding CXX object _deps/yaml-cpp-build/CMakeFiles/yaml-cpp.dir/src/binary.cpp.o[0m
[15.680s] [  5%] [32mBuilding CXX object _deps/yaml-cpp-build/CMakeFiles/yaml-cpp.dir/src/convert.cpp.o[0m
[15.680s] [  7%] [32mBuilding CXX object _deps/yaml-cpp-build/CMakeFiles/yaml-cpp.dir/src/directives.cpp.o[0m
[15.680s] [ 10%] [32mBuilding CXX object _deps/yaml-cpp-build/CMakeFiles/yaml-cpp.dir/src/emit.cpp.o[0m
[15.680s] [ 13%] [32mBuilding CXX object _deps/yaml-cpp-build/CMakeFiles/yaml-cpp.dir/src/emitfromevents.cpp.o[0m
[15.680s] [ 15%] [32mBuilding CXX object _deps/yaml-cpp-build/CMakeFiles/yaml-cpp.dir/src/emitterstate.cpp.o[0m
[15.681s] [ 18%] [32mBuilding CXX object _deps/yaml-cpp-build/CMakeFiles/yaml-cpp.dir/src/emitter.cpp.o[0m
[15.681s] [ 21%] [32mBuilding CXX object _deps/yaml-cpp-build/CMakeFiles/yaml-cpp.dir/src/emitterutils.cpp.o[0m
[15.681s] [ 23%] [32mBuilding CXX object _deps/yaml-cpp-build/CMakeFiles/yaml-cpp.dir/src/exceptions.cpp.o[0m
[15.681s] [ 26%] [32mBuilding CXX object _deps/yaml-cpp-build/CMakeFiles/yaml-cpp.dir/src/node_data.cpp.o[0m
[15.681s] [ 28%] [32mBuilding CXX object _deps/yaml-cpp-build/CMakeFiles/yaml-cpp.dir/src/exp.cpp.o[0m
[15.681s] [ 31%] [32mBuilding CXX object _deps/yaml-cpp-build/CMakeFiles/yaml-cpp.dir/src/nodebuilder.cpp.o[0m
[15.681s] [ 34%] [32mBuilding CXX object _deps/yaml-cpp-build/CMakeFiles/yaml-cpp.dir/src/memory.cpp.o[0m
[15.681s] [ 36%] [32mBuilding CXX object _deps/yaml-cpp-build/CMakeFiles/yaml-cpp.dir/src/nodeevents.cpp.o[0m
[15.681s] [ 39%] [32mBuilding CXX object _deps/yaml-cpp-build/CMakeFiles/yaml-cpp.dir/src/node.cpp.o[0m
[15.682s] [ 42%] [32mBuilding CXX object _deps/yaml-cpp-build/CMakeFiles/yaml-cpp.dir/src/null.cpp.o[0m
[15.682s] [ 44%] [32mBuilding CXX object _deps/yaml-cpp-build/CMakeFiles/yaml-cpp.dir/src/ostream_wrapper.cpp.o[0m
[24.576s] [ 47%] [32mBuilding CXX object _deps/yaml-cpp-build/CMakeFiles/yaml-cpp.dir/src/contrib/graphbuilderadapter.cpp.o[0m
[25.169s] [ 50%] [32mBuilding CXX object _deps/yaml-cpp-build/CMakeFiles/yaml-cpp.dir/src/contrib/graphbuilder.cpp.o[0m
[25.710s] [ 52%] [32mBuilding CXX object _deps/yaml-cpp-build/CMakeFiles/yaml-cpp.dir/src/tag.cpp.o[0m
[26.192s] [ 55%] [32mBuilding CXX object _deps/yaml-cpp-build/CMakeFiles/yaml-cpp.dir/src/stream.cpp.o[0m
[26.870s] [ 57%] [32mBuilding CXX object _deps/yaml-cpp-build/CMakeFiles/yaml-cpp.dir/src/singledocparser.cpp.o[0m
[28.318s] [ 60%] [32mBuilding CXX object _deps/yaml-cpp-build/CMakeFiles/yaml-cpp.dir/src/simplekey.cpp.o[0m
[29.142s] [ 63%] [32mBuilding CXX object _deps/yaml-cpp-build/CMakeFiles/yaml-cpp.dir/src/scantoken.cpp.o[0m
[32.082s] [ 65%] [32mBuilding CXX object _deps/yaml-cpp-build/CMakeFiles/yaml-cpp.dir/src/scantag.cpp.o[0m
[33.050s] [ 68%] [32mBuilding CXX object _deps/yaml-cpp-build/CMakeFiles/yaml-cpp.dir/src/scanscalar.cpp.o[0m
[34.475s] [ 71%] [32mBuilding CXX object _deps/yaml-cpp-build/CMakeFiles/yaml-cpp.dir/src/scanner.cpp.o[0m
[36.319s] [ 73%] [32mBuilding CXX object _deps/yaml-cpp-build/CMakeFiles/yaml-cpp.dir/src/regex_yaml.cpp.o[0m
[36.937s] [ 76%] [32mBuilding CXX object _deps/yaml-cpp-build/CMakeFiles/yaml-cpp.dir/src/parser.cpp.o[0m
[38.060s] [ 78%] [32mBuilding CXX object _deps/yaml-cpp-build/CMakeFiles/yaml-cpp.dir/src/parse.cpp.o[0m
[39.166s] [ 81%] [32m[1mLinking CXX static library libyaml-cpp.a[0m
[39.207s] [ 81%] Built target yaml-cpp
[39.222s] [ 84%] [32mBuilding CXX object CMakeFiles/isaac_ros_nitros_april_tag_detection_array_type.dir/src/nitros_april_tag_detection_array.cpp.o[0m
[56.218s] [ 86%] [32mBuilding CXX object CMakeFiles/isaac_ros_nitros_april_tag_detection_array_type.dir/src/fiducial_message.cpp.o[0m
[59.602s] [ 89%] [32m[1mLinking CXX shared library libisaac_ros_nitros_april_tag_detection_array_type.so[0m
[60.053s] [ 89%] Built target isaac_ros_nitros_april_tag_detection_array_type
[60.072s] [ 92%] [32mBuilding CXX object CMakeFiles/isaac_ros_nitros_april_tag_detection_array_forward_node.dir/test/src/nitros_april_tag_detection_array_forward_node.cpp.o[0m
[82.900s] [ 94%] [32m[1mLinking CXX shared library libisaac_ros_nitros_april_tag_detection_array_forward_node.so[0m
[83.220s] [ 94%] Built target isaac_ros_nitros_april_tag_detection_array_forward_node
[83.231s] [ 97%] [32mBuilding CXX object CMakeFiles/isaac_ros_nitros_april_tag_detection_array_test_ext.dir/test/src/fiducial_message_test_ext.cpp.o[0m
[84.607s] [100%] [32m[1mLinking CXX shared library libisaac_ros_nitros_april_tag_detection_array_test_ext.so[0m
[84.769s] [100%] Built target isaac_ros_nitros_april_tag_detection_array_test_ext
[84.777s] Invoked command in '/workspaces/isaac_ros-dev/build/isaac_ros_nitros_april_tag_detection_array_type' returned '0': AMENT_PREFIX_PATH=/workspaces/isaac_ros-dev/install/isaac_ros_nitros:/workspaces/isaac_ros-dev/install/isaac_ros_nitros_interfaces:/workspaces/isaac_ros-dev/install/isaac_ros_gxf:/workspaces/isaac_ros-dev/install/isaac_ros_apriltag_interfaces:/workspaces/isaac_ros-dev/install/isaac_ros_test:/workspaces/isaac_ros-dev/install/isaac_ros_common:${AMENT_PREFIX_PATH} CMAKE_PREFIX_PATH=/workspaces/isaac_ros-dev/install/isaac_ros_nitros:/workspaces/isaac_ros-dev/install/isaac_ros_nitros_interfaces:/workspaces/isaac_ros-dev/install/isaac_ros_gxf:/workspaces/isaac_ros-dev/install/isaac_ros_apriltag_interfaces:/workspaces/isaac_ros-dev/install/isaac_ros_common:${CMAKE_PREFIX_PATH} LD_LIBRARY_PATH=/workspaces/isaac_ros-dev/install/isaac_ros_nitros/lib:/workspaces/isaac_ros-dev/install/isaac_ros_nitros_interfaces/lib:/workspaces/isaac_ros-dev/install/isaac_ros_apriltag_interfaces/lib:/workspaces/isaac_ros-dev/install/isaac_ros_common/lib:${LD_LIBRARY_PATH} PYTHONPATH=/workspaces/isaac_ros-dev/install/isaac_ros_nitros_interfaces/lib/python3.8/site-packages:/workspaces/isaac_ros-dev/install/isaac_ros_apriltag_interfaces/lib/python3.8/site-packages:/workspaces/isaac_ros-dev/install/isaac_ros_test/lib/python3.8/site-packages:${PYTHONPATH} /usr/local/bin/cmake --build /workspaces/isaac_ros-dev/build/isaac_ros_nitros_april_tag_detection_array_type -- -j16 -l16
[84.837s] Invoking command in '/workspaces/isaac_ros-dev/build/isaac_ros_nitros_april_tag_detection_array_type': AMENT_PREFIX_PATH=/workspaces/isaac_ros-dev/install/isaac_ros_nitros:/workspaces/isaac_ros-dev/install/isaac_ros_nitros_interfaces:/workspaces/isaac_ros-dev/install/isaac_ros_gxf:/workspaces/isaac_ros-dev/install/isaac_ros_apriltag_interfaces:/workspaces/isaac_ros-dev/install/isaac_ros_test:/workspaces/isaac_ros-dev/install/isaac_ros_common:${AMENT_PREFIX_PATH} CMAKE_PREFIX_PATH=/workspaces/isaac_ros-dev/install/isaac_ros_nitros:/workspaces/isaac_ros-dev/install/isaac_ros_nitros_interfaces:/workspaces/isaac_ros-dev/install/isaac_ros_gxf:/workspaces/isaac_ros-dev/install/isaac_ros_apriltag_interfaces:/workspaces/isaac_ros-dev/install/isaac_ros_common:${CMAKE_PREFIX_PATH} LD_LIBRARY_PATH=/workspaces/isaac_ros-dev/install/isaac_ros_nitros/lib:/workspaces/isaac_ros-dev/install/isaac_ros_nitros_interfaces/lib:/workspaces/isaac_ros-dev/install/isaac_ros_apriltag_interfaces/lib:/workspaces/isaac_ros-dev/install/isaac_ros_common/lib:${LD_LIBRARY_PATH} PYTHONPATH=/workspaces/isaac_ros-dev/install/isaac_ros_nitros_interfaces/lib/python3.8/site-packages:/workspaces/isaac_ros-dev/install/isaac_ros_apriltag_interfaces/lib/python3.8/site-packages:/workspaces/isaac_ros-dev/install/isaac_ros_test/lib/python3.8/site-packages:${PYTHONPATH} /usr/local/bin/cmake --install /workspaces/isaac_ros-dev/build/isaac_ros_nitros_april_tag_detection_array_type
[84.863s] -- Install configuration: "Release"
[84.863s] -- Installing: /workspaces/isaac_ros-dev/install/isaac_ros_nitros_april_tag_detection_array_type/lib/libyaml-cpp.a
[84.865s] -- Installing: /workspaces/isaac_ros-dev/install/isaac_ros_nitros_april_tag_detection_array_type/include/yaml-cpp
[84.865s] -- Installing: /workspaces/isaac_ros-dev/install/isaac_ros_nitros_april_tag_detection_array_type/include/yaml-cpp/mark.h
[84.865s] -- Installing: /workspaces/isaac_ros-dev/install/isaac_ros_nitros_april_tag_detection_array_type/include/yaml-cpp/emittermanip.h
[84.865s] -- Installing: /workspaces/isaac_ros-dev/install/isaac_ros_nitros_april_tag_detection_array_type/include/yaml-cpp/emitter.h
[84.865s] -- Installing: /workspaces/isaac_ros-dev/install/isaac_ros_nitros_april_tag_detection_array_type/include/yaml-cpp/exceptions.h
[84.865s] -- Installing: /workspaces/isaac_ros-dev/install/isaac_ros_nitros_april_tag_detection_array_type/include/yaml-cpp/traits.h
[84.865s] -- Installing: /workspaces/isaac_ros-dev/install/isaac_ros_nitros_april_tag_detection_array_type/include/yaml-cpp/eventhandler.h
[84.866s] -- Installing: /workspaces/isaac_ros-dev/install/isaac_ros_nitros_april_tag_detection_array_type/include/yaml-cpp/parser.h
[84.866s] -- Installing: /workspaces/isaac_ros-dev/install/isaac_ros_nitros_april_tag_detection_array_type/include/yaml-cpp/dll.h
[84.866s] -- Installing: /workspaces/isaac_ros-dev/install/isaac_ros_nitros_april_tag_detection_array_type/include/yaml-cpp/null.h
[84.866s] -- Installing: /workspaces/isaac_ros-dev/install/isaac_ros_nitros_april_tag_detection_array_type/include/yaml-cpp/contrib
[84.866s] -- Installing: /workspaces/isaac_ros-dev/install/isaac_ros_nitros_april_tag_detection_array_type/include/yaml-cpp/contrib/graphbuilder.h
[84.866s] -- Installing: /workspaces/isaac_ros-dev/install/isaac_ros_nitros_april_tag_detection_array_type/include/yaml-cpp/contrib/anchordict.h
[84.866s] -- Installing: /workspaces/isaac_ros-dev/install/isaac_ros_nitros_april_tag_detection_array_type/include/yaml-cpp/emitterdef.h
[84.866s] -- Installing: /workspaces/isaac_ros-dev/install/isaac_ros_nitros_april_tag_detection_array_type/include/yaml-cpp/anchor.h
[84.866s] -- Installing: /workspaces/isaac_ros-dev/install/isaac_ros_nitros_april_tag_detection_array_type/include/yaml-cpp/emitfromevents.h
[84.866s] -- Installing: /workspaces/isaac_ros-dev/install/isaac_ros_nitros_april_tag_detection_array_type/include/yaml-cpp/emitterstyle.h
[84.866s] -- Installing: /workspaces/isaac_ros-dev/install/isaac_ros_nitros_april_tag_detection_array_type/include/yaml-cpp/node
[84.866s] -- Installing: /workspaces/isaac_ros-dev/install/isaac_ros_nitros_april_tag_detection_array_type/include/yaml-cpp/node/impl.h
[84.867s] -- Installing: /workspaces/isaac_ros-dev/install/isaac_ros_nitros_april_tag_detection_array_type/include/yaml-cpp/node/parse.h
[84.867s] -- Installing: /workspaces/isaac_ros-dev/install/isaac_ros_nitros_april_tag_detection_array_type/include/yaml-cpp/node/detail
[84.867s] -- Installing: /workspaces/isaac_ros-dev/install/isaac_ros_nitros_april_tag_detection_array_type/include/yaml-cpp/node/detail/node_data.h
[84.867s] -- Installing: /workspaces/isaac_ros-dev/install/isaac_ros_nitros_april_tag_detection_array_type/include/yaml-cpp/node/detail/impl.h
[84.867s] -- Installing: /workspaces/isaac_ros-dev/install/isaac_ros_nitros_april_tag_detection_array_type/include/yaml-cpp/node/detail/node_iterator.h
[84.867s] -- Installing: /workspaces/isaac_ros-dev/install/isaac_ros_nitros_april_tag_detection_array_type/include/yaml-cpp/node/detail/memory.h
[84.867s] -- Installing: /workspaces/isaac_ros-dev/install/isaac_ros_nitros_april_tag_detection_array_type/include/yaml-cpp/node/detail/iterator.h
[84.867s] -- Installing: /workspaces/isaac_ros-dev/install/isaac_ros_nitros_april_tag_detection_array_type/include/yaml-cpp/node/detail/iterator_fwd.h
[84.867s] -- Installing: /workspaces/isaac_ros-dev/install/isaac_ros_nitros_april_tag_detection_array_type/include/yaml-cpp/node/detail/node.h
[84.867s] -- Installing: /workspaces/isaac_ros-dev/install/isaac_ros_nitros_april_tag_detection_array_type/include/yaml-cpp/node/detail/bool_type.h
[84.867s] -- Installing: /workspaces/isaac_ros-dev/install/isaac_ros_nitros_april_tag_detection_array_type/include/yaml-cpp/node/detail/node_ref.h
[84.867s] -- Installing: /workspaces/isaac_ros-dev/install/isaac_ros_nitros_april_tag_detection_array_type/include/yaml-cpp/node/convert.h
[84.867s] -- Installing: /workspaces/isaac_ros-dev/install/isaac_ros_nitros_april_tag_detection_array_type/include/yaml-cpp/node/iterator.h
[84.867s] -- Installing: /workspaces/isaac_ros-dev/install/isaac_ros_nitros_april_tag_detection_array_type/include/yaml-cpp/node/type.h
[84.868s] -- Installing: /workspaces/isaac_ros-dev/install/isaac_ros_nitros_april_tag_detection_array_type/include/yaml-cpp/node/node.h
[84.868s] -- Installing: /workspaces/isaac_ros-dev/install/isaac_ros_nitros_april_tag_detection_array_type/include/yaml-cpp/node/emit.h
[84.868s] -- Installing: /workspaces/isaac_ros-dev/install/isaac_ros_nitros_april_tag_detection_array_type/include/yaml-cpp/node/ptr.h
[84.868s] -- Installing: /workspaces/isaac_ros-dev/install/isaac_ros_nitros_april_tag_detection_array_type/include/yaml-cpp/ostream_wrapper.h
[84.868s] -- Installing: /workspaces/isaac_ros-dev/install/isaac_ros_nitros_april_tag_detection_array_type/include/yaml-cpp/stlemitter.h
[84.868s] -- Installing: /workspaces/isaac_ros-dev/install/isaac_ros_nitros_april_tag_detection_array_type/include/yaml-cpp/binary.h
[84.868s] -- Installing: /workspaces/isaac_ros-dev/install/isaac_ros_nitros_april_tag_detection_array_type/include/yaml-cpp/yaml.h
[84.868s] -- Installing: /workspaces/isaac_ros-dev/install/isaac_ros_nitros_april_tag_detection_array_type/lib/cmake/yaml-cpp/yaml-cpp-config.cmake
[84.868s] -- Installing: /workspaces/isaac_ros-dev/install/isaac_ros_nitros_april_tag_detection_array_type/lib/cmake/yaml-cpp/yaml-cpp-config-version.cmake
[84.869s] -- Installing: /workspaces/isaac_ros-dev/install/isaac_ros_nitros_april_tag_detection_array_type/lib/cmake/yaml-cpp/yaml-cpp-targets.cmake
[84.869s] -- Installing: /workspaces/isaac_ros-dev/install/isaac_ros_nitros_april_tag_detection_array_type/lib/cmake/yaml-cpp/yaml-cpp-targets-release.cmake
[84.869s] -- Installing: /workspaces/isaac_ros-dev/install/isaac_ros_nitros_april_tag_detection_array_type/lib/pkgconfig/yaml-cpp.pc
[84.869s] -- Installing: /workspaces/isaac_ros-dev/install/isaac_ros_nitros_april_tag_detection_array_type/share/isaac_ros_nitros_april_tag_detection_array_type/gxf/lib/fiducial_message/libisaac_ros_nitros_april_tag_detection_array_type.so
[84.870s] -- Set runtime path of "/workspaces/isaac_ros-dev/install/isaac_ros_nitros_april_tag_detection_array_type/share/isaac_ros_nitros_april_tag_detection_array_type/gxf/lib/fiducial_message/libisaac_ros_nitros_april_tag_detection_array_type.so" to "/usr/local/cuda/lib64:/opt/ros/humble/install/lib:/workspaces/isaac_ros-dev/install/isaac_ros_apriltag_interfaces/lib:/workspaces/isaac_ros-dev/install/isaac_ros_common/lib:/workspaces/isaac_ros-dev/install/isaac_ros_nitros_interfaces/lib:/workspaces/isaac_ros-dev/install/isaac_ros_nitros/lib:/workspaces/isaac_ros-dev/install/isaac_ros_gxf/share/isaac_ros_gxf/gxf/lib/core:/workspaces/isaac_ros-dev/install/isaac_ros_gxf/share/isaac_ros_gxf/gxf/lib:/workspaces/isaac_ros-dev/install/isaac_ros_gxf/share/isaac_ros_gxf/gxf/lib/multimedia"
[84.870s] -- Installing: /workspaces/isaac_ros-dev/install/isaac_ros_nitros_april_tag_detection_array_type/share/isaac_ros_nitros_april_tag_detection_array_type/test/config
[84.870s] -- Installing: /workspaces/isaac_ros-dev/install/isaac_ros_nitros_april_tag_detection_array_type/share/isaac_ros_nitros_april_tag_detection_array_type/test/config/test_forward_node.yaml
[84.870s] -- Installing: /workspaces/isaac_ros-dev/install/isaac_ros_nitros_april_tag_detection_array_type/share/isaac_ros_nitros_april_tag_detection_array_type/gxf/lib/fiducial_message/test/libisaac_ros_nitros_april_tag_detection_array_test_ext.so
[84.870s] -- Set runtime path of "/workspaces/isaac_ros-dev/install/isaac_ros_nitros_april_tag_detection_array_type/share/isaac_ros_nitros_april_tag_detection_array_type/gxf/lib/fiducial_message/test/libisaac_ros_nitros_april_tag_detection_array_test_ext.so" to ""
[84.871s] -- Up-to-date: /workspaces/isaac_ros-dev/install/isaac_ros_nitros_april_tag_detection_array_type/include
[84.871s] -- Installing: /workspaces/isaac_ros-dev/install/isaac_ros_nitros_april_tag_detection_array_type/include/isaac_ros_nitros_april_tag_detection_array_type
[84.871s] -- Installing: /workspaces/isaac_ros-dev/install/isaac_ros_nitros_april_tag_detection_array_type/include/isaac_ros_nitros_april_tag_detection_array_type/nitros_april_tag_detection_array.hpp
[84.871s] -- Installing: /workspaces/isaac_ros-dev/install/isaac_ros_nitros_april_tag_detection_array_type/include/extensions
[84.871s] -- Installing: /workspaces/isaac_ros-dev/install/isaac_ros_nitros_april_tag_detection_array_type/include/extensions/fiducials
[84.871s] -- Installing: /workspaces/isaac_ros-dev/install/isaac_ros_nitros_april_tag_detection_array_type/include/extensions/fiducials/gems
[84.871s] -- Installing: /workspaces/isaac_ros-dev/install/isaac_ros_nitros_april_tag_detection_array_type/include/extensions/fiducials/gems/fiducial_info.hpp
[84.871s] -- Installing: /workspaces/isaac_ros-dev/install/isaac_ros_nitros_april_tag_detection_array_type/include/extensions/fiducials/messages
[84.871s] -- Installing: /workspaces/isaac_ros-dev/install/isaac_ros_nitros_april_tag_detection_array_type/include/extensions/fiducials/messages/fiducial_message.hpp
[84.871s] -- Installing: /workspaces/isaac_ros-dev/install/isaac_ros_nitros_april_tag_detection_array_type/share/isaac_ros_nitros_april_tag_detection_array_type/environment/library_path.sh
[84.871s] -- Installing: /workspaces/isaac_ros-dev/install/isaac_ros_nitros_april_tag_detection_array_type/share/isaac_ros_nitros_april_tag_detection_array_type/environment/library_path.dsv
[84.871s] -- Installing: /workspaces/isaac_ros-dev/install/isaac_ros_nitros_april_tag_detection_array_type/lib/libisaac_ros_nitros_april_tag_detection_array_type.so
[84.872s] -- Set runtime path of "/workspaces/isaac_ros-dev/install/isaac_ros_nitros_april_tag_detection_array_type/lib/libisaac_ros_nitros_april_tag_detection_array_type.so" to "/usr/local/cuda/lib64:/opt/ros/humble/install/lib:/workspaces/isaac_ros-dev/install/isaac_ros_apriltag_interfaces/lib:/workspaces/isaac_ros-dev/install/isaac_ros_common/lib:/workspaces/isaac_ros-dev/install/isaac_ros_nitros_interfaces/lib:/workspaces/isaac_ros-dev/install/isaac_ros_nitros/lib:/workspaces/isaac_ros-dev/install/isaac_ros_gxf/share/isaac_ros_gxf/gxf/lib/core:/workspaces/isaac_ros-dev/install/isaac_ros_gxf/share/isaac_ros_gxf/gxf/lib:/workspaces/isaac_ros-dev/install/isaac_ros_gxf/share/isaac_ros_gxf/gxf/lib/multimedia"
[84.872s] -- Installing: /workspaces/isaac_ros-dev/install/isaac_ros_nitros_april_tag_detection_array_type/lib/libisaac_ros_nitros_april_tag_detection_array_forward_node.so
[84.874s] -- Set runtime path of "/workspaces/isaac_ros-dev/install/isaac_ros_nitros_april_tag_detection_array_type/lib/libisaac_ros_nitros_april_tag_detection_array_forward_node.so" to "/usr/local/cuda/lib64:/opt/ros/humble/install/lib:/workspaces/isaac_ros-dev/install/isaac_ros_common/lib:/workspaces/isaac_ros-dev/install/isaac_ros_nitros_interfaces/lib:/workspaces/isaac_ros-dev/install/isaac_ros_nitros/lib:/workspaces/isaac_ros-dev/install/isaac_ros_gxf/share/isaac_ros_gxf/gxf/lib/std:/workspaces/isaac_ros-dev/install/isaac_ros_apriltag_interfaces/lib:/workspaces/isaac_ros-dev/install/isaac_ros_gxf/share/isaac_ros_gxf/gxf/lib/core:/workspaces/isaac_ros-dev/install/isaac_ros_gxf/share/isaac_ros_gxf/gxf/lib:/workspaces/isaac_ros-dev/install/isaac_ros_gxf/share/isaac_ros_gxf/gxf/lib/multimedia"
[84.874s] -- Installing: /workspaces/isaac_ros-dev/install/isaac_ros_nitros_april_tag_detection_array_type/lib/libisaac_ros_nitros_april_tag_detection_array_test_ext.so
[84.874s] -- Set runtime path of "/workspaces/isaac_ros-dev/install/isaac_ros_nitros_april_tag_detection_array_type/lib/libisaac_ros_nitros_april_tag_detection_array_test_ext.so" to ""
[84.874s] -- Installing: /workspaces/isaac_ros-dev/install/isaac_ros_nitros_april_tag_detection_array_type/share/ament_index/resource_index/package_run_dependencies/isaac_ros_nitros_april_tag_detection_array_type
[84.875s] -- Installing: /workspaces/isaac_ros-dev/install/isaac_ros_nitros_april_tag_detection_array_type/share/ament_index/resource_index/parent_prefix_path/isaac_ros_nitros_april_tag_detection_array_type
[84.875s] -- Installing: /workspaces/isaac_ros-dev/install/isaac_ros_nitros_april_tag_detection_array_type/share/isaac_ros_nitros_april_tag_detection_array_type/environment/ament_prefix_path.sh
[84.875s] -- Installing: /workspaces/isaac_ros-dev/install/isaac_ros_nitros_april_tag_detection_array_type/share/isaac_ros_nitros_april_tag_detection_array_type/environment/ament_prefix_path.dsv
[84.875s] -- Installing: /workspaces/isaac_ros-dev/install/isaac_ros_nitros_april_tag_detection_array_type/share/isaac_ros_nitros_april_tag_detection_array_type/environment/path.sh
[84.875s] -- Installing: /workspaces/isaac_ros-dev/install/isaac_ros_nitros_april_tag_detection_array_type/share/isaac_ros_nitros_april_tag_detection_array_type/environment/path.dsv
[84.875s] -- Installing: /workspaces/isaac_ros-dev/install/isaac_ros_nitros_april_tag_detection_array_type/share/isaac_ros_nitros_april_tag_detection_array_type/local_setup.bash
[84.876s] -- Installing: /workspaces/isaac_ros-dev/install/isaac_ros_nitros_april_tag_detection_array_type/share/isaac_ros_nitros_april_tag_detection_array_type/local_setup.sh
[84.876s] -- Installing: /workspaces/isaac_ros-dev/install/isaac_ros_nitros_april_tag_detection_array_type/share/isaac_ros_nitros_april_tag_detection_array_type/local_setup.zsh
[84.876s] -- Installing: /workspaces/isaac_ros-dev/install/isaac_ros_nitros_april_tag_detection_array_type/share/isaac_ros_nitros_april_tag_detection_array_type/local_setup.dsv
[84.876s] -- Installing: /workspaces/isaac_ros-dev/install/isaac_ros_nitros_april_tag_detection_array_type/share/isaac_ros_nitros_april_tag_detection_array_type/package.dsv
[84.876s] -- Installing: /workspaces/isaac_ros-dev/install/isaac_ros_nitros_april_tag_detection_array_type/share/ament_index/resource_index/packages/isaac_ros_nitros_april_tag_detection_array_type
[84.877s] -- Installing: /workspaces/isaac_ros-dev/install/isaac_ros_nitros_april_tag_detection_array_type/share/ament_index/resource_index/rclcpp_components/isaac_ros_nitros_april_tag_detection_array_type
[84.877s] -- Installing: /workspaces/isaac_ros-dev/install/isaac_ros_nitros_april_tag_detection_array_type/share/isaac_ros_nitros_april_tag_detection_array_type/cmake/ament_cmake_export_dependencies-extras.cmake
[84.877s] -- Installing: /workspaces/isaac_ros-dev/install/isaac_ros_nitros_april_tag_detection_array_type/share/isaac_ros_nitros_april_tag_detection_array_type/cmake/ament_cmake_export_include_directories-extras.cmake
[84.877s] -- Installing: /workspaces/isaac_ros-dev/install/isaac_ros_nitros_april_tag_detection_array_type/share/isaac_ros_nitros_april_tag_detection_array_type/cmake/ament_cmake_export_libraries-extras.cmake
[84.878s] -- Installing: /workspaces/isaac_ros-dev/install/isaac_ros_nitros_april_tag_detection_array_type/share/isaac_ros_nitros_april_tag_detection_array_type/cmake/isaac_ros_nitros_april_tag_detection_array_typeConfig.cmake
[84.878s] -- Installing: /workspaces/isaac_ros-dev/install/isaac_ros_nitros_april_tag_detection_array_type/share/isaac_ros_nitros_april_tag_detection_array_type/cmake/isaac_ros_nitros_april_tag_detection_array_typeConfig-version.cmake
[84.878s] -- Installing: /workspaces/isaac_ros-dev/install/isaac_ros_nitros_april_tag_detection_array_type/share/isaac_ros_nitros_april_tag_detection_array_type/package.xml
[84.888s] Invoked command in '/workspaces/isaac_ros-dev/build/isaac_ros_nitros_april_tag_detection_array_type' returned '0': AMENT_PREFIX_PATH=/workspaces/isaac_ros-dev/install/isaac_ros_nitros:/workspaces/isaac_ros-dev/install/isaac_ros_nitros_interfaces:/workspaces/isaac_ros-dev/install/isaac_ros_gxf:/workspaces/isaac_ros-dev/install/isaac_ros_apriltag_interfaces:/workspaces/isaac_ros-dev/install/isaac_ros_test:/workspaces/isaac_ros-dev/install/isaac_ros_common:${AMENT_PREFIX_PATH} CMAKE_PREFIX_PATH=/workspaces/isaac_ros-dev/install/isaac_ros_nitros:/workspaces/isaac_ros-dev/install/isaac_ros_nitros_interfaces:/workspaces/isaac_ros-dev/install/isaac_ros_gxf:/workspaces/isaac_ros-dev/install/isaac_ros_apriltag_interfaces:/workspaces/isaac_ros-dev/install/isaac_ros_common:${CMAKE_PREFIX_PATH} LD_LIBRARY_PATH=/workspaces/isaac_ros-dev/install/isaac_ros_nitros/lib:/workspaces/isaac_ros-dev/install/isaac_ros_nitros_interfaces/lib:/workspaces/isaac_ros-dev/install/isaac_ros_apriltag_interfaces/lib:/workspaces/isaac_ros-dev/install/isaac_ros_common/lib:${LD_LIBRARY_PATH} PYTHONPATH=/workspaces/isaac_ros-dev/install/isaac_ros_nitros_interfaces/lib/python3.8/site-packages:/workspaces/isaac_ros-dev/install/isaac_ros_apriltag_interfaces/lib/python3.8/site-packages:/workspaces/isaac_ros-dev/install/isaac_ros_test/lib/python3.8/site-packages:${PYTHONPATH} /usr/local/bin/cmake --install /workspaces/isaac_ros-dev/build/isaac_ros_nitros_april_tag_detection_array_type
