[0.167s] Invoking command in '/workspaces/isaac_ros-dev/build/isaac_ros_gxf': AMENT_PREFIX_PATH=/workspaces/isaac_ros-dev/install/isaac_ros_common:${AMENT_PREFIX_PATH} CMAKE_PREFIX_PATH=/workspaces/isaac_ros-dev/install/isaac_ros_common:${CMAKE_PREFIX_PATH} LD_LIBRARY_PATH=/workspaces/isaac_ros-dev/install/isaac_ros_common/lib:/opt/ros/humble/install/opt/rviz_ogre_vendor/lib:/opt/ros/humble/install/lib:/usr/lib/aarch64-linux-gnu/tegra/weston:/usr/lib/aarch64-linux-gnu/tegra-egl:/usr/local/cuda-11.4/targets/aarch64-linux/lib:/usr/lib/aarch64-linux-gnu/tegra:/opt/nvidia/vpi2/lib64:/usr/lib/aarch64-linux-gnu-host:/opt/tritonserver/lib /usr/bin/cmake /workspaces/isaac_ros-dev/src/isaac_ros_nitros/isaac_ros_gxf -DCMAKE_INSTALL_PREFIX=/workspaces/isaac_ros-dev/install/isaac_ros_gxf
[0.322s] -- The C compiler identification is GNU 9.4.0
[0.490s] -- The CXX compiler identification is GNU 9.4.0
[0.537s] -- Detecting C compiler ABI info
[0.716s] -- Detecting C compiler ABI info - done
[0.736s] -- Check for working C compiler: /usr/bin/cc - skipped
[0.738s] -- Detecting C compile features
[0.740s] -- Detecting C compile features - done
[0.751s] -- Detecting CXX compiler ABI info
[0.928s] -- Detecting CXX compiler ABI info - done
[0.955s] -- Check for working CXX compiler: /usr/bin/c++ - skipped
[0.957s] -- Detecting CXX compile features
[0.959s] -- Detecting CXX compile features - done
[0.980s] -- Architecture: aarch64
[0.980s] -- Found ament_cmake_auto: 1.3.3 (/opt/ros/humble/install/share/ament_cmake_auto/cmake)
[3.242s] -- Found Python3: /usr/bin/python3.8 (found version "3.8.10") found components: Interpreter 
[3.722s] -- Loading isaac_ros_common extras
[3.722s] -- CMAKE_BUILD_TYPE: Release
[3.768s] -- Looking for pthread.h
[3.965s] -- Looking for pthread.h - found
[3.976s] -- Performing Test CMAKE_HAVE_LIBC_PTHREAD
[4.170s] -- Performing Test CMAKE_HAVE_LIBC_PTHREAD - Failed
[4.170s] -- Looking for pthread_create in pthreads
[4.378s] -- Looking for pthread_create in pthreads - not found
[4.378s] -- Looking for pthread_create in pthread
[4.551s] -- Looking for pthread_create in pthread - found
[4.558s] -- Found Threads: TRUE  
[4.633s] -- Found CUDA: /usr/local/cuda (found version "11.4") 
[4.635s] -- Loading isaac_ros_common extras (modules)
[4.757s] -- Found rosidl_generator_c: 3.1.4 (/opt/ros/humble/install/share/rosidl_generator_c/cmake)
[4.771s] -- Found rosidl_adapter: 3.1.4 (/opt/ros/humble/install/share/rosidl_adapter/cmake)
[4.797s] -- Found rosidl_generator_cpp: 3.1.4 (/opt/ros/humble/install/share/rosidl_generator_cpp/cmake)
[4.840s] -- Using all available rosidl_typesupport_c: rosidl_typesupport_fastrtps_c;rosidl_typesupport_introspection_c
[4.898s] -- Using all available rosidl_typesupport_cpp: rosidl_typesupport_fastrtps_cpp;rosidl_typesupport_introspection_cpp
[5.101s] -- Found rmw_implementation_cmake: 6.1.1 (/opt/ros/humble/install/share/rmw_implementation_cmake/cmake)
[5.108s] -- Found rmw_fastrtps_cpp: 6.2.2 (/opt/ros/humble/install/share/rmw_fastrtps_cpp/cmake)
[5.487s] -- Found OpenSSL: /usr/lib/aarch64-linux-gnu/libcrypto.so (found version "1.1.1f")  
[5.563s] -- Found FastRTPS: /opt/ros/humble/install/include  
[5.728s] -- Using RMW implementation 'rmw_fastrtps_cpp' as default
[6.192s] -- Found ament_lint_auto: 0.12.5 (/opt/ros/humble/install/share/ament_lint_auto/cmake)
[6.311s] -- Added test 'cppcheck' to perform static code analysis on C / C++ code
[6.311s] -- Configured cppcheck include dirs: 
[6.312s] -- Configured cppcheck exclude dirs and/or files: 
[6.374s] -- Added test 'cpplint' to check C / C++ code against the Google style
[6.374s] -- Configured cpplint exclude dirs and/or files: 
[6.395s] -- Added test 'lint_cmake' to check CMake code style
[6.455s] -- Added test 'uncrustify' to check C / C++ code style
[6.456s] -- Configured uncrustify additional arguments: 
[6.464s] -- Added test 'xmllint' to check XML markup files
[6.476s] -- Configuring done
[6.541s] -- Generating done
[6.561s] -- Build files have been written to: /workspaces/isaac_ros-dev/build/isaac_ros_gxf
[6.597s] Invoked command in '/workspaces/isaac_ros-dev/build/isaac_ros_gxf' returned '0': AMENT_PREFIX_PATH=/workspaces/isaac_ros-dev/install/isaac_ros_common:${AMENT_PREFIX_PATH} CMAKE_PREFIX_PATH=/workspaces/isaac_ros-dev/install/isaac_ros_common:${CMAKE_PREFIX_PATH} LD_LIBRARY_PATH=/workspaces/isaac_ros-dev/install/isaac_ros_common/lib:/opt/ros/humble/install/opt/rviz_ogre_vendor/lib:/opt/ros/humble/install/lib:/usr/lib/aarch64-linux-gnu/tegra/weston:/usr/lib/aarch64-linux-gnu/tegra-egl:/usr/local/cuda-11.4/targets/aarch64-linux/lib:/usr/lib/aarch64-linux-gnu/tegra:/opt/nvidia/vpi2/lib64:/usr/lib/aarch64-linux-gnu-host:/opt/tritonserver/lib /usr/bin/cmake /workspaces/isaac_ros-dev/src/isaac_ros_nitros/isaac_ros_gxf -DCMAKE_INSTALL_PREFIX=/workspaces/isaac_ros-dev/install/isaac_ros_gxf
[6.600s] Invoking command in '/workspaces/isaac_ros-dev/build/isaac_ros_gxf': AMENT_PREFIX_PATH=/workspaces/isaac_ros-dev/install/isaac_ros_common:${AMENT_PREFIX_PATH} CMAKE_PREFIX_PATH=/workspaces/isaac_ros-dev/install/isaac_ros_common:${CMAKE_PREFIX_PATH} LD_LIBRARY_PATH=/workspaces/isaac_ros-dev/install/isaac_ros_common/lib:/opt/ros/humble/install/opt/rviz_ogre_vendor/lib:/opt/ros/humble/install/lib:/usr/lib/aarch64-linux-gnu/tegra/weston:/usr/lib/aarch64-linux-gnu/tegra-egl:/usr/local/cuda-11.4/targets/aarch64-linux/lib:/usr/lib/aarch64-linux-gnu/tegra:/opt/nvidia/vpi2/lib64:/usr/lib/aarch64-linux-gnu-host:/opt/tritonserver/lib /usr/bin/cmake --build /workspaces/isaac_ros-dev/build/isaac_ros_gxf -- -j4 -l4
[6.699s] [ 50%] [32mBuilding CXX object CMakeFiles/isaac_ros_gxf.dir/src/isaac_ros_gxf.cpp.o[0m
[6.754s] [100%] [32m[1mLinking CXX static library libisaac_ros_gxf.a[0m
[6.796s] [100%] Built target isaac_ros_gxf
[6.811s] Invoked command in '/workspaces/isaac_ros-dev/build/isaac_ros_gxf' returned '0': AMENT_PREFIX_PATH=/workspaces/isaac_ros-dev/install/isaac_ros_common:${AMENT_PREFIX_PATH} CMAKE_PREFIX_PATH=/workspaces/isaac_ros-dev/install/isaac_ros_common:${CMAKE_PREFIX_PATH} LD_LIBRARY_PATH=/workspaces/isaac_ros-dev/install/isaac_ros_common/lib:/opt/ros/humble/install/opt/rviz_ogre_vendor/lib:/opt/ros/humble/install/lib:/usr/lib/aarch64-linux-gnu/tegra/weston:/usr/lib/aarch64-linux-gnu/tegra-egl:/usr/local/cuda-11.4/targets/aarch64-linux/lib:/usr/lib/aarch64-linux-gnu/tegra:/opt/nvidia/vpi2/lib64:/usr/lib/aarch64-linux-gnu-host:/opt/tritonserver/lib /usr/bin/cmake --build /workspaces/isaac_ros-dev/build/isaac_ros_gxf -- -j4 -l4
[6.921s] Invoking command in '/workspaces/isaac_ros-dev/build/isaac_ros_gxf': AMENT_PREFIX_PATH=/workspaces/isaac_ros-dev/install/isaac_ros_common:${AMENT_PREFIX_PATH} CMAKE_PREFIX_PATH=/workspaces/isaac_ros-dev/install/isaac_ros_common:${CMAKE_PREFIX_PATH} LD_LIBRARY_PATH=/workspaces/isaac_ros-dev/install/isaac_ros_common/lib:/opt/ros/humble/install/opt/rviz_ogre_vendor/lib:/opt/ros/humble/install/lib:/usr/lib/aarch64-linux-gnu/tegra/weston:/usr/lib/aarch64-linux-gnu/tegra-egl:/usr/local/cuda-11.4/targets/aarch64-linux/lib:/usr/lib/aarch64-linux-gnu/tegra:/opt/nvidia/vpi2/lib64:/usr/lib/aarch64-linux-gnu-host:/opt/tritonserver/lib /usr/bin/cmake --install /workspaces/isaac_ros-dev/build/isaac_ros_gxf
[6.939s] -- Install configuration: "Release"
[6.940s] -- Installing: /workspaces/isaac_ros-dev/install/isaac_ros_gxf/share/isaac_ros_gxf/gxf/include/
[6.941s] -- Installing: /workspaces/isaac_ros-dev/install/isaac_ros_gxf/share/isaac_ros_gxf/gxf/include//gxf
[6.942s] -- Installing: /workspaces/isaac_ros-dev/install/isaac_ros_gxf/share/isaac_ros_gxf/gxf/include//gxf/serialization
[6.945s] -- Installing: /workspaces/isaac_ros-dev/install/isaac_ros_gxf/share/isaac_ros_gxf/gxf/include//gxf/serialization/entity_recorder.hpp
[6.947s] -- Installing: /workspaces/isaac_ros-dev/install/isaac_ros_gxf/share/isaac_ros_gxf/gxf/include//gxf/serialization/tests
[6.947s] -- Installing: /workspaces/isaac_ros-dev/install/isaac_ros_gxf/share/isaac_ros_gxf/gxf/include//gxf/serialization/tests/serialization_tester.hpp
[6.947s] -- Installing: /workspaces/isaac_ros-dev/install/isaac_ros_gxf/share/isaac_ros_gxf/gxf/include//gxf/serialization/entity_replayer.hpp
[6.948s] -- Installing: /workspaces/isaac_ros-dev/install/isaac_ros_gxf/share/isaac_ros_gxf/gxf/include//gxf/serialization/file_stream.hpp
[6.948s] -- Installing: /workspaces/isaac_ros-dev/install/isaac_ros_gxf/share/isaac_ros_gxf/gxf/include//gxf/serialization/component_serializer.hpp
[6.948s] -- Installing: /workspaces/isaac_ros-dev/install/isaac_ros_gxf/share/isaac_ros_gxf/gxf/include//gxf/serialization/std_entity_serializer.hpp
[6.949s] -- Installing: /workspaces/isaac_ros-dev/install/isaac_ros_gxf/share/isaac_ros_gxf/gxf/include//gxf/serialization/endpoint.hpp
[6.949s] -- Installing: /workspaces/isaac_ros-dev/install/isaac_ros_gxf/share/isaac_ros_gxf/gxf/include//gxf/serialization/entity_serializer.hpp
[6.950s] -- Installing: /workspaces/isaac_ros-dev/install/isaac_ros_gxf/share/isaac_ros_gxf/gxf/include//gxf/serialization/std_entity_id_serializer.hpp
[6.950s] -- Installing: /workspaces/isaac_ros-dev/install/isaac_ros_gxf/share/isaac_ros_gxf/gxf/include//gxf/serialization/file.hpp
[6.951s] -- Installing: /workspaces/isaac_ros-dev/install/isaac_ros_gxf/share/isaac_ros_gxf/gxf/include//gxf/serialization/std_component_serializer.hpp
[6.951s] -- Installing: /workspaces/isaac_ros-dev/install/isaac_ros_gxf/share/isaac_ros_gxf/gxf/include//gxf/serialization/tid_hash.hpp
[6.951s] -- Installing: /workspaces/isaac_ros-dev/install/isaac_ros_gxf/share/isaac_ros_gxf/gxf/include//gxf/serialization/serialization_buffer.hpp
[6.952s] -- Installing: /workspaces/isaac_ros-dev/install/isaac_ros_gxf/share/isaac_ros_gxf/gxf/include//gxf/cuda
[6.952s] -- Installing: /workspaces/isaac_ros-dev/install/isaac_ros_gxf/share/isaac_ros_gxf/gxf/include//gxf/cuda/cuda_common.hpp
[6.952s] -- Installing: /workspaces/isaac_ros-dev/install/isaac_ros_gxf/share/isaac_ros_gxf/gxf/include//gxf/cuda/tests
[6.953s] -- Installing: /workspaces/isaac_ros-dev/install/isaac_ros_gxf/share/isaac_ros_gxf/gxf/include//gxf/cuda/tests/test_cuda_helper.hpp
[6.953s] -- Installing: /workspaces/isaac_ros-dev/install/isaac_ros_gxf/share/isaac_ros_gxf/gxf/include//gxf/cuda/cuda_stream_id.hpp
[6.953s] -- Installing: /workspaces/isaac_ros-dev/install/isaac_ros_gxf/share/isaac_ros_gxf/gxf/include//gxf/cuda/cuda_stream_sync.hpp
[6.954s] -- Installing: /workspaces/isaac_ros-dev/install/isaac_ros_gxf/share/isaac_ros_gxf/gxf/include//gxf/cuda/cuda_event.hpp
[6.954s] -- Installing: /workspaces/isaac_ros-dev/install/isaac_ros_gxf/share/isaac_ros_gxf/gxf/include//gxf/cuda/cuda_stream_pool.hpp
[6.954s] -- Installing: /workspaces/isaac_ros-dev/install/isaac_ros_gxf/share/isaac_ros_gxf/gxf/include//gxf/cuda/cuda_stream.hpp
[6.955s] -- Installing: /workspaces/isaac_ros-dev/install/isaac_ros_gxf/share/isaac_ros_gxf/gxf/include//gxf/core
[6.955s] -- Installing: /workspaces/isaac_ros-dev/install/isaac_ros_gxf/share/isaac_ros_gxf/gxf/include//gxf/core/registrar.hpp
[6.955s] -- Installing: /workspaces/isaac_ros-dev/install/isaac_ros_gxf/share/isaac_ros_gxf/gxf/include//gxf/core/gxf.h
[6.956s] -- Installing: /workspaces/isaac_ros-dev/install/isaac_ros_gxf/share/isaac_ros_gxf/gxf/include//gxf/core/gxf_ext.h
[6.956s] -- Installing: /workspaces/isaac_ros-dev/install/isaac_ros_gxf/share/isaac_ros_gxf/gxf/include//gxf/core/component.hpp
[6.956s] -- Installing: /workspaces/isaac_ros-dev/install/isaac_ros_gxf/share/isaac_ros_gxf/gxf/include//gxf/core/expected.hpp
[6.957s] -- Installing: /workspaces/isaac_ros-dev/install/isaac_ros_gxf/share/isaac_ros_gxf/gxf/include//gxf/core/handle.hpp
[6.957s] -- Installing: /workspaces/isaac_ros-dev/install/isaac_ros_gxf/share/isaac_ros_gxf/gxf/include//gxf/core/parameter.hpp
[6.957s] -- Installing: /workspaces/isaac_ros-dev/install/isaac_ros_gxf/share/isaac_ros_gxf/gxf/include//gxf/core/entity.hpp
[6.958s] -- Installing: /workspaces/isaac_ros-dev/install/isaac_ros_gxf/share/isaac_ros_gxf/gxf/include//gxf/npp
[6.958s] -- Installing: /workspaces/isaac_ros-dev/install/isaac_ros_gxf/share/isaac_ros_gxf/gxf/include//gxf/npp/nppi_mul_c.hpp
[6.958s] -- Installing: /workspaces/isaac_ros-dev/install/isaac_ros_gxf/share/isaac_ros_gxf/gxf/include//gxf/npp/nppi_set.hpp
[6.959s] -- Installing: /workspaces/isaac_ros-dev/install/isaac_ros_gxf/share/isaac_ros_gxf/gxf/include//gxf/behavior_tree
[6.959s] -- Installing: /workspaces/isaac_ros-dev/install/isaac_ros_gxf/share/isaac_ros_gxf/gxf/include//gxf/behavior_tree/repeat_behavior.hpp
[6.959s] -- Installing: /workspaces/isaac_ros-dev/install/isaac_ros_gxf/share/isaac_ros_gxf/gxf/include//gxf/behavior_tree/parallel_behavior.hpp
[6.960s] -- Installing: /workspaces/isaac_ros-dev/install/isaac_ros_gxf/share/isaac_ros_gxf/gxf/include//gxf/behavior_tree/selector_behavior.hpp
[6.960s] -- Installing: /workspaces/isaac_ros-dev/install/isaac_ros_gxf/share/isaac_ros_gxf/gxf/include//gxf/behavior_tree/entity_count_failure_repeat_controller.hpp
[6.960s] -- Installing: /workspaces/isaac_ros-dev/install/isaac_ros_gxf/share/isaac_ros_gxf/gxf/include//gxf/behavior_tree/switch_behavior.hpp
[6.961s] -- Installing: /workspaces/isaac_ros-dev/install/isaac_ros_gxf/share/isaac_ros_gxf/gxf/include//gxf/behavior_tree/timer_behavior.hpp
[6.964s] -- Installing: /workspaces/isaac_ros-dev/install/isaac_ros_gxf/share/isaac_ros_gxf/gxf/include//gxf/behavior_tree/sequence_behavior.hpp
[6.964s] -- Installing: /workspaces/isaac_ros-dev/install/isaac_ros_gxf/share/isaac_ros_gxf/gxf/include//gxf/behavior_tree/constant_behavior.hpp
[6.964s] -- Installing: /workspaces/isaac_ros-dev/install/isaac_ros_gxf/share/isaac_ros_gxf/gxf/include//gxf/network
[6.965s] -- Installing: /workspaces/isaac_ros-dev/install/isaac_ros_gxf/share/isaac_ros_gxf/gxf/include//gxf/network/tcp_server.hpp
[6.965s] -- Installing: /workspaces/isaac_ros-dev/install/isaac_ros_gxf/share/isaac_ros_gxf/gxf/include//gxf/network/tcp_client.hpp
[6.965s] -- Installing: /workspaces/isaac_ros-dev/install/isaac_ros_gxf/share/isaac_ros_gxf/gxf/include//gxf/std
[6.965s] -- Installing: /workspaces/isaac_ros-dev/install/isaac_ros_gxf/share/isaac_ros_gxf/gxf/include//gxf/std/extension_factory_helper.hpp
[6.966s] -- Installing: /workspaces/isaac_ros-dev/install/isaac_ros_gxf/share/isaac_ros_gxf/gxf/include//gxf/std/component_factory.hpp
[6.966s] -- Installing: /workspaces/isaac_ros-dev/install/isaac_ros_gxf/share/isaac_ros_gxf/gxf/include//gxf/std/parameter_storage.hpp
[6.966s] -- Installing: /workspaces/isaac_ros-dev/install/isaac_ros_gxf/share/isaac_ros_gxf/gxf/include//gxf/std/memory_buffer.hpp
[6.967s] -- Installing: /workspaces/isaac_ros-dev/install/isaac_ros_gxf/share/isaac_ros_gxf/gxf/include//gxf/std/yaml_file_loader.hpp
[6.969s] -- Installing: /workspaces/isaac_ros-dev/install/isaac_ros_gxf/share/isaac_ros_gxf/gxf/include//gxf/std/codelet.hpp
[6.970s] -- Installing: /workspaces/isaac_ros-dev/install/isaac_ros_gxf/share/isaac_ros_gxf/gxf/include//gxf/std/monitor.hpp
[6.970s] -- Installing: /workspaces/isaac_ros-dev/install/isaac_ros_gxf/share/isaac_ros_gxf/gxf/include//gxf/std/receiver.hpp
[6.970s] -- Installing: /workspaces/isaac_ros-dev/install/isaac_ros_gxf/share/isaac_ros_gxf/gxf/include//gxf/std/tensor.hpp
[6.970s] -- Installing: /workspaces/isaac_ros-dev/install/isaac_ros_gxf/share/isaac_ros_gxf/gxf/include//gxf/std/scheduling_condition.hpp
[6.971s] -- Installing: /workspaces/isaac_ros-dev/install/isaac_ros_gxf/share/isaac_ros_gxf/gxf/include//gxf/std/scheduling_term.hpp
[6.971s] -- Installing: /workspaces/isaac_ros-dev/install/isaac_ros_gxf/share/isaac_ros_gxf/gxf/include//gxf/std/complex.hpp
[6.971s] -- Installing: /workspaces/isaac_ros-dev/install/isaac_ros_gxf/share/isaac_ros_gxf/gxf/include//gxf/std/clock.hpp
[6.971s] -- Installing: /workspaces/isaac_ros-dev/install/isaac_ros_gxf/share/isaac_ros_gxf/gxf/include//gxf/std/gems
[6.971s] -- Installing: /workspaces/isaac_ros-dev/install/isaac_ros_gxf/share/isaac_ros_gxf/gxf/include//gxf/std/gems/suballocators
[6.972s] -- Installing: /workspaces/isaac_ros-dev/install/isaac_ros_gxf/share/isaac_ros_gxf/gxf/include//gxf/std/gems/suballocators/first_fit_allocator_base.hpp
[6.974s] -- Installing: /workspaces/isaac_ros-dev/install/isaac_ros_gxf/share/isaac_ros_gxf/gxf/include//gxf/std/gems/suballocators/first_fit_allocator.hpp
[6.974s] -- Installing: /workspaces/isaac_ros-dev/install/isaac_ros_gxf/share/isaac_ros_gxf/gxf/include//gxf/std/gems/staging_queue
[6.974s] -- Installing: /workspaces/isaac_ros-dev/install/isaac_ros_gxf/share/isaac_ros_gxf/gxf/include//gxf/std/gems/staging_queue/staging_queue_iterator.hpp
[6.975s] -- Installing: /workspaces/isaac_ros-dev/install/isaac_ros_gxf/share/isaac_ros_gxf/gxf/include//gxf/std/gems/staging_queue/staging_queue.hpp
[6.975s] -- Installing: /workspaces/isaac_ros-dev/install/isaac_ros_gxf/share/isaac_ros_gxf/gxf/include//gxf/std/timestamp.hpp
[6.975s] -- Installing: /workspaces/isaac_ros-dev/install/isaac_ros_gxf/share/isaac_ros_gxf/gxf/include//gxf/std/parameter_wrapper.hpp
[6.977s] -- Installing: /workspaces/isaac_ros-dev/install/isaac_ros_gxf/share/isaac_ros_gxf/gxf/include//gxf/std/system.hpp
[6.978s] -- Installing: /workspaces/isaac_ros-dev/install/isaac_ros_gxf/share/isaac_ros_gxf/gxf/include//gxf/std/new_component_allocator.hpp
[6.978s] -- Installing: /workspaces/isaac_ros-dev/install/isaac_ros_gxf/share/isaac_ros_gxf/gxf/include//gxf/std/type_registry.hpp
[6.978s] -- Installing: /workspaces/isaac_ros-dev/install/isaac_ros_gxf/share/isaac_ros_gxf/gxf/include//gxf/std/scheduling_terms.hpp
[6.979s] -- Installing: /workspaces/isaac_ros-dev/install/isaac_ros_gxf/share/isaac_ros_gxf/gxf/include//gxf/std/double_buffer_receiver.hpp
[6.979s] -- Installing: /workspaces/isaac_ros-dev/install/isaac_ros_gxf/share/isaac_ros_gxf/gxf/include//gxf/std/unbounded_allocator.hpp
[6.979s] -- Installing: /workspaces/isaac_ros-dev/install/isaac_ros_gxf/share/isaac_ros_gxf/gxf/include//gxf/std/extension.hpp
[6.979s] -- Installing: /workspaces/isaac_ros-dev/install/isaac_ros_gxf/share/isaac_ros_gxf/gxf/include//gxf/std/parameter_parser_std.hpp
[6.981s] -- Installing: /workspaces/isaac_ros-dev/install/isaac_ros_gxf/share/isaac_ros_gxf/gxf/include//gxf/std/component_allocator.hpp
[6.981s] -- Installing: /workspaces/isaac_ros-dev/install/isaac_ros_gxf/share/isaac_ros_gxf/gxf/include//gxf/std/allocator.hpp
[6.981s] -- Installing: /workspaces/isaac_ros-dev/install/isaac_ros_gxf/share/isaac_ros_gxf/gxf/include//gxf/std/queue.hpp
[6.983s] -- Installing: /workspaces/isaac_ros-dev/install/isaac_ros_gxf/share/isaac_ros_gxf/gxf/include//gxf/std/default_extension.hpp
[6.984s] -- Installing: /workspaces/isaac_ros-dev/install/isaac_ros_gxf/share/isaac_ros_gxf/gxf/include//gxf/std/parameter_registrar.hpp
[6.984s] -- Installing: /workspaces/isaac_ros-dev/install/isaac_ros_gxf/share/isaac_ros_gxf/gxf/include//gxf/std/transmitter.hpp
[6.984s] -- Installing: /workspaces/isaac_ros-dev/install/isaac_ros_gxf/share/isaac_ros_gxf/gxf/include//gxf/std/metric.hpp
[6.985s] -- Installing: /workspaces/isaac_ros-dev/install/isaac_ros_gxf/share/isaac_ros_gxf/gxf/include//gxf/std/parameter_parser.hpp
[6.985s] -- Installing: /workspaces/isaac_ros-dev/install/isaac_ros_gxf/share/isaac_ros_gxf/gxf/include//gxf/std/vault.hpp
[6.985s] -- Installing: /workspaces/isaac_ros-dev/install/isaac_ros_gxf/share/isaac_ros_gxf/gxf/include//gxf/multimedia
[6.985s] -- Installing: /workspaces/isaac_ros-dev/install/isaac_ros_gxf/share/isaac_ros_gxf/gxf/include//gxf/multimedia/camera.hpp
[6.986s] -- Installing: /workspaces/isaac_ros-dev/install/isaac_ros_gxf/share/isaac_ros_gxf/gxf/include//gxf/multimedia/audio.hpp
[6.986s] -- Installing: /workspaces/isaac_ros-dev/install/isaac_ros_gxf/share/isaac_ros_gxf/gxf/include//gxf/multimedia/video.hpp
[6.986s] -- Installing: /workspaces/isaac_ros-dev/install/isaac_ros_gxf/share/isaac_ros_gxf/gxf/include//gxf/stream
[6.986s] -- Installing: /workspaces/isaac_ros-dev/install/isaac_ros_gxf/share/isaac_ros_gxf/gxf/include//gxf/stream/tests
[6.986s] -- Installing: /workspaces/isaac_ros-dev/install/isaac_ros_gxf/share/isaac_ros_gxf/gxf/include//gxf/stream/tests/test_gxf_stream_sync_cuda_helper.hpp
[6.987s] -- Installing: /workspaces/isaac_ros-dev/install/isaac_ros_gxf/share/isaac_ros_gxf/gxf/include//third_party
[6.987s] -- Installing: /workspaces/isaac_ros-dev/install/isaac_ros_gxf/share/isaac_ros_gxf/gxf/include//third_party/LICENSE.txt
[6.987s] -- Installing: /workspaces/isaac_ros-dev/install/isaac_ros_gxf/share/isaac_ros_gxf/gxf/include//common
[6.987s] -- Installing: /workspaces/isaac_ros-dev/install/isaac_ros_gxf/share/isaac_ros_gxf/gxf/include//common/type_name.hpp
[6.988s] -- Installing: /workspaces/isaac_ros-dev/install/isaac_ros_gxf/share/isaac_ros_gxf/gxf/include//common/type_name_gnuc.hpp
[6.988s] -- Installing: /workspaces/isaac_ros-dev/install/isaac_ros_gxf/share/isaac_ros_gxf/gxf/include//common/iterator.hpp
[6.988s] -- Installing: /workspaces/isaac_ros-dev/install/isaac_ros_gxf/share/isaac_ros_gxf/gxf/include//common/logger.hpp
[6.988s] -- Installing: /workspaces/isaac_ros-dev/install/isaac_ros_gxf/share/isaac_ros_gxf/gxf/include//common/memory_utils.hpp
[6.989s] -- Installing: /workspaces/isaac_ros-dev/install/isaac_ros_gxf/share/isaac_ros_gxf/gxf/include//common/fixed_string.hpp
[6.989s] -- Installing: /workspaces/isaac_ros-dev/install/isaac_ros_gxf/share/isaac_ros_gxf/gxf/include//common/fixed_vector.hpp
[6.989s] -- Installing: /workspaces/isaac_ros-dev/install/isaac_ros_gxf/share/isaac_ros_gxf/gxf/include//common/backtrace.hpp
[6.990s] -- Installing: /workspaces/isaac_ros-dev/install/isaac_ros_gxf/share/isaac_ros_gxf/gxf/include//common/type_utils.hpp
[6.990s] -- Installing: /workspaces/isaac_ros-dev/install/isaac_ros_gxf/share/isaac_ros_gxf/gxf/include//common/assert.hpp
[6.990s] -- Installing: /workspaces/isaac_ros-dev/install/isaac_ros_gxf/share/isaac_ros_gxf/gxf/include//common/expected.hpp
[6.990s] -- Installing: /workspaces/isaac_ros-dev/install/isaac_ros_gxf/share/isaac_ros_gxf/gxf/include//common/unique_index_map.hpp
[6.991s] -- Installing: /workspaces/isaac_ros-dev/install/isaac_ros_gxf/share/isaac_ros_gxf/gxf/include//common/nvtx_helper.hpp
[6.991s] -- Installing: /workspaces/isaac_ros-dev/install/isaac_ros_gxf/share/isaac_ros_gxf/gxf/include//common/byte.hpp
[6.991s] -- Installing: /workspaces/isaac_ros-dev/install/isaac_ros_gxf/share/isaac_ros_gxf/gxf/include//common/endian.hpp
[6.992s] -- Installing: /workspaces/isaac_ros-dev/install/isaac_ros_gxf/share/isaac_ros_gxf/gxf/include//common/span.hpp
[6.992s] -- Installing: /workspaces/isaac_ros-dev/install/isaac_ros_gxf/share/isaac_ros_gxf/gxf/include//common/strong_type.hpp
[6.994s] -- Up-to-date: /workspaces/isaac_ros-dev/install/isaac_ros_gxf/share/isaac_ros_gxf/gxf/include/
[6.994s] -- Up-to-date: /workspaces/isaac_ros-dev/install/isaac_ros_gxf/share/isaac_ros_gxf/gxf/include//gxf
[6.994s] -- Installing: /workspaces/isaac_ros-dev/install/isaac_ros_gxf/share/isaac_ros_gxf/gxf/include//gxf/isaac_ros_messages
[6.997s] -- Installing: /workspaces/isaac_ros-dev/install/isaac_ros_gxf/share/isaac_ros_gxf/gxf/include//gxf/isaac_ros_messages/flat_scan_message.hpp
[6.998s] -- Installing: /workspaces/isaac_ros-dev/install/isaac_ros_gxf/share/isaac_ros_gxf/gxf/include//gxf/isaac_ros_messages/point_cloud_message.hpp
[6.998s] -- Installing: /workspaces/isaac_ros-dev/install/isaac_ros_gxf/share/isaac_ros_gxf/gxf/include//gxf/atlas
[6.998s] -- Installing: /workspaces/isaac_ros-dev/install/isaac_ros_gxf/share/isaac_ros_gxf/gxf/include//gxf/atlas/.gitkeep
[6.999s] -- Installing: /workspaces/isaac_ros-dev/install/isaac_ros_gxf/share/isaac_ros_gxf/gxf/include//gxf/isaac_messages
[6.999s] -- Installing: /workspaces/isaac_ros-dev/install/isaac_ros_gxf/share/isaac_ros_gxf/gxf/include//gxf/isaac_messages/imu_message.hpp
[6.999s] -- Installing: /workspaces/isaac_ros-dev/install/isaac_ros_gxf/share/isaac_ros_gxf/gxf/include//gxf/isaac_messages/extensions
[6.999s] -- Installing: /workspaces/isaac_ros-dev/install/isaac_ros_gxf/share/isaac_ros_gxf/gxf/include//gxf/isaac_messages/extensions/atlas
[7.000s] -- Installing: /workspaces/isaac_ros-dev/install/isaac_ros_gxf/share/isaac_ros_gxf/gxf/include//gxf/isaac_messages/extensions/atlas/pose_tree_frame.hpp
[7.007s] -- Installing: /workspaces/isaac_ros-dev/install/isaac_ros_gxf/share/isaac_ros_gxf/gxf/include//gxf/isaac_messages/extensions/gxf_helpers
[7.007s] -- Installing: /workspaces/isaac_ros-dev/install/isaac_ros_gxf/share/isaac_ros_gxf/gxf/include//gxf/isaac_messages/extensions/gxf_helpers/parameter_wrapper_isaac.hpp
[7.007s] -- Installing: /workspaces/isaac_ros-dev/install/isaac_ros_gxf/share/isaac_ros_gxf/gxf/include//gxf/isaac_messages/extensions/gxf_helpers/string_provider.hpp
[7.007s] -- Installing: /workspaces/isaac_ros-dev/install/isaac_ros_gxf/share/isaac_ros_gxf/gxf/include//gxf/isaac_messages/extensions/gxf_helpers/parameter_parser_isaac.hpp
[7.008s] -- Installing: /workspaces/isaac_ros-dev/install/isaac_ros_gxf/share/isaac_ros_gxf/gxf/include//gxf/isaac_messages/extensions/messages
[7.008s] -- Installing: /workspaces/isaac_ros-dev/install/isaac_ros_gxf/share/isaac_ros_gxf/gxf/include//gxf/isaac_messages/extensions/messages/flatscan_message.hpp
[7.008s] -- Installing: /workspaces/isaac_ros-dev/install/isaac_ros_gxf/share/isaac_ros_gxf/gxf/include//gxf/isaac_messages/pose3d_cov_message.hpp
[7.009s] -- Installing: /workspaces/isaac_ros-dev/install/isaac_ros_gxf/share/isaac_ros_gxf/gxf/include//gxf/isaac_messages/gems
[7.009s] -- Installing: /workspaces/isaac_ros-dev/install/isaac_ros_gxf/share/isaac_ros_gxf/gxf/include//gxf/isaac_messages/gems/flatscan
[7.009s] -- Installing: /workspaces/isaac_ros-dev/install/isaac_ros_gxf/share/isaac_ros_gxf/gxf/include//gxf/isaac_messages/gems/flatscan/flatscan_types.hpp
[7.009s] -- Installing: /workspaces/isaac_ros-dev/install/isaac_ros_gxf/share/isaac_ros_gxf/gxf/include//gxf/isaac_messages/gems/flatscan/flatscan_info.hpp
[7.010s] -- Installing: /workspaces/isaac_ros-dev/install/isaac_ros_gxf/share/isaac_ros_gxf/gxf/include//gxf/isaac_messages/gems/common
[7.010s] -- Installing: /workspaces/isaac_ros-dev/install/isaac_ros_gxf/share/isaac_ros_gxf/gxf/include//gxf/isaac_messages/gems/common/pose_frame_uid.hpp
[7.010s] -- Installing: /workspaces/isaac_ros-dev/install/isaac_ros_gxf/share/isaac_ros_gxf/gxf/include//gxf/isaac_messages/gems/pose_tree
[7.010s] -- Installing: /workspaces/isaac_ros-dev/install/isaac_ros_gxf/share/isaac_ros_gxf/gxf/include//gxf/isaac_messages/gems/pose_tree/pose_tree_edge_history.hpp
[7.010s] -- Installing: /workspaces/isaac_ros-dev/install/isaac_ros_gxf/share/isaac_ros_gxf/gxf/include//gxf/isaac_messages/gems/pose_tree/pose_tree.hpp
[7.011s] -- Installing: /workspaces/isaac_ros-dev/install/isaac_ros_gxf/share/isaac_ros_gxf/gxf/include//gxf/isaac_messages/engine
[7.011s] -- Installing: /workspaces/isaac_ros-dev/install/isaac_ros_gxf/share/isaac_ros_gxf/gxf/include//gxf/isaac_messages/engine/core
[7.011s] -- Installing: /workspaces/isaac_ros-dev/install/isaac_ros_gxf/share/isaac_ros_gxf/gxf/include//gxf/isaac_messages/engine/core/image
[7.011s] -- Installing: /workspaces/isaac_ros-dev/install/isaac_ros_gxf/share/isaac_ros_gxf/gxf/include//gxf/isaac_messages/engine/core/image/image.hpp
[7.012s] -- Installing: /workspaces/isaac_ros-dev/install/isaac_ros_gxf/share/isaac_ros_gxf/gxf/include//gxf/isaac_messages/engine/core/logger.hpp
[7.012s] -- Installing: /workspaces/isaac_ros-dev/install/isaac_ros_gxf/share/isaac_ros_gxf/gxf/include//gxf/isaac_messages/engine/core/epsilon.hpp
[7.012s] -- Installing: /workspaces/isaac_ros-dev/install/isaac_ros_gxf/share/isaac_ros_gxf/gxf/include//gxf/isaac_messages/engine/core/tensor
[7.012s] -- Installing: /workspaces/isaac_ros-dev/install/isaac_ros_gxf/share/isaac_ros_gxf/gxf/include//gxf/isaac_messages/engine/core/tensor/tensor.hpp
[7.012s] -- Installing: /workspaces/isaac_ros-dev/install/isaac_ros_gxf/share/isaac_ros_gxf/gxf/include//gxf/isaac_messages/engine/core/allocator
[7.012s] -- Installing: /workspaces/isaac_ros-dev/install/isaac_ros_gxf/share/isaac_ros_gxf/gxf/include//gxf/isaac_messages/engine/core/allocator/allocator_base.hpp
[7.012s] -- Installing: /workspaces/isaac_ros-dev/install/isaac_ros_gxf/share/isaac_ros_gxf/gxf/include//gxf/isaac_messages/engine/core/allocator/allocators.hpp
[7.013s] -- Installing: /workspaces/isaac_ros-dev/install/isaac_ros_gxf/share/isaac_ros_gxf/gxf/include//gxf/isaac_messages/engine/core/math
[7.013s] -- Installing: /workspaces/isaac_ros-dev/install/isaac_ros_gxf/share/isaac_ros_gxf/gxf/include//gxf/isaac_messages/engine/core/math/so3.hpp
[7.013s] -- Installing: /workspaces/isaac_ros-dev/install/isaac_ros_gxf/share/isaac_ros_gxf/gxf/include//gxf/isaac_messages/engine/core/math/types.hpp
[7.013s] -- Installing: /workspaces/isaac_ros-dev/install/isaac_ros_gxf/share/isaac_ros_gxf/gxf/include//gxf/isaac_messages/engine/core/math/so2.hpp
[7.013s] -- Installing: /workspaces/isaac_ros-dev/install/isaac_ros_gxf/share/isaac_ros_gxf/gxf/include//gxf/isaac_messages/engine/core/math/utils.hpp
[7.014s] -- Installing: /workspaces/isaac_ros-dev/install/isaac_ros_gxf/share/isaac_ros_gxf/gxf/include//gxf/isaac_messages/engine/core/math/pose3.hpp
[7.014s] -- Installing: /workspaces/isaac_ros-dev/install/isaac_ros_gxf/share/isaac_ros_gxf/gxf/include//gxf/isaac_messages/engine/core/math/pose2.hpp
[7.014s] -- Installing: /workspaces/isaac_ros-dev/install/isaac_ros_gxf/share/isaac_ros_gxf/gxf/include//gxf/isaac_messages/engine/core/optional.hpp
[7.014s] -- Installing: /workspaces/isaac_ros-dev/install/isaac_ros_gxf/share/isaac_ros_gxf/gxf/include//gxf/isaac_messages/engine/core/assert.hpp
[7.014s] -- Installing: /workspaces/isaac_ros-dev/install/isaac_ros_gxf/share/isaac_ros_gxf/gxf/include//gxf/isaac_messages/engine/core/constants.hpp
[7.014s] -- Installing: /workspaces/isaac_ros-dev/install/isaac_ros_gxf/share/isaac_ros_gxf/gxf/include//gxf/isaac_messages/engine/core/byte.hpp
[7.015s] -- Installing: /workspaces/isaac_ros-dev/install/isaac_ros_gxf/share/isaac_ros_gxf/gxf/include//gxf/isaac_messages/engine/core/buffers
[7.015s] -- Installing: /workspaces/isaac_ros-dev/install/isaac_ros_gxf/share/isaac_ros_gxf/gxf/include//gxf/isaac_messages/engine/core/buffers/traits.hpp
[7.015s] -- Installing: /workspaces/isaac_ros-dev/install/isaac_ros_gxf/share/isaac_ros_gxf/gxf/include//gxf/isaac_messages/engine/core/buffers/algorithm.hpp
[7.015s] -- Installing: /workspaces/isaac_ros-dev/install/isaac_ros_gxf/share/isaac_ros_gxf/gxf/include//gxf/isaac_messages/engine/core/buffers/buffer.hpp
[7.015s] -- Installing: /workspaces/isaac_ros-dev/install/isaac_ros_gxf/share/isaac_ros_gxf/gxf/include//gxf/isaac_messages/engine/gems
[7.015s] -- Installing: /workspaces/isaac_ros-dev/install/isaac_ros_gxf/share/isaac_ros_gxf/gxf/include//gxf/isaac_messages/engine/gems/image
[7.016s] -- Installing: /workspaces/isaac_ros-dev/install/isaac_ros_gxf/share/isaac_ros_gxf/gxf/include//gxf/isaac_messages/engine/gems/image/utils.hpp
[7.016s] -- Installing: /workspaces/isaac_ros-dev/install/isaac_ros_gxf/share/isaac_ros_gxf/gxf/include//gxf/isaac_messages/engine/gems/geometry
[7.016s] -- Installing: /workspaces/isaac_ros-dev/install/isaac_ros_gxf/share/isaac_ros_gxf/gxf/include//gxf/isaac_messages/engine/gems/geometry/polygon.hpp
[7.016s] -- Installing: /workspaces/isaac_ros-dev/install/isaac_ros_gxf/share/isaac_ros_gxf/gxf/include//gxf/isaac_messages/engine/gems/geometry/n_sphere.hpp
[7.016s] -- Installing: /workspaces/isaac_ros-dev/install/isaac_ros_gxf/share/isaac_ros_gxf/gxf/include//gxf/isaac_messages/engine/gems/geometry/line_utils.hpp
[7.016s] -- Installing: /workspaces/isaac_ros-dev/install/isaac_ros_gxf/share/isaac_ros_gxf/gxf/include//gxf/isaac_messages/engine/gems/geometry/polyline.hpp
[7.016s] -- Installing: /workspaces/isaac_ros-dev/install/isaac_ros_gxf/share/isaac_ros_gxf/gxf/include//gxf/isaac_messages/engine/gems/geometry/n_cuboid.hpp
[7.017s] -- Installing: /workspaces/isaac_ros-dev/install/isaac_ros_gxf/share/isaac_ros_gxf/gxf/include//gxf/isaac_messages/engine/gems/geometry/line_segment.hpp
[7.017s] -- Installing: /workspaces/isaac_ros-dev/install/isaac_ros_gxf/share/isaac_ros_gxf/gxf/include//gxf/gxf_optimizer
[7.017s] -- Installing: /workspaces/isaac_ros-dev/install/isaac_ros_gxf/share/isaac_ros_gxf/gxf/include//gxf/gxf_optimizer/extensions
[7.017s] -- Installing: /workspaces/isaac_ros-dev/install/isaac_ros_gxf/share/isaac_ros_gxf/gxf/include//gxf/gxf_optimizer/extensions/gxf_optimizer
[7.017s] -- Installing: /workspaces/isaac_ros-dev/install/isaac_ros_gxf/share/isaac_ros_gxf/gxf/include//gxf/gxf_optimizer/extensions/gxf_optimizer/core
[7.017s] -- Installing: /workspaces/isaac_ros-dev/install/isaac_ros_gxf/share/isaac_ros_gxf/gxf/include//gxf/gxf_optimizer/extensions/gxf_optimizer/core/optimizer.hpp
[7.018s] -- Installing: /workspaces/isaac_ros-dev/install/isaac_ros_gxf/share/isaac_ros_gxf/gxf/include//gxf/gxf_optimizer/extensions/gxf_optimizer/common
[7.018s] -- Installing: /workspaces/isaac_ros-dev/install/isaac_ros_gxf/share/isaac_ros_gxf/gxf/include//gxf/gxf_optimizer/extensions/gxf_optimizer/common/type.hpp
[7.018s] -- Installing: /workspaces/isaac_ros-dev/install/isaac_ros_gxf/share/isaac_ros_gxf/gxf/include//gxf/gxf_optimizer/extensions/gxf_optimizer/exporter
[7.018s] -- Installing: /workspaces/isaac_ros-dev/install/isaac_ros_gxf/share/isaac_ros_gxf/gxf/include//gxf/gxf_optimizer/extensions/gxf_optimizer/exporter/graph_types.hpp
[7.018s] -- Installing: /workspaces/isaac_ros-dev/install/isaac_ros_gxf/share/isaac_ros_gxf/gxf/lib
[7.018s] -- Installing: /workspaces/isaac_ros-dev/install/isaac_ros_gxf/share/isaac_ros_gxf/gxf/lib/serialization
[7.019s] -- Installing: /workspaces/isaac_ros-dev/install/isaac_ros_gxf/share/isaac_ros_gxf/gxf/lib/serialization/libgxf_serialization.so
[7.031s] -- Installing: /workspaces/isaac_ros-dev/install/isaac_ros_gxf/share/isaac_ros_gxf/gxf/lib/cuda
[7.031s] -- Installing: /workspaces/isaac_ros-dev/install/isaac_ros_gxf/share/isaac_ros_gxf/gxf/lib/cuda/libgxf_cuda.so
[7.032s] -- Installing: /workspaces/isaac_ros-dev/install/isaac_ros_gxf/share/isaac_ros_gxf/gxf/lib/cuda/cuda_pybind.so
[7.032s] -- Installing: /workspaces/isaac_ros-dev/install/isaac_ros_gxf/share/isaac_ros_gxf/gxf/lib/core
[7.032s] -- Installing: /workspaces/isaac_ros-dev/install/isaac_ros_gxf/share/isaac_ros_gxf/gxf/lib/core/core_pybind.so
[7.041s] -- Installing: /workspaces/isaac_ros-dev/install/isaac_ros_gxf/share/isaac_ros_gxf/gxf/lib/core/libgxf_core.so
[7.049s] -- Installing: /workspaces/isaac_ros-dev/install/isaac_ros_gxf/share/isaac_ros_gxf/gxf/lib/sample
[7.049s] -- Installing: /workspaces/isaac_ros-dev/install/isaac_ros_gxf/share/isaac_ros_gxf/gxf/lib/sample/libgxf_sample.so
[7.058s] -- Installing: /workspaces/isaac_ros-dev/install/isaac_ros_gxf/share/isaac_ros_gxf/gxf/lib/npp
[7.058s] -- Installing: /workspaces/isaac_ros-dev/install/isaac_ros_gxf/share/isaac_ros_gxf/gxf/lib/npp/libgxf_npp.so
[7.068s] -- Installing: /workspaces/isaac_ros-dev/install/isaac_ros_gxf/share/isaac_ros_gxf/gxf/lib/behavior_tree
[7.068s] -- Installing: /workspaces/isaac_ros-dev/install/isaac_ros_gxf/share/isaac_ros_gxf/gxf/lib/behavior_tree/libgxf_behavior_tree.so
[7.079s] -- Installing: /workspaces/isaac_ros-dev/install/isaac_ros_gxf/share/isaac_ros_gxf/gxf/lib/network
[7.080s] -- Installing: /workspaces/isaac_ros-dev/install/isaac_ros_gxf/share/isaac_ros_gxf/gxf/lib/network/libgxf_network.so
[7.090s] -- Installing: /workspaces/isaac_ros-dev/install/isaac_ros_gxf/share/isaac_ros_gxf/gxf/lib/std
[7.090s] -- Installing: /workspaces/isaac_ros-dev/install/isaac_ros_gxf/share/isaac_ros_gxf/gxf/lib/std/clock_pybind.so
[7.098s] -- Installing: /workspaces/isaac_ros-dev/install/isaac_ros_gxf/share/isaac_ros_gxf/gxf/lib/std/transmitter_pybind.so
[7.107s] -- Installing: /workspaces/isaac_ros-dev/install/isaac_ros_gxf/share/isaac_ros_gxf/gxf/lib/std/receiver_pybind.so
[7.116s] -- Installing: /workspaces/isaac_ros-dev/install/isaac_ros_gxf/share/isaac_ros_gxf/gxf/lib/std/allocator_pybind.so
[7.125s] -- Installing: /workspaces/isaac_ros-dev/install/isaac_ros_gxf/share/isaac_ros_gxf/gxf/lib/std/libgxf_std.so
[7.136s] -- Installing: /workspaces/isaac_ros-dev/install/isaac_ros_gxf/share/isaac_ros_gxf/gxf/lib/std/vault_pybind.so
[7.145s] -- Installing: /workspaces/isaac_ros-dev/install/isaac_ros_gxf/share/isaac_ros_gxf/gxf/lib/std/timestamp_pybind.so
[7.154s] -- Installing: /workspaces/isaac_ros-dev/install/isaac_ros_gxf/share/isaac_ros_gxf/gxf/lib/std/tensor_pybind.so
[7.164s] -- Installing: /workspaces/isaac_ros-dev/install/isaac_ros_gxf/share/isaac_ros_gxf/gxf/lib/python_codelet
[7.165s] -- Installing: /workspaces/isaac_ros-dev/install/isaac_ros_gxf/share/isaac_ros_gxf/gxf/lib/python_codelet/libgxf_python_codelet.so
[7.175s] -- Installing: /workspaces/isaac_ros-dev/install/isaac_ros_gxf/share/isaac_ros_gxf/gxf/lib/python_codelet/pycodelet.so
[7.185s] -- Installing: /workspaces/isaac_ros-dev/install/isaac_ros_gxf/share/isaac_ros_gxf/gxf/lib/multimedia
[7.185s] -- Installing: /workspaces/isaac_ros-dev/install/isaac_ros_gxf/share/isaac_ros_gxf/gxf/lib/multimedia/libgxf_multimedia.so
[7.191s] -- Installing: /workspaces/isaac_ros-dev/install/isaac_ros_gxf/share/isaac_ros_gxf/gxf/lib/stream
[7.192s] -- Installing: /workspaces/isaac_ros-dev/install/isaac_ros_gxf/share/isaac_ros_gxf/gxf/lib/stream/libgxf_stream.so
[7.198s] -- Installing: /workspaces/isaac_ros-dev/install/isaac_ros_gxf/share/isaac_ros_gxf/gxf/lib/stream/libgxf_test_stream_sync_cuda.so
[7.206s] -- Up-to-date: /workspaces/isaac_ros-dev/install/isaac_ros_gxf/share/isaac_ros_gxf/gxf/lib
[7.207s] -- Installing: /workspaces/isaac_ros-dev/install/isaac_ros_gxf/share/isaac_ros_gxf/gxf/lib/libgxf_point_cloud.so
[7.210s] -- Installing: /workspaces/isaac_ros-dev/install/isaac_ros_gxf/share/isaac_ros_gxf/gxf/lib/libgxf_argus.so
[7.220s] -- Installing: /workspaces/isaac_ros-dev/install/isaac_ros_gxf/share/isaac_ros_gxf/gxf/lib/libgxf_range_scan_processing.so
[7.245s] -- Installing: /workspaces/isaac_ros-dev/install/isaac_ros_gxf/share/isaac_ros_gxf/gxf/lib/libgxf_utils.so
[7.282s] -- Installing: /workspaces/isaac_ros-dev/install/isaac_ros_gxf/share/isaac_ros_gxf/gxf/lib/libgxf_cuda.so
[7.298s] -- Installing: /workspaces/isaac_ros-dev/install/isaac_ros_gxf/share/isaac_ros_gxf/gxf/lib/libgxf_message_compositor.so
[7.298s] -- Installing: /workspaces/isaac_ros-dev/install/isaac_ros_gxf/share/isaac_ros_gxf/gxf/lib/libgxf_atlas.so
[7.359s] -- Installing: /workspaces/isaac_ros-dev/install/isaac_ros_gxf/share/isaac_ros_gxf/gxf/lib/libgxf_sight.so
[7.429s] -- Installing: /workspaces/isaac_ros-dev/install/isaac_ros_gxf/share/isaac_ros_gxf/gxf/lib/libgxf_synchronization.so
[7.447s] -- Installing: /workspaces/isaac_ros-dev/install/isaac_ros_gxf/share/isaac_ros_gxf/gxf/lib/libgxf_isaac_ros_messages.so
[7.454s] -- Installing: /workspaces/isaac_ros-dev/install/isaac_ros_gxf/share/isaac_ros_gxf/gxf/lib/libgxf_localization.so
[7.516s] -- Installing: /workspaces/isaac_ros-dev/install/isaac_ros_gxf/share/isaac_ros_gxf/gxf/lib/libgxf_hesai.so
[7.571s] -- Installing: /workspaces/isaac_ros-dev/install/isaac_ros_gxf/share/isaac_ros_gxf/gxf/lib/libgxf_optimizer.so
[7.577s] -- Installing: /workspaces/isaac_ros-dev/install/isaac_ros_gxf/share/isaac_ros_gxf/gxf/lib/libgxf_gxf_helpers.so
[7.588s] -- Installing: /workspaces/isaac_ros-dev/install/isaac_ros_gxf/share/isaac_ros_gxf/gxf/lib/libgxf_flatscan_localization.so
[7.642s] -- Installing: /workspaces/isaac_ros-dev/install/isaac_ros_gxf/share/isaac_ros_gxf/gxf/lib/libgxf_isaac_messages.so
[7.660s] -- Installing: /workspaces/isaac_ros-dev/install/isaac_ros_gxf/share/ament_index/resource_index/isaac_ros_gxf_cmake_path/isaac_ros_gxf
[7.661s] -- Installing: /workspaces/isaac_ros-dev/install/isaac_ros_gxf/share/isaac_ros_gxf/cmake
[7.662s] -- Installing: /workspaces/isaac_ros-dev/install/isaac_ros_gxf/share/isaac_ros_gxf/cmake/isaac_ros_gxf-extras.cmake
[7.663s] -- Installing: /workspaces/isaac_ros-dev/install/isaac_ros_gxf/share/isaac_ros_gxf/cmake/modules
[7.664s] -- Installing: /workspaces/isaac_ros-dev/install/isaac_ros_gxf/share/isaac_ros_gxf/cmake/modules/YamlCpp.cmake
[7.665s] -- Installing: /workspaces/isaac_ros-dev/install/isaac_ros_gxf/share/isaac_ros_gxf/cmake/modules/FindGXF.cmake
[7.666s] -- Installing: /workspaces/isaac_ros-dev/install/isaac_ros_gxf/share/ament_index/resource_index/package_run_dependencies/isaac_ros_gxf
[7.668s] -- Installing: /workspaces/isaac_ros-dev/install/isaac_ros_gxf/share/ament_index/resource_index/parent_prefix_path/isaac_ros_gxf
[7.669s] -- Installing: /workspaces/isaac_ros-dev/install/isaac_ros_gxf/share/isaac_ros_gxf/environment/ament_prefix_path.sh
[7.670s] -- Installing: /workspaces/isaac_ros-dev/install/isaac_ros_gxf/share/isaac_ros_gxf/environment/ament_prefix_path.dsv
[7.671s] -- Installing: /workspaces/isaac_ros-dev/install/isaac_ros_gxf/share/isaac_ros_gxf/environment/path.sh
[7.673s] -- Installing: /workspaces/isaac_ros-dev/install/isaac_ros_gxf/share/isaac_ros_gxf/environment/path.dsv
[7.674s] -- Installing: /workspaces/isaac_ros-dev/install/isaac_ros_gxf/share/isaac_ros_gxf/local_setup.bash
[7.675s] -- Installing: /workspaces/isaac_ros-dev/install/isaac_ros_gxf/share/isaac_ros_gxf/local_setup.sh
[7.676s] -- Installing: /workspaces/isaac_ros-dev/install/isaac_ros_gxf/share/isaac_ros_gxf/local_setup.zsh
[7.677s] -- Installing: /workspaces/isaac_ros-dev/install/isaac_ros_gxf/share/isaac_ros_gxf/local_setup.dsv
[7.678s] -- Installing: /workspaces/isaac_ros-dev/install/isaac_ros_gxf/share/isaac_ros_gxf/package.dsv
[7.679s] -- Installing: /workspaces/isaac_ros-dev/install/isaac_ros_gxf/share/ament_index/resource_index/packages/isaac_ros_gxf
[7.680s] -- Up-to-date: /workspaces/isaac_ros-dev/install/isaac_ros_gxf/share/isaac_ros_gxf/cmake/isaac_ros_gxf-extras.cmake
[7.681s] -- Installing: /workspaces/isaac_ros-dev/install/isaac_ros_gxf/share/isaac_ros_gxf/cmake/isaac_ros_gxfConfig.cmake
[7.681s] -- Installing: /workspaces/isaac_ros-dev/install/isaac_ros_gxf/share/isaac_ros_gxf/cmake/isaac_ros_gxfConfig-version.cmake
[7.682s] -- Installing: /workspaces/isaac_ros-dev/install/isaac_ros_gxf/share/isaac_ros_gxf/package.xml
[7.699s] Invoked command in '/workspaces/isaac_ros-dev/build/isaac_ros_gxf' returned '0': AMENT_PREFIX_PATH=/workspaces/isaac_ros-dev/install/isaac_ros_common:${AMENT_PREFIX_PATH} CMAKE_PREFIX_PATH=/workspaces/isaac_ros-dev/install/isaac_ros_common:${CMAKE_PREFIX_PATH} LD_LIBRARY_PATH=/workspaces/isaac_ros-dev/install/isaac_ros_common/lib:/opt/ros/humble/install/opt/rviz_ogre_vendor/lib:/opt/ros/humble/install/lib:/usr/lib/aarch64-linux-gnu/tegra/weston:/usr/lib/aarch64-linux-gnu/tegra-egl:/usr/local/cuda-11.4/targets/aarch64-linux/lib:/usr/lib/aarch64-linux-gnu/tegra:/opt/nvidia/vpi2/lib64:/usr/lib/aarch64-linux-gnu-host:/opt/tritonserver/lib /usr/bin/cmake --install /workspaces/isaac_ros-dev/build/isaac_ros_gxf
