[0.053s] Invoking command in '/workspaces/isaac_ros-dev/build/isaac_ros_common': /usr/local/bin/cmake /workspaces/isaac_ros-dev/src/isaac_ros_common/isaac_ros_common -DCMAKE_INSTALL_PREFIX=/workspaces/isaac_ros-dev/install/isaac_ros_common
[0.403s] -- The C compiler identification is GNU 9.4.0
[0.403s] -- The CXX compiler identification is GNU 9.4.0
[0.404s] -- Detecting C compiler ABI info
[0.404s] -- Detecting C compiler ABI info - done
[0.404s] -- Check for working C compiler: /usr/bin/cc - skipped
[0.404s] -- Detecting C compile features
[0.404s] -- Detecting C compile features - done
[0.404s] -- Detecting CXX compiler ABI info
[0.405s] -- Detecting CXX compiler ABI info - done
[0.405s] -- Check for working CXX compiler: /usr/bin/c++ - skipped
[0.405s] -- Detecting CXX compile features
[0.405s] -- Detecting CXX compile features - done
[0.406s] -- Found ament_cmake_auto: 1.3.3 (/opt/ros/humble/install/share/ament_cmake_auto/cmake)
[0.969s] -- Found Python3: /usr/bin/python3.8 (found version "3.8.10") found components: Interpreter 
[1.143s] -- Found rosidl_generator_c: 3.1.4 (/opt/ros/humble/install/share/rosidl_generator_c/cmake)
[1.149s] -- Found rosidl_adapter: 3.1.4 (/opt/ros/humble/install/share/rosidl_adapter/cmake)
[1.158s] -- Found rosidl_generator_cpp: 3.1.4 (/opt/ros/humble/install/share/rosidl_generator_cpp/cmake)
[1.175s] -- Using all available rosidl_typesupport_c: rosidl_typesupport_fastrtps_c;rosidl_typesupport_introspection_c
[1.199s] -- Using all available rosidl_typesupport_cpp: rosidl_typesupport_fastrtps_cpp;rosidl_typesupport_introspection_cpp
[1.284s] -- Found rmw_implementation_cmake: 6.1.1 (/opt/ros/humble/install/share/rmw_implementation_cmake/cmake)
[1.287s] -- Found rmw_fastrtps_cpp: 6.2.2 (/opt/ros/humble/install/share/rmw_fastrtps_cpp/cmake)
[1.400s] -- Found OpenSSL: /usr/lib/x86_64-linux-gnu/libcrypto.so (found version "1.1.1f")  
[1.437s] -- Found FastRTPS: /opt/ros/humble/install/include  
[1.488s] -- Using RMW implementation 'rmw_fastrtps_cpp' as default
[1.499s] -- Performing Test CMAKE_HAVE_LIBC_PTHREAD
[1.554s] -- Performing Test CMAKE_HAVE_LIBC_PTHREAD - Failed
[1.554s] -- Looking for pthread_create in pthreads
[1.597s] -- Looking for pthread_create in pthreads - not found
[1.597s] -- Looking for pthread_create in pthread
[1.648s] -- Looking for pthread_create in pthread - found
[1.650s] -- Found Threads: TRUE  
[1.833s] -- Loading isaac_ros_common extras
[1.833s] -- CMAKE_BUILD_TYPE: Release
[1.857s] -- Found CUDA: /usr/local/cuda (found version "11.8") 
[1.863s] -- Found ament_lint_auto: 0.12.5 (/opt/ros/humble/install/share/ament_lint_auto/cmake)
[1.883s] -- Added test 'cppcheck' to perform static code analysis on C / C++ code
[1.883s] -- Configured cppcheck include dirs: /workspaces/isaac_ros-dev/src/isaac_ros_common/isaac_ros_common/include
[1.883s] -- Configured cppcheck exclude dirs and/or files: 
[1.883s] -- Added test 'cpplint' to check C / C++ code against the Google style
[1.883s] -- Configured cpplint exclude dirs and/or files: 
[1.883s] -- Added test 'lint_cmake' to check CMake code style
[1.887s] -- Added test 'uncrustify' to check C / C++ code style
[1.888s] -- Configured uncrustify additional arguments: 
[1.888s] -- Added test 'xmllint' to check XML markup files
[1.889s] -- Configuring done (1.8s)
[1.899s] -- Generating done (0.0s)
[1.900s] -- Build files have been written to: /workspaces/isaac_ros-dev/build/isaac_ros_common
[1.912s] Invoked command in '/workspaces/isaac_ros-dev/build/isaac_ros_common' returned '0': /usr/local/bin/cmake /workspaces/isaac_ros-dev/src/isaac_ros_common/isaac_ros_common -DCMAKE_INSTALL_PREFIX=/workspaces/isaac_ros-dev/install/isaac_ros_common
[1.916s] Invoking command in '/workspaces/isaac_ros-dev/build/isaac_ros_common': /usr/local/bin/cmake --build /workspaces/isaac_ros-dev/build/isaac_ros_common -- -j16 -l16
[1.958s] [ 50%] [32mBuilding CXX object CMakeFiles/isaac_ros_common.dir/src/vpi_utilities.cpp.o[0m
[4.899s] [100%] [32m[1mLinking CXX shared library libisaac_ros_common.so[0m
[4.963s] [100%] Built target isaac_ros_common
[4.971s] Invoked command in '/workspaces/isaac_ros-dev/build/isaac_ros_common' returned '0': /usr/local/bin/cmake --build /workspaces/isaac_ros-dev/build/isaac_ros_common -- -j16 -l16
[5.032s] Invoking command in '/workspaces/isaac_ros-dev/build/isaac_ros_common': /usr/local/bin/cmake --install /workspaces/isaac_ros-dev/build/isaac_ros_common
[5.052s] -- Install configuration: "Release"
[5.052s] -- Installing: /workspaces/isaac_ros-dev/install/isaac_ros_common/share/ament_index/resource_index/isaac_ros_common_cmake_path/isaac_ros_common
[5.052s] -- Installing: /workspaces/isaac_ros-dev/install/isaac_ros_common/include
[5.052s] -- Installing: /workspaces/isaac_ros-dev/install/isaac_ros_common/include/isaac_ros_common
[5.052s] -- Installing: /workspaces/isaac_ros-dev/install/isaac_ros_common/include/isaac_ros_common/vpi_utilities.hpp
[5.052s] -- Installing: /workspaces/isaac_ros-dev/install/isaac_ros_common/share/isaac_ros_common/environment/library_path.sh
[5.052s] -- Installing: /workspaces/isaac_ros-dev/install/isaac_ros_common/share/isaac_ros_common/environment/library_path.dsv
[5.052s] -- Installing: /workspaces/isaac_ros-dev/install/isaac_ros_common/lib/libisaac_ros_common.so
[5.052s] -- Set runtime path of "/workspaces/isaac_ros-dev/install/isaac_ros_common/lib/libisaac_ros_common.so" to ""
[5.052s] -- Installing: /workspaces/isaac_ros-dev/install/isaac_ros_common/share/isaac_ros_common/cmake
[5.052s] -- Installing: /workspaces/isaac_ros-dev/install/isaac_ros_common/share/isaac_ros_common/cmake/isaac_ros_common-extras.cmake
[5.053s] -- Installing: /workspaces/isaac_ros-dev/install/isaac_ros_common/share/isaac_ros_common/cmake/isaac_ros_common-extras-modules.cmake
[5.053s] -- Installing: /workspaces/isaac_ros-dev/install/isaac_ros_common/share/isaac_ros_common/cmake/modules
[5.053s] -- Installing: /workspaces/isaac_ros-dev/install/isaac_ros_common/share/isaac_ros_common/cmake/modules/FindTENSORRT.cmake
[5.053s] -- Installing: /workspaces/isaac_ros-dev/install/isaac_ros_common/share/ament_index/resource_index/package_run_dependencies/isaac_ros_common
[5.053s] -- Installing: /workspaces/isaac_ros-dev/install/isaac_ros_common/share/ament_index/resource_index/parent_prefix_path/isaac_ros_common
[5.053s] -- Installing: /workspaces/isaac_ros-dev/install/isaac_ros_common/share/isaac_ros_common/environment/ament_prefix_path.sh
[5.053s] -- Installing: /workspaces/isaac_ros-dev/install/isaac_ros_common/share/isaac_ros_common/environment/ament_prefix_path.dsv
[5.053s] -- Installing: /workspaces/isaac_ros-dev/install/isaac_ros_common/share/isaac_ros_common/environment/path.sh
[5.053s] -- Installing: /workspaces/isaac_ros-dev/install/isaac_ros_common/share/isaac_ros_common/environment/path.dsv
[5.053s] -- Installing: /workspaces/isaac_ros-dev/install/isaac_ros_common/share/isaac_ros_common/local_setup.bash
[5.053s] -- Installing: /workspaces/isaac_ros-dev/install/isaac_ros_common/share/isaac_ros_common/local_setup.sh
[5.053s] -- Installing: /workspaces/isaac_ros-dev/install/isaac_ros_common/share/isaac_ros_common/local_setup.zsh
[5.053s] -- Installing: /workspaces/isaac_ros-dev/install/isaac_ros_common/share/isaac_ros_common/local_setup.dsv
[5.054s] -- Installing: /workspaces/isaac_ros-dev/install/isaac_ros_common/share/isaac_ros_common/package.dsv
[5.054s] -- Installing: /workspaces/isaac_ros-dev/install/isaac_ros_common/share/ament_index/resource_index/packages/isaac_ros_common
[5.054s] -- Up-to-date: /workspaces/isaac_ros-dev/install/isaac_ros_common/share/isaac_ros_common/cmake/isaac_ros_common-extras.cmake
[5.054s] -- Up-to-date: /workspaces/isaac_ros-dev/install/isaac_ros_common/share/isaac_ros_common/cmake/isaac_ros_common-extras-modules.cmake
[5.054s] -- Installing: /workspaces/isaac_ros-dev/install/isaac_ros_common/share/isaac_ros_common/cmake/ament_cmake_export_dependencies-extras.cmake
[5.054s] -- Installing: /workspaces/isaac_ros-dev/install/isaac_ros_common/share/isaac_ros_common/cmake/ament_cmake_export_include_directories-extras.cmake
[5.054s] -- Installing: /workspaces/isaac_ros-dev/install/isaac_ros_common/share/isaac_ros_common/cmake/ament_cmake_export_libraries-extras.cmake
[5.054s] -- Installing: /workspaces/isaac_ros-dev/install/isaac_ros_common/share/isaac_ros_common/cmake/isaac_ros_commonConfig.cmake
[5.054s] -- Installing: /workspaces/isaac_ros-dev/install/isaac_ros_common/share/isaac_ros_common/cmake/isaac_ros_commonConfig-version.cmake
[5.054s] -- Installing: /workspaces/isaac_ros-dev/install/isaac_ros_common/share/isaac_ros_common/package.xml
[5.058s] Invoked command in '/workspaces/isaac_ros-dev/build/isaac_ros_common' returned '0': /usr/local/bin/cmake --install /workspaces/isaac_ros-dev/build/isaac_ros_common
