[0.094s] Invoking command in '/workspaces/isaac_ros-dev/build/isaac_ros_nitros_tensor_list_type': AMENT_PREFIX_PATH=/workspaces/isaac_ros-dev/install/isaac_ros_nitros:/workspaces/isaac_ros-dev/install/isaac_ros_tensor_list_interfaces:/workspaces/isaac_ros-dev/install/isaac_ros_nitros_interfaces:/workspaces/isaac_ros-dev/install/isaac_ros_gxf:/workspaces/isaac_ros-dev/install/isaac_ros_test:/workspaces/isaac_ros-dev/install/isaac_ros_common:${AMENT_PREFIX_PATH} CMAKE_PREFIX_PATH=/workspaces/isaac_ros-dev/install/isaac_ros_nitros:/workspaces/isaac_ros-dev/install/isaac_ros_tensor_list_interfaces:/workspaces/isaac_ros-dev/install/isaac_ros_nitros_interfaces:/workspaces/isaac_ros-dev/install/isaac_ros_gxf:/workspaces/isaac_ros-dev/install/isaac_ros_common:${CMAKE_PREFIX_PATH} LD_LIBRARY_PATH=/workspaces/isaac_ros-dev/install/isaac_ros_nitros/lib:/workspaces/isaac_ros-dev/install/isaac_ros_tensor_list_interfaces/lib:/workspaces/isaac_ros-dev/install/isaac_ros_nitros_interfaces/lib:/workspaces/isaac_ros-dev/install/isaac_ros_common/lib:${LD_LIBRARY_PATH} PYTHONPATH=/workspaces/isaac_ros-dev/install/isaac_ros_tensor_list_interfaces/lib/python3.8/site-packages:/workspaces/isaac_ros-dev/install/isaac_ros_nitros_interfaces/lib/python3.8/site-packages:/workspaces/isaac_ros-dev/install/isaac_ros_test/lib/python3.8/site-packages:${PYTHONPATH} /usr/local/bin/cmake /workspaces/isaac_ros-dev/src/isaac_ros_nitros/isaac_ros_nitros_type/isaac_ros_nitros_tensor_list_type -DCMAKE_INSTALL_PREFIX=/workspaces/isaac_ros-dev/install/isaac_ros_nitros_tensor_list_type
[9.353s] -- The C compiler identification is GNU 9.4.0
[9.354s] -- The CXX compiler identification is GNU 9.4.0
[9.355s] -- Detecting C compiler ABI info
[9.355s] -- Detecting C compiler ABI info - done
[9.355s] -- Check for working C compiler: /usr/bin/cc - skipped
[9.355s] -- Detecting C compile features
[9.355s] -- Detecting C compile features - done
[9.355s] -- Detecting CXX compiler ABI info
[9.355s] -- Detecting CXX compiler ABI info - done
[9.355s] -- Check for working CXX compiler: /usr/bin/c++ - skipped
[9.355s] -- Detecting CXX compile features
[9.355s] -- Detecting CXX compile features - done
[9.356s] -- Found ament_cmake_auto: 1.3.3 (/opt/ros/humble/install/share/ament_cmake_auto/cmake)
[9.356s] -- Found Python3: /usr/bin/python3.8 (found version "3.8.10") found components: Interpreter 
[9.356s] -- Loading isaac_ros_common extras
[9.356s] -- CMAKE_BUILD_TYPE: Release
[9.356s] -- Performing Test CMAKE_HAVE_LIBC_PTHREAD
[9.356s] -- Performing Test CMAKE_HAVE_LIBC_PTHREAD - Failed
[9.356s] -- Looking for pthread_create in pthreads
[9.356s] -- Looking for pthread_create in pthreads - not found
[9.356s] -- Looking for pthread_create in pthread
[9.357s] -- Looking for pthread_create in pthread - found
[9.357s] -- Found Threads: TRUE  
[9.367s] -- Found CUDA: /usr/local/cuda (found version "11.8") 
[9.369s] -- Loading isaac_ros_common extras (modules)
[9.369s] -- Found rosidl_generator_c: 3.1.4 (/opt/ros/humble/install/share/rosidl_generator_c/cmake)
[9.369s] -- Found rosidl_adapter: 3.1.4 (/opt/ros/humble/install/share/rosidl_adapter/cmake)
[9.370s] -- Found rosidl_generator_cpp: 3.1.4 (/opt/ros/humble/install/share/rosidl_generator_cpp/cmake)
[9.370s] -- Using all available rosidl_typesupport_c: rosidl_typesupport_fastrtps_c;rosidl_typesupport_introspection_c
[9.370s] -- Using all available rosidl_typesupport_cpp: rosidl_typesupport_fastrtps_cpp;rosidl_typesupport_introspection_cpp
[9.370s] -- Found rmw_implementation_cmake: 6.1.1 (/opt/ros/humble/install/share/rmw_implementation_cmake/cmake)
[9.370s] -- Found rmw_fastrtps_cpp: 6.2.2 (/opt/ros/humble/install/share/rmw_fastrtps_cpp/cmake)
[9.370s] -- Found OpenSSL: /usr/lib/x86_64-linux-gnu/libcrypto.so (found version "1.1.1f")  
[9.373s] -- Found FastRTPS: /opt/ros/humble/install/include  
[9.373s] -- Using RMW implementation 'rmw_fastrtps_cpp' as default
[9.373s] -- Loading isaac_ros_gxf extras
[9.373s] -- Found atlas lib=/workspaces/isaac_ros-dev/install/isaac_ros_gxf/share/isaac_ros_gxf/gxf/lib/libgxf_atlas.so, include=/workspaces/isaac_ros-dev/install/isaac_ros_gxf/share/isaac_ros_gxf/gxf/include/gxf
[9.373s] -- Found cuda lib=/workspaces/isaac_ros-dev/install/isaac_ros_gxf/share/isaac_ros_gxf/gxf/lib/cuda/libgxf_cuda.so, include=/workspaces/isaac_ros-dev/install/isaac_ros_gxf/share/isaac_ros_gxf/gxf/include/gxf
[9.373s] -- Found isaac_messages lib=/workspaces/isaac_ros-dev/install/isaac_ros_gxf/share/isaac_ros_gxf/gxf/lib/libgxf_isaac_messages.so, include=/workspaces/isaac_ros-dev/install/isaac_ros_gxf/share/isaac_ros_gxf/gxf/include/gxf
[9.374s] -- Found isaac_ros_messages lib=/workspaces/isaac_ros-dev/install/isaac_ros_gxf/share/isaac_ros_gxf/gxf/lib/libgxf_isaac_ros_messages.so, include=/workspaces/isaac_ros-dev/install/isaac_ros_gxf/share/isaac_ros_gxf/gxf/include/gxf
[9.374s] -- Found multimedia lib=/workspaces/isaac_ros-dev/install/isaac_ros_gxf/share/isaac_ros_gxf/gxf/lib/multimedia/libgxf_multimedia.so, include=/workspaces/isaac_ros-dev/install/isaac_ros_gxf/share/isaac_ros_gxf/gxf/include/gxf
[9.383s] -- Found gxf_optimizer lib=/workspaces/isaac_ros-dev/install/isaac_ros_gxf/share/isaac_ros_gxf/gxf/lib/libgxf_optimizer.so, include=/workspaces/isaac_ros-dev/install/isaac_ros_gxf/share/isaac_ros_gxf/gxf/include/gxf
[9.384s] -- Found serialization lib=/workspaces/isaac_ros-dev/install/isaac_ros_gxf/share/isaac_ros_gxf/gxf/lib/serialization/libgxf_serialization.so, include=/workspaces/isaac_ros-dev/install/isaac_ros_gxf/share/isaac_ros_gxf/gxf/include/gxf
[9.384s] -- Found std lib=/workspaces/isaac_ros-dev/install/isaac_ros_gxf/share/isaac_ros_gxf/gxf/lib/std/libgxf_std.so, include=/workspaces/isaac_ros-dev/install/isaac_ros_gxf/share/isaac_ros_gxf/gxf/include/gxf
[9.384s] -- Found core lib=/workspaces/isaac_ros-dev/install/isaac_ros_gxf/share/isaac_ros_gxf/gxf/lib/core/libgxf_core.so, include=/workspaces/isaac_ros-dev/install/isaac_ros_gxf/share/isaac_ros_gxf/gxf/include/gxf
[9.384s] -- Found GXF:  (found suitable version "2.5.0", minimum required is "2.5.0") found components: core 
[9.384s] -- Performing Test FLAG_WEXTRA
[9.639s] -- Performing Test FLAG_WEXTRA - Success
[10.721s] -- Found ament_lint_auto: 0.12.5 (/opt/ros/humble/install/share/ament_lint_auto/cmake)
[10.900s] -- Found launch_testing_ament_cmake: 1.0.4 (/opt/ros/humble/install/share/launch_testing_ament_cmake/cmake)
[10.903s] -- Found python_cmake_module: 0.10.0 (/opt/ros/humble/install/share/python_cmake_module/cmake)
[11.078s] -- Found PythonInterp: /usr/bin/python3 (found suitable version "3.8.10", minimum required is "3.6") 
[11.102s] -- Found PythonLibs: /usr/lib/x86_64-linux-gnu/libpython3.8.so (found suitable version "3.8.10", minimum required is "3.5") 
[11.104s] -- Using PYTHON_EXECUTABLE: /usr/bin/python3
[11.105s] -- Using PYTHON_INCLUDE_DIRS: /usr/include/python3.8
[11.105s] -- Using PYTHON_LIBRARIES: /usr/lib/x86_64-linux-gnu/libpython3.8.so
[11.350s] -- Found PythonExtra: .so  
[11.359s] -- Added test 'cppcheck' to perform static code analysis on C / C++ code
[11.367s] -- Configured cppcheck include dirs: /workspaces/isaac_ros-dev/src/isaac_ros_nitros/isaac_ros_nitros_type/isaac_ros_nitros_tensor_list_type/include
[11.367s] -- Configured cppcheck exclude dirs and/or files: 
[11.369s] -- Added test 'cpplint' to check C / C++ code against the Google style
[11.369s] -- Configured cpplint exclude dirs and/or files: 
[11.370s] -- Added test 'flake8' to check Python code syntax and style conventions
[11.371s] -- Added test 'lint_cmake' to check CMake code style
[11.379s] -- Added test 'pep257' to check Python code against some of the docstring style conventions in PEP 257
[11.381s] -- Added test 'uncrustify' to check C / C++ code style
[11.381s] -- Configured uncrustify additional arguments: 
[11.382s] -- Added test 'xmllint' to check XML markup files
[11.387s] -- Configuring done (11.3s)
[11.801s] -- Generating done (0.3s)
[11.819s] -- Build files have been written to: /workspaces/isaac_ros-dev/build/isaac_ros_nitros_tensor_list_type
[11.900s] Invoked command in '/workspaces/isaac_ros-dev/build/isaac_ros_nitros_tensor_list_type' returned '0': AMENT_PREFIX_PATH=/workspaces/isaac_ros-dev/install/isaac_ros_nitros:/workspaces/isaac_ros-dev/install/isaac_ros_tensor_list_interfaces:/workspaces/isaac_ros-dev/install/isaac_ros_nitros_interfaces:/workspaces/isaac_ros-dev/install/isaac_ros_gxf:/workspaces/isaac_ros-dev/install/isaac_ros_test:/workspaces/isaac_ros-dev/install/isaac_ros_common:${AMENT_PREFIX_PATH} CMAKE_PREFIX_PATH=/workspaces/isaac_ros-dev/install/isaac_ros_nitros:/workspaces/isaac_ros-dev/install/isaac_ros_tensor_list_interfaces:/workspaces/isaac_ros-dev/install/isaac_ros_nitros_interfaces:/workspaces/isaac_ros-dev/install/isaac_ros_gxf:/workspaces/isaac_ros-dev/install/isaac_ros_common:${CMAKE_PREFIX_PATH} LD_LIBRARY_PATH=/workspaces/isaac_ros-dev/install/isaac_ros_nitros/lib:/workspaces/isaac_ros-dev/install/isaac_ros_tensor_list_interfaces/lib:/workspaces/isaac_ros-dev/install/isaac_ros_nitros_interfaces/lib:/workspaces/isaac_ros-dev/install/isaac_ros_common/lib:${LD_LIBRARY_PATH} PYTHONPATH=/workspaces/isaac_ros-dev/install/isaac_ros_tensor_list_interfaces/lib/python3.8/site-packages:/workspaces/isaac_ros-dev/install/isaac_ros_nitros_interfaces/lib/python3.8/site-packages:/workspaces/isaac_ros-dev/install/isaac_ros_test/lib/python3.8/site-packages:${PYTHONPATH} /usr/local/bin/cmake /workspaces/isaac_ros-dev/src/isaac_ros_nitros/isaac_ros_nitros_type/isaac_ros_nitros_tensor_list_type -DCMAKE_INSTALL_PREFIX=/workspaces/isaac_ros-dev/install/isaac_ros_nitros_tensor_list_type
[11.902s] Invoking command in '/workspaces/isaac_ros-dev/build/isaac_ros_nitros_tensor_list_type': AMENT_PREFIX_PATH=/workspaces/isaac_ros-dev/install/isaac_ros_nitros:/workspaces/isaac_ros-dev/install/isaac_ros_tensor_list_interfaces:/workspaces/isaac_ros-dev/install/isaac_ros_nitros_interfaces:/workspaces/isaac_ros-dev/install/isaac_ros_gxf:/workspaces/isaac_ros-dev/install/isaac_ros_test:/workspaces/isaac_ros-dev/install/isaac_ros_common:${AMENT_PREFIX_PATH} CMAKE_PREFIX_PATH=/workspaces/isaac_ros-dev/install/isaac_ros_nitros:/workspaces/isaac_ros-dev/install/isaac_ros_tensor_list_interfaces:/workspaces/isaac_ros-dev/install/isaac_ros_nitros_interfaces:/workspaces/isaac_ros-dev/install/isaac_ros_gxf:/workspaces/isaac_ros-dev/install/isaac_ros_common:${CMAKE_PREFIX_PATH} LD_LIBRARY_PATH=/workspaces/isaac_ros-dev/install/isaac_ros_nitros/lib:/workspaces/isaac_ros-dev/install/isaac_ros_tensor_list_interfaces/lib:/workspaces/isaac_ros-dev/install/isaac_ros_nitros_interfaces/lib:/workspaces/isaac_ros-dev/install/isaac_ros_common/lib:${LD_LIBRARY_PATH} PYTHONPATH=/workspaces/isaac_ros-dev/install/isaac_ros_tensor_list_interfaces/lib/python3.8/site-packages:/workspaces/isaac_ros-dev/install/isaac_ros_nitros_interfaces/lib/python3.8/site-packages:/workspaces/isaac_ros-dev/install/isaac_ros_test/lib/python3.8/site-packages:${PYTHONPATH} /usr/local/bin/cmake --build /workspaces/isaac_ros-dev/build/isaac_ros_nitros_tensor_list_type -- -j16 -l16
[15.626s] [  2%] [32mBuilding CXX object _deps/yaml-cpp-build/CMakeFiles/yaml-cpp.dir/src/binary.cpp.o[0m
[15.626s] [  5%] [32mBuilding CXX object _deps/yaml-cpp-build/CMakeFiles/yaml-cpp.dir/src/convert.cpp.o[0m
[15.626s] [  8%] [32mBuilding CXX object _deps/yaml-cpp-build/CMakeFiles/yaml-cpp.dir/src/directives.cpp.o[0m
[15.626s] [ 11%] [32mBuilding CXX object _deps/yaml-cpp-build/CMakeFiles/yaml-cpp.dir/src/emitterstate.cpp.o[0m
[15.626s] [ 14%] [32mBuilding CXX object _deps/yaml-cpp-build/CMakeFiles/yaml-cpp.dir/src/emitterutils.cpp.o[0m
[15.626s] [ 17%] [32mBuilding CXX object _deps/yaml-cpp-build/CMakeFiles/yaml-cpp.dir/src/emit.cpp.o[0m
[15.627s] [ 20%] [32mBuilding CXX object _deps/yaml-cpp-build/CMakeFiles/yaml-cpp.dir/src/emitter.cpp.o[0m
[15.627s] [ 22%] [32mBuilding CXX object _deps/yaml-cpp-build/CMakeFiles/yaml-cpp.dir/src/exceptions.cpp.o[0m
[15.627s] [ 25%] [32mBuilding CXX object _deps/yaml-cpp-build/CMakeFiles/yaml-cpp.dir/src/emitfromevents.cpp.o[0m
[15.627s] [ 28%] [32mBuilding CXX object _deps/yaml-cpp-build/CMakeFiles/yaml-cpp.dir/src/exp.cpp.o[0m
[15.627s] [ 31%] [32mBuilding CXX object _deps/yaml-cpp-build/CMakeFiles/yaml-cpp.dir/src/memory.cpp.o[0m
[15.627s] [ 34%] [32mBuilding CXX object _deps/yaml-cpp-build/CMakeFiles/yaml-cpp.dir/src/node.cpp.o[0m
[15.627s] [ 37%] [32mBuilding CXX object _deps/yaml-cpp-build/CMakeFiles/yaml-cpp.dir/src/node_data.cpp.o[0m
[15.627s] [ 40%] [32mBuilding CXX object _deps/yaml-cpp-build/CMakeFiles/yaml-cpp.dir/src/nodebuilder.cpp.o[0m
[15.627s] [ 42%] [32mBuilding CXX object _deps/yaml-cpp-build/CMakeFiles/yaml-cpp.dir/src/nodeevents.cpp.o[0m
[15.627s] [ 45%] [32mBuilding CXX object _deps/yaml-cpp-build/CMakeFiles/yaml-cpp.dir/src/null.cpp.o[0m
[24.385s] [ 48%] [32mBuilding CXX object _deps/yaml-cpp-build/CMakeFiles/yaml-cpp.dir/src/contrib/graphbuilderadapter.cpp.o[0m
[24.956s] [ 51%] [32mBuilding CXX object _deps/yaml-cpp-build/CMakeFiles/yaml-cpp.dir/src/contrib/graphbuilder.cpp.o[0m
[25.504s] [ 54%] [32mBuilding CXX object _deps/yaml-cpp-build/CMakeFiles/yaml-cpp.dir/src/tag.cpp.o[0m
[26.072s] [ 57%] [32mBuilding CXX object _deps/yaml-cpp-build/CMakeFiles/yaml-cpp.dir/src/stream.cpp.o[0m
[26.785s] [ 60%] [32mBuilding CXX object _deps/yaml-cpp-build/CMakeFiles/yaml-cpp.dir/src/singledocparser.cpp.o[0m
[28.174s] [ 62%] [32mBuilding CXX object _deps/yaml-cpp-build/CMakeFiles/yaml-cpp.dir/src/simplekey.cpp.o[0m
[28.967s] [ 65%] [32mBuilding CXX object _deps/yaml-cpp-build/CMakeFiles/yaml-cpp.dir/src/scantoken.cpp.o[0m
[31.874s] [ 68%] [32mBuilding CXX object _deps/yaml-cpp-build/CMakeFiles/yaml-cpp.dir/src/scantag.cpp.o[0m
[32.898s] [ 71%] [32mBuilding CXX object _deps/yaml-cpp-build/CMakeFiles/yaml-cpp.dir/src/scanscalar.cpp.o[0m
[34.185s] [ 74%] [32mBuilding CXX object _deps/yaml-cpp-build/CMakeFiles/yaml-cpp.dir/src/scanner.cpp.o[0m
[36.052s] [ 77%] [32mBuilding CXX object _deps/yaml-cpp-build/CMakeFiles/yaml-cpp.dir/src/regex_yaml.cpp.o[0m
[36.703s] [ 80%] [32mBuilding CXX object _deps/yaml-cpp-build/CMakeFiles/yaml-cpp.dir/src/parser.cpp.o[0m
[37.835s] [ 82%] [32mBuilding CXX object _deps/yaml-cpp-build/CMakeFiles/yaml-cpp.dir/src/parse.cpp.o[0m
[38.971s] [ 85%] [32mBuilding CXX object _deps/yaml-cpp-build/CMakeFiles/yaml-cpp.dir/src/ostream_wrapper.cpp.o[0m
[39.414s] [ 88%] [32m[1mLinking CXX static library libyaml-cpp.a[0m
[39.461s] [ 88%] Built target yaml-cpp
[39.478s] [ 91%] [32mBuilding CXX object CMakeFiles/isaac_ros_nitros_tensor_list_type.dir/src/nitros_tensor_list.cpp.o[0m
[55.748s] [ 94%] [32m[1mLinking CXX shared library libisaac_ros_nitros_tensor_list_type.so[0m
[56.062s] [ 94%] Built target isaac_ros_nitros_tensor_list_type
[56.081s] [ 97%] [32mBuilding CXX object CMakeFiles/nitros_tensor_list_forward_node.dir/test/src/nitros_tensor_list_forward_node.cpp.o[0m
[83.750s] [100%] [32m[1mLinking CXX shared library libnitros_tensor_list_forward_node.so[0m
[84.001s] [100%] Built target nitros_tensor_list_forward_node
[84.011s] Invoked command in '/workspaces/isaac_ros-dev/build/isaac_ros_nitros_tensor_list_type' returned '0': AMENT_PREFIX_PATH=/workspaces/isaac_ros-dev/install/isaac_ros_nitros:/workspaces/isaac_ros-dev/install/isaac_ros_tensor_list_interfaces:/workspaces/isaac_ros-dev/install/isaac_ros_nitros_interfaces:/workspaces/isaac_ros-dev/install/isaac_ros_gxf:/workspaces/isaac_ros-dev/install/isaac_ros_test:/workspaces/isaac_ros-dev/install/isaac_ros_common:${AMENT_PREFIX_PATH} CMAKE_PREFIX_PATH=/workspaces/isaac_ros-dev/install/isaac_ros_nitros:/workspaces/isaac_ros-dev/install/isaac_ros_tensor_list_interfaces:/workspaces/isaac_ros-dev/install/isaac_ros_nitros_interfaces:/workspaces/isaac_ros-dev/install/isaac_ros_gxf:/workspaces/isaac_ros-dev/install/isaac_ros_common:${CMAKE_PREFIX_PATH} LD_LIBRARY_PATH=/workspaces/isaac_ros-dev/install/isaac_ros_nitros/lib:/workspaces/isaac_ros-dev/install/isaac_ros_tensor_list_interfaces/lib:/workspaces/isaac_ros-dev/install/isaac_ros_nitros_interfaces/lib:/workspaces/isaac_ros-dev/install/isaac_ros_common/lib:${LD_LIBRARY_PATH} PYTHONPATH=/workspaces/isaac_ros-dev/install/isaac_ros_tensor_list_interfaces/lib/python3.8/site-packages:/workspaces/isaac_ros-dev/install/isaac_ros_nitros_interfaces/lib/python3.8/site-packages:/workspaces/isaac_ros-dev/install/isaac_ros_test/lib/python3.8/site-packages:${PYTHONPATH} /usr/local/bin/cmake --build /workspaces/isaac_ros-dev/build/isaac_ros_nitros_tensor_list_type -- -j16 -l16
[84.066s] Invoking command in '/workspaces/isaac_ros-dev/build/isaac_ros_nitros_tensor_list_type': AMENT_PREFIX_PATH=/workspaces/isaac_ros-dev/install/isaac_ros_nitros:/workspaces/isaac_ros-dev/install/isaac_ros_tensor_list_interfaces:/workspaces/isaac_ros-dev/install/isaac_ros_nitros_interfaces:/workspaces/isaac_ros-dev/install/isaac_ros_gxf:/workspaces/isaac_ros-dev/install/isaac_ros_test:/workspaces/isaac_ros-dev/install/isaac_ros_common:${AMENT_PREFIX_PATH} CMAKE_PREFIX_PATH=/workspaces/isaac_ros-dev/install/isaac_ros_nitros:/workspaces/isaac_ros-dev/install/isaac_ros_tensor_list_interfaces:/workspaces/isaac_ros-dev/install/isaac_ros_nitros_interfaces:/workspaces/isaac_ros-dev/install/isaac_ros_gxf:/workspaces/isaac_ros-dev/install/isaac_ros_common:${CMAKE_PREFIX_PATH} LD_LIBRARY_PATH=/workspaces/isaac_ros-dev/install/isaac_ros_nitros/lib:/workspaces/isaac_ros-dev/install/isaac_ros_tensor_list_interfaces/lib:/workspaces/isaac_ros-dev/install/isaac_ros_nitros_interfaces/lib:/workspaces/isaac_ros-dev/install/isaac_ros_common/lib:${LD_LIBRARY_PATH} PYTHONPATH=/workspaces/isaac_ros-dev/install/isaac_ros_tensor_list_interfaces/lib/python3.8/site-packages:/workspaces/isaac_ros-dev/install/isaac_ros_nitros_interfaces/lib/python3.8/site-packages:/workspaces/isaac_ros-dev/install/isaac_ros_test/lib/python3.8/site-packages:${PYTHONPATH} /usr/local/bin/cmake --install /workspaces/isaac_ros-dev/build/isaac_ros_nitros_tensor_list_type
[84.091s] -- Install configuration: "Release"
[84.092s] -- Installing: /workspaces/isaac_ros-dev/install/isaac_ros_nitros_tensor_list_type/lib/libyaml-cpp.a
[84.093s] -- Installing: /workspaces/isaac_ros-dev/install/isaac_ros_nitros_tensor_list_type/include/yaml-cpp
[84.093s] -- Installing: /workspaces/isaac_ros-dev/install/isaac_ros_nitros_tensor_list_type/include/yaml-cpp/mark.h
[84.093s] -- Installing: /workspaces/isaac_ros-dev/install/isaac_ros_nitros_tensor_list_type/include/yaml-cpp/emittermanip.h
[84.094s] -- Installing: /workspaces/isaac_ros-dev/install/isaac_ros_nitros_tensor_list_type/include/yaml-cpp/emitter.h
[84.094s] -- Installing: /workspaces/isaac_ros-dev/install/isaac_ros_nitros_tensor_list_type/include/yaml-cpp/exceptions.h
[84.094s] -- Installing: /workspaces/isaac_ros-dev/install/isaac_ros_nitros_tensor_list_type/include/yaml-cpp/traits.h
[84.094s] -- Installing: /workspaces/isaac_ros-dev/install/isaac_ros_nitros_tensor_list_type/include/yaml-cpp/eventhandler.h
[84.094s] -- Installing: /workspaces/isaac_ros-dev/install/isaac_ros_nitros_tensor_list_type/include/yaml-cpp/parser.h
[84.094s] -- Installing: /workspaces/isaac_ros-dev/install/isaac_ros_nitros_tensor_list_type/include/yaml-cpp/dll.h
[84.095s] -- Installing: /workspaces/isaac_ros-dev/install/isaac_ros_nitros_tensor_list_type/include/yaml-cpp/null.h
[84.095s] -- Installing: /workspaces/isaac_ros-dev/install/isaac_ros_nitros_tensor_list_type/include/yaml-cpp/contrib
[84.095s] -- Installing: /workspaces/isaac_ros-dev/install/isaac_ros_nitros_tensor_list_type/include/yaml-cpp/contrib/graphbuilder.h
[84.095s] -- Installing: /workspaces/isaac_ros-dev/install/isaac_ros_nitros_tensor_list_type/include/yaml-cpp/contrib/anchordict.h
[84.095s] -- Installing: /workspaces/isaac_ros-dev/install/isaac_ros_nitros_tensor_list_type/include/yaml-cpp/emitterdef.h
[84.096s] -- Installing: /workspaces/isaac_ros-dev/install/isaac_ros_nitros_tensor_list_type/include/yaml-cpp/anchor.h
[84.096s] -- Installing: /workspaces/isaac_ros-dev/install/isaac_ros_nitros_tensor_list_type/include/yaml-cpp/emitfromevents.h
[84.096s] -- Installing: /workspaces/isaac_ros-dev/install/isaac_ros_nitros_tensor_list_type/include/yaml-cpp/emitterstyle.h
[84.096s] -- Installing: /workspaces/isaac_ros-dev/install/isaac_ros_nitros_tensor_list_type/include/yaml-cpp/node
[84.096s] -- Installing: /workspaces/isaac_ros-dev/install/isaac_ros_nitros_tensor_list_type/include/yaml-cpp/node/impl.h
[84.096s] -- Installing: /workspaces/isaac_ros-dev/install/isaac_ros_nitros_tensor_list_type/include/yaml-cpp/node/parse.h
[84.096s] -- Installing: /workspaces/isaac_ros-dev/install/isaac_ros_nitros_tensor_list_type/include/yaml-cpp/node/detail
[84.097s] -- Installing: /workspaces/isaac_ros-dev/install/isaac_ros_nitros_tensor_list_type/include/yaml-cpp/node/detail/node_data.h
[84.097s] -- Installing: /workspaces/isaac_ros-dev/install/isaac_ros_nitros_tensor_list_type/include/yaml-cpp/node/detail/impl.h
[84.097s] -- Installing: /workspaces/isaac_ros-dev/install/isaac_ros_nitros_tensor_list_type/include/yaml-cpp/node/detail/node_iterator.h
[84.097s] -- Installing: /workspaces/isaac_ros-dev/install/isaac_ros_nitros_tensor_list_type/include/yaml-cpp/node/detail/memory.h
[84.097s] -- Installing: /workspaces/isaac_ros-dev/install/isaac_ros_nitros_tensor_list_type/include/yaml-cpp/node/detail/iterator.h
[84.098s] -- Installing: /workspaces/isaac_ros-dev/install/isaac_ros_nitros_tensor_list_type/include/yaml-cpp/node/detail/iterator_fwd.h
[84.098s] -- Installing: /workspaces/isaac_ros-dev/install/isaac_ros_nitros_tensor_list_type/include/yaml-cpp/node/detail/node.h
[84.098s] -- Installing: /workspaces/isaac_ros-dev/install/isaac_ros_nitros_tensor_list_type/include/yaml-cpp/node/detail/bool_type.h
[84.098s] -- Installing: /workspaces/isaac_ros-dev/install/isaac_ros_nitros_tensor_list_type/include/yaml-cpp/node/detail/node_ref.h
[84.098s] -- Installing: /workspaces/isaac_ros-dev/install/isaac_ros_nitros_tensor_list_type/include/yaml-cpp/node/convert.h
[84.098s] -- Installing: /workspaces/isaac_ros-dev/install/isaac_ros_nitros_tensor_list_type/include/yaml-cpp/node/iterator.h
[84.099s] -- Installing: /workspaces/isaac_ros-dev/install/isaac_ros_nitros_tensor_list_type/include/yaml-cpp/node/type.h
[84.099s] -- Installing: /workspaces/isaac_ros-dev/install/isaac_ros_nitros_tensor_list_type/include/yaml-cpp/node/node.h
[84.099s] -- Installing: /workspaces/isaac_ros-dev/install/isaac_ros_nitros_tensor_list_type/include/yaml-cpp/node/emit.h
[84.099s] -- Installing: /workspaces/isaac_ros-dev/install/isaac_ros_nitros_tensor_list_type/include/yaml-cpp/node/ptr.h
[84.099s] -- Installing: /workspaces/isaac_ros-dev/install/isaac_ros_nitros_tensor_list_type/include/yaml-cpp/ostream_wrapper.h
[84.099s] -- Installing: /workspaces/isaac_ros-dev/install/isaac_ros_nitros_tensor_list_type/include/yaml-cpp/stlemitter.h
[84.099s] -- Installing: /workspaces/isaac_ros-dev/install/isaac_ros_nitros_tensor_list_type/include/yaml-cpp/binary.h
[84.100s] -- Installing: /workspaces/isaac_ros-dev/install/isaac_ros_nitros_tensor_list_type/include/yaml-cpp/yaml.h
[84.100s] -- Installing: /workspaces/isaac_ros-dev/install/isaac_ros_nitros_tensor_list_type/lib/cmake/yaml-cpp/yaml-cpp-config.cmake
[84.100s] -- Installing: /workspaces/isaac_ros-dev/install/isaac_ros_nitros_tensor_list_type/lib/cmake/yaml-cpp/yaml-cpp-config-version.cmake
[84.101s] -- Installing: /workspaces/isaac_ros-dev/install/isaac_ros_nitros_tensor_list_type/lib/cmake/yaml-cpp/yaml-cpp-targets.cmake
[84.101s] -- Installing: /workspaces/isaac_ros-dev/install/isaac_ros_nitros_tensor_list_type/lib/cmake/yaml-cpp/yaml-cpp-targets-release.cmake
[84.101s] -- Installing: /workspaces/isaac_ros-dev/install/isaac_ros_nitros_tensor_list_type/lib/pkgconfig/yaml-cpp.pc
[84.101s] -- Installing: /workspaces/isaac_ros-dev/install/isaac_ros_nitros_tensor_list_type/share/isaac_ros_nitros_tensor_list_type/test/config
[84.102s] -- Installing: /workspaces/isaac_ros-dev/install/isaac_ros_nitros_tensor_list_type/share/isaac_ros_nitros_tensor_list_type/test/config/test_forward_node.yaml
[84.102s] -- Up-to-date: /workspaces/isaac_ros-dev/install/isaac_ros_nitros_tensor_list_type/include
[84.102s] -- Installing: /workspaces/isaac_ros-dev/install/isaac_ros_nitros_tensor_list_type/include/isaac_ros_nitros_tensor_list_type
[84.102s] -- Installing: /workspaces/isaac_ros-dev/install/isaac_ros_nitros_tensor_list_type/include/isaac_ros_nitros_tensor_list_type/nitros_tensor_list.hpp
[84.102s] -- Installing: /workspaces/isaac_ros-dev/install/isaac_ros_nitros_tensor_list_type/share/isaac_ros_nitros_tensor_list_type/environment/library_path.sh
[84.102s] -- Installing: /workspaces/isaac_ros-dev/install/isaac_ros_nitros_tensor_list_type/share/isaac_ros_nitros_tensor_list_type/environment/library_path.dsv
[84.103s] -- Installing: /workspaces/isaac_ros-dev/install/isaac_ros_nitros_tensor_list_type/lib/libisaac_ros_nitros_tensor_list_type.so
[84.104s] -- Set runtime path of "/workspaces/isaac_ros-dev/install/isaac_ros_nitros_tensor_list_type/lib/libisaac_ros_nitros_tensor_list_type.so" to "/usr/local/cuda/lib64:/opt/ros/humble/install/lib:/workspaces/isaac_ros-dev/install/isaac_ros_tensor_list_interfaces/lib:/workspaces/isaac_ros-dev/install/isaac_ros_common/lib:/workspaces/isaac_ros-dev/install/isaac_ros_nitros_interfaces/lib:/workspaces/isaac_ros-dev/install/isaac_ros_nitros/lib:/workspaces/isaac_ros-dev/install/isaac_ros_gxf/share/isaac_ros_gxf/gxf/lib/core"
[84.104s] -- Installing: /workspaces/isaac_ros-dev/install/isaac_ros_nitros_tensor_list_type/lib/libnitros_tensor_list_forward_node.so
[84.105s] -- Set runtime path of "/workspaces/isaac_ros-dev/install/isaac_ros_nitros_tensor_list_type/lib/libnitros_tensor_list_forward_node.so" to "/usr/local/cuda/lib64:/opt/ros/humble/install/lib:/workspaces/isaac_ros-dev/install/isaac_ros_common/lib:/workspaces/isaac_ros-dev/install/isaac_ros_nitros_interfaces/lib:/workspaces/isaac_ros-dev/install/isaac_ros_nitros/lib:/workspaces/isaac_ros-dev/install/isaac_ros_tensor_list_interfaces/lib:/workspaces/isaac_ros-dev/install/isaac_ros_gxf/share/isaac_ros_gxf/gxf/lib/core"
[84.106s] -- Installing: /workspaces/isaac_ros-dev/install/isaac_ros_nitros_tensor_list_type/share/ament_index/resource_index/package_run_dependencies/isaac_ros_nitros_tensor_list_type
[84.106s] -- Installing: /workspaces/isaac_ros-dev/install/isaac_ros_nitros_tensor_list_type/share/ament_index/resource_index/parent_prefix_path/isaac_ros_nitros_tensor_list_type
[84.107s] -- Installing: /workspaces/isaac_ros-dev/install/isaac_ros_nitros_tensor_list_type/share/isaac_ros_nitros_tensor_list_type/environment/ament_prefix_path.sh
[84.107s] -- Installing: /workspaces/isaac_ros-dev/install/isaac_ros_nitros_tensor_list_type/share/isaac_ros_nitros_tensor_list_type/environment/ament_prefix_path.dsv
[84.107s] -- Installing: /workspaces/isaac_ros-dev/install/isaac_ros_nitros_tensor_list_type/share/isaac_ros_nitros_tensor_list_type/environment/path.sh
[84.107s] -- Installing: /workspaces/isaac_ros-dev/install/isaac_ros_nitros_tensor_list_type/share/isaac_ros_nitros_tensor_list_type/environment/path.dsv
[84.107s] -- Installing: /workspaces/isaac_ros-dev/install/isaac_ros_nitros_tensor_list_type/share/isaac_ros_nitros_tensor_list_type/local_setup.bash
[84.108s] -- Installing: /workspaces/isaac_ros-dev/install/isaac_ros_nitros_tensor_list_type/share/isaac_ros_nitros_tensor_list_type/local_setup.sh
[84.108s] -- Installing: /workspaces/isaac_ros-dev/install/isaac_ros_nitros_tensor_list_type/share/isaac_ros_nitros_tensor_list_type/local_setup.zsh
[84.108s] -- Installing: /workspaces/isaac_ros-dev/install/isaac_ros_nitros_tensor_list_type/share/isaac_ros_nitros_tensor_list_type/local_setup.dsv
[84.108s] -- Installing: /workspaces/isaac_ros-dev/install/isaac_ros_nitros_tensor_list_type/share/isaac_ros_nitros_tensor_list_type/package.dsv
[84.109s] -- Installing: /workspaces/isaac_ros-dev/install/isaac_ros_nitros_tensor_list_type/share/ament_index/resource_index/packages/isaac_ros_nitros_tensor_list_type
[84.109s] -- Installing: /workspaces/isaac_ros-dev/install/isaac_ros_nitros_tensor_list_type/share/ament_index/resource_index/rclcpp_components/isaac_ros_nitros_tensor_list_type
[84.109s] -- Installing: /workspaces/isaac_ros-dev/install/isaac_ros_nitros_tensor_list_type/share/isaac_ros_nitros_tensor_list_type/cmake/ament_cmake_export_dependencies-extras.cmake
[84.109s] -- Installing: /workspaces/isaac_ros-dev/install/isaac_ros_nitros_tensor_list_type/share/isaac_ros_nitros_tensor_list_type/cmake/ament_cmake_export_include_directories-extras.cmake
[84.110s] -- Installing: /workspaces/isaac_ros-dev/install/isaac_ros_nitros_tensor_list_type/share/isaac_ros_nitros_tensor_list_type/cmake/ament_cmake_export_libraries-extras.cmake
[84.110s] -- Installing: /workspaces/isaac_ros-dev/install/isaac_ros_nitros_tensor_list_type/share/isaac_ros_nitros_tensor_list_type/cmake/isaac_ros_nitros_tensor_list_typeConfig.cmake
[84.110s] -- Installing: /workspaces/isaac_ros-dev/install/isaac_ros_nitros_tensor_list_type/share/isaac_ros_nitros_tensor_list_type/cmake/isaac_ros_nitros_tensor_list_typeConfig-version.cmake
[84.110s] -- Installing: /workspaces/isaac_ros-dev/install/isaac_ros_nitros_tensor_list_type/share/isaac_ros_nitros_tensor_list_type/package.xml
[84.121s] Invoked command in '/workspaces/isaac_ros-dev/build/isaac_ros_nitros_tensor_list_type' returned '0': AMENT_PREFIX_PATH=/workspaces/isaac_ros-dev/install/isaac_ros_nitros:/workspaces/isaac_ros-dev/install/isaac_ros_tensor_list_interfaces:/workspaces/isaac_ros-dev/install/isaac_ros_nitros_interfaces:/workspaces/isaac_ros-dev/install/isaac_ros_gxf:/workspaces/isaac_ros-dev/install/isaac_ros_test:/workspaces/isaac_ros-dev/install/isaac_ros_common:${AMENT_PREFIX_PATH} CMAKE_PREFIX_PATH=/workspaces/isaac_ros-dev/install/isaac_ros_nitros:/workspaces/isaac_ros-dev/install/isaac_ros_tensor_list_interfaces:/workspaces/isaac_ros-dev/install/isaac_ros_nitros_interfaces:/workspaces/isaac_ros-dev/install/isaac_ros_gxf:/workspaces/isaac_ros-dev/install/isaac_ros_common:${CMAKE_PREFIX_PATH} LD_LIBRARY_PATH=/workspaces/isaac_ros-dev/install/isaac_ros_nitros/lib:/workspaces/isaac_ros-dev/install/isaac_ros_tensor_list_interfaces/lib:/workspaces/isaac_ros-dev/install/isaac_ros_nitros_interfaces/lib:/workspaces/isaac_ros-dev/install/isaac_ros_common/lib:${LD_LIBRARY_PATH} PYTHONPATH=/workspaces/isaac_ros-dev/install/isaac_ros_tensor_list_interfaces/lib/python3.8/site-packages:/workspaces/isaac_ros-dev/install/isaac_ros_nitros_interfaces/lib/python3.8/site-packages:/workspaces/isaac_ros-dev/install/isaac_ros_test/lib/python3.8/site-packages:${PYTHONPATH} /usr/local/bin/cmake --install /workspaces/isaac_ros-dev/build/isaac_ros_nitros_tensor_list_type
