[0.117s] Invoking command in '/workspaces/isaac_ros-dev/build/isaac_ros_nitros_std_msg_type': AMENT_PREFIX_PATH=/workspaces/isaac_ros-dev/install/isaac_ros_nitros:/workspaces/isaac_ros-dev/install/isaac_ros_nitros_interfaces:/workspaces/isaac_ros-dev/install/isaac_ros_gxf:/workspaces/isaac_ros-dev/install/isaac_ros_test:/workspaces/isaac_ros-dev/install/isaac_ros_common:${AMENT_PREFIX_PATH} CMAKE_PREFIX_PATH=/workspaces/isaac_ros-dev/install/isaac_ros_nitros:/workspaces/isaac_ros-dev/install/isaac_ros_nitros_interfaces:/workspaces/isaac_ros-dev/install/isaac_ros_gxf:/workspaces/isaac_ros-dev/install/isaac_ros_common:${CMAKE_PREFIX_PATH} LD_LIBRARY_PATH=/workspaces/isaac_ros-dev/install/isaac_ros_nitros/lib:/workspaces/isaac_ros-dev/install/isaac_ros_nitros_interfaces/lib:/workspaces/isaac_ros-dev/install/isaac_ros_common/lib:/opt/ros/humble/install/opt/rviz_ogre_vendor/lib:/opt/ros/humble/install/lib:/usr/lib/aarch64-linux-gnu/tegra/weston:/usr/lib/aarch64-linux-gnu/tegra-egl:/usr/local/cuda-11.4/targets/aarch64-linux/lib:/usr/lib/aarch64-linux-gnu/tegra:/opt/nvidia/vpi2/lib64:/usr/lib/aarch64-linux-gnu-host:/opt/tritonserver/lib PYTHONPATH=/workspaces/isaac_ros-dev/install/isaac_ros_nitros_interfaces/lib/python3.8/site-packages:/workspaces/isaac_ros-dev/install/isaac_ros_test/lib/python3.8/site-packages:${PYTHONPATH} /usr/bin/cmake /workspaces/isaac_ros-dev/src/isaac_ros_nitros/isaac_ros_nitros_type/isaac_ros_nitros_std_msg_type -DCMAKE_INSTALL_PREFIX=/workspaces/isaac_ros-dev/install/isaac_ros_nitros_std_msg_type
[0.278s] -- The C compiler identification is GNU 9.4.0
[0.461s] -- The CXX compiler identification is GNU 9.4.0
[0.486s] -- Detecting C compiler ABI info
[0.715s] -- Detecting C compiler ABI info - done
[0.741s] -- Check for working C compiler: /usr/bin/cc - skipped
[0.742s] -- Detecting C compile features
[0.743s] -- Detecting C compile features - done
[0.756s] -- Detecting CXX compiler ABI info
[1.011s] -- Detecting CXX compiler ABI info - done
[1.031s] -- Check for working CXX compiler: /usr/bin/c++ - skipped
[1.032s] -- Detecting CXX compile features
[1.034s] -- Detecting CXX compile features - done
[1.046s] -- Found ament_cmake_auto: 1.3.3 (/opt/ros/humble/install/share/ament_cmake_auto/cmake)
[3.242s] -- Found Python3: /usr/bin/python3.8 (found version "3.8.10") found components: Interpreter 
[3.685s] -- Loading isaac_ros_common extras
[3.686s] -- CMAKE_BUILD_TYPE: Release
[3.726s] -- Looking for pthread.h
[3.900s] -- Looking for pthread.h - found
[3.902s] -- Performing Test CMAKE_HAVE_LIBC_PTHREAD
[4.075s] -- Performing Test CMAKE_HAVE_LIBC_PTHREAD - Failed
[4.077s] -- Looking for pthread_create in pthreads
[4.219s] -- Looking for pthread_create in pthreads - not found
[4.220s] -- Looking for pthread_create in pthread
[4.387s] -- Looking for pthread_create in pthread - found
[4.391s] -- Found Threads: TRUE  
[4.469s] -- Found CUDA: /usr/local/cuda (found version "11.4") 
[4.472s] -- Loading isaac_ros_common extras (modules)
[4.599s] -- Found rosidl_generator_c: 3.1.4 (/opt/ros/humble/install/share/rosidl_generator_c/cmake)
[4.616s] -- Found rosidl_adapter: 3.1.4 (/opt/ros/humble/install/share/rosidl_adapter/cmake)
[4.644s] -- Found rosidl_generator_cpp: 3.1.4 (/opt/ros/humble/install/share/rosidl_generator_cpp/cmake)
[4.689s] -- Using all available rosidl_typesupport_c: rosidl_typesupport_fastrtps_c;rosidl_typesupport_introspection_c
[4.752s] -- Using all available rosidl_typesupport_cpp: rosidl_typesupport_fastrtps_cpp;rosidl_typesupport_introspection_cpp
[4.964s] -- Found rmw_implementation_cmake: 6.1.1 (/opt/ros/humble/install/share/rmw_implementation_cmake/cmake)
[4.975s] -- Found rmw_fastrtps_cpp: 6.2.2 (/opt/ros/humble/install/share/rmw_fastrtps_cpp/cmake)
[5.495s] -- Found OpenSSL: /usr/lib/aarch64-linux-gnu/libcrypto.so (found version "1.1.1f")  
[5.610s] -- Found FastRTPS: /opt/ros/humble/install/include  
[5.802s] -- Using RMW implementation 'rmw_fastrtps_cpp' as default
[6.835s] -- Loading isaac_ros_gxf extras
[6.855s] -- Found atlas lib=/workspaces/isaac_ros-dev/install/isaac_ros_gxf/share/isaac_ros_gxf/gxf/lib/libgxf_atlas.so, include=/workspaces/isaac_ros-dev/install/isaac_ros_gxf/share/isaac_ros_gxf/gxf/include/gxf
[6.863s] -- Found cuda lib=/workspaces/isaac_ros-dev/install/isaac_ros_gxf/share/isaac_ros_gxf/gxf/lib/cuda/libgxf_cuda.so, include=/workspaces/isaac_ros-dev/install/isaac_ros_gxf/share/isaac_ros_gxf/gxf/include/gxf
[6.870s] -- Found isaac_messages lib=/workspaces/isaac_ros-dev/install/isaac_ros_gxf/share/isaac_ros_gxf/gxf/lib/libgxf_isaac_messages.so, include=/workspaces/isaac_ros-dev/install/isaac_ros_gxf/share/isaac_ros_gxf/gxf/include/gxf
[6.878s] -- Found isaac_ros_messages lib=/workspaces/isaac_ros-dev/install/isaac_ros_gxf/share/isaac_ros_gxf/gxf/lib/libgxf_isaac_ros_messages.so, include=/workspaces/isaac_ros-dev/install/isaac_ros_gxf/share/isaac_ros_gxf/gxf/include/gxf
[6.886s] -- Found multimedia lib=/workspaces/isaac_ros-dev/install/isaac_ros_gxf/share/isaac_ros_gxf/gxf/lib/multimedia/libgxf_multimedia.so, include=/workspaces/isaac_ros-dev/install/isaac_ros_gxf/share/isaac_ros_gxf/gxf/include/gxf
[6.897s] -- Found gxf_optimizer lib=/workspaces/isaac_ros-dev/install/isaac_ros_gxf/share/isaac_ros_gxf/gxf/lib/libgxf_optimizer.so, include=/workspaces/isaac_ros-dev/install/isaac_ros_gxf/share/isaac_ros_gxf/gxf/include/gxf
[6.905s] -- Found serialization lib=/workspaces/isaac_ros-dev/install/isaac_ros_gxf/share/isaac_ros_gxf/gxf/lib/serialization/libgxf_serialization.so, include=/workspaces/isaac_ros-dev/install/isaac_ros_gxf/share/isaac_ros_gxf/gxf/include/gxf
[6.916s] -- Found std lib=/workspaces/isaac_ros-dev/install/isaac_ros_gxf/share/isaac_ros_gxf/gxf/lib/std/libgxf_std.so, include=/workspaces/isaac_ros-dev/install/isaac_ros_gxf/share/isaac_ros_gxf/gxf/include/gxf
[6.924s] -- Found core lib=/workspaces/isaac_ros-dev/install/isaac_ros_gxf/share/isaac_ros_gxf/gxf/lib/core/libgxf_core.so, include=/workspaces/isaac_ros-dev/install/isaac_ros_gxf/share/isaac_ros_gxf/gxf/include/gxf
[6.930s] -- Found GXF:  (found suitable version "2.5.0", minimum required is "2.5.0") found components: core 
[10.377s] -- Performing Test FLAG_WEXTRA
[10.628s] -- Performing Test FLAG_WEXTRA - Success
[11.029s] -- Found ament_lint_auto: 0.12.5 (/opt/ros/humble/install/share/ament_lint_auto/cmake)
[11.136s] -- Found launch_testing_ament_cmake: 1.0.4 (/opt/ros/humble/install/share/launch_testing_ament_cmake/cmake)
[11.142s] -- Found python_cmake_module: 0.10.0 (/opt/ros/humble/install/share/python_cmake_module/cmake)
[11.223s] -- Found PythonInterp: /usr/bin/python3 (found suitable version "3.8.10", minimum required is "3.6") 
[11.237s] -- Found PythonLibs: /usr/lib/aarch64-linux-gnu/libpython3.8.so (found suitable version "3.8.10", minimum required is "3.5") 
[11.238s] -- Using PYTHON_EXECUTABLE: /usr/bin/python3
[11.239s] -- Using PYTHON_INCLUDE_DIRS: /usr/include/python3.8
[11.240s] -- Using PYTHON_LIBRARIES: /usr/lib/aarch64-linux-gnu/libpython3.8.so
[11.324s] -- Found PythonExtra: .so  
[11.362s] -- Added test 'cppcheck' to perform static code analysis on C / C++ code
[11.364s] -- Configured cppcheck include dirs: /workspaces/isaac_ros-dev/src/isaac_ros_nitros/isaac_ros_nitros_type/isaac_ros_nitros_std_msg_type/include
[11.364s] -- Configured cppcheck exclude dirs and/or files: 
[11.372s] -- Added test 'cpplint' to check C / C++ code against the Google style
[11.372s] -- Configured cpplint exclude dirs and/or files: 
[11.376s] -- Added test 'flake8' to check Python code syntax and style conventions
[11.379s] -- Added test 'lint_cmake' to check CMake code style
[11.383s] -- Added test 'pep257' to check Python code against some of the docstring style conventions in PEP 257
[11.388s] -- Added test 'uncrustify' to check C / C++ code style
[11.389s] -- Configured uncrustify additional arguments: 
[11.392s] -- Added test 'xmllint' to check XML markup files
[11.427s] -- Configuring done
[11.745s] -- Generating done
[11.782s] -- Build files have been written to: /workspaces/isaac_ros-dev/build/isaac_ros_nitros_std_msg_type
[11.832s] Invoked command in '/workspaces/isaac_ros-dev/build/isaac_ros_nitros_std_msg_type' returned '0': AMENT_PREFIX_PATH=/workspaces/isaac_ros-dev/install/isaac_ros_nitros:/workspaces/isaac_ros-dev/install/isaac_ros_nitros_interfaces:/workspaces/isaac_ros-dev/install/isaac_ros_gxf:/workspaces/isaac_ros-dev/install/isaac_ros_test:/workspaces/isaac_ros-dev/install/isaac_ros_common:${AMENT_PREFIX_PATH} CMAKE_PREFIX_PATH=/workspaces/isaac_ros-dev/install/isaac_ros_nitros:/workspaces/isaac_ros-dev/install/isaac_ros_nitros_interfaces:/workspaces/isaac_ros-dev/install/isaac_ros_gxf:/workspaces/isaac_ros-dev/install/isaac_ros_common:${CMAKE_PREFIX_PATH} LD_LIBRARY_PATH=/workspaces/isaac_ros-dev/install/isaac_ros_nitros/lib:/workspaces/isaac_ros-dev/install/isaac_ros_nitros_interfaces/lib:/workspaces/isaac_ros-dev/install/isaac_ros_common/lib:/opt/ros/humble/install/opt/rviz_ogre_vendor/lib:/opt/ros/humble/install/lib:/usr/lib/aarch64-linux-gnu/tegra/weston:/usr/lib/aarch64-linux-gnu/tegra-egl:/usr/local/cuda-11.4/targets/aarch64-linux/lib:/usr/lib/aarch64-linux-gnu/tegra:/opt/nvidia/vpi2/lib64:/usr/lib/aarch64-linux-gnu-host:/opt/tritonserver/lib PYTHONPATH=/workspaces/isaac_ros-dev/install/isaac_ros_nitros_interfaces/lib/python3.8/site-packages:/workspaces/isaac_ros-dev/install/isaac_ros_test/lib/python3.8/site-packages:${PYTHONPATH} /usr/bin/cmake /workspaces/isaac_ros-dev/src/isaac_ros_nitros/isaac_ros_nitros_type/isaac_ros_nitros_std_msg_type -DCMAKE_INSTALL_PREFIX=/workspaces/isaac_ros-dev/install/isaac_ros_nitros_std_msg_type
[11.834s] Invoking command in '/workspaces/isaac_ros-dev/build/isaac_ros_nitros_std_msg_type': AMENT_PREFIX_PATH=/workspaces/isaac_ros-dev/install/isaac_ros_nitros:/workspaces/isaac_ros-dev/install/isaac_ros_nitros_interfaces:/workspaces/isaac_ros-dev/install/isaac_ros_gxf:/workspaces/isaac_ros-dev/install/isaac_ros_test:/workspaces/isaac_ros-dev/install/isaac_ros_common:${AMENT_PREFIX_PATH} CMAKE_PREFIX_PATH=/workspaces/isaac_ros-dev/install/isaac_ros_nitros:/workspaces/isaac_ros-dev/install/isaac_ros_nitros_interfaces:/workspaces/isaac_ros-dev/install/isaac_ros_gxf:/workspaces/isaac_ros-dev/install/isaac_ros_common:${CMAKE_PREFIX_PATH} LD_LIBRARY_PATH=/workspaces/isaac_ros-dev/install/isaac_ros_nitros/lib:/workspaces/isaac_ros-dev/install/isaac_ros_nitros_interfaces/lib:/workspaces/isaac_ros-dev/install/isaac_ros_common/lib:/opt/ros/humble/install/opt/rviz_ogre_vendor/lib:/opt/ros/humble/install/lib:/usr/lib/aarch64-linux-gnu/tegra/weston:/usr/lib/aarch64-linux-gnu/tegra-egl:/usr/local/cuda-11.4/targets/aarch64-linux/lib:/usr/lib/aarch64-linux-gnu/tegra:/opt/nvidia/vpi2/lib64:/usr/lib/aarch64-linux-gnu-host:/opt/tritonserver/lib PYTHONPATH=/workspaces/isaac_ros-dev/install/isaac_ros_nitros_interfaces/lib/python3.8/site-packages:/workspaces/isaac_ros-dev/install/isaac_ros_test/lib/python3.8/site-packages:${PYTHONPATH} /usr/bin/cmake --build /workspaces/isaac_ros-dev/build/isaac_ros_nitros_std_msg_type -- -j4 -l4
[11.940s] [  2%] [32mBuilding CXX object _deps/yaml-cpp-build/CMakeFiles/yaml-cpp.dir/src/binary.cpp.o[0m
[12.763s] [  5%] [32mBuilding CXX object _deps/yaml-cpp-build/CMakeFiles/yaml-cpp.dir/src/emit.cpp.o[0m
[14.407s] [  8%] [32mBuilding CXX object _deps/yaml-cpp-build/CMakeFiles/yaml-cpp.dir/src/emitfromevents.cpp.o[0m
[16.378s] [ 11%] [32mBuilding CXX object _deps/yaml-cpp-build/CMakeFiles/yaml-cpp.dir/src/emitter.cpp.o[0m
[19.090s] [ 14%] [32mBuilding CXX object _deps/yaml-cpp-build/CMakeFiles/yaml-cpp.dir/src/emitterstate.cpp.o[0m
[21.701s] [ 17%] [32mBuilding CXX object _deps/yaml-cpp-build/CMakeFiles/yaml-cpp.dir/src/emitterutils.cpp.o[0m
[30.221s] [ 20%] [32mBuilding CXX object _deps/yaml-cpp-build/CMakeFiles/yaml-cpp.dir/src/exceptions.cpp.o[0m
[31.224s] [ 22%] [32mBuilding CXX object _deps/yaml-cpp-build/CMakeFiles/yaml-cpp.dir/src/exp.cpp.o[0m
[32.879s] [ 25%] [32mBuilding CXX object _deps/yaml-cpp-build/CMakeFiles/yaml-cpp.dir/src/memory.cpp.o[0m
[34.743s] [ 28%] [32mBuilding CXX object _deps/yaml-cpp-build/CMakeFiles/yaml-cpp.dir/src/node.cpp.o[0m
[35.744s] [ 31%] [32mBuilding CXX object _deps/yaml-cpp-build/CMakeFiles/yaml-cpp.dir/src/node_data.cpp.o[0m
[38.307s] [ 34%] [32mBuilding CXX object _deps/yaml-cpp-build/CMakeFiles/yaml-cpp.dir/src/nodebuilder.cpp.o[0m
[40.985s] [ 37%] [32mBuilding CXX object _deps/yaml-cpp-build/CMakeFiles/yaml-cpp.dir/src/nodeevents.cpp.o[0m
[43.093s] [ 40%] [32mBuilding CXX object _deps/yaml-cpp-build/CMakeFiles/yaml-cpp.dir/src/null.cpp.o[0m
[43.613s] [ 42%] [32mBuilding CXX object _deps/yaml-cpp-build/CMakeFiles/yaml-cpp.dir/src/ostream_wrapper.cpp.o[0m
[44.745s] [ 45%] [32mBuilding CXX object _deps/yaml-cpp-build/CMakeFiles/yaml-cpp.dir/src/parse.cpp.o[0m
[47.370s] [ 48%] [32mBuilding CXX object _deps/yaml-cpp-build/CMakeFiles/yaml-cpp.dir/src/parser.cpp.o[0m
[49.825s] [ 51%] [32mBuilding CXX object _deps/yaml-cpp-build/CMakeFiles/yaml-cpp.dir/src/regex_yaml.cpp.o[0m
[51.244s] [ 54%] [32mBuilding CXX object _deps/yaml-cpp-build/CMakeFiles/yaml-cpp.dir/src/scanner.cpp.o[0m
[55.315s] [ 57%] [32mBuilding CXX object _deps/yaml-cpp-build/CMakeFiles/yaml-cpp.dir/src/scanscalar.cpp.o[0m
[58.154s] [ 60%] [32mBuilding CXX object _deps/yaml-cpp-build/CMakeFiles/yaml-cpp.dir/src/scantag.cpp.o[0m
[60.448s] [ 62%] [32mBuilding CXX object _deps/yaml-cpp-build/CMakeFiles/yaml-cpp.dir/src/scantoken.cpp.o[0m
[66.579s] [ 65%] [32mBuilding CXX object _deps/yaml-cpp-build/CMakeFiles/yaml-cpp.dir/src/simplekey.cpp.o[0m
[68.339s] [ 68%] [32mBuilding CXX object _deps/yaml-cpp-build/CMakeFiles/yaml-cpp.dir/src/singledocparser.cpp.o[0m
[71.436s] [ 71%] [32mBuilding CXX object _deps/yaml-cpp-build/CMakeFiles/yaml-cpp.dir/src/stream.cpp.o[0m
[72.941s] [ 74%] [32mBuilding CXX object _deps/yaml-cpp-build/CMakeFiles/yaml-cpp.dir/src/tag.cpp.o[0m
[74.170s] [ 77%] [32mBuilding CXX object _deps/yaml-cpp-build/CMakeFiles/yaml-cpp.dir/src/contrib/graphbuilder.cpp.o[0m
[75.411s] [ 80%] [32mBuilding CXX object _deps/yaml-cpp-build/CMakeFiles/yaml-cpp.dir/src/contrib/graphbuilderadapter.cpp.o[0m
[76.671s] [ 82%] [32mBuilding CXX object _deps/yaml-cpp-build/CMakeFiles/yaml-cpp.dir/src/directives.cpp.o[0m
[77.465s] [ 85%] [32mBuilding CXX object _deps/yaml-cpp-build/CMakeFiles/yaml-cpp.dir/src/convert.cpp.o[0m
[79.731s] [ 88%] [32m[1mLinking CXX static library libyaml-cpp.a[0m
[79.869s] [ 88%] Built target yaml-cpp
[79.907s] [ 91%] [32mBuilding CXX object CMakeFiles/isaac_ros_nitros_std_msg_type.dir/src/nitros_int64.cpp.o[0m
[106.659s] [ 94%] [32m[1mLinking CXX shared library libisaac_ros_nitros_std_msg_type.so[0m
[107.159s] [ 94%] Built target isaac_ros_nitros_std_msg_type
[107.198s] [ 97%] [32mBuilding CXX object CMakeFiles/nitros_int64_forward_node.dir/test/src/nitros_int64_forward_node.cpp.o[0m
[163.558s] [100%] [32m[1mLinking CXX shared library libnitros_int64_forward_node.so[0m
[164.443s] [100%] Built target nitros_int64_forward_node
[164.466s] Invoked command in '/workspaces/isaac_ros-dev/build/isaac_ros_nitros_std_msg_type' returned '0': AMENT_PREFIX_PATH=/workspaces/isaac_ros-dev/install/isaac_ros_nitros:/workspaces/isaac_ros-dev/install/isaac_ros_nitros_interfaces:/workspaces/isaac_ros-dev/install/isaac_ros_gxf:/workspaces/isaac_ros-dev/install/isaac_ros_test:/workspaces/isaac_ros-dev/install/isaac_ros_common:${AMENT_PREFIX_PATH} CMAKE_PREFIX_PATH=/workspaces/isaac_ros-dev/install/isaac_ros_nitros:/workspaces/isaac_ros-dev/install/isaac_ros_nitros_interfaces:/workspaces/isaac_ros-dev/install/isaac_ros_gxf:/workspaces/isaac_ros-dev/install/isaac_ros_common:${CMAKE_PREFIX_PATH} LD_LIBRARY_PATH=/workspaces/isaac_ros-dev/install/isaac_ros_nitros/lib:/workspaces/isaac_ros-dev/install/isaac_ros_nitros_interfaces/lib:/workspaces/isaac_ros-dev/install/isaac_ros_common/lib:/opt/ros/humble/install/opt/rviz_ogre_vendor/lib:/opt/ros/humble/install/lib:/usr/lib/aarch64-linux-gnu/tegra/weston:/usr/lib/aarch64-linux-gnu/tegra-egl:/usr/local/cuda-11.4/targets/aarch64-linux/lib:/usr/lib/aarch64-linux-gnu/tegra:/opt/nvidia/vpi2/lib64:/usr/lib/aarch64-linux-gnu-host:/opt/tritonserver/lib PYTHONPATH=/workspaces/isaac_ros-dev/install/isaac_ros_nitros_interfaces/lib/python3.8/site-packages:/workspaces/isaac_ros-dev/install/isaac_ros_test/lib/python3.8/site-packages:${PYTHONPATH} /usr/bin/cmake --build /workspaces/isaac_ros-dev/build/isaac_ros_nitros_std_msg_type -- -j4 -l4
[164.576s] Invoking command in '/workspaces/isaac_ros-dev/build/isaac_ros_nitros_std_msg_type': AMENT_PREFIX_PATH=/workspaces/isaac_ros-dev/install/isaac_ros_nitros:/workspaces/isaac_ros-dev/install/isaac_ros_nitros_interfaces:/workspaces/isaac_ros-dev/install/isaac_ros_gxf:/workspaces/isaac_ros-dev/install/isaac_ros_test:/workspaces/isaac_ros-dev/install/isaac_ros_common:${AMENT_PREFIX_PATH} CMAKE_PREFIX_PATH=/workspaces/isaac_ros-dev/install/isaac_ros_nitros:/workspaces/isaac_ros-dev/install/isaac_ros_nitros_interfaces:/workspaces/isaac_ros-dev/install/isaac_ros_gxf:/workspaces/isaac_ros-dev/install/isaac_ros_common:${CMAKE_PREFIX_PATH} LD_LIBRARY_PATH=/workspaces/isaac_ros-dev/install/isaac_ros_nitros/lib:/workspaces/isaac_ros-dev/install/isaac_ros_nitros_interfaces/lib:/workspaces/isaac_ros-dev/install/isaac_ros_common/lib:/opt/ros/humble/install/opt/rviz_ogre_vendor/lib:/opt/ros/humble/install/lib:/usr/lib/aarch64-linux-gnu/tegra/weston:/usr/lib/aarch64-linux-gnu/tegra-egl:/usr/local/cuda-11.4/targets/aarch64-linux/lib:/usr/lib/aarch64-linux-gnu/tegra:/opt/nvidia/vpi2/lib64:/usr/lib/aarch64-linux-gnu-host:/opt/tritonserver/lib PYTHONPATH=/workspaces/isaac_ros-dev/install/isaac_ros_nitros_interfaces/lib/python3.8/site-packages:/workspaces/isaac_ros-dev/install/isaac_ros_test/lib/python3.8/site-packages:${PYTHONPATH} /usr/bin/cmake --install /workspaces/isaac_ros-dev/build/isaac_ros_nitros_std_msg_type
[164.596s] -- Install configuration: "Release"
[164.597s] -- Installing: /workspaces/isaac_ros-dev/install/isaac_ros_nitros_std_msg_type/lib/libyaml-cpp.a
[164.600s] -- Installing: /workspaces/isaac_ros-dev/install/isaac_ros_nitros_std_msg_type/include/yaml-cpp
[164.600s] -- Installing: /workspaces/isaac_ros-dev/install/isaac_ros_nitros_std_msg_type/include/yaml-cpp/exceptions.h
[164.601s] -- Installing: /workspaces/isaac_ros-dev/install/isaac_ros_nitros_std_msg_type/include/yaml-cpp/ostream_wrapper.h
[164.601s] -- Installing: /workspaces/isaac_ros-dev/install/isaac_ros_nitros_std_msg_type/include/yaml-cpp/emitterstyle.h
[164.601s] -- Installing: /workspaces/isaac_ros-dev/install/isaac_ros_nitros_std_msg_type/include/yaml-cpp/yaml.h
[164.602s] -- Installing: /workspaces/isaac_ros-dev/install/isaac_ros_nitros_std_msg_type/include/yaml-cpp/binary.h
[164.602s] -- Installing: /workspaces/isaac_ros-dev/install/isaac_ros_nitros_std_msg_type/include/yaml-cpp/emitfromevents.h
[164.602s] -- Installing: /workspaces/isaac_ros-dev/install/isaac_ros_nitros_std_msg_type/include/yaml-cpp/dll.h
[164.603s] -- Installing: /workspaces/isaac_ros-dev/install/isaac_ros_nitros_std_msg_type/include/yaml-cpp/traits.h
[164.603s] -- Installing: /workspaces/isaac_ros-dev/install/isaac_ros_nitros_std_msg_type/include/yaml-cpp/contrib
[164.603s] -- Installing: /workspaces/isaac_ros-dev/install/isaac_ros_nitros_std_msg_type/include/yaml-cpp/contrib/anchordict.h
[164.603s] -- Installing: /workspaces/isaac_ros-dev/install/isaac_ros_nitros_std_msg_type/include/yaml-cpp/contrib/graphbuilder.h
[164.604s] -- Installing: /workspaces/isaac_ros-dev/install/isaac_ros_nitros_std_msg_type/include/yaml-cpp/emitter.h
[164.604s] -- Installing: /workspaces/isaac_ros-dev/install/isaac_ros_nitros_std_msg_type/include/yaml-cpp/stlemitter.h
[164.604s] -- Installing: /workspaces/isaac_ros-dev/install/isaac_ros_nitros_std_msg_type/include/yaml-cpp/eventhandler.h
[164.605s] -- Installing: /workspaces/isaac_ros-dev/install/isaac_ros_nitros_std_msg_type/include/yaml-cpp/emittermanip.h
[164.605s] -- Installing: /workspaces/isaac_ros-dev/install/isaac_ros_nitros_std_msg_type/include/yaml-cpp/anchor.h
[164.608s] -- Installing: /workspaces/isaac_ros-dev/install/isaac_ros_nitros_std_msg_type/include/yaml-cpp/parser.h
[164.609s] -- Installing: /workspaces/isaac_ros-dev/install/isaac_ros_nitros_std_msg_type/include/yaml-cpp/emitterdef.h
[164.609s] -- Installing: /workspaces/isaac_ros-dev/install/isaac_ros_nitros_std_msg_type/include/yaml-cpp/node
[164.609s] -- Installing: /workspaces/isaac_ros-dev/install/isaac_ros_nitros_std_msg_type/include/yaml-cpp/node/emit.h
[164.610s] -- Installing: /workspaces/isaac_ros-dev/install/isaac_ros_nitros_std_msg_type/include/yaml-cpp/node/impl.h
[164.610s] -- Installing: /workspaces/isaac_ros-dev/install/isaac_ros_nitros_std_msg_type/include/yaml-cpp/node/convert.h
[164.610s] -- Installing: /workspaces/isaac_ros-dev/install/isaac_ros_nitros_std_msg_type/include/yaml-cpp/node/iterator.h
[164.610s] -- Installing: /workspaces/isaac_ros-dev/install/isaac_ros_nitros_std_msg_type/include/yaml-cpp/node/parse.h
[164.611s] -- Installing: /workspaces/isaac_ros-dev/install/isaac_ros_nitros_std_msg_type/include/yaml-cpp/node/detail
[164.611s] -- Installing: /workspaces/isaac_ros-dev/install/isaac_ros_nitros_std_msg_type/include/yaml-cpp/node/detail/impl.h
[164.611s] -- Installing: /workspaces/isaac_ros-dev/install/isaac_ros_nitros_std_msg_type/include/yaml-cpp/node/detail/node_ref.h
[164.611s] -- Installing: /workspaces/isaac_ros-dev/install/isaac_ros_nitros_std_msg_type/include/yaml-cpp/node/detail/iterator.h
[164.612s] -- Installing: /workspaces/isaac_ros-dev/install/isaac_ros_nitros_std_msg_type/include/yaml-cpp/node/detail/node_iterator.h
[164.612s] -- Installing: /workspaces/isaac_ros-dev/install/isaac_ros_nitros_std_msg_type/include/yaml-cpp/node/detail/memory.h
[164.612s] -- Installing: /workspaces/isaac_ros-dev/install/isaac_ros_nitros_std_msg_type/include/yaml-cpp/node/detail/iterator_fwd.h
[164.612s] -- Installing: /workspaces/isaac_ros-dev/install/isaac_ros_nitros_std_msg_type/include/yaml-cpp/node/detail/node_data.h
[164.613s] -- Installing: /workspaces/isaac_ros-dev/install/isaac_ros_nitros_std_msg_type/include/yaml-cpp/node/detail/bool_type.h
[164.613s] -- Installing: /workspaces/isaac_ros-dev/install/isaac_ros_nitros_std_msg_type/include/yaml-cpp/node/detail/node.h
[164.613s] -- Installing: /workspaces/isaac_ros-dev/install/isaac_ros_nitros_std_msg_type/include/yaml-cpp/node/node.h
[164.614s] -- Installing: /workspaces/isaac_ros-dev/install/isaac_ros_nitros_std_msg_type/include/yaml-cpp/node/ptr.h
[164.615s] -- Installing: /workspaces/isaac_ros-dev/install/isaac_ros_nitros_std_msg_type/include/yaml-cpp/node/type.h
[164.615s] -- Installing: /workspaces/isaac_ros-dev/install/isaac_ros_nitros_std_msg_type/include/yaml-cpp/null.h
[164.620s] -- Installing: /workspaces/isaac_ros-dev/install/isaac_ros_nitros_std_msg_type/include/yaml-cpp/mark.h
[164.621s] -- Installing: /workspaces/isaac_ros-dev/install/isaac_ros_nitros_std_msg_type/lib/cmake/yaml-cpp/yaml-cpp-config.cmake
[164.621s] -- Installing: /workspaces/isaac_ros-dev/install/isaac_ros_nitros_std_msg_type/lib/cmake/yaml-cpp/yaml-cpp-config-version.cmake
[164.621s] -- Installing: /workspaces/isaac_ros-dev/install/isaac_ros_nitros_std_msg_type/lib/cmake/yaml-cpp/yaml-cpp-targets.cmake
[164.621s] -- Installing: /workspaces/isaac_ros-dev/install/isaac_ros_nitros_std_msg_type/lib/cmake/yaml-cpp/yaml-cpp-targets-release.cmake
[164.621s] -- Installing: /workspaces/isaac_ros-dev/install/isaac_ros_nitros_std_msg_type/lib/pkgconfig/yaml-cpp.pc
[164.622s] -- Installing: /workspaces/isaac_ros-dev/install/isaac_ros_nitros_std_msg_type/share/isaac_ros_nitros_std_msg_type/test/config
[164.622s] -- Installing: /workspaces/isaac_ros-dev/install/isaac_ros_nitros_std_msg_type/share/isaac_ros_nitros_std_msg_type/test/config/test_forward_node.yaml
[164.622s] -- Up-to-date: /workspaces/isaac_ros-dev/install/isaac_ros_nitros_std_msg_type/include
[164.622s] -- Installing: /workspaces/isaac_ros-dev/install/isaac_ros_nitros_std_msg_type/include/isaac_ros_nitros_std_msg_type
[164.622s] -- Installing: /workspaces/isaac_ros-dev/install/isaac_ros_nitros_std_msg_type/include/isaac_ros_nitros_std_msg_type/nitros_int64.hpp
[164.623s] -- Installing: /workspaces/isaac_ros-dev/install/isaac_ros_nitros_std_msg_type/share/isaac_ros_nitros_std_msg_type/environment/library_path.sh
[164.623s] -- Installing: /workspaces/isaac_ros-dev/install/isaac_ros_nitros_std_msg_type/share/isaac_ros_nitros_std_msg_type/environment/library_path.dsv
[164.623s] -- Installing: /workspaces/isaac_ros-dev/install/isaac_ros_nitros_std_msg_type/lib/libisaac_ros_nitros_std_msg_type.so
[164.623s] -- Set runtime path of "/workspaces/isaac_ros-dev/install/isaac_ros_nitros_std_msg_type/lib/libisaac_ros_nitros_std_msg_type.so" to "/usr/local/cuda/lib64:/opt/ros/humble/install/lib:/workspaces/isaac_ros-dev/install/isaac_ros_common/lib:/workspaces/isaac_ros-dev/install/isaac_ros_nitros_interfaces/lib:/workspaces/isaac_ros-dev/install/isaac_ros_nitros/lib:/workspaces/isaac_ros-dev/install/isaac_ros_gxf/share/isaac_ros_gxf/gxf/lib/core"
[164.623s] -- Installing: /workspaces/isaac_ros-dev/install/isaac_ros_nitros_std_msg_type/lib/libnitros_int64_forward_node.so
[164.625s] -- Set runtime path of "/workspaces/isaac_ros-dev/install/isaac_ros_nitros_std_msg_type/lib/libnitros_int64_forward_node.so" to "/usr/local/cuda/lib64:/opt/ros/humble/install/lib:/workspaces/isaac_ros-dev/install/isaac_ros_common/lib:/workspaces/isaac_ros-dev/install/isaac_ros_nitros_interfaces/lib:/workspaces/isaac_ros-dev/install/isaac_ros_nitros/lib:/workspaces/isaac_ros-dev/install/isaac_ros_gxf/share/isaac_ros_gxf/gxf/lib/core"
[164.626s] -- Installing: /workspaces/isaac_ros-dev/install/isaac_ros_nitros_std_msg_type/share/ament_index/resource_index/package_run_dependencies/isaac_ros_nitros_std_msg_type
[164.626s] -- Installing: /workspaces/isaac_ros-dev/install/isaac_ros_nitros_std_msg_type/share/ament_index/resource_index/parent_prefix_path/isaac_ros_nitros_std_msg_type
[164.627s] -- Installing: /workspaces/isaac_ros-dev/install/isaac_ros_nitros_std_msg_type/share/isaac_ros_nitros_std_msg_type/environment/ament_prefix_path.sh
[164.627s] -- Installing: /workspaces/isaac_ros-dev/install/isaac_ros_nitros_std_msg_type/share/isaac_ros_nitros_std_msg_type/environment/ament_prefix_path.dsv
[164.628s] -- Installing: /workspaces/isaac_ros-dev/install/isaac_ros_nitros_std_msg_type/share/isaac_ros_nitros_std_msg_type/environment/path.sh
[164.628s] -- Installing: /workspaces/isaac_ros-dev/install/isaac_ros_nitros_std_msg_type/share/isaac_ros_nitros_std_msg_type/environment/path.dsv
[164.629s] -- Installing: /workspaces/isaac_ros-dev/install/isaac_ros_nitros_std_msg_type/share/isaac_ros_nitros_std_msg_type/local_setup.bash
[164.629s] -- Installing: /workspaces/isaac_ros-dev/install/isaac_ros_nitros_std_msg_type/share/isaac_ros_nitros_std_msg_type/local_setup.sh
[164.629s] -- Installing: /workspaces/isaac_ros-dev/install/isaac_ros_nitros_std_msg_type/share/isaac_ros_nitros_std_msg_type/local_setup.zsh
[164.630s] -- Installing: /workspaces/isaac_ros-dev/install/isaac_ros_nitros_std_msg_type/share/isaac_ros_nitros_std_msg_type/local_setup.dsv
[164.630s] -- Installing: /workspaces/isaac_ros-dev/install/isaac_ros_nitros_std_msg_type/share/isaac_ros_nitros_std_msg_type/package.dsv
[164.631s] -- Installing: /workspaces/isaac_ros-dev/install/isaac_ros_nitros_std_msg_type/share/ament_index/resource_index/packages/isaac_ros_nitros_std_msg_type
[164.631s] -- Installing: /workspaces/isaac_ros-dev/install/isaac_ros_nitros_std_msg_type/share/ament_index/resource_index/rclcpp_components/isaac_ros_nitros_std_msg_type
[164.632s] -- Installing: /workspaces/isaac_ros-dev/install/isaac_ros_nitros_std_msg_type/share/isaac_ros_nitros_std_msg_type/cmake/ament_cmake_export_dependencies-extras.cmake
[164.633s] -- Installing: /workspaces/isaac_ros-dev/install/isaac_ros_nitros_std_msg_type/share/isaac_ros_nitros_std_msg_type/cmake/ament_cmake_export_include_directories-extras.cmake
[164.663s] -- Installing: /workspaces/isaac_ros-dev/install/isaac_ros_nitros_std_msg_type/share/isaac_ros_nitros_std_msg_type/cmake/ament_cmake_export_libraries-extras.cmake
[164.664s] -- Installing: /workspaces/isaac_ros-dev/install/isaac_ros_nitros_std_msg_type/share/isaac_ros_nitros_std_msg_type/cmake/isaac_ros_nitros_std_msg_typeConfig.cmake
[164.664s] -- Installing: /workspaces/isaac_ros-dev/install/isaac_ros_nitros_std_msg_type/share/isaac_ros_nitros_std_msg_type/cmake/isaac_ros_nitros_std_msg_typeConfig-version.cmake
[164.664s] -- Installing: /workspaces/isaac_ros-dev/install/isaac_ros_nitros_std_msg_type/share/isaac_ros_nitros_std_msg_type/package.xml
[164.664s] Invoked command in '/workspaces/isaac_ros-dev/build/isaac_ros_nitros_std_msg_type' returned '0': AMENT_PREFIX_PATH=/workspaces/isaac_ros-dev/install/isaac_ros_nitros:/workspaces/isaac_ros-dev/install/isaac_ros_nitros_interfaces:/workspaces/isaac_ros-dev/install/isaac_ros_gxf:/workspaces/isaac_ros-dev/install/isaac_ros_test:/workspaces/isaac_ros-dev/install/isaac_ros_common:${AMENT_PREFIX_PATH} CMAKE_PREFIX_PATH=/workspaces/isaac_ros-dev/install/isaac_ros_nitros:/workspaces/isaac_ros-dev/install/isaac_ros_nitros_interfaces:/workspaces/isaac_ros-dev/install/isaac_ros_gxf:/workspaces/isaac_ros-dev/install/isaac_ros_common:${CMAKE_PREFIX_PATH} LD_LIBRARY_PATH=/workspaces/isaac_ros-dev/install/isaac_ros_nitros/lib:/workspaces/isaac_ros-dev/install/isaac_ros_nitros_interfaces/lib:/workspaces/isaac_ros-dev/install/isaac_ros_common/lib:/opt/ros/humble/install/opt/rviz_ogre_vendor/lib:/opt/ros/humble/install/lib:/usr/lib/aarch64-linux-gnu/tegra/weston:/usr/lib/aarch64-linux-gnu/tegra-egl:/usr/local/cuda-11.4/targets/aarch64-linux/lib:/usr/lib/aarch64-linux-gnu/tegra:/opt/nvidia/vpi2/lib64:/usr/lib/aarch64-linux-gnu-host:/opt/tritonserver/lib PYTHONPATH=/workspaces/isaac_ros-dev/install/isaac_ros_nitros_interfaces/lib/python3.8/site-packages:/workspaces/isaac_ros-dev/install/isaac_ros_test/lib/python3.8/site-packages:${PYTHONPATH} /usr/bin/cmake --install /workspaces/isaac_ros-dev/build/isaac_ros_nitros_std_msg_type
