[0.079s] Invoking command in '/workspaces/isaac_ros-dev/build/isaac_ros_nitros_flat_scan_type': AMENT_PREFIX_PATH=/workspaces/isaac_ros-dev/install/isaac_ros_nitros:/workspaces/isaac_ros-dev/install/isaac_ros_pointcloud_interfaces:/workspaces/isaac_ros-dev/install/isaac_ros_nitros_interfaces:/workspaces/isaac_ros-dev/install/isaac_ros_gxf:/workspaces/isaac_ros-dev/install/isaac_ros_test:/workspaces/isaac_ros-dev/install/isaac_ros_common:${AMENT_PREFIX_PATH} CMAKE_PREFIX_PATH=/workspaces/isaac_ros-dev/install/isaac_ros_nitros:/workspaces/isaac_ros-dev/install/isaac_ros_pointcloud_interfaces:/workspaces/isaac_ros-dev/install/isaac_ros_nitros_interfaces:/workspaces/isaac_ros-dev/install/isaac_ros_gxf:/workspaces/isaac_ros-dev/install/isaac_ros_common:${CMAKE_PREFIX_PATH} LD_LIBRARY_PATH=/workspaces/isaac_ros-dev/install/isaac_ros_nitros/lib:/workspaces/isaac_ros-dev/install/isaac_ros_pointcloud_interfaces/lib:/workspaces/isaac_ros-dev/install/isaac_ros_nitros_interfaces/lib:/workspaces/isaac_ros-dev/install/isaac_ros_common/lib:/opt/ros/humble/install/opt/rviz_ogre_vendor/lib:/opt/ros/humble/install/lib:/usr/lib/aarch64-linux-gnu/tegra/weston:/usr/lib/aarch64-linux-gnu/tegra-egl:/usr/local/cuda-11.4/targets/aarch64-linux/lib:/usr/lib/aarch64-linux-gnu/tegra:/opt/nvidia/vpi2/lib64:/usr/lib/aarch64-linux-gnu-host:/opt/tritonserver/lib PYTHONPATH=/workspaces/isaac_ros-dev/install/isaac_ros_pointcloud_interfaces/lib/python3.8/site-packages:/workspaces/isaac_ros-dev/install/isaac_ros_nitros_interfaces/lib/python3.8/site-packages:/workspaces/isaac_ros-dev/build/isaac_ros_test:/workspaces/isaac_ros-dev/install/isaac_ros_test/lib/python3.8/site-packages:${PYTHONPATH} /usr/bin/cmake /workspaces/isaac_ros-dev/src/isaac_ros_nitros/isaac_ros_nitros_type/isaac_ros_nitros_flat_scan_type -DAMENT_CMAKE_SYMLINK_INSTALL=1 -DCMAKE_INSTALL_PREFIX=/workspaces/isaac_ros-dev/install/isaac_ros_nitros_flat_scan_type
[0.229s] -- The C compiler identification is GNU 9.4.0
[0.378s] -- The CXX compiler identification is GNU 9.4.0
[0.400s] -- Detecting C compiler ABI info
[0.567s] -- Detecting C compiler ABI info - done
[0.579s] -- Check for working C compiler: /usr/bin/cc - skipped
[0.580s] -- Detecting C compile features
[0.583s] -- Detecting C compile features - done
[0.592s] -- Detecting CXX compiler ABI info
[0.772s] -- Detecting CXX compiler ABI info - done
[0.792s] -- Check for working CXX compiler: /usr/bin/c++ - skipped
[0.794s] -- Detecting CXX compile features
[0.797s] -- Detecting CXX compile features - done
[0.803s] -- Found ament_cmake_auto: 1.3.3 (/opt/ros/humble/install/share/ament_cmake_auto/cmake)
[3.173s] -- Found Python3: /usr/bin/python3.8 (found version "3.8.10") found components: Interpreter 
[3.367s] -- Override CMake install command with custom implementation using symlinks instead of copying resources
[3.667s] -- Loading isaac_ros_common extras
[3.668s] -- CMAKE_BUILD_TYPE: Release
[3.719s] -- Looking for pthread.h
[3.945s] -- Looking for pthread.h - found
[3.948s] -- Performing Test CMAKE_HAVE_LIBC_PTHREAD
[4.263s] -- Performing Test CMAKE_HAVE_LIBC_PTHREAD - Failed
[4.265s] -- Looking for pthread_create in pthreads
[4.712s] -- Looking for pthread_create in pthreads - not found
[4.713s] -- Looking for pthread_create in pthread
[5.040s] -- Looking for pthread_create in pthread - found
[5.044s] -- Found Threads: TRUE  
[5.135s] -- Found CUDA: /usr/local/cuda (found version "11.4") 
[5.138s] -- Loading isaac_ros_common extras (modules)
[5.327s] -- Found rosidl_generator_c: 3.1.4 (/opt/ros/humble/install/share/rosidl_generator_c/cmake)
[5.357s] -- Found rosidl_adapter: 3.1.4 (/opt/ros/humble/install/share/rosidl_adapter/cmake)
[5.394s] -- Found rosidl_generator_cpp: 3.1.4 (/opt/ros/humble/install/share/rosidl_generator_cpp/cmake)
[5.451s] -- Using all available rosidl_typesupport_c: rosidl_typesupport_fastrtps_c;rosidl_typesupport_introspection_c
[5.535s] -- Using all available rosidl_typesupport_cpp: rosidl_typesupport_fastrtps_cpp;rosidl_typesupport_introspection_cpp
[5.915s] -- Found rmw_implementation_cmake: 6.1.1 (/opt/ros/humble/install/share/rmw_implementation_cmake/cmake)
[5.951s] -- Found rmw_fastrtps_cpp: 6.2.2 (/opt/ros/humble/install/share/rmw_fastrtps_cpp/cmake)
[6.594s] -- Found OpenSSL: /usr/lib/aarch64-linux-gnu/libcrypto.so (found version "1.1.1f")  
[6.819s] -- Found FastRTPS: /opt/ros/humble/install/include  
[7.076s] -- Using RMW implementation 'rmw_fastrtps_cpp' as default
[8.143s] -- Loading isaac_ros_gxf extras
[8.348s] -- Found atlas lib=/workspaces/isaac_ros-dev/install/isaac_ros_gxf/share/isaac_ros_gxf/gxf/lib/libgxf_atlas.so, include=/workspaces/isaac_ros-dev/install/isaac_ros_gxf/share/isaac_ros_gxf/gxf/include/gxf
[8.355s] -- Found cuda lib=/workspaces/isaac_ros-dev/install/isaac_ros_gxf/share/isaac_ros_gxf/gxf/lib/cuda/libgxf_cuda.so, include=/workspaces/isaac_ros-dev/install/isaac_ros_gxf/share/isaac_ros_gxf/gxf/include/gxf
[8.364s] -- Found isaac_messages lib=/workspaces/isaac_ros-dev/install/isaac_ros_gxf/share/isaac_ros_gxf/gxf/lib/libgxf_isaac_messages.so, include=/workspaces/isaac_ros-dev/install/isaac_ros_gxf/share/isaac_ros_gxf/gxf/include/gxf
[8.372s] -- Found isaac_ros_messages lib=/workspaces/isaac_ros-dev/install/isaac_ros_gxf/share/isaac_ros_gxf/gxf/lib/libgxf_isaac_ros_messages.so, include=/workspaces/isaac_ros-dev/install/isaac_ros_gxf/share/isaac_ros_gxf/gxf/include/gxf
[8.380s] -- Found multimedia lib=/workspaces/isaac_ros-dev/install/isaac_ros_gxf/share/isaac_ros_gxf/gxf/lib/multimedia/libgxf_multimedia.so, include=/workspaces/isaac_ros-dev/install/isaac_ros_gxf/share/isaac_ros_gxf/gxf/include/gxf
[8.394s] -- Found gxf_optimizer lib=/workspaces/isaac_ros-dev/install/isaac_ros_gxf/share/isaac_ros_gxf/gxf/lib/libgxf_optimizer.so, include=/workspaces/isaac_ros-dev/install/isaac_ros_gxf/share/isaac_ros_gxf/gxf/include/gxf
[8.403s] -- Found serialization lib=/workspaces/isaac_ros-dev/install/isaac_ros_gxf/share/isaac_ros_gxf/gxf/lib/serialization/libgxf_serialization.so, include=/workspaces/isaac_ros-dev/install/isaac_ros_gxf/share/isaac_ros_gxf/gxf/include/gxf
[8.411s] -- Found std lib=/workspaces/isaac_ros-dev/install/isaac_ros_gxf/share/isaac_ros_gxf/gxf/lib/std/libgxf_std.so, include=/workspaces/isaac_ros-dev/install/isaac_ros_gxf/share/isaac_ros_gxf/gxf/include/gxf
[8.419s] -- Found core lib=/workspaces/isaac_ros-dev/install/isaac_ros_gxf/share/isaac_ros_gxf/gxf/lib/core/libgxf_core.so, include=/workspaces/isaac_ros-dev/install/isaac_ros_gxf/share/isaac_ros_gxf/gxf/include/gxf
[8.425s] -- Found GXF:  (found suitable version "2.5.0", minimum required is "2.5.0") found components: core isaac_ros_messages 
[12.716s] -- Performing Test FLAG_WEXTRA
[13.035s] -- Performing Test FLAG_WEXTRA - Success
[13.544s] -- Found ament_lint_auto: 0.12.5 (/opt/ros/humble/install/share/ament_lint_auto/cmake)
[13.723s] -- Found launch_testing_ament_cmake: 1.0.4 (/opt/ros/humble/install/share/launch_testing_ament_cmake/cmake)
[13.729s] -- Found python_cmake_module: 0.10.0 (/opt/ros/humble/install/share/python_cmake_module/cmake)
[13.897s] -- Found PythonInterp: /usr/bin/python3 (found suitable version "3.8.10", minimum required is "3.6") 
[13.915s] -- Found PythonLibs: /usr/lib/aarch64-linux-gnu/libpython3.8.so (found suitable version "3.8.10", minimum required is "3.5") 
[13.916s] -- Using PYTHON_EXECUTABLE: /usr/bin/python3
[13.917s] -- Using PYTHON_INCLUDE_DIRS: /usr/include/python3.8
[13.917s] -- Using PYTHON_LIBRARIES: /usr/lib/aarch64-linux-gnu/libpython3.8.so
[14.035s] -- Found PythonExtra: .so  
[14.129s] -- Added test 'cppcheck' to perform static code analysis on C / C++ code
[14.130s] -- Configured cppcheck include dirs: /workspaces/isaac_ros-dev/src/isaac_ros_nitros/isaac_ros_nitros_type/isaac_ros_nitros_flat_scan_type/include
[14.131s] -- Configured cppcheck exclude dirs and/or files: 
[14.135s] -- Added test 'cpplint' to check C / C++ code against the Google style
[14.136s] -- Configured cpplint exclude dirs and/or files: 
[14.137s] -- Added test 'flake8' to check Python code syntax and style conventions
[14.153s] -- Added test 'lint_cmake' to check CMake code style
[14.154s] -- Added test 'pep257' to check Python code against some of the docstring style conventions in PEP 257
[14.172s] -- Added test 'uncrustify' to check C / C++ code style
[14.173s] -- Configured uncrustify additional arguments: 
[14.174s] -- Added test 'xmllint' to check XML markup files
[14.202s] -- Configuring done
[14.519s] -- Generating done
[14.529s] -- Build files have been written to: /workspaces/isaac_ros-dev/build/isaac_ros_nitros_flat_scan_type
[14.568s] Invoked command in '/workspaces/isaac_ros-dev/build/isaac_ros_nitros_flat_scan_type' returned '0': AMENT_PREFIX_PATH=/workspaces/isaac_ros-dev/install/isaac_ros_nitros:/workspaces/isaac_ros-dev/install/isaac_ros_pointcloud_interfaces:/workspaces/isaac_ros-dev/install/isaac_ros_nitros_interfaces:/workspaces/isaac_ros-dev/install/isaac_ros_gxf:/workspaces/isaac_ros-dev/install/isaac_ros_test:/workspaces/isaac_ros-dev/install/isaac_ros_common:${AMENT_PREFIX_PATH} CMAKE_PREFIX_PATH=/workspaces/isaac_ros-dev/install/isaac_ros_nitros:/workspaces/isaac_ros-dev/install/isaac_ros_pointcloud_interfaces:/workspaces/isaac_ros-dev/install/isaac_ros_nitros_interfaces:/workspaces/isaac_ros-dev/install/isaac_ros_gxf:/workspaces/isaac_ros-dev/install/isaac_ros_common:${CMAKE_PREFIX_PATH} LD_LIBRARY_PATH=/workspaces/isaac_ros-dev/install/isaac_ros_nitros/lib:/workspaces/isaac_ros-dev/install/isaac_ros_pointcloud_interfaces/lib:/workspaces/isaac_ros-dev/install/isaac_ros_nitros_interfaces/lib:/workspaces/isaac_ros-dev/install/isaac_ros_common/lib:/opt/ros/humble/install/opt/rviz_ogre_vendor/lib:/opt/ros/humble/install/lib:/usr/lib/aarch64-linux-gnu/tegra/weston:/usr/lib/aarch64-linux-gnu/tegra-egl:/usr/local/cuda-11.4/targets/aarch64-linux/lib:/usr/lib/aarch64-linux-gnu/tegra:/opt/nvidia/vpi2/lib64:/usr/lib/aarch64-linux-gnu-host:/opt/tritonserver/lib PYTHONPATH=/workspaces/isaac_ros-dev/install/isaac_ros_pointcloud_interfaces/lib/python3.8/site-packages:/workspaces/isaac_ros-dev/install/isaac_ros_nitros_interfaces/lib/python3.8/site-packages:/workspaces/isaac_ros-dev/build/isaac_ros_test:/workspaces/isaac_ros-dev/install/isaac_ros_test/lib/python3.8/site-packages:${PYTHONPATH} /usr/bin/cmake /workspaces/isaac_ros-dev/src/isaac_ros_nitros/isaac_ros_nitros_type/isaac_ros_nitros_flat_scan_type -DAMENT_CMAKE_SYMLINK_INSTALL=1 -DCMAKE_INSTALL_PREFIX=/workspaces/isaac_ros-dev/install/isaac_ros_nitros_flat_scan_type
[14.576s] Invoking command in '/workspaces/isaac_ros-dev/build/isaac_ros_nitros_flat_scan_type': AMENT_PREFIX_PATH=/workspaces/isaac_ros-dev/install/isaac_ros_nitros:/workspaces/isaac_ros-dev/install/isaac_ros_pointcloud_interfaces:/workspaces/isaac_ros-dev/install/isaac_ros_nitros_interfaces:/workspaces/isaac_ros-dev/install/isaac_ros_gxf:/workspaces/isaac_ros-dev/install/isaac_ros_test:/workspaces/isaac_ros-dev/install/isaac_ros_common:${AMENT_PREFIX_PATH} CMAKE_PREFIX_PATH=/workspaces/isaac_ros-dev/install/isaac_ros_nitros:/workspaces/isaac_ros-dev/install/isaac_ros_pointcloud_interfaces:/workspaces/isaac_ros-dev/install/isaac_ros_nitros_interfaces:/workspaces/isaac_ros-dev/install/isaac_ros_gxf:/workspaces/isaac_ros-dev/install/isaac_ros_common:${CMAKE_PREFIX_PATH} LD_LIBRARY_PATH=/workspaces/isaac_ros-dev/install/isaac_ros_nitros/lib:/workspaces/isaac_ros-dev/install/isaac_ros_pointcloud_interfaces/lib:/workspaces/isaac_ros-dev/install/isaac_ros_nitros_interfaces/lib:/workspaces/isaac_ros-dev/install/isaac_ros_common/lib:/opt/ros/humble/install/opt/rviz_ogre_vendor/lib:/opt/ros/humble/install/lib:/usr/lib/aarch64-linux-gnu/tegra/weston:/usr/lib/aarch64-linux-gnu/tegra-egl:/usr/local/cuda-11.4/targets/aarch64-linux/lib:/usr/lib/aarch64-linux-gnu/tegra:/opt/nvidia/vpi2/lib64:/usr/lib/aarch64-linux-gnu-host:/opt/tritonserver/lib PYTHONPATH=/workspaces/isaac_ros-dev/install/isaac_ros_pointcloud_interfaces/lib/python3.8/site-packages:/workspaces/isaac_ros-dev/install/isaac_ros_nitros_interfaces/lib/python3.8/site-packages:/workspaces/isaac_ros-dev/build/isaac_ros_test:/workspaces/isaac_ros-dev/install/isaac_ros_test/lib/python3.8/site-packages:${PYTHONPATH} /usr/bin/cmake --build /workspaces/isaac_ros-dev/build/isaac_ros_nitros_flat_scan_type -- -j4 -l4
[14.788s] [  2%] [32mBuilding CXX object _deps/yaml-cpp-build/CMakeFiles/yaml-cpp.dir/src/binary.cpp.o[0m
[15.784s] [  5%] [32mBuilding CXX object _deps/yaml-cpp-build/CMakeFiles/yaml-cpp.dir/src/emit.cpp.o[0m
[17.656s] [  8%] [32mBuilding CXX object _deps/yaml-cpp-build/CMakeFiles/yaml-cpp.dir/src/emitfromevents.cpp.o[0m
[19.844s] [ 11%] [32mBuilding CXX object _deps/yaml-cpp-build/CMakeFiles/yaml-cpp.dir/src/emitter.cpp.o[0m
[23.060s] [ 14%] [32mBuilding CXX object _deps/yaml-cpp-build/CMakeFiles/yaml-cpp.dir/src/emitterstate.cpp.o[0m
[26.359s] [ 17%] [32mBuilding CXX object _deps/yaml-cpp-build/CMakeFiles/yaml-cpp.dir/src/emitterutils.cpp.o[0m
[36.725s] [ 20%] [32mBuilding CXX object _deps/yaml-cpp-build/CMakeFiles/yaml-cpp.dir/src/exceptions.cpp.o[0m
[38.205s] [ 22%] [32mBuilding CXX object _deps/yaml-cpp-build/CMakeFiles/yaml-cpp.dir/src/exp.cpp.o[0m
[40.123s] [ 25%] [32mBuilding CXX object _deps/yaml-cpp-build/CMakeFiles/yaml-cpp.dir/src/memory.cpp.o[0m
[42.492s] [ 28%] [32mBuilding CXX object _deps/yaml-cpp-build/CMakeFiles/yaml-cpp.dir/src/node.cpp.o[0m
[43.683s] [ 31%] [32mBuilding CXX object _deps/yaml-cpp-build/CMakeFiles/yaml-cpp.dir/src/node_data.cpp.o[0m
[46.871s] [ 34%] [32mBuilding CXX object _deps/yaml-cpp-build/CMakeFiles/yaml-cpp.dir/src/nodebuilder.cpp.o[0m
[50.063s] [ 37%] [32mBuilding CXX object _deps/yaml-cpp-build/CMakeFiles/yaml-cpp.dir/src/nodeevents.cpp.o[0m
[52.521s] [ 40%] [32mBuilding CXX object _deps/yaml-cpp-build/CMakeFiles/yaml-cpp.dir/src/null.cpp.o[0m
[53.174s] [ 42%] [32mBuilding CXX object _deps/yaml-cpp-build/CMakeFiles/yaml-cpp.dir/src/ostream_wrapper.cpp.o[0m
[54.565s] [ 45%] [32mBuilding CXX object _deps/yaml-cpp-build/CMakeFiles/yaml-cpp.dir/src/parse.cpp.o[0m
[57.868s] [ 48%] [32mBuilding CXX object _deps/yaml-cpp-build/CMakeFiles/yaml-cpp.dir/src/parser.cpp.o[0m
[61.060s] [ 51%] [32mBuilding CXX object _deps/yaml-cpp-build/CMakeFiles/yaml-cpp.dir/src/regex_yaml.cpp.o[0m
[62.832s] [ 54%] [32mBuilding CXX object _deps/yaml-cpp-build/CMakeFiles/yaml-cpp.dir/src/scanner.cpp.o[0m
[67.907s] [ 57%] [32mBuilding CXX object _deps/yaml-cpp-build/CMakeFiles/yaml-cpp.dir/src/scanscalar.cpp.o[0m
[71.517s] [ 60%] [32mBuilding CXX object _deps/yaml-cpp-build/CMakeFiles/yaml-cpp.dir/src/scantag.cpp.o[0m
[74.460s] [ 62%] [32mBuilding CXX object _deps/yaml-cpp-build/CMakeFiles/yaml-cpp.dir/src/scantoken.cpp.o[0m
[81.945s] [ 65%] [32mBuilding CXX object _deps/yaml-cpp-build/CMakeFiles/yaml-cpp.dir/src/simplekey.cpp.o[0m
[84.112s] [ 68%] [32mBuilding CXX object _deps/yaml-cpp-build/CMakeFiles/yaml-cpp.dir/src/singledocparser.cpp.o[0m
[88.039s] [ 71%] [32mBuilding CXX object _deps/yaml-cpp-build/CMakeFiles/yaml-cpp.dir/src/stream.cpp.o[0m
[89.526s] [ 74%] [32mBuilding CXX object _deps/yaml-cpp-build/CMakeFiles/yaml-cpp.dir/src/tag.cpp.o[0m
[90.727s] [ 77%] [32mBuilding CXX object _deps/yaml-cpp-build/CMakeFiles/yaml-cpp.dir/src/contrib/graphbuilder.cpp.o[0m
[91.912s] [ 80%] [32mBuilding CXX object _deps/yaml-cpp-build/CMakeFiles/yaml-cpp.dir/src/contrib/graphbuilderadapter.cpp.o[0m
[93.121s] [ 82%] [32mBuilding CXX object _deps/yaml-cpp-build/CMakeFiles/yaml-cpp.dir/src/directives.cpp.o[0m
[93.950s] [ 85%] [32mBuilding CXX object _deps/yaml-cpp-build/CMakeFiles/yaml-cpp.dir/src/convert.cpp.o[0m
[96.203s] [ 88%] [32m[1mLinking CXX static library libyaml-cpp.a[0m
[96.292s] [ 88%] Built target yaml-cpp
[96.331s] [ 91%] [32mBuilding CXX object CMakeFiles/isaac_ros_nitros_flat_scan_type.dir/src/nitros_flat_scan.cpp.o[0m
[132.945s] [ 94%] [32m[1mLinking CXX shared library libisaac_ros_nitros_flat_scan_type.so[0m
[133.441s] [ 94%] Built target isaac_ros_nitros_flat_scan_type
[133.481s] [ 97%] [32mBuilding CXX object CMakeFiles/isaac_ros_nitros_flat_scan_forward_node.dir/test/src/nitros_flat_scan_forward_node.cpp.o[0m
[189.946s] [100%] [32m[1mLinking CXX shared library libisaac_ros_nitros_flat_scan_forward_node.so[0m
[190.896s] [100%] Built target isaac_ros_nitros_flat_scan_forward_node
[190.920s] Invoked command in '/workspaces/isaac_ros-dev/build/isaac_ros_nitros_flat_scan_type' returned '0': AMENT_PREFIX_PATH=/workspaces/isaac_ros-dev/install/isaac_ros_nitros:/workspaces/isaac_ros-dev/install/isaac_ros_pointcloud_interfaces:/workspaces/isaac_ros-dev/install/isaac_ros_nitros_interfaces:/workspaces/isaac_ros-dev/install/isaac_ros_gxf:/workspaces/isaac_ros-dev/install/isaac_ros_test:/workspaces/isaac_ros-dev/install/isaac_ros_common:${AMENT_PREFIX_PATH} CMAKE_PREFIX_PATH=/workspaces/isaac_ros-dev/install/isaac_ros_nitros:/workspaces/isaac_ros-dev/install/isaac_ros_pointcloud_interfaces:/workspaces/isaac_ros-dev/install/isaac_ros_nitros_interfaces:/workspaces/isaac_ros-dev/install/isaac_ros_gxf:/workspaces/isaac_ros-dev/install/isaac_ros_common:${CMAKE_PREFIX_PATH} LD_LIBRARY_PATH=/workspaces/isaac_ros-dev/install/isaac_ros_nitros/lib:/workspaces/isaac_ros-dev/install/isaac_ros_pointcloud_interfaces/lib:/workspaces/isaac_ros-dev/install/isaac_ros_nitros_interfaces/lib:/workspaces/isaac_ros-dev/install/isaac_ros_common/lib:/opt/ros/humble/install/opt/rviz_ogre_vendor/lib:/opt/ros/humble/install/lib:/usr/lib/aarch64-linux-gnu/tegra/weston:/usr/lib/aarch64-linux-gnu/tegra-egl:/usr/local/cuda-11.4/targets/aarch64-linux/lib:/usr/lib/aarch64-linux-gnu/tegra:/opt/nvidia/vpi2/lib64:/usr/lib/aarch64-linux-gnu-host:/opt/tritonserver/lib PYTHONPATH=/workspaces/isaac_ros-dev/install/isaac_ros_pointcloud_interfaces/lib/python3.8/site-packages:/workspaces/isaac_ros-dev/install/isaac_ros_nitros_interfaces/lib/python3.8/site-packages:/workspaces/isaac_ros-dev/build/isaac_ros_test:/workspaces/isaac_ros-dev/install/isaac_ros_test/lib/python3.8/site-packages:${PYTHONPATH} /usr/bin/cmake --build /workspaces/isaac_ros-dev/build/isaac_ros_nitros_flat_scan_type -- -j4 -l4
[191.046s] Invoking command in '/workspaces/isaac_ros-dev/build/isaac_ros_nitros_flat_scan_type': AMENT_PREFIX_PATH=/workspaces/isaac_ros-dev/install/isaac_ros_nitros:/workspaces/isaac_ros-dev/install/isaac_ros_pointcloud_interfaces:/workspaces/isaac_ros-dev/install/isaac_ros_nitros_interfaces:/workspaces/isaac_ros-dev/install/isaac_ros_gxf:/workspaces/isaac_ros-dev/install/isaac_ros_test:/workspaces/isaac_ros-dev/install/isaac_ros_common:${AMENT_PREFIX_PATH} CMAKE_PREFIX_PATH=/workspaces/isaac_ros-dev/install/isaac_ros_nitros:/workspaces/isaac_ros-dev/install/isaac_ros_pointcloud_interfaces:/workspaces/isaac_ros-dev/install/isaac_ros_nitros_interfaces:/workspaces/isaac_ros-dev/install/isaac_ros_gxf:/workspaces/isaac_ros-dev/install/isaac_ros_common:${CMAKE_PREFIX_PATH} LD_LIBRARY_PATH=/workspaces/isaac_ros-dev/install/isaac_ros_nitros/lib:/workspaces/isaac_ros-dev/install/isaac_ros_pointcloud_interfaces/lib:/workspaces/isaac_ros-dev/install/isaac_ros_nitros_interfaces/lib:/workspaces/isaac_ros-dev/install/isaac_ros_common/lib:/opt/ros/humble/install/opt/rviz_ogre_vendor/lib:/opt/ros/humble/install/lib:/usr/lib/aarch64-linux-gnu/tegra/weston:/usr/lib/aarch64-linux-gnu/tegra-egl:/usr/local/cuda-11.4/targets/aarch64-linux/lib:/usr/lib/aarch64-linux-gnu/tegra:/opt/nvidia/vpi2/lib64:/usr/lib/aarch64-linux-gnu-host:/opt/tritonserver/lib PYTHONPATH=/workspaces/isaac_ros-dev/install/isaac_ros_pointcloud_interfaces/lib/python3.8/site-packages:/workspaces/isaac_ros-dev/install/isaac_ros_nitros_interfaces/lib/python3.8/site-packages:/workspaces/isaac_ros-dev/build/isaac_ros_test:/workspaces/isaac_ros-dev/install/isaac_ros_test/lib/python3.8/site-packages:${PYTHONPATH} /usr/bin/cmake --install /workspaces/isaac_ros-dev/build/isaac_ros_nitros_flat_scan_type
[191.069s] -- Install configuration: "Release"
[191.069s] -- Execute custom install script
[191.069s] -- Symlinking: /workspaces/isaac_ros-dev/install/isaac_ros_nitros_flat_scan_type/lib/pkgconfig/yaml-cpp.pc
[191.081s] -- Symlinking: /workspaces/isaac_ros-dev/install/isaac_ros_nitros_flat_scan_type/share/isaac_ros_nitros_flat_scan_type/test/config/test_forward_node.yaml
[191.096s] -- Symlinking: /workspaces/isaac_ros-dev/install/isaac_ros_nitros_flat_scan_type/include/isaac_ros_nitros_flat_scan_type/nitros_flat_scan.hpp
[191.108s] -- Symlinking: /workspaces/isaac_ros-dev/install/isaac_ros_nitros_flat_scan_type/share/isaac_ros_nitros_flat_scan_type/environment/library_path.sh
[191.120s] -- Symlinking: /workspaces/isaac_ros-dev/install/isaac_ros_nitros_flat_scan_type/share/isaac_ros_nitros_flat_scan_type/environment/library_path.dsv
[191.133s] -- Symlinking: /workspaces/isaac_ros-dev/install/isaac_ros_nitros_flat_scan_type/lib/libisaac_ros_nitros_flat_scan_type.so
[191.145s] -- Symlinking: /workspaces/isaac_ros-dev/install/isaac_ros_nitros_flat_scan_type/lib/libisaac_ros_nitros_flat_scan_forward_node.so
[191.159s] -- Symlinking: /workspaces/isaac_ros-dev/install/isaac_ros_nitros_flat_scan_type/share/ament_index/resource_index/package_run_dependencies/isaac_ros_nitros_flat_scan_type
[191.171s] -- Symlinking: /workspaces/isaac_ros-dev/install/isaac_ros_nitros_flat_scan_type/share/ament_index/resource_index/parent_prefix_path/isaac_ros_nitros_flat_scan_type
[191.183s] -- Symlinking: /workspaces/isaac_ros-dev/install/isaac_ros_nitros_flat_scan_type/share/isaac_ros_nitros_flat_scan_type/environment/ament_prefix_path.sh
[191.196s] -- Symlinking: /workspaces/isaac_ros-dev/install/isaac_ros_nitros_flat_scan_type/share/isaac_ros_nitros_flat_scan_type/environment/ament_prefix_path.dsv
[191.208s] -- Symlinking: /workspaces/isaac_ros-dev/install/isaac_ros_nitros_flat_scan_type/share/isaac_ros_nitros_flat_scan_type/environment/path.sh
[191.220s] -- Symlinking: /workspaces/isaac_ros-dev/install/isaac_ros_nitros_flat_scan_type/share/isaac_ros_nitros_flat_scan_type/environment/path.dsv
[191.233s] -- Symlinking: /workspaces/isaac_ros-dev/install/isaac_ros_nitros_flat_scan_type/share/isaac_ros_nitros_flat_scan_type/local_setup.bash
[191.245s] -- Symlinking: /workspaces/isaac_ros-dev/install/isaac_ros_nitros_flat_scan_type/share/isaac_ros_nitros_flat_scan_type/local_setup.sh
[191.257s] -- Symlinking: /workspaces/isaac_ros-dev/install/isaac_ros_nitros_flat_scan_type/share/isaac_ros_nitros_flat_scan_type/local_setup.zsh
[191.269s] -- Symlinking: /workspaces/isaac_ros-dev/install/isaac_ros_nitros_flat_scan_type/share/isaac_ros_nitros_flat_scan_type/local_setup.dsv
[191.281s] -- Symlinking: /workspaces/isaac_ros-dev/install/isaac_ros_nitros_flat_scan_type/share/isaac_ros_nitros_flat_scan_type/package.dsv
[191.293s] -- Symlinking: /workspaces/isaac_ros-dev/install/isaac_ros_nitros_flat_scan_type/share/ament_index/resource_index/packages/isaac_ros_nitros_flat_scan_type
[191.306s] -- Symlinking: /workspaces/isaac_ros-dev/install/isaac_ros_nitros_flat_scan_type/share/ament_index/resource_index/rclcpp_components/isaac_ros_nitros_flat_scan_type
[191.317s] -- Symlinking: /workspaces/isaac_ros-dev/install/isaac_ros_nitros_flat_scan_type/share/isaac_ros_nitros_flat_scan_type/cmake/ament_cmake_export_dependencies-extras.cmake
[191.329s] -- Symlinking: /workspaces/isaac_ros-dev/install/isaac_ros_nitros_flat_scan_type/share/isaac_ros_nitros_flat_scan_type/cmake/ament_cmake_export_include_directories-extras.cmake
[191.342s] -- Symlinking: /workspaces/isaac_ros-dev/install/isaac_ros_nitros_flat_scan_type/share/isaac_ros_nitros_flat_scan_type/cmake/ament_cmake_export_libraries-extras.cmake
[191.354s] -- Symlinking: /workspaces/isaac_ros-dev/install/isaac_ros_nitros_flat_scan_type/share/isaac_ros_nitros_flat_scan_type/cmake/isaac_ros_nitros_flat_scan_typeConfig.cmake
[191.366s] -- Symlinking: /workspaces/isaac_ros-dev/install/isaac_ros_nitros_flat_scan_type/share/isaac_ros_nitros_flat_scan_type/cmake/isaac_ros_nitros_flat_scan_typeConfig-version.cmake
[191.377s] -- Symlinking: /workspaces/isaac_ros-dev/install/isaac_ros_nitros_flat_scan_type/share/isaac_ros_nitros_flat_scan_type/package.xml
[191.392s] -- Installing: /workspaces/isaac_ros-dev/install/isaac_ros_nitros_flat_scan_type/lib/libyaml-cpp.a
[191.392s] -- Installing: /workspaces/isaac_ros-dev/install/isaac_ros_nitros_flat_scan_type/include/yaml-cpp
[191.393s] -- Installing: /workspaces/isaac_ros-dev/install/isaac_ros_nitros_flat_scan_type/include/yaml-cpp/exceptions.h
[191.393s] -- Installing: /workspaces/isaac_ros-dev/install/isaac_ros_nitros_flat_scan_type/include/yaml-cpp/ostream_wrapper.h
[191.393s] -- Installing: /workspaces/isaac_ros-dev/install/isaac_ros_nitros_flat_scan_type/include/yaml-cpp/emitterstyle.h
[191.394s] -- Installing: /workspaces/isaac_ros-dev/install/isaac_ros_nitros_flat_scan_type/include/yaml-cpp/yaml.h
[191.396s] -- Installing: /workspaces/isaac_ros-dev/install/isaac_ros_nitros_flat_scan_type/include/yaml-cpp/binary.h
[191.396s] -- Installing: /workspaces/isaac_ros-dev/install/isaac_ros_nitros_flat_scan_type/include/yaml-cpp/emitfromevents.h
[191.397s] -- Installing: /workspaces/isaac_ros-dev/install/isaac_ros_nitros_flat_scan_type/include/yaml-cpp/dll.h
[191.397s] -- Installing: /workspaces/isaac_ros-dev/install/isaac_ros_nitros_flat_scan_type/include/yaml-cpp/traits.h
[191.398s] -- Installing: /workspaces/isaac_ros-dev/install/isaac_ros_nitros_flat_scan_type/include/yaml-cpp/contrib
[191.398s] -- Installing: /workspaces/isaac_ros-dev/install/isaac_ros_nitros_flat_scan_type/include/yaml-cpp/contrib/anchordict.h
[191.399s] -- Installing: /workspaces/isaac_ros-dev/install/isaac_ros_nitros_flat_scan_type/include/yaml-cpp/contrib/graphbuilder.h
[191.400s] -- Installing: /workspaces/isaac_ros-dev/install/isaac_ros_nitros_flat_scan_type/include/yaml-cpp/emitter.h
[191.401s] -- Installing: /workspaces/isaac_ros-dev/install/isaac_ros_nitros_flat_scan_type/include/yaml-cpp/stlemitter.h
[191.402s] -- Installing: /workspaces/isaac_ros-dev/install/isaac_ros_nitros_flat_scan_type/include/yaml-cpp/eventhandler.h
[191.403s] -- Installing: /workspaces/isaac_ros-dev/install/isaac_ros_nitros_flat_scan_type/include/yaml-cpp/emittermanip.h
[191.404s] -- Installing: /workspaces/isaac_ros-dev/install/isaac_ros_nitros_flat_scan_type/include/yaml-cpp/anchor.h
[191.405s] -- Installing: /workspaces/isaac_ros-dev/install/isaac_ros_nitros_flat_scan_type/include/yaml-cpp/parser.h
[191.406s] -- Installing: /workspaces/isaac_ros-dev/install/isaac_ros_nitros_flat_scan_type/include/yaml-cpp/emitterdef.h
[191.407s] -- Installing: /workspaces/isaac_ros-dev/install/isaac_ros_nitros_flat_scan_type/include/yaml-cpp/node
[191.408s] -- Installing: /workspaces/isaac_ros-dev/install/isaac_ros_nitros_flat_scan_type/include/yaml-cpp/node/emit.h
[191.409s] -- Installing: /workspaces/isaac_ros-dev/install/isaac_ros_nitros_flat_scan_type/include/yaml-cpp/node/impl.h
[191.410s] -- Installing: /workspaces/isaac_ros-dev/install/isaac_ros_nitros_flat_scan_type/include/yaml-cpp/node/convert.h
[191.411s] -- Installing: /workspaces/isaac_ros-dev/install/isaac_ros_nitros_flat_scan_type/include/yaml-cpp/node/iterator.h
[191.412s] -- Installing: /workspaces/isaac_ros-dev/install/isaac_ros_nitros_flat_scan_type/include/yaml-cpp/node/parse.h
[191.413s] -- Installing: /workspaces/isaac_ros-dev/install/isaac_ros_nitros_flat_scan_type/include/yaml-cpp/node/detail
[191.413s] -- Installing: /workspaces/isaac_ros-dev/install/isaac_ros_nitros_flat_scan_type/include/yaml-cpp/node/detail/impl.h
[191.415s] -- Installing: /workspaces/isaac_ros-dev/install/isaac_ros_nitros_flat_scan_type/include/yaml-cpp/node/detail/node_ref.h
[191.416s] -- Installing: /workspaces/isaac_ros-dev/install/isaac_ros_nitros_flat_scan_type/include/yaml-cpp/node/detail/iterator.h
[191.417s] -- Installing: /workspaces/isaac_ros-dev/install/isaac_ros_nitros_flat_scan_type/include/yaml-cpp/node/detail/node_iterator.h
[191.418s] -- Installing: /workspaces/isaac_ros-dev/install/isaac_ros_nitros_flat_scan_type/include/yaml-cpp/node/detail/memory.h
[191.419s] -- Installing: /workspaces/isaac_ros-dev/install/isaac_ros_nitros_flat_scan_type/include/yaml-cpp/node/detail/iterator_fwd.h
[191.419s] -- Installing: /workspaces/isaac_ros-dev/install/isaac_ros_nitros_flat_scan_type/include/yaml-cpp/node/detail/node_data.h
[191.420s] -- Installing: /workspaces/isaac_ros-dev/install/isaac_ros_nitros_flat_scan_type/include/yaml-cpp/node/detail/bool_type.h
[191.421s] -- Installing: /workspaces/isaac_ros-dev/install/isaac_ros_nitros_flat_scan_type/include/yaml-cpp/node/detail/node.h
[191.422s] -- Installing: /workspaces/isaac_ros-dev/install/isaac_ros_nitros_flat_scan_type/include/yaml-cpp/node/node.h
[191.423s] -- Installing: /workspaces/isaac_ros-dev/install/isaac_ros_nitros_flat_scan_type/include/yaml-cpp/node/ptr.h
[191.424s] -- Installing: /workspaces/isaac_ros-dev/install/isaac_ros_nitros_flat_scan_type/include/yaml-cpp/node/type.h
[191.425s] -- Installing: /workspaces/isaac_ros-dev/install/isaac_ros_nitros_flat_scan_type/include/yaml-cpp/null.h
[191.426s] -- Installing: /workspaces/isaac_ros-dev/install/isaac_ros_nitros_flat_scan_type/include/yaml-cpp/mark.h
[191.428s] -- Installing: /workspaces/isaac_ros-dev/install/isaac_ros_nitros_flat_scan_type/lib/cmake/yaml-cpp/yaml-cpp-config.cmake
[191.429s] -- Installing: /workspaces/isaac_ros-dev/install/isaac_ros_nitros_flat_scan_type/lib/cmake/yaml-cpp/yaml-cpp-config-version.cmake
[191.430s] -- Installing: /workspaces/isaac_ros-dev/install/isaac_ros_nitros_flat_scan_type/lib/cmake/yaml-cpp/yaml-cpp-targets.cmake
[191.431s] -- Installing: /workspaces/isaac_ros-dev/install/isaac_ros_nitros_flat_scan_type/lib/cmake/yaml-cpp/yaml-cpp-targets-release.cmake
[191.444s] Invoked command in '/workspaces/isaac_ros-dev/build/isaac_ros_nitros_flat_scan_type' returned '0': AMENT_PREFIX_PATH=/workspaces/isaac_ros-dev/install/isaac_ros_nitros:/workspaces/isaac_ros-dev/install/isaac_ros_pointcloud_interfaces:/workspaces/isaac_ros-dev/install/isaac_ros_nitros_interfaces:/workspaces/isaac_ros-dev/install/isaac_ros_gxf:/workspaces/isaac_ros-dev/install/isaac_ros_test:/workspaces/isaac_ros-dev/install/isaac_ros_common:${AMENT_PREFIX_PATH} CMAKE_PREFIX_PATH=/workspaces/isaac_ros-dev/install/isaac_ros_nitros:/workspaces/isaac_ros-dev/install/isaac_ros_pointcloud_interfaces:/workspaces/isaac_ros-dev/install/isaac_ros_nitros_interfaces:/workspaces/isaac_ros-dev/install/isaac_ros_gxf:/workspaces/isaac_ros-dev/install/isaac_ros_common:${CMAKE_PREFIX_PATH} LD_LIBRARY_PATH=/workspaces/isaac_ros-dev/install/isaac_ros_nitros/lib:/workspaces/isaac_ros-dev/install/isaac_ros_pointcloud_interfaces/lib:/workspaces/isaac_ros-dev/install/isaac_ros_nitros_interfaces/lib:/workspaces/isaac_ros-dev/install/isaac_ros_common/lib:/opt/ros/humble/install/opt/rviz_ogre_vendor/lib:/opt/ros/humble/install/lib:/usr/lib/aarch64-linux-gnu/tegra/weston:/usr/lib/aarch64-linux-gnu/tegra-egl:/usr/local/cuda-11.4/targets/aarch64-linux/lib:/usr/lib/aarch64-linux-gnu/tegra:/opt/nvidia/vpi2/lib64:/usr/lib/aarch64-linux-gnu-host:/opt/tritonserver/lib PYTHONPATH=/workspaces/isaac_ros-dev/install/isaac_ros_pointcloud_interfaces/lib/python3.8/site-packages:/workspaces/isaac_ros-dev/install/isaac_ros_nitros_interfaces/lib/python3.8/site-packages:/workspaces/isaac_ros-dev/build/isaac_ros_test:/workspaces/isaac_ros-dev/install/isaac_ros_test/lib/python3.8/site-packages:${PYTHONPATH} /usr/bin/cmake --install /workspaces/isaac_ros-dev/build/isaac_ros_nitros_flat_scan_type
