[0.122s] Invoking command in '/workspaces/isaac_ros-dev/build/isaac_ros_h264_encoder': AMENT_PREFIX_PATH=/workspaces/isaac_ros-dev/install/isaac_ros_image_proc:/workspaces/isaac_ros-dev/install/isaac_ros_nitros_image_type:/workspaces/isaac_ros-dev/install/isaac_ros_nitros_compressed_image_type:/workspaces/isaac_ros-dev/install/isaac_ros_nitros_camera_info_type:/workspaces/isaac_ros-dev/install/isaac_ros_nitros:/workspaces/isaac_ros-dev/install/isaac_ros_nitros_interfaces:/workspaces/isaac_ros-dev/install/isaac_ros_gxf:/workspaces/isaac_ros-dev/install/isaac_ros_test:/workspaces/isaac_ros-dev/install/isaac_ros_common:${AMENT_PREFIX_PATH} CMAKE_PREFIX_PATH=/workspaces/isaac_ros-dev/install/isaac_ros_image_proc:/workspaces/isaac_ros-dev/install/isaac_ros_nitros_image_type:/workspaces/isaac_ros-dev/install/isaac_ros_nitros_compressed_image_type:/workspaces/isaac_ros-dev/install/isaac_ros_nitros_camera_info_type:/workspaces/isaac_ros-dev/install/isaac_ros_nitros:/workspaces/isaac_ros-dev/install/isaac_ros_nitros_interfaces:/workspaces/isaac_ros-dev/install/isaac_ros_gxf:/workspaces/isaac_ros-dev/install/isaac_ros_common:${CMAKE_PREFIX_PATH} LD_LIBRARY_PATH=/workspaces/isaac_ros-dev/install/isaac_ros_image_proc/lib:/workspaces/isaac_ros-dev/install/isaac_ros_nitros_image_type/lib:/workspaces/isaac_ros-dev/install/isaac_ros_nitros_compressed_image_type/lib:/workspaces/isaac_ros-dev/install/isaac_ros_nitros_camera_info_type/lib:/workspaces/isaac_ros-dev/install/isaac_ros_nitros/lib:/workspaces/isaac_ros-dev/install/isaac_ros_nitros_interfaces/lib:/workspaces/isaac_ros-dev/install/isaac_ros_common/lib:/opt/ros/humble/install/opt/rviz_ogre_vendor/lib:/opt/ros/humble/install/lib:/usr/lib/aarch64-linux-gnu/tegra/weston:/usr/lib/aarch64-linux-gnu/tegra-egl:/usr/local/cuda-11.4/targets/aarch64-linux/lib:/usr/lib/aarch64-linux-gnu/tegra:/opt/nvidia/vpi2/lib64:/usr/lib/aarch64-linux-gnu-host:/opt/tritonserver/lib PYTHONPATH=/workspaces/isaac_ros-dev/install/isaac_ros_nitros_interfaces/lib/python3.8/site-packages:/workspaces/isaac_ros-dev/build/isaac_ros_test:/workspaces/isaac_ros-dev/install/isaac_ros_test/lib/python3.8/site-packages:${PYTHONPATH} /usr/bin/cmake /workspaces/isaac_ros-dev/src/isaac_ros_compression/isaac_ros_h264_encoder -DAMENT_CMAKE_SYMLINK_INSTALL=1 -DCMAKE_INSTALL_PREFIX=/workspaces/isaac_ros-dev/install/isaac_ros_h264_encoder
[0.287s] -- The C compiler identification is GNU 9.4.0
[0.461s] -- The CXX compiler identification is GNU 9.4.0
[0.485s] -- Detecting C compiler ABI info
[0.689s] -- Detecting C compiler ABI info - done
[0.709s] -- Check for working C compiler: /usr/bin/cc - skipped
[0.710s] -- Detecting C compile features
[0.711s] -- Detecting C compile features - done
[0.721s] -- Detecting CXX compiler ABI info
[0.951s] -- Detecting CXX compiler ABI info - done
[0.971s] -- Check for working CXX compiler: /usr/bin/c++ - skipped
[0.976s] -- Detecting CXX compile features
[0.977s] -- Detecting CXX compile features - done
[0.991s] -- Architecture: aarch64
[0.998s] -- Found ament_cmake_auto: 1.3.3 (/opt/ros/humble/install/share/ament_cmake_auto/cmake)
[3.231s] -- Found Python3: /usr/bin/python3.8 (found version "3.8.10") found components: Interpreter 
[3.409s] -- Override CMake install command with custom implementation using symlinks instead of copying resources
[3.853s] -- Found rosidl_generator_c: 3.1.4 (/opt/ros/humble/install/share/rosidl_generator_c/cmake)
[3.874s] -- Found rosidl_adapter: 3.1.4 (/opt/ros/humble/install/share/rosidl_adapter/cmake)
[3.903s] -- Found rosidl_generator_cpp: 3.1.4 (/opt/ros/humble/install/share/rosidl_generator_cpp/cmake)
[3.948s] -- Using all available rosidl_typesupport_c: rosidl_typesupport_fastrtps_c;rosidl_typesupport_introspection_c
[4.015s] -- Using all available rosidl_typesupport_cpp: rosidl_typesupport_fastrtps_cpp;rosidl_typesupport_introspection_cpp
[4.238s] -- Found rmw_implementation_cmake: 6.1.1 (/opt/ros/humble/install/share/rmw_implementation_cmake/cmake)
[4.248s] -- Found rmw_fastrtps_cpp: 6.2.2 (/opt/ros/humble/install/share/rmw_fastrtps_cpp/cmake)
[4.626s] -- Found OpenSSL: /usr/lib/aarch64-linux-gnu/libcrypto.so (found version "1.1.1f")  
[4.722s] -- Found FastRTPS: /opt/ros/humble/install/include  
[4.892s] -- Using RMW implementation 'rmw_fastrtps_cpp' as default
[4.927s] -- Looking for pthread.h
[5.087s] -- Looking for pthread.h - found
[5.087s] -- Performing Test CMAKE_HAVE_LIBC_PTHREAD
[5.260s] -- Performing Test CMAKE_HAVE_LIBC_PTHREAD - Failed
[5.261s] -- Looking for pthread_create in pthreads
[5.409s] -- Looking for pthread_create in pthreads - not found
[5.410s] -- Looking for pthread_create in pthread
[5.583s] -- Looking for pthread_create in pthread - found
[5.587s] -- Found Threads: TRUE  
[6.801s] -- Loading isaac_ros_common extras
[6.802s] -- CMAKE_BUILD_TYPE: Release
[6.876s] -- Found CUDA: /usr/local/cuda (found version "11.4") 
[6.878s] -- Loading isaac_ros_common extras (modules)
[7.108s] -- Loading isaac_ros_gxf extras
[9.884s] -- Found CUDAToolkit: /usr/local/cuda/include (found version "11.4.315") 
[10.198s] -- Found atlas lib=/workspaces/isaac_ros-dev/install/isaac_ros_gxf/share/isaac_ros_gxf/gxf/lib/libgxf_atlas.so, include=/workspaces/isaac_ros-dev/install/isaac_ros_gxf/share/isaac_ros_gxf/gxf/include/gxf
[10.204s] -- Found cuda lib=/workspaces/isaac_ros-dev/install/isaac_ros_gxf/share/isaac_ros_gxf/gxf/lib/cuda/libgxf_cuda.so, include=/workspaces/isaac_ros-dev/install/isaac_ros_gxf/share/isaac_ros_gxf/gxf/include/gxf
[10.210s] -- Found isaac_messages lib=/workspaces/isaac_ros-dev/install/isaac_ros_gxf/share/isaac_ros_gxf/gxf/lib/libgxf_isaac_messages.so, include=/workspaces/isaac_ros-dev/install/isaac_ros_gxf/share/isaac_ros_gxf/gxf/include/gxf
[10.216s] -- Found isaac_ros_messages lib=/workspaces/isaac_ros-dev/install/isaac_ros_gxf/share/isaac_ros_gxf/gxf/lib/libgxf_isaac_ros_messages.so, include=/workspaces/isaac_ros-dev/install/isaac_ros_gxf/share/isaac_ros_gxf/gxf/include/gxf
[10.222s] -- Found multimedia lib=/workspaces/isaac_ros-dev/install/isaac_ros_gxf/share/isaac_ros_gxf/gxf/lib/multimedia/libgxf_multimedia.so, include=/workspaces/isaac_ros-dev/install/isaac_ros_gxf/share/isaac_ros_gxf/gxf/include/gxf
[10.232s] -- Found gxf_optimizer lib=/workspaces/isaac_ros-dev/install/isaac_ros_gxf/share/isaac_ros_gxf/gxf/lib/libgxf_optimizer.so, include=/workspaces/isaac_ros-dev/install/isaac_ros_gxf/share/isaac_ros_gxf/gxf/include/gxf
[10.238s] -- Found serialization lib=/workspaces/isaac_ros-dev/install/isaac_ros_gxf/share/isaac_ros_gxf/gxf/lib/serialization/libgxf_serialization.so, include=/workspaces/isaac_ros-dev/install/isaac_ros_gxf/share/isaac_ros_gxf/gxf/include/gxf
[10.244s] -- Found std lib=/workspaces/isaac_ros-dev/install/isaac_ros_gxf/share/isaac_ros_gxf/gxf/lib/std/libgxf_std.so, include=/workspaces/isaac_ros-dev/install/isaac_ros_gxf/share/isaac_ros_gxf/gxf/include/gxf
[10.250s] -- Found core lib=/workspaces/isaac_ros-dev/install/isaac_ros_gxf/share/isaac_ros_gxf/gxf/lib/core/libgxf_core.so, include=/workspaces/isaac_ros-dev/install/isaac_ros_gxf/share/isaac_ros_gxf/gxf/include/gxf
[10.254s] -- Found GXF:  (found suitable version "2.5.0", minimum required is "2.5.0") found components: core cuda multimedia serialization std 
[13.450s] -- Performing Test FLAG_WEXTRA
[13.621s] -- Performing Test FLAG_WEXTRA - Success
[13.633s] -- Architecture: aarch64
[13.641s] -- Found ament_lint_auto: 0.12.5 (/opt/ros/humble/install/share/ament_lint_auto/cmake)
[13.762s] -- Found launch_testing_ament_cmake: 1.0.4 (/opt/ros/humble/install/share/launch_testing_ament_cmake/cmake)
[13.768s] -- Found python_cmake_module: 0.10.0 (/opt/ros/humble/install/share/python_cmake_module/cmake)
[13.844s] -- Found PythonInterp: /usr/bin/python3 (found suitable version "3.8.10", minimum required is "3.6") 
[13.865s] -- Found PythonLibs: /usr/lib/aarch64-linux-gnu/libpython3.8.so (found suitable version "3.8.10", minimum required is "3.5") 
[13.865s] -- Using PYTHON_EXECUTABLE: /usr/bin/python3
[13.866s] -- Using PYTHON_INCLUDE_DIRS: /usr/include/python3.8
[13.866s] -- Using PYTHON_LIBRARIES: /usr/lib/aarch64-linux-gnu/libpython3.8.so
[14.017s] -- Found PythonExtra: .so  
[14.041s] -- Added test 'copyright' to check source files copyright and LICENSE
[14.053s] -- Added test 'cppcheck' to perform static code analysis on C / C++ code
[14.054s] -- Configured cppcheck include dirs: /workspaces/isaac_ros-dev/src/isaac_ros_compression/isaac_ros_h264_encoder/include
[14.054s] -- Configured cppcheck exclude dirs and/or files: 
[14.065s] -- Added test 'cpplint' to check C / C++ code against the Google style
[14.066s] -- Configured cpplint exclude dirs and/or files: 
[14.068s] -- Added test 'flake8' to check Python code syntax and style conventions
[14.072s] -- Added test 'lint_cmake' to check CMake code style
[14.075s] -- Added test 'pep257' to check Python code against some of the docstring style conventions in PEP 257
[14.087s] -- Added test 'uncrustify' to check C / C++ code style
[14.087s] -- Configured uncrustify additional arguments: 
[14.090s] -- Added test 'xmllint' to check XML markup files
[14.102s] -- Configuring done
[14.231s] -- Generating done
[14.239s] -- Build files have been written to: /workspaces/isaac_ros-dev/build/isaac_ros_h264_encoder
[14.287s] Invoked command in '/workspaces/isaac_ros-dev/build/isaac_ros_h264_encoder' returned '0': AMENT_PREFIX_PATH=/workspaces/isaac_ros-dev/install/isaac_ros_image_proc:/workspaces/isaac_ros-dev/install/isaac_ros_nitros_image_type:/workspaces/isaac_ros-dev/install/isaac_ros_nitros_compressed_image_type:/workspaces/isaac_ros-dev/install/isaac_ros_nitros_camera_info_type:/workspaces/isaac_ros-dev/install/isaac_ros_nitros:/workspaces/isaac_ros-dev/install/isaac_ros_nitros_interfaces:/workspaces/isaac_ros-dev/install/isaac_ros_gxf:/workspaces/isaac_ros-dev/install/isaac_ros_test:/workspaces/isaac_ros-dev/install/isaac_ros_common:${AMENT_PREFIX_PATH} CMAKE_PREFIX_PATH=/workspaces/isaac_ros-dev/install/isaac_ros_image_proc:/workspaces/isaac_ros-dev/install/isaac_ros_nitros_image_type:/workspaces/isaac_ros-dev/install/isaac_ros_nitros_compressed_image_type:/workspaces/isaac_ros-dev/install/isaac_ros_nitros_camera_info_type:/workspaces/isaac_ros-dev/install/isaac_ros_nitros:/workspaces/isaac_ros-dev/install/isaac_ros_nitros_interfaces:/workspaces/isaac_ros-dev/install/isaac_ros_gxf:/workspaces/isaac_ros-dev/install/isaac_ros_common:${CMAKE_PREFIX_PATH} LD_LIBRARY_PATH=/workspaces/isaac_ros-dev/install/isaac_ros_image_proc/lib:/workspaces/isaac_ros-dev/install/isaac_ros_nitros_image_type/lib:/workspaces/isaac_ros-dev/install/isaac_ros_nitros_compressed_image_type/lib:/workspaces/isaac_ros-dev/install/isaac_ros_nitros_camera_info_type/lib:/workspaces/isaac_ros-dev/install/isaac_ros_nitros/lib:/workspaces/isaac_ros-dev/install/isaac_ros_nitros_interfaces/lib:/workspaces/isaac_ros-dev/install/isaac_ros_common/lib:/opt/ros/humble/install/opt/rviz_ogre_vendor/lib:/opt/ros/humble/install/lib:/usr/lib/aarch64-linux-gnu/tegra/weston:/usr/lib/aarch64-linux-gnu/tegra-egl:/usr/local/cuda-11.4/targets/aarch64-linux/lib:/usr/lib/aarch64-linux-gnu/tegra:/opt/nvidia/vpi2/lib64:/usr/lib/aarch64-linux-gnu-host:/opt/tritonserver/lib PYTHONPATH=/workspaces/isaac_ros-dev/install/isaac_ros_nitros_interfaces/lib/python3.8/site-packages:/workspaces/isaac_ros-dev/build/isaac_ros_test:/workspaces/isaac_ros-dev/install/isaac_ros_test/lib/python3.8/site-packages:${PYTHONPATH} /usr/bin/cmake /workspaces/isaac_ros-dev/src/isaac_ros_compression/isaac_ros_h264_encoder -DAMENT_CMAKE_SYMLINK_INSTALL=1 -DCMAKE_INSTALL_PREFIX=/workspaces/isaac_ros-dev/install/isaac_ros_h264_encoder
[14.290s] Invoking command in '/workspaces/isaac_ros-dev/build/isaac_ros_h264_encoder': AMENT_PREFIX_PATH=/workspaces/isaac_ros-dev/install/isaac_ros_image_proc:/workspaces/isaac_ros-dev/install/isaac_ros_nitros_image_type:/workspaces/isaac_ros-dev/install/isaac_ros_nitros_compressed_image_type:/workspaces/isaac_ros-dev/install/isaac_ros_nitros_camera_info_type:/workspaces/isaac_ros-dev/install/isaac_ros_nitros:/workspaces/isaac_ros-dev/install/isaac_ros_nitros_interfaces:/workspaces/isaac_ros-dev/install/isaac_ros_gxf:/workspaces/isaac_ros-dev/install/isaac_ros_test:/workspaces/isaac_ros-dev/install/isaac_ros_common:${AMENT_PREFIX_PATH} CMAKE_PREFIX_PATH=/workspaces/isaac_ros-dev/install/isaac_ros_image_proc:/workspaces/isaac_ros-dev/install/isaac_ros_nitros_image_type:/workspaces/isaac_ros-dev/install/isaac_ros_nitros_compressed_image_type:/workspaces/isaac_ros-dev/install/isaac_ros_nitros_camera_info_type:/workspaces/isaac_ros-dev/install/isaac_ros_nitros:/workspaces/isaac_ros-dev/install/isaac_ros_nitros_interfaces:/workspaces/isaac_ros-dev/install/isaac_ros_gxf:/workspaces/isaac_ros-dev/install/isaac_ros_common:${CMAKE_PREFIX_PATH} LD_LIBRARY_PATH=/workspaces/isaac_ros-dev/install/isaac_ros_image_proc/lib:/workspaces/isaac_ros-dev/install/isaac_ros_nitros_image_type/lib:/workspaces/isaac_ros-dev/install/isaac_ros_nitros_compressed_image_type/lib:/workspaces/isaac_ros-dev/install/isaac_ros_nitros_camera_info_type/lib:/workspaces/isaac_ros-dev/install/isaac_ros_nitros/lib:/workspaces/isaac_ros-dev/install/isaac_ros_nitros_interfaces/lib:/workspaces/isaac_ros-dev/install/isaac_ros_common/lib:/opt/ros/humble/install/opt/rviz_ogre_vendor/lib:/opt/ros/humble/install/lib:/usr/lib/aarch64-linux-gnu/tegra/weston:/usr/lib/aarch64-linux-gnu/tegra-egl:/usr/local/cuda-11.4/targets/aarch64-linux/lib:/usr/lib/aarch64-linux-gnu/tegra:/opt/nvidia/vpi2/lib64:/usr/lib/aarch64-linux-gnu-host:/opt/tritonserver/lib PYTHONPATH=/workspaces/isaac_ros-dev/install/isaac_ros_nitros_interfaces/lib/python3.8/site-packages:/workspaces/isaac_ros-dev/build/isaac_ros_test:/workspaces/isaac_ros-dev/install/isaac_ros_test/lib/python3.8/site-packages:${PYTHONPATH} /usr/bin/cmake --build /workspaces/isaac_ros-dev/build/isaac_ros_h264_encoder -- -j4 -l4
[14.532s] [  2%] [32mBuilding CXX object CMakeFiles/encoder_node.dir/src/encoder_node.cpp.o[0m
[14.544s] [  4%] [32mBuilding CXX object gxf/codec/CMakeFiles/jetson_multimedia.dir/usr/src/jetson_multimedia_api/samples/common/classes/NvVideoEncoder.cpp.o[0m
[14.548s] [  6%] [32mBuilding CXX object _deps/yaml-cpp-build/CMakeFiles/yaml-cpp.dir/src/binary.cpp.o[0m
[14.563s] [  8%] [32mBuilding CXX object gxf/codec/CMakeFiles/jetson_multimedia.dir/usr/src/jetson_multimedia_api/samples/common/classes/NvVideoDecoder.cpp.o[0m
[16.250s] [ 10%] [32mBuilding CXX object _deps/yaml-cpp-build/CMakeFiles/yaml-cpp.dir/src/convert.cpp.o[0m
[20.612s] [ 12%] [32mBuilding CXX object _deps/yaml-cpp-build/CMakeFiles/yaml-cpp.dir/src/directives.cpp.o[0m
[22.267s] [ 14%] [32mBuilding CXX object _deps/yaml-cpp-build/CMakeFiles/yaml-cpp.dir/src/emit.cpp.o[0m
[25.563s] [ 16%] [32mBuilding CXX object _deps/yaml-cpp-build/CMakeFiles/yaml-cpp.dir/src/emitfromevents.cpp.o[0m
[28.382s] [ 18%] [32mBuilding CXX object _deps/yaml-cpp-build/CMakeFiles/yaml-cpp.dir/src/emitter.cpp.o[0m
[31.184s] [ 20%] [32mBuilding CXX object gxf/codec/CMakeFiles/jetson_multimedia.dir/usr/src/jetson_multimedia_api/samples/common/classes/NvV4l2Element.cpp.o[0m
[32.107s] [ 22%] [32mBuilding CXX object _deps/yaml-cpp-build/CMakeFiles/yaml-cpp.dir/src/emitterstate.cpp.o[0m
[35.219s] [ 24%] [32mBuilding CXX object _deps/yaml-cpp-build/CMakeFiles/yaml-cpp.dir/src/emitterutils.cpp.o[0m
[35.642s] [ 26%] [32mBuilding CXX object gxf/codec/CMakeFiles/jetson_multimedia.dir/usr/src/jetson_multimedia_api/samples/common/classes/NvV4l2ElementPlane.cpp.o[0m
[43.648s] [ 28%] [32mBuilding CXX object gxf/codec/CMakeFiles/jetson_multimedia.dir/usr/src/jetson_multimedia_api/samples/common/classes/NvElement.cpp.o[0m
[45.264s] [ 30%] [32mBuilding CXX object gxf/codec/CMakeFiles/jetson_multimedia.dir/usr/src/jetson_multimedia_api/samples/common/classes/NvElementProfiler.cpp.o[0m
[47.441s] [ 32%] [32mBuilding CXX object gxf/codec/CMakeFiles/jetson_multimedia.dir/usr/src/jetson_multimedia_api/samples/common/classes/NvBuffer.cpp.o[0m
[50.685s] [ 34%] [32mBuilding CXX object gxf/codec/CMakeFiles/jetson_multimedia.dir/usr/src/jetson_multimedia_api/samples/common/classes/NvLogging.cpp.o[0m
[51.817s] [ 36%] [32mBuilding CXX object _deps/yaml-cpp-build/CMakeFiles/yaml-cpp.dir/src/exceptions.cpp.o[0m
[51.913s] [ 38%] [32m[1mLinking CXX static library libjetson_multimedia.a[0m
[52.085s] [ 38%] Built target jetson_multimedia
[52.801s] [ 40%] [32mBuilding CXX object _deps/yaml-cpp-build/CMakeFiles/yaml-cpp.dir/src/memory.cpp.o[0m
[54.611s] [ 42%] [32mBuilding CXX object _deps/yaml-cpp-build/CMakeFiles/yaml-cpp.dir/src/node.cpp.o[0m
[55.595s] [ 44%] [32mBuilding CXX object _deps/yaml-cpp-build/CMakeFiles/yaml-cpp.dir/src/node_data.cpp.o[0m
[58.081s] [ 46%] [32mBuilding CXX object _deps/yaml-cpp-build/CMakeFiles/yaml-cpp.dir/src/nodebuilder.cpp.o[0m
[60.485s] [ 48%] [32mBuilding CXX object _deps/yaml-cpp-build/CMakeFiles/yaml-cpp.dir/src/nodeevents.cpp.o[0m
[62.542s] [ 50%] [32mBuilding CXX object _deps/yaml-cpp-build/CMakeFiles/yaml-cpp.dir/src/null.cpp.o[0m
[63.047s] [ 52%] [32mBuilding CXX object _deps/yaml-cpp-build/CMakeFiles/yaml-cpp.dir/src/ostream_wrapper.cpp.o[0m
[64.144s] [ 54%] [32mBuilding CXX object _deps/yaml-cpp-build/CMakeFiles/yaml-cpp.dir/src/parse.cpp.o[0m
[66.665s] [ 56%] [32mBuilding CXX object _deps/yaml-cpp-build/CMakeFiles/yaml-cpp.dir/src/parser.cpp.o[0m
[69.034s] [ 58%] [32mBuilding CXX object _deps/yaml-cpp-build/CMakeFiles/yaml-cpp.dir/src/regex_yaml.cpp.o[0m
[70.529s] [ 60%] [32mBuilding CXX object _deps/yaml-cpp-build/CMakeFiles/yaml-cpp.dir/src/scanner.cpp.o[0m
[74.440s] [ 62%] [32mBuilding CXX object _deps/yaml-cpp-build/CMakeFiles/yaml-cpp.dir/src/scanscalar.cpp.o[0m
[77.298s] [ 64%] [32mBuilding CXX object _deps/yaml-cpp-build/CMakeFiles/yaml-cpp.dir/src/scantag.cpp.o[0m
[79.567s] [ 66%] [32mBuilding CXX object _deps/yaml-cpp-build/CMakeFiles/yaml-cpp.dir/src/scantoken.cpp.o[0m
[85.576s] [ 68%] [32mBuilding CXX object _deps/yaml-cpp-build/CMakeFiles/yaml-cpp.dir/src/simplekey.cpp.o[0m
[87.312s] [ 70%] [32mBuilding CXX object _deps/yaml-cpp-build/CMakeFiles/yaml-cpp.dir/src/singledocparser.cpp.o[0m
[90.530s] [ 72%] [32mBuilding CXX object _deps/yaml-cpp-build/CMakeFiles/yaml-cpp.dir/src/stream.cpp.o[0m
[91.917s] [ 74%] [32mBuilding CXX object _deps/yaml-cpp-build/CMakeFiles/yaml-cpp.dir/src/tag.cpp.o[0m
[93.131s] [ 76%] [32mBuilding CXX object _deps/yaml-cpp-build/CMakeFiles/yaml-cpp.dir/src/contrib/graphbuilder.cpp.o[0m
[94.353s] [ 78%] [32mBuilding CXX object _deps/yaml-cpp-build/CMakeFiles/yaml-cpp.dir/src/contrib/graphbuilderadapter.cpp.o[0m
[95.502s] [ 80%] [32mBuilding CXX object _deps/yaml-cpp-build/CMakeFiles/yaml-cpp.dir/src/exp.cpp.o[0m
[97.075s] [ 82%] [32m[1mLinking CXX static library libyaml-cpp.a[0m
[97.160s] [ 82%] Built target yaml-cpp
[122.824s] [ 84%] [32m[1mLinking CXX shared library libencoder_node.so[0m
[123.928s] [ 84%] Built target encoder_node
[124.042s] [ 86%] [32mBuilding CXX object gxf/codec/CMakeFiles/gxf_codec_extension.dir/codec_extension.cpp.o[0m
[124.054s] [ 88%] [32mBuilding CXX object gxf/codec/CMakeFiles/gxf_codec_extension.dir/components/decoder_request.cpp.o[0m
[124.063s] [ 90%] [32mBuilding CXX object gxf/codec/CMakeFiles/gxf_codec_extension.dir/components/decoder_response.cpp.o[0m
[125.128s] [ 92%] [32mBuilding CXX object gxf/codec/CMakeFiles/gxf_codec_extension.dir/components/decoder_scheduling_term.cpp.o[0m
[143.217s] [ 94%] [32mBuilding CXX object gxf/codec/CMakeFiles/gxf_codec_extension.dir/components/encoder_scheduling_term.cpp.o[0m
[149.955s] [ 98%] [32mBuilding CXX object gxf/codec/CMakeFiles/gxf_codec_extension.dir/components/encoder_request.cpp.o[0m
[149.956s] [ 98%] [32mBuilding CXX object gxf/codec/CMakeFiles/gxf_codec_extension.dir/components/encoder_response.cpp.o[0m
[164.958s] [100%] [32m[1mLinking CXX shared library libgxf_codec_extension.so[0m
[165.223s] [100%] Built target gxf_codec_extension
[165.240s] Invoked command in '/workspaces/isaac_ros-dev/build/isaac_ros_h264_encoder' returned '0': AMENT_PREFIX_PATH=/workspaces/isaac_ros-dev/install/isaac_ros_image_proc:/workspaces/isaac_ros-dev/install/isaac_ros_nitros_image_type:/workspaces/isaac_ros-dev/install/isaac_ros_nitros_compressed_image_type:/workspaces/isaac_ros-dev/install/isaac_ros_nitros_camera_info_type:/workspaces/isaac_ros-dev/install/isaac_ros_nitros:/workspaces/isaac_ros-dev/install/isaac_ros_nitros_interfaces:/workspaces/isaac_ros-dev/install/isaac_ros_gxf:/workspaces/isaac_ros-dev/install/isaac_ros_test:/workspaces/isaac_ros-dev/install/isaac_ros_common:${AMENT_PREFIX_PATH} CMAKE_PREFIX_PATH=/workspaces/isaac_ros-dev/install/isaac_ros_image_proc:/workspaces/isaac_ros-dev/install/isaac_ros_nitros_image_type:/workspaces/isaac_ros-dev/install/isaac_ros_nitros_compressed_image_type:/workspaces/isaac_ros-dev/install/isaac_ros_nitros_camera_info_type:/workspaces/isaac_ros-dev/install/isaac_ros_nitros:/workspaces/isaac_ros-dev/install/isaac_ros_nitros_interfaces:/workspaces/isaac_ros-dev/install/isaac_ros_gxf:/workspaces/isaac_ros-dev/install/isaac_ros_common:${CMAKE_PREFIX_PATH} LD_LIBRARY_PATH=/workspaces/isaac_ros-dev/install/isaac_ros_image_proc/lib:/workspaces/isaac_ros-dev/install/isaac_ros_nitros_image_type/lib:/workspaces/isaac_ros-dev/install/isaac_ros_nitros_compressed_image_type/lib:/workspaces/isaac_ros-dev/install/isaac_ros_nitros_camera_info_type/lib:/workspaces/isaac_ros-dev/install/isaac_ros_nitros/lib:/workspaces/isaac_ros-dev/install/isaac_ros_nitros_interfaces/lib:/workspaces/isaac_ros-dev/install/isaac_ros_common/lib:/opt/ros/humble/install/opt/rviz_ogre_vendor/lib:/opt/ros/humble/install/lib:/usr/lib/aarch64-linux-gnu/tegra/weston:/usr/lib/aarch64-linux-gnu/tegra-egl:/usr/local/cuda-11.4/targets/aarch64-linux/lib:/usr/lib/aarch64-linux-gnu/tegra:/opt/nvidia/vpi2/lib64:/usr/lib/aarch64-linux-gnu-host:/opt/tritonserver/lib PYTHONPATH=/workspaces/isaac_ros-dev/install/isaac_ros_nitros_interfaces/lib/python3.8/site-packages:/workspaces/isaac_ros-dev/build/isaac_ros_test:/workspaces/isaac_ros-dev/install/isaac_ros_test/lib/python3.8/site-packages:${PYTHONPATH} /usr/bin/cmake --build /workspaces/isaac_ros-dev/build/isaac_ros_h264_encoder -- -j4 -l4
[165.327s] Invoking command in '/workspaces/isaac_ros-dev/build/isaac_ros_h264_encoder': AMENT_PREFIX_PATH=/workspaces/isaac_ros-dev/install/isaac_ros_image_proc:/workspaces/isaac_ros-dev/install/isaac_ros_nitros_image_type:/workspaces/isaac_ros-dev/install/isaac_ros_nitros_compressed_image_type:/workspaces/isaac_ros-dev/install/isaac_ros_nitros_camera_info_type:/workspaces/isaac_ros-dev/install/isaac_ros_nitros:/workspaces/isaac_ros-dev/install/isaac_ros_nitros_interfaces:/workspaces/isaac_ros-dev/install/isaac_ros_gxf:/workspaces/isaac_ros-dev/install/isaac_ros_test:/workspaces/isaac_ros-dev/install/isaac_ros_common:${AMENT_PREFIX_PATH} CMAKE_PREFIX_PATH=/workspaces/isaac_ros-dev/install/isaac_ros_image_proc:/workspaces/isaac_ros-dev/install/isaac_ros_nitros_image_type:/workspaces/isaac_ros-dev/install/isaac_ros_nitros_compressed_image_type:/workspaces/isaac_ros-dev/install/isaac_ros_nitros_camera_info_type:/workspaces/isaac_ros-dev/install/isaac_ros_nitros:/workspaces/isaac_ros-dev/install/isaac_ros_nitros_interfaces:/workspaces/isaac_ros-dev/install/isaac_ros_gxf:/workspaces/isaac_ros-dev/install/isaac_ros_common:${CMAKE_PREFIX_PATH} LD_LIBRARY_PATH=/workspaces/isaac_ros-dev/install/isaac_ros_image_proc/lib:/workspaces/isaac_ros-dev/install/isaac_ros_nitros_image_type/lib:/workspaces/isaac_ros-dev/install/isaac_ros_nitros_compressed_image_type/lib:/workspaces/isaac_ros-dev/install/isaac_ros_nitros_camera_info_type/lib:/workspaces/isaac_ros-dev/install/isaac_ros_nitros/lib:/workspaces/isaac_ros-dev/install/isaac_ros_nitros_interfaces/lib:/workspaces/isaac_ros-dev/install/isaac_ros_common/lib:/opt/ros/humble/install/opt/rviz_ogre_vendor/lib:/opt/ros/humble/install/lib:/usr/lib/aarch64-linux-gnu/tegra/weston:/usr/lib/aarch64-linux-gnu/tegra-egl:/usr/local/cuda-11.4/targets/aarch64-linux/lib:/usr/lib/aarch64-linux-gnu/tegra:/opt/nvidia/vpi2/lib64:/usr/lib/aarch64-linux-gnu-host:/opt/tritonserver/lib PYTHONPATH=/workspaces/isaac_ros-dev/install/isaac_ros_nitros_interfaces/lib/python3.8/site-packages:/workspaces/isaac_ros-dev/build/isaac_ros_test:/workspaces/isaac_ros-dev/install/isaac_ros_test/lib/python3.8/site-packages:${PYTHONPATH} /usr/bin/cmake --install /workspaces/isaac_ros-dev/build/isaac_ros_h264_encoder
[165.340s] -- Install configuration: "Release"
[165.341s] -- Execute custom install script
[165.342s] -- Symlinking: /workspaces/isaac_ros-dev/install/isaac_ros_h264_encoder/lib/pkgconfig/yaml-cpp.pc
[165.353s] -- Symlinking: /workspaces/isaac_ros-dev/install/isaac_ros_h264_encoder/share/isaac_ros_h264_encoder/gxf/lib/codec/libgxf_codec_extension.so
[165.364s] -- Symlinking: /workspaces/isaac_ros-dev/install/isaac_ros_h264_encoder/include/isaac_ros_h264_encoder/encoder_node.hpp
[165.374s] -- Symlinking: /workspaces/isaac_ros-dev/install/isaac_ros_h264_encoder/share/isaac_ros_h264_encoder/environment/library_path.sh
[165.384s] -- Symlinking: /workspaces/isaac_ros-dev/install/isaac_ros_h264_encoder/share/isaac_ros_h264_encoder/environment/library_path.dsv
[165.394s] -- Symlinking: /workspaces/isaac_ros-dev/install/isaac_ros_h264_encoder/lib/libencoder_node.so
[165.405s] -- Symlinking: /workspaces/isaac_ros-dev/install/isaac_ros_h264_encoder/share/isaac_ros_h264_encoder/config/namespace_injector_rule.yaml
[165.415s] -- Symlinking: /workspaces/isaac_ros-dev/install/isaac_ros_h264_encoder/share/isaac_ros_h264_encoder/config/nitros_encoder_node.yaml
[165.425s] -- Symlinking: /workspaces/isaac_ros-dev/install/isaac_ros_h264_encoder/share/isaac_ros_h264_encoder/config/realsense.yaml
[165.436s] -- Symlinking: /workspaces/isaac_ros-dev/install/isaac_ros_h264_encoder/share/isaac_ros_h264_encoder/launch/isaac_ros_encode_r2b_rosbag.launch.py
[165.446s] -- Symlinking: /workspaces/isaac_ros-dev/install/isaac_ros_h264_encoder/share/isaac_ros_h264_encoder/launch/isaac_ros_h264_encoder.launch.py
[165.455s] -- Symlinking: /workspaces/isaac_ros-dev/install/isaac_ros_h264_encoder/share/isaac_ros_h264_encoder/launch/isaac_ros_h264_encoder_argus.launch.py
[165.465s] -- Symlinking: /workspaces/isaac_ros-dev/install/isaac_ros_h264_encoder/share/isaac_ros_h264_encoder/launch/isaac_ros_h264_encoder_realsense.launch.py
[165.475s] -- Symlinking: /workspaces/isaac_ros-dev/install/isaac_ros_h264_encoder/share/ament_index/resource_index/package_run_dependencies/isaac_ros_h264_encoder
[165.485s] -- Symlinking: /workspaces/isaac_ros-dev/install/isaac_ros_h264_encoder/share/ament_index/resource_index/parent_prefix_path/isaac_ros_h264_encoder
[165.496s] -- Symlinking: /workspaces/isaac_ros-dev/install/isaac_ros_h264_encoder/share/isaac_ros_h264_encoder/environment/ament_prefix_path.sh
[165.506s] -- Symlinking: /workspaces/isaac_ros-dev/install/isaac_ros_h264_encoder/share/isaac_ros_h264_encoder/environment/ament_prefix_path.dsv
[165.516s] -- Symlinking: /workspaces/isaac_ros-dev/install/isaac_ros_h264_encoder/share/isaac_ros_h264_encoder/environment/path.sh
[165.526s] -- Symlinking: /workspaces/isaac_ros-dev/install/isaac_ros_h264_encoder/share/isaac_ros_h264_encoder/environment/path.dsv
[165.536s] -- Symlinking: /workspaces/isaac_ros-dev/install/isaac_ros_h264_encoder/share/isaac_ros_h264_encoder/local_setup.bash
[165.546s] -- Symlinking: /workspaces/isaac_ros-dev/install/isaac_ros_h264_encoder/share/isaac_ros_h264_encoder/local_setup.sh
[165.556s] -- Symlinking: /workspaces/isaac_ros-dev/install/isaac_ros_h264_encoder/share/isaac_ros_h264_encoder/local_setup.zsh
[165.565s] -- Symlinking: /workspaces/isaac_ros-dev/install/isaac_ros_h264_encoder/share/isaac_ros_h264_encoder/local_setup.dsv
[165.575s] -- Symlinking: /workspaces/isaac_ros-dev/install/isaac_ros_h264_encoder/share/isaac_ros_h264_encoder/package.dsv
[165.586s] -- Symlinking: /workspaces/isaac_ros-dev/install/isaac_ros_h264_encoder/share/ament_index/resource_index/packages/isaac_ros_h264_encoder
[165.596s] -- Symlinking: /workspaces/isaac_ros-dev/install/isaac_ros_h264_encoder/share/ament_index/resource_index/rclcpp_components/isaac_ros_h264_encoder
[165.606s] -- Symlinking: /workspaces/isaac_ros-dev/install/isaac_ros_h264_encoder/share/isaac_ros_h264_encoder/cmake/ament_cmake_export_dependencies-extras.cmake
[165.616s] -- Symlinking: /workspaces/isaac_ros-dev/install/isaac_ros_h264_encoder/share/isaac_ros_h264_encoder/cmake/ament_cmake_export_include_directories-extras.cmake
[165.626s] -- Symlinking: /workspaces/isaac_ros-dev/install/isaac_ros_h264_encoder/share/isaac_ros_h264_encoder/cmake/ament_cmake_export_libraries-extras.cmake
[165.636s] -- Symlinking: /workspaces/isaac_ros-dev/install/isaac_ros_h264_encoder/share/isaac_ros_h264_encoder/cmake/isaac_ros_h264_encoderConfig.cmake
[165.646s] -- Symlinking: /workspaces/isaac_ros-dev/install/isaac_ros_h264_encoder/share/isaac_ros_h264_encoder/cmake/isaac_ros_h264_encoderConfig-version.cmake
[165.656s] -- Symlinking: /workspaces/isaac_ros-dev/install/isaac_ros_h264_encoder/share/isaac_ros_h264_encoder/package.xml
[165.667s] -- Installing: /workspaces/isaac_ros-dev/install/isaac_ros_h264_encoder/lib/libyaml-cpp.a
[165.670s] -- Installing: /workspaces/isaac_ros-dev/install/isaac_ros_h264_encoder/include/yaml-cpp
[165.670s] -- Installing: /workspaces/isaac_ros-dev/install/isaac_ros_h264_encoder/include/yaml-cpp/exceptions.h
[165.671s] -- Installing: /workspaces/isaac_ros-dev/install/isaac_ros_h264_encoder/include/yaml-cpp/ostream_wrapper.h
[165.671s] -- Installing: /workspaces/isaac_ros-dev/install/isaac_ros_h264_encoder/include/yaml-cpp/emitterstyle.h
[165.671s] -- Installing: /workspaces/isaac_ros-dev/install/isaac_ros_h264_encoder/include/yaml-cpp/yaml.h
[165.671s] -- Installing: /workspaces/isaac_ros-dev/install/isaac_ros_h264_encoder/include/yaml-cpp/binary.h
[165.672s] -- Installing: /workspaces/isaac_ros-dev/install/isaac_ros_h264_encoder/include/yaml-cpp/emitfromevents.h
[165.672s] -- Installing: /workspaces/isaac_ros-dev/install/isaac_ros_h264_encoder/include/yaml-cpp/dll.h
[165.672s] -- Installing: /workspaces/isaac_ros-dev/install/isaac_ros_h264_encoder/include/yaml-cpp/traits.h
[165.672s] -- Installing: /workspaces/isaac_ros-dev/install/isaac_ros_h264_encoder/include/yaml-cpp/contrib
[165.673s] -- Installing: /workspaces/isaac_ros-dev/install/isaac_ros_h264_encoder/include/yaml-cpp/contrib/anchordict.h
[165.673s] -- Installing: /workspaces/isaac_ros-dev/install/isaac_ros_h264_encoder/include/yaml-cpp/contrib/graphbuilder.h
[165.673s] -- Installing: /workspaces/isaac_ros-dev/install/isaac_ros_h264_encoder/include/yaml-cpp/emitter.h
[165.674s] -- Installing: /workspaces/isaac_ros-dev/install/isaac_ros_h264_encoder/include/yaml-cpp/stlemitter.h
[165.674s] -- Installing: /workspaces/isaac_ros-dev/install/isaac_ros_h264_encoder/include/yaml-cpp/eventhandler.h
[165.674s] -- Installing: /workspaces/isaac_ros-dev/install/isaac_ros_h264_encoder/include/yaml-cpp/emittermanip.h
[165.675s] -- Installing: /workspaces/isaac_ros-dev/install/isaac_ros_h264_encoder/include/yaml-cpp/anchor.h
[165.675s] -- Installing: /workspaces/isaac_ros-dev/install/isaac_ros_h264_encoder/include/yaml-cpp/parser.h
[165.675s] -- Installing: /workspaces/isaac_ros-dev/install/isaac_ros_h264_encoder/include/yaml-cpp/emitterdef.h
[165.676s] -- Installing: /workspaces/isaac_ros-dev/install/isaac_ros_h264_encoder/include/yaml-cpp/node
[165.676s] -- Installing: /workspaces/isaac_ros-dev/install/isaac_ros_h264_encoder/include/yaml-cpp/node/emit.h
[165.676s] -- Installing: /workspaces/isaac_ros-dev/install/isaac_ros_h264_encoder/include/yaml-cpp/node/impl.h
[165.676s] -- Installing: /workspaces/isaac_ros-dev/install/isaac_ros_h264_encoder/include/yaml-cpp/node/convert.h
[165.677s] -- Installing: /workspaces/isaac_ros-dev/install/isaac_ros_h264_encoder/include/yaml-cpp/node/iterator.h
[165.677s] -- Installing: /workspaces/isaac_ros-dev/install/isaac_ros_h264_encoder/include/yaml-cpp/node/parse.h
[165.677s] -- Installing: /workspaces/isaac_ros-dev/install/isaac_ros_h264_encoder/include/yaml-cpp/node/detail
[165.678s] -- Installing: /workspaces/isaac_ros-dev/install/isaac_ros_h264_encoder/include/yaml-cpp/node/detail/impl.h
[165.678s] -- Installing: /workspaces/isaac_ros-dev/install/isaac_ros_h264_encoder/include/yaml-cpp/node/detail/node_ref.h
[165.679s] -- Installing: /workspaces/isaac_ros-dev/install/isaac_ros_h264_encoder/include/yaml-cpp/node/detail/iterator.h
[165.679s] -- Installing: /workspaces/isaac_ros-dev/install/isaac_ros_h264_encoder/include/yaml-cpp/node/detail/node_iterator.h
[165.679s] -- Installing: /workspaces/isaac_ros-dev/install/isaac_ros_h264_encoder/include/yaml-cpp/node/detail/memory.h
[165.679s] -- Installing: /workspaces/isaac_ros-dev/install/isaac_ros_h264_encoder/include/yaml-cpp/node/detail/iterator_fwd.h
[165.680s] -- Installing: /workspaces/isaac_ros-dev/install/isaac_ros_h264_encoder/include/yaml-cpp/node/detail/node_data.h
[165.680s] -- Installing: /workspaces/isaac_ros-dev/install/isaac_ros_h264_encoder/include/yaml-cpp/node/detail/bool_type.h
[165.680s] -- Installing: /workspaces/isaac_ros-dev/install/isaac_ros_h264_encoder/include/yaml-cpp/node/detail/node.h
[165.681s] -- Installing: /workspaces/isaac_ros-dev/install/isaac_ros_h264_encoder/include/yaml-cpp/node/node.h
[165.681s] -- Installing: /workspaces/isaac_ros-dev/install/isaac_ros_h264_encoder/include/yaml-cpp/node/ptr.h
[165.681s] -- Installing: /workspaces/isaac_ros-dev/install/isaac_ros_h264_encoder/include/yaml-cpp/node/type.h
[165.682s] -- Installing: /workspaces/isaac_ros-dev/install/isaac_ros_h264_encoder/include/yaml-cpp/null.h
[165.682s] -- Installing: /workspaces/isaac_ros-dev/install/isaac_ros_h264_encoder/include/yaml-cpp/mark.h
[165.683s] -- Installing: /workspaces/isaac_ros-dev/install/isaac_ros_h264_encoder/lib/cmake/yaml-cpp/yaml-cpp-config.cmake
[165.683s] -- Installing: /workspaces/isaac_ros-dev/install/isaac_ros_h264_encoder/lib/cmake/yaml-cpp/yaml-cpp-config-version.cmake
[165.683s] -- Installing: /workspaces/isaac_ros-dev/install/isaac_ros_h264_encoder/lib/cmake/yaml-cpp/yaml-cpp-targets.cmake
[165.684s] -- Installing: /workspaces/isaac_ros-dev/install/isaac_ros_h264_encoder/lib/cmake/yaml-cpp/yaml-cpp-targets-release.cmake
[165.698s] Invoked command in '/workspaces/isaac_ros-dev/build/isaac_ros_h264_encoder' returned '0': AMENT_PREFIX_PATH=/workspaces/isaac_ros-dev/install/isaac_ros_image_proc:/workspaces/isaac_ros-dev/install/isaac_ros_nitros_image_type:/workspaces/isaac_ros-dev/install/isaac_ros_nitros_compressed_image_type:/workspaces/isaac_ros-dev/install/isaac_ros_nitros_camera_info_type:/workspaces/isaac_ros-dev/install/isaac_ros_nitros:/workspaces/isaac_ros-dev/install/isaac_ros_nitros_interfaces:/workspaces/isaac_ros-dev/install/isaac_ros_gxf:/workspaces/isaac_ros-dev/install/isaac_ros_test:/workspaces/isaac_ros-dev/install/isaac_ros_common:${AMENT_PREFIX_PATH} CMAKE_PREFIX_PATH=/workspaces/isaac_ros-dev/install/isaac_ros_image_proc:/workspaces/isaac_ros-dev/install/isaac_ros_nitros_image_type:/workspaces/isaac_ros-dev/install/isaac_ros_nitros_compressed_image_type:/workspaces/isaac_ros-dev/install/isaac_ros_nitros_camera_info_type:/workspaces/isaac_ros-dev/install/isaac_ros_nitros:/workspaces/isaac_ros-dev/install/isaac_ros_nitros_interfaces:/workspaces/isaac_ros-dev/install/isaac_ros_gxf:/workspaces/isaac_ros-dev/install/isaac_ros_common:${CMAKE_PREFIX_PATH} LD_LIBRARY_PATH=/workspaces/isaac_ros-dev/install/isaac_ros_image_proc/lib:/workspaces/isaac_ros-dev/install/isaac_ros_nitros_image_type/lib:/workspaces/isaac_ros-dev/install/isaac_ros_nitros_compressed_image_type/lib:/workspaces/isaac_ros-dev/install/isaac_ros_nitros_camera_info_type/lib:/workspaces/isaac_ros-dev/install/isaac_ros_nitros/lib:/workspaces/isaac_ros-dev/install/isaac_ros_nitros_interfaces/lib:/workspaces/isaac_ros-dev/install/isaac_ros_common/lib:/opt/ros/humble/install/opt/rviz_ogre_vendor/lib:/opt/ros/humble/install/lib:/usr/lib/aarch64-linux-gnu/tegra/weston:/usr/lib/aarch64-linux-gnu/tegra-egl:/usr/local/cuda-11.4/targets/aarch64-linux/lib:/usr/lib/aarch64-linux-gnu/tegra:/opt/nvidia/vpi2/lib64:/usr/lib/aarch64-linux-gnu-host:/opt/tritonserver/lib PYTHONPATH=/workspaces/isaac_ros-dev/install/isaac_ros_nitros_interfaces/lib/python3.8/site-packages:/workspaces/isaac_ros-dev/build/isaac_ros_test:/workspaces/isaac_ros-dev/install/isaac_ros_test/lib/python3.8/site-packages:${PYTHONPATH} /usr/bin/cmake --install /workspaces/isaac_ros-dev/build/isaac_ros_h264_encoder
