[0.110s] Invoking command in '/workspaces/isaac_ros-dev/build/isaac_ros_nitros_pose_cov_stamped_type': AMENT_PREFIX_PATH=/workspaces/isaac_ros-dev/install/isaac_ros_nitros:/workspaces/isaac_ros-dev/install/isaac_ros_nitros_interfaces:/workspaces/isaac_ros-dev/install/isaac_ros_gxf:/workspaces/isaac_ros-dev/install/isaac_ros_test:/workspaces/isaac_ros-dev/install/isaac_ros_common:${AMENT_PREFIX_PATH} CMAKE_PREFIX_PATH=/workspaces/isaac_ros-dev/install/isaac_ros_nitros:/workspaces/isaac_ros-dev/install/isaac_ros_nitros_interfaces:/workspaces/isaac_ros-dev/install/isaac_ros_gxf:/workspaces/isaac_ros-dev/install/isaac_ros_common:${CMAKE_PREFIX_PATH} LD_LIBRARY_PATH=/workspaces/isaac_ros-dev/install/isaac_ros_nitros/lib:/workspaces/isaac_ros-dev/install/isaac_ros_nitros_interfaces/lib:/workspaces/isaac_ros-dev/install/isaac_ros_common/lib:/opt/ros/humble/install/opt/rviz_ogre_vendor/lib:/opt/ros/humble/install/lib:/usr/lib/aarch64-linux-gnu/tegra/weston:/usr/lib/aarch64-linux-gnu/tegra-egl:/usr/local/cuda-11.4/targets/aarch64-linux/lib:/usr/lib/aarch64-linux-gnu/tegra:/opt/nvidia/vpi2/lib64:/usr/lib/aarch64-linux-gnu-host:/opt/tritonserver/lib PYTHONPATH=/workspaces/isaac_ros-dev/install/isaac_ros_nitros_interfaces/lib/python3.8/site-packages:/workspaces/isaac_ros-dev/build/isaac_ros_test:/workspaces/isaac_ros-dev/install/isaac_ros_test/lib/python3.8/site-packages:${PYTHONPATH} /usr/bin/cmake /workspaces/isaac_ros-dev/src/isaac_ros_nitros/isaac_ros_nitros_type/isaac_ros_nitros_pose_cov_stamped_type -DAMENT_CMAKE_SYMLINK_INSTALL=1 -DCMAKE_INSTALL_PREFIX=/workspaces/isaac_ros-dev/install/isaac_ros_nitros_pose_cov_stamped_type
[0.278s] -- The C compiler identification is GNU 9.4.0
[0.450s] -- The CXX compiler identification is GNU 9.4.0
[0.477s] -- Detecting C compiler ABI info
[0.695s] -- Detecting C compiler ABI info - done
[0.710s] -- Check for working C compiler: /usr/bin/cc - skipped
[0.711s] -- Detecting C compile features
[0.713s] -- Detecting C compile features - done
[0.726s] -- Detecting CXX compiler ABI info
[1.010s] -- Detecting CXX compiler ABI info - done
[1.030s] -- Check for working CXX compiler: /usr/bin/c++ - skipped
[1.031s] -- Detecting CXX compile features
[1.032s] -- Detecting CXX compile features - done
[1.043s] -- Found ament_cmake_auto: 1.3.3 (/opt/ros/humble/install/share/ament_cmake_auto/cmake)
[3.315s] -- Found Python3: /usr/bin/python3.8 (found version "3.8.10") found components: Interpreter 
[3.508s] -- Override CMake install command with custom implementation using symlinks instead of copying resources
[3.793s] -- Loading isaac_ros_common extras
[3.794s] -- CMAKE_BUILD_TYPE: Release
[3.841s] -- Looking for pthread.h
[4.090s] -- Looking for pthread.h - found
[4.090s] -- Performing Test CMAKE_HAVE_LIBC_PTHREAD
[4.323s] -- Performing Test CMAKE_HAVE_LIBC_PTHREAD - Failed
[4.324s] -- Looking for pthread_create in pthreads
[4.509s] -- Looking for pthread_create in pthreads - not found
[4.509s] -- Looking for pthread_create in pthread
[4.729s] -- Looking for pthread_create in pthread - found
[4.733s] -- Found Threads: TRUE  
[4.804s] -- Found CUDA: /usr/local/cuda (found version "11.4") 
[4.806s] -- Loading isaac_ros_common extras (modules)
[4.940s] -- Found rosidl_generator_c: 3.1.4 (/opt/ros/humble/install/share/rosidl_generator_c/cmake)
[4.958s] -- Found rosidl_adapter: 3.1.4 (/opt/ros/humble/install/share/rosidl_adapter/cmake)
[4.987s] -- Found rosidl_generator_cpp: 3.1.4 (/opt/ros/humble/install/share/rosidl_generator_cpp/cmake)
[5.034s] -- Using all available rosidl_typesupport_c: rosidl_typesupport_fastrtps_c;rosidl_typesupport_introspection_c
[5.099s] -- Using all available rosidl_typesupport_cpp: rosidl_typesupport_fastrtps_cpp;rosidl_typesupport_introspection_cpp
[5.321s] -- Found rmw_implementation_cmake: 6.1.1 (/opt/ros/humble/install/share/rmw_implementation_cmake/cmake)
[5.333s] -- Found rmw_fastrtps_cpp: 6.2.2 (/opt/ros/humble/install/share/rmw_fastrtps_cpp/cmake)
[5.734s] -- Found OpenSSL: /usr/lib/aarch64-linux-gnu/libcrypto.so (found version "1.1.1f")  
[5.837s] -- Found FastRTPS: /opt/ros/humble/install/include  
[6.032s] -- Using RMW implementation 'rmw_fastrtps_cpp' as default
[7.315s] -- Loading isaac_ros_gxf extras
[7.343s] -- Found atlas lib=/workspaces/isaac_ros-dev/install/isaac_ros_gxf/share/isaac_ros_gxf/gxf/lib/libgxf_atlas.so, include=/workspaces/isaac_ros-dev/install/isaac_ros_gxf/share/isaac_ros_gxf/gxf/include/gxf
[7.352s] -- Found cuda lib=/workspaces/isaac_ros-dev/install/isaac_ros_gxf/share/isaac_ros_gxf/gxf/lib/cuda/libgxf_cuda.so, include=/workspaces/isaac_ros-dev/install/isaac_ros_gxf/share/isaac_ros_gxf/gxf/include/gxf
[7.363s] -- Found isaac_messages lib=/workspaces/isaac_ros-dev/install/isaac_ros_gxf/share/isaac_ros_gxf/gxf/lib/libgxf_isaac_messages.so, include=/workspaces/isaac_ros-dev/install/isaac_ros_gxf/share/isaac_ros_gxf/gxf/include/gxf
[7.371s] -- Found isaac_ros_messages lib=/workspaces/isaac_ros-dev/install/isaac_ros_gxf/share/isaac_ros_gxf/gxf/lib/libgxf_isaac_ros_messages.so, include=/workspaces/isaac_ros-dev/install/isaac_ros_gxf/share/isaac_ros_gxf/gxf/include/gxf
[7.380s] -- Found multimedia lib=/workspaces/isaac_ros-dev/install/isaac_ros_gxf/share/isaac_ros_gxf/gxf/lib/multimedia/libgxf_multimedia.so, include=/workspaces/isaac_ros-dev/install/isaac_ros_gxf/share/isaac_ros_gxf/gxf/include/gxf
[7.392s] -- Found gxf_optimizer lib=/workspaces/isaac_ros-dev/install/isaac_ros_gxf/share/isaac_ros_gxf/gxf/lib/libgxf_optimizer.so, include=/workspaces/isaac_ros-dev/install/isaac_ros_gxf/share/isaac_ros_gxf/gxf/include/gxf
[7.400s] -- Found serialization lib=/workspaces/isaac_ros-dev/install/isaac_ros_gxf/share/isaac_ros_gxf/gxf/lib/serialization/libgxf_serialization.so, include=/workspaces/isaac_ros-dev/install/isaac_ros_gxf/share/isaac_ros_gxf/gxf/include/gxf
[7.408s] -- Found std lib=/workspaces/isaac_ros-dev/install/isaac_ros_gxf/share/isaac_ros_gxf/gxf/lib/std/libgxf_std.so, include=/workspaces/isaac_ros-dev/install/isaac_ros_gxf/share/isaac_ros_gxf/gxf/include/gxf
[7.417s] -- Found core lib=/workspaces/isaac_ros-dev/install/isaac_ros_gxf/share/isaac_ros_gxf/gxf/lib/core/libgxf_core.so, include=/workspaces/isaac_ros-dev/install/isaac_ros_gxf/share/isaac_ros_gxf/gxf/include/gxf
[7.423s] -- Found GXF:  (found suitable version "2.5.0", minimum required is "2.5.0") found components: core isaac_messages 
[10.578s] -- Performing Test FLAG_WEXTRA
[10.846s] -- Performing Test FLAG_WEXTRA - Success
[11.287s] -- Found ament_lint_auto: 0.12.5 (/opt/ros/humble/install/share/ament_lint_auto/cmake)
[11.444s] -- Found launch_testing_ament_cmake: 1.0.4 (/opt/ros/humble/install/share/launch_testing_ament_cmake/cmake)
[11.449s] -- Found python_cmake_module: 0.10.0 (/opt/ros/humble/install/share/python_cmake_module/cmake)
[11.529s] -- Found PythonInterp: /usr/bin/python3 (found suitable version "3.8.10", minimum required is "3.6") 
[11.544s] -- Found PythonLibs: /usr/lib/aarch64-linux-gnu/libpython3.8.so (found suitable version "3.8.10", minimum required is "3.5") 
[11.545s] -- Using PYTHON_EXECUTABLE: /usr/bin/python3
[11.545s] -- Using PYTHON_INCLUDE_DIRS: /usr/include/python3.8
[11.545s] -- Using PYTHON_LIBRARIES: /usr/lib/aarch64-linux-gnu/libpython3.8.so
[11.623s] -- Found PythonExtra: .so  
[11.679s] -- Added test 'cppcheck' to perform static code analysis on C / C++ code
[11.680s] -- Configured cppcheck include dirs: /workspaces/isaac_ros-dev/src/isaac_ros_nitros/isaac_ros_nitros_type/isaac_ros_nitros_pose_cov_stamped_type/include
[11.680s] -- Configured cppcheck exclude dirs and/or files: 
[11.685s] -- Added test 'cpplint' to check C / C++ code against the Google style
[11.685s] -- Configured cpplint exclude dirs and/or files: 
[11.687s] -- Added test 'flake8' to check Python code syntax and style conventions
[11.690s] -- Added test 'lint_cmake' to check CMake code style
[11.692s] -- Added test 'pep257' to check Python code against some of the docstring style conventions in PEP 257
[11.697s] -- Added test 'uncrustify' to check C / C++ code style
[11.697s] -- Configured uncrustify additional arguments: 
[11.699s] -- Added test 'xmllint' to check XML markup files
[11.746s] -- Configuring done
[12.036s] -- Generating done
[12.067s] -- Build files have been written to: /workspaces/isaac_ros-dev/build/isaac_ros_nitros_pose_cov_stamped_type
[12.115s] Invoked command in '/workspaces/isaac_ros-dev/build/isaac_ros_nitros_pose_cov_stamped_type' returned '0': AMENT_PREFIX_PATH=/workspaces/isaac_ros-dev/install/isaac_ros_nitros:/workspaces/isaac_ros-dev/install/isaac_ros_nitros_interfaces:/workspaces/isaac_ros-dev/install/isaac_ros_gxf:/workspaces/isaac_ros-dev/install/isaac_ros_test:/workspaces/isaac_ros-dev/install/isaac_ros_common:${AMENT_PREFIX_PATH} CMAKE_PREFIX_PATH=/workspaces/isaac_ros-dev/install/isaac_ros_nitros:/workspaces/isaac_ros-dev/install/isaac_ros_nitros_interfaces:/workspaces/isaac_ros-dev/install/isaac_ros_gxf:/workspaces/isaac_ros-dev/install/isaac_ros_common:${CMAKE_PREFIX_PATH} LD_LIBRARY_PATH=/workspaces/isaac_ros-dev/install/isaac_ros_nitros/lib:/workspaces/isaac_ros-dev/install/isaac_ros_nitros_interfaces/lib:/workspaces/isaac_ros-dev/install/isaac_ros_common/lib:/opt/ros/humble/install/opt/rviz_ogre_vendor/lib:/opt/ros/humble/install/lib:/usr/lib/aarch64-linux-gnu/tegra/weston:/usr/lib/aarch64-linux-gnu/tegra-egl:/usr/local/cuda-11.4/targets/aarch64-linux/lib:/usr/lib/aarch64-linux-gnu/tegra:/opt/nvidia/vpi2/lib64:/usr/lib/aarch64-linux-gnu-host:/opt/tritonserver/lib PYTHONPATH=/workspaces/isaac_ros-dev/install/isaac_ros_nitros_interfaces/lib/python3.8/site-packages:/workspaces/isaac_ros-dev/build/isaac_ros_test:/workspaces/isaac_ros-dev/install/isaac_ros_test/lib/python3.8/site-packages:${PYTHONPATH} /usr/bin/cmake /workspaces/isaac_ros-dev/src/isaac_ros_nitros/isaac_ros_nitros_type/isaac_ros_nitros_pose_cov_stamped_type -DAMENT_CMAKE_SYMLINK_INSTALL=1 -DCMAKE_INSTALL_PREFIX=/workspaces/isaac_ros-dev/install/isaac_ros_nitros_pose_cov_stamped_type
[12.118s] Invoking command in '/workspaces/isaac_ros-dev/build/isaac_ros_nitros_pose_cov_stamped_type': AMENT_PREFIX_PATH=/workspaces/isaac_ros-dev/install/isaac_ros_nitros:/workspaces/isaac_ros-dev/install/isaac_ros_nitros_interfaces:/workspaces/isaac_ros-dev/install/isaac_ros_gxf:/workspaces/isaac_ros-dev/install/isaac_ros_test:/workspaces/isaac_ros-dev/install/isaac_ros_common:${AMENT_PREFIX_PATH} CMAKE_PREFIX_PATH=/workspaces/isaac_ros-dev/install/isaac_ros_nitros:/workspaces/isaac_ros-dev/install/isaac_ros_nitros_interfaces:/workspaces/isaac_ros-dev/install/isaac_ros_gxf:/workspaces/isaac_ros-dev/install/isaac_ros_common:${CMAKE_PREFIX_PATH} LD_LIBRARY_PATH=/workspaces/isaac_ros-dev/install/isaac_ros_nitros/lib:/workspaces/isaac_ros-dev/install/isaac_ros_nitros_interfaces/lib:/workspaces/isaac_ros-dev/install/isaac_ros_common/lib:/opt/ros/humble/install/opt/rviz_ogre_vendor/lib:/opt/ros/humble/install/lib:/usr/lib/aarch64-linux-gnu/tegra/weston:/usr/lib/aarch64-linux-gnu/tegra-egl:/usr/local/cuda-11.4/targets/aarch64-linux/lib:/usr/lib/aarch64-linux-gnu/tegra:/opt/nvidia/vpi2/lib64:/usr/lib/aarch64-linux-gnu-host:/opt/tritonserver/lib PYTHONPATH=/workspaces/isaac_ros-dev/install/isaac_ros_nitros_interfaces/lib/python3.8/site-packages:/workspaces/isaac_ros-dev/build/isaac_ros_test:/workspaces/isaac_ros-dev/install/isaac_ros_test/lib/python3.8/site-packages:${PYTHONPATH} /usr/bin/cmake --build /workspaces/isaac_ros-dev/build/isaac_ros_nitros_pose_cov_stamped_type -- -j4 -l4
[12.226s] [  2%] [32mBuilding CXX object _deps/yaml-cpp-build/CMakeFiles/yaml-cpp.dir/src/binary.cpp.o[0m
[13.026s] [  5%] [32mBuilding CXX object _deps/yaml-cpp-build/CMakeFiles/yaml-cpp.dir/src/emit.cpp.o[0m
[14.632s] [  8%] [32mBuilding CXX object _deps/yaml-cpp-build/CMakeFiles/yaml-cpp.dir/src/emitfromevents.cpp.o[0m
[16.561s] [ 11%] [32mBuilding CXX object _deps/yaml-cpp-build/CMakeFiles/yaml-cpp.dir/src/emitter.cpp.o[0m
[19.214s] [ 14%] [32mBuilding CXX object _deps/yaml-cpp-build/CMakeFiles/yaml-cpp.dir/src/emitterstate.cpp.o[0m
[21.714s] [ 17%] [32mBuilding CXX object _deps/yaml-cpp-build/CMakeFiles/yaml-cpp.dir/src/emitterutils.cpp.o[0m
[30.083s] [ 20%] [32mBuilding CXX object _deps/yaml-cpp-build/CMakeFiles/yaml-cpp.dir/src/exceptions.cpp.o[0m
[31.085s] [ 22%] [32mBuilding CXX object _deps/yaml-cpp-build/CMakeFiles/yaml-cpp.dir/src/exp.cpp.o[0m
[32.721s] [ 25%] [32mBuilding CXX object _deps/yaml-cpp-build/CMakeFiles/yaml-cpp.dir/src/memory.cpp.o[0m
[34.596s] [ 28%] [32mBuilding CXX object _deps/yaml-cpp-build/CMakeFiles/yaml-cpp.dir/src/node.cpp.o[0m
[35.605s] [ 31%] [32mBuilding CXX object _deps/yaml-cpp-build/CMakeFiles/yaml-cpp.dir/src/node_data.cpp.o[0m
[38.151s] [ 34%] [32mBuilding CXX object _deps/yaml-cpp-build/CMakeFiles/yaml-cpp.dir/src/nodebuilder.cpp.o[0m
[40.684s] [ 37%] [32mBuilding CXX object _deps/yaml-cpp-build/CMakeFiles/yaml-cpp.dir/src/nodeevents.cpp.o[0m
[42.797s] [ 40%] [32mBuilding CXX object _deps/yaml-cpp-build/CMakeFiles/yaml-cpp.dir/src/null.cpp.o[0m
[43.309s] [ 42%] [32mBuilding CXX object _deps/yaml-cpp-build/CMakeFiles/yaml-cpp.dir/src/ostream_wrapper.cpp.o[0m
[44.418s] [ 45%] [32mBuilding CXX object _deps/yaml-cpp-build/CMakeFiles/yaml-cpp.dir/src/parse.cpp.o[0m
[47.056s] [ 48%] [32mBuilding CXX object _deps/yaml-cpp-build/CMakeFiles/yaml-cpp.dir/src/parser.cpp.o[0m
[49.440s] [ 51%] [32mBuilding CXX object _deps/yaml-cpp-build/CMakeFiles/yaml-cpp.dir/src/regex_yaml.cpp.o[0m
[50.862s] [ 54%] [32mBuilding CXX object _deps/yaml-cpp-build/CMakeFiles/yaml-cpp.dir/src/scanner.cpp.o[0m
[54.970s] [ 57%] [32mBuilding CXX object _deps/yaml-cpp-build/CMakeFiles/yaml-cpp.dir/src/scanscalar.cpp.o[0m
[57.830s] [ 60%] [32mBuilding CXX object _deps/yaml-cpp-build/CMakeFiles/yaml-cpp.dir/src/scantag.cpp.o[0m
[60.177s] [ 62%] [32mBuilding CXX object _deps/yaml-cpp-build/CMakeFiles/yaml-cpp.dir/src/scantoken.cpp.o[0m
[66.705s] [ 65%] [32mBuilding CXX object _deps/yaml-cpp-build/CMakeFiles/yaml-cpp.dir/src/simplekey.cpp.o[0m
[68.532s] [ 68%] [32mBuilding CXX object _deps/yaml-cpp-build/CMakeFiles/yaml-cpp.dir/src/singledocparser.cpp.o[0m
[71.778s] [ 71%] [32mBuilding CXX object _deps/yaml-cpp-build/CMakeFiles/yaml-cpp.dir/src/stream.cpp.o[0m
[73.337s] [ 74%] [32mBuilding CXX object _deps/yaml-cpp-build/CMakeFiles/yaml-cpp.dir/src/tag.cpp.o[0m
[74.687s] [ 77%] [32mBuilding CXX object _deps/yaml-cpp-build/CMakeFiles/yaml-cpp.dir/src/contrib/graphbuilder.cpp.o[0m
[75.871s] [ 80%] [32mBuilding CXX object _deps/yaml-cpp-build/CMakeFiles/yaml-cpp.dir/src/contrib/graphbuilderadapter.cpp.o[0m
[77.101s] [ 82%] [32mBuilding CXX object _deps/yaml-cpp-build/CMakeFiles/yaml-cpp.dir/src/directives.cpp.o[0m
[77.891s] [ 85%] [32mBuilding CXX object _deps/yaml-cpp-build/CMakeFiles/yaml-cpp.dir/src/convert.cpp.o[0m
[80.130s] [ 88%] [32m[1mLinking CXX static library libyaml-cpp.a[0m
[80.214s] [ 88%] Built target yaml-cpp
[80.254s] [ 91%] [32mBuilding CXX object CMakeFiles/isaac_ros_nitros_pose_cov_stamped_type.dir/src/nitros_pose_cov_stamped.cpp.o[0m
[114.771s] [ 94%] [32m[1mLinking CXX shared library libisaac_ros_nitros_pose_cov_stamped_type.so[0m
[115.425s] [ 94%] Built target isaac_ros_nitros_pose_cov_stamped_type
[115.464s] [ 97%] [32mBuilding CXX object CMakeFiles/isaac_ros_nitros_pose_cov_stamped_forward_node.dir/test/src/nitros_pose_cov_stamped_forward_node.cpp.o[0m
[172.801s] [100%] [32m[1mLinking CXX shared library libisaac_ros_nitros_pose_cov_stamped_forward_node.so[0m
[173.683s] [100%] Built target isaac_ros_nitros_pose_cov_stamped_forward_node
[173.705s] Invoked command in '/workspaces/isaac_ros-dev/build/isaac_ros_nitros_pose_cov_stamped_type' returned '0': AMENT_PREFIX_PATH=/workspaces/isaac_ros-dev/install/isaac_ros_nitros:/workspaces/isaac_ros-dev/install/isaac_ros_nitros_interfaces:/workspaces/isaac_ros-dev/install/isaac_ros_gxf:/workspaces/isaac_ros-dev/install/isaac_ros_test:/workspaces/isaac_ros-dev/install/isaac_ros_common:${AMENT_PREFIX_PATH} CMAKE_PREFIX_PATH=/workspaces/isaac_ros-dev/install/isaac_ros_nitros:/workspaces/isaac_ros-dev/install/isaac_ros_nitros_interfaces:/workspaces/isaac_ros-dev/install/isaac_ros_gxf:/workspaces/isaac_ros-dev/install/isaac_ros_common:${CMAKE_PREFIX_PATH} LD_LIBRARY_PATH=/workspaces/isaac_ros-dev/install/isaac_ros_nitros/lib:/workspaces/isaac_ros-dev/install/isaac_ros_nitros_interfaces/lib:/workspaces/isaac_ros-dev/install/isaac_ros_common/lib:/opt/ros/humble/install/opt/rviz_ogre_vendor/lib:/opt/ros/humble/install/lib:/usr/lib/aarch64-linux-gnu/tegra/weston:/usr/lib/aarch64-linux-gnu/tegra-egl:/usr/local/cuda-11.4/targets/aarch64-linux/lib:/usr/lib/aarch64-linux-gnu/tegra:/opt/nvidia/vpi2/lib64:/usr/lib/aarch64-linux-gnu-host:/opt/tritonserver/lib PYTHONPATH=/workspaces/isaac_ros-dev/install/isaac_ros_nitros_interfaces/lib/python3.8/site-packages:/workspaces/isaac_ros-dev/build/isaac_ros_test:/workspaces/isaac_ros-dev/install/isaac_ros_test/lib/python3.8/site-packages:${PYTHONPATH} /usr/bin/cmake --build /workspaces/isaac_ros-dev/build/isaac_ros_nitros_pose_cov_stamped_type -- -j4 -l4
[173.815s] Invoking command in '/workspaces/isaac_ros-dev/build/isaac_ros_nitros_pose_cov_stamped_type': AMENT_PREFIX_PATH=/workspaces/isaac_ros-dev/install/isaac_ros_nitros:/workspaces/isaac_ros-dev/install/isaac_ros_nitros_interfaces:/workspaces/isaac_ros-dev/install/isaac_ros_gxf:/workspaces/isaac_ros-dev/install/isaac_ros_test:/workspaces/isaac_ros-dev/install/isaac_ros_common:${AMENT_PREFIX_PATH} CMAKE_PREFIX_PATH=/workspaces/isaac_ros-dev/install/isaac_ros_nitros:/workspaces/isaac_ros-dev/install/isaac_ros_nitros_interfaces:/workspaces/isaac_ros-dev/install/isaac_ros_gxf:/workspaces/isaac_ros-dev/install/isaac_ros_common:${CMAKE_PREFIX_PATH} LD_LIBRARY_PATH=/workspaces/isaac_ros-dev/install/isaac_ros_nitros/lib:/workspaces/isaac_ros-dev/install/isaac_ros_nitros_interfaces/lib:/workspaces/isaac_ros-dev/install/isaac_ros_common/lib:/opt/ros/humble/install/opt/rviz_ogre_vendor/lib:/opt/ros/humble/install/lib:/usr/lib/aarch64-linux-gnu/tegra/weston:/usr/lib/aarch64-linux-gnu/tegra-egl:/usr/local/cuda-11.4/targets/aarch64-linux/lib:/usr/lib/aarch64-linux-gnu/tegra:/opt/nvidia/vpi2/lib64:/usr/lib/aarch64-linux-gnu-host:/opt/tritonserver/lib PYTHONPATH=/workspaces/isaac_ros-dev/install/isaac_ros_nitros_interfaces/lib/python3.8/site-packages:/workspaces/isaac_ros-dev/build/isaac_ros_test:/workspaces/isaac_ros-dev/install/isaac_ros_test/lib/python3.8/site-packages:${PYTHONPATH} /usr/bin/cmake --install /workspaces/isaac_ros-dev/build/isaac_ros_nitros_pose_cov_stamped_type
[173.834s] -- Install configuration: "Release"
[173.835s] -- Execute custom install script
[173.836s] -- Symlinking: /workspaces/isaac_ros-dev/install/isaac_ros_nitros_pose_cov_stamped_type/lib/pkgconfig/yaml-cpp.pc
[173.848s] -- Symlinking: /workspaces/isaac_ros-dev/install/isaac_ros_nitros_pose_cov_stamped_type/share/isaac_ros_nitros_pose_cov_stamped_type/test/config/test_forward_node.yaml
[173.873s] -- Symlinking: /workspaces/isaac_ros-dev/install/isaac_ros_nitros_pose_cov_stamped_type/include/isaac_ros_nitros_pose_cov_stamped_type/nitros_pose_cov_stamped.hpp
[173.884s] -- Symlinking: /workspaces/isaac_ros-dev/install/isaac_ros_nitros_pose_cov_stamped_type/share/isaac_ros_nitros_pose_cov_stamped_type/environment/library_path.sh
[173.895s] -- Symlinking: /workspaces/isaac_ros-dev/install/isaac_ros_nitros_pose_cov_stamped_type/share/isaac_ros_nitros_pose_cov_stamped_type/environment/library_path.dsv
[173.906s] -- Symlinking: /workspaces/isaac_ros-dev/install/isaac_ros_nitros_pose_cov_stamped_type/lib/libisaac_ros_nitros_pose_cov_stamped_type.so
[173.918s] -- Symlinking: /workspaces/isaac_ros-dev/install/isaac_ros_nitros_pose_cov_stamped_type/lib/libisaac_ros_nitros_pose_cov_stamped_forward_node.so
[173.931s] -- Symlinking: /workspaces/isaac_ros-dev/install/isaac_ros_nitros_pose_cov_stamped_type/share/ament_index/resource_index/package_run_dependencies/isaac_ros_nitros_pose_cov_stamped_type
[173.943s] -- Symlinking: /workspaces/isaac_ros-dev/install/isaac_ros_nitros_pose_cov_stamped_type/share/ament_index/resource_index/parent_prefix_path/isaac_ros_nitros_pose_cov_stamped_type
[173.955s] -- Symlinking: /workspaces/isaac_ros-dev/install/isaac_ros_nitros_pose_cov_stamped_type/share/isaac_ros_nitros_pose_cov_stamped_type/environment/ament_prefix_path.sh
[173.968s] -- Symlinking: /workspaces/isaac_ros-dev/install/isaac_ros_nitros_pose_cov_stamped_type/share/isaac_ros_nitros_pose_cov_stamped_type/environment/ament_prefix_path.dsv
[173.981s] -- Symlinking: /workspaces/isaac_ros-dev/install/isaac_ros_nitros_pose_cov_stamped_type/share/isaac_ros_nitros_pose_cov_stamped_type/environment/path.sh
[173.995s] -- Symlinking: /workspaces/isaac_ros-dev/install/isaac_ros_nitros_pose_cov_stamped_type/share/isaac_ros_nitros_pose_cov_stamped_type/environment/path.dsv
[174.008s] -- Symlinking: /workspaces/isaac_ros-dev/install/isaac_ros_nitros_pose_cov_stamped_type/share/isaac_ros_nitros_pose_cov_stamped_type/local_setup.bash
[174.021s] -- Symlinking: /workspaces/isaac_ros-dev/install/isaac_ros_nitros_pose_cov_stamped_type/share/isaac_ros_nitros_pose_cov_stamped_type/local_setup.sh
[174.035s] -- Symlinking: /workspaces/isaac_ros-dev/install/isaac_ros_nitros_pose_cov_stamped_type/share/isaac_ros_nitros_pose_cov_stamped_type/local_setup.zsh
[174.048s] -- Symlinking: /workspaces/isaac_ros-dev/install/isaac_ros_nitros_pose_cov_stamped_type/share/isaac_ros_nitros_pose_cov_stamped_type/local_setup.dsv
[174.062s] -- Symlinking: /workspaces/isaac_ros-dev/install/isaac_ros_nitros_pose_cov_stamped_type/share/isaac_ros_nitros_pose_cov_stamped_type/package.dsv
[174.076s] -- Symlinking: /workspaces/isaac_ros-dev/install/isaac_ros_nitros_pose_cov_stamped_type/share/ament_index/resource_index/packages/isaac_ros_nitros_pose_cov_stamped_type
[174.092s] -- Symlinking: /workspaces/isaac_ros-dev/install/isaac_ros_nitros_pose_cov_stamped_type/share/ament_index/resource_index/rclcpp_components/isaac_ros_nitros_pose_cov_stamped_type
[174.106s] -- Symlinking: /workspaces/isaac_ros-dev/install/isaac_ros_nitros_pose_cov_stamped_type/share/isaac_ros_nitros_pose_cov_stamped_type/cmake/ament_cmake_export_dependencies-extras.cmake
[174.121s] -- Symlinking: /workspaces/isaac_ros-dev/install/isaac_ros_nitros_pose_cov_stamped_type/share/isaac_ros_nitros_pose_cov_stamped_type/cmake/ament_cmake_export_include_directories-extras.cmake
[174.134s] -- Symlinking: /workspaces/isaac_ros-dev/install/isaac_ros_nitros_pose_cov_stamped_type/share/isaac_ros_nitros_pose_cov_stamped_type/cmake/ament_cmake_export_libraries-extras.cmake
[174.147s] -- Symlinking: /workspaces/isaac_ros-dev/install/isaac_ros_nitros_pose_cov_stamped_type/share/isaac_ros_nitros_pose_cov_stamped_type/cmake/isaac_ros_nitros_pose_cov_stamped_typeConfig.cmake
[174.161s] -- Symlinking: /workspaces/isaac_ros-dev/install/isaac_ros_nitros_pose_cov_stamped_type/share/isaac_ros_nitros_pose_cov_stamped_type/cmake/isaac_ros_nitros_pose_cov_stamped_typeConfig-version.cmake
[174.174s] -- Symlinking: /workspaces/isaac_ros-dev/install/isaac_ros_nitros_pose_cov_stamped_type/share/isaac_ros_nitros_pose_cov_stamped_type/package.xml
[174.190s] -- Installing: /workspaces/isaac_ros-dev/install/isaac_ros_nitros_pose_cov_stamped_type/lib/libyaml-cpp.a
[174.194s] -- Installing: /workspaces/isaac_ros-dev/install/isaac_ros_nitros_pose_cov_stamped_type/include/yaml-cpp
[174.195s] -- Installing: /workspaces/isaac_ros-dev/install/isaac_ros_nitros_pose_cov_stamped_type/include/yaml-cpp/exceptions.h
[174.196s] -- Installing: /workspaces/isaac_ros-dev/install/isaac_ros_nitros_pose_cov_stamped_type/include/yaml-cpp/ostream_wrapper.h
[174.197s] -- Installing: /workspaces/isaac_ros-dev/install/isaac_ros_nitros_pose_cov_stamped_type/include/yaml-cpp/emitterstyle.h
[174.198s] -- Installing: /workspaces/isaac_ros-dev/install/isaac_ros_nitros_pose_cov_stamped_type/include/yaml-cpp/yaml.h
[174.199s] -- Installing: /workspaces/isaac_ros-dev/install/isaac_ros_nitros_pose_cov_stamped_type/include/yaml-cpp/binary.h
[174.200s] -- Installing: /workspaces/isaac_ros-dev/install/isaac_ros_nitros_pose_cov_stamped_type/include/yaml-cpp/emitfromevents.h
[174.201s] -- Installing: /workspaces/isaac_ros-dev/install/isaac_ros_nitros_pose_cov_stamped_type/include/yaml-cpp/dll.h
[174.202s] -- Installing: /workspaces/isaac_ros-dev/install/isaac_ros_nitros_pose_cov_stamped_type/include/yaml-cpp/traits.h
[174.203s] -- Installing: /workspaces/isaac_ros-dev/install/isaac_ros_nitros_pose_cov_stamped_type/include/yaml-cpp/contrib
[174.204s] -- Installing: /workspaces/isaac_ros-dev/install/isaac_ros_nitros_pose_cov_stamped_type/include/yaml-cpp/contrib/anchordict.h
[174.205s] -- Installing: /workspaces/isaac_ros-dev/install/isaac_ros_nitros_pose_cov_stamped_type/include/yaml-cpp/contrib/graphbuilder.h
[174.206s] -- Installing: /workspaces/isaac_ros-dev/install/isaac_ros_nitros_pose_cov_stamped_type/include/yaml-cpp/emitter.h
[174.207s] -- Installing: /workspaces/isaac_ros-dev/install/isaac_ros_nitros_pose_cov_stamped_type/include/yaml-cpp/stlemitter.h
[174.208s] -- Installing: /workspaces/isaac_ros-dev/install/isaac_ros_nitros_pose_cov_stamped_type/include/yaml-cpp/eventhandler.h
[174.209s] -- Installing: /workspaces/isaac_ros-dev/install/isaac_ros_nitros_pose_cov_stamped_type/include/yaml-cpp/emittermanip.h
[174.210s] -- Installing: /workspaces/isaac_ros-dev/install/isaac_ros_nitros_pose_cov_stamped_type/include/yaml-cpp/anchor.h
[174.211s] -- Installing: /workspaces/isaac_ros-dev/install/isaac_ros_nitros_pose_cov_stamped_type/include/yaml-cpp/parser.h
[174.212s] -- Installing: /workspaces/isaac_ros-dev/install/isaac_ros_nitros_pose_cov_stamped_type/include/yaml-cpp/emitterdef.h
[174.213s] -- Installing: /workspaces/isaac_ros-dev/install/isaac_ros_nitros_pose_cov_stamped_type/include/yaml-cpp/node
[174.214s] -- Installing: /workspaces/isaac_ros-dev/install/isaac_ros_nitros_pose_cov_stamped_type/include/yaml-cpp/node/emit.h
[174.215s] -- Installing: /workspaces/isaac_ros-dev/install/isaac_ros_nitros_pose_cov_stamped_type/include/yaml-cpp/node/impl.h
[174.215s] -- Installing: /workspaces/isaac_ros-dev/install/isaac_ros_nitros_pose_cov_stamped_type/include/yaml-cpp/node/convert.h
[174.216s] -- Installing: /workspaces/isaac_ros-dev/install/isaac_ros_nitros_pose_cov_stamped_type/include/yaml-cpp/node/iterator.h
[174.217s] -- Installing: /workspaces/isaac_ros-dev/install/isaac_ros_nitros_pose_cov_stamped_type/include/yaml-cpp/node/parse.h
[174.218s] -- Installing: /workspaces/isaac_ros-dev/install/isaac_ros_nitros_pose_cov_stamped_type/include/yaml-cpp/node/detail
[174.219s] -- Installing: /workspaces/isaac_ros-dev/install/isaac_ros_nitros_pose_cov_stamped_type/include/yaml-cpp/node/detail/impl.h
[174.220s] -- Installing: /workspaces/isaac_ros-dev/install/isaac_ros_nitros_pose_cov_stamped_type/include/yaml-cpp/node/detail/node_ref.h
[174.221s] -- Installing: /workspaces/isaac_ros-dev/install/isaac_ros_nitros_pose_cov_stamped_type/include/yaml-cpp/node/detail/iterator.h
[174.222s] -- Installing: /workspaces/isaac_ros-dev/install/isaac_ros_nitros_pose_cov_stamped_type/include/yaml-cpp/node/detail/node_iterator.h
[174.223s] -- Installing: /workspaces/isaac_ros-dev/install/isaac_ros_nitros_pose_cov_stamped_type/include/yaml-cpp/node/detail/memory.h
[174.224s] -- Installing: /workspaces/isaac_ros-dev/install/isaac_ros_nitros_pose_cov_stamped_type/include/yaml-cpp/node/detail/iterator_fwd.h
[174.225s] -- Installing: /workspaces/isaac_ros-dev/install/isaac_ros_nitros_pose_cov_stamped_type/include/yaml-cpp/node/detail/node_data.h
[174.226s] -- Installing: /workspaces/isaac_ros-dev/install/isaac_ros_nitros_pose_cov_stamped_type/include/yaml-cpp/node/detail/bool_type.h
[174.227s] -- Installing: /workspaces/isaac_ros-dev/install/isaac_ros_nitros_pose_cov_stamped_type/include/yaml-cpp/node/detail/node.h
[174.228s] -- Installing: /workspaces/isaac_ros-dev/install/isaac_ros_nitros_pose_cov_stamped_type/include/yaml-cpp/node/node.h
[174.229s] -- Installing: /workspaces/isaac_ros-dev/install/isaac_ros_nitros_pose_cov_stamped_type/include/yaml-cpp/node/ptr.h
[174.230s] -- Installing: /workspaces/isaac_ros-dev/install/isaac_ros_nitros_pose_cov_stamped_type/include/yaml-cpp/node/type.h
[174.231s] -- Installing: /workspaces/isaac_ros-dev/install/isaac_ros_nitros_pose_cov_stamped_type/include/yaml-cpp/null.h
[174.232s] -- Installing: /workspaces/isaac_ros-dev/install/isaac_ros_nitros_pose_cov_stamped_type/include/yaml-cpp/mark.h
[174.233s] -- Installing: /workspaces/isaac_ros-dev/install/isaac_ros_nitros_pose_cov_stamped_type/lib/cmake/yaml-cpp/yaml-cpp-config.cmake
[174.234s] -- Installing: /workspaces/isaac_ros-dev/install/isaac_ros_nitros_pose_cov_stamped_type/lib/cmake/yaml-cpp/yaml-cpp-config-version.cmake
[174.235s] -- Installing: /workspaces/isaac_ros-dev/install/isaac_ros_nitros_pose_cov_stamped_type/lib/cmake/yaml-cpp/yaml-cpp-targets.cmake
[174.236s] -- Installing: /workspaces/isaac_ros-dev/install/isaac_ros_nitros_pose_cov_stamped_type/lib/cmake/yaml-cpp/yaml-cpp-targets-release.cmake
[174.254s] Invoked command in '/workspaces/isaac_ros-dev/build/isaac_ros_nitros_pose_cov_stamped_type' returned '0': AMENT_PREFIX_PATH=/workspaces/isaac_ros-dev/install/isaac_ros_nitros:/workspaces/isaac_ros-dev/install/isaac_ros_nitros_interfaces:/workspaces/isaac_ros-dev/install/isaac_ros_gxf:/workspaces/isaac_ros-dev/install/isaac_ros_test:/workspaces/isaac_ros-dev/install/isaac_ros_common:${AMENT_PREFIX_PATH} CMAKE_PREFIX_PATH=/workspaces/isaac_ros-dev/install/isaac_ros_nitros:/workspaces/isaac_ros-dev/install/isaac_ros_nitros_interfaces:/workspaces/isaac_ros-dev/install/isaac_ros_gxf:/workspaces/isaac_ros-dev/install/isaac_ros_common:${CMAKE_PREFIX_PATH} LD_LIBRARY_PATH=/workspaces/isaac_ros-dev/install/isaac_ros_nitros/lib:/workspaces/isaac_ros-dev/install/isaac_ros_nitros_interfaces/lib:/workspaces/isaac_ros-dev/install/isaac_ros_common/lib:/opt/ros/humble/install/opt/rviz_ogre_vendor/lib:/opt/ros/humble/install/lib:/usr/lib/aarch64-linux-gnu/tegra/weston:/usr/lib/aarch64-linux-gnu/tegra-egl:/usr/local/cuda-11.4/targets/aarch64-linux/lib:/usr/lib/aarch64-linux-gnu/tegra:/opt/nvidia/vpi2/lib64:/usr/lib/aarch64-linux-gnu-host:/opt/tritonserver/lib PYTHONPATH=/workspaces/isaac_ros-dev/install/isaac_ros_nitros_interfaces/lib/python3.8/site-packages:/workspaces/isaac_ros-dev/build/isaac_ros_test:/workspaces/isaac_ros-dev/install/isaac_ros_test/lib/python3.8/site-packages:${PYTHONPATH} /usr/bin/cmake --install /workspaces/isaac_ros-dev/build/isaac_ros_nitros_pose_cov_stamped_type
