[0.066s] Invoking command in '/workspaces/isaac_ros-dev/build/isaac_ros_gxf': AMENT_PREFIX_PATH=/workspaces/isaac_ros-dev/install/isaac_ros_common:${AMENT_PREFIX_PATH} CMAKE_PREFIX_PATH=/workspaces/isaac_ros-dev/install/isaac_ros_common:${CMAKE_PREFIX_PATH} LD_LIBRARY_PATH=/workspaces/isaac_ros-dev/install/isaac_ros_common/lib:${LD_LIBRARY_PATH} /usr/local/bin/cmake /workspaces/isaac_ros-dev/src/isaac_ros_nitros/isaac_ros_gxf -DCMAKE_INSTALL_PREFIX=/workspaces/isaac_ros-dev/install/isaac_ros_gxf
[0.121s] -- The C compiler identification is GNU 9.4.0
[0.170s] -- The CXX compiler identification is GNU 9.4.0
[0.178s] -- Detecting C compiler ABI info
[0.223s] -- Detecting C compiler ABI info - done
[0.232s] -- Check for working C compiler: /usr/bin/cc - skipped
[0.232s] -- Detecting C compile features
[0.232s] -- Detecting C compile features - done
[0.235s] -- Detecting CXX compiler ABI info
[0.288s] -- Detecting CXX compiler ABI info - done
[0.302s] -- Check for working CXX compiler: /usr/bin/c++ - skipped
[0.302s] -- Detecting CXX compile features
[0.303s] -- Detecting CXX compile features - done
[0.305s] -- Architecture: x86_64
[0.306s] -- Found ament_cmake_auto: 1.3.3 (/opt/ros/humble/install/share/ament_cmake_auto/cmake)
[0.947s] -- Found Python3: /usr/bin/python3.8 (found version "3.8.10") found components: Interpreter 
[1.064s] -- Loading isaac_ros_common extras
[1.064s] -- CMAKE_BUILD_TYPE: Release
[1.076s] -- Performing Test CMAKE_HAVE_LIBC_PTHREAD
[1.123s] -- Performing Test CMAKE_HAVE_LIBC_PTHREAD - Failed
[1.124s] -- Looking for pthread_create in pthreads
[1.158s] -- Looking for pthread_create in pthreads - not found
[1.158s] -- Looking for pthread_create in pthread
[1.202s] -- Looking for pthread_create in pthread - found
[1.202s] -- Found Threads: TRUE  
[1.215s] -- Found CUDA: /usr/local/cuda (found version "11.8") 
[1.216s] -- Loading isaac_ros_common extras (modules)
[1.258s] -- Found rosidl_generator_c: 3.1.4 (/opt/ros/humble/install/share/rosidl_generator_c/cmake)
[1.263s] -- Found rosidl_adapter: 3.1.4 (/opt/ros/humble/install/share/rosidl_adapter/cmake)
[1.272s] -- Found rosidl_generator_cpp: 3.1.4 (/opt/ros/humble/install/share/rosidl_generator_cpp/cmake)
[1.289s] -- Using all available rosidl_typesupport_c: rosidl_typesupport_fastrtps_c;rosidl_typesupport_introspection_c
[1.309s] -- Using all available rosidl_typesupport_cpp: rosidl_typesupport_fastrtps_cpp;rosidl_typesupport_introspection_cpp
[1.398s] -- Found rmw_implementation_cmake: 6.1.1 (/opt/ros/humble/install/share/rmw_implementation_cmake/cmake)
[1.400s] -- Found rmw_fastrtps_cpp: 6.2.2 (/opt/ros/humble/install/share/rmw_fastrtps_cpp/cmake)
[1.487s] -- Found OpenSSL: /usr/lib/x86_64-linux-gnu/libcrypto.so (found version "1.1.1f")  
[1.511s] -- Found FastRTPS: /opt/ros/humble/install/include  
[1.552s] -- Using RMW implementation 'rmw_fastrtps_cpp' as default
[1.719s] -- Found ament_lint_auto: 0.12.5 (/opt/ros/humble/install/share/ament_lint_auto/cmake)
[1.742s] -- Added test 'cppcheck' to perform static code analysis on C / C++ code
[1.742s] -- Configured cppcheck include dirs: 
[1.742s] -- Configured cppcheck exclude dirs and/or files: 
[1.751s] -- Added test 'cpplint' to check C / C++ code against the Google style
[1.751s] -- Configured cpplint exclude dirs and/or files: 
[1.754s] -- Added test 'lint_cmake' to check CMake code style
[1.765s] -- Added test 'uncrustify' to check C / C++ code style
[1.765s] -- Configured uncrustify additional arguments: 
[1.766s] -- Added test 'xmllint' to check XML markup files
[1.767s] -- Configuring done (1.7s)
[1.773s] -- Generating done (0.0s)
[1.775s] -- Build files have been written to: /workspaces/isaac_ros-dev/build/isaac_ros_gxf
[1.787s] Invoked command in '/workspaces/isaac_ros-dev/build/isaac_ros_gxf' returned '0': AMENT_PREFIX_PATH=/workspaces/isaac_ros-dev/install/isaac_ros_common:${AMENT_PREFIX_PATH} CMAKE_PREFIX_PATH=/workspaces/isaac_ros-dev/install/isaac_ros_common:${CMAKE_PREFIX_PATH} LD_LIBRARY_PATH=/workspaces/isaac_ros-dev/install/isaac_ros_common/lib:${LD_LIBRARY_PATH} /usr/local/bin/cmake /workspaces/isaac_ros-dev/src/isaac_ros_nitros/isaac_ros_gxf -DCMAKE_INSTALL_PREFIX=/workspaces/isaac_ros-dev/install/isaac_ros_gxf
[1.789s] Invoking command in '/workspaces/isaac_ros-dev/build/isaac_ros_gxf': AMENT_PREFIX_PATH=/workspaces/isaac_ros-dev/install/isaac_ros_common:${AMENT_PREFIX_PATH} CMAKE_PREFIX_PATH=/workspaces/isaac_ros-dev/install/isaac_ros_common:${CMAKE_PREFIX_PATH} LD_LIBRARY_PATH=/workspaces/isaac_ros-dev/install/isaac_ros_common/lib:${LD_LIBRARY_PATH} /usr/local/bin/cmake --build /workspaces/isaac_ros-dev/build/isaac_ros_gxf -- -j16 -l16
[1.828s] [ 50%] [32mBuilding CXX object CMakeFiles/isaac_ros_gxf.dir/src/isaac_ros_gxf.cpp.o[0m
[1.840s] [100%] [32m[1mLinking CXX static library libisaac_ros_gxf.a[0m
[1.850s] [100%] Built target isaac_ros_gxf
[1.857s] Invoked command in '/workspaces/isaac_ros-dev/build/isaac_ros_gxf' returned '0': AMENT_PREFIX_PATH=/workspaces/isaac_ros-dev/install/isaac_ros_common:${AMENT_PREFIX_PATH} CMAKE_PREFIX_PATH=/workspaces/isaac_ros-dev/install/isaac_ros_common:${CMAKE_PREFIX_PATH} LD_LIBRARY_PATH=/workspaces/isaac_ros-dev/install/isaac_ros_common/lib:${LD_LIBRARY_PATH} /usr/local/bin/cmake --build /workspaces/isaac_ros-dev/build/isaac_ros_gxf -- -j16 -l16
[1.901s] Invoking command in '/workspaces/isaac_ros-dev/build/isaac_ros_gxf': AMENT_PREFIX_PATH=/workspaces/isaac_ros-dev/install/isaac_ros_common:${AMENT_PREFIX_PATH} CMAKE_PREFIX_PATH=/workspaces/isaac_ros-dev/install/isaac_ros_common:${CMAKE_PREFIX_PATH} LD_LIBRARY_PATH=/workspaces/isaac_ros-dev/install/isaac_ros_common/lib:${LD_LIBRARY_PATH} /usr/local/bin/cmake --install /workspaces/isaac_ros-dev/build/isaac_ros_gxf
[1.929s] -- Install configuration: "Release"
[1.930s] -- Installing: /workspaces/isaac_ros-dev/install/isaac_ros_gxf/share/isaac_ros_gxf/gxf/include/
[1.930s] -- Installing: /workspaces/isaac_ros-dev/install/isaac_ros_gxf/share/isaac_ros_gxf/gxf/include//common
[1.930s] -- Installing: /workspaces/isaac_ros-dev/install/isaac_ros_gxf/share/isaac_ros_gxf/gxf/include//common/backtrace.hpp
[1.930s] -- Installing: /workspaces/isaac_ros-dev/install/isaac_ros_gxf/share/isaac_ros_gxf/gxf/include//common/fixed_vector.hpp
[1.930s] -- Installing: /workspaces/isaac_ros-dev/install/isaac_ros_gxf/share/isaac_ros_gxf/gxf/include//common/expected.hpp
[1.930s] -- Installing: /workspaces/isaac_ros-dev/install/isaac_ros_gxf/share/isaac_ros_gxf/gxf/include//common/type_utils.hpp
[1.930s] -- Installing: /workspaces/isaac_ros-dev/install/isaac_ros_gxf/share/isaac_ros_gxf/gxf/include//common/byte.hpp
[1.930s] -- Installing: /workspaces/isaac_ros-dev/install/isaac_ros_gxf/share/isaac_ros_gxf/gxf/include//common/assert.hpp
[1.930s] -- Installing: /workspaces/isaac_ros-dev/install/isaac_ros_gxf/share/isaac_ros_gxf/gxf/include//common/strong_type.hpp
[1.930s] -- Installing: /workspaces/isaac_ros-dev/install/isaac_ros_gxf/share/isaac_ros_gxf/gxf/include//common/memory_utils.hpp
[1.930s] -- Installing: /workspaces/isaac_ros-dev/install/isaac_ros_gxf/share/isaac_ros_gxf/gxf/include//common/type_name_gnuc.hpp
[1.930s] -- Installing: /workspaces/isaac_ros-dev/install/isaac_ros_gxf/share/isaac_ros_gxf/gxf/include//common/fixed_string.hpp
[1.931s] -- Installing: /workspaces/isaac_ros-dev/install/isaac_ros_gxf/share/isaac_ros_gxf/gxf/include//common/nvtx_helper.hpp
[1.931s] -- Installing: /workspaces/isaac_ros-dev/install/isaac_ros_gxf/share/isaac_ros_gxf/gxf/include//common/type_name.hpp
[1.931s] -- Installing: /workspaces/isaac_ros-dev/install/isaac_ros_gxf/share/isaac_ros_gxf/gxf/include//common/logger.hpp
[1.931s] -- Installing: /workspaces/isaac_ros-dev/install/isaac_ros_gxf/share/isaac_ros_gxf/gxf/include//common/span.hpp
[1.931s] -- Installing: /workspaces/isaac_ros-dev/install/isaac_ros_gxf/share/isaac_ros_gxf/gxf/include//common/unique_index_map.hpp
[1.931s] -- Installing: /workspaces/isaac_ros-dev/install/isaac_ros_gxf/share/isaac_ros_gxf/gxf/include//common/endian.hpp
[1.931s] -- Installing: /workspaces/isaac_ros-dev/install/isaac_ros_gxf/share/isaac_ros_gxf/gxf/include//common/iterator.hpp
[1.931s] -- Installing: /workspaces/isaac_ros-dev/install/isaac_ros_gxf/share/isaac_ros_gxf/gxf/include//gxf
[1.931s] -- Installing: /workspaces/isaac_ros-dev/install/isaac_ros_gxf/share/isaac_ros_gxf/gxf/include//gxf/core
[1.931s] -- Installing: /workspaces/isaac_ros-dev/install/isaac_ros_gxf/share/isaac_ros_gxf/gxf/include//gxf/core/gxf.h
[1.931s] -- Installing: /workspaces/isaac_ros-dev/install/isaac_ros_gxf/share/isaac_ros_gxf/gxf/include//gxf/core/expected.hpp
[1.931s] -- Installing: /workspaces/isaac_ros-dev/install/isaac_ros_gxf/share/isaac_ros_gxf/gxf/include//gxf/core/entity.hpp
[1.931s] -- Installing: /workspaces/isaac_ros-dev/install/isaac_ros_gxf/share/isaac_ros_gxf/gxf/include//gxf/core/component.hpp
[1.931s] -- Installing: /workspaces/isaac_ros-dev/install/isaac_ros_gxf/share/isaac_ros_gxf/gxf/include//gxf/core/gxf_ext.h
[1.932s] -- Installing: /workspaces/isaac_ros-dev/install/isaac_ros_gxf/share/isaac_ros_gxf/gxf/include//gxf/core/handle.hpp
[1.932s] -- Installing: /workspaces/isaac_ros-dev/install/isaac_ros_gxf/share/isaac_ros_gxf/gxf/include//gxf/core/registrar.hpp
[1.932s] -- Installing: /workspaces/isaac_ros-dev/install/isaac_ros_gxf/share/isaac_ros_gxf/gxf/include//gxf/core/parameter.hpp
[1.932s] -- Installing: /workspaces/isaac_ros-dev/install/isaac_ros_gxf/share/isaac_ros_gxf/gxf/include//gxf/cuda
[1.932s] -- Installing: /workspaces/isaac_ros-dev/install/isaac_ros_gxf/share/isaac_ros_gxf/gxf/include//gxf/cuda/tests
[1.932s] -- Installing: /workspaces/isaac_ros-dev/install/isaac_ros_gxf/share/isaac_ros_gxf/gxf/include//gxf/cuda/tests/test_cuda_helper.hpp
[1.932s] -- Installing: /workspaces/isaac_ros-dev/install/isaac_ros_gxf/share/isaac_ros_gxf/gxf/include//gxf/cuda/cuda_stream.hpp
[1.932s] -- Installing: /workspaces/isaac_ros-dev/install/isaac_ros_gxf/share/isaac_ros_gxf/gxf/include//gxf/cuda/cuda_stream_sync.hpp
[1.932s] -- Installing: /workspaces/isaac_ros-dev/install/isaac_ros_gxf/share/isaac_ros_gxf/gxf/include//gxf/cuda/cuda_event.hpp
[1.932s] -- Installing: /workspaces/isaac_ros-dev/install/isaac_ros_gxf/share/isaac_ros_gxf/gxf/include//gxf/cuda/cuda_stream_id.hpp
[1.932s] -- Installing: /workspaces/isaac_ros-dev/install/isaac_ros_gxf/share/isaac_ros_gxf/gxf/include//gxf/cuda/cuda_stream_pool.hpp
[1.932s] -- Installing: /workspaces/isaac_ros-dev/install/isaac_ros_gxf/share/isaac_ros_gxf/gxf/include//gxf/cuda/cuda_common.hpp
[1.932s] -- Installing: /workspaces/isaac_ros-dev/install/isaac_ros_gxf/share/isaac_ros_gxf/gxf/include//gxf/network
[1.932s] -- Installing: /workspaces/isaac_ros-dev/install/isaac_ros_gxf/share/isaac_ros_gxf/gxf/include//gxf/network/tcp_client.hpp
[1.933s] -- Installing: /workspaces/isaac_ros-dev/install/isaac_ros_gxf/share/isaac_ros_gxf/gxf/include//gxf/network/tcp_server.hpp
[1.933s] -- Installing: /workspaces/isaac_ros-dev/install/isaac_ros_gxf/share/isaac_ros_gxf/gxf/include//gxf/behavior_tree
[1.933s] -- Installing: /workspaces/isaac_ros-dev/install/isaac_ros_gxf/share/isaac_ros_gxf/gxf/include//gxf/behavior_tree/entity_count_failure_repeat_controller.hpp
[1.933s] -- Installing: /workspaces/isaac_ros-dev/install/isaac_ros_gxf/share/isaac_ros_gxf/gxf/include//gxf/behavior_tree/timer_behavior.hpp
[1.933s] -- Installing: /workspaces/isaac_ros-dev/install/isaac_ros_gxf/share/isaac_ros_gxf/gxf/include//gxf/behavior_tree/switch_behavior.hpp
[1.933s] -- Installing: /workspaces/isaac_ros-dev/install/isaac_ros_gxf/share/isaac_ros_gxf/gxf/include//gxf/behavior_tree/repeat_behavior.hpp
[1.933s] -- Installing: /workspaces/isaac_ros-dev/install/isaac_ros_gxf/share/isaac_ros_gxf/gxf/include//gxf/behavior_tree/constant_behavior.hpp
[1.933s] -- Installing: /workspaces/isaac_ros-dev/install/isaac_ros_gxf/share/isaac_ros_gxf/gxf/include//gxf/behavior_tree/parallel_behavior.hpp
[1.933s] -- Installing: /workspaces/isaac_ros-dev/install/isaac_ros_gxf/share/isaac_ros_gxf/gxf/include//gxf/behavior_tree/selector_behavior.hpp
[1.933s] -- Installing: /workspaces/isaac_ros-dev/install/isaac_ros_gxf/share/isaac_ros_gxf/gxf/include//gxf/behavior_tree/sequence_behavior.hpp
[1.933s] -- Installing: /workspaces/isaac_ros-dev/install/isaac_ros_gxf/share/isaac_ros_gxf/gxf/include//gxf/std
[1.933s] -- Installing: /workspaces/isaac_ros-dev/install/isaac_ros_gxf/share/isaac_ros_gxf/gxf/include//gxf/std/clock.hpp
[1.933s] -- Installing: /workspaces/isaac_ros-dev/install/isaac_ros_gxf/share/isaac_ros_gxf/gxf/include//gxf/std/gems
[1.934s] -- Installing: /workspaces/isaac_ros-dev/install/isaac_ros_gxf/share/isaac_ros_gxf/gxf/include//gxf/std/gems/staging_queue
[1.934s] -- Installing: /workspaces/isaac_ros-dev/install/isaac_ros_gxf/share/isaac_ros_gxf/gxf/include//gxf/std/gems/staging_queue/staging_queue.hpp
[1.934s] -- Installing: /workspaces/isaac_ros-dev/install/isaac_ros_gxf/share/isaac_ros_gxf/gxf/include//gxf/std/gems/staging_queue/staging_queue_iterator.hpp
[1.934s] -- Installing: /workspaces/isaac_ros-dev/install/isaac_ros_gxf/share/isaac_ros_gxf/gxf/include//gxf/std/gems/suballocators
[1.934s] -- Installing: /workspaces/isaac_ros-dev/install/isaac_ros_gxf/share/isaac_ros_gxf/gxf/include//gxf/std/gems/suballocators/first_fit_allocator.hpp
[1.934s] -- Installing: /workspaces/isaac_ros-dev/install/isaac_ros_gxf/share/isaac_ros_gxf/gxf/include//gxf/std/gems/suballocators/first_fit_allocator_base.hpp
[1.934s] -- Installing: /workspaces/isaac_ros-dev/install/isaac_ros_gxf/share/isaac_ros_gxf/gxf/include//gxf/std/extension.hpp
[1.934s] -- Installing: /workspaces/isaac_ros-dev/install/isaac_ros_gxf/share/isaac_ros_gxf/gxf/include//gxf/std/parameter_parser.hpp
[1.934s] -- Installing: /workspaces/isaac_ros-dev/install/isaac_ros_gxf/share/isaac_ros_gxf/gxf/include//gxf/std/monitor.hpp
[1.934s] -- Installing: /workspaces/isaac_ros-dev/install/isaac_ros_gxf/share/isaac_ros_gxf/gxf/include//gxf/std/memory_buffer.hpp
[1.934s] -- Installing: /workspaces/isaac_ros-dev/install/isaac_ros_gxf/share/isaac_ros_gxf/gxf/include//gxf/std/metric.hpp
[1.934s] -- Installing: /workspaces/isaac_ros-dev/install/isaac_ros_gxf/share/isaac_ros_gxf/gxf/include//gxf/std/timestamp.hpp
[1.934s] -- Installing: /workspaces/isaac_ros-dev/install/isaac_ros_gxf/share/isaac_ros_gxf/gxf/include//gxf/std/extension_factory_helper.hpp
[1.934s] -- Installing: /workspaces/isaac_ros-dev/install/isaac_ros_gxf/share/isaac_ros_gxf/gxf/include//gxf/std/parameter_parser_std.hpp
[1.934s] -- Installing: /workspaces/isaac_ros-dev/install/isaac_ros_gxf/share/isaac_ros_gxf/gxf/include//gxf/std/yaml_file_loader.hpp
[1.935s] -- Installing: /workspaces/isaac_ros-dev/install/isaac_ros_gxf/share/isaac_ros_gxf/gxf/include//gxf/std/complex.hpp
[1.935s] -- Installing: /workspaces/isaac_ros-dev/install/isaac_ros_gxf/share/isaac_ros_gxf/gxf/include//gxf/std/component_factory.hpp
[1.935s] -- Installing: /workspaces/isaac_ros-dev/install/isaac_ros_gxf/share/isaac_ros_gxf/gxf/include//gxf/std/default_extension.hpp
[1.935s] -- Installing: /workspaces/isaac_ros-dev/install/isaac_ros_gxf/share/isaac_ros_gxf/gxf/include//gxf/std/parameter_storage.hpp
[1.935s] -- Installing: /workspaces/isaac_ros-dev/install/isaac_ros_gxf/share/isaac_ros_gxf/gxf/include//gxf/std/vault.hpp
[1.935s] -- Installing: /workspaces/isaac_ros-dev/install/isaac_ros_gxf/share/isaac_ros_gxf/gxf/include//gxf/std/allocator.hpp
[1.935s] -- Installing: /workspaces/isaac_ros-dev/install/isaac_ros_gxf/share/isaac_ros_gxf/gxf/include//gxf/std/system.hpp
[1.935s] -- Installing: /workspaces/isaac_ros-dev/install/isaac_ros_gxf/share/isaac_ros_gxf/gxf/include//gxf/std/transmitter.hpp
[1.935s] -- Installing: /workspaces/isaac_ros-dev/install/isaac_ros_gxf/share/isaac_ros_gxf/gxf/include//gxf/std/codelet.hpp
[1.935s] -- Installing: /workspaces/isaac_ros-dev/install/isaac_ros_gxf/share/isaac_ros_gxf/gxf/include//gxf/std/unbounded_allocator.hpp
[1.935s] -- Installing: /workspaces/isaac_ros-dev/install/isaac_ros_gxf/share/isaac_ros_gxf/gxf/include//gxf/std/scheduling_condition.hpp
[1.935s] -- Installing: /workspaces/isaac_ros-dev/install/isaac_ros_gxf/share/isaac_ros_gxf/gxf/include//gxf/std/scheduling_term.hpp
[1.935s] -- Installing: /workspaces/isaac_ros-dev/install/isaac_ros_gxf/share/isaac_ros_gxf/gxf/include//gxf/std/scheduling_terms.hpp
[1.936s] -- Installing: /workspaces/isaac_ros-dev/install/isaac_ros_gxf/share/isaac_ros_gxf/gxf/include//gxf/std/double_buffer_receiver.hpp
[1.936s] -- Installing: /workspaces/isaac_ros-dev/install/isaac_ros_gxf/share/isaac_ros_gxf/gxf/include//gxf/std/receiver.hpp
[1.936s] -- Installing: /workspaces/isaac_ros-dev/install/isaac_ros_gxf/share/isaac_ros_gxf/gxf/include//gxf/std/new_component_allocator.hpp
[1.936s] -- Installing: /workspaces/isaac_ros-dev/install/isaac_ros_gxf/share/isaac_ros_gxf/gxf/include//gxf/std/component_allocator.hpp
[1.936s] -- Installing: /workspaces/isaac_ros-dev/install/isaac_ros_gxf/share/isaac_ros_gxf/gxf/include//gxf/std/queue.hpp
[1.936s] -- Installing: /workspaces/isaac_ros-dev/install/isaac_ros_gxf/share/isaac_ros_gxf/gxf/include//gxf/std/tensor.hpp
[1.936s] -- Installing: /workspaces/isaac_ros-dev/install/isaac_ros_gxf/share/isaac_ros_gxf/gxf/include//gxf/std/type_registry.hpp
[1.936s] -- Installing: /workspaces/isaac_ros-dev/install/isaac_ros_gxf/share/isaac_ros_gxf/gxf/include//gxf/std/parameter_wrapper.hpp
[1.936s] -- Installing: /workspaces/isaac_ros-dev/install/isaac_ros_gxf/share/isaac_ros_gxf/gxf/include//gxf/std/parameter_registrar.hpp
[1.936s] -- Installing: /workspaces/isaac_ros-dev/install/isaac_ros_gxf/share/isaac_ros_gxf/gxf/include//gxf/stream
[1.936s] -- Installing: /workspaces/isaac_ros-dev/install/isaac_ros_gxf/share/isaac_ros_gxf/gxf/include//gxf/stream/tests
[1.936s] -- Installing: /workspaces/isaac_ros-dev/install/isaac_ros_gxf/share/isaac_ros_gxf/gxf/include//gxf/stream/tests/test_gxf_stream_sync_cuda_helper.hpp
[1.936s] -- Installing: /workspaces/isaac_ros-dev/install/isaac_ros_gxf/share/isaac_ros_gxf/gxf/include//gxf/multimedia
[1.936s] -- Installing: /workspaces/isaac_ros-dev/install/isaac_ros_gxf/share/isaac_ros_gxf/gxf/include//gxf/multimedia/audio.hpp
[1.936s] -- Installing: /workspaces/isaac_ros-dev/install/isaac_ros_gxf/share/isaac_ros_gxf/gxf/include//gxf/multimedia/video.hpp
[1.937s] -- Installing: /workspaces/isaac_ros-dev/install/isaac_ros_gxf/share/isaac_ros_gxf/gxf/include//gxf/multimedia/camera.hpp
[1.937s] -- Installing: /workspaces/isaac_ros-dev/install/isaac_ros_gxf/share/isaac_ros_gxf/gxf/include//gxf/npp
[1.937s] -- Installing: /workspaces/isaac_ros-dev/install/isaac_ros_gxf/share/isaac_ros_gxf/gxf/include//gxf/npp/nppi_mul_c.hpp
[1.937s] -- Installing: /workspaces/isaac_ros-dev/install/isaac_ros_gxf/share/isaac_ros_gxf/gxf/include//gxf/npp/nppi_set.hpp
[1.937s] -- Installing: /workspaces/isaac_ros-dev/install/isaac_ros_gxf/share/isaac_ros_gxf/gxf/include//gxf/serialization
[1.937s] -- Installing: /workspaces/isaac_ros-dev/install/isaac_ros_gxf/share/isaac_ros_gxf/gxf/include//gxf/serialization/tests
[1.937s] -- Installing: /workspaces/isaac_ros-dev/install/isaac_ros_gxf/share/isaac_ros_gxf/gxf/include//gxf/serialization/tests/serialization_tester.hpp
[1.937s] -- Installing: /workspaces/isaac_ros-dev/install/isaac_ros_gxf/share/isaac_ros_gxf/gxf/include//gxf/serialization/tid_hash.hpp
[1.937s] -- Installing: /workspaces/isaac_ros-dev/install/isaac_ros_gxf/share/isaac_ros_gxf/gxf/include//gxf/serialization/component_serializer.hpp
[1.937s] -- Installing: /workspaces/isaac_ros-dev/install/isaac_ros_gxf/share/isaac_ros_gxf/gxf/include//gxf/serialization/entity_replayer.hpp
[1.937s] -- Installing: /workspaces/isaac_ros-dev/install/isaac_ros_gxf/share/isaac_ros_gxf/gxf/include//gxf/serialization/endpoint.hpp
[1.937s] -- Installing: /workspaces/isaac_ros-dev/install/isaac_ros_gxf/share/isaac_ros_gxf/gxf/include//gxf/serialization/file.hpp
[1.937s] -- Installing: /workspaces/isaac_ros-dev/install/isaac_ros_gxf/share/isaac_ros_gxf/gxf/include//gxf/serialization/std_entity_id_serializer.hpp
[1.937s] -- Installing: /workspaces/isaac_ros-dev/install/isaac_ros_gxf/share/isaac_ros_gxf/gxf/include//gxf/serialization/serialization_buffer.hpp
[1.937s] -- Installing: /workspaces/isaac_ros-dev/install/isaac_ros_gxf/share/isaac_ros_gxf/gxf/include//gxf/serialization/file_stream.hpp
[1.937s] -- Installing: /workspaces/isaac_ros-dev/install/isaac_ros_gxf/share/isaac_ros_gxf/gxf/include//gxf/serialization/std_component_serializer.hpp
[1.937s] -- Installing: /workspaces/isaac_ros-dev/install/isaac_ros_gxf/share/isaac_ros_gxf/gxf/include//gxf/serialization/entity_serializer.hpp
[1.938s] -- Installing: /workspaces/isaac_ros-dev/install/isaac_ros_gxf/share/isaac_ros_gxf/gxf/include//gxf/serialization/std_entity_serializer.hpp
[1.938s] -- Installing: /workspaces/isaac_ros-dev/install/isaac_ros_gxf/share/isaac_ros_gxf/gxf/include//gxf/serialization/entity_recorder.hpp
[1.938s] -- Installing: /workspaces/isaac_ros-dev/install/isaac_ros_gxf/share/isaac_ros_gxf/gxf/include//third_party
[1.938s] -- Installing: /workspaces/isaac_ros-dev/install/isaac_ros_gxf/share/isaac_ros_gxf/gxf/include//third_party/LICENSE.txt
[1.938s] -- Up-to-date: /workspaces/isaac_ros-dev/install/isaac_ros_gxf/share/isaac_ros_gxf/gxf/include/
[1.938s] -- Up-to-date: /workspaces/isaac_ros-dev/install/isaac_ros_gxf/share/isaac_ros_gxf/gxf/include//gxf
[1.938s] -- Installing: /workspaces/isaac_ros-dev/install/isaac_ros_gxf/share/isaac_ros_gxf/gxf/include//gxf/isaac_ros_messages
[1.938s] -- Installing: /workspaces/isaac_ros-dev/install/isaac_ros_gxf/share/isaac_ros_gxf/gxf/include//gxf/isaac_ros_messages/point_cloud_message.hpp
[1.938s] -- Installing: /workspaces/isaac_ros-dev/install/isaac_ros_gxf/share/isaac_ros_gxf/gxf/include//gxf/isaac_ros_messages/flat_scan_message.hpp
[1.938s] -- Installing: /workspaces/isaac_ros-dev/install/isaac_ros_gxf/share/isaac_ros_gxf/gxf/include//gxf/gxf_optimizer
[1.938s] -- Installing: /workspaces/isaac_ros-dev/install/isaac_ros_gxf/share/isaac_ros_gxf/gxf/include//gxf/gxf_optimizer/extensions
[1.938s] -- Installing: /workspaces/isaac_ros-dev/install/isaac_ros_gxf/share/isaac_ros_gxf/gxf/include//gxf/gxf_optimizer/extensions/gxf_optimizer
[1.938s] -- Installing: /workspaces/isaac_ros-dev/install/isaac_ros_gxf/share/isaac_ros_gxf/gxf/include//gxf/gxf_optimizer/extensions/gxf_optimizer/common
[1.938s] -- Installing: /workspaces/isaac_ros-dev/install/isaac_ros_gxf/share/isaac_ros_gxf/gxf/include//gxf/gxf_optimizer/extensions/gxf_optimizer/common/type.hpp
[1.938s] -- Installing: /workspaces/isaac_ros-dev/install/isaac_ros_gxf/share/isaac_ros_gxf/gxf/include//gxf/gxf_optimizer/extensions/gxf_optimizer/core
[1.938s] -- Installing: /workspaces/isaac_ros-dev/install/isaac_ros_gxf/share/isaac_ros_gxf/gxf/include//gxf/gxf_optimizer/extensions/gxf_optimizer/core/optimizer.hpp
[1.938s] -- Installing: /workspaces/isaac_ros-dev/install/isaac_ros_gxf/share/isaac_ros_gxf/gxf/include//gxf/gxf_optimizer/extensions/gxf_optimizer/exporter
[1.938s] -- Installing: /workspaces/isaac_ros-dev/install/isaac_ros_gxf/share/isaac_ros_gxf/gxf/include//gxf/gxf_optimizer/extensions/gxf_optimizer/exporter/graph_types.hpp
[1.939s] -- Installing: /workspaces/isaac_ros-dev/install/isaac_ros_gxf/share/isaac_ros_gxf/gxf/include//gxf/atlas
[1.939s] -- Installing: /workspaces/isaac_ros-dev/install/isaac_ros_gxf/share/isaac_ros_gxf/gxf/include//gxf/atlas/.gitkeep
[1.939s] -- Installing: /workspaces/isaac_ros-dev/install/isaac_ros_gxf/share/isaac_ros_gxf/gxf/include//gxf/isaac_messages
[1.939s] -- Installing: /workspaces/isaac_ros-dev/install/isaac_ros_gxf/share/isaac_ros_gxf/gxf/include//gxf/isaac_messages/gems
[1.939s] -- Installing: /workspaces/isaac_ros-dev/install/isaac_ros_gxf/share/isaac_ros_gxf/gxf/include//gxf/isaac_messages/gems/common
[1.939s] -- Installing: /workspaces/isaac_ros-dev/install/isaac_ros_gxf/share/isaac_ros_gxf/gxf/include//gxf/isaac_messages/gems/common/pose_frame_uid.hpp
[1.939s] -- Installing: /workspaces/isaac_ros-dev/install/isaac_ros_gxf/share/isaac_ros_gxf/gxf/include//gxf/isaac_messages/gems/flatscan
[1.939s] -- Installing: /workspaces/isaac_ros-dev/install/isaac_ros_gxf/share/isaac_ros_gxf/gxf/include//gxf/isaac_messages/gems/flatscan/flatscan_info.hpp
[1.939s] -- Installing: /workspaces/isaac_ros-dev/install/isaac_ros_gxf/share/isaac_ros_gxf/gxf/include//gxf/isaac_messages/gems/flatscan/flatscan_types.hpp
[1.939s] -- Installing: /workspaces/isaac_ros-dev/install/isaac_ros_gxf/share/isaac_ros_gxf/gxf/include//gxf/isaac_messages/gems/pose_tree
[1.939s] -- Installing: /workspaces/isaac_ros-dev/install/isaac_ros_gxf/share/isaac_ros_gxf/gxf/include//gxf/isaac_messages/gems/pose_tree/pose_tree_edge_history.hpp
[1.939s] -- Installing: /workspaces/isaac_ros-dev/install/isaac_ros_gxf/share/isaac_ros_gxf/gxf/include//gxf/isaac_messages/gems/pose_tree/pose_tree.hpp
[1.939s] -- Installing: /workspaces/isaac_ros-dev/install/isaac_ros_gxf/share/isaac_ros_gxf/gxf/include//gxf/isaac_messages/pose3d_cov_message.hpp
[1.939s] -- Installing: /workspaces/isaac_ros-dev/install/isaac_ros_gxf/share/isaac_ros_gxf/gxf/include//gxf/isaac_messages/imu_message.hpp
[1.939s] -- Installing: /workspaces/isaac_ros-dev/install/isaac_ros_gxf/share/isaac_ros_gxf/gxf/include//gxf/isaac_messages/engine
[1.940s] -- Installing: /workspaces/isaac_ros-dev/install/isaac_ros_gxf/share/isaac_ros_gxf/gxf/include//gxf/isaac_messages/engine/gems
[1.940s] -- Installing: /workspaces/isaac_ros-dev/install/isaac_ros_gxf/share/isaac_ros_gxf/gxf/include//gxf/isaac_messages/engine/gems/image
[1.940s] -- Installing: /workspaces/isaac_ros-dev/install/isaac_ros_gxf/share/isaac_ros_gxf/gxf/include//gxf/isaac_messages/engine/gems/image/utils.hpp
[1.940s] -- Installing: /workspaces/isaac_ros-dev/install/isaac_ros_gxf/share/isaac_ros_gxf/gxf/include//gxf/isaac_messages/engine/gems/geometry
[1.940s] -- Installing: /workspaces/isaac_ros-dev/install/isaac_ros_gxf/share/isaac_ros_gxf/gxf/include//gxf/isaac_messages/engine/gems/geometry/n_cuboid.hpp
[1.940s] -- Installing: /workspaces/isaac_ros-dev/install/isaac_ros_gxf/share/isaac_ros_gxf/gxf/include//gxf/isaac_messages/engine/gems/geometry/line_segment.hpp
[1.940s] -- Installing: /workspaces/isaac_ros-dev/install/isaac_ros_gxf/share/isaac_ros_gxf/gxf/include//gxf/isaac_messages/engine/gems/geometry/polyline.hpp
[1.940s] -- Installing: /workspaces/isaac_ros-dev/install/isaac_ros_gxf/share/isaac_ros_gxf/gxf/include//gxf/isaac_messages/engine/gems/geometry/polygon.hpp
[1.940s] -- Installing: /workspaces/isaac_ros-dev/install/isaac_ros_gxf/share/isaac_ros_gxf/gxf/include//gxf/isaac_messages/engine/gems/geometry/n_sphere.hpp
[1.940s] -- Installing: /workspaces/isaac_ros-dev/install/isaac_ros_gxf/share/isaac_ros_gxf/gxf/include//gxf/isaac_messages/engine/gems/geometry/line_utils.hpp
[1.940s] -- Installing: /workspaces/isaac_ros-dev/install/isaac_ros_gxf/share/isaac_ros_gxf/gxf/include//gxf/isaac_messages/engine/core
[1.940s] -- Installing: /workspaces/isaac_ros-dev/install/isaac_ros_gxf/share/isaac_ros_gxf/gxf/include//gxf/isaac_messages/engine/core/image
[1.940s] -- Installing: /workspaces/isaac_ros-dev/install/isaac_ros_gxf/share/isaac_ros_gxf/gxf/include//gxf/isaac_messages/engine/core/image/image.hpp
[1.940s] -- Installing: /workspaces/isaac_ros-dev/install/isaac_ros_gxf/share/isaac_ros_gxf/gxf/include//gxf/isaac_messages/engine/core/byte.hpp
[1.940s] -- Installing: /workspaces/isaac_ros-dev/install/isaac_ros_gxf/share/isaac_ros_gxf/gxf/include//gxf/isaac_messages/engine/core/allocator
[1.940s] -- Installing: /workspaces/isaac_ros-dev/install/isaac_ros_gxf/share/isaac_ros_gxf/gxf/include//gxf/isaac_messages/engine/core/allocator/allocators.hpp
[1.940s] -- Installing: /workspaces/isaac_ros-dev/install/isaac_ros_gxf/share/isaac_ros_gxf/gxf/include//gxf/isaac_messages/engine/core/allocator/allocator_base.hpp
[1.940s] -- Installing: /workspaces/isaac_ros-dev/install/isaac_ros_gxf/share/isaac_ros_gxf/gxf/include//gxf/isaac_messages/engine/core/tensor
[1.941s] -- Installing: /workspaces/isaac_ros-dev/install/isaac_ros_gxf/share/isaac_ros_gxf/gxf/include//gxf/isaac_messages/engine/core/tensor/tensor.hpp
[1.941s] -- Installing: /workspaces/isaac_ros-dev/install/isaac_ros_gxf/share/isaac_ros_gxf/gxf/include//gxf/isaac_messages/engine/core/buffers
[1.941s] -- Installing: /workspaces/isaac_ros-dev/install/isaac_ros_gxf/share/isaac_ros_gxf/gxf/include//gxf/isaac_messages/engine/core/buffers/traits.hpp
[1.941s] -- Installing: /workspaces/isaac_ros-dev/install/isaac_ros_gxf/share/isaac_ros_gxf/gxf/include//gxf/isaac_messages/engine/core/buffers/buffer.hpp
[1.941s] -- Installing: /workspaces/isaac_ros-dev/install/isaac_ros_gxf/share/isaac_ros_gxf/gxf/include//gxf/isaac_messages/engine/core/buffers/algorithm.hpp
[1.941s] -- Installing: /workspaces/isaac_ros-dev/install/isaac_ros_gxf/share/isaac_ros_gxf/gxf/include//gxf/isaac_messages/engine/core/assert.hpp
[1.941s] -- Installing: /workspaces/isaac_ros-dev/install/isaac_ros_gxf/share/isaac_ros_gxf/gxf/include//gxf/isaac_messages/engine/core/math
[1.941s] -- Installing: /workspaces/isaac_ros-dev/install/isaac_ros_gxf/share/isaac_ros_gxf/gxf/include//gxf/isaac_messages/engine/core/math/types.hpp
[1.941s] -- Installing: /workspaces/isaac_ros-dev/install/isaac_ros_gxf/share/isaac_ros_gxf/gxf/include//gxf/isaac_messages/engine/core/math/pose2.hpp
[1.941s] -- Installing: /workspaces/isaac_ros-dev/install/isaac_ros_gxf/share/isaac_ros_gxf/gxf/include//gxf/isaac_messages/engine/core/math/so3.hpp
[1.941s] -- Installing: /workspaces/isaac_ros-dev/install/isaac_ros_gxf/share/isaac_ros_gxf/gxf/include//gxf/isaac_messages/engine/core/math/utils.hpp
[1.941s] -- Installing: /workspaces/isaac_ros-dev/install/isaac_ros_gxf/share/isaac_ros_gxf/gxf/include//gxf/isaac_messages/engine/core/math/pose3.hpp
[1.941s] -- Installing: /workspaces/isaac_ros-dev/install/isaac_ros_gxf/share/isaac_ros_gxf/gxf/include//gxf/isaac_messages/engine/core/math/so2.hpp
[1.941s] -- Installing: /workspaces/isaac_ros-dev/install/isaac_ros_gxf/share/isaac_ros_gxf/gxf/include//gxf/isaac_messages/engine/core/constants.hpp
[1.941s] -- Installing: /workspaces/isaac_ros-dev/install/isaac_ros_gxf/share/isaac_ros_gxf/gxf/include//gxf/isaac_messages/engine/core/optional.hpp
[1.941s] -- Installing: /workspaces/isaac_ros-dev/install/isaac_ros_gxf/share/isaac_ros_gxf/gxf/include//gxf/isaac_messages/engine/core/epsilon.hpp
[1.942s] -- Installing: /workspaces/isaac_ros-dev/install/isaac_ros_gxf/share/isaac_ros_gxf/gxf/include//gxf/isaac_messages/engine/core/logger.hpp
[1.942s] -- Installing: /workspaces/isaac_ros-dev/install/isaac_ros_gxf/share/isaac_ros_gxf/gxf/include//gxf/isaac_messages/extensions
[1.942s] -- Installing: /workspaces/isaac_ros-dev/install/isaac_ros_gxf/share/isaac_ros_gxf/gxf/include//gxf/isaac_messages/extensions/gxf_helpers
[1.942s] -- Installing: /workspaces/isaac_ros-dev/install/isaac_ros_gxf/share/isaac_ros_gxf/gxf/include//gxf/isaac_messages/extensions/gxf_helpers/string_provider.hpp
[1.942s] -- Installing: /workspaces/isaac_ros-dev/install/isaac_ros_gxf/share/isaac_ros_gxf/gxf/include//gxf/isaac_messages/extensions/gxf_helpers/parameter_wrapper_isaac.hpp
[1.942s] -- Installing: /workspaces/isaac_ros-dev/install/isaac_ros_gxf/share/isaac_ros_gxf/gxf/include//gxf/isaac_messages/extensions/gxf_helpers/parameter_parser_isaac.hpp
[1.942s] -- Installing: /workspaces/isaac_ros-dev/install/isaac_ros_gxf/share/isaac_ros_gxf/gxf/include//gxf/isaac_messages/extensions/messages
[1.942s] -- Installing: /workspaces/isaac_ros-dev/install/isaac_ros_gxf/share/isaac_ros_gxf/gxf/include//gxf/isaac_messages/extensions/messages/flatscan_message.hpp
[1.942s] -- Installing: /workspaces/isaac_ros-dev/install/isaac_ros_gxf/share/isaac_ros_gxf/gxf/include//gxf/isaac_messages/extensions/atlas
[1.942s] -- Installing: /workspaces/isaac_ros-dev/install/isaac_ros_gxf/share/isaac_ros_gxf/gxf/include//gxf/isaac_messages/extensions/atlas/pose_tree_frame.hpp
[1.942s] -- Installing: /workspaces/isaac_ros-dev/install/isaac_ros_gxf/share/isaac_ros_gxf/gxf/lib
[1.942s] -- Installing: /workspaces/isaac_ros-dev/install/isaac_ros_gxf/share/isaac_ros_gxf/gxf/lib/core
[1.942s] -- Installing: /workspaces/isaac_ros-dev/install/isaac_ros_gxf/share/isaac_ros_gxf/gxf/lib/core/libgxf_core.so
[1.942s] -- Installing: /workspaces/isaac_ros-dev/install/isaac_ros_gxf/share/isaac_ros_gxf/gxf/lib/core/core_pybind.so
[1.944s] -- Installing: /workspaces/isaac_ros-dev/install/isaac_ros_gxf/share/isaac_ros_gxf/gxf/lib/cuda
[1.944s] -- Installing: /workspaces/isaac_ros-dev/install/isaac_ros_gxf/share/isaac_ros_gxf/gxf/lib/cuda/libgxf_cuda.so
[1.946s] -- Installing: /workspaces/isaac_ros-dev/install/isaac_ros_gxf/share/isaac_ros_gxf/gxf/lib/cuda/cuda_pybind.so
[1.948s] -- Installing: /workspaces/isaac_ros-dev/install/isaac_ros_gxf/share/isaac_ros_gxf/gxf/lib/network
[1.948s] -- Installing: /workspaces/isaac_ros-dev/install/isaac_ros_gxf/share/isaac_ros_gxf/gxf/lib/network/libgxf_network.so
[1.951s] -- Installing: /workspaces/isaac_ros-dev/install/isaac_ros_gxf/share/isaac_ros_gxf/gxf/lib/behavior_tree
[1.951s] -- Installing: /workspaces/isaac_ros-dev/install/isaac_ros_gxf/share/isaac_ros_gxf/gxf/lib/behavior_tree/libgxf_behavior_tree.so
[1.953s] -- Installing: /workspaces/isaac_ros-dev/install/isaac_ros_gxf/share/isaac_ros_gxf/gxf/lib/std
[1.953s] -- Installing: /workspaces/isaac_ros-dev/install/isaac_ros_gxf/share/isaac_ros_gxf/gxf/lib/std/tensor_pybind.so
[1.956s] -- Installing: /workspaces/isaac_ros-dev/install/isaac_ros_gxf/share/isaac_ros_gxf/gxf/lib/std/transmitter_pybind.so
[1.958s] -- Installing: /workspaces/isaac_ros-dev/install/isaac_ros_gxf/share/isaac_ros_gxf/gxf/lib/std/receiver_pybind.so
[1.960s] -- Installing: /workspaces/isaac_ros-dev/install/isaac_ros_gxf/share/isaac_ros_gxf/gxf/lib/std/allocator_pybind.so
[1.963s] -- Installing: /workspaces/isaac_ros-dev/install/isaac_ros_gxf/share/isaac_ros_gxf/gxf/lib/std/libgxf_std.so
[1.967s] -- Installing: /workspaces/isaac_ros-dev/install/isaac_ros_gxf/share/isaac_ros_gxf/gxf/lib/std/vault_pybind.so
[1.970s] -- Installing: /workspaces/isaac_ros-dev/install/isaac_ros_gxf/share/isaac_ros_gxf/gxf/lib/std/timestamp_pybind.so
[1.974s] -- Installing: /workspaces/isaac_ros-dev/install/isaac_ros_gxf/share/isaac_ros_gxf/gxf/lib/std/clock_pybind.so
[1.978s] -- Installing: /workspaces/isaac_ros-dev/install/isaac_ros_gxf/share/isaac_ros_gxf/gxf/lib/sample
[1.978s] -- Installing: /workspaces/isaac_ros-dev/install/isaac_ros_gxf/share/isaac_ros_gxf/gxf/lib/sample/libgxf_sample.so
[1.982s] -- Installing: /workspaces/isaac_ros-dev/install/isaac_ros_gxf/share/isaac_ros_gxf/gxf/lib/stream
[1.982s] -- Installing: /workspaces/isaac_ros-dev/install/isaac_ros_gxf/share/isaac_ros_gxf/gxf/lib/stream/libgxf_test_stream_sync_cuda.so
[1.986s] -- Installing: /workspaces/isaac_ros-dev/install/isaac_ros_gxf/share/isaac_ros_gxf/gxf/lib/stream/libgxf_stream.so
[1.990s] -- Installing: /workspaces/isaac_ros-dev/install/isaac_ros_gxf/share/isaac_ros_gxf/gxf/lib/multimedia
[1.990s] -- Installing: /workspaces/isaac_ros-dev/install/isaac_ros_gxf/share/isaac_ros_gxf/gxf/lib/multimedia/libgxf_multimedia.so
[1.994s] -- Installing: /workspaces/isaac_ros-dev/install/isaac_ros_gxf/share/isaac_ros_gxf/gxf/lib/npp
[1.994s] -- Installing: /workspaces/isaac_ros-dev/install/isaac_ros_gxf/share/isaac_ros_gxf/gxf/lib/npp/libgxf_npp.so
[1.997s] -- Installing: /workspaces/isaac_ros-dev/install/isaac_ros_gxf/share/isaac_ros_gxf/gxf/lib/python_codelet
[1.997s] -- Installing: /workspaces/isaac_ros-dev/install/isaac_ros_gxf/share/isaac_ros_gxf/gxf/lib/python_codelet/libgxf_python_codelet.so
[2.001s] -- Installing: /workspaces/isaac_ros-dev/install/isaac_ros_gxf/share/isaac_ros_gxf/gxf/lib/python_codelet/pycodelet.so
[2.004s] -- Installing: /workspaces/isaac_ros-dev/install/isaac_ros_gxf/share/isaac_ros_gxf/gxf/lib/serialization
[2.004s] -- Installing: /workspaces/isaac_ros-dev/install/isaac_ros_gxf/share/isaac_ros_gxf/gxf/lib/serialization/libgxf_serialization.so
[2.008s] -- Up-to-date: /workspaces/isaac_ros-dev/install/isaac_ros_gxf/share/isaac_ros_gxf/gxf/lib
[2.008s] -- Installing: /workspaces/isaac_ros-dev/install/isaac_ros_gxf/share/isaac_ros_gxf/gxf/lib/libgxf_flatscan_localization.so
[2.014s] -- Installing: /workspaces/isaac_ros-dev/install/isaac_ros_gxf/share/isaac_ros_gxf/gxf/lib/libgxf_optimizer.so
[2.015s] -- Installing: /workspaces/isaac_ros-dev/install/isaac_ros_gxf/share/isaac_ros_gxf/gxf/lib/libgxf_cuda.so
[2.018s] -- Installing: /workspaces/isaac_ros-dev/install/isaac_ros_gxf/share/isaac_ros_gxf/gxf/lib/libgxf_message_compositor.so
[2.018s] -- Installing: /workspaces/isaac_ros-dev/install/isaac_ros_gxf/share/isaac_ros_gxf/gxf/lib/libgxf_range_scan_processing.so
[2.021s] -- Installing: /workspaces/isaac_ros-dev/install/isaac_ros_gxf/share/isaac_ros_gxf/gxf/lib/libgxf_sight.so
[2.024s] -- Installing: /workspaces/isaac_ros-dev/install/isaac_ros_gxf/share/isaac_ros_gxf/gxf/lib/libgxf_synchronization.so
[2.024s] -- Installing: /workspaces/isaac_ros-dev/install/isaac_ros_gxf/share/isaac_ros_gxf/gxf/lib/libgxf_atlas.so
[2.029s] -- Installing: /workspaces/isaac_ros-dev/install/isaac_ros_gxf/share/isaac_ros_gxf/gxf/lib/libgxf_isaac_messages.so
[2.034s] -- Installing: /workspaces/isaac_ros-dev/install/isaac_ros_gxf/share/isaac_ros_gxf/gxf/lib/libgxf_hesai.so
[2.036s] -- Installing: /workspaces/isaac_ros-dev/install/isaac_ros_gxf/share/isaac_ros_gxf/gxf/lib/libgxf_gxf_helpers.so
[2.038s] -- Installing: /workspaces/isaac_ros-dev/install/isaac_ros_gxf/share/isaac_ros_gxf/gxf/lib/libgxf_point_cloud.so
[2.039s] -- Installing: /workspaces/isaac_ros-dev/install/isaac_ros_gxf/share/isaac_ros_gxf/gxf/lib/libgxf_isaac_ros_messages.so
[2.039s] -- Installing: /workspaces/isaac_ros-dev/install/isaac_ros_gxf/share/isaac_ros_gxf/gxf/lib/libgxf_utils.so
[2.043s] -- Installing: /workspaces/isaac_ros-dev/install/isaac_ros_gxf/share/isaac_ros_gxf/gxf/lib/libgxf_localization.so
[2.046s] -- Installing: /workspaces/isaac_ros-dev/install/isaac_ros_gxf/share/ament_index/resource_index/isaac_ros_gxf_cmake_path/isaac_ros_gxf
[2.046s] -- Installing: /workspaces/isaac_ros-dev/install/isaac_ros_gxf/share/isaac_ros_gxf/cmake
[2.046s] -- Installing: /workspaces/isaac_ros-dev/install/isaac_ros_gxf/share/isaac_ros_gxf/cmake/isaac_ros_gxf-extras.cmake
[2.046s] -- Installing: /workspaces/isaac_ros-dev/install/isaac_ros_gxf/share/isaac_ros_gxf/cmake/modules
[2.046s] -- Installing: /workspaces/isaac_ros-dev/install/isaac_ros_gxf/share/isaac_ros_gxf/cmake/modules/YamlCpp.cmake
[2.046s] -- Installing: /workspaces/isaac_ros-dev/install/isaac_ros_gxf/share/isaac_ros_gxf/cmake/modules/FindGXF.cmake
[2.046s] -- Installing: /workspaces/isaac_ros-dev/install/isaac_ros_gxf/share/ament_index/resource_index/package_run_dependencies/isaac_ros_gxf
[2.047s] -- Installing: /workspaces/isaac_ros-dev/install/isaac_ros_gxf/share/ament_index/resource_index/parent_prefix_path/isaac_ros_gxf
[2.047s] -- Installing: /workspaces/isaac_ros-dev/install/isaac_ros_gxf/share/isaac_ros_gxf/environment/ament_prefix_path.sh
[2.047s] -- Installing: /workspaces/isaac_ros-dev/install/isaac_ros_gxf/share/isaac_ros_gxf/environment/ament_prefix_path.dsv
[2.047s] -- Installing: /workspaces/isaac_ros-dev/install/isaac_ros_gxf/share/isaac_ros_gxf/environment/path.sh
[2.047s] -- Installing: /workspaces/isaac_ros-dev/install/isaac_ros_gxf/share/isaac_ros_gxf/environment/path.dsv
[2.047s] -- Installing: /workspaces/isaac_ros-dev/install/isaac_ros_gxf/share/isaac_ros_gxf/local_setup.bash
[2.047s] -- Installing: /workspaces/isaac_ros-dev/install/isaac_ros_gxf/share/isaac_ros_gxf/local_setup.sh
[2.047s] -- Installing: /workspaces/isaac_ros-dev/install/isaac_ros_gxf/share/isaac_ros_gxf/local_setup.zsh
[2.047s] -- Installing: /workspaces/isaac_ros-dev/install/isaac_ros_gxf/share/isaac_ros_gxf/local_setup.dsv
[2.047s] -- Installing: /workspaces/isaac_ros-dev/install/isaac_ros_gxf/share/isaac_ros_gxf/package.dsv
[2.047s] -- Installing: /workspaces/isaac_ros-dev/install/isaac_ros_gxf/share/ament_index/resource_index/packages/isaac_ros_gxf
[2.048s] -- Up-to-date: /workspaces/isaac_ros-dev/install/isaac_ros_gxf/share/isaac_ros_gxf/cmake/isaac_ros_gxf-extras.cmake
[2.048s] -- Installing: /workspaces/isaac_ros-dev/install/isaac_ros_gxf/share/isaac_ros_gxf/cmake/isaac_ros_gxfConfig.cmake
[2.048s] -- Installing: /workspaces/isaac_ros-dev/install/isaac_ros_gxf/share/isaac_ros_gxf/cmake/isaac_ros_gxfConfig-version.cmake
[2.048s] -- Installing: /workspaces/isaac_ros-dev/install/isaac_ros_gxf/share/isaac_ros_gxf/package.xml
[2.057s] Invoked command in '/workspaces/isaac_ros-dev/build/isaac_ros_gxf' returned '0': AMENT_PREFIX_PATH=/workspaces/isaac_ros-dev/install/isaac_ros_common:${AMENT_PREFIX_PATH} CMAKE_PREFIX_PATH=/workspaces/isaac_ros-dev/install/isaac_ros_common:${CMAKE_PREFIX_PATH} LD_LIBRARY_PATH=/workspaces/isaac_ros-dev/install/isaac_ros_common/lib:${LD_LIBRARY_PATH} /usr/local/bin/cmake --install /workspaces/isaac_ros-dev/build/isaac_ros_gxf
