[0.095s] Invoking command in '/workspaces/isaac_ros-dev/build/isaac_ros_nitros_pose_cov_stamped_type': AMENT_PREFIX_PATH=/workspaces/isaac_ros-dev/install/isaac_ros_nitros:/workspaces/isaac_ros-dev/install/isaac_ros_nitros_interfaces:/workspaces/isaac_ros-dev/install/isaac_ros_gxf:/workspaces/isaac_ros-dev/install/isaac_ros_test:/workspaces/isaac_ros-dev/install/isaac_ros_common:${AMENT_PREFIX_PATH} CMAKE_PREFIX_PATH=/workspaces/isaac_ros-dev/install/isaac_ros_nitros:/workspaces/isaac_ros-dev/install/isaac_ros_nitros_interfaces:/workspaces/isaac_ros-dev/install/isaac_ros_gxf:/workspaces/isaac_ros-dev/install/isaac_ros_common:${CMAKE_PREFIX_PATH} LD_LIBRARY_PATH=/workspaces/isaac_ros-dev/install/isaac_ros_nitros/lib:/workspaces/isaac_ros-dev/install/isaac_ros_nitros_interfaces/lib:/workspaces/isaac_ros-dev/install/isaac_ros_common/lib:/opt/ros/humble/install/opt/rviz_ogre_vendor/lib:/opt/ros/humble/install/lib:/usr/lib/aarch64-linux-gnu/tegra/weston:/usr/lib/aarch64-linux-gnu/tegra-egl:/usr/local/cuda-11.4/targets/aarch64-linux/lib:/usr/lib/aarch64-linux-gnu/tegra:/opt/nvidia/vpi2/lib64:/usr/lib/aarch64-linux-gnu-host:/opt/tritonserver/lib PYTHONPATH=/workspaces/isaac_ros-dev/install/isaac_ros_nitros_interfaces/lib/python3.8/site-packages:/workspaces/isaac_ros-dev/install/isaac_ros_test/lib/python3.8/site-packages:${PYTHONPATH} /usr/bin/cmake /workspaces/isaac_ros-dev/src/isaac_ros_nitros/isaac_ros_nitros_type/isaac_ros_nitros_pose_cov_stamped_type -DCMAKE_INSTALL_PREFIX=/workspaces/isaac_ros-dev/install/isaac_ros_nitros_pose_cov_stamped_type
[0.285s] -- The C compiler identification is GNU 9.4.0
[0.465s] -- The CXX compiler identification is GNU 9.4.0
[0.490s] -- Detecting C compiler ABI info
[0.729s] -- Detecting C compiler ABI info - done
[0.750s] -- Check for working C compiler: /usr/bin/cc - skipped
[0.754s] -- Detecting C compile features
[0.757s] -- Detecting C compile features - done
[0.772s] -- Detecting CXX compiler ABI info
[1.038s] -- Detecting CXX compiler ABI info - done
[1.057s] -- Check for working CXX compiler: /usr/bin/c++ - skipped
[1.058s] -- Detecting CXX compile features
[1.059s] -- Detecting CXX compile features - done
[1.071s] -- Found ament_cmake_auto: 1.3.3 (/opt/ros/humble/install/share/ament_cmake_auto/cmake)
[3.388s] -- Found Python3: /usr/bin/python3.8 (found version "3.8.10") found components: Interpreter 
[3.894s] -- Loading isaac_ros_common extras
[3.894s] -- CMAKE_BUILD_TYPE: Release
[3.959s] -- Looking for pthread.h
[4.208s] -- Looking for pthread.h - found
[4.210s] -- Performing Test CMAKE_HAVE_LIBC_PTHREAD
[4.455s] -- Performing Test CMAKE_HAVE_LIBC_PTHREAD - Failed
[4.456s] -- Looking for pthread_create in pthreads
[4.670s] -- Looking for pthread_create in pthreads - not found
[4.670s] -- Looking for pthread_create in pthread
[4.871s] -- Looking for pthread_create in pthread - found
[4.871s] -- Found Threads: TRUE  
[4.944s] -- Found CUDA: /usr/local/cuda (found version "11.4") 
[4.947s] -- Loading isaac_ros_common extras (modules)
[5.081s] -- Found rosidl_generator_c: 3.1.4 (/opt/ros/humble/install/share/rosidl_generator_c/cmake)
[5.098s] -- Found rosidl_adapter: 3.1.4 (/opt/ros/humble/install/share/rosidl_adapter/cmake)
[5.130s] -- Found rosidl_generator_cpp: 3.1.4 (/opt/ros/humble/install/share/rosidl_generator_cpp/cmake)
[5.176s] -- Using all available rosidl_typesupport_c: rosidl_typesupport_fastrtps_c;rosidl_typesupport_introspection_c
[5.253s] -- Using all available rosidl_typesupport_cpp: rosidl_typesupport_fastrtps_cpp;rosidl_typesupport_introspection_cpp
[5.478s] -- Found rmw_implementation_cmake: 6.1.1 (/opt/ros/humble/install/share/rmw_implementation_cmake/cmake)
[5.487s] -- Found rmw_fastrtps_cpp: 6.2.2 (/opt/ros/humble/install/share/rmw_fastrtps_cpp/cmake)
[5.901s] -- Found OpenSSL: /usr/lib/aarch64-linux-gnu/libcrypto.so (found version "1.1.1f")  
[6.000s] -- Found FastRTPS: /opt/ros/humble/install/include  
[6.194s] -- Using RMW implementation 'rmw_fastrtps_cpp' as default
[7.436s] -- Loading isaac_ros_gxf extras
[7.460s] -- Found atlas lib=/workspaces/isaac_ros-dev/install/isaac_ros_gxf/share/isaac_ros_gxf/gxf/lib/libgxf_atlas.so, include=/workspaces/isaac_ros-dev/install/isaac_ros_gxf/share/isaac_ros_gxf/gxf/include/gxf
[7.467s] -- Found cuda lib=/workspaces/isaac_ros-dev/install/isaac_ros_gxf/share/isaac_ros_gxf/gxf/lib/cuda/libgxf_cuda.so, include=/workspaces/isaac_ros-dev/install/isaac_ros_gxf/share/isaac_ros_gxf/gxf/include/gxf
[7.474s] -- Found isaac_messages lib=/workspaces/isaac_ros-dev/install/isaac_ros_gxf/share/isaac_ros_gxf/gxf/lib/libgxf_isaac_messages.so, include=/workspaces/isaac_ros-dev/install/isaac_ros_gxf/share/isaac_ros_gxf/gxf/include/gxf
[7.481s] -- Found isaac_ros_messages lib=/workspaces/isaac_ros-dev/install/isaac_ros_gxf/share/isaac_ros_gxf/gxf/lib/libgxf_isaac_ros_messages.so, include=/workspaces/isaac_ros-dev/install/isaac_ros_gxf/share/isaac_ros_gxf/gxf/include/gxf
[7.488s] -- Found multimedia lib=/workspaces/isaac_ros-dev/install/isaac_ros_gxf/share/isaac_ros_gxf/gxf/lib/multimedia/libgxf_multimedia.so, include=/workspaces/isaac_ros-dev/install/isaac_ros_gxf/share/isaac_ros_gxf/gxf/include/gxf
[7.501s] -- Found gxf_optimizer lib=/workspaces/isaac_ros-dev/install/isaac_ros_gxf/share/isaac_ros_gxf/gxf/lib/libgxf_optimizer.so, include=/workspaces/isaac_ros-dev/install/isaac_ros_gxf/share/isaac_ros_gxf/gxf/include/gxf
[7.508s] -- Found serialization lib=/workspaces/isaac_ros-dev/install/isaac_ros_gxf/share/isaac_ros_gxf/gxf/lib/serialization/libgxf_serialization.so, include=/workspaces/isaac_ros-dev/install/isaac_ros_gxf/share/isaac_ros_gxf/gxf/include/gxf
[7.515s] -- Found std lib=/workspaces/isaac_ros-dev/install/isaac_ros_gxf/share/isaac_ros_gxf/gxf/lib/std/libgxf_std.so, include=/workspaces/isaac_ros-dev/install/isaac_ros_gxf/share/isaac_ros_gxf/gxf/include/gxf
[7.522s] -- Found core lib=/workspaces/isaac_ros-dev/install/isaac_ros_gxf/share/isaac_ros_gxf/gxf/lib/core/libgxf_core.so, include=/workspaces/isaac_ros-dev/install/isaac_ros_gxf/share/isaac_ros_gxf/gxf/include/gxf
[7.528s] -- Found GXF:  (found suitable version "2.5.0", minimum required is "2.5.0") found components: core isaac_messages 
[10.767s] -- Performing Test FLAG_WEXTRA
[11.019s] -- Performing Test FLAG_WEXTRA - Success
[11.432s] -- Found ament_lint_auto: 0.12.5 (/opt/ros/humble/install/share/ament_lint_auto/cmake)
[11.537s] -- Found launch_testing_ament_cmake: 1.0.4 (/opt/ros/humble/install/share/launch_testing_ament_cmake/cmake)
[11.543s] -- Found python_cmake_module: 0.10.0 (/opt/ros/humble/install/share/python_cmake_module/cmake)
[11.618s] -- Found PythonInterp: /usr/bin/python3 (found suitable version "3.8.10", minimum required is "3.6") 
[11.631s] -- Found PythonLibs: /usr/lib/aarch64-linux-gnu/libpython3.8.so (found suitable version "3.8.10", minimum required is "3.5") 
[11.632s] -- Using PYTHON_EXECUTABLE: /usr/bin/python3
[11.632s] -- Using PYTHON_INCLUDE_DIRS: /usr/include/python3.8
[11.632s] -- Using PYTHON_LIBRARIES: /usr/lib/aarch64-linux-gnu/libpython3.8.so
[11.708s] -- Found PythonExtra: .so  
[11.729s] -- Added test 'cppcheck' to perform static code analysis on C / C++ code
[11.729s] -- Configured cppcheck include dirs: /workspaces/isaac_ros-dev/src/isaac_ros_nitros/isaac_ros_nitros_type/isaac_ros_nitros_pose_cov_stamped_type/include
[11.730s] -- Configured cppcheck exclude dirs and/or files: 
[11.733s] -- Added test 'cpplint' to check C / C++ code against the Google style
[11.733s] -- Configured cpplint exclude dirs and/or files: 
[11.735s] -- Added test 'flake8' to check Python code syntax and style conventions
[11.737s] -- Added test 'lint_cmake' to check CMake code style
[11.739s] -- Added test 'pep257' to check Python code against some of the docstring style conventions in PEP 257
[11.743s] -- Added test 'uncrustify' to check C / C++ code style
[11.744s] -- Configured uncrustify additional arguments: 
[11.745s] -- Added test 'xmllint' to check XML markup files
[11.759s] -- Configuring done
[11.932s] -- Generating done
[11.941s] -- Build files have been written to: /workspaces/isaac_ros-dev/build/isaac_ros_nitros_pose_cov_stamped_type
[11.981s] Invoked command in '/workspaces/isaac_ros-dev/build/isaac_ros_nitros_pose_cov_stamped_type' returned '0': AMENT_PREFIX_PATH=/workspaces/isaac_ros-dev/install/isaac_ros_nitros:/workspaces/isaac_ros-dev/install/isaac_ros_nitros_interfaces:/workspaces/isaac_ros-dev/install/isaac_ros_gxf:/workspaces/isaac_ros-dev/install/isaac_ros_test:/workspaces/isaac_ros-dev/install/isaac_ros_common:${AMENT_PREFIX_PATH} CMAKE_PREFIX_PATH=/workspaces/isaac_ros-dev/install/isaac_ros_nitros:/workspaces/isaac_ros-dev/install/isaac_ros_nitros_interfaces:/workspaces/isaac_ros-dev/install/isaac_ros_gxf:/workspaces/isaac_ros-dev/install/isaac_ros_common:${CMAKE_PREFIX_PATH} LD_LIBRARY_PATH=/workspaces/isaac_ros-dev/install/isaac_ros_nitros/lib:/workspaces/isaac_ros-dev/install/isaac_ros_nitros_interfaces/lib:/workspaces/isaac_ros-dev/install/isaac_ros_common/lib:/opt/ros/humble/install/opt/rviz_ogre_vendor/lib:/opt/ros/humble/install/lib:/usr/lib/aarch64-linux-gnu/tegra/weston:/usr/lib/aarch64-linux-gnu/tegra-egl:/usr/local/cuda-11.4/targets/aarch64-linux/lib:/usr/lib/aarch64-linux-gnu/tegra:/opt/nvidia/vpi2/lib64:/usr/lib/aarch64-linux-gnu-host:/opt/tritonserver/lib PYTHONPATH=/workspaces/isaac_ros-dev/install/isaac_ros_nitros_interfaces/lib/python3.8/site-packages:/workspaces/isaac_ros-dev/install/isaac_ros_test/lib/python3.8/site-packages:${PYTHONPATH} /usr/bin/cmake /workspaces/isaac_ros-dev/src/isaac_ros_nitros/isaac_ros_nitros_type/isaac_ros_nitros_pose_cov_stamped_type -DCMAKE_INSTALL_PREFIX=/workspaces/isaac_ros-dev/install/isaac_ros_nitros_pose_cov_stamped_type
[11.987s] Invoking command in '/workspaces/isaac_ros-dev/build/isaac_ros_nitros_pose_cov_stamped_type': AMENT_PREFIX_PATH=/workspaces/isaac_ros-dev/install/isaac_ros_nitros:/workspaces/isaac_ros-dev/install/isaac_ros_nitros_interfaces:/workspaces/isaac_ros-dev/install/isaac_ros_gxf:/workspaces/isaac_ros-dev/install/isaac_ros_test:/workspaces/isaac_ros-dev/install/isaac_ros_common:${AMENT_PREFIX_PATH} CMAKE_PREFIX_PATH=/workspaces/isaac_ros-dev/install/isaac_ros_nitros:/workspaces/isaac_ros-dev/install/isaac_ros_nitros_interfaces:/workspaces/isaac_ros-dev/install/isaac_ros_gxf:/workspaces/isaac_ros-dev/install/isaac_ros_common:${CMAKE_PREFIX_PATH} LD_LIBRARY_PATH=/workspaces/isaac_ros-dev/install/isaac_ros_nitros/lib:/workspaces/isaac_ros-dev/install/isaac_ros_nitros_interfaces/lib:/workspaces/isaac_ros-dev/install/isaac_ros_common/lib:/opt/ros/humble/install/opt/rviz_ogre_vendor/lib:/opt/ros/humble/install/lib:/usr/lib/aarch64-linux-gnu/tegra/weston:/usr/lib/aarch64-linux-gnu/tegra-egl:/usr/local/cuda-11.4/targets/aarch64-linux/lib:/usr/lib/aarch64-linux-gnu/tegra:/opt/nvidia/vpi2/lib64:/usr/lib/aarch64-linux-gnu-host:/opt/tritonserver/lib PYTHONPATH=/workspaces/isaac_ros-dev/install/isaac_ros_nitros_interfaces/lib/python3.8/site-packages:/workspaces/isaac_ros-dev/install/isaac_ros_test/lib/python3.8/site-packages:${PYTHONPATH} /usr/bin/cmake --build /workspaces/isaac_ros-dev/build/isaac_ros_nitros_pose_cov_stamped_type -- -j4 -l4
[12.091s] [  2%] [32mBuilding CXX object _deps/yaml-cpp-build/CMakeFiles/yaml-cpp.dir/src/binary.cpp.o[0m
[12.884s] [  5%] [32mBuilding CXX object _deps/yaml-cpp-build/CMakeFiles/yaml-cpp.dir/src/emit.cpp.o[0m
[14.480s] [  8%] [32mBuilding CXX object _deps/yaml-cpp-build/CMakeFiles/yaml-cpp.dir/src/emitfromevents.cpp.o[0m
[16.411s] [ 11%] [32mBuilding CXX object _deps/yaml-cpp-build/CMakeFiles/yaml-cpp.dir/src/emitter.cpp.o[0m
[19.039s] [ 14%] [32mBuilding CXX object _deps/yaml-cpp-build/CMakeFiles/yaml-cpp.dir/src/emitterstate.cpp.o[0m
[21.586s] [ 17%] [32mBuilding CXX object _deps/yaml-cpp-build/CMakeFiles/yaml-cpp.dir/src/emitterutils.cpp.o[0m
[30.242s] [ 20%] [32mBuilding CXX object _deps/yaml-cpp-build/CMakeFiles/yaml-cpp.dir/src/exceptions.cpp.o[0m
[31.234s] [ 22%] [32mBuilding CXX object _deps/yaml-cpp-build/CMakeFiles/yaml-cpp.dir/src/exp.cpp.o[0m
[32.858s] [ 25%] [32mBuilding CXX object _deps/yaml-cpp-build/CMakeFiles/yaml-cpp.dir/src/memory.cpp.o[0m
[34.820s] [ 28%] [32mBuilding CXX object _deps/yaml-cpp-build/CMakeFiles/yaml-cpp.dir/src/node.cpp.o[0m
[35.838s] [ 31%] [32mBuilding CXX object _deps/yaml-cpp-build/CMakeFiles/yaml-cpp.dir/src/node_data.cpp.o[0m
[38.389s] [ 34%] [32mBuilding CXX object _deps/yaml-cpp-build/CMakeFiles/yaml-cpp.dir/src/nodebuilder.cpp.o[0m
[40.883s] [ 37%] [32mBuilding CXX object _deps/yaml-cpp-build/CMakeFiles/yaml-cpp.dir/src/nodeevents.cpp.o[0m
[42.989s] [ 40%] [32mBuilding CXX object _deps/yaml-cpp-build/CMakeFiles/yaml-cpp.dir/src/null.cpp.o[0m
[43.501s] [ 42%] [32mBuilding CXX object _deps/yaml-cpp-build/CMakeFiles/yaml-cpp.dir/src/ostream_wrapper.cpp.o[0m
[44.625s] [ 45%] [32mBuilding CXX object _deps/yaml-cpp-build/CMakeFiles/yaml-cpp.dir/src/parse.cpp.o[0m
[47.301s] [ 48%] [32mBuilding CXX object _deps/yaml-cpp-build/CMakeFiles/yaml-cpp.dir/src/parser.cpp.o[0m
[49.708s] [ 51%] [32mBuilding CXX object _deps/yaml-cpp-build/CMakeFiles/yaml-cpp.dir/src/regex_yaml.cpp.o[0m
[51.136s] [ 54%] [32mBuilding CXX object _deps/yaml-cpp-build/CMakeFiles/yaml-cpp.dir/src/scanner.cpp.o[0m
[55.182s] [ 57%] [32mBuilding CXX object _deps/yaml-cpp-build/CMakeFiles/yaml-cpp.dir/src/scanscalar.cpp.o[0m
[57.968s] [ 60%] [32mBuilding CXX object _deps/yaml-cpp-build/CMakeFiles/yaml-cpp.dir/src/scantag.cpp.o[0m
[60.235s] [ 62%] [32mBuilding CXX object _deps/yaml-cpp-build/CMakeFiles/yaml-cpp.dir/src/scantoken.cpp.o[0m
[66.310s] [ 65%] [32mBuilding CXX object _deps/yaml-cpp-build/CMakeFiles/yaml-cpp.dir/src/simplekey.cpp.o[0m
[68.060s] [ 68%] [32mBuilding CXX object _deps/yaml-cpp-build/CMakeFiles/yaml-cpp.dir/src/singledocparser.cpp.o[0m
[71.181s] [ 71%] [32mBuilding CXX object _deps/yaml-cpp-build/CMakeFiles/yaml-cpp.dir/src/stream.cpp.o[0m
[72.626s] [ 74%] [32mBuilding CXX object _deps/yaml-cpp-build/CMakeFiles/yaml-cpp.dir/src/tag.cpp.o[0m
[73.821s] [ 77%] [32mBuilding CXX object _deps/yaml-cpp-build/CMakeFiles/yaml-cpp.dir/src/contrib/graphbuilder.cpp.o[0m
[75.012s] [ 80%] [32mBuilding CXX object _deps/yaml-cpp-build/CMakeFiles/yaml-cpp.dir/src/contrib/graphbuilderadapter.cpp.o[0m
[76.250s] [ 82%] [32mBuilding CXX object _deps/yaml-cpp-build/CMakeFiles/yaml-cpp.dir/src/directives.cpp.o[0m
[77.025s] [ 85%] [32mBuilding CXX object _deps/yaml-cpp-build/CMakeFiles/yaml-cpp.dir/src/convert.cpp.o[0m
[79.262s] [ 88%] [32m[1mLinking CXX static library libyaml-cpp.a[0m
[79.354s] [ 88%] Built target yaml-cpp
[79.391s] [ 91%] [32mBuilding CXX object CMakeFiles/isaac_ros_nitros_pose_cov_stamped_type.dir/src/nitros_pose_cov_stamped.cpp.o[0m
[113.599s] [ 94%] [32m[1mLinking CXX shared library libisaac_ros_nitros_pose_cov_stamped_type.so[0m
[114.266s] [ 94%] Built target isaac_ros_nitros_pose_cov_stamped_type
[114.307s] [ 97%] [32mBuilding CXX object CMakeFiles/isaac_ros_nitros_pose_cov_stamped_forward_node.dir/test/src/nitros_pose_cov_stamped_forward_node.cpp.o[0m
[171.099s] [100%] [32m[1mLinking CXX shared library libisaac_ros_nitros_pose_cov_stamped_forward_node.so[0m
[171.948s] [100%] Built target isaac_ros_nitros_pose_cov_stamped_forward_node
[171.983s] Invoked command in '/workspaces/isaac_ros-dev/build/isaac_ros_nitros_pose_cov_stamped_type' returned '0': AMENT_PREFIX_PATH=/workspaces/isaac_ros-dev/install/isaac_ros_nitros:/workspaces/isaac_ros-dev/install/isaac_ros_nitros_interfaces:/workspaces/isaac_ros-dev/install/isaac_ros_gxf:/workspaces/isaac_ros-dev/install/isaac_ros_test:/workspaces/isaac_ros-dev/install/isaac_ros_common:${AMENT_PREFIX_PATH} CMAKE_PREFIX_PATH=/workspaces/isaac_ros-dev/install/isaac_ros_nitros:/workspaces/isaac_ros-dev/install/isaac_ros_nitros_interfaces:/workspaces/isaac_ros-dev/install/isaac_ros_gxf:/workspaces/isaac_ros-dev/install/isaac_ros_common:${CMAKE_PREFIX_PATH} LD_LIBRARY_PATH=/workspaces/isaac_ros-dev/install/isaac_ros_nitros/lib:/workspaces/isaac_ros-dev/install/isaac_ros_nitros_interfaces/lib:/workspaces/isaac_ros-dev/install/isaac_ros_common/lib:/opt/ros/humble/install/opt/rviz_ogre_vendor/lib:/opt/ros/humble/install/lib:/usr/lib/aarch64-linux-gnu/tegra/weston:/usr/lib/aarch64-linux-gnu/tegra-egl:/usr/local/cuda-11.4/targets/aarch64-linux/lib:/usr/lib/aarch64-linux-gnu/tegra:/opt/nvidia/vpi2/lib64:/usr/lib/aarch64-linux-gnu-host:/opt/tritonserver/lib PYTHONPATH=/workspaces/isaac_ros-dev/install/isaac_ros_nitros_interfaces/lib/python3.8/site-packages:/workspaces/isaac_ros-dev/install/isaac_ros_test/lib/python3.8/site-packages:${PYTHONPATH} /usr/bin/cmake --build /workspaces/isaac_ros-dev/build/isaac_ros_nitros_pose_cov_stamped_type -- -j4 -l4
[172.073s] Invoking command in '/workspaces/isaac_ros-dev/build/isaac_ros_nitros_pose_cov_stamped_type': AMENT_PREFIX_PATH=/workspaces/isaac_ros-dev/install/isaac_ros_nitros:/workspaces/isaac_ros-dev/install/isaac_ros_nitros_interfaces:/workspaces/isaac_ros-dev/install/isaac_ros_gxf:/workspaces/isaac_ros-dev/install/isaac_ros_test:/workspaces/isaac_ros-dev/install/isaac_ros_common:${AMENT_PREFIX_PATH} CMAKE_PREFIX_PATH=/workspaces/isaac_ros-dev/install/isaac_ros_nitros:/workspaces/isaac_ros-dev/install/isaac_ros_nitros_interfaces:/workspaces/isaac_ros-dev/install/isaac_ros_gxf:/workspaces/isaac_ros-dev/install/isaac_ros_common:${CMAKE_PREFIX_PATH} LD_LIBRARY_PATH=/workspaces/isaac_ros-dev/install/isaac_ros_nitros/lib:/workspaces/isaac_ros-dev/install/isaac_ros_nitros_interfaces/lib:/workspaces/isaac_ros-dev/install/isaac_ros_common/lib:/opt/ros/humble/install/opt/rviz_ogre_vendor/lib:/opt/ros/humble/install/lib:/usr/lib/aarch64-linux-gnu/tegra/weston:/usr/lib/aarch64-linux-gnu/tegra-egl:/usr/local/cuda-11.4/targets/aarch64-linux/lib:/usr/lib/aarch64-linux-gnu/tegra:/opt/nvidia/vpi2/lib64:/usr/lib/aarch64-linux-gnu-host:/opt/tritonserver/lib PYTHONPATH=/workspaces/isaac_ros-dev/install/isaac_ros_nitros_interfaces/lib/python3.8/site-packages:/workspaces/isaac_ros-dev/install/isaac_ros_test/lib/python3.8/site-packages:${PYTHONPATH} /usr/bin/cmake --install /workspaces/isaac_ros-dev/build/isaac_ros_nitros_pose_cov_stamped_type
[172.087s] -- Install configuration: "Release"
[172.093s] -- Installing: /workspaces/isaac_ros-dev/install/isaac_ros_nitros_pose_cov_stamped_type/lib/libyaml-cpp.a
[172.093s] -- Installing: /workspaces/isaac_ros-dev/install/isaac_ros_nitros_pose_cov_stamped_type/include/yaml-cpp
[172.093s] -- Installing: /workspaces/isaac_ros-dev/install/isaac_ros_nitros_pose_cov_stamped_type/include/yaml-cpp/exceptions.h
[172.094s] -- Installing: /workspaces/isaac_ros-dev/install/isaac_ros_nitros_pose_cov_stamped_type/include/yaml-cpp/ostream_wrapper.h
[172.094s] -- Installing: /workspaces/isaac_ros-dev/install/isaac_ros_nitros_pose_cov_stamped_type/include/yaml-cpp/emitterstyle.h
[172.094s] -- Installing: /workspaces/isaac_ros-dev/install/isaac_ros_nitros_pose_cov_stamped_type/include/yaml-cpp/yaml.h
[172.095s] -- Installing: /workspaces/isaac_ros-dev/install/isaac_ros_nitros_pose_cov_stamped_type/include/yaml-cpp/binary.h
[172.095s] -- Installing: /workspaces/isaac_ros-dev/install/isaac_ros_nitros_pose_cov_stamped_type/include/yaml-cpp/emitfromevents.h
[172.095s] -- Installing: /workspaces/isaac_ros-dev/install/isaac_ros_nitros_pose_cov_stamped_type/include/yaml-cpp/dll.h
[172.096s] -- Installing: /workspaces/isaac_ros-dev/install/isaac_ros_nitros_pose_cov_stamped_type/include/yaml-cpp/traits.h
[172.096s] -- Installing: /workspaces/isaac_ros-dev/install/isaac_ros_nitros_pose_cov_stamped_type/include/yaml-cpp/contrib
[172.096s] -- Installing: /workspaces/isaac_ros-dev/install/isaac_ros_nitros_pose_cov_stamped_type/include/yaml-cpp/contrib/anchordict.h
[172.096s] -- Installing: /workspaces/isaac_ros-dev/install/isaac_ros_nitros_pose_cov_stamped_type/include/yaml-cpp/contrib/graphbuilder.h
[172.096s] -- Installing: /workspaces/isaac_ros-dev/install/isaac_ros_nitros_pose_cov_stamped_type/include/yaml-cpp/emitter.h
[172.097s] -- Installing: /workspaces/isaac_ros-dev/install/isaac_ros_nitros_pose_cov_stamped_type/include/yaml-cpp/stlemitter.h
[172.097s] -- Installing: /workspaces/isaac_ros-dev/install/isaac_ros_nitros_pose_cov_stamped_type/include/yaml-cpp/eventhandler.h
[172.097s] -- Installing: /workspaces/isaac_ros-dev/install/isaac_ros_nitros_pose_cov_stamped_type/include/yaml-cpp/emittermanip.h
[172.098s] -- Installing: /workspaces/isaac_ros-dev/install/isaac_ros_nitros_pose_cov_stamped_type/include/yaml-cpp/anchor.h
[172.100s] -- Installing: /workspaces/isaac_ros-dev/install/isaac_ros_nitros_pose_cov_stamped_type/include/yaml-cpp/parser.h
[172.100s] -- Installing: /workspaces/isaac_ros-dev/install/isaac_ros_nitros_pose_cov_stamped_type/include/yaml-cpp/emitterdef.h
[172.101s] -- Installing: /workspaces/isaac_ros-dev/install/isaac_ros_nitros_pose_cov_stamped_type/include/yaml-cpp/node
[172.101s] -- Installing: /workspaces/isaac_ros-dev/install/isaac_ros_nitros_pose_cov_stamped_type/include/yaml-cpp/node/emit.h
[172.101s] -- Installing: /workspaces/isaac_ros-dev/install/isaac_ros_nitros_pose_cov_stamped_type/include/yaml-cpp/node/impl.h
[172.102s] -- Installing: /workspaces/isaac_ros-dev/install/isaac_ros_nitros_pose_cov_stamped_type/include/yaml-cpp/node/convert.h
[172.102s] -- Installing: /workspaces/isaac_ros-dev/install/isaac_ros_nitros_pose_cov_stamped_type/include/yaml-cpp/node/iterator.h
[172.102s] -- Installing: /workspaces/isaac_ros-dev/install/isaac_ros_nitros_pose_cov_stamped_type/include/yaml-cpp/node/parse.h
[172.102s] -- Installing: /workspaces/isaac_ros-dev/install/isaac_ros_nitros_pose_cov_stamped_type/include/yaml-cpp/node/detail
[172.103s] -- Installing: /workspaces/isaac_ros-dev/install/isaac_ros_nitros_pose_cov_stamped_type/include/yaml-cpp/node/detail/impl.h
[172.103s] -- Installing: /workspaces/isaac_ros-dev/install/isaac_ros_nitros_pose_cov_stamped_type/include/yaml-cpp/node/detail/node_ref.h
[172.103s] -- Installing: /workspaces/isaac_ros-dev/install/isaac_ros_nitros_pose_cov_stamped_type/include/yaml-cpp/node/detail/iterator.h
[172.103s] -- Installing: /workspaces/isaac_ros-dev/install/isaac_ros_nitros_pose_cov_stamped_type/include/yaml-cpp/node/detail/node_iterator.h
[172.104s] -- Installing: /workspaces/isaac_ros-dev/install/isaac_ros_nitros_pose_cov_stamped_type/include/yaml-cpp/node/detail/memory.h
[172.104s] -- Installing: /workspaces/isaac_ros-dev/install/isaac_ros_nitros_pose_cov_stamped_type/include/yaml-cpp/node/detail/iterator_fwd.h
[172.104s] -- Installing: /workspaces/isaac_ros-dev/install/isaac_ros_nitros_pose_cov_stamped_type/include/yaml-cpp/node/detail/node_data.h
[172.104s] -- Installing: /workspaces/isaac_ros-dev/install/isaac_ros_nitros_pose_cov_stamped_type/include/yaml-cpp/node/detail/bool_type.h
[172.104s] -- Installing: /workspaces/isaac_ros-dev/install/isaac_ros_nitros_pose_cov_stamped_type/include/yaml-cpp/node/detail/node.h
[172.105s] -- Installing: /workspaces/isaac_ros-dev/install/isaac_ros_nitros_pose_cov_stamped_type/include/yaml-cpp/node/node.h
[172.105s] -- Installing: /workspaces/isaac_ros-dev/install/isaac_ros_nitros_pose_cov_stamped_type/include/yaml-cpp/node/ptr.h
[172.106s] -- Installing: /workspaces/isaac_ros-dev/install/isaac_ros_nitros_pose_cov_stamped_type/include/yaml-cpp/node/type.h
[172.106s] -- Installing: /workspaces/isaac_ros-dev/install/isaac_ros_nitros_pose_cov_stamped_type/include/yaml-cpp/null.h
[172.107s] -- Installing: /workspaces/isaac_ros-dev/install/isaac_ros_nitros_pose_cov_stamped_type/include/yaml-cpp/mark.h
[172.107s] -- Installing: /workspaces/isaac_ros-dev/install/isaac_ros_nitros_pose_cov_stamped_type/lib/cmake/yaml-cpp/yaml-cpp-config.cmake
[172.107s] -- Installing: /workspaces/isaac_ros-dev/install/isaac_ros_nitros_pose_cov_stamped_type/lib/cmake/yaml-cpp/yaml-cpp-config-version.cmake
[172.107s] -- Installing: /workspaces/isaac_ros-dev/install/isaac_ros_nitros_pose_cov_stamped_type/lib/cmake/yaml-cpp/yaml-cpp-targets.cmake
[172.108s] -- Installing: /workspaces/isaac_ros-dev/install/isaac_ros_nitros_pose_cov_stamped_type/lib/cmake/yaml-cpp/yaml-cpp-targets-release.cmake
[172.111s] -- Installing: /workspaces/isaac_ros-dev/install/isaac_ros_nitros_pose_cov_stamped_type/lib/pkgconfig/yaml-cpp.pc
[172.111s] -- Installing: /workspaces/isaac_ros-dev/install/isaac_ros_nitros_pose_cov_stamped_type/share/isaac_ros_nitros_pose_cov_stamped_type/test/config
[172.120s] -- Installing: /workspaces/isaac_ros-dev/install/isaac_ros_nitros_pose_cov_stamped_type/share/isaac_ros_nitros_pose_cov_stamped_type/test/config/test_forward_node.yaml
[172.121s] -- Up-to-date: /workspaces/isaac_ros-dev/install/isaac_ros_nitros_pose_cov_stamped_type/include
[172.121s] -- Installing: /workspaces/isaac_ros-dev/install/isaac_ros_nitros_pose_cov_stamped_type/include/isaac_ros_nitros_pose_cov_stamped_type
[172.121s] -- Installing: /workspaces/isaac_ros-dev/install/isaac_ros_nitros_pose_cov_stamped_type/include/isaac_ros_nitros_pose_cov_stamped_type/nitros_pose_cov_stamped.hpp
[172.121s] -- Installing: /workspaces/isaac_ros-dev/install/isaac_ros_nitros_pose_cov_stamped_type/share/isaac_ros_nitros_pose_cov_stamped_type/environment/library_path.sh
[172.122s] -- Installing: /workspaces/isaac_ros-dev/install/isaac_ros_nitros_pose_cov_stamped_type/share/isaac_ros_nitros_pose_cov_stamped_type/environment/library_path.dsv
[172.122s] -- Installing: /workspaces/isaac_ros-dev/install/isaac_ros_nitros_pose_cov_stamped_type/lib/libisaac_ros_nitros_pose_cov_stamped_type.so
[172.122s] -- Set runtime path of "/workspaces/isaac_ros-dev/install/isaac_ros_nitros_pose_cov_stamped_type/lib/libisaac_ros_nitros_pose_cov_stamped_type.so" to "/usr/local/cuda/lib64:/opt/ros/humble/install/lib:/workspaces/isaac_ros-dev/install/isaac_ros_common/lib:/workspaces/isaac_ros-dev/install/isaac_ros_nitros_interfaces/lib:/workspaces/isaac_ros-dev/install/isaac_ros_nitros/lib:/workspaces/isaac_ros-dev/install/isaac_ros_gxf/share/isaac_ros_gxf/gxf/lib/core:/workspaces/isaac_ros-dev/install/isaac_ros_gxf/share/isaac_ros_gxf/gxf/lib"
[172.123s] -- Installing: /workspaces/isaac_ros-dev/install/isaac_ros_nitros_pose_cov_stamped_type/lib/libisaac_ros_nitros_pose_cov_stamped_forward_node.so
[172.123s] -- Set runtime path of "/workspaces/isaac_ros-dev/install/isaac_ros_nitros_pose_cov_stamped_type/lib/libisaac_ros_nitros_pose_cov_stamped_forward_node.so" to "/usr/local/cuda/lib64:/opt/ros/humble/install/lib:/workspaces/isaac_ros-dev/install/isaac_ros_common/lib:/workspaces/isaac_ros-dev/install/isaac_ros_nitros_interfaces/lib:/workspaces/isaac_ros-dev/install/isaac_ros_nitros/lib:/workspaces/isaac_ros-dev/install/isaac_ros_gxf/share/isaac_ros_gxf/gxf/lib/core:/workspaces/isaac_ros-dev/install/isaac_ros_gxf/share/isaac_ros_gxf/gxf/lib"
[172.123s] -- Installing: /workspaces/isaac_ros-dev/install/isaac_ros_nitros_pose_cov_stamped_type/share/ament_index/resource_index/package_run_dependencies/isaac_ros_nitros_pose_cov_stamped_type
[172.123s] -- Installing: /workspaces/isaac_ros-dev/install/isaac_ros_nitros_pose_cov_stamped_type/share/ament_index/resource_index/parent_prefix_path/isaac_ros_nitros_pose_cov_stamped_type
[172.123s] -- Installing: /workspaces/isaac_ros-dev/install/isaac_ros_nitros_pose_cov_stamped_type/share/isaac_ros_nitros_pose_cov_stamped_type/environment/ament_prefix_path.sh
[172.124s] -- Installing: /workspaces/isaac_ros-dev/install/isaac_ros_nitros_pose_cov_stamped_type/share/isaac_ros_nitros_pose_cov_stamped_type/environment/ament_prefix_path.dsv
[172.124s] -- Installing: /workspaces/isaac_ros-dev/install/isaac_ros_nitros_pose_cov_stamped_type/share/isaac_ros_nitros_pose_cov_stamped_type/environment/path.sh
[172.124s] -- Installing: /workspaces/isaac_ros-dev/install/isaac_ros_nitros_pose_cov_stamped_type/share/isaac_ros_nitros_pose_cov_stamped_type/environment/path.dsv
[172.124s] -- Installing: /workspaces/isaac_ros-dev/install/isaac_ros_nitros_pose_cov_stamped_type/share/isaac_ros_nitros_pose_cov_stamped_type/local_setup.bash
[172.125s] -- Installing: /workspaces/isaac_ros-dev/install/isaac_ros_nitros_pose_cov_stamped_type/share/isaac_ros_nitros_pose_cov_stamped_type/local_setup.sh
[172.125s] -- Installing: /workspaces/isaac_ros-dev/install/isaac_ros_nitros_pose_cov_stamped_type/share/isaac_ros_nitros_pose_cov_stamped_type/local_setup.zsh
[172.125s] -- Installing: /workspaces/isaac_ros-dev/install/isaac_ros_nitros_pose_cov_stamped_type/share/isaac_ros_nitros_pose_cov_stamped_type/local_setup.dsv
[172.125s] -- Installing: /workspaces/isaac_ros-dev/install/isaac_ros_nitros_pose_cov_stamped_type/share/isaac_ros_nitros_pose_cov_stamped_type/package.dsv
[172.125s] -- Installing: /workspaces/isaac_ros-dev/install/isaac_ros_nitros_pose_cov_stamped_type/share/ament_index/resource_index/packages/isaac_ros_nitros_pose_cov_stamped_type
[172.126s] -- Installing: /workspaces/isaac_ros-dev/install/isaac_ros_nitros_pose_cov_stamped_type/share/ament_index/resource_index/rclcpp_components/isaac_ros_nitros_pose_cov_stamped_type
[172.126s] -- Installing: /workspaces/isaac_ros-dev/install/isaac_ros_nitros_pose_cov_stamped_type/share/isaac_ros_nitros_pose_cov_stamped_type/cmake/ament_cmake_export_dependencies-extras.cmake
[172.126s] -- Installing: /workspaces/isaac_ros-dev/install/isaac_ros_nitros_pose_cov_stamped_type/share/isaac_ros_nitros_pose_cov_stamped_type/cmake/ament_cmake_export_include_directories-extras.cmake
[172.127s] -- Installing: /workspaces/isaac_ros-dev/install/isaac_ros_nitros_pose_cov_stamped_type/share/isaac_ros_nitros_pose_cov_stamped_type/cmake/ament_cmake_export_libraries-extras.cmake
[172.127s] -- Installing: /workspaces/isaac_ros-dev/install/isaac_ros_nitros_pose_cov_stamped_type/share/isaac_ros_nitros_pose_cov_stamped_type/cmake/isaac_ros_nitros_pose_cov_stamped_typeConfig.cmake
[172.128s] -- Installing: /workspaces/isaac_ros-dev/install/isaac_ros_nitros_pose_cov_stamped_type/share/isaac_ros_nitros_pose_cov_stamped_type/cmake/isaac_ros_nitros_pose_cov_stamped_typeConfig-version.cmake
[172.128s] -- Installing: /workspaces/isaac_ros-dev/install/isaac_ros_nitros_pose_cov_stamped_type/share/isaac_ros_nitros_pose_cov_stamped_type/package.xml
[172.147s] Invoked command in '/workspaces/isaac_ros-dev/build/isaac_ros_nitros_pose_cov_stamped_type' returned '0': AMENT_PREFIX_PATH=/workspaces/isaac_ros-dev/install/isaac_ros_nitros:/workspaces/isaac_ros-dev/install/isaac_ros_nitros_interfaces:/workspaces/isaac_ros-dev/install/isaac_ros_gxf:/workspaces/isaac_ros-dev/install/isaac_ros_test:/workspaces/isaac_ros-dev/install/isaac_ros_common:${AMENT_PREFIX_PATH} CMAKE_PREFIX_PATH=/workspaces/isaac_ros-dev/install/isaac_ros_nitros:/workspaces/isaac_ros-dev/install/isaac_ros_nitros_interfaces:/workspaces/isaac_ros-dev/install/isaac_ros_gxf:/workspaces/isaac_ros-dev/install/isaac_ros_common:${CMAKE_PREFIX_PATH} LD_LIBRARY_PATH=/workspaces/isaac_ros-dev/install/isaac_ros_nitros/lib:/workspaces/isaac_ros-dev/install/isaac_ros_nitros_interfaces/lib:/workspaces/isaac_ros-dev/install/isaac_ros_common/lib:/opt/ros/humble/install/opt/rviz_ogre_vendor/lib:/opt/ros/humble/install/lib:/usr/lib/aarch64-linux-gnu/tegra/weston:/usr/lib/aarch64-linux-gnu/tegra-egl:/usr/local/cuda-11.4/targets/aarch64-linux/lib:/usr/lib/aarch64-linux-gnu/tegra:/opt/nvidia/vpi2/lib64:/usr/lib/aarch64-linux-gnu-host:/opt/tritonserver/lib PYTHONPATH=/workspaces/isaac_ros-dev/install/isaac_ros_nitros_interfaces/lib/python3.8/site-packages:/workspaces/isaac_ros-dev/install/isaac_ros_test/lib/python3.8/site-packages:${PYTHONPATH} /usr/bin/cmake --install /workspaces/isaac_ros-dev/build/isaac_ros_nitros_pose_cov_stamped_type
