[0.088s] Invoking command in '/workspaces/isaac_ros-dev/build/isaac_ros_nitros_disparity_image_type': AMENT_PREFIX_PATH=/workspaces/isaac_ros-dev/install/isaac_ros_nitros:/workspaces/isaac_ros-dev/install/isaac_ros_nitros_interfaces:/workspaces/isaac_ros-dev/install/isaac_ros_gxf:/workspaces/isaac_ros-dev/install/isaac_ros_test:/workspaces/isaac_ros-dev/install/isaac_ros_common:${AMENT_PREFIX_PATH} CMAKE_PREFIX_PATH=/workspaces/isaac_ros-dev/install/isaac_ros_nitros:/workspaces/isaac_ros-dev/install/isaac_ros_nitros_interfaces:/workspaces/isaac_ros-dev/install/isaac_ros_gxf:/workspaces/isaac_ros-dev/install/isaac_ros_common:${CMAKE_PREFIX_PATH} LD_LIBRARY_PATH=/workspaces/isaac_ros-dev/install/isaac_ros_nitros/lib:/workspaces/isaac_ros-dev/install/isaac_ros_nitros_interfaces/lib:/workspaces/isaac_ros-dev/install/isaac_ros_common/lib:/opt/ros/humble/install/opt/rviz_ogre_vendor/lib:/opt/ros/humble/install/lib:/usr/lib/aarch64-linux-gnu/tegra/weston:/usr/lib/aarch64-linux-gnu/tegra-egl:/usr/local/cuda-11.4/targets/aarch64-linux/lib:/usr/lib/aarch64-linux-gnu/tegra:/opt/nvidia/vpi2/lib64:/usr/lib/aarch64-linux-gnu-host:/opt/tritonserver/lib PYTHONPATH=/workspaces/isaac_ros-dev/install/isaac_ros_nitros_interfaces/lib/python3.8/site-packages:/workspaces/isaac_ros-dev/install/isaac_ros_test/lib/python3.8/site-packages:${PYTHONPATH} /usr/bin/cmake /workspaces/isaac_ros-dev/src/isaac_ros_nitros/isaac_ros_nitros_type/isaac_ros_nitros_disparity_image_type -DCMAKE_INSTALL_PREFIX=/workspaces/isaac_ros-dev/install/isaac_ros_nitros_disparity_image_type
[0.296s] -- The C compiler identification is GNU 9.4.0
[0.470s] -- The CXX compiler identification is GNU 9.4.0
[0.497s] -- Detecting C compiler ABI info
[0.782s] -- Detecting C compiler ABI info - done
[0.812s] -- Check for working C compiler: /usr/bin/cc - skipped
[0.812s] -- Detecting C compile features
[0.812s] -- Detecting C compile features - done
[0.827s] -- Detecting CXX compiler ABI info
[1.031s] -- Detecting CXX compiler ABI info - done
[1.052s] -- Check for working CXX compiler: /usr/bin/c++ - skipped
[1.053s] -- Detecting CXX compile features
[1.054s] -- Detecting CXX compile features - done
[1.061s] -- Found ament_cmake_auto: 1.3.3 (/opt/ros/humble/install/share/ament_cmake_auto/cmake)
[3.366s] -- Found Python3: /usr/bin/python3.8 (found version "3.8.10") found components: Interpreter 
[3.847s] -- Loading isaac_ros_common extras
[3.848s] -- CMAKE_BUILD_TYPE: Release
[3.893s] -- Looking for pthread.h
[4.105s] -- Looking for pthread.h - found
[4.106s] -- Performing Test CMAKE_HAVE_LIBC_PTHREAD
[4.288s] -- Performing Test CMAKE_HAVE_LIBC_PTHREAD - Failed
[4.288s] -- Looking for pthread_create in pthreads
[4.456s] -- Looking for pthread_create in pthreads - not found
[4.456s] -- Looking for pthread_create in pthread
[4.664s] -- Looking for pthread_create in pthread - found
[4.668s] -- Found Threads: TRUE  
[4.728s] -- Found CUDA: /usr/local/cuda (found version "11.4") 
[4.730s] -- Loading isaac_ros_common extras (modules)
[4.864s] -- Found rosidl_generator_c: 3.1.4 (/opt/ros/humble/install/share/rosidl_generator_c/cmake)
[4.880s] -- Found rosidl_adapter: 3.1.4 (/opt/ros/humble/install/share/rosidl_adapter/cmake)
[4.909s] -- Found rosidl_generator_cpp: 3.1.4 (/opt/ros/humble/install/share/rosidl_generator_cpp/cmake)
[4.953s] -- Using all available rosidl_typesupport_c: rosidl_typesupport_fastrtps_c;rosidl_typesupport_introspection_c
[5.015s] -- Using all available rosidl_typesupport_cpp: rosidl_typesupport_fastrtps_cpp;rosidl_typesupport_introspection_cpp
[5.246s] -- Found rmw_implementation_cmake: 6.1.1 (/opt/ros/humble/install/share/rmw_implementation_cmake/cmake)
[5.257s] -- Found rmw_fastrtps_cpp: 6.2.2 (/opt/ros/humble/install/share/rmw_fastrtps_cpp/cmake)
[5.672s] -- Found OpenSSL: /usr/lib/aarch64-linux-gnu/libcrypto.so (found version "1.1.1f")  
[5.763s] -- Found FastRTPS: /opt/ros/humble/install/include  
[5.941s] -- Using RMW implementation 'rmw_fastrtps_cpp' as default
[7.416s] -- Loading isaac_ros_gxf extras
[7.430s] -- Found atlas lib=/workspaces/isaac_ros-dev/install/isaac_ros_gxf/share/isaac_ros_gxf/gxf/lib/libgxf_atlas.so, include=/workspaces/isaac_ros-dev/install/isaac_ros_gxf/share/isaac_ros_gxf/gxf/include/gxf
[7.434s] -- Found cuda lib=/workspaces/isaac_ros-dev/install/isaac_ros_gxf/share/isaac_ros_gxf/gxf/lib/cuda/libgxf_cuda.so, include=/workspaces/isaac_ros-dev/install/isaac_ros_gxf/share/isaac_ros_gxf/gxf/include/gxf
[7.439s] -- Found isaac_messages lib=/workspaces/isaac_ros-dev/install/isaac_ros_gxf/share/isaac_ros_gxf/gxf/lib/libgxf_isaac_messages.so, include=/workspaces/isaac_ros-dev/install/isaac_ros_gxf/share/isaac_ros_gxf/gxf/include/gxf
[7.444s] -- Found isaac_ros_messages lib=/workspaces/isaac_ros-dev/install/isaac_ros_gxf/share/isaac_ros_gxf/gxf/lib/libgxf_isaac_ros_messages.so, include=/workspaces/isaac_ros-dev/install/isaac_ros_gxf/share/isaac_ros_gxf/gxf/include/gxf
[7.450s] -- Found multimedia lib=/workspaces/isaac_ros-dev/install/isaac_ros_gxf/share/isaac_ros_gxf/gxf/lib/multimedia/libgxf_multimedia.so, include=/workspaces/isaac_ros-dev/install/isaac_ros_gxf/share/isaac_ros_gxf/gxf/include/gxf
[7.459s] -- Found gxf_optimizer lib=/workspaces/isaac_ros-dev/install/isaac_ros_gxf/share/isaac_ros_gxf/gxf/lib/libgxf_optimizer.so, include=/workspaces/isaac_ros-dev/install/isaac_ros_gxf/share/isaac_ros_gxf/gxf/include/gxf
[7.464s] -- Found serialization lib=/workspaces/isaac_ros-dev/install/isaac_ros_gxf/share/isaac_ros_gxf/gxf/lib/serialization/libgxf_serialization.so, include=/workspaces/isaac_ros-dev/install/isaac_ros_gxf/share/isaac_ros_gxf/gxf/include/gxf
[7.468s] -- Found std lib=/workspaces/isaac_ros-dev/install/isaac_ros_gxf/share/isaac_ros_gxf/gxf/lib/std/libgxf_std.so, include=/workspaces/isaac_ros-dev/install/isaac_ros_gxf/share/isaac_ros_gxf/gxf/include/gxf
[7.473s] -- Found core lib=/workspaces/isaac_ros-dev/install/isaac_ros_gxf/share/isaac_ros_gxf/gxf/lib/core/libgxf_core.so, include=/workspaces/isaac_ros-dev/install/isaac_ros_gxf/share/isaac_ros_gxf/gxf/include/gxf
[7.478s] -- Found GXF:  (found suitable version "2.5.0", minimum required is "2.5.0") found components: core multimedia 
[10.435s] -- Performing Test FLAG_WEXTRA
[10.648s] -- Performing Test FLAG_WEXTRA - Success
[11.079s] -- Found ament_lint_auto: 0.12.5 (/opt/ros/humble/install/share/ament_lint_auto/cmake)
[11.260s] -- Found launch_testing_ament_cmake: 1.0.4 (/opt/ros/humble/install/share/launch_testing_ament_cmake/cmake)
[11.267s] -- Found python_cmake_module: 0.10.0 (/opt/ros/humble/install/share/python_cmake_module/cmake)
[11.376s] -- Found PythonInterp: /usr/bin/python3 (found suitable version "3.8.10", minimum required is "3.6") 
[11.390s] -- Found PythonLibs: /usr/lib/aarch64-linux-gnu/libpython3.8.so (found suitable version "3.8.10", minimum required is "3.5") 
[11.391s] -- Using PYTHON_EXECUTABLE: /usr/bin/python3
[11.392s] -- Using PYTHON_INCLUDE_DIRS: /usr/include/python3.8
[11.392s] -- Using PYTHON_LIBRARIES: /usr/lib/aarch64-linux-gnu/libpython3.8.so
[11.560s] -- Found PythonExtra: .so  
[11.604s] -- Added test 'cppcheck' to perform static code analysis on C / C++ code
[11.606s] -- Configured cppcheck include dirs: /workspaces/isaac_ros-dev/src/isaac_ros_nitros/isaac_ros_nitros_type/isaac_ros_nitros_disparity_image_type/include
[11.606s] -- Configured cppcheck exclude dirs and/or files: 
[11.624s] -- Added test 'cpplint' to check C / C++ code against the Google style
[11.624s] -- Configured cpplint exclude dirs and/or files: 
[11.627s] -- Added test 'flake8' to check Python code syntax and style conventions
[11.630s] -- Added test 'lint_cmake' to check CMake code style
[11.633s] -- Added test 'pep257' to check Python code against some of the docstring style conventions in PEP 257
[11.647s] -- Added test 'uncrustify' to check C / C++ code style
[11.648s] -- Configured uncrustify additional arguments: 
[11.651s] -- Added test 'xmllint' to check XML markup files
[11.678s] -- Configuring done
[11.931s] -- Generating done
[11.940s] -- Build files have been written to: /workspaces/isaac_ros-dev/build/isaac_ros_nitros_disparity_image_type
[12.012s] Invoked command in '/workspaces/isaac_ros-dev/build/isaac_ros_nitros_disparity_image_type' returned '0': AMENT_PREFIX_PATH=/workspaces/isaac_ros-dev/install/isaac_ros_nitros:/workspaces/isaac_ros-dev/install/isaac_ros_nitros_interfaces:/workspaces/isaac_ros-dev/install/isaac_ros_gxf:/workspaces/isaac_ros-dev/install/isaac_ros_test:/workspaces/isaac_ros-dev/install/isaac_ros_common:${AMENT_PREFIX_PATH} CMAKE_PREFIX_PATH=/workspaces/isaac_ros-dev/install/isaac_ros_nitros:/workspaces/isaac_ros-dev/install/isaac_ros_nitros_interfaces:/workspaces/isaac_ros-dev/install/isaac_ros_gxf:/workspaces/isaac_ros-dev/install/isaac_ros_common:${CMAKE_PREFIX_PATH} LD_LIBRARY_PATH=/workspaces/isaac_ros-dev/install/isaac_ros_nitros/lib:/workspaces/isaac_ros-dev/install/isaac_ros_nitros_interfaces/lib:/workspaces/isaac_ros-dev/install/isaac_ros_common/lib:/opt/ros/humble/install/opt/rviz_ogre_vendor/lib:/opt/ros/humble/install/lib:/usr/lib/aarch64-linux-gnu/tegra/weston:/usr/lib/aarch64-linux-gnu/tegra-egl:/usr/local/cuda-11.4/targets/aarch64-linux/lib:/usr/lib/aarch64-linux-gnu/tegra:/opt/nvidia/vpi2/lib64:/usr/lib/aarch64-linux-gnu-host:/opt/tritonserver/lib PYTHONPATH=/workspaces/isaac_ros-dev/install/isaac_ros_nitros_interfaces/lib/python3.8/site-packages:/workspaces/isaac_ros-dev/install/isaac_ros_test/lib/python3.8/site-packages:${PYTHONPATH} /usr/bin/cmake /workspaces/isaac_ros-dev/src/isaac_ros_nitros/isaac_ros_nitros_type/isaac_ros_nitros_disparity_image_type -DCMAKE_INSTALL_PREFIX=/workspaces/isaac_ros-dev/install/isaac_ros_nitros_disparity_image_type
[12.013s] Invoking command in '/workspaces/isaac_ros-dev/build/isaac_ros_nitros_disparity_image_type': AMENT_PREFIX_PATH=/workspaces/isaac_ros-dev/install/isaac_ros_nitros:/workspaces/isaac_ros-dev/install/isaac_ros_nitros_interfaces:/workspaces/isaac_ros-dev/install/isaac_ros_gxf:/workspaces/isaac_ros-dev/install/isaac_ros_test:/workspaces/isaac_ros-dev/install/isaac_ros_common:${AMENT_PREFIX_PATH} CMAKE_PREFIX_PATH=/workspaces/isaac_ros-dev/install/isaac_ros_nitros:/workspaces/isaac_ros-dev/install/isaac_ros_nitros_interfaces:/workspaces/isaac_ros-dev/install/isaac_ros_gxf:/workspaces/isaac_ros-dev/install/isaac_ros_common:${CMAKE_PREFIX_PATH} LD_LIBRARY_PATH=/workspaces/isaac_ros-dev/install/isaac_ros_nitros/lib:/workspaces/isaac_ros-dev/install/isaac_ros_nitros_interfaces/lib:/workspaces/isaac_ros-dev/install/isaac_ros_common/lib:/opt/ros/humble/install/opt/rviz_ogre_vendor/lib:/opt/ros/humble/install/lib:/usr/lib/aarch64-linux-gnu/tegra/weston:/usr/lib/aarch64-linux-gnu/tegra-egl:/usr/local/cuda-11.4/targets/aarch64-linux/lib:/usr/lib/aarch64-linux-gnu/tegra:/opt/nvidia/vpi2/lib64:/usr/lib/aarch64-linux-gnu-host:/opt/tritonserver/lib PYTHONPATH=/workspaces/isaac_ros-dev/install/isaac_ros_nitros_interfaces/lib/python3.8/site-packages:/workspaces/isaac_ros-dev/install/isaac_ros_test/lib/python3.8/site-packages:${PYTHONPATH} /usr/bin/cmake --build /workspaces/isaac_ros-dev/build/isaac_ros_nitros_disparity_image_type -- -j4 -l4
[12.209s] [  2%] [32mBuilding CXX object _deps/yaml-cpp-build/CMakeFiles/yaml-cpp.dir/src/binary.cpp.o[0m
[12.228s] [  5%] [32mBuilding CXX object _deps/yaml-cpp-build/CMakeFiles/yaml-cpp.dir/src/convert.cpp.o[0m
[12.242s] [  8%] [32mBuilding CXX object _deps/yaml-cpp-build/CMakeFiles/yaml-cpp.dir/src/directives.cpp.o[0m
[13.332s] [ 11%] [32mBuilding CXX object _deps/yaml-cpp-build/CMakeFiles/yaml-cpp.dir/src/emit.cpp.o[0m
[18.302s] [ 14%] [32mBuilding CXX object _deps/yaml-cpp-build/CMakeFiles/yaml-cpp.dir/src/emitterstate.cpp.o[0m
[20.816s] [ 17%] [32mBuilding CXX object _deps/yaml-cpp-build/CMakeFiles/yaml-cpp.dir/src/emitterutils.cpp.o[0m
[29.569s] [ 20%] [32mBuilding CXX object _deps/yaml-cpp-build/CMakeFiles/yaml-cpp.dir/src/exceptions.cpp.o[0m
[30.565s] [ 22%] [32mBuilding CXX object _deps/yaml-cpp-build/CMakeFiles/yaml-cpp.dir/src/exp.cpp.o[0m
[32.201s] [ 25%] [32mBuilding CXX object _deps/yaml-cpp-build/CMakeFiles/yaml-cpp.dir/src/memory.cpp.o[0m
[34.055s] [ 28%] [32mBuilding CXX object _deps/yaml-cpp-build/CMakeFiles/yaml-cpp.dir/src/node.cpp.o[0m
[35.090s] [ 31%] [32mBuilding CXX object _deps/yaml-cpp-build/CMakeFiles/yaml-cpp.dir/src/node_data.cpp.o[0m
[37.645s] [ 34%] [32mBuilding CXX object _deps/yaml-cpp-build/CMakeFiles/yaml-cpp.dir/src/nodebuilder.cpp.o[0m
[40.182s] [ 37%] [32mBuilding CXX object _deps/yaml-cpp-build/CMakeFiles/yaml-cpp.dir/src/nodeevents.cpp.o[0m
[42.289s] [ 40%] [32mBuilding CXX object _deps/yaml-cpp-build/CMakeFiles/yaml-cpp.dir/src/null.cpp.o[0m
[42.798s] [ 42%] [32mBuilding CXX object _deps/yaml-cpp-build/CMakeFiles/yaml-cpp.dir/src/ostream_wrapper.cpp.o[0m
[43.908s] [ 45%] [32mBuilding CXX object _deps/yaml-cpp-build/CMakeFiles/yaml-cpp.dir/src/parse.cpp.o[0m
[46.457s] [ 48%] [32mBuilding CXX object _deps/yaml-cpp-build/CMakeFiles/yaml-cpp.dir/src/parser.cpp.o[0m
[48.947s] [ 51%] [32mBuilding CXX object _deps/yaml-cpp-build/CMakeFiles/yaml-cpp.dir/src/regex_yaml.cpp.o[0m
[50.342s] [ 54%] [32mBuilding CXX object _deps/yaml-cpp-build/CMakeFiles/yaml-cpp.dir/src/scanner.cpp.o[0m
[54.359s] [ 57%] [32mBuilding CXX object _deps/yaml-cpp-build/CMakeFiles/yaml-cpp.dir/src/scanscalar.cpp.o[0m
[57.213s] [ 60%] [32mBuilding CXX object _deps/yaml-cpp-build/CMakeFiles/yaml-cpp.dir/src/scantag.cpp.o[0m
[59.479s] [ 62%] [32mBuilding CXX object _deps/yaml-cpp-build/CMakeFiles/yaml-cpp.dir/src/scantoken.cpp.o[0m
[65.559s] [ 65%] [32mBuilding CXX object _deps/yaml-cpp-build/CMakeFiles/yaml-cpp.dir/src/simplekey.cpp.o[0m
[67.310s] [ 68%] [32mBuilding CXX object _deps/yaml-cpp-build/CMakeFiles/yaml-cpp.dir/src/singledocparser.cpp.o[0m
[70.422s] [ 71%] [32mBuilding CXX object _deps/yaml-cpp-build/CMakeFiles/yaml-cpp.dir/src/stream.cpp.o[0m
[71.887s] [ 74%] [32mBuilding CXX object _deps/yaml-cpp-build/CMakeFiles/yaml-cpp.dir/src/tag.cpp.o[0m
[73.101s] [ 77%] [32mBuilding CXX object _deps/yaml-cpp-build/CMakeFiles/yaml-cpp.dir/src/contrib/graphbuilder.cpp.o[0m
[74.298s] [ 80%] [32mBuilding CXX object _deps/yaml-cpp-build/CMakeFiles/yaml-cpp.dir/src/contrib/graphbuilderadapter.cpp.o[0m
[75.519s] [ 82%] [32mBuilding CXX object _deps/yaml-cpp-build/CMakeFiles/yaml-cpp.dir/src/emitter.cpp.o[0m
[78.104s] [ 85%] [32mBuilding CXX object _deps/yaml-cpp-build/CMakeFiles/yaml-cpp.dir/src/emitfromevents.cpp.o[0m
[80.030s] [ 88%] [32m[1mLinking CXX static library libyaml-cpp.a[0m
[80.116s] [ 88%] Built target yaml-cpp
[80.155s] [ 91%] [32mBuilding CXX object CMakeFiles/isaac_ros_nitros_disparity_image_type.dir/src/nitros_disparity_image.cpp.o[0m
[112.794s] [ 94%] [32m[1mLinking CXX shared library libisaac_ros_nitros_disparity_image_type.so[0m
[113.391s] [ 94%] Built target isaac_ros_nitros_disparity_image_type
[113.431s] [ 97%] [32mBuilding CXX object CMakeFiles/nitros_disparity_image_forward_node.dir/test/src/nitros_disparity_image_forward_node.cpp.o[0m
[171.044s] [100%] [32m[1mLinking CXX shared library libnitros_disparity_image_forward_node.so[0m
[171.961s] [100%] Built target nitros_disparity_image_forward_node
[171.984s] Invoked command in '/workspaces/isaac_ros-dev/build/isaac_ros_nitros_disparity_image_type' returned '0': AMENT_PREFIX_PATH=/workspaces/isaac_ros-dev/install/isaac_ros_nitros:/workspaces/isaac_ros-dev/install/isaac_ros_nitros_interfaces:/workspaces/isaac_ros-dev/install/isaac_ros_gxf:/workspaces/isaac_ros-dev/install/isaac_ros_test:/workspaces/isaac_ros-dev/install/isaac_ros_common:${AMENT_PREFIX_PATH} CMAKE_PREFIX_PATH=/workspaces/isaac_ros-dev/install/isaac_ros_nitros:/workspaces/isaac_ros-dev/install/isaac_ros_nitros_interfaces:/workspaces/isaac_ros-dev/install/isaac_ros_gxf:/workspaces/isaac_ros-dev/install/isaac_ros_common:${CMAKE_PREFIX_PATH} LD_LIBRARY_PATH=/workspaces/isaac_ros-dev/install/isaac_ros_nitros/lib:/workspaces/isaac_ros-dev/install/isaac_ros_nitros_interfaces/lib:/workspaces/isaac_ros-dev/install/isaac_ros_common/lib:/opt/ros/humble/install/opt/rviz_ogre_vendor/lib:/opt/ros/humble/install/lib:/usr/lib/aarch64-linux-gnu/tegra/weston:/usr/lib/aarch64-linux-gnu/tegra-egl:/usr/local/cuda-11.4/targets/aarch64-linux/lib:/usr/lib/aarch64-linux-gnu/tegra:/opt/nvidia/vpi2/lib64:/usr/lib/aarch64-linux-gnu-host:/opt/tritonserver/lib PYTHONPATH=/workspaces/isaac_ros-dev/install/isaac_ros_nitros_interfaces/lib/python3.8/site-packages:/workspaces/isaac_ros-dev/install/isaac_ros_test/lib/python3.8/site-packages:${PYTHONPATH} /usr/bin/cmake --build /workspaces/isaac_ros-dev/build/isaac_ros_nitros_disparity_image_type -- -j4 -l4
[172.093s] Invoking command in '/workspaces/isaac_ros-dev/build/isaac_ros_nitros_disparity_image_type': AMENT_PREFIX_PATH=/workspaces/isaac_ros-dev/install/isaac_ros_nitros:/workspaces/isaac_ros-dev/install/isaac_ros_nitros_interfaces:/workspaces/isaac_ros-dev/install/isaac_ros_gxf:/workspaces/isaac_ros-dev/install/isaac_ros_test:/workspaces/isaac_ros-dev/install/isaac_ros_common:${AMENT_PREFIX_PATH} CMAKE_PREFIX_PATH=/workspaces/isaac_ros-dev/install/isaac_ros_nitros:/workspaces/isaac_ros-dev/install/isaac_ros_nitros_interfaces:/workspaces/isaac_ros-dev/install/isaac_ros_gxf:/workspaces/isaac_ros-dev/install/isaac_ros_common:${CMAKE_PREFIX_PATH} LD_LIBRARY_PATH=/workspaces/isaac_ros-dev/install/isaac_ros_nitros/lib:/workspaces/isaac_ros-dev/install/isaac_ros_nitros_interfaces/lib:/workspaces/isaac_ros-dev/install/isaac_ros_common/lib:/opt/ros/humble/install/opt/rviz_ogre_vendor/lib:/opt/ros/humble/install/lib:/usr/lib/aarch64-linux-gnu/tegra/weston:/usr/lib/aarch64-linux-gnu/tegra-egl:/usr/local/cuda-11.4/targets/aarch64-linux/lib:/usr/lib/aarch64-linux-gnu/tegra:/opt/nvidia/vpi2/lib64:/usr/lib/aarch64-linux-gnu-host:/opt/tritonserver/lib PYTHONPATH=/workspaces/isaac_ros-dev/install/isaac_ros_nitros_interfaces/lib/python3.8/site-packages:/workspaces/isaac_ros-dev/install/isaac_ros_test/lib/python3.8/site-packages:${PYTHONPATH} /usr/bin/cmake --install /workspaces/isaac_ros-dev/build/isaac_ros_nitros_disparity_image_type
[172.115s] -- Install configuration: "Release"
[172.116s] -- Installing: /workspaces/isaac_ros-dev/install/isaac_ros_nitros_disparity_image_type/lib/libyaml-cpp.a
[172.140s] -- Installing: /workspaces/isaac_ros-dev/install/isaac_ros_nitros_disparity_image_type/include/yaml-cpp
[172.141s] -- Installing: /workspaces/isaac_ros-dev/install/isaac_ros_nitros_disparity_image_type/include/yaml-cpp/exceptions.h
[172.141s] -- Installing: /workspaces/isaac_ros-dev/install/isaac_ros_nitros_disparity_image_type/include/yaml-cpp/ostream_wrapper.h
[172.141s] -- Installing: /workspaces/isaac_ros-dev/install/isaac_ros_nitros_disparity_image_type/include/yaml-cpp/emitterstyle.h
[172.141s] -- Installing: /workspaces/isaac_ros-dev/install/isaac_ros_nitros_disparity_image_type/include/yaml-cpp/yaml.h
[172.142s] -- Installing: /workspaces/isaac_ros-dev/install/isaac_ros_nitros_disparity_image_type/include/yaml-cpp/binary.h
[172.142s] -- Installing: /workspaces/isaac_ros-dev/install/isaac_ros_nitros_disparity_image_type/include/yaml-cpp/emitfromevents.h
[172.142s] -- Installing: /workspaces/isaac_ros-dev/install/isaac_ros_nitros_disparity_image_type/include/yaml-cpp/dll.h
[172.143s] -- Installing: /workspaces/isaac_ros-dev/install/isaac_ros_nitros_disparity_image_type/include/yaml-cpp/traits.h
[172.143s] -- Installing: /workspaces/isaac_ros-dev/install/isaac_ros_nitros_disparity_image_type/include/yaml-cpp/contrib
[172.143s] -- Installing: /workspaces/isaac_ros-dev/install/isaac_ros_nitros_disparity_image_type/include/yaml-cpp/contrib/anchordict.h
[172.145s] -- Installing: /workspaces/isaac_ros-dev/install/isaac_ros_nitros_disparity_image_type/include/yaml-cpp/contrib/graphbuilder.h
[172.145s] -- Installing: /workspaces/isaac_ros-dev/install/isaac_ros_nitros_disparity_image_type/include/yaml-cpp/emitter.h
[172.145s] -- Installing: /workspaces/isaac_ros-dev/install/isaac_ros_nitros_disparity_image_type/include/yaml-cpp/stlemitter.h
[172.146s] -- Installing: /workspaces/isaac_ros-dev/install/isaac_ros_nitros_disparity_image_type/include/yaml-cpp/eventhandler.h
[172.146s] -- Installing: /workspaces/isaac_ros-dev/install/isaac_ros_nitros_disparity_image_type/include/yaml-cpp/emittermanip.h
[172.146s] -- Installing: /workspaces/isaac_ros-dev/install/isaac_ros_nitros_disparity_image_type/include/yaml-cpp/anchor.h
[172.147s] -- Installing: /workspaces/isaac_ros-dev/install/isaac_ros_nitros_disparity_image_type/include/yaml-cpp/parser.h
[172.147s] -- Installing: /workspaces/isaac_ros-dev/install/isaac_ros_nitros_disparity_image_type/include/yaml-cpp/emitterdef.h
[172.147s] -- Installing: /workspaces/isaac_ros-dev/install/isaac_ros_nitros_disparity_image_type/include/yaml-cpp/node
[172.148s] -- Installing: /workspaces/isaac_ros-dev/install/isaac_ros_nitros_disparity_image_type/include/yaml-cpp/node/emit.h
[172.148s] -- Installing: /workspaces/isaac_ros-dev/install/isaac_ros_nitros_disparity_image_type/include/yaml-cpp/node/impl.h
[172.148s] -- Installing: /workspaces/isaac_ros-dev/install/isaac_ros_nitros_disparity_image_type/include/yaml-cpp/node/convert.h
[172.148s] -- Installing: /workspaces/isaac_ros-dev/install/isaac_ros_nitros_disparity_image_type/include/yaml-cpp/node/iterator.h
[172.149s] -- Installing: /workspaces/isaac_ros-dev/install/isaac_ros_nitros_disparity_image_type/include/yaml-cpp/node/parse.h
[172.149s] -- Installing: /workspaces/isaac_ros-dev/install/isaac_ros_nitros_disparity_image_type/include/yaml-cpp/node/detail
[172.149s] -- Installing: /workspaces/isaac_ros-dev/install/isaac_ros_nitros_disparity_image_type/include/yaml-cpp/node/detail/impl.h
[172.150s] -- Installing: /workspaces/isaac_ros-dev/install/isaac_ros_nitros_disparity_image_type/include/yaml-cpp/node/detail/node_ref.h
[172.150s] -- Installing: /workspaces/isaac_ros-dev/install/isaac_ros_nitros_disparity_image_type/include/yaml-cpp/node/detail/iterator.h
[172.150s] -- Installing: /workspaces/isaac_ros-dev/install/isaac_ros_nitros_disparity_image_type/include/yaml-cpp/node/detail/node_iterator.h
[172.151s] -- Installing: /workspaces/isaac_ros-dev/install/isaac_ros_nitros_disparity_image_type/include/yaml-cpp/node/detail/memory.h
[172.151s] -- Installing: /workspaces/isaac_ros-dev/install/isaac_ros_nitros_disparity_image_type/include/yaml-cpp/node/detail/iterator_fwd.h
[172.151s] -- Installing: /workspaces/isaac_ros-dev/install/isaac_ros_nitros_disparity_image_type/include/yaml-cpp/node/detail/node_data.h
[172.152s] -- Installing: /workspaces/isaac_ros-dev/install/isaac_ros_nitros_disparity_image_type/include/yaml-cpp/node/detail/bool_type.h
[172.152s] -- Installing: /workspaces/isaac_ros-dev/install/isaac_ros_nitros_disparity_image_type/include/yaml-cpp/node/detail/node.h
[172.152s] -- Installing: /workspaces/isaac_ros-dev/install/isaac_ros_nitros_disparity_image_type/include/yaml-cpp/node/node.h
[172.153s] -- Installing: /workspaces/isaac_ros-dev/install/isaac_ros_nitros_disparity_image_type/include/yaml-cpp/node/ptr.h
[172.153s] -- Installing: /workspaces/isaac_ros-dev/install/isaac_ros_nitros_disparity_image_type/include/yaml-cpp/node/type.h
[172.153s] -- Installing: /workspaces/isaac_ros-dev/install/isaac_ros_nitros_disparity_image_type/include/yaml-cpp/null.h
[172.154s] -- Installing: /workspaces/isaac_ros-dev/install/isaac_ros_nitros_disparity_image_type/include/yaml-cpp/mark.h
[172.155s] -- Installing: /workspaces/isaac_ros-dev/install/isaac_ros_nitros_disparity_image_type/lib/cmake/yaml-cpp/yaml-cpp-config.cmake
[172.158s] -- Installing: /workspaces/isaac_ros-dev/install/isaac_ros_nitros_disparity_image_type/lib/cmake/yaml-cpp/yaml-cpp-config-version.cmake
[172.162s] -- Installing: /workspaces/isaac_ros-dev/install/isaac_ros_nitros_disparity_image_type/lib/cmake/yaml-cpp/yaml-cpp-targets.cmake
[172.166s] -- Installing: /workspaces/isaac_ros-dev/install/isaac_ros_nitros_disparity_image_type/lib/cmake/yaml-cpp/yaml-cpp-targets-release.cmake
[172.170s] -- Installing: /workspaces/isaac_ros-dev/install/isaac_ros_nitros_disparity_image_type/lib/pkgconfig/yaml-cpp.pc
[172.174s] -- Installing: /workspaces/isaac_ros-dev/install/isaac_ros_nitros_disparity_image_type/share/isaac_ros_nitros_disparity_image_type/test/config
[172.176s] -- Installing: /workspaces/isaac_ros-dev/install/isaac_ros_nitros_disparity_image_type/share/isaac_ros_nitros_disparity_image_type/test/config/test_forward_node.yaml
[172.181s] -- Up-to-date: /workspaces/isaac_ros-dev/install/isaac_ros_nitros_disparity_image_type/include
[172.181s] -- Installing: /workspaces/isaac_ros-dev/install/isaac_ros_nitros_disparity_image_type/include/isaac_ros_nitros_disparity_image_type
[172.183s] -- Installing: /workspaces/isaac_ros-dev/install/isaac_ros_nitros_disparity_image_type/include/isaac_ros_nitros_disparity_image_type/nitros_disparity_image.hpp
[172.188s] -- Installing: /workspaces/isaac_ros-dev/install/isaac_ros_nitros_disparity_image_type/share/isaac_ros_nitros_disparity_image_type/environment/library_path.sh
[172.192s] -- Installing: /workspaces/isaac_ros-dev/install/isaac_ros_nitros_disparity_image_type/share/isaac_ros_nitros_disparity_image_type/environment/library_path.dsv
[172.196s] -- Installing: /workspaces/isaac_ros-dev/install/isaac_ros_nitros_disparity_image_type/lib/libisaac_ros_nitros_disparity_image_type.so
[172.208s] -- Set runtime path of "/workspaces/isaac_ros-dev/install/isaac_ros_nitros_disparity_image_type/lib/libisaac_ros_nitros_disparity_image_type.so" to "/usr/local/cuda/lib64:/opt/ros/humble/install/lib:/workspaces/isaac_ros-dev/install/isaac_ros_common/lib:/workspaces/isaac_ros-dev/install/isaac_ros_nitros_interfaces/lib:/workspaces/isaac_ros-dev/install/isaac_ros_nitros/lib:/workspaces/isaac_ros-dev/install/isaac_ros_gxf/share/isaac_ros_gxf/gxf/lib/core:/workspaces/isaac_ros-dev/install/isaac_ros_gxf/share/isaac_ros_gxf/gxf/lib/multimedia"
[172.209s] -- Installing: /workspaces/isaac_ros-dev/install/isaac_ros_nitros_disparity_image_type/lib/libnitros_disparity_image_forward_node.so
[172.235s] -- Set runtime path of "/workspaces/isaac_ros-dev/install/isaac_ros_nitros_disparity_image_type/lib/libnitros_disparity_image_forward_node.so" to "/usr/local/cuda/lib64:/opt/ros/humble/install/lib:/workspaces/isaac_ros-dev/install/isaac_ros_common/lib:/workspaces/isaac_ros-dev/install/isaac_ros_nitros_interfaces/lib:/workspaces/isaac_ros-dev/install/isaac_ros_nitros/lib:/workspaces/isaac_ros-dev/install/isaac_ros_gxf/share/isaac_ros_gxf/gxf/lib/core:/workspaces/isaac_ros-dev/install/isaac_ros_gxf/share/isaac_ros_gxf/gxf/lib/multimedia"
[172.235s] -- Installing: /workspaces/isaac_ros-dev/install/isaac_ros_nitros_disparity_image_type/share/ament_index/resource_index/package_run_dependencies/isaac_ros_nitros_disparity_image_type
[172.237s] -- Installing: /workspaces/isaac_ros-dev/install/isaac_ros_nitros_disparity_image_type/share/ament_index/resource_index/parent_prefix_path/isaac_ros_nitros_disparity_image_type
[172.238s] -- Installing: /workspaces/isaac_ros-dev/install/isaac_ros_nitros_disparity_image_type/share/isaac_ros_nitros_disparity_image_type/environment/ament_prefix_path.sh
[172.242s] -- Installing: /workspaces/isaac_ros-dev/install/isaac_ros_nitros_disparity_image_type/share/isaac_ros_nitros_disparity_image_type/environment/ament_prefix_path.dsv
[172.246s] -- Installing: /workspaces/isaac_ros-dev/install/isaac_ros_nitros_disparity_image_type/share/isaac_ros_nitros_disparity_image_type/environment/path.sh
[172.250s] -- Installing: /workspaces/isaac_ros-dev/install/isaac_ros_nitros_disparity_image_type/share/isaac_ros_nitros_disparity_image_type/environment/path.dsv
[172.254s] -- Installing: /workspaces/isaac_ros-dev/install/isaac_ros_nitros_disparity_image_type/share/isaac_ros_nitros_disparity_image_type/local_setup.bash
[172.258s] -- Installing: /workspaces/isaac_ros-dev/install/isaac_ros_nitros_disparity_image_type/share/isaac_ros_nitros_disparity_image_type/local_setup.sh
[172.262s] -- Installing: /workspaces/isaac_ros-dev/install/isaac_ros_nitros_disparity_image_type/share/isaac_ros_nitros_disparity_image_type/local_setup.zsh
[172.266s] -- Installing: /workspaces/isaac_ros-dev/install/isaac_ros_nitros_disparity_image_type/share/isaac_ros_nitros_disparity_image_type/local_setup.dsv
[172.270s] -- Installing: /workspaces/isaac_ros-dev/install/isaac_ros_nitros_disparity_image_type/share/isaac_ros_nitros_disparity_image_type/package.dsv
[172.274s] -- Installing: /workspaces/isaac_ros-dev/install/isaac_ros_nitros_disparity_image_type/share/ament_index/resource_index/packages/isaac_ros_nitros_disparity_image_type
[172.275s] -- Installing: /workspaces/isaac_ros-dev/install/isaac_ros_nitros_disparity_image_type/share/ament_index/resource_index/rclcpp_components/isaac_ros_nitros_disparity_image_type
[172.276s] -- Installing: /workspaces/isaac_ros-dev/install/isaac_ros_nitros_disparity_image_type/share/isaac_ros_nitros_disparity_image_type/cmake/ament_cmake_export_dependencies-extras.cmake
[172.281s] -- Installing: /workspaces/isaac_ros-dev/install/isaac_ros_nitros_disparity_image_type/share/isaac_ros_nitros_disparity_image_type/cmake/ament_cmake_export_include_directories-extras.cmake
[172.285s] -- Installing: /workspaces/isaac_ros-dev/install/isaac_ros_nitros_disparity_image_type/share/isaac_ros_nitros_disparity_image_type/cmake/ament_cmake_export_libraries-extras.cmake
[172.290s] -- Installing: /workspaces/isaac_ros-dev/install/isaac_ros_nitros_disparity_image_type/share/isaac_ros_nitros_disparity_image_type/cmake/isaac_ros_nitros_disparity_image_typeConfig.cmake
[172.295s] -- Installing: /workspaces/isaac_ros-dev/install/isaac_ros_nitros_disparity_image_type/share/isaac_ros_nitros_disparity_image_type/cmake/isaac_ros_nitros_disparity_image_typeConfig-version.cmake
[172.299s] -- Installing: /workspaces/isaac_ros-dev/install/isaac_ros_nitros_disparity_image_type/share/isaac_ros_nitros_disparity_image_type/package.xml
[172.317s] Invoked command in '/workspaces/isaac_ros-dev/build/isaac_ros_nitros_disparity_image_type' returned '0': AMENT_PREFIX_PATH=/workspaces/isaac_ros-dev/install/isaac_ros_nitros:/workspaces/isaac_ros-dev/install/isaac_ros_nitros_interfaces:/workspaces/isaac_ros-dev/install/isaac_ros_gxf:/workspaces/isaac_ros-dev/install/isaac_ros_test:/workspaces/isaac_ros-dev/install/isaac_ros_common:${AMENT_PREFIX_PATH} CMAKE_PREFIX_PATH=/workspaces/isaac_ros-dev/install/isaac_ros_nitros:/workspaces/isaac_ros-dev/install/isaac_ros_nitros_interfaces:/workspaces/isaac_ros-dev/install/isaac_ros_gxf:/workspaces/isaac_ros-dev/install/isaac_ros_common:${CMAKE_PREFIX_PATH} LD_LIBRARY_PATH=/workspaces/isaac_ros-dev/install/isaac_ros_nitros/lib:/workspaces/isaac_ros-dev/install/isaac_ros_nitros_interfaces/lib:/workspaces/isaac_ros-dev/install/isaac_ros_common/lib:/opt/ros/humble/install/opt/rviz_ogre_vendor/lib:/opt/ros/humble/install/lib:/usr/lib/aarch64-linux-gnu/tegra/weston:/usr/lib/aarch64-linux-gnu/tegra-egl:/usr/local/cuda-11.4/targets/aarch64-linux/lib:/usr/lib/aarch64-linux-gnu/tegra:/opt/nvidia/vpi2/lib64:/usr/lib/aarch64-linux-gnu-host:/opt/tritonserver/lib PYTHONPATH=/workspaces/isaac_ros-dev/install/isaac_ros_nitros_interfaces/lib/python3.8/site-packages:/workspaces/isaac_ros-dev/install/isaac_ros_test/lib/python3.8/site-packages:${PYTHONPATH} /usr/bin/cmake --install /workspaces/isaac_ros-dev/build/isaac_ros_nitros_disparity_image_type
