[0.088s] Invoking command in '/workspaces/isaac_ros-dev/build/isaac_ros_nitros_detection2_d_array_type': AMENT_PREFIX_PATH=/workspaces/isaac_ros-dev/install/isaac_ros_nitros:/workspaces/isaac_ros-dev/install/isaac_ros_nitros_interfaces:/workspaces/isaac_ros-dev/install/isaac_ros_gxf:/workspaces/isaac_ros-dev/install/isaac_ros_test:/workspaces/isaac_ros-dev/install/isaac_ros_common:${AMENT_PREFIX_PATH} CMAKE_PREFIX_PATH=/workspaces/isaac_ros-dev/install/isaac_ros_nitros:/workspaces/isaac_ros-dev/install/isaac_ros_nitros_interfaces:/workspaces/isaac_ros-dev/install/isaac_ros_gxf:/workspaces/isaac_ros-dev/install/isaac_ros_common:${CMAKE_PREFIX_PATH} LD_LIBRARY_PATH=/workspaces/isaac_ros-dev/install/isaac_ros_nitros/lib:/workspaces/isaac_ros-dev/install/isaac_ros_nitros_interfaces/lib:/workspaces/isaac_ros-dev/install/isaac_ros_common/lib:/opt/ros/humble/install/opt/rviz_ogre_vendor/lib:/opt/ros/humble/install/lib:/usr/lib/aarch64-linux-gnu/tegra/weston:/usr/lib/aarch64-linux-gnu/tegra-egl:/usr/local/cuda-11.4/targets/aarch64-linux/lib:/usr/lib/aarch64-linux-gnu/tegra:/opt/nvidia/vpi2/lib64:/usr/lib/aarch64-linux-gnu-host:/opt/tritonserver/lib PYTHONPATH=/workspaces/isaac_ros-dev/install/isaac_ros_nitros_interfaces/lib/python3.8/site-packages:/workspaces/isaac_ros-dev/build/isaac_ros_test:/workspaces/isaac_ros-dev/install/isaac_ros_test/lib/python3.8/site-packages:${PYTHONPATH} /usr/bin/cmake /workspaces/isaac_ros-dev/src/isaac_ros_nitros/isaac_ros_nitros_type/isaac_ros_nitros_detection2_d_array_type -DAMENT_CMAKE_SYMLINK_INSTALL=1 -DCMAKE_INSTALL_PREFIX=/workspaces/isaac_ros-dev/install/isaac_ros_nitros_detection2_d_array_type
[0.259s] -- The C compiler identification is GNU 9.4.0
[0.415s] -- The CXX compiler identification is GNU 9.4.0
[0.436s] -- Detecting C compiler ABI info
[0.614s] -- Detecting C compiler ABI info - done
[0.636s] -- Check for working C compiler: /usr/bin/cc - skipped
[0.637s] -- Detecting C compile features
[0.639s] -- Detecting C compile features - done
[0.648s] -- Detecting CXX compiler ABI info
[0.866s] -- Detecting CXX compiler ABI info - done
[0.888s] -- Check for working CXX compiler: /usr/bin/c++ - skipped
[0.889s] -- Detecting CXX compile features
[0.891s] -- Detecting CXX compile features - done
[0.903s] -- Found ament_cmake_auto: 1.3.3 (/opt/ros/humble/install/share/ament_cmake_auto/cmake)
[3.174s] -- Found Python3: /usr/bin/python3.8 (found version "3.8.10") found components: Interpreter 
[3.366s] -- Override CMake install command with custom implementation using symlinks instead of copying resources
[3.644s] -- Loading isaac_ros_common extras
[3.644s] -- CMAKE_BUILD_TYPE: Release
[3.688s] -- Looking for pthread.h
[3.873s] -- Looking for pthread.h - found
[3.874s] -- Performing Test CMAKE_HAVE_LIBC_PTHREAD
[4.195s] -- Performing Test CMAKE_HAVE_LIBC_PTHREAD - Failed
[4.197s] -- Looking for pthread_create in pthreads
[4.390s] -- Looking for pthread_create in pthreads - not found
[4.391s] -- Looking for pthread_create in pthread
[4.588s] -- Looking for pthread_create in pthread - found
[4.591s] -- Found Threads: TRUE  
[4.659s] -- Found CUDA: /usr/local/cuda (found version "11.4") 
[4.660s] -- Loading isaac_ros_common extras (modules)
[4.797s] -- Found rosidl_generator_c: 3.1.4 (/opt/ros/humble/install/share/rosidl_generator_c/cmake)
[4.813s] -- Found rosidl_adapter: 3.1.4 (/opt/ros/humble/install/share/rosidl_adapter/cmake)
[4.841s] -- Found rosidl_generator_cpp: 3.1.4 (/opt/ros/humble/install/share/rosidl_generator_cpp/cmake)
[4.887s] -- Using all available rosidl_typesupport_c: rosidl_typesupport_fastrtps_c;rosidl_typesupport_introspection_c
[4.951s] -- Using all available rosidl_typesupport_cpp: rosidl_typesupport_fastrtps_cpp;rosidl_typesupport_introspection_cpp
[5.170s] -- Found rmw_implementation_cmake: 6.1.1 (/opt/ros/humble/install/share/rmw_implementation_cmake/cmake)
[5.179s] -- Found rmw_fastrtps_cpp: 6.2.2 (/opt/ros/humble/install/share/rmw_fastrtps_cpp/cmake)
[5.583s] -- Found OpenSSL: /usr/lib/aarch64-linux-gnu/libcrypto.so (found version "1.1.1f")  
[5.682s] -- Found FastRTPS: /opt/ros/humble/install/include  
[5.875s] -- Using RMW implementation 'rmw_fastrtps_cpp' as default
[6.804s] -- Loading isaac_ros_gxf extras
[7.168s] -- Found atlas lib=/workspaces/isaac_ros-dev/install/isaac_ros_gxf/share/isaac_ros_gxf/gxf/lib/libgxf_atlas.so, include=/workspaces/isaac_ros-dev/install/isaac_ros_gxf/share/isaac_ros_gxf/gxf/include/gxf
[7.176s] -- Found cuda lib=/workspaces/isaac_ros-dev/install/isaac_ros_gxf/share/isaac_ros_gxf/gxf/lib/cuda/libgxf_cuda.so, include=/workspaces/isaac_ros-dev/install/isaac_ros_gxf/share/isaac_ros_gxf/gxf/include/gxf
[7.186s] -- Found isaac_messages lib=/workspaces/isaac_ros-dev/install/isaac_ros_gxf/share/isaac_ros_gxf/gxf/lib/libgxf_isaac_messages.so, include=/workspaces/isaac_ros-dev/install/isaac_ros_gxf/share/isaac_ros_gxf/gxf/include/gxf
[7.195s] -- Found isaac_ros_messages lib=/workspaces/isaac_ros-dev/install/isaac_ros_gxf/share/isaac_ros_gxf/gxf/lib/libgxf_isaac_ros_messages.so, include=/workspaces/isaac_ros-dev/install/isaac_ros_gxf/share/isaac_ros_gxf/gxf/include/gxf
[7.207s] -- Found multimedia lib=/workspaces/isaac_ros-dev/install/isaac_ros_gxf/share/isaac_ros_gxf/gxf/lib/multimedia/libgxf_multimedia.so, include=/workspaces/isaac_ros-dev/install/isaac_ros_gxf/share/isaac_ros_gxf/gxf/include/gxf
[7.219s] -- Found gxf_optimizer lib=/workspaces/isaac_ros-dev/install/isaac_ros_gxf/share/isaac_ros_gxf/gxf/lib/libgxf_optimizer.so, include=/workspaces/isaac_ros-dev/install/isaac_ros_gxf/share/isaac_ros_gxf/gxf/include/gxf
[7.234s] -- Found serialization lib=/workspaces/isaac_ros-dev/install/isaac_ros_gxf/share/isaac_ros_gxf/gxf/lib/serialization/libgxf_serialization.so, include=/workspaces/isaac_ros-dev/install/isaac_ros_gxf/share/isaac_ros_gxf/gxf/include/gxf
[7.242s] -- Found std lib=/workspaces/isaac_ros-dev/install/isaac_ros_gxf/share/isaac_ros_gxf/gxf/lib/std/libgxf_std.so, include=/workspaces/isaac_ros-dev/install/isaac_ros_gxf/share/isaac_ros_gxf/gxf/include/gxf
[7.249s] -- Found core lib=/workspaces/isaac_ros-dev/install/isaac_ros_gxf/share/isaac_ros_gxf/gxf/lib/core/libgxf_core.so, include=/workspaces/isaac_ros-dev/install/isaac_ros_gxf/share/isaac_ros_gxf/gxf/include/gxf
[7.255s] -- Found GXF:  (found suitable version "2.5.0", minimum required is "2.5.0") found components: core std 
[10.730s] -- Performing Test FLAG_WEXTRA
[10.977s] -- Performing Test FLAG_WEXTRA - Success
[11.577s] -- Found ament_lint_auto: 0.12.5 (/opt/ros/humble/install/share/ament_lint_auto/cmake)
[11.688s] -- Found launch_testing_ament_cmake: 1.0.4 (/opt/ros/humble/install/share/launch_testing_ament_cmake/cmake)
[11.694s] -- Found python_cmake_module: 0.10.0 (/opt/ros/humble/install/share/python_cmake_module/cmake)
[11.775s] -- Found PythonInterp: /usr/bin/python3 (found suitable version "3.8.10", minimum required is "3.6") 
[11.791s] -- Found PythonLibs: /usr/lib/aarch64-linux-gnu/libpython3.8.so (found suitable version "3.8.10", minimum required is "3.5") 
[11.792s] -- Using PYTHON_EXECUTABLE: /usr/bin/python3
[11.793s] -- Using PYTHON_INCLUDE_DIRS: /usr/include/python3.8
[11.793s] -- Using PYTHON_LIBRARIES: /usr/lib/aarch64-linux-gnu/libpython3.8.so
[11.875s] -- Found PythonExtra: .so  
[11.938s] -- Added test 'cppcheck' to perform static code analysis on C / C++ code
[11.941s] -- Configured cppcheck include dirs: /workspaces/isaac_ros-dev/src/isaac_ros_nitros/isaac_ros_nitros_type/isaac_ros_nitros_detection2_d_array_type/include;/workspaces/isaac_ros-dev/src/isaac_ros_nitros/isaac_ros_nitros_type/isaac_ros_nitros_detection2_d_array_type/include/detectnet
[11.941s] -- Configured cppcheck exclude dirs and/or files: 
[11.949s] -- Added test 'cpplint' to check C / C++ code against the Google style
[11.949s] -- Configured cpplint exclude dirs and/or files: 
[11.953s] -- Added test 'flake8' to check Python code syntax and style conventions
[11.957s] -- Added test 'lint_cmake' to check CMake code style
[11.960s] -- Added test 'pep257' to check Python code against some of the docstring style conventions in PEP 257
[11.969s] -- Added test 'uncrustify' to check C / C++ code style
[11.969s] -- Configured uncrustify additional arguments: 
[11.972s] -- Added test 'xmllint' to check XML markup files
[11.986s] -- Configuring done
[12.312s] -- Generating done
[12.321s] -- Build files have been written to: /workspaces/isaac_ros-dev/build/isaac_ros_nitros_detection2_d_array_type
[12.362s] Invoked command in '/workspaces/isaac_ros-dev/build/isaac_ros_nitros_detection2_d_array_type' returned '0': AMENT_PREFIX_PATH=/workspaces/isaac_ros-dev/install/isaac_ros_nitros:/workspaces/isaac_ros-dev/install/isaac_ros_nitros_interfaces:/workspaces/isaac_ros-dev/install/isaac_ros_gxf:/workspaces/isaac_ros-dev/install/isaac_ros_test:/workspaces/isaac_ros-dev/install/isaac_ros_common:${AMENT_PREFIX_PATH} CMAKE_PREFIX_PATH=/workspaces/isaac_ros-dev/install/isaac_ros_nitros:/workspaces/isaac_ros-dev/install/isaac_ros_nitros_interfaces:/workspaces/isaac_ros-dev/install/isaac_ros_gxf:/workspaces/isaac_ros-dev/install/isaac_ros_common:${CMAKE_PREFIX_PATH} LD_LIBRARY_PATH=/workspaces/isaac_ros-dev/install/isaac_ros_nitros/lib:/workspaces/isaac_ros-dev/install/isaac_ros_nitros_interfaces/lib:/workspaces/isaac_ros-dev/install/isaac_ros_common/lib:/opt/ros/humble/install/opt/rviz_ogre_vendor/lib:/opt/ros/humble/install/lib:/usr/lib/aarch64-linux-gnu/tegra/weston:/usr/lib/aarch64-linux-gnu/tegra-egl:/usr/local/cuda-11.4/targets/aarch64-linux/lib:/usr/lib/aarch64-linux-gnu/tegra:/opt/nvidia/vpi2/lib64:/usr/lib/aarch64-linux-gnu-host:/opt/tritonserver/lib PYTHONPATH=/workspaces/isaac_ros-dev/install/isaac_ros_nitros_interfaces/lib/python3.8/site-packages:/workspaces/isaac_ros-dev/build/isaac_ros_test:/workspaces/isaac_ros-dev/install/isaac_ros_test/lib/python3.8/site-packages:${PYTHONPATH} /usr/bin/cmake /workspaces/isaac_ros-dev/src/isaac_ros_nitros/isaac_ros_nitros_type/isaac_ros_nitros_detection2_d_array_type -DAMENT_CMAKE_SYMLINK_INSTALL=1 -DCMAKE_INSTALL_PREFIX=/workspaces/isaac_ros-dev/install/isaac_ros_nitros_detection2_d_array_type
[12.364s] Invoking command in '/workspaces/isaac_ros-dev/build/isaac_ros_nitros_detection2_d_array_type': AMENT_PREFIX_PATH=/workspaces/isaac_ros-dev/install/isaac_ros_nitros:/workspaces/isaac_ros-dev/install/isaac_ros_nitros_interfaces:/workspaces/isaac_ros-dev/install/isaac_ros_gxf:/workspaces/isaac_ros-dev/install/isaac_ros_test:/workspaces/isaac_ros-dev/install/isaac_ros_common:${AMENT_PREFIX_PATH} CMAKE_PREFIX_PATH=/workspaces/isaac_ros-dev/install/isaac_ros_nitros:/workspaces/isaac_ros-dev/install/isaac_ros_nitros_interfaces:/workspaces/isaac_ros-dev/install/isaac_ros_gxf:/workspaces/isaac_ros-dev/install/isaac_ros_common:${CMAKE_PREFIX_PATH} LD_LIBRARY_PATH=/workspaces/isaac_ros-dev/install/isaac_ros_nitros/lib:/workspaces/isaac_ros-dev/install/isaac_ros_nitros_interfaces/lib:/workspaces/isaac_ros-dev/install/isaac_ros_common/lib:/opt/ros/humble/install/opt/rviz_ogre_vendor/lib:/opt/ros/humble/install/lib:/usr/lib/aarch64-linux-gnu/tegra/weston:/usr/lib/aarch64-linux-gnu/tegra-egl:/usr/local/cuda-11.4/targets/aarch64-linux/lib:/usr/lib/aarch64-linux-gnu/tegra:/opt/nvidia/vpi2/lib64:/usr/lib/aarch64-linux-gnu-host:/opt/tritonserver/lib PYTHONPATH=/workspaces/isaac_ros-dev/install/isaac_ros_nitros_interfaces/lib/python3.8/site-packages:/workspaces/isaac_ros-dev/build/isaac_ros_test:/workspaces/isaac_ros-dev/install/isaac_ros_test/lib/python3.8/site-packages:${PYTHONPATH} /usr/bin/cmake --build /workspaces/isaac_ros-dev/build/isaac_ros_nitros_detection2_d_array_type -- -j4 -l4
[12.470s] [  2%] [32mBuilding CXX object _deps/yaml-cpp-build/CMakeFiles/yaml-cpp.dir/src/binary.cpp.o[0m
[13.293s] [  5%] [32mBuilding CXX object _deps/yaml-cpp-build/CMakeFiles/yaml-cpp.dir/src/emit.cpp.o[0m
[14.903s] [  7%] [32mBuilding CXX object _deps/yaml-cpp-build/CMakeFiles/yaml-cpp.dir/src/emitfromevents.cpp.o[0m
[16.813s] [ 10%] [32mBuilding CXX object _deps/yaml-cpp-build/CMakeFiles/yaml-cpp.dir/src/emitter.cpp.o[0m
[19.416s] [ 13%] [32mBuilding CXX object _deps/yaml-cpp-build/CMakeFiles/yaml-cpp.dir/src/emitterstate.cpp.o[0m
[21.936s] [ 15%] [32mBuilding CXX object _deps/yaml-cpp-build/CMakeFiles/yaml-cpp.dir/src/emitterutils.cpp.o[0m
[30.369s] [ 18%] [32mBuilding CXX object _deps/yaml-cpp-build/CMakeFiles/yaml-cpp.dir/src/exceptions.cpp.o[0m
[31.364s] [ 21%] [32mBuilding CXX object _deps/yaml-cpp-build/CMakeFiles/yaml-cpp.dir/src/exp.cpp.o[0m
[32.974s] [ 23%] [32mBuilding CXX object _deps/yaml-cpp-build/CMakeFiles/yaml-cpp.dir/src/memory.cpp.o[0m
[34.806s] [ 26%] [32mBuilding CXX object _deps/yaml-cpp-build/CMakeFiles/yaml-cpp.dir/src/node.cpp.o[0m
[35.803s] [ 28%] [32mBuilding CXX object _deps/yaml-cpp-build/CMakeFiles/yaml-cpp.dir/src/node_data.cpp.o[0m
[38.368s] [ 31%] [32mBuilding CXX object _deps/yaml-cpp-build/CMakeFiles/yaml-cpp.dir/src/nodebuilder.cpp.o[0m
[40.877s] [ 34%] [32mBuilding CXX object _deps/yaml-cpp-build/CMakeFiles/yaml-cpp.dir/src/nodeevents.cpp.o[0m
[43.001s] [ 36%] [32mBuilding CXX object _deps/yaml-cpp-build/CMakeFiles/yaml-cpp.dir/src/null.cpp.o[0m
[43.509s] [ 39%] [32mBuilding CXX object _deps/yaml-cpp-build/CMakeFiles/yaml-cpp.dir/src/ostream_wrapper.cpp.o[0m
[44.618s] [ 42%] [32mBuilding CXX object _deps/yaml-cpp-build/CMakeFiles/yaml-cpp.dir/src/parse.cpp.o[0m
[47.179s] [ 44%] [32mBuilding CXX object _deps/yaml-cpp-build/CMakeFiles/yaml-cpp.dir/src/parser.cpp.o[0m
[49.584s] [ 47%] [32mBuilding CXX object _deps/yaml-cpp-build/CMakeFiles/yaml-cpp.dir/src/regex_yaml.cpp.o[0m
[50.981s] [ 50%] [32mBuilding CXX object _deps/yaml-cpp-build/CMakeFiles/yaml-cpp.dir/src/scanner.cpp.o[0m
[55.012s] [ 52%] [32mBuilding CXX object _deps/yaml-cpp-build/CMakeFiles/yaml-cpp.dir/src/scanscalar.cpp.o[0m
[57.809s] [ 55%] [32mBuilding CXX object _deps/yaml-cpp-build/CMakeFiles/yaml-cpp.dir/src/scantag.cpp.o[0m
[60.075s] [ 57%] [32mBuilding CXX object _deps/yaml-cpp-build/CMakeFiles/yaml-cpp.dir/src/scantoken.cpp.o[0m
[66.050s] [ 60%] [32mBuilding CXX object _deps/yaml-cpp-build/CMakeFiles/yaml-cpp.dir/src/simplekey.cpp.o[0m
[67.841s] [ 63%] [32mBuilding CXX object _deps/yaml-cpp-build/CMakeFiles/yaml-cpp.dir/src/singledocparser.cpp.o[0m
[70.927s] [ 65%] [32mBuilding CXX object _deps/yaml-cpp-build/CMakeFiles/yaml-cpp.dir/src/stream.cpp.o[0m
[72.383s] [ 68%] [32mBuilding CXX object _deps/yaml-cpp-build/CMakeFiles/yaml-cpp.dir/src/tag.cpp.o[0m
[73.584s] [ 71%] [32mBuilding CXX object _deps/yaml-cpp-build/CMakeFiles/yaml-cpp.dir/src/contrib/graphbuilder.cpp.o[0m
[74.783s] [ 73%] [32mBuilding CXX object _deps/yaml-cpp-build/CMakeFiles/yaml-cpp.dir/src/contrib/graphbuilderadapter.cpp.o[0m
[76.027s] [ 76%] [32mBuilding CXX object _deps/yaml-cpp-build/CMakeFiles/yaml-cpp.dir/src/directives.cpp.o[0m
[76.806s] [ 78%] [32mBuilding CXX object _deps/yaml-cpp-build/CMakeFiles/yaml-cpp.dir/src/convert.cpp.o[0m
[79.046s] [ 81%] [32m[1mLinking CXX static library libyaml-cpp.a[0m
[79.134s] [ 81%] Built target yaml-cpp
[79.172s] [ 84%] [32mBuilding CXX object CMakeFiles/isaac_ros_nitros_detection2_d_array_type.dir/src/nitros_detection2_d_array.cpp.o[0m
[110.419s] [ 86%] [32mBuilding CXX object CMakeFiles/isaac_ros_nitros_detection2_d_array_type.dir/src/detection2_d_array_message.cpp.o[0m
[112.903s] [ 89%] [32m[1mLinking CXX shared library libisaac_ros_nitros_detection2_d_array_type.so[0m
[113.509s] [ 89%] Built target isaac_ros_nitros_detection2_d_array_type
[113.549s] [ 92%] [32mBuilding CXX object CMakeFiles/isaac_ros_nitros_detection2_d_array_forward_node.dir/test/src/nitros_detection2_d_array_forward_node.cpp.o[0m
[171.614s] [ 94%] [32m[1mLinking CXX shared library libisaac_ros_nitros_detection2_d_array_forward_node.so[0m
[172.964s] [ 94%] Built target isaac_ros_nitros_detection2_d_array_forward_node
[173.004s] [ 97%] [32mBuilding CXX object CMakeFiles/isaac_ros_nitros_detection2_d_array_test_ext.dir/test/src/detection2_d_test_ext.cpp.o[0m
[178.288s] [100%] [32m[1mLinking CXX shared library libisaac_ros_nitros_detection2_d_array_test_ext.so[0m
[178.852s] [100%] Built target isaac_ros_nitros_detection2_d_array_test_ext
[178.882s] Invoked command in '/workspaces/isaac_ros-dev/build/isaac_ros_nitros_detection2_d_array_type' returned '0': AMENT_PREFIX_PATH=/workspaces/isaac_ros-dev/install/isaac_ros_nitros:/workspaces/isaac_ros-dev/install/isaac_ros_nitros_interfaces:/workspaces/isaac_ros-dev/install/isaac_ros_gxf:/workspaces/isaac_ros-dev/install/isaac_ros_test:/workspaces/isaac_ros-dev/install/isaac_ros_common:${AMENT_PREFIX_PATH} CMAKE_PREFIX_PATH=/workspaces/isaac_ros-dev/install/isaac_ros_nitros:/workspaces/isaac_ros-dev/install/isaac_ros_nitros_interfaces:/workspaces/isaac_ros-dev/install/isaac_ros_gxf:/workspaces/isaac_ros-dev/install/isaac_ros_common:${CMAKE_PREFIX_PATH} LD_LIBRARY_PATH=/workspaces/isaac_ros-dev/install/isaac_ros_nitros/lib:/workspaces/isaac_ros-dev/install/isaac_ros_nitros_interfaces/lib:/workspaces/isaac_ros-dev/install/isaac_ros_common/lib:/opt/ros/humble/install/opt/rviz_ogre_vendor/lib:/opt/ros/humble/install/lib:/usr/lib/aarch64-linux-gnu/tegra/weston:/usr/lib/aarch64-linux-gnu/tegra-egl:/usr/local/cuda-11.4/targets/aarch64-linux/lib:/usr/lib/aarch64-linux-gnu/tegra:/opt/nvidia/vpi2/lib64:/usr/lib/aarch64-linux-gnu-host:/opt/tritonserver/lib PYTHONPATH=/workspaces/isaac_ros-dev/install/isaac_ros_nitros_interfaces/lib/python3.8/site-packages:/workspaces/isaac_ros-dev/build/isaac_ros_test:/workspaces/isaac_ros-dev/install/isaac_ros_test/lib/python3.8/site-packages:${PYTHONPATH} /usr/bin/cmake --build /workspaces/isaac_ros-dev/build/isaac_ros_nitros_detection2_d_array_type -- -j4 -l4
[179.007s] Invoking command in '/workspaces/isaac_ros-dev/build/isaac_ros_nitros_detection2_d_array_type': AMENT_PREFIX_PATH=/workspaces/isaac_ros-dev/install/isaac_ros_nitros:/workspaces/isaac_ros-dev/install/isaac_ros_nitros_interfaces:/workspaces/isaac_ros-dev/install/isaac_ros_gxf:/workspaces/isaac_ros-dev/install/isaac_ros_test:/workspaces/isaac_ros-dev/install/isaac_ros_common:${AMENT_PREFIX_PATH} CMAKE_PREFIX_PATH=/workspaces/isaac_ros-dev/install/isaac_ros_nitros:/workspaces/isaac_ros-dev/install/isaac_ros_nitros_interfaces:/workspaces/isaac_ros-dev/install/isaac_ros_gxf:/workspaces/isaac_ros-dev/install/isaac_ros_common:${CMAKE_PREFIX_PATH} LD_LIBRARY_PATH=/workspaces/isaac_ros-dev/install/isaac_ros_nitros/lib:/workspaces/isaac_ros-dev/install/isaac_ros_nitros_interfaces/lib:/workspaces/isaac_ros-dev/install/isaac_ros_common/lib:/opt/ros/humble/install/opt/rviz_ogre_vendor/lib:/opt/ros/humble/install/lib:/usr/lib/aarch64-linux-gnu/tegra/weston:/usr/lib/aarch64-linux-gnu/tegra-egl:/usr/local/cuda-11.4/targets/aarch64-linux/lib:/usr/lib/aarch64-linux-gnu/tegra:/opt/nvidia/vpi2/lib64:/usr/lib/aarch64-linux-gnu-host:/opt/tritonserver/lib PYTHONPATH=/workspaces/isaac_ros-dev/install/isaac_ros_nitros_interfaces/lib/python3.8/site-packages:/workspaces/isaac_ros-dev/build/isaac_ros_test:/workspaces/isaac_ros-dev/install/isaac_ros_test/lib/python3.8/site-packages:${PYTHONPATH} /usr/bin/cmake --install /workspaces/isaac_ros-dev/build/isaac_ros_nitros_detection2_d_array_type
[179.020s] -- Install configuration: "Release"
[179.022s] -- Execute custom install script
[179.025s] -- Symlinking: /workspaces/isaac_ros-dev/install/isaac_ros_nitros_detection2_d_array_type/lib/pkgconfig/yaml-cpp.pc
[179.038s] -- Symlinking: /workspaces/isaac_ros-dev/install/isaac_ros_nitros_detection2_d_array_type/share/isaac_ros_nitros_detection2_d_array_type/gxf/lib/detection2_d/libisaac_ros_nitros_detection2_d_array_type.so
[179.049s] -- Symlinking: /workspaces/isaac_ros-dev/install/isaac_ros_nitros_detection2_d_array_type/share/isaac_ros_nitros_detection2_d_array_type/test/config/test_forward_node.yaml
[179.061s] -- Symlinking: /workspaces/isaac_ros-dev/install/isaac_ros_nitros_detection2_d_array_type/share/isaac_ros_nitros_detection2_d_array_type/gxf/lib/detection2_d/test/libisaac_ros_nitros_detection2_d_array_test_ext.so
[179.073s] -- Symlinking: /workspaces/isaac_ros-dev/install/isaac_ros_nitros_detection2_d_array_type/include/detectnet/detection2_d.hpp
[179.084s] -- Symlinking: /workspaces/isaac_ros-dev/install/isaac_ros_nitros_detection2_d_array_type/include/detectnet/detection2_d_array_message.hpp
[179.095s] -- Symlinking: /workspaces/isaac_ros-dev/install/isaac_ros_nitros_detection2_d_array_type/include/isaac_ros_nitros_detection2_d_array_type/nitros_detection2_d_array.hpp
[179.114s] -- Symlinking: /workspaces/isaac_ros-dev/install/isaac_ros_nitros_detection2_d_array_type/share/isaac_ros_nitros_detection2_d_array_type/environment/library_path.sh
[179.127s] -- Symlinking: /workspaces/isaac_ros-dev/install/isaac_ros_nitros_detection2_d_array_type/share/isaac_ros_nitros_detection2_d_array_type/environment/library_path.dsv
[179.138s] -- Symlinking: /workspaces/isaac_ros-dev/install/isaac_ros_nitros_detection2_d_array_type/lib/libisaac_ros_nitros_detection2_d_array_type.so
[179.152s] -- Symlinking: /workspaces/isaac_ros-dev/install/isaac_ros_nitros_detection2_d_array_type/lib/libisaac_ros_nitros_detection2_d_array_forward_node.so
[179.162s] -- Symlinking: /workspaces/isaac_ros-dev/install/isaac_ros_nitros_detection2_d_array_type/lib/libisaac_ros_nitros_detection2_d_array_test_ext.so
[179.176s] -- Symlinking: /workspaces/isaac_ros-dev/install/isaac_ros_nitros_detection2_d_array_type/share/ament_index/resource_index/package_run_dependencies/isaac_ros_nitros_detection2_d_array_type
[179.188s] -- Symlinking: /workspaces/isaac_ros-dev/install/isaac_ros_nitros_detection2_d_array_type/share/ament_index/resource_index/parent_prefix_path/isaac_ros_nitros_detection2_d_array_type
[179.201s] -- Symlinking: /workspaces/isaac_ros-dev/install/isaac_ros_nitros_detection2_d_array_type/share/isaac_ros_nitros_detection2_d_array_type/environment/ament_prefix_path.sh
[179.212s] -- Symlinking: /workspaces/isaac_ros-dev/install/isaac_ros_nitros_detection2_d_array_type/share/isaac_ros_nitros_detection2_d_array_type/environment/ament_prefix_path.dsv
[179.223s] -- Symlinking: /workspaces/isaac_ros-dev/install/isaac_ros_nitros_detection2_d_array_type/share/isaac_ros_nitros_detection2_d_array_type/environment/path.sh
[179.235s] -- Symlinking: /workspaces/isaac_ros-dev/install/isaac_ros_nitros_detection2_d_array_type/share/isaac_ros_nitros_detection2_d_array_type/environment/path.dsv
[179.246s] -- Symlinking: /workspaces/isaac_ros-dev/install/isaac_ros_nitros_detection2_d_array_type/share/isaac_ros_nitros_detection2_d_array_type/local_setup.bash
[179.256s] -- Symlinking: /workspaces/isaac_ros-dev/install/isaac_ros_nitros_detection2_d_array_type/share/isaac_ros_nitros_detection2_d_array_type/local_setup.sh
[179.267s] -- Symlinking: /workspaces/isaac_ros-dev/install/isaac_ros_nitros_detection2_d_array_type/share/isaac_ros_nitros_detection2_d_array_type/local_setup.zsh
[179.277s] -- Symlinking: /workspaces/isaac_ros-dev/install/isaac_ros_nitros_detection2_d_array_type/share/isaac_ros_nitros_detection2_d_array_type/local_setup.dsv
[179.288s] -- Symlinking: /workspaces/isaac_ros-dev/install/isaac_ros_nitros_detection2_d_array_type/share/isaac_ros_nitros_detection2_d_array_type/package.dsv
[179.300s] -- Symlinking: /workspaces/isaac_ros-dev/install/isaac_ros_nitros_detection2_d_array_type/share/ament_index/resource_index/packages/isaac_ros_nitros_detection2_d_array_type
[179.311s] -- Symlinking: /workspaces/isaac_ros-dev/install/isaac_ros_nitros_detection2_d_array_type/share/ament_index/resource_index/rclcpp_components/isaac_ros_nitros_detection2_d_array_type
[179.321s] -- Symlinking: /workspaces/isaac_ros-dev/install/isaac_ros_nitros_detection2_d_array_type/share/isaac_ros_nitros_detection2_d_array_type/cmake/ament_cmake_export_include_directories-extras.cmake
[179.331s] -- Symlinking: /workspaces/isaac_ros-dev/install/isaac_ros_nitros_detection2_d_array_type/share/isaac_ros_nitros_detection2_d_array_type/cmake/ament_cmake_export_dependencies-extras.cmake
[179.341s] -- Symlinking: /workspaces/isaac_ros-dev/install/isaac_ros_nitros_detection2_d_array_type/share/isaac_ros_nitros_detection2_d_array_type/cmake/ament_cmake_export_libraries-extras.cmake
[179.352s] -- Symlinking: /workspaces/isaac_ros-dev/install/isaac_ros_nitros_detection2_d_array_type/share/isaac_ros_nitros_detection2_d_array_type/cmake/isaac_ros_nitros_detection2_d_array_typeConfig.cmake
[179.367s] -- Symlinking: /workspaces/isaac_ros-dev/install/isaac_ros_nitros_detection2_d_array_type/share/isaac_ros_nitros_detection2_d_array_type/cmake/isaac_ros_nitros_detection2_d_array_typeConfig-version.cmake
[179.376s] -- Symlinking: /workspaces/isaac_ros-dev/install/isaac_ros_nitros_detection2_d_array_type/share/isaac_ros_nitros_detection2_d_array_type/package.xml
[179.391s] -- Installing: /workspaces/isaac_ros-dev/install/isaac_ros_nitros_detection2_d_array_type/lib/libyaml-cpp.a
[179.391s] -- Installing: /workspaces/isaac_ros-dev/install/isaac_ros_nitros_detection2_d_array_type/include/yaml-cpp
[179.404s] -- Installing: /workspaces/isaac_ros-dev/install/isaac_ros_nitros_detection2_d_array_type/include/yaml-cpp/exceptions.h
[179.405s] -- Installing: /workspaces/isaac_ros-dev/install/isaac_ros_nitros_detection2_d_array_type/include/yaml-cpp/ostream_wrapper.h
[179.406s] -- Installing: /workspaces/isaac_ros-dev/install/isaac_ros_nitros_detection2_d_array_type/include/yaml-cpp/emitterstyle.h
[179.407s] -- Installing: /workspaces/isaac_ros-dev/install/isaac_ros_nitros_detection2_d_array_type/include/yaml-cpp/yaml.h
[179.407s] -- Installing: /workspaces/isaac_ros-dev/install/isaac_ros_nitros_detection2_d_array_type/include/yaml-cpp/binary.h
[179.407s] -- Installing: /workspaces/isaac_ros-dev/install/isaac_ros_nitros_detection2_d_array_type/include/yaml-cpp/emitfromevents.h
[179.407s] -- Installing: /workspaces/isaac_ros-dev/install/isaac_ros_nitros_detection2_d_array_type/include/yaml-cpp/dll.h
[179.407s] -- Installing: /workspaces/isaac_ros-dev/install/isaac_ros_nitros_detection2_d_array_type/include/yaml-cpp/traits.h
[179.408s] -- Installing: /workspaces/isaac_ros-dev/install/isaac_ros_nitros_detection2_d_array_type/include/yaml-cpp/contrib
[179.408s] -- Installing: /workspaces/isaac_ros-dev/install/isaac_ros_nitros_detection2_d_array_type/include/yaml-cpp/contrib/anchordict.h
[179.408s] -- Installing: /workspaces/isaac_ros-dev/install/isaac_ros_nitros_detection2_d_array_type/include/yaml-cpp/contrib/graphbuilder.h
[179.408s] -- Installing: /workspaces/isaac_ros-dev/install/isaac_ros_nitros_detection2_d_array_type/include/yaml-cpp/emitter.h
[179.408s] -- Installing: /workspaces/isaac_ros-dev/install/isaac_ros_nitros_detection2_d_array_type/include/yaml-cpp/stlemitter.h
[179.408s] -- Installing: /workspaces/isaac_ros-dev/install/isaac_ros_nitros_detection2_d_array_type/include/yaml-cpp/eventhandler.h
[179.409s] -- Installing: /workspaces/isaac_ros-dev/install/isaac_ros_nitros_detection2_d_array_type/include/yaml-cpp/emittermanip.h
[179.409s] -- Installing: /workspaces/isaac_ros-dev/install/isaac_ros_nitros_detection2_d_array_type/include/yaml-cpp/anchor.h
[179.409s] -- Installing: /workspaces/isaac_ros-dev/install/isaac_ros_nitros_detection2_d_array_type/include/yaml-cpp/parser.h
[179.409s] -- Installing: /workspaces/isaac_ros-dev/install/isaac_ros_nitros_detection2_d_array_type/include/yaml-cpp/emitterdef.h
[179.409s] -- Installing: /workspaces/isaac_ros-dev/install/isaac_ros_nitros_detection2_d_array_type/include/yaml-cpp/node
[179.409s] -- Installing: /workspaces/isaac_ros-dev/install/isaac_ros_nitros_detection2_d_array_type/include/yaml-cpp/node/emit.h
[179.409s] -- Installing: /workspaces/isaac_ros-dev/install/isaac_ros_nitros_detection2_d_array_type/include/yaml-cpp/node/impl.h
[179.410s] -- Installing: /workspaces/isaac_ros-dev/install/isaac_ros_nitros_detection2_d_array_type/include/yaml-cpp/node/convert.h
[179.410s] -- Installing: /workspaces/isaac_ros-dev/install/isaac_ros_nitros_detection2_d_array_type/include/yaml-cpp/node/iterator.h
[179.410s] -- Installing: /workspaces/isaac_ros-dev/install/isaac_ros_nitros_detection2_d_array_type/include/yaml-cpp/node/parse.h
[179.410s] -- Installing: /workspaces/isaac_ros-dev/install/isaac_ros_nitros_detection2_d_array_type/include/yaml-cpp/node/detail
[179.410s] -- Installing: /workspaces/isaac_ros-dev/install/isaac_ros_nitros_detection2_d_array_type/include/yaml-cpp/node/detail/impl.h
[179.415s] -- Installing: /workspaces/isaac_ros-dev/install/isaac_ros_nitros_detection2_d_array_type/include/yaml-cpp/node/detail/node_ref.h
[179.416s] -- Installing: /workspaces/isaac_ros-dev/install/isaac_ros_nitros_detection2_d_array_type/include/yaml-cpp/node/detail/iterator.h
[179.416s] -- Installing: /workspaces/isaac_ros-dev/install/isaac_ros_nitros_detection2_d_array_type/include/yaml-cpp/node/detail/node_iterator.h
[179.416s] -- Installing: /workspaces/isaac_ros-dev/install/isaac_ros_nitros_detection2_d_array_type/include/yaml-cpp/node/detail/memory.h
[179.416s] -- Installing: /workspaces/isaac_ros-dev/install/isaac_ros_nitros_detection2_d_array_type/include/yaml-cpp/node/detail/iterator_fwd.h
[179.416s] -- Installing: /workspaces/isaac_ros-dev/install/isaac_ros_nitros_detection2_d_array_type/include/yaml-cpp/node/detail/node_data.h
[179.417s] -- Installing: /workspaces/isaac_ros-dev/install/isaac_ros_nitros_detection2_d_array_type/include/yaml-cpp/node/detail/bool_type.h
[179.419s] -- Installing: /workspaces/isaac_ros-dev/install/isaac_ros_nitros_detection2_d_array_type/include/yaml-cpp/node/detail/node.h
[179.419s] -- Installing: /workspaces/isaac_ros-dev/install/isaac_ros_nitros_detection2_d_array_type/include/yaml-cpp/node/node.h
[179.419s] -- Installing: /workspaces/isaac_ros-dev/install/isaac_ros_nitros_detection2_d_array_type/include/yaml-cpp/node/ptr.h
[179.421s] -- Installing: /workspaces/isaac_ros-dev/install/isaac_ros_nitros_detection2_d_array_type/include/yaml-cpp/node/type.h
[179.421s] -- Installing: /workspaces/isaac_ros-dev/install/isaac_ros_nitros_detection2_d_array_type/include/yaml-cpp/null.h
[179.423s] -- Installing: /workspaces/isaac_ros-dev/install/isaac_ros_nitros_detection2_d_array_type/include/yaml-cpp/mark.h
[179.423s] -- Installing: /workspaces/isaac_ros-dev/install/isaac_ros_nitros_detection2_d_array_type/lib/cmake/yaml-cpp/yaml-cpp-config.cmake
[179.424s] -- Installing: /workspaces/isaac_ros-dev/install/isaac_ros_nitros_detection2_d_array_type/lib/cmake/yaml-cpp/yaml-cpp-config-version.cmake
[179.425s] -- Installing: /workspaces/isaac_ros-dev/install/isaac_ros_nitros_detection2_d_array_type/lib/cmake/yaml-cpp/yaml-cpp-targets.cmake
[179.426s] -- Installing: /workspaces/isaac_ros-dev/install/isaac_ros_nitros_detection2_d_array_type/lib/cmake/yaml-cpp/yaml-cpp-targets-release.cmake
[179.445s] Invoked command in '/workspaces/isaac_ros-dev/build/isaac_ros_nitros_detection2_d_array_type' returned '0': AMENT_PREFIX_PATH=/workspaces/isaac_ros-dev/install/isaac_ros_nitros:/workspaces/isaac_ros-dev/install/isaac_ros_nitros_interfaces:/workspaces/isaac_ros-dev/install/isaac_ros_gxf:/workspaces/isaac_ros-dev/install/isaac_ros_test:/workspaces/isaac_ros-dev/install/isaac_ros_common:${AMENT_PREFIX_PATH} CMAKE_PREFIX_PATH=/workspaces/isaac_ros-dev/install/isaac_ros_nitros:/workspaces/isaac_ros-dev/install/isaac_ros_nitros_interfaces:/workspaces/isaac_ros-dev/install/isaac_ros_gxf:/workspaces/isaac_ros-dev/install/isaac_ros_common:${CMAKE_PREFIX_PATH} LD_LIBRARY_PATH=/workspaces/isaac_ros-dev/install/isaac_ros_nitros/lib:/workspaces/isaac_ros-dev/install/isaac_ros_nitros_interfaces/lib:/workspaces/isaac_ros-dev/install/isaac_ros_common/lib:/opt/ros/humble/install/opt/rviz_ogre_vendor/lib:/opt/ros/humble/install/lib:/usr/lib/aarch64-linux-gnu/tegra/weston:/usr/lib/aarch64-linux-gnu/tegra-egl:/usr/local/cuda-11.4/targets/aarch64-linux/lib:/usr/lib/aarch64-linux-gnu/tegra:/opt/nvidia/vpi2/lib64:/usr/lib/aarch64-linux-gnu-host:/opt/tritonserver/lib PYTHONPATH=/workspaces/isaac_ros-dev/install/isaac_ros_nitros_interfaces/lib/python3.8/site-packages:/workspaces/isaac_ros-dev/build/isaac_ros_test:/workspaces/isaac_ros-dev/install/isaac_ros_test/lib/python3.8/site-packages:${PYTHONPATH} /usr/bin/cmake --install /workspaces/isaac_ros-dev/build/isaac_ros_nitros_detection2_d_array_type
