[0.113s] Invoking command in '/workspaces/isaac_ros-dev/build/isaac_ros_h264_encoder': AMENT_PREFIX_PATH=/workspaces/isaac_ros-dev/install/isaac_ros_image_proc:/workspaces/isaac_ros-dev/install/isaac_ros_nitros_image_type:/workspaces/isaac_ros-dev/install/isaac_ros_nitros_compressed_image_type:/workspaces/isaac_ros-dev/install/isaac_ros_nitros_camera_info_type:/workspaces/isaac_ros-dev/install/isaac_ros_nitros:/workspaces/isaac_ros-dev/install/isaac_ros_nitros_interfaces:/workspaces/isaac_ros-dev/install/isaac_ros_gxf:/workspaces/isaac_ros-dev/install/isaac_ros_test:/workspaces/isaac_ros-dev/install/isaac_ros_common:${AMENT_PREFIX_PATH} CMAKE_PREFIX_PATH=/workspaces/isaac_ros-dev/install/isaac_ros_image_proc:/workspaces/isaac_ros-dev/install/isaac_ros_nitros_image_type:/workspaces/isaac_ros-dev/install/isaac_ros_nitros_compressed_image_type:/workspaces/isaac_ros-dev/install/isaac_ros_nitros_camera_info_type:/workspaces/isaac_ros-dev/install/isaac_ros_nitros:/workspaces/isaac_ros-dev/install/isaac_ros_nitros_interfaces:/workspaces/isaac_ros-dev/install/isaac_ros_gxf:/workspaces/isaac_ros-dev/install/isaac_ros_common:${CMAKE_PREFIX_PATH} LD_LIBRARY_PATH=/workspaces/isaac_ros-dev/install/isaac_ros_image_proc/lib:/workspaces/isaac_ros-dev/install/isaac_ros_nitros_image_type/lib:/workspaces/isaac_ros-dev/install/isaac_ros_nitros_compressed_image_type/lib:/workspaces/isaac_ros-dev/install/isaac_ros_nitros_camera_info_type/lib:/workspaces/isaac_ros-dev/install/isaac_ros_nitros/lib:/workspaces/isaac_ros-dev/install/isaac_ros_nitros_interfaces/lib:/workspaces/isaac_ros-dev/install/isaac_ros_common/lib:/opt/ros/humble/install/opt/rviz_ogre_vendor/lib:/opt/ros/humble/install/lib:/usr/lib/aarch64-linux-gnu/tegra/weston:/usr/lib/aarch64-linux-gnu/tegra-egl:/usr/local/cuda-11.4/targets/aarch64-linux/lib:/usr/lib/aarch64-linux-gnu/tegra:/opt/nvidia/vpi2/lib64:/usr/lib/aarch64-linux-gnu-host:/opt/tritonserver/lib PYTHONPATH=/workspaces/isaac_ros-dev/install/isaac_ros_nitros_interfaces/lib/python3.8/site-packages:/workspaces/isaac_ros-dev/install/isaac_ros_test/lib/python3.8/site-packages:${PYTHONPATH} /usr/bin/cmake /workspaces/isaac_ros-dev/src/isaac_ros_compression/isaac_ros_h264_encoder -DCMAKE_INSTALL_PREFIX=/workspaces/isaac_ros-dev/install/isaac_ros_h264_encoder
[0.259s] -- The C compiler identification is GNU 9.4.0
[0.410s] -- The CXX compiler identification is GNU 9.4.0
[0.430s] -- Detecting C compiler ABI info
[0.608s] -- Detecting C compiler ABI info - done
[0.613s] -- Check for working C compiler: /usr/bin/cc - skipped
[0.614s] -- Detecting C compile features
[0.615s] -- Detecting C compile features - done
[0.625s] -- Detecting CXX compiler ABI info
[0.824s] -- Detecting CXX compiler ABI info - done
[0.845s] -- Check for working CXX compiler: /usr/bin/c++ - skipped
[0.845s] -- Detecting CXX compile features
[0.846s] -- Detecting CXX compile features - done
[0.856s] -- Architecture: aarch64
[0.861s] -- Found ament_cmake_auto: 1.3.3 (/opt/ros/humble/install/share/ament_cmake_auto/cmake)
[3.067s] -- Found Python3: /usr/bin/python3.8 (found version "3.8.10") found components: Interpreter 
[3.680s] -- Found rosidl_generator_c: 3.1.4 (/opt/ros/humble/install/share/rosidl_generator_c/cmake)
[3.698s] -- Found rosidl_adapter: 3.1.4 (/opt/ros/humble/install/share/rosidl_adapter/cmake)
[3.728s] -- Found rosidl_generator_cpp: 3.1.4 (/opt/ros/humble/install/share/rosidl_generator_cpp/cmake)
[3.775s] -- Using all available rosidl_typesupport_c: rosidl_typesupport_fastrtps_c;rosidl_typesupport_introspection_c
[3.842s] -- Using all available rosidl_typesupport_cpp: rosidl_typesupport_fastrtps_cpp;rosidl_typesupport_introspection_cpp
[4.060s] -- Found rmw_implementation_cmake: 6.1.1 (/opt/ros/humble/install/share/rmw_implementation_cmake/cmake)
[4.070s] -- Found rmw_fastrtps_cpp: 6.2.2 (/opt/ros/humble/install/share/rmw_fastrtps_cpp/cmake)
[4.457s] -- Found OpenSSL: /usr/lib/aarch64-linux-gnu/libcrypto.so (found version "1.1.1f")  
[4.564s] -- Found FastRTPS: /opt/ros/humble/install/include  
[4.741s] -- Using RMW implementation 'rmw_fastrtps_cpp' as default
[4.781s] -- Looking for pthread.h
[4.954s] -- Looking for pthread.h - found
[4.955s] -- Performing Test CMAKE_HAVE_LIBC_PTHREAD
[5.136s] -- Performing Test CMAKE_HAVE_LIBC_PTHREAD - Failed
[5.137s] -- Looking for pthread_create in pthreads
[5.281s] -- Looking for pthread_create in pthreads - not found
[5.281s] -- Looking for pthread_create in pthread
[5.452s] -- Looking for pthread_create in pthread - found
[5.455s] -- Found Threads: TRUE  
[6.666s] -- Loading isaac_ros_common extras
[6.666s] -- CMAKE_BUILD_TYPE: Release
[6.741s] -- Found CUDA: /usr/local/cuda (found version "11.4") 
[6.743s] -- Loading isaac_ros_common extras (modules)
[6.971s] -- Loading isaac_ros_gxf extras
[9.737s] -- Found CUDAToolkit: /usr/local/cuda/include (found version "11.4.315") 
[10.054s] -- Found atlas lib=/workspaces/isaac_ros-dev/install/isaac_ros_gxf/share/isaac_ros_gxf/gxf/lib/libgxf_atlas.so, include=/workspaces/isaac_ros-dev/install/isaac_ros_gxf/share/isaac_ros_gxf/gxf/include/gxf
[10.060s] -- Found cuda lib=/workspaces/isaac_ros-dev/install/isaac_ros_gxf/share/isaac_ros_gxf/gxf/lib/cuda/libgxf_cuda.so, include=/workspaces/isaac_ros-dev/install/isaac_ros_gxf/share/isaac_ros_gxf/gxf/include/gxf
[10.065s] -- Found isaac_messages lib=/workspaces/isaac_ros-dev/install/isaac_ros_gxf/share/isaac_ros_gxf/gxf/lib/libgxf_isaac_messages.so, include=/workspaces/isaac_ros-dev/install/isaac_ros_gxf/share/isaac_ros_gxf/gxf/include/gxf
[10.072s] -- Found isaac_ros_messages lib=/workspaces/isaac_ros-dev/install/isaac_ros_gxf/share/isaac_ros_gxf/gxf/lib/libgxf_isaac_ros_messages.so, include=/workspaces/isaac_ros-dev/install/isaac_ros_gxf/share/isaac_ros_gxf/gxf/include/gxf
[10.077s] -- Found multimedia lib=/workspaces/isaac_ros-dev/install/isaac_ros_gxf/share/isaac_ros_gxf/gxf/lib/multimedia/libgxf_multimedia.so, include=/workspaces/isaac_ros-dev/install/isaac_ros_gxf/share/isaac_ros_gxf/gxf/include/gxf
[10.087s] -- Found gxf_optimizer lib=/workspaces/isaac_ros-dev/install/isaac_ros_gxf/share/isaac_ros_gxf/gxf/lib/libgxf_optimizer.so, include=/workspaces/isaac_ros-dev/install/isaac_ros_gxf/share/isaac_ros_gxf/gxf/include/gxf
[10.093s] -- Found serialization lib=/workspaces/isaac_ros-dev/install/isaac_ros_gxf/share/isaac_ros_gxf/gxf/lib/serialization/libgxf_serialization.so, include=/workspaces/isaac_ros-dev/install/isaac_ros_gxf/share/isaac_ros_gxf/gxf/include/gxf
[10.099s] -- Found std lib=/workspaces/isaac_ros-dev/install/isaac_ros_gxf/share/isaac_ros_gxf/gxf/lib/std/libgxf_std.so, include=/workspaces/isaac_ros-dev/install/isaac_ros_gxf/share/isaac_ros_gxf/gxf/include/gxf
[10.105s] -- Found core lib=/workspaces/isaac_ros-dev/install/isaac_ros_gxf/share/isaac_ros_gxf/gxf/lib/core/libgxf_core.so, include=/workspaces/isaac_ros-dev/install/isaac_ros_gxf/share/isaac_ros_gxf/gxf/include/gxf
[10.110s] -- Found GXF:  (found suitable version "2.5.0", minimum required is "2.5.0") found components: core cuda multimedia serialization std 
[12.692s] -- Performing Test FLAG_WEXTRA
[12.869s] -- Performing Test FLAG_WEXTRA - Success
[12.888s] -- Architecture: aarch64
[12.897s] -- Found ament_lint_auto: 0.12.5 (/opt/ros/humble/install/share/ament_lint_auto/cmake)
[13.020s] -- Found launch_testing_ament_cmake: 1.0.4 (/opt/ros/humble/install/share/launch_testing_ament_cmake/cmake)
[13.026s] -- Found python_cmake_module: 0.10.0 (/opt/ros/humble/install/share/python_cmake_module/cmake)
[13.098s] -- Found PythonInterp: /usr/bin/python3 (found suitable version "3.8.10", minimum required is "3.6") 
[13.113s] -- Found PythonLibs: /usr/lib/aarch64-linux-gnu/libpython3.8.so (found suitable version "3.8.10", minimum required is "3.5") 
[13.113s] -- Using PYTHON_EXECUTABLE: /usr/bin/python3
[13.113s] -- Using PYTHON_INCLUDE_DIRS: /usr/include/python3.8
[13.114s] -- Using PYTHON_LIBRARIES: /usr/lib/aarch64-linux-gnu/libpython3.8.so
[13.185s] -- Found PythonExtra: .so  
[13.202s] -- Added test 'copyright' to check source files copyright and LICENSE
[13.215s] -- Added test 'cppcheck' to perform static code analysis on C / C++ code
[13.216s] -- Configured cppcheck include dirs: /workspaces/isaac_ros-dev/src/isaac_ros_compression/isaac_ros_h264_encoder/include
[13.216s] -- Configured cppcheck exclude dirs and/or files: 
[13.227s] -- Added test 'cpplint' to check C / C++ code against the Google style
[13.227s] -- Configured cpplint exclude dirs and/or files: 
[13.230s] -- Added test 'flake8' to check Python code syntax and style conventions
[13.234s] -- Added test 'lint_cmake' to check CMake code style
[13.236s] -- Added test 'pep257' to check Python code against some of the docstring style conventions in PEP 257
[13.247s] -- Added test 'uncrustify' to check C / C++ code style
[13.247s] -- Configured uncrustify additional arguments: 
[13.250s] -- Added test 'xmllint' to check XML markup files
[13.259s] -- Configuring done
[13.393s] -- Generating done
[13.393s] -- Build files have been written to: /workspaces/isaac_ros-dev/build/isaac_ros_h264_encoder
[13.436s] Invoked command in '/workspaces/isaac_ros-dev/build/isaac_ros_h264_encoder' returned '0': AMENT_PREFIX_PATH=/workspaces/isaac_ros-dev/install/isaac_ros_image_proc:/workspaces/isaac_ros-dev/install/isaac_ros_nitros_image_type:/workspaces/isaac_ros-dev/install/isaac_ros_nitros_compressed_image_type:/workspaces/isaac_ros-dev/install/isaac_ros_nitros_camera_info_type:/workspaces/isaac_ros-dev/install/isaac_ros_nitros:/workspaces/isaac_ros-dev/install/isaac_ros_nitros_interfaces:/workspaces/isaac_ros-dev/install/isaac_ros_gxf:/workspaces/isaac_ros-dev/install/isaac_ros_test:/workspaces/isaac_ros-dev/install/isaac_ros_common:${AMENT_PREFIX_PATH} CMAKE_PREFIX_PATH=/workspaces/isaac_ros-dev/install/isaac_ros_image_proc:/workspaces/isaac_ros-dev/install/isaac_ros_nitros_image_type:/workspaces/isaac_ros-dev/install/isaac_ros_nitros_compressed_image_type:/workspaces/isaac_ros-dev/install/isaac_ros_nitros_camera_info_type:/workspaces/isaac_ros-dev/install/isaac_ros_nitros:/workspaces/isaac_ros-dev/install/isaac_ros_nitros_interfaces:/workspaces/isaac_ros-dev/install/isaac_ros_gxf:/workspaces/isaac_ros-dev/install/isaac_ros_common:${CMAKE_PREFIX_PATH} LD_LIBRARY_PATH=/workspaces/isaac_ros-dev/install/isaac_ros_image_proc/lib:/workspaces/isaac_ros-dev/install/isaac_ros_nitros_image_type/lib:/workspaces/isaac_ros-dev/install/isaac_ros_nitros_compressed_image_type/lib:/workspaces/isaac_ros-dev/install/isaac_ros_nitros_camera_info_type/lib:/workspaces/isaac_ros-dev/install/isaac_ros_nitros/lib:/workspaces/isaac_ros-dev/install/isaac_ros_nitros_interfaces/lib:/workspaces/isaac_ros-dev/install/isaac_ros_common/lib:/opt/ros/humble/install/opt/rviz_ogre_vendor/lib:/opt/ros/humble/install/lib:/usr/lib/aarch64-linux-gnu/tegra/weston:/usr/lib/aarch64-linux-gnu/tegra-egl:/usr/local/cuda-11.4/targets/aarch64-linux/lib:/usr/lib/aarch64-linux-gnu/tegra:/opt/nvidia/vpi2/lib64:/usr/lib/aarch64-linux-gnu-host:/opt/tritonserver/lib PYTHONPATH=/workspaces/isaac_ros-dev/install/isaac_ros_nitros_interfaces/lib/python3.8/site-packages:/workspaces/isaac_ros-dev/install/isaac_ros_test/lib/python3.8/site-packages:${PYTHONPATH} /usr/bin/cmake /workspaces/isaac_ros-dev/src/isaac_ros_compression/isaac_ros_h264_encoder -DCMAKE_INSTALL_PREFIX=/workspaces/isaac_ros-dev/install/isaac_ros_h264_encoder
[13.442s] Invoking command in '/workspaces/isaac_ros-dev/build/isaac_ros_h264_encoder': AMENT_PREFIX_PATH=/workspaces/isaac_ros-dev/install/isaac_ros_image_proc:/workspaces/isaac_ros-dev/install/isaac_ros_nitros_image_type:/workspaces/isaac_ros-dev/install/isaac_ros_nitros_compressed_image_type:/workspaces/isaac_ros-dev/install/isaac_ros_nitros_camera_info_type:/workspaces/isaac_ros-dev/install/isaac_ros_nitros:/workspaces/isaac_ros-dev/install/isaac_ros_nitros_interfaces:/workspaces/isaac_ros-dev/install/isaac_ros_gxf:/workspaces/isaac_ros-dev/install/isaac_ros_test:/workspaces/isaac_ros-dev/install/isaac_ros_common:${AMENT_PREFIX_PATH} CMAKE_PREFIX_PATH=/workspaces/isaac_ros-dev/install/isaac_ros_image_proc:/workspaces/isaac_ros-dev/install/isaac_ros_nitros_image_type:/workspaces/isaac_ros-dev/install/isaac_ros_nitros_compressed_image_type:/workspaces/isaac_ros-dev/install/isaac_ros_nitros_camera_info_type:/workspaces/isaac_ros-dev/install/isaac_ros_nitros:/workspaces/isaac_ros-dev/install/isaac_ros_nitros_interfaces:/workspaces/isaac_ros-dev/install/isaac_ros_gxf:/workspaces/isaac_ros-dev/install/isaac_ros_common:${CMAKE_PREFIX_PATH} LD_LIBRARY_PATH=/workspaces/isaac_ros-dev/install/isaac_ros_image_proc/lib:/workspaces/isaac_ros-dev/install/isaac_ros_nitros_image_type/lib:/workspaces/isaac_ros-dev/install/isaac_ros_nitros_compressed_image_type/lib:/workspaces/isaac_ros-dev/install/isaac_ros_nitros_camera_info_type/lib:/workspaces/isaac_ros-dev/install/isaac_ros_nitros/lib:/workspaces/isaac_ros-dev/install/isaac_ros_nitros_interfaces/lib:/workspaces/isaac_ros-dev/install/isaac_ros_common/lib:/opt/ros/humble/install/opt/rviz_ogre_vendor/lib:/opt/ros/humble/install/lib:/usr/lib/aarch64-linux-gnu/tegra/weston:/usr/lib/aarch64-linux-gnu/tegra-egl:/usr/local/cuda-11.4/targets/aarch64-linux/lib:/usr/lib/aarch64-linux-gnu/tegra:/opt/nvidia/vpi2/lib64:/usr/lib/aarch64-linux-gnu-host:/opt/tritonserver/lib PYTHONPATH=/workspaces/isaac_ros-dev/install/isaac_ros_nitros_interfaces/lib/python3.8/site-packages:/workspaces/isaac_ros-dev/install/isaac_ros_test/lib/python3.8/site-packages:${PYTHONPATH} /usr/bin/cmake --build /workspaces/isaac_ros-dev/build/isaac_ros_h264_encoder -- -j4 -l4
[13.539s] [  2%] [32mBuilding CXX object _deps/yaml-cpp-build/CMakeFiles/yaml-cpp.dir/src/binary.cpp.o[0m
[13.539s] [  4%] [32mBuilding CXX object _deps/yaml-cpp-build/CMakeFiles/yaml-cpp.dir/src/convert.cpp.o[0m
[13.546s] [  6%] [32mBuilding CXX object CMakeFiles/encoder_node.dir/src/encoder_node.cpp.o[0m
[13.556s] [  8%] [32mBuilding CXX object gxf/codec/CMakeFiles/jetson_multimedia.dir/usr/src/jetson_multimedia_api/samples/common/classes/NvVideoEncoder.cpp.o[0m
[14.474s] [ 10%] [32mBuilding CXX object _deps/yaml-cpp-build/CMakeFiles/yaml-cpp.dir/src/directives.cpp.o[0m
[15.534s] [ 12%] [32mBuilding CXX object _deps/yaml-cpp-build/CMakeFiles/yaml-cpp.dir/src/emit.cpp.o[0m
[16.860s] [ 14%] [32mBuilding CXX object _deps/yaml-cpp-build/CMakeFiles/yaml-cpp.dir/src/emitfromevents.cpp.o[0m
[18.891s] [ 16%] [32mBuilding CXX object _deps/yaml-cpp-build/CMakeFiles/yaml-cpp.dir/src/emitter.cpp.o[0m
[20.938s] [ 18%] [32mBuilding CXX object _deps/yaml-cpp-build/CMakeFiles/yaml-cpp.dir/src/emitterstate.cpp.o[0m
[24.121s] [ 20%] [32mBuilding CXX object _deps/yaml-cpp-build/CMakeFiles/yaml-cpp.dir/src/emitterutils.cpp.o[0m
[25.946s] [ 22%] [32mBuilding CXX object _deps/yaml-cpp-build/CMakeFiles/yaml-cpp.dir/src/exceptions.cpp.o[0m
[31.533s] [ 24%] [32mBuilding CXX object gxf/codec/CMakeFiles/jetson_multimedia.dir/usr/src/jetson_multimedia_api/samples/common/classes/NvVideoDecoder.cpp.o[0m
[37.746s] [ 26%] [32mBuilding CXX object _deps/yaml-cpp-build/CMakeFiles/yaml-cpp.dir/src/exp.cpp.o[0m
[39.015s] [ 28%] [32mBuilding CXX object gxf/codec/CMakeFiles/jetson_multimedia.dir/usr/src/jetson_multimedia_api/samples/common/classes/NvV4l2Element.cpp.o[0m
[40.916s] [ 30%] [32mBuilding CXX object _deps/yaml-cpp-build/CMakeFiles/yaml-cpp.dir/src/memory.cpp.o[0m
[43.153s] [ 32%] [32mBuilding CXX object gxf/codec/CMakeFiles/jetson_multimedia.dir/usr/src/jetson_multimedia_api/samples/common/classes/NvV4l2ElementPlane.cpp.o[0m
[43.814s] [ 34%] [32mBuilding CXX object _deps/yaml-cpp-build/CMakeFiles/yaml-cpp.dir/src/node.cpp.o[0m
[45.339s] [ 36%] [32mBuilding CXX object _deps/yaml-cpp-build/CMakeFiles/yaml-cpp.dir/src/node_data.cpp.o[0m
[48.982s] [ 38%] [32mBuilding CXX object _deps/yaml-cpp-build/CMakeFiles/yaml-cpp.dir/src/nodebuilder.cpp.o[0m
[52.137s] [ 40%] [32mBuilding CXX object _deps/yaml-cpp-build/CMakeFiles/yaml-cpp.dir/src/nodeevents.cpp.o[0m
[52.681s] [ 42%] [32mBuilding CXX object gxf/codec/CMakeFiles/jetson_multimedia.dir/usr/src/jetson_multimedia_api/samples/common/classes/NvElement.cpp.o[0m
[54.849s] [ 44%] [32mBuilding CXX object gxf/codec/CMakeFiles/jetson_multimedia.dir/usr/src/jetson_multimedia_api/samples/common/classes/NvElementProfiler.cpp.o[0m
[55.146s] [ 46%] [32mBuilding CXX object _deps/yaml-cpp-build/CMakeFiles/yaml-cpp.dir/src/null.cpp.o[0m
[56.077s] [ 48%] [32mBuilding CXX object _deps/yaml-cpp-build/CMakeFiles/yaml-cpp.dir/src/ostream_wrapper.cpp.o[0m
[56.814s] [ 50%] [32mBuilding CXX object gxf/codec/CMakeFiles/jetson_multimedia.dir/usr/src/jetson_multimedia_api/samples/common/classes/NvBuffer.cpp.o[0m
[57.489s] [ 52%] [32mBuilding CXX object _deps/yaml-cpp-build/CMakeFiles/yaml-cpp.dir/src/parse.cpp.o[0m
[59.773s] [ 54%] [32mBuilding CXX object gxf/codec/CMakeFiles/jetson_multimedia.dir/usr/src/jetson_multimedia_api/samples/common/classes/NvLogging.cpp.o[0m
[60.545s] [ 56%] [32mBuilding CXX object _deps/yaml-cpp-build/CMakeFiles/yaml-cpp.dir/src/parser.cpp.o[0m
[61.009s] [ 58%] [32m[1mLinking CXX static library libjetson_multimedia.a[0m
[61.187s] [ 58%] Built target jetson_multimedia
[62.984s] [ 60%] [32mBuilding CXX object _deps/yaml-cpp-build/CMakeFiles/yaml-cpp.dir/src/scanner.cpp.o[0m
[66.847s] [ 62%] [32mBuilding CXX object _deps/yaml-cpp-build/CMakeFiles/yaml-cpp.dir/src/scanscalar.cpp.o[0m
[69.683s] [ 64%] [32mBuilding CXX object _deps/yaml-cpp-build/CMakeFiles/yaml-cpp.dir/src/scantag.cpp.o[0m
[71.944s] [ 66%] [32mBuilding CXX object _deps/yaml-cpp-build/CMakeFiles/yaml-cpp.dir/src/scantoken.cpp.o[0m
[77.952s] [ 68%] [32mBuilding CXX object _deps/yaml-cpp-build/CMakeFiles/yaml-cpp.dir/src/simplekey.cpp.o[0m
[79.727s] [ 70%] [32mBuilding CXX object _deps/yaml-cpp-build/CMakeFiles/yaml-cpp.dir/src/singledocparser.cpp.o[0m
[82.751s] [ 72%] [32mBuilding CXX object _deps/yaml-cpp-build/CMakeFiles/yaml-cpp.dir/src/stream.cpp.o[0m
[84.144s] [ 74%] [32mBuilding CXX object _deps/yaml-cpp-build/CMakeFiles/yaml-cpp.dir/src/tag.cpp.o[0m
[85.355s] [ 76%] [32mBuilding CXX object _deps/yaml-cpp-build/CMakeFiles/yaml-cpp.dir/src/contrib/graphbuilder.cpp.o[0m
[86.587s] [ 78%] [32mBuilding CXX object _deps/yaml-cpp-build/CMakeFiles/yaml-cpp.dir/src/contrib/graphbuilderadapter.cpp.o[0m
[87.789s] [ 80%] [32mBuilding CXX object _deps/yaml-cpp-build/CMakeFiles/yaml-cpp.dir/src/regex_yaml.cpp.o[0m
[89.286s] [ 82%] [32m[1mLinking CXX static library libyaml-cpp.a[0m
[89.423s] [ 82%] Built target yaml-cpp
[122.531s] [ 84%] [32m[1mLinking CXX shared library libencoder_node.so[0m
[123.342s] [ 84%] Built target encoder_node
[123.379s] [ 88%] [32mBuilding CXX object gxf/codec/CMakeFiles/gxf_codec_extension.dir/codec_extension.cpp.o[0m
[123.379s] [ 88%] [32mBuilding CXX object gxf/codec/CMakeFiles/gxf_codec_extension.dir/components/decoder_response.cpp.o[0m
[123.380s] [ 90%] [32mBuilding CXX object gxf/codec/CMakeFiles/gxf_codec_extension.dir/components/decoder_request.cpp.o[0m
[124.421s] [ 92%] [32mBuilding CXX object gxf/codec/CMakeFiles/gxf_codec_extension.dir/components/decoder_scheduling_term.cpp.o[0m
[142.721s] [ 94%] [32mBuilding CXX object gxf/codec/CMakeFiles/gxf_codec_extension.dir/components/encoder_scheduling_term.cpp.o[0m
[149.442s] [ 98%] [32mBuilding CXX object gxf/codec/CMakeFiles/gxf_codec_extension.dir/components/encoder_request.cpp.o[0m
[149.442s] [ 98%] [32mBuilding CXX object gxf/codec/CMakeFiles/gxf_codec_extension.dir/components/encoder_response.cpp.o[0m
[164.740s] [100%] [32m[1mLinking CXX shared library libgxf_codec_extension.so[0m
[165.001s] [100%] Built target gxf_codec_extension
[165.018s] Invoked command in '/workspaces/isaac_ros-dev/build/isaac_ros_h264_encoder' returned '0': AMENT_PREFIX_PATH=/workspaces/isaac_ros-dev/install/isaac_ros_image_proc:/workspaces/isaac_ros-dev/install/isaac_ros_nitros_image_type:/workspaces/isaac_ros-dev/install/isaac_ros_nitros_compressed_image_type:/workspaces/isaac_ros-dev/install/isaac_ros_nitros_camera_info_type:/workspaces/isaac_ros-dev/install/isaac_ros_nitros:/workspaces/isaac_ros-dev/install/isaac_ros_nitros_interfaces:/workspaces/isaac_ros-dev/install/isaac_ros_gxf:/workspaces/isaac_ros-dev/install/isaac_ros_test:/workspaces/isaac_ros-dev/install/isaac_ros_common:${AMENT_PREFIX_PATH} CMAKE_PREFIX_PATH=/workspaces/isaac_ros-dev/install/isaac_ros_image_proc:/workspaces/isaac_ros-dev/install/isaac_ros_nitros_image_type:/workspaces/isaac_ros-dev/install/isaac_ros_nitros_compressed_image_type:/workspaces/isaac_ros-dev/install/isaac_ros_nitros_camera_info_type:/workspaces/isaac_ros-dev/install/isaac_ros_nitros:/workspaces/isaac_ros-dev/install/isaac_ros_nitros_interfaces:/workspaces/isaac_ros-dev/install/isaac_ros_gxf:/workspaces/isaac_ros-dev/install/isaac_ros_common:${CMAKE_PREFIX_PATH} LD_LIBRARY_PATH=/workspaces/isaac_ros-dev/install/isaac_ros_image_proc/lib:/workspaces/isaac_ros-dev/install/isaac_ros_nitros_image_type/lib:/workspaces/isaac_ros-dev/install/isaac_ros_nitros_compressed_image_type/lib:/workspaces/isaac_ros-dev/install/isaac_ros_nitros_camera_info_type/lib:/workspaces/isaac_ros-dev/install/isaac_ros_nitros/lib:/workspaces/isaac_ros-dev/install/isaac_ros_nitros_interfaces/lib:/workspaces/isaac_ros-dev/install/isaac_ros_common/lib:/opt/ros/humble/install/opt/rviz_ogre_vendor/lib:/opt/ros/humble/install/lib:/usr/lib/aarch64-linux-gnu/tegra/weston:/usr/lib/aarch64-linux-gnu/tegra-egl:/usr/local/cuda-11.4/targets/aarch64-linux/lib:/usr/lib/aarch64-linux-gnu/tegra:/opt/nvidia/vpi2/lib64:/usr/lib/aarch64-linux-gnu-host:/opt/tritonserver/lib PYTHONPATH=/workspaces/isaac_ros-dev/install/isaac_ros_nitros_interfaces/lib/python3.8/site-packages:/workspaces/isaac_ros-dev/install/isaac_ros_test/lib/python3.8/site-packages:${PYTHONPATH} /usr/bin/cmake --build /workspaces/isaac_ros-dev/build/isaac_ros_h264_encoder -- -j4 -l4
[165.105s] Invoking command in '/workspaces/isaac_ros-dev/build/isaac_ros_h264_encoder': AMENT_PREFIX_PATH=/workspaces/isaac_ros-dev/install/isaac_ros_image_proc:/workspaces/isaac_ros-dev/install/isaac_ros_nitros_image_type:/workspaces/isaac_ros-dev/install/isaac_ros_nitros_compressed_image_type:/workspaces/isaac_ros-dev/install/isaac_ros_nitros_camera_info_type:/workspaces/isaac_ros-dev/install/isaac_ros_nitros:/workspaces/isaac_ros-dev/install/isaac_ros_nitros_interfaces:/workspaces/isaac_ros-dev/install/isaac_ros_gxf:/workspaces/isaac_ros-dev/install/isaac_ros_test:/workspaces/isaac_ros-dev/install/isaac_ros_common:${AMENT_PREFIX_PATH} CMAKE_PREFIX_PATH=/workspaces/isaac_ros-dev/install/isaac_ros_image_proc:/workspaces/isaac_ros-dev/install/isaac_ros_nitros_image_type:/workspaces/isaac_ros-dev/install/isaac_ros_nitros_compressed_image_type:/workspaces/isaac_ros-dev/install/isaac_ros_nitros_camera_info_type:/workspaces/isaac_ros-dev/install/isaac_ros_nitros:/workspaces/isaac_ros-dev/install/isaac_ros_nitros_interfaces:/workspaces/isaac_ros-dev/install/isaac_ros_gxf:/workspaces/isaac_ros-dev/install/isaac_ros_common:${CMAKE_PREFIX_PATH} LD_LIBRARY_PATH=/workspaces/isaac_ros-dev/install/isaac_ros_image_proc/lib:/workspaces/isaac_ros-dev/install/isaac_ros_nitros_image_type/lib:/workspaces/isaac_ros-dev/install/isaac_ros_nitros_compressed_image_type/lib:/workspaces/isaac_ros-dev/install/isaac_ros_nitros_camera_info_type/lib:/workspaces/isaac_ros-dev/install/isaac_ros_nitros/lib:/workspaces/isaac_ros-dev/install/isaac_ros_nitros_interfaces/lib:/workspaces/isaac_ros-dev/install/isaac_ros_common/lib:/opt/ros/humble/install/opt/rviz_ogre_vendor/lib:/opt/ros/humble/install/lib:/usr/lib/aarch64-linux-gnu/tegra/weston:/usr/lib/aarch64-linux-gnu/tegra-egl:/usr/local/cuda-11.4/targets/aarch64-linux/lib:/usr/lib/aarch64-linux-gnu/tegra:/opt/nvidia/vpi2/lib64:/usr/lib/aarch64-linux-gnu-host:/opt/tritonserver/lib PYTHONPATH=/workspaces/isaac_ros-dev/install/isaac_ros_nitros_interfaces/lib/python3.8/site-packages:/workspaces/isaac_ros-dev/install/isaac_ros_test/lib/python3.8/site-packages:${PYTHONPATH} /usr/bin/cmake --install /workspaces/isaac_ros-dev/build/isaac_ros_h264_encoder
[165.118s] -- Install configuration: "Release"
[165.119s] -- Installing: /workspaces/isaac_ros-dev/install/isaac_ros_h264_encoder/lib/libyaml-cpp.a
[165.121s] -- Installing: /workspaces/isaac_ros-dev/install/isaac_ros_h264_encoder/include/yaml-cpp
[165.122s] -- Installing: /workspaces/isaac_ros-dev/install/isaac_ros_h264_encoder/include/yaml-cpp/exceptions.h
[165.122s] -- Installing: /workspaces/isaac_ros-dev/install/isaac_ros_h264_encoder/include/yaml-cpp/ostream_wrapper.h
[165.122s] -- Installing: /workspaces/isaac_ros-dev/install/isaac_ros_h264_encoder/include/yaml-cpp/emitterstyle.h
[165.123s] -- Installing: /workspaces/isaac_ros-dev/install/isaac_ros_h264_encoder/include/yaml-cpp/yaml.h
[165.123s] -- Installing: /workspaces/isaac_ros-dev/install/isaac_ros_h264_encoder/include/yaml-cpp/binary.h
[165.123s] -- Installing: /workspaces/isaac_ros-dev/install/isaac_ros_h264_encoder/include/yaml-cpp/emitfromevents.h
[165.124s] -- Installing: /workspaces/isaac_ros-dev/install/isaac_ros_h264_encoder/include/yaml-cpp/dll.h
[165.124s] -- Installing: /workspaces/isaac_ros-dev/install/isaac_ros_h264_encoder/include/yaml-cpp/traits.h
[165.124s] -- Installing: /workspaces/isaac_ros-dev/install/isaac_ros_h264_encoder/include/yaml-cpp/contrib
[165.125s] -- Installing: /workspaces/isaac_ros-dev/install/isaac_ros_h264_encoder/include/yaml-cpp/contrib/anchordict.h
[165.125s] -- Installing: /workspaces/isaac_ros-dev/install/isaac_ros_h264_encoder/include/yaml-cpp/contrib/graphbuilder.h
[165.125s] -- Installing: /workspaces/isaac_ros-dev/install/isaac_ros_h264_encoder/include/yaml-cpp/emitter.h
[165.126s] -- Installing: /workspaces/isaac_ros-dev/install/isaac_ros_h264_encoder/include/yaml-cpp/stlemitter.h
[165.126s] -- Installing: /workspaces/isaac_ros-dev/install/isaac_ros_h264_encoder/include/yaml-cpp/eventhandler.h
[165.126s] -- Installing: /workspaces/isaac_ros-dev/install/isaac_ros_h264_encoder/include/yaml-cpp/emittermanip.h
[165.126s] -- Installing: /workspaces/isaac_ros-dev/install/isaac_ros_h264_encoder/include/yaml-cpp/anchor.h
[165.127s] -- Installing: /workspaces/isaac_ros-dev/install/isaac_ros_h264_encoder/include/yaml-cpp/parser.h
[165.127s] -- Installing: /workspaces/isaac_ros-dev/install/isaac_ros_h264_encoder/include/yaml-cpp/emitterdef.h
[165.127s] -- Installing: /workspaces/isaac_ros-dev/install/isaac_ros_h264_encoder/include/yaml-cpp/node
[165.128s] -- Installing: /workspaces/isaac_ros-dev/install/isaac_ros_h264_encoder/include/yaml-cpp/node/emit.h
[165.128s] -- Installing: /workspaces/isaac_ros-dev/install/isaac_ros_h264_encoder/include/yaml-cpp/node/impl.h
[165.128s] -- Installing: /workspaces/isaac_ros-dev/install/isaac_ros_h264_encoder/include/yaml-cpp/node/convert.h
[165.129s] -- Installing: /workspaces/isaac_ros-dev/install/isaac_ros_h264_encoder/include/yaml-cpp/node/iterator.h
[165.129s] -- Installing: /workspaces/isaac_ros-dev/install/isaac_ros_h264_encoder/include/yaml-cpp/node/parse.h
[165.129s] -- Installing: /workspaces/isaac_ros-dev/install/isaac_ros_h264_encoder/include/yaml-cpp/node/detail
[165.129s] -- Installing: /workspaces/isaac_ros-dev/install/isaac_ros_h264_encoder/include/yaml-cpp/node/detail/impl.h
[165.130s] -- Installing: /workspaces/isaac_ros-dev/install/isaac_ros_h264_encoder/include/yaml-cpp/node/detail/node_ref.h
[165.130s] -- Installing: /workspaces/isaac_ros-dev/install/isaac_ros_h264_encoder/include/yaml-cpp/node/detail/iterator.h
[165.130s] -- Installing: /workspaces/isaac_ros-dev/install/isaac_ros_h264_encoder/include/yaml-cpp/node/detail/node_iterator.h
[165.131s] -- Installing: /workspaces/isaac_ros-dev/install/isaac_ros_h264_encoder/include/yaml-cpp/node/detail/memory.h
[165.131s] -- Installing: /workspaces/isaac_ros-dev/install/isaac_ros_h264_encoder/include/yaml-cpp/node/detail/iterator_fwd.h
[165.132s] -- Installing: /workspaces/isaac_ros-dev/install/isaac_ros_h264_encoder/include/yaml-cpp/node/detail/node_data.h
[165.132s] -- Installing: /workspaces/isaac_ros-dev/install/isaac_ros_h264_encoder/include/yaml-cpp/node/detail/bool_type.h
[165.132s] -- Installing: /workspaces/isaac_ros-dev/install/isaac_ros_h264_encoder/include/yaml-cpp/node/detail/node.h
[165.133s] -- Installing: /workspaces/isaac_ros-dev/install/isaac_ros_h264_encoder/include/yaml-cpp/node/node.h
[165.133s] -- Installing: /workspaces/isaac_ros-dev/install/isaac_ros_h264_encoder/include/yaml-cpp/node/ptr.h
[165.133s] -- Installing: /workspaces/isaac_ros-dev/install/isaac_ros_h264_encoder/include/yaml-cpp/node/type.h
[165.133s] -- Installing: /workspaces/isaac_ros-dev/install/isaac_ros_h264_encoder/include/yaml-cpp/null.h
[165.134s] -- Installing: /workspaces/isaac_ros-dev/install/isaac_ros_h264_encoder/include/yaml-cpp/mark.h
[165.134s] -- Installing: /workspaces/isaac_ros-dev/install/isaac_ros_h264_encoder/lib/cmake/yaml-cpp/yaml-cpp-config.cmake
[165.135s] -- Installing: /workspaces/isaac_ros-dev/install/isaac_ros_h264_encoder/lib/cmake/yaml-cpp/yaml-cpp-config-version.cmake
[165.135s] -- Installing: /workspaces/isaac_ros-dev/install/isaac_ros_h264_encoder/lib/cmake/yaml-cpp/yaml-cpp-targets.cmake
[165.136s] -- Installing: /workspaces/isaac_ros-dev/install/isaac_ros_h264_encoder/lib/cmake/yaml-cpp/yaml-cpp-targets-release.cmake
[165.136s] -- Installing: /workspaces/isaac_ros-dev/install/isaac_ros_h264_encoder/lib/pkgconfig/yaml-cpp.pc
[165.137s] -- Installing: /workspaces/isaac_ros-dev/install/isaac_ros_h264_encoder/share/isaac_ros_h264_encoder/gxf/lib/codec/libgxf_codec_extension.so
[165.140s] -- Set runtime path of "/workspaces/isaac_ros-dev/install/isaac_ros_h264_encoder/share/isaac_ros_h264_encoder/gxf/lib/codec/libgxf_codec_extension.so" to ""
[165.141s] -- Up-to-date: /workspaces/isaac_ros-dev/install/isaac_ros_h264_encoder/include
[165.141s] -- Installing: /workspaces/isaac_ros-dev/install/isaac_ros_h264_encoder/include/isaac_ros_h264_encoder
[165.141s] -- Installing: /workspaces/isaac_ros-dev/install/isaac_ros_h264_encoder/include/isaac_ros_h264_encoder/encoder_node.hpp
[165.141s] -- Installing: /workspaces/isaac_ros-dev/install/isaac_ros_h264_encoder/share/isaac_ros_h264_encoder/environment/library_path.sh
[165.142s] -- Installing: /workspaces/isaac_ros-dev/install/isaac_ros_h264_encoder/share/isaac_ros_h264_encoder/environment/library_path.dsv
[165.142s] -- Installing: /workspaces/isaac_ros-dev/install/isaac_ros_h264_encoder/lib/libencoder_node.so
[165.151s] -- Set runtime path of "/workspaces/isaac_ros-dev/install/isaac_ros_h264_encoder/lib/libencoder_node.so" to ""
[165.152s] -- Installing: /workspaces/isaac_ros-dev/install/isaac_ros_h264_encoder/share/isaac_ros_h264_encoder/config
[165.152s] -- Installing: /workspaces/isaac_ros-dev/install/isaac_ros_h264_encoder/share/isaac_ros_h264_encoder/config/namespace_injector_rule.yaml
[165.152s] -- Installing: /workspaces/isaac_ros-dev/install/isaac_ros_h264_encoder/share/isaac_ros_h264_encoder/config/realsense.yaml
[165.152s] -- Installing: /workspaces/isaac_ros-dev/install/isaac_ros_h264_encoder/share/isaac_ros_h264_encoder/config/nitros_encoder_node.yaml
[165.152s] -- Installing: /workspaces/isaac_ros-dev/install/isaac_ros_h264_encoder/share/isaac_ros_h264_encoder/launch
[165.153s] -- Installing: /workspaces/isaac_ros-dev/install/isaac_ros_h264_encoder/share/isaac_ros_h264_encoder/launch/isaac_ros_h264_encoder_argus.launch.py
[165.153s] -- Installing: /workspaces/isaac_ros-dev/install/isaac_ros_h264_encoder/share/isaac_ros_h264_encoder/launch/isaac_ros_h264_encoder_realsense.launch.py
[165.153s] -- Installing: /workspaces/isaac_ros-dev/install/isaac_ros_h264_encoder/share/isaac_ros_h264_encoder/launch/isaac_ros_h264_encoder.launch.py
[165.154s] -- Installing: /workspaces/isaac_ros-dev/install/isaac_ros_h264_encoder/share/isaac_ros_h264_encoder/launch/isaac_ros_encode_r2b_rosbag.launch.py
[165.154s] -- Installing: /workspaces/isaac_ros-dev/install/isaac_ros_h264_encoder/share/ament_index/resource_index/package_run_dependencies/isaac_ros_h264_encoder
[165.155s] -- Installing: /workspaces/isaac_ros-dev/install/isaac_ros_h264_encoder/share/ament_index/resource_index/parent_prefix_path/isaac_ros_h264_encoder
[165.155s] -- Installing: /workspaces/isaac_ros-dev/install/isaac_ros_h264_encoder/share/isaac_ros_h264_encoder/environment/ament_prefix_path.sh
[165.156s] -- Installing: /workspaces/isaac_ros-dev/install/isaac_ros_h264_encoder/share/isaac_ros_h264_encoder/environment/ament_prefix_path.dsv
[165.156s] -- Installing: /workspaces/isaac_ros-dev/install/isaac_ros_h264_encoder/share/isaac_ros_h264_encoder/environment/path.sh
[165.157s] -- Installing: /workspaces/isaac_ros-dev/install/isaac_ros_h264_encoder/share/isaac_ros_h264_encoder/environment/path.dsv
[165.157s] -- Installing: /workspaces/isaac_ros-dev/install/isaac_ros_h264_encoder/share/isaac_ros_h264_encoder/local_setup.bash
[165.157s] -- Installing: /workspaces/isaac_ros-dev/install/isaac_ros_h264_encoder/share/isaac_ros_h264_encoder/local_setup.sh
[165.158s] -- Installing: /workspaces/isaac_ros-dev/install/isaac_ros_h264_encoder/share/isaac_ros_h264_encoder/local_setup.zsh
[165.158s] -- Installing: /workspaces/isaac_ros-dev/install/isaac_ros_h264_encoder/share/isaac_ros_h264_encoder/local_setup.dsv
[165.159s] -- Installing: /workspaces/isaac_ros-dev/install/isaac_ros_h264_encoder/share/isaac_ros_h264_encoder/package.dsv
[165.159s] -- Installing: /workspaces/isaac_ros-dev/install/isaac_ros_h264_encoder/share/ament_index/resource_index/packages/isaac_ros_h264_encoder
[165.160s] -- Installing: /workspaces/isaac_ros-dev/install/isaac_ros_h264_encoder/share/ament_index/resource_index/rclcpp_components/isaac_ros_h264_encoder
[165.160s] -- Installing: /workspaces/isaac_ros-dev/install/isaac_ros_h264_encoder/share/isaac_ros_h264_encoder/cmake/ament_cmake_export_dependencies-extras.cmake
[165.161s] -- Installing: /workspaces/isaac_ros-dev/install/isaac_ros_h264_encoder/share/isaac_ros_h264_encoder/cmake/ament_cmake_export_include_directories-extras.cmake
[165.161s] -- Installing: /workspaces/isaac_ros-dev/install/isaac_ros_h264_encoder/share/isaac_ros_h264_encoder/cmake/ament_cmake_export_libraries-extras.cmake
[165.161s] -- Installing: /workspaces/isaac_ros-dev/install/isaac_ros_h264_encoder/share/isaac_ros_h264_encoder/cmake/isaac_ros_h264_encoderConfig.cmake
[165.162s] -- Installing: /workspaces/isaac_ros-dev/install/isaac_ros_h264_encoder/share/isaac_ros_h264_encoder/cmake/isaac_ros_h264_encoderConfig-version.cmake
[165.162s] -- Installing: /workspaces/isaac_ros-dev/install/isaac_ros_h264_encoder/share/isaac_ros_h264_encoder/package.xml
[165.176s] Invoked command in '/workspaces/isaac_ros-dev/build/isaac_ros_h264_encoder' returned '0': AMENT_PREFIX_PATH=/workspaces/isaac_ros-dev/install/isaac_ros_image_proc:/workspaces/isaac_ros-dev/install/isaac_ros_nitros_image_type:/workspaces/isaac_ros-dev/install/isaac_ros_nitros_compressed_image_type:/workspaces/isaac_ros-dev/install/isaac_ros_nitros_camera_info_type:/workspaces/isaac_ros-dev/install/isaac_ros_nitros:/workspaces/isaac_ros-dev/install/isaac_ros_nitros_interfaces:/workspaces/isaac_ros-dev/install/isaac_ros_gxf:/workspaces/isaac_ros-dev/install/isaac_ros_test:/workspaces/isaac_ros-dev/install/isaac_ros_common:${AMENT_PREFIX_PATH} CMAKE_PREFIX_PATH=/workspaces/isaac_ros-dev/install/isaac_ros_image_proc:/workspaces/isaac_ros-dev/install/isaac_ros_nitros_image_type:/workspaces/isaac_ros-dev/install/isaac_ros_nitros_compressed_image_type:/workspaces/isaac_ros-dev/install/isaac_ros_nitros_camera_info_type:/workspaces/isaac_ros-dev/install/isaac_ros_nitros:/workspaces/isaac_ros-dev/install/isaac_ros_nitros_interfaces:/workspaces/isaac_ros-dev/install/isaac_ros_gxf:/workspaces/isaac_ros-dev/install/isaac_ros_common:${CMAKE_PREFIX_PATH} LD_LIBRARY_PATH=/workspaces/isaac_ros-dev/install/isaac_ros_image_proc/lib:/workspaces/isaac_ros-dev/install/isaac_ros_nitros_image_type/lib:/workspaces/isaac_ros-dev/install/isaac_ros_nitros_compressed_image_type/lib:/workspaces/isaac_ros-dev/install/isaac_ros_nitros_camera_info_type/lib:/workspaces/isaac_ros-dev/install/isaac_ros_nitros/lib:/workspaces/isaac_ros-dev/install/isaac_ros_nitros_interfaces/lib:/workspaces/isaac_ros-dev/install/isaac_ros_common/lib:/opt/ros/humble/install/opt/rviz_ogre_vendor/lib:/opt/ros/humble/install/lib:/usr/lib/aarch64-linux-gnu/tegra/weston:/usr/lib/aarch64-linux-gnu/tegra-egl:/usr/local/cuda-11.4/targets/aarch64-linux/lib:/usr/lib/aarch64-linux-gnu/tegra:/opt/nvidia/vpi2/lib64:/usr/lib/aarch64-linux-gnu-host:/opt/tritonserver/lib PYTHONPATH=/workspaces/isaac_ros-dev/install/isaac_ros_nitros_interfaces/lib/python3.8/site-packages:/workspaces/isaac_ros-dev/install/isaac_ros_test/lib/python3.8/site-packages:${PYTHONPATH} /usr/bin/cmake --install /workspaces/isaac_ros-dev/build/isaac_ros_h264_encoder
