[0.119s] Invoking command in '/workspaces/isaac_ros-dev/build/isaac_ros_nitros_detection2_d_array_type': AMENT_PREFIX_PATH=/workspaces/isaac_ros-dev/install/isaac_ros_nitros:/workspaces/isaac_ros-dev/install/isaac_ros_nitros_interfaces:/workspaces/isaac_ros-dev/install/isaac_ros_gxf:/workspaces/isaac_ros-dev/install/isaac_ros_test:/workspaces/isaac_ros-dev/install/isaac_ros_common:${AMENT_PREFIX_PATH} CMAKE_PREFIX_PATH=/workspaces/isaac_ros-dev/install/isaac_ros_nitros:/workspaces/isaac_ros-dev/install/isaac_ros_nitros_interfaces:/workspaces/isaac_ros-dev/install/isaac_ros_gxf:/workspaces/isaac_ros-dev/install/isaac_ros_common:${CMAKE_PREFIX_PATH} LD_LIBRARY_PATH=/workspaces/isaac_ros-dev/install/isaac_ros_nitros/lib:/workspaces/isaac_ros-dev/install/isaac_ros_nitros_interfaces/lib:/workspaces/isaac_ros-dev/install/isaac_ros_common/lib:${LD_LIBRARY_PATH} PYTHONPATH=/workspaces/isaac_ros-dev/install/isaac_ros_nitros_interfaces/lib/python3.8/site-packages:/workspaces/isaac_ros-dev/install/isaac_ros_test/lib/python3.8/site-packages:${PYTHONPATH} /usr/local/bin/cmake /workspaces/isaac_ros-dev/src/isaac_ros_nitros/isaac_ros_nitros_type/isaac_ros_nitros_detection2_d_array_type -DCMAKE_INSTALL_PREFIX=/workspaces/isaac_ros-dev/install/isaac_ros_nitros_detection2_d_array_type
[0.204s] -- The C compiler identification is GNU 9.4.0
[0.294s] -- The CXX compiler identification is GNU 9.4.0
[0.307s] -- Detecting C compiler ABI info
[0.390s] -- Detecting C compiler ABI info - done
[0.406s] -- Check for working C compiler: /usr/bin/cc - skipped
[0.406s] -- Detecting C compile features
[0.407s] -- Detecting C compile features - done
[0.413s] -- Detecting CXX compiler ABI info
[0.521s] -- Detecting CXX compiler ABI info - done
[0.539s] -- Check for working CXX compiler: /usr/bin/c++ - skipped
[0.540s] -- Detecting CXX compile features
[0.540s] -- Detecting CXX compile features - done
[0.544s] -- Found ament_cmake_auto: 1.3.3 (/opt/ros/humble/install/share/ament_cmake_auto/cmake)
[1.761s] -- Found Python3: /usr/bin/python3.8 (found version "3.8.10") found components: Interpreter 
[2.006s] -- Loading isaac_ros_common extras
[2.006s] -- CMAKE_BUILD_TYPE: Release
[2.024s] -- Performing Test CMAKE_HAVE_LIBC_PTHREAD
[2.113s] -- Performing Test CMAKE_HAVE_LIBC_PTHREAD - Failed
[2.114s] -- Looking for pthread_create in pthreads
[2.186s] -- Looking for pthread_create in pthreads - not found
[2.187s] -- Looking for pthread_create in pthread
[2.294s] -- Looking for pthread_create in pthread - found
[2.294s] -- Found Threads: TRUE  
[2.309s] -- Found CUDA: /usr/local/cuda (found version "11.8") 
[2.309s] -- Loading isaac_ros_common extras (modules)
[2.389s] -- Found rosidl_generator_c: 3.1.4 (/opt/ros/humble/install/share/rosidl_generator_c/cmake)
[2.400s] -- Found rosidl_adapter: 3.1.4 (/opt/ros/humble/install/share/rosidl_adapter/cmake)
[2.418s] -- Found rosidl_generator_cpp: 3.1.4 (/opt/ros/humble/install/share/rosidl_generator_cpp/cmake)
[2.445s] -- Using all available rosidl_typesupport_c: rosidl_typesupport_fastrtps_c;rosidl_typesupport_introspection_c
[2.485s] -- Using all available rosidl_typesupport_cpp: rosidl_typesupport_fastrtps_cpp;rosidl_typesupport_introspection_cpp
[2.623s] -- Found rmw_implementation_cmake: 6.1.1 (/opt/ros/humble/install/share/rmw_implementation_cmake/cmake)
[2.628s] -- Found rmw_fastrtps_cpp: 6.2.2 (/opt/ros/humble/install/share/rmw_fastrtps_cpp/cmake)
[2.784s] -- Found OpenSSL: /usr/lib/x86_64-linux-gnu/libcrypto.so (found version "1.1.1f")  
[2.817s] -- Found FastRTPS: /opt/ros/humble/install/include  
[2.883s] -- Using RMW implementation 'rmw_fastrtps_cpp' as default
[3.442s] -- Loading isaac_ros_gxf extras
[3.660s] -- Found atlas lib=/workspaces/isaac_ros-dev/install/isaac_ros_gxf/share/isaac_ros_gxf/gxf/lib/libgxf_atlas.so, include=/workspaces/isaac_ros-dev/install/isaac_ros_gxf/share/isaac_ros_gxf/gxf/include/gxf
[3.661s] -- Found cuda lib=/workspaces/isaac_ros-dev/install/isaac_ros_gxf/share/isaac_ros_gxf/gxf/lib/cuda/libgxf_cuda.so, include=/workspaces/isaac_ros-dev/install/isaac_ros_gxf/share/isaac_ros_gxf/gxf/include/gxf
[3.663s] -- Found isaac_messages lib=/workspaces/isaac_ros-dev/install/isaac_ros_gxf/share/isaac_ros_gxf/gxf/lib/libgxf_isaac_messages.so, include=/workspaces/isaac_ros-dev/install/isaac_ros_gxf/share/isaac_ros_gxf/gxf/include/gxf
[3.665s] -- Found isaac_ros_messages lib=/workspaces/isaac_ros-dev/install/isaac_ros_gxf/share/isaac_ros_gxf/gxf/lib/libgxf_isaac_ros_messages.so, include=/workspaces/isaac_ros-dev/install/isaac_ros_gxf/share/isaac_ros_gxf/gxf/include/gxf
[3.668s] -- Found multimedia lib=/workspaces/isaac_ros-dev/install/isaac_ros_gxf/share/isaac_ros_gxf/gxf/lib/multimedia/libgxf_multimedia.so, include=/workspaces/isaac_ros-dev/install/isaac_ros_gxf/share/isaac_ros_gxf/gxf/include/gxf
[3.671s] -- Found gxf_optimizer lib=/workspaces/isaac_ros-dev/install/isaac_ros_gxf/share/isaac_ros_gxf/gxf/lib/libgxf_optimizer.so, include=/workspaces/isaac_ros-dev/install/isaac_ros_gxf/share/isaac_ros_gxf/gxf/include/gxf
[3.674s] -- Found serialization lib=/workspaces/isaac_ros-dev/install/isaac_ros_gxf/share/isaac_ros_gxf/gxf/lib/serialization/libgxf_serialization.so, include=/workspaces/isaac_ros-dev/install/isaac_ros_gxf/share/isaac_ros_gxf/gxf/include/gxf
[3.675s] -- Found std lib=/workspaces/isaac_ros-dev/install/isaac_ros_gxf/share/isaac_ros_gxf/gxf/lib/std/libgxf_std.so, include=/workspaces/isaac_ros-dev/install/isaac_ros_gxf/share/isaac_ros_gxf/gxf/include/gxf
[3.678s] -- Found core lib=/workspaces/isaac_ros-dev/install/isaac_ros_gxf/share/isaac_ros_gxf/gxf/lib/core/libgxf_core.so, include=/workspaces/isaac_ros-dev/install/isaac_ros_gxf/share/isaac_ros_gxf/gxf/include/gxf
[3.680s] -- Found GXF:  (found suitable version "2.5.0", minimum required is "2.5.0") found components: core std 
[12.012s] -- Performing Test FLAG_WEXTRA
[12.777s] -- Performing Test FLAG_WEXTRA - Success
[17.125s] -- Found ament_lint_auto: 0.12.5 (/opt/ros/humble/install/share/ament_lint_auto/cmake)
[17.501s] -- Found launch_testing_ament_cmake: 1.0.4 (/opt/ros/humble/install/share/launch_testing_ament_cmake/cmake)
[17.525s] -- Found python_cmake_module: 0.10.0 (/opt/ros/humble/install/share/python_cmake_module/cmake)
[17.589s] -- Found PythonInterp: /usr/bin/python3 (found suitable version "3.8.10", minimum required is "3.6") 
[17.598s] -- Found PythonLibs: /usr/lib/x86_64-linux-gnu/libpython3.8.so (found suitable version "3.8.10", minimum required is "3.5") 
[17.599s] -- Using PYTHON_EXECUTABLE: /usr/bin/python3
[17.599s] -- Using PYTHON_INCLUDE_DIRS: /usr/include/python3.8
[17.599s] -- Using PYTHON_LIBRARIES: /usr/lib/x86_64-linux-gnu/libpython3.8.so
[17.667s] -- Found PythonExtra: .so  
[17.691s] -- Added test 'cppcheck' to perform static code analysis on C / C++ code
[17.692s] -- Configured cppcheck include dirs: /workspaces/isaac_ros-dev/src/isaac_ros_nitros/isaac_ros_nitros_type/isaac_ros_nitros_detection2_d_array_type/include;/workspaces/isaac_ros-dev/src/isaac_ros_nitros/isaac_ros_nitros_type/isaac_ros_nitros_detection2_d_array_type/include/detectnet
[17.697s] -- Configured cppcheck exclude dirs and/or files: 
[17.705s] -- Added test 'cpplint' to check C / C++ code against the Google style
[17.705s] -- Configured cpplint exclude dirs and/or files: 
[17.706s] -- Added test 'flake8' to check Python code syntax and style conventions
[17.708s] -- Added test 'lint_cmake' to check CMake code style
[17.709s] -- Added test 'pep257' to check Python code against some of the docstring style conventions in PEP 257
[17.717s] -- Added test 'uncrustify' to check C / C++ code style
[17.717s] -- Configured uncrustify additional arguments: 
[17.719s] -- Added test 'xmllint' to check XML markup files
[17.738s] -- Configuring done (17.6s)
[18.872s] -- Generating done (1.0s)
[18.906s] -- Build files have been written to: /workspaces/isaac_ros-dev/build/isaac_ros_nitros_detection2_d_array_type
[18.971s] Invoked command in '/workspaces/isaac_ros-dev/build/isaac_ros_nitros_detection2_d_array_type' returned '0': AMENT_PREFIX_PATH=/workspaces/isaac_ros-dev/install/isaac_ros_nitros:/workspaces/isaac_ros-dev/install/isaac_ros_nitros_interfaces:/workspaces/isaac_ros-dev/install/isaac_ros_gxf:/workspaces/isaac_ros-dev/install/isaac_ros_test:/workspaces/isaac_ros-dev/install/isaac_ros_common:${AMENT_PREFIX_PATH} CMAKE_PREFIX_PATH=/workspaces/isaac_ros-dev/install/isaac_ros_nitros:/workspaces/isaac_ros-dev/install/isaac_ros_nitros_interfaces:/workspaces/isaac_ros-dev/install/isaac_ros_gxf:/workspaces/isaac_ros-dev/install/isaac_ros_common:${CMAKE_PREFIX_PATH} LD_LIBRARY_PATH=/workspaces/isaac_ros-dev/install/isaac_ros_nitros/lib:/workspaces/isaac_ros-dev/install/isaac_ros_nitros_interfaces/lib:/workspaces/isaac_ros-dev/install/isaac_ros_common/lib:${LD_LIBRARY_PATH} PYTHONPATH=/workspaces/isaac_ros-dev/install/isaac_ros_nitros_interfaces/lib/python3.8/site-packages:/workspaces/isaac_ros-dev/install/isaac_ros_test/lib/python3.8/site-packages:${PYTHONPATH} /usr/local/bin/cmake /workspaces/isaac_ros-dev/src/isaac_ros_nitros/isaac_ros_nitros_type/isaac_ros_nitros_detection2_d_array_type -DCMAKE_INSTALL_PREFIX=/workspaces/isaac_ros-dev/install/isaac_ros_nitros_detection2_d_array_type
[18.973s] Invoking command in '/workspaces/isaac_ros-dev/build/isaac_ros_nitros_detection2_d_array_type': AMENT_PREFIX_PATH=/workspaces/isaac_ros-dev/install/isaac_ros_nitros:/workspaces/isaac_ros-dev/install/isaac_ros_nitros_interfaces:/workspaces/isaac_ros-dev/install/isaac_ros_gxf:/workspaces/isaac_ros-dev/install/isaac_ros_test:/workspaces/isaac_ros-dev/install/isaac_ros_common:${AMENT_PREFIX_PATH} CMAKE_PREFIX_PATH=/workspaces/isaac_ros-dev/install/isaac_ros_nitros:/workspaces/isaac_ros-dev/install/isaac_ros_nitros_interfaces:/workspaces/isaac_ros-dev/install/isaac_ros_gxf:/workspaces/isaac_ros-dev/install/isaac_ros_common:${CMAKE_PREFIX_PATH} LD_LIBRARY_PATH=/workspaces/isaac_ros-dev/install/isaac_ros_nitros/lib:/workspaces/isaac_ros-dev/install/isaac_ros_nitros_interfaces/lib:/workspaces/isaac_ros-dev/install/isaac_ros_common/lib:${LD_LIBRARY_PATH} PYTHONPATH=/workspaces/isaac_ros-dev/install/isaac_ros_nitros_interfaces/lib/python3.8/site-packages:/workspaces/isaac_ros-dev/install/isaac_ros_test/lib/python3.8/site-packages:${PYTHONPATH} /usr/local/bin/cmake --build /workspaces/isaac_ros-dev/build/isaac_ros_nitros_detection2_d_array_type -- -j16 -l16
[75.621s] [  2%] [32mBuilding CXX object _deps/yaml-cpp-build/CMakeFiles/yaml-cpp.dir/src/binary.cpp.o[0m
[75.622s] [  5%] [32mBuilding CXX object _deps/yaml-cpp-build/CMakeFiles/yaml-cpp.dir/src/null.cpp.o[0m
[75.622s] [  7%] [32mBuilding CXX object _deps/yaml-cpp-build/CMakeFiles/yaml-cpp.dir/src/ostream_wrapper.cpp.o[0m
[75.622s] [ 10%] [32mBuilding CXX object _deps/yaml-cpp-build/CMakeFiles/yaml-cpp.dir/src/parse.cpp.o[0m
[75.622s] [ 13%] [32mBuilding CXX object _deps/yaml-cpp-build/CMakeFiles/yaml-cpp.dir/src/parser.cpp.o[0m
[75.622s] [ 15%] [32mBuilding CXX object _deps/yaml-cpp-build/CMakeFiles/yaml-cpp.dir/src/regex_yaml.cpp.o[0m
[75.622s] [ 18%] [32mBuilding CXX object _deps/yaml-cpp-build/CMakeFiles/yaml-cpp.dir/src/scanner.cpp.o[0m
[75.622s] [ 21%] [32mBuilding CXX object _deps/yaml-cpp-build/CMakeFiles/yaml-cpp.dir/src/scanscalar.cpp.o[0m
[75.623s] [ 23%] [32mBuilding CXX object _deps/yaml-cpp-build/CMakeFiles/yaml-cpp.dir/src/scantag.cpp.o[0m
[75.623s] [ 26%] [32mBuilding CXX object _deps/yaml-cpp-build/CMakeFiles/yaml-cpp.dir/src/scantoken.cpp.o[0m
[75.623s] [ 28%] [32mBuilding CXX object _deps/yaml-cpp-build/CMakeFiles/yaml-cpp.dir/src/simplekey.cpp.o[0m
[75.623s] [ 31%] [32mBuilding CXX object _deps/yaml-cpp-build/CMakeFiles/yaml-cpp.dir/src/singledocparser.cpp.o[0m
[75.623s] [ 34%] [32mBuilding CXX object _deps/yaml-cpp-build/CMakeFiles/yaml-cpp.dir/src/stream.cpp.o[0m
[75.623s] [ 36%] [32mBuilding CXX object _deps/yaml-cpp-build/CMakeFiles/yaml-cpp.dir/src/tag.cpp.o[0m
[75.623s] [ 39%] [32mBuilding CXX object _deps/yaml-cpp-build/CMakeFiles/yaml-cpp.dir/src/contrib/graphbuilder.cpp.o[0m
[75.623s] [ 42%] [32mBuilding CXX object _deps/yaml-cpp-build/CMakeFiles/yaml-cpp.dir/src/contrib/graphbuilderadapter.cpp.o[0m
[75.623s] [ 44%] [32mBuilding CXX object _deps/yaml-cpp-build/CMakeFiles/yaml-cpp.dir/src/nodeevents.cpp.o[0m
[75.624s] [ 47%] [32mBuilding CXX object _deps/yaml-cpp-build/CMakeFiles/yaml-cpp.dir/src/nodebuilder.cpp.o[0m
[75.624s] [ 50%] [32mBuilding CXX object _deps/yaml-cpp-build/CMakeFiles/yaml-cpp.dir/src/node_data.cpp.o[0m
[75.624s] [ 52%] [32mBuilding CXX object _deps/yaml-cpp-build/CMakeFiles/yaml-cpp.dir/src/node.cpp.o[0m
[75.624s] [ 55%] [32mBuilding CXX object _deps/yaml-cpp-build/CMakeFiles/yaml-cpp.dir/src/memory.cpp.o[0m
[75.624s] [ 57%] [32mBuilding CXX object _deps/yaml-cpp-build/CMakeFiles/yaml-cpp.dir/src/exp.cpp.o[0m
[75.624s] [ 60%] [32mBuilding CXX object _deps/yaml-cpp-build/CMakeFiles/yaml-cpp.dir/src/exceptions.cpp.o[0m
[75.624s] [ 63%] [32mBuilding CXX object _deps/yaml-cpp-build/CMakeFiles/yaml-cpp.dir/src/emitterutils.cpp.o[0m
[75.624s] [ 65%] [32mBuilding CXX object _deps/yaml-cpp-build/CMakeFiles/yaml-cpp.dir/src/emitterstate.cpp.o[0m
[75.624s] [ 68%] [32mBuilding CXX object _deps/yaml-cpp-build/CMakeFiles/yaml-cpp.dir/src/emitter.cpp.o[0m
[75.625s] [ 71%] [32mBuilding CXX object _deps/yaml-cpp-build/CMakeFiles/yaml-cpp.dir/src/emitfromevents.cpp.o[0m
[75.625s] [ 73%] [32mBuilding CXX object _deps/yaml-cpp-build/CMakeFiles/yaml-cpp.dir/src/emit.cpp.o[0m
[75.625s] [ 76%] [32mBuilding CXX object _deps/yaml-cpp-build/CMakeFiles/yaml-cpp.dir/src/directives.cpp.o[0m
[75.625s] [ 78%] [32mBuilding CXX object _deps/yaml-cpp-build/CMakeFiles/yaml-cpp.dir/src/convert.cpp.o[0m
[75.625s] [ 81%] [32m[1mLinking CXX static library libyaml-cpp.a[0m
[75.625s] [ 81%] Built target yaml-cpp
[75.625s] [ 84%] [32mBuilding CXX object CMakeFiles/isaac_ros_nitros_detection2_d_array_type.dir/src/nitros_detection2_d_array.cpp.o[0m
[75.625s] [ 86%] [32mBuilding CXX object CMakeFiles/isaac_ros_nitros_detection2_d_array_type.dir/src/detection2_d_array_message.cpp.o[0m
[75.625s] [ 89%] [32m[1mLinking CXX shared library libisaac_ros_nitros_detection2_d_array_type.so[0m
[75.625s] [ 89%] Built target isaac_ros_nitros_detection2_d_array_type
[75.626s] [ 92%] [32mBuilding CXX object CMakeFiles/isaac_ros_nitros_detection2_d_array_forward_node.dir/test/src/nitros_detection2_d_array_forward_node.cpp.o[0m
[87.667s] [ 94%] [32m[1mLinking CXX shared library libisaac_ros_nitros_detection2_d_array_forward_node.so[0m
[87.960s] [ 94%] Built target isaac_ros_nitros_detection2_d_array_forward_node
[87.969s] [ 97%] [32mBuilding CXX object CMakeFiles/isaac_ros_nitros_detection2_d_array_test_ext.dir/test/src/detection2_d_test_ext.cpp.o[0m
[89.207s] [100%] [32m[1mLinking CXX shared library libisaac_ros_nitros_detection2_d_array_test_ext.so[0m
[89.340s] [100%] Built target isaac_ros_nitros_detection2_d_array_test_ext
[89.353s] Invoked command in '/workspaces/isaac_ros-dev/build/isaac_ros_nitros_detection2_d_array_type' returned '0': AMENT_PREFIX_PATH=/workspaces/isaac_ros-dev/install/isaac_ros_nitros:/workspaces/isaac_ros-dev/install/isaac_ros_nitros_interfaces:/workspaces/isaac_ros-dev/install/isaac_ros_gxf:/workspaces/isaac_ros-dev/install/isaac_ros_test:/workspaces/isaac_ros-dev/install/isaac_ros_common:${AMENT_PREFIX_PATH} CMAKE_PREFIX_PATH=/workspaces/isaac_ros-dev/install/isaac_ros_nitros:/workspaces/isaac_ros-dev/install/isaac_ros_nitros_interfaces:/workspaces/isaac_ros-dev/install/isaac_ros_gxf:/workspaces/isaac_ros-dev/install/isaac_ros_common:${CMAKE_PREFIX_PATH} LD_LIBRARY_PATH=/workspaces/isaac_ros-dev/install/isaac_ros_nitros/lib:/workspaces/isaac_ros-dev/install/isaac_ros_nitros_interfaces/lib:/workspaces/isaac_ros-dev/install/isaac_ros_common/lib:${LD_LIBRARY_PATH} PYTHONPATH=/workspaces/isaac_ros-dev/install/isaac_ros_nitros_interfaces/lib/python3.8/site-packages:/workspaces/isaac_ros-dev/install/isaac_ros_test/lib/python3.8/site-packages:${PYTHONPATH} /usr/local/bin/cmake --build /workspaces/isaac_ros-dev/build/isaac_ros_nitros_detection2_d_array_type -- -j16 -l16
[89.408s] Invoking command in '/workspaces/isaac_ros-dev/build/isaac_ros_nitros_detection2_d_array_type': AMENT_PREFIX_PATH=/workspaces/isaac_ros-dev/install/isaac_ros_nitros:/workspaces/isaac_ros-dev/install/isaac_ros_nitros_interfaces:/workspaces/isaac_ros-dev/install/isaac_ros_gxf:/workspaces/isaac_ros-dev/install/isaac_ros_test:/workspaces/isaac_ros-dev/install/isaac_ros_common:${AMENT_PREFIX_PATH} CMAKE_PREFIX_PATH=/workspaces/isaac_ros-dev/install/isaac_ros_nitros:/workspaces/isaac_ros-dev/install/isaac_ros_nitros_interfaces:/workspaces/isaac_ros-dev/install/isaac_ros_gxf:/workspaces/isaac_ros-dev/install/isaac_ros_common:${CMAKE_PREFIX_PATH} LD_LIBRARY_PATH=/workspaces/isaac_ros-dev/install/isaac_ros_nitros/lib:/workspaces/isaac_ros-dev/install/isaac_ros_nitros_interfaces/lib:/workspaces/isaac_ros-dev/install/isaac_ros_common/lib:${LD_LIBRARY_PATH} PYTHONPATH=/workspaces/isaac_ros-dev/install/isaac_ros_nitros_interfaces/lib/python3.8/site-packages:/workspaces/isaac_ros-dev/install/isaac_ros_test/lib/python3.8/site-packages:${PYTHONPATH} /usr/local/bin/cmake --install /workspaces/isaac_ros-dev/build/isaac_ros_nitros_detection2_d_array_type
[89.429s] -- Install configuration: "Release"
[89.429s] -- Installing: /workspaces/isaac_ros-dev/install/isaac_ros_nitros_detection2_d_array_type/lib/libyaml-cpp.a
[89.431s] -- Installing: /workspaces/isaac_ros-dev/install/isaac_ros_nitros_detection2_d_array_type/include/yaml-cpp
[89.431s] -- Installing: /workspaces/isaac_ros-dev/install/isaac_ros_nitros_detection2_d_array_type/include/yaml-cpp/mark.h
[89.431s] -- Installing: /workspaces/isaac_ros-dev/install/isaac_ros_nitros_detection2_d_array_type/include/yaml-cpp/emittermanip.h
[89.431s] -- Installing: /workspaces/isaac_ros-dev/install/isaac_ros_nitros_detection2_d_array_type/include/yaml-cpp/emitter.h
[89.431s] -- Installing: /workspaces/isaac_ros-dev/install/isaac_ros_nitros_detection2_d_array_type/include/yaml-cpp/exceptions.h
[89.431s] -- Installing: /workspaces/isaac_ros-dev/install/isaac_ros_nitros_detection2_d_array_type/include/yaml-cpp/traits.h
[89.431s] -- Installing: /workspaces/isaac_ros-dev/install/isaac_ros_nitros_detection2_d_array_type/include/yaml-cpp/eventhandler.h
[89.431s] -- Installing: /workspaces/isaac_ros-dev/install/isaac_ros_nitros_detection2_d_array_type/include/yaml-cpp/parser.h
[89.431s] -- Installing: /workspaces/isaac_ros-dev/install/isaac_ros_nitros_detection2_d_array_type/include/yaml-cpp/dll.h
[89.431s] -- Installing: /workspaces/isaac_ros-dev/install/isaac_ros_nitros_detection2_d_array_type/include/yaml-cpp/null.h
[89.432s] -- Installing: /workspaces/isaac_ros-dev/install/isaac_ros_nitros_detection2_d_array_type/include/yaml-cpp/contrib
[89.432s] -- Installing: /workspaces/isaac_ros-dev/install/isaac_ros_nitros_detection2_d_array_type/include/yaml-cpp/contrib/graphbuilder.h
[89.432s] -- Installing: /workspaces/isaac_ros-dev/install/isaac_ros_nitros_detection2_d_array_type/include/yaml-cpp/contrib/anchordict.h
[89.432s] -- Installing: /workspaces/isaac_ros-dev/install/isaac_ros_nitros_detection2_d_array_type/include/yaml-cpp/emitterdef.h
[89.432s] -- Installing: /workspaces/isaac_ros-dev/install/isaac_ros_nitros_detection2_d_array_type/include/yaml-cpp/anchor.h
[89.432s] -- Installing: /workspaces/isaac_ros-dev/install/isaac_ros_nitros_detection2_d_array_type/include/yaml-cpp/emitfromevents.h
[89.432s] -- Installing: /workspaces/isaac_ros-dev/install/isaac_ros_nitros_detection2_d_array_type/include/yaml-cpp/emitterstyle.h
[89.433s] -- Installing: /workspaces/isaac_ros-dev/install/isaac_ros_nitros_detection2_d_array_type/include/yaml-cpp/node
[89.433s] -- Installing: /workspaces/isaac_ros-dev/install/isaac_ros_nitros_detection2_d_array_type/include/yaml-cpp/node/impl.h
[89.433s] -- Installing: /workspaces/isaac_ros-dev/install/isaac_ros_nitros_detection2_d_array_type/include/yaml-cpp/node/parse.h
[89.433s] -- Installing: /workspaces/isaac_ros-dev/install/isaac_ros_nitros_detection2_d_array_type/include/yaml-cpp/node/detail
[89.433s] -- Installing: /workspaces/isaac_ros-dev/install/isaac_ros_nitros_detection2_d_array_type/include/yaml-cpp/node/detail/node_data.h
[89.433s] -- Installing: /workspaces/isaac_ros-dev/install/isaac_ros_nitros_detection2_d_array_type/include/yaml-cpp/node/detail/impl.h
[89.433s] -- Installing: /workspaces/isaac_ros-dev/install/isaac_ros_nitros_detection2_d_array_type/include/yaml-cpp/node/detail/node_iterator.h
[89.433s] -- Installing: /workspaces/isaac_ros-dev/install/isaac_ros_nitros_detection2_d_array_type/include/yaml-cpp/node/detail/memory.h
[89.433s] -- Installing: /workspaces/isaac_ros-dev/install/isaac_ros_nitros_detection2_d_array_type/include/yaml-cpp/node/detail/iterator.h
[89.433s] -- Installing: /workspaces/isaac_ros-dev/install/isaac_ros_nitros_detection2_d_array_type/include/yaml-cpp/node/detail/iterator_fwd.h
[89.433s] -- Installing: /workspaces/isaac_ros-dev/install/isaac_ros_nitros_detection2_d_array_type/include/yaml-cpp/node/detail/node.h
[89.433s] -- Installing: /workspaces/isaac_ros-dev/install/isaac_ros_nitros_detection2_d_array_type/include/yaml-cpp/node/detail/bool_type.h
[89.433s] -- Installing: /workspaces/isaac_ros-dev/install/isaac_ros_nitros_detection2_d_array_type/include/yaml-cpp/node/detail/node_ref.h
[89.433s] -- Installing: /workspaces/isaac_ros-dev/install/isaac_ros_nitros_detection2_d_array_type/include/yaml-cpp/node/convert.h
[89.434s] -- Installing: /workspaces/isaac_ros-dev/install/isaac_ros_nitros_detection2_d_array_type/include/yaml-cpp/node/iterator.h
[89.434s] -- Installing: /workspaces/isaac_ros-dev/install/isaac_ros_nitros_detection2_d_array_type/include/yaml-cpp/node/type.h
[89.434s] -- Installing: /workspaces/isaac_ros-dev/install/isaac_ros_nitros_detection2_d_array_type/include/yaml-cpp/node/node.h
[89.434s] -- Installing: /workspaces/isaac_ros-dev/install/isaac_ros_nitros_detection2_d_array_type/include/yaml-cpp/node/emit.h
[89.434s] -- Installing: /workspaces/isaac_ros-dev/install/isaac_ros_nitros_detection2_d_array_type/include/yaml-cpp/node/ptr.h
[89.434s] -- Installing: /workspaces/isaac_ros-dev/install/isaac_ros_nitros_detection2_d_array_type/include/yaml-cpp/ostream_wrapper.h
[89.434s] -- Installing: /workspaces/isaac_ros-dev/install/isaac_ros_nitros_detection2_d_array_type/include/yaml-cpp/stlemitter.h
[89.434s] -- Installing: /workspaces/isaac_ros-dev/install/isaac_ros_nitros_detection2_d_array_type/include/yaml-cpp/binary.h
[89.434s] -- Installing: /workspaces/isaac_ros-dev/install/isaac_ros_nitros_detection2_d_array_type/include/yaml-cpp/yaml.h
[89.434s] -- Installing: /workspaces/isaac_ros-dev/install/isaac_ros_nitros_detection2_d_array_type/lib/cmake/yaml-cpp/yaml-cpp-config.cmake
[89.434s] -- Installing: /workspaces/isaac_ros-dev/install/isaac_ros_nitros_detection2_d_array_type/lib/cmake/yaml-cpp/yaml-cpp-config-version.cmake
[89.434s] -- Installing: /workspaces/isaac_ros-dev/install/isaac_ros_nitros_detection2_d_array_type/lib/cmake/yaml-cpp/yaml-cpp-targets.cmake
[89.435s] -- Installing: /workspaces/isaac_ros-dev/install/isaac_ros_nitros_detection2_d_array_type/lib/cmake/yaml-cpp/yaml-cpp-targets-release.cmake
[89.435s] -- Installing: /workspaces/isaac_ros-dev/install/isaac_ros_nitros_detection2_d_array_type/lib/pkgconfig/yaml-cpp.pc
[89.435s] -- Installing: /workspaces/isaac_ros-dev/install/isaac_ros_nitros_detection2_d_array_type/share/isaac_ros_nitros_detection2_d_array_type/gxf/lib/detection2_d/libisaac_ros_nitros_detection2_d_array_type.so
[89.435s] -- Set runtime path of "/workspaces/isaac_ros-dev/install/isaac_ros_nitros_detection2_d_array_type/share/isaac_ros_nitros_detection2_d_array_type/gxf/lib/detection2_d/libisaac_ros_nitros_detection2_d_array_type.so" to "/usr/local/cuda/lib64:/opt/ros/humble/install/lib:/workspaces/isaac_ros-dev/install/isaac_ros_common/lib:/workspaces/isaac_ros-dev/install/isaac_ros_nitros_interfaces/lib:/workspaces/isaac_ros-dev/install/isaac_ros_nitros/lib:/workspaces/isaac_ros-dev/install/isaac_ros_gxf/share/isaac_ros_gxf/gxf/lib/core"
[89.435s] -- Installing: /workspaces/isaac_ros-dev/install/isaac_ros_nitros_detection2_d_array_type/share/isaac_ros_nitros_detection2_d_array_type/test/config
[89.436s] -- Installing: /workspaces/isaac_ros-dev/install/isaac_ros_nitros_detection2_d_array_type/share/isaac_ros_nitros_detection2_d_array_type/test/config/test_forward_node.yaml
[89.436s] -- Installing: /workspaces/isaac_ros-dev/install/isaac_ros_nitros_detection2_d_array_type/share/isaac_ros_nitros_detection2_d_array_type/gxf/lib/detection2_d/test/libisaac_ros_nitros_detection2_d_array_test_ext.so
[89.436s] -- Set runtime path of "/workspaces/isaac_ros-dev/install/isaac_ros_nitros_detection2_d_array_type/share/isaac_ros_nitros_detection2_d_array_type/gxf/lib/detection2_d/test/libisaac_ros_nitros_detection2_d_array_test_ext.so" to ""
[89.436s] -- Up-to-date: /workspaces/isaac_ros-dev/install/isaac_ros_nitros_detection2_d_array_type/include
[89.436s] -- Installing: /workspaces/isaac_ros-dev/install/isaac_ros_nitros_detection2_d_array_type/include/detectnet
[89.436s] -- Installing: /workspaces/isaac_ros-dev/install/isaac_ros_nitros_detection2_d_array_type/include/detectnet/detection2_d_array_message.hpp
[89.436s] -- Installing: /workspaces/isaac_ros-dev/install/isaac_ros_nitros_detection2_d_array_type/include/detectnet/detection2_d.hpp
[89.436s] -- Installing: /workspaces/isaac_ros-dev/install/isaac_ros_nitros_detection2_d_array_type/include/isaac_ros_nitros_detection2_d_array_type
[89.436s] -- Installing: /workspaces/isaac_ros-dev/install/isaac_ros_nitros_detection2_d_array_type/include/isaac_ros_nitros_detection2_d_array_type/nitros_detection2_d_array.hpp
[89.436s] -- Installing: /workspaces/isaac_ros-dev/install/isaac_ros_nitros_detection2_d_array_type/share/isaac_ros_nitros_detection2_d_array_type/environment/library_path.sh
[89.437s] -- Installing: /workspaces/isaac_ros-dev/install/isaac_ros_nitros_detection2_d_array_type/share/isaac_ros_nitros_detection2_d_array_type/environment/library_path.dsv
[89.437s] -- Installing: /workspaces/isaac_ros-dev/install/isaac_ros_nitros_detection2_d_array_type/lib/libisaac_ros_nitros_detection2_d_array_type.so
[89.437s] -- Set runtime path of "/workspaces/isaac_ros-dev/install/isaac_ros_nitros_detection2_d_array_type/lib/libisaac_ros_nitros_detection2_d_array_type.so" to "/usr/local/cuda/lib64:/opt/ros/humble/install/lib:/workspaces/isaac_ros-dev/install/isaac_ros_common/lib:/workspaces/isaac_ros-dev/install/isaac_ros_nitros_interfaces/lib:/workspaces/isaac_ros-dev/install/isaac_ros_nitros/lib:/workspaces/isaac_ros-dev/install/isaac_ros_gxf/share/isaac_ros_gxf/gxf/lib/core"
[89.437s] -- Installing: /workspaces/isaac_ros-dev/install/isaac_ros_nitros_detection2_d_array_type/lib/libisaac_ros_nitros_detection2_d_array_forward_node.so
[89.438s] -- Set runtime path of "/workspaces/isaac_ros-dev/install/isaac_ros_nitros_detection2_d_array_type/lib/libisaac_ros_nitros_detection2_d_array_forward_node.so" to "/usr/local/cuda/lib64:/opt/ros/humble/install/lib:/workspaces/isaac_ros-dev/install/isaac_ros_common/lib:/workspaces/isaac_ros-dev/install/isaac_ros_nitros_interfaces/lib:/workspaces/isaac_ros-dev/install/isaac_ros_nitros/lib:/workspaces/isaac_ros-dev/install/isaac_ros_gxf/share/isaac_ros_gxf/gxf/lib/std:/workspaces/isaac_ros-dev/install/isaac_ros_gxf/share/isaac_ros_gxf/gxf/lib/core"
[89.438s] -- Installing: /workspaces/isaac_ros-dev/install/isaac_ros_nitros_detection2_d_array_type/lib/libisaac_ros_nitros_detection2_d_array_test_ext.so
[89.438s] -- Set runtime path of "/workspaces/isaac_ros-dev/install/isaac_ros_nitros_detection2_d_array_type/lib/libisaac_ros_nitros_detection2_d_array_test_ext.so" to ""
[89.439s] -- Installing: /workspaces/isaac_ros-dev/install/isaac_ros_nitros_detection2_d_array_type/share/ament_index/resource_index/package_run_dependencies/isaac_ros_nitros_detection2_d_array_type
[89.439s] -- Installing: /workspaces/isaac_ros-dev/install/isaac_ros_nitros_detection2_d_array_type/share/ament_index/resource_index/parent_prefix_path/isaac_ros_nitros_detection2_d_array_type
[89.439s] -- Installing: /workspaces/isaac_ros-dev/install/isaac_ros_nitros_detection2_d_array_type/share/isaac_ros_nitros_detection2_d_array_type/environment/ament_prefix_path.sh
[89.440s] -- Installing: /workspaces/isaac_ros-dev/install/isaac_ros_nitros_detection2_d_array_type/share/isaac_ros_nitros_detection2_d_array_type/environment/ament_prefix_path.dsv
[89.440s] -- Installing: /workspaces/isaac_ros-dev/install/isaac_ros_nitros_detection2_d_array_type/share/isaac_ros_nitros_detection2_d_array_type/environment/path.sh
[89.440s] -- Installing: /workspaces/isaac_ros-dev/install/isaac_ros_nitros_detection2_d_array_type/share/isaac_ros_nitros_detection2_d_array_type/environment/path.dsv
[89.440s] -- Installing: /workspaces/isaac_ros-dev/install/isaac_ros_nitros_detection2_d_array_type/share/isaac_ros_nitros_detection2_d_array_type/local_setup.bash
[89.440s] -- Installing: /workspaces/isaac_ros-dev/install/isaac_ros_nitros_detection2_d_array_type/share/isaac_ros_nitros_detection2_d_array_type/local_setup.sh
[89.440s] -- Installing: /workspaces/isaac_ros-dev/install/isaac_ros_nitros_detection2_d_array_type/share/isaac_ros_nitros_detection2_d_array_type/local_setup.zsh
[89.440s] -- Installing: /workspaces/isaac_ros-dev/install/isaac_ros_nitros_detection2_d_array_type/share/isaac_ros_nitros_detection2_d_array_type/local_setup.dsv
[89.441s] -- Installing: /workspaces/isaac_ros-dev/install/isaac_ros_nitros_detection2_d_array_type/share/isaac_ros_nitros_detection2_d_array_type/package.dsv
[89.441s] -- Installing: /workspaces/isaac_ros-dev/install/isaac_ros_nitros_detection2_d_array_type/share/ament_index/resource_index/packages/isaac_ros_nitros_detection2_d_array_type
[89.441s] -- Installing: /workspaces/isaac_ros-dev/install/isaac_ros_nitros_detection2_d_array_type/share/ament_index/resource_index/rclcpp_components/isaac_ros_nitros_detection2_d_array_type
[89.441s] -- Installing: /workspaces/isaac_ros-dev/install/isaac_ros_nitros_detection2_d_array_type/share/isaac_ros_nitros_detection2_d_array_type/cmake/ament_cmake_export_include_directories-extras.cmake
[89.441s] -- Installing: /workspaces/isaac_ros-dev/install/isaac_ros_nitros_detection2_d_array_type/share/isaac_ros_nitros_detection2_d_array_type/cmake/ament_cmake_export_dependencies-extras.cmake
[89.442s] -- Installing: /workspaces/isaac_ros-dev/install/isaac_ros_nitros_detection2_d_array_type/share/isaac_ros_nitros_detection2_d_array_type/cmake/ament_cmake_export_libraries-extras.cmake
[89.442s] -- Installing: /workspaces/isaac_ros-dev/install/isaac_ros_nitros_detection2_d_array_type/share/isaac_ros_nitros_detection2_d_array_type/cmake/isaac_ros_nitros_detection2_d_array_typeConfig.cmake
[89.442s] -- Installing: /workspaces/isaac_ros-dev/install/isaac_ros_nitros_detection2_d_array_type/share/isaac_ros_nitros_detection2_d_array_type/cmake/isaac_ros_nitros_detection2_d_array_typeConfig-version.cmake
[89.442s] -- Installing: /workspaces/isaac_ros-dev/install/isaac_ros_nitros_detection2_d_array_type/share/isaac_ros_nitros_detection2_d_array_type/package.xml
[89.447s] Invoked command in '/workspaces/isaac_ros-dev/build/isaac_ros_nitros_detection2_d_array_type' returned '0': AMENT_PREFIX_PATH=/workspaces/isaac_ros-dev/install/isaac_ros_nitros:/workspaces/isaac_ros-dev/install/isaac_ros_nitros_interfaces:/workspaces/isaac_ros-dev/install/isaac_ros_gxf:/workspaces/isaac_ros-dev/install/isaac_ros_test:/workspaces/isaac_ros-dev/install/isaac_ros_common:${AMENT_PREFIX_PATH} CMAKE_PREFIX_PATH=/workspaces/isaac_ros-dev/install/isaac_ros_nitros:/workspaces/isaac_ros-dev/install/isaac_ros_nitros_interfaces:/workspaces/isaac_ros-dev/install/isaac_ros_gxf:/workspaces/isaac_ros-dev/install/isaac_ros_common:${CMAKE_PREFIX_PATH} LD_LIBRARY_PATH=/workspaces/isaac_ros-dev/install/isaac_ros_nitros/lib:/workspaces/isaac_ros-dev/install/isaac_ros_nitros_interfaces/lib:/workspaces/isaac_ros-dev/install/isaac_ros_common/lib:${LD_LIBRARY_PATH} PYTHONPATH=/workspaces/isaac_ros-dev/install/isaac_ros_nitros_interfaces/lib/python3.8/site-packages:/workspaces/isaac_ros-dev/install/isaac_ros_test/lib/python3.8/site-packages:${PYTHONPATH} /usr/local/bin/cmake --install /workspaces/isaac_ros-dev/build/isaac_ros_nitros_detection2_d_array_type
