[0.096s] Invoking command in '/workspaces/isaac_ros-dev/build/isaac_ros_nitros_pose_array_type': AMENT_PREFIX_PATH=/workspaces/isaac_ros-dev/install/isaac_ros_nitros:/workspaces/isaac_ros-dev/install/isaac_ros_nitros_interfaces:/workspaces/isaac_ros-dev/install/isaac_ros_gxf:/workspaces/isaac_ros-dev/install/isaac_ros_test:/workspaces/isaac_ros-dev/install/isaac_ros_common:${AMENT_PREFIX_PATH} CMAKE_PREFIX_PATH=/workspaces/isaac_ros-dev/install/isaac_ros_nitros:/workspaces/isaac_ros-dev/install/isaac_ros_nitros_interfaces:/workspaces/isaac_ros-dev/install/isaac_ros_gxf:/workspaces/isaac_ros-dev/install/isaac_ros_common:${CMAKE_PREFIX_PATH} LD_LIBRARY_PATH=/workspaces/isaac_ros-dev/install/isaac_ros_nitros/lib:/workspaces/isaac_ros-dev/install/isaac_ros_nitros_interfaces/lib:/workspaces/isaac_ros-dev/install/isaac_ros_common/lib:${LD_LIBRARY_PATH} PYTHONPATH=/workspaces/isaac_ros-dev/install/isaac_ros_nitros_interfaces/lib/python3.8/site-packages:/workspaces/isaac_ros-dev/install/isaac_ros_test/lib/python3.8/site-packages:${PYTHONPATH} /usr/local/bin/cmake /workspaces/isaac_ros-dev/src/isaac_ros_nitros/isaac_ros_nitros_type/isaac_ros_nitros_pose_array_type -DCMAKE_INSTALL_PREFIX=/workspaces/isaac_ros-dev/install/isaac_ros_nitros_pose_array_type
[6.306s] -- The C compiler identification is GNU 9.4.0
[6.306s] -- The CXX compiler identification is GNU 9.4.0
[6.306s] -- Detecting C compiler ABI info
[6.306s] -- Detecting C compiler ABI info - done
[6.306s] -- Check for working C compiler: /usr/bin/cc - skipped
[6.306s] -- Detecting C compile features
[6.306s] -- Detecting C compile features - done
[6.306s] -- Detecting CXX compiler ABI info
[6.306s] -- Detecting CXX compiler ABI info - done
[6.307s] -- Check for working CXX compiler: /usr/bin/c++ - skipped
[6.307s] -- Detecting CXX compile features
[6.307s] -- Detecting CXX compile features - done
[6.307s] -- Found ament_cmake_auto: 1.3.3 (/opt/ros/humble/install/share/ament_cmake_auto/cmake)
[6.307s] -- Found Python3: /usr/bin/python3.8 (found version "3.8.10") found components: Interpreter 
[6.307s] -- Loading isaac_ros_common extras
[6.307s] -- CMAKE_BUILD_TYPE: Release
[6.307s] -- Performing Test CMAKE_HAVE_LIBC_PTHREAD
[6.307s] -- Performing Test CMAKE_HAVE_LIBC_PTHREAD - Failed
[6.307s] -- Looking for pthread_create in pthreads
[6.308s] -- Looking for pthread_create in pthreads - not found
[6.308s] -- Looking for pthread_create in pthread
[6.308s] -- Looking for pthread_create in pthread - found
[6.308s] -- Found Threads: TRUE  
[6.308s] -- Found CUDA: /usr/local/cuda (found version "11.8") 
[6.308s] -- Loading isaac_ros_common extras (modules)
[6.308s] -- Found rosidl_generator_c: 3.1.4 (/opt/ros/humble/install/share/rosidl_generator_c/cmake)
[6.308s] -- Found rosidl_adapter: 3.1.4 (/opt/ros/humble/install/share/rosidl_adapter/cmake)
[6.308s] -- Found rosidl_generator_cpp: 3.1.4 (/opt/ros/humble/install/share/rosidl_generator_cpp/cmake)
[6.308s] -- Using all available rosidl_typesupport_c: rosidl_typesupport_fastrtps_c;rosidl_typesupport_introspection_c
[6.308s] -- Using all available rosidl_typesupport_cpp: rosidl_typesupport_fastrtps_cpp;rosidl_typesupport_introspection_cpp
[6.308s] -- Found rmw_implementation_cmake: 6.1.1 (/opt/ros/humble/install/share/rmw_implementation_cmake/cmake)
[6.308s] -- Found rmw_fastrtps_cpp: 6.2.2 (/opt/ros/humble/install/share/rmw_fastrtps_cpp/cmake)
[6.309s] -- Found OpenSSL: /usr/lib/x86_64-linux-gnu/libcrypto.so (found version "1.1.1f")  
[6.309s] -- Found FastRTPS: /opt/ros/humble/install/include  
[6.309s] -- Using RMW implementation 'rmw_fastrtps_cpp' as default
[6.309s] -- Loading isaac_ros_gxf extras
[6.309s] -- Found atlas lib=/workspaces/isaac_ros-dev/install/isaac_ros_gxf/share/isaac_ros_gxf/gxf/lib/libgxf_atlas.so, include=/workspaces/isaac_ros-dev/install/isaac_ros_gxf/share/isaac_ros_gxf/gxf/include/gxf
[6.309s] -- Found cuda lib=/workspaces/isaac_ros-dev/install/isaac_ros_gxf/share/isaac_ros_gxf/gxf/lib/cuda/libgxf_cuda.so, include=/workspaces/isaac_ros-dev/install/isaac_ros_gxf/share/isaac_ros_gxf/gxf/include/gxf
[6.309s] -- Found isaac_messages lib=/workspaces/isaac_ros-dev/install/isaac_ros_gxf/share/isaac_ros_gxf/gxf/lib/libgxf_isaac_messages.so, include=/workspaces/isaac_ros-dev/install/isaac_ros_gxf/share/isaac_ros_gxf/gxf/include/gxf
[6.310s] -- Found isaac_ros_messages lib=/workspaces/isaac_ros-dev/install/isaac_ros_gxf/share/isaac_ros_gxf/gxf/lib/libgxf_isaac_ros_messages.so, include=/workspaces/isaac_ros-dev/install/isaac_ros_gxf/share/isaac_ros_gxf/gxf/include/gxf
[6.312s] -- Found multimedia lib=/workspaces/isaac_ros-dev/install/isaac_ros_gxf/share/isaac_ros_gxf/gxf/lib/multimedia/libgxf_multimedia.so, include=/workspaces/isaac_ros-dev/install/isaac_ros_gxf/share/isaac_ros_gxf/gxf/include/gxf
[6.313s] -- Found gxf_optimizer lib=/workspaces/isaac_ros-dev/install/isaac_ros_gxf/share/isaac_ros_gxf/gxf/lib/libgxf_optimizer.so, include=/workspaces/isaac_ros-dev/install/isaac_ros_gxf/share/isaac_ros_gxf/gxf/include/gxf
[6.313s] -- Found serialization lib=/workspaces/isaac_ros-dev/install/isaac_ros_gxf/share/isaac_ros_gxf/gxf/lib/serialization/libgxf_serialization.so, include=/workspaces/isaac_ros-dev/install/isaac_ros_gxf/share/isaac_ros_gxf/gxf/include/gxf
[6.313s] -- Found std lib=/workspaces/isaac_ros-dev/install/isaac_ros_gxf/share/isaac_ros_gxf/gxf/lib/std/libgxf_std.so, include=/workspaces/isaac_ros-dev/install/isaac_ros_gxf/share/isaac_ros_gxf/gxf/include/gxf
[6.313s] -- Found core lib=/workspaces/isaac_ros-dev/install/isaac_ros_gxf/share/isaac_ros_gxf/gxf/lib/core/libgxf_core.so, include=/workspaces/isaac_ros-dev/install/isaac_ros_gxf/share/isaac_ros_gxf/gxf/include/gxf
[6.313s] -- Found GXF:  (found suitable version "2.5.0", minimum required is "2.5.0") found components: core std 
[8.827s] -- Performing Test FLAG_WEXTRA
[9.278s] -- Performing Test FLAG_WEXTRA - Success
[10.048s] -- Found ament_lint_auto: 0.12.5 (/opt/ros/humble/install/share/ament_lint_auto/cmake)
[10.278s] -- Found launch_testing_ament_cmake: 1.0.4 (/opt/ros/humble/install/share/launch_testing_ament_cmake/cmake)
[10.286s] -- Found python_cmake_module: 0.10.0 (/opt/ros/humble/install/share/python_cmake_module/cmake)
[10.472s] -- Found PythonInterp: /usr/bin/python3 (found suitable version "3.8.10", minimum required is "3.6") 
[10.481s] -- Found PythonLibs: /usr/lib/x86_64-linux-gnu/libpython3.8.so (found suitable version "3.8.10", minimum required is "3.5") 
[10.482s] -- Using PYTHON_EXECUTABLE: /usr/bin/python3
[10.482s] -- Using PYTHON_INCLUDE_DIRS: /usr/include/python3.8
[10.482s] -- Using PYTHON_LIBRARIES: /usr/lib/x86_64-linux-gnu/libpython3.8.so
[10.720s] -- Found PythonExtra: .so  
[10.738s] -- Added test 'cppcheck' to perform static code analysis on C / C++ code
[10.738s] -- Configured cppcheck include dirs: /workspaces/isaac_ros-dev/src/isaac_ros_nitros/isaac_ros_nitros_type/isaac_ros_nitros_pose_array_type/include
[10.745s] -- Configured cppcheck exclude dirs and/or files: 
[10.748s] -- Added test 'cpplint' to check C / C++ code against the Google style
[10.748s] -- Configured cpplint exclude dirs and/or files: 
[10.749s] -- Added test 'flake8' to check Python code syntax and style conventions
[10.750s] -- Added test 'lint_cmake' to check CMake code style
[10.751s] -- Added test 'pep257' to check Python code against some of the docstring style conventions in PEP 257
[10.753s] -- Added test 'uncrustify' to check C / C++ code style
[10.753s] -- Configured uncrustify additional arguments: 
[10.771s] -- Added test 'xmllint' to check XML markup files
[10.776s] -- Configuring done (10.6s)
[11.065s] -- Generating done (0.2s)
[11.075s] -- Build files have been written to: /workspaces/isaac_ros-dev/build/isaac_ros_nitros_pose_array_type
[11.137s] Invoked command in '/workspaces/isaac_ros-dev/build/isaac_ros_nitros_pose_array_type' returned '0': AMENT_PREFIX_PATH=/workspaces/isaac_ros-dev/install/isaac_ros_nitros:/workspaces/isaac_ros-dev/install/isaac_ros_nitros_interfaces:/workspaces/isaac_ros-dev/install/isaac_ros_gxf:/workspaces/isaac_ros-dev/install/isaac_ros_test:/workspaces/isaac_ros-dev/install/isaac_ros_common:${AMENT_PREFIX_PATH} CMAKE_PREFIX_PATH=/workspaces/isaac_ros-dev/install/isaac_ros_nitros:/workspaces/isaac_ros-dev/install/isaac_ros_nitros_interfaces:/workspaces/isaac_ros-dev/install/isaac_ros_gxf:/workspaces/isaac_ros-dev/install/isaac_ros_common:${CMAKE_PREFIX_PATH} LD_LIBRARY_PATH=/workspaces/isaac_ros-dev/install/isaac_ros_nitros/lib:/workspaces/isaac_ros-dev/install/isaac_ros_nitros_interfaces/lib:/workspaces/isaac_ros-dev/install/isaac_ros_common/lib:${LD_LIBRARY_PATH} PYTHONPATH=/workspaces/isaac_ros-dev/install/isaac_ros_nitros_interfaces/lib/python3.8/site-packages:/workspaces/isaac_ros-dev/install/isaac_ros_test/lib/python3.8/site-packages:${PYTHONPATH} /usr/local/bin/cmake /workspaces/isaac_ros-dev/src/isaac_ros_nitros/isaac_ros_nitros_type/isaac_ros_nitros_pose_array_type -DCMAKE_INSTALL_PREFIX=/workspaces/isaac_ros-dev/install/isaac_ros_nitros_pose_array_type
[11.138s] Invoking command in '/workspaces/isaac_ros-dev/build/isaac_ros_nitros_pose_array_type': AMENT_PREFIX_PATH=/workspaces/isaac_ros-dev/install/isaac_ros_nitros:/workspaces/isaac_ros-dev/install/isaac_ros_nitros_interfaces:/workspaces/isaac_ros-dev/install/isaac_ros_gxf:/workspaces/isaac_ros-dev/install/isaac_ros_test:/workspaces/isaac_ros-dev/install/isaac_ros_common:${AMENT_PREFIX_PATH} CMAKE_PREFIX_PATH=/workspaces/isaac_ros-dev/install/isaac_ros_nitros:/workspaces/isaac_ros-dev/install/isaac_ros_nitros_interfaces:/workspaces/isaac_ros-dev/install/isaac_ros_gxf:/workspaces/isaac_ros-dev/install/isaac_ros_common:${CMAKE_PREFIX_PATH} LD_LIBRARY_PATH=/workspaces/isaac_ros-dev/install/isaac_ros_nitros/lib:/workspaces/isaac_ros-dev/install/isaac_ros_nitros_interfaces/lib:/workspaces/isaac_ros-dev/install/isaac_ros_common/lib:${LD_LIBRARY_PATH} PYTHONPATH=/workspaces/isaac_ros-dev/install/isaac_ros_nitros_interfaces/lib/python3.8/site-packages:/workspaces/isaac_ros-dev/install/isaac_ros_test/lib/python3.8/site-packages:${PYTHONPATH} /usr/local/bin/cmake --build /workspaces/isaac_ros-dev/build/isaac_ros_nitros_pose_array_type -- -j16 -l16
[12.166s] [  2%] [32mBuilding CXX object _deps/yaml-cpp-build/CMakeFiles/yaml-cpp.dir/src/binary.cpp.o[0m
[12.166s] [  5%] [32mBuilding CXX object _deps/yaml-cpp-build/CMakeFiles/yaml-cpp.dir/src/convert.cpp.o[0m
[12.166s] [  8%] [32mBuilding CXX object _deps/yaml-cpp-build/CMakeFiles/yaml-cpp.dir/src/directives.cpp.o[0m
[12.166s] [ 11%] [32mBuilding CXX object _deps/yaml-cpp-build/CMakeFiles/yaml-cpp.dir/src/emit.cpp.o[0m
[12.166s] [ 14%] [32mBuilding CXX object _deps/yaml-cpp-build/CMakeFiles/yaml-cpp.dir/src/emitfromevents.cpp.o[0m
[12.166s] [ 17%] [32mBuilding CXX object _deps/yaml-cpp-build/CMakeFiles/yaml-cpp.dir/src/emitter.cpp.o[0m
[12.166s] [ 20%] [32mBuilding CXX object _deps/yaml-cpp-build/CMakeFiles/yaml-cpp.dir/src/emitterstate.cpp.o[0m
[12.166s] [ 22%] [32mBuilding CXX object _deps/yaml-cpp-build/CMakeFiles/yaml-cpp.dir/src/emitterutils.cpp.o[0m
[12.166s] [ 25%] [32mBuilding CXX object _deps/yaml-cpp-build/CMakeFiles/yaml-cpp.dir/src/exceptions.cpp.o[0m
[12.167s] [ 28%] [32mBuilding CXX object _deps/yaml-cpp-build/CMakeFiles/yaml-cpp.dir/src/exp.cpp.o[0m
[12.167s] [ 31%] [32mBuilding CXX object _deps/yaml-cpp-build/CMakeFiles/yaml-cpp.dir/src/memory.cpp.o[0m
[12.167s] [ 34%] [32mBuilding CXX object _deps/yaml-cpp-build/CMakeFiles/yaml-cpp.dir/src/node.cpp.o[0m
[12.218s] [ 37%] [32mBuilding CXX object _deps/yaml-cpp-build/CMakeFiles/yaml-cpp.dir/src/node_data.cpp.o[0m
[12.273s] [ 40%] [32mBuilding CXX object _deps/yaml-cpp-build/CMakeFiles/yaml-cpp.dir/src/nodebuilder.cpp.o[0m
[12.274s] [ 42%] [32mBuilding CXX object _deps/yaml-cpp-build/CMakeFiles/yaml-cpp.dir/src/nodeevents.cpp.o[0m
[12.301s] [ 45%] [32mBuilding CXX object _deps/yaml-cpp-build/CMakeFiles/yaml-cpp.dir/src/null.cpp.o[0m
[14.415s] [ 48%] [32mBuilding CXX object _deps/yaml-cpp-build/CMakeFiles/yaml-cpp.dir/src/ostream_wrapper.cpp.o[0m
[24.220s] [ 51%] [32mBuilding CXX object _deps/yaml-cpp-build/CMakeFiles/yaml-cpp.dir/src/contrib/graphbuilderadapter.cpp.o[0m
[24.793s] [ 54%] [32mBuilding CXX object _deps/yaml-cpp-build/CMakeFiles/yaml-cpp.dir/src/contrib/graphbuilder.cpp.o[0m
[25.333s] [ 57%] [32mBuilding CXX object _deps/yaml-cpp-build/CMakeFiles/yaml-cpp.dir/src/tag.cpp.o[0m
[25.888s] [ 60%] [32mBuilding CXX object _deps/yaml-cpp-build/CMakeFiles/yaml-cpp.dir/src/stream.cpp.o[0m
[26.533s] [ 62%] [32mBuilding CXX object _deps/yaml-cpp-build/CMakeFiles/yaml-cpp.dir/src/singledocparser.cpp.o[0m
[27.957s] [ 65%] [32mBuilding CXX object _deps/yaml-cpp-build/CMakeFiles/yaml-cpp.dir/src/simplekey.cpp.o[0m
[28.696s] [ 68%] [32mBuilding CXX object _deps/yaml-cpp-build/CMakeFiles/yaml-cpp.dir/src/scantoken.cpp.o[0m
[31.587s] [ 71%] [32mBuilding CXX object _deps/yaml-cpp-build/CMakeFiles/yaml-cpp.dir/src/scantag.cpp.o[0m
[32.478s] [ 74%] [32mBuilding CXX object _deps/yaml-cpp-build/CMakeFiles/yaml-cpp.dir/src/scanscalar.cpp.o[0m
[33.893s] [ 77%] [32mBuilding CXX object _deps/yaml-cpp-build/CMakeFiles/yaml-cpp.dir/src/scanner.cpp.o[0m
[35.749s] [ 80%] [32mBuilding CXX object _deps/yaml-cpp-build/CMakeFiles/yaml-cpp.dir/src/regex_yaml.cpp.o[0m
[36.413s] [ 82%] [32mBuilding CXX object _deps/yaml-cpp-build/CMakeFiles/yaml-cpp.dir/src/parser.cpp.o[0m
[37.472s] [ 85%] [32mBuilding CXX object _deps/yaml-cpp-build/CMakeFiles/yaml-cpp.dir/src/parse.cpp.o[0m
[38.511s] [ 88%] [32m[1mLinking CXX static library libyaml-cpp.a[0m
[38.578s] [ 88%] Built target yaml-cpp
[38.595s] [ 91%] [32mBuilding CXX object CMakeFiles/isaac_ros_nitros_pose_array_type.dir/src/nitros_pose_array.cpp.o[0m
[54.549s] [ 94%] [32m[1mLinking CXX shared library libisaac_ros_nitros_pose_array_type.so[0m
[54.915s] [ 94%] Built target isaac_ros_nitros_pose_array_type
[54.937s] [ 97%] [32mBuilding CXX object CMakeFiles/nitros_pose_array_forward_node.dir/test/src/nitros_pose_array_forward_node.cpp.o[0m
[76.869s] [100%] [32m[1mLinking CXX shared library libnitros_pose_array_forward_node.so[0m
[77.157s] [100%] Built target nitros_pose_array_forward_node
[77.166s] Invoked command in '/workspaces/isaac_ros-dev/build/isaac_ros_nitros_pose_array_type' returned '0': AMENT_PREFIX_PATH=/workspaces/isaac_ros-dev/install/isaac_ros_nitros:/workspaces/isaac_ros-dev/install/isaac_ros_nitros_interfaces:/workspaces/isaac_ros-dev/install/isaac_ros_gxf:/workspaces/isaac_ros-dev/install/isaac_ros_test:/workspaces/isaac_ros-dev/install/isaac_ros_common:${AMENT_PREFIX_PATH} CMAKE_PREFIX_PATH=/workspaces/isaac_ros-dev/install/isaac_ros_nitros:/workspaces/isaac_ros-dev/install/isaac_ros_nitros_interfaces:/workspaces/isaac_ros-dev/install/isaac_ros_gxf:/workspaces/isaac_ros-dev/install/isaac_ros_common:${CMAKE_PREFIX_PATH} LD_LIBRARY_PATH=/workspaces/isaac_ros-dev/install/isaac_ros_nitros/lib:/workspaces/isaac_ros-dev/install/isaac_ros_nitros_interfaces/lib:/workspaces/isaac_ros-dev/install/isaac_ros_common/lib:${LD_LIBRARY_PATH} PYTHONPATH=/workspaces/isaac_ros-dev/install/isaac_ros_nitros_interfaces/lib/python3.8/site-packages:/workspaces/isaac_ros-dev/install/isaac_ros_test/lib/python3.8/site-packages:${PYTHONPATH} /usr/local/bin/cmake --build /workspaces/isaac_ros-dev/build/isaac_ros_nitros_pose_array_type -- -j16 -l16
[77.223s] Invoking command in '/workspaces/isaac_ros-dev/build/isaac_ros_nitros_pose_array_type': AMENT_PREFIX_PATH=/workspaces/isaac_ros-dev/install/isaac_ros_nitros:/workspaces/isaac_ros-dev/install/isaac_ros_nitros_interfaces:/workspaces/isaac_ros-dev/install/isaac_ros_gxf:/workspaces/isaac_ros-dev/install/isaac_ros_test:/workspaces/isaac_ros-dev/install/isaac_ros_common:${AMENT_PREFIX_PATH} CMAKE_PREFIX_PATH=/workspaces/isaac_ros-dev/install/isaac_ros_nitros:/workspaces/isaac_ros-dev/install/isaac_ros_nitros_interfaces:/workspaces/isaac_ros-dev/install/isaac_ros_gxf:/workspaces/isaac_ros-dev/install/isaac_ros_common:${CMAKE_PREFIX_PATH} LD_LIBRARY_PATH=/workspaces/isaac_ros-dev/install/isaac_ros_nitros/lib:/workspaces/isaac_ros-dev/install/isaac_ros_nitros_interfaces/lib:/workspaces/isaac_ros-dev/install/isaac_ros_common/lib:${LD_LIBRARY_PATH} PYTHONPATH=/workspaces/isaac_ros-dev/install/isaac_ros_nitros_interfaces/lib/python3.8/site-packages:/workspaces/isaac_ros-dev/install/isaac_ros_test/lib/python3.8/site-packages:${PYTHONPATH} /usr/local/bin/cmake --install /workspaces/isaac_ros-dev/build/isaac_ros_nitros_pose_array_type
[77.249s] -- Install configuration: "Release"
[77.249s] -- Installing: /workspaces/isaac_ros-dev/install/isaac_ros_nitros_pose_array_type/lib/libyaml-cpp.a
[77.250s] -- Installing: /workspaces/isaac_ros-dev/install/isaac_ros_nitros_pose_array_type/include/yaml-cpp
[77.250s] -- Installing: /workspaces/isaac_ros-dev/install/isaac_ros_nitros_pose_array_type/include/yaml-cpp/mark.h
[77.251s] -- Installing: /workspaces/isaac_ros-dev/install/isaac_ros_nitros_pose_array_type/include/yaml-cpp/emittermanip.h
[77.251s] -- Installing: /workspaces/isaac_ros-dev/install/isaac_ros_nitros_pose_array_type/include/yaml-cpp/emitter.h
[77.251s] -- Installing: /workspaces/isaac_ros-dev/install/isaac_ros_nitros_pose_array_type/include/yaml-cpp/exceptions.h
[77.251s] -- Installing: /workspaces/isaac_ros-dev/install/isaac_ros_nitros_pose_array_type/include/yaml-cpp/traits.h
[77.251s] -- Installing: /workspaces/isaac_ros-dev/install/isaac_ros_nitros_pose_array_type/include/yaml-cpp/eventhandler.h
[77.251s] -- Installing: /workspaces/isaac_ros-dev/install/isaac_ros_nitros_pose_array_type/include/yaml-cpp/parser.h
[77.252s] -- Installing: /workspaces/isaac_ros-dev/install/isaac_ros_nitros_pose_array_type/include/yaml-cpp/dll.h
[77.252s] -- Installing: /workspaces/isaac_ros-dev/install/isaac_ros_nitros_pose_array_type/include/yaml-cpp/null.h
[77.252s] -- Installing: /workspaces/isaac_ros-dev/install/isaac_ros_nitros_pose_array_type/include/yaml-cpp/contrib
[77.252s] -- Installing: /workspaces/isaac_ros-dev/install/isaac_ros_nitros_pose_array_type/include/yaml-cpp/contrib/graphbuilder.h
[77.252s] -- Installing: /workspaces/isaac_ros-dev/install/isaac_ros_nitros_pose_array_type/include/yaml-cpp/contrib/anchordict.h
[77.252s] -- Installing: /workspaces/isaac_ros-dev/install/isaac_ros_nitros_pose_array_type/include/yaml-cpp/emitterdef.h
[77.252s] -- Installing: /workspaces/isaac_ros-dev/install/isaac_ros_nitros_pose_array_type/include/yaml-cpp/anchor.h
[77.253s] -- Installing: /workspaces/isaac_ros-dev/install/isaac_ros_nitros_pose_array_type/include/yaml-cpp/emitfromevents.h
[77.253s] -- Installing: /workspaces/isaac_ros-dev/install/isaac_ros_nitros_pose_array_type/include/yaml-cpp/emitterstyle.h
[77.253s] -- Installing: /workspaces/isaac_ros-dev/install/isaac_ros_nitros_pose_array_type/include/yaml-cpp/node
[77.253s] -- Installing: /workspaces/isaac_ros-dev/install/isaac_ros_nitros_pose_array_type/include/yaml-cpp/node/impl.h
[77.253s] -- Installing: /workspaces/isaac_ros-dev/install/isaac_ros_nitros_pose_array_type/include/yaml-cpp/node/parse.h
[77.253s] -- Installing: /workspaces/isaac_ros-dev/install/isaac_ros_nitros_pose_array_type/include/yaml-cpp/node/detail
[77.253s] -- Installing: /workspaces/isaac_ros-dev/install/isaac_ros_nitros_pose_array_type/include/yaml-cpp/node/detail/node_data.h
[77.254s] -- Installing: /workspaces/isaac_ros-dev/install/isaac_ros_nitros_pose_array_type/include/yaml-cpp/node/detail/impl.h
[77.254s] -- Installing: /workspaces/isaac_ros-dev/install/isaac_ros_nitros_pose_array_type/include/yaml-cpp/node/detail/node_iterator.h
[77.254s] -- Installing: /workspaces/isaac_ros-dev/install/isaac_ros_nitros_pose_array_type/include/yaml-cpp/node/detail/memory.h
[77.254s] -- Installing: /workspaces/isaac_ros-dev/install/isaac_ros_nitros_pose_array_type/include/yaml-cpp/node/detail/iterator.h
[77.254s] -- Installing: /workspaces/isaac_ros-dev/install/isaac_ros_nitros_pose_array_type/include/yaml-cpp/node/detail/iterator_fwd.h
[77.254s] -- Installing: /workspaces/isaac_ros-dev/install/isaac_ros_nitros_pose_array_type/include/yaml-cpp/node/detail/node.h
[77.255s] -- Installing: /workspaces/isaac_ros-dev/install/isaac_ros_nitros_pose_array_type/include/yaml-cpp/node/detail/bool_type.h
[77.255s] -- Installing: /workspaces/isaac_ros-dev/install/isaac_ros_nitros_pose_array_type/include/yaml-cpp/node/detail/node_ref.h
[77.255s] -- Installing: /workspaces/isaac_ros-dev/install/isaac_ros_nitros_pose_array_type/include/yaml-cpp/node/convert.h
[77.255s] -- Installing: /workspaces/isaac_ros-dev/install/isaac_ros_nitros_pose_array_type/include/yaml-cpp/node/iterator.h
[77.255s] -- Installing: /workspaces/isaac_ros-dev/install/isaac_ros_nitros_pose_array_type/include/yaml-cpp/node/type.h
[77.255s] -- Installing: /workspaces/isaac_ros-dev/install/isaac_ros_nitros_pose_array_type/include/yaml-cpp/node/node.h
[77.256s] -- Installing: /workspaces/isaac_ros-dev/install/isaac_ros_nitros_pose_array_type/include/yaml-cpp/node/emit.h
[77.256s] -- Installing: /workspaces/isaac_ros-dev/install/isaac_ros_nitros_pose_array_type/include/yaml-cpp/node/ptr.h
[77.256s] -- Installing: /workspaces/isaac_ros-dev/install/isaac_ros_nitros_pose_array_type/include/yaml-cpp/ostream_wrapper.h
[77.256s] -- Installing: /workspaces/isaac_ros-dev/install/isaac_ros_nitros_pose_array_type/include/yaml-cpp/stlemitter.h
[77.256s] -- Installing: /workspaces/isaac_ros-dev/install/isaac_ros_nitros_pose_array_type/include/yaml-cpp/binary.h
[77.256s] -- Installing: /workspaces/isaac_ros-dev/install/isaac_ros_nitros_pose_array_type/include/yaml-cpp/yaml.h
[77.257s] -- Installing: /workspaces/isaac_ros-dev/install/isaac_ros_nitros_pose_array_type/lib/cmake/yaml-cpp/yaml-cpp-config.cmake
[77.257s] -- Installing: /workspaces/isaac_ros-dev/install/isaac_ros_nitros_pose_array_type/lib/cmake/yaml-cpp/yaml-cpp-config-version.cmake
[77.257s] -- Installing: /workspaces/isaac_ros-dev/install/isaac_ros_nitros_pose_array_type/lib/cmake/yaml-cpp/yaml-cpp-targets.cmake
[77.257s] -- Installing: /workspaces/isaac_ros-dev/install/isaac_ros_nitros_pose_array_type/lib/cmake/yaml-cpp/yaml-cpp-targets-release.cmake
[77.258s] -- Installing: /workspaces/isaac_ros-dev/install/isaac_ros_nitros_pose_array_type/lib/pkgconfig/yaml-cpp.pc
[77.258s] -- Installing: /workspaces/isaac_ros-dev/install/isaac_ros_nitros_pose_array_type/share/isaac_ros_nitros_pose_array_type/test/config
[77.258s] -- Installing: /workspaces/isaac_ros-dev/install/isaac_ros_nitros_pose_array_type/share/isaac_ros_nitros_pose_array_type/test/config/test_forward_node.yaml
[77.258s] -- Up-to-date: /workspaces/isaac_ros-dev/install/isaac_ros_nitros_pose_array_type/include
[77.258s] -- Installing: /workspaces/isaac_ros-dev/install/isaac_ros_nitros_pose_array_type/include/isaac_ros_nitros_pose_array_type
[77.259s] -- Installing: /workspaces/isaac_ros-dev/install/isaac_ros_nitros_pose_array_type/include/isaac_ros_nitros_pose_array_type/nitros_pose_array.hpp
[77.259s] -- Installing: /workspaces/isaac_ros-dev/install/isaac_ros_nitros_pose_array_type/share/isaac_ros_nitros_pose_array_type/environment/library_path.sh
[77.259s] -- Installing: /workspaces/isaac_ros-dev/install/isaac_ros_nitros_pose_array_type/share/isaac_ros_nitros_pose_array_type/environment/library_path.dsv
[77.259s] -- Installing: /workspaces/isaac_ros-dev/install/isaac_ros_nitros_pose_array_type/lib/libisaac_ros_nitros_pose_array_type.so
[77.259s] -- Set runtime path of "/workspaces/isaac_ros-dev/install/isaac_ros_nitros_pose_array_type/lib/libisaac_ros_nitros_pose_array_type.so" to "/usr/local/cuda/lib64:/opt/ros/humble/install/lib:/workspaces/isaac_ros-dev/install/isaac_ros_common/lib:/workspaces/isaac_ros-dev/install/isaac_ros_nitros_interfaces/lib:/workspaces/isaac_ros-dev/install/isaac_ros_nitros/lib:/workspaces/isaac_ros-dev/install/isaac_ros_gxf/share/isaac_ros_gxf/gxf/lib/core"
[77.260s] -- Installing: /workspaces/isaac_ros-dev/install/isaac_ros_nitros_pose_array_type/lib/libnitros_pose_array_forward_node.so
[77.261s] -- Set runtime path of "/workspaces/isaac_ros-dev/install/isaac_ros_nitros_pose_array_type/lib/libnitros_pose_array_forward_node.so" to "/usr/local/cuda/lib64:/opt/ros/humble/install/lib:/workspaces/isaac_ros-dev/install/isaac_ros_common/lib:/workspaces/isaac_ros-dev/install/isaac_ros_nitros_interfaces/lib:/workspaces/isaac_ros-dev/install/isaac_ros_nitros/lib:/workspaces/isaac_ros-dev/install/isaac_ros_gxf/share/isaac_ros_gxf/gxf/lib/core"
[77.262s] -- Installing: /workspaces/isaac_ros-dev/install/isaac_ros_nitros_pose_array_type/share/ament_index/resource_index/package_run_dependencies/isaac_ros_nitros_pose_array_type
[77.262s] -- Installing: /workspaces/isaac_ros-dev/install/isaac_ros_nitros_pose_array_type/share/ament_index/resource_index/parent_prefix_path/isaac_ros_nitros_pose_array_type
[77.262s] -- Installing: /workspaces/isaac_ros-dev/install/isaac_ros_nitros_pose_array_type/share/isaac_ros_nitros_pose_array_type/environment/ament_prefix_path.sh
[77.262s] -- Installing: /workspaces/isaac_ros-dev/install/isaac_ros_nitros_pose_array_type/share/isaac_ros_nitros_pose_array_type/environment/ament_prefix_path.dsv
[77.263s] -- Installing: /workspaces/isaac_ros-dev/install/isaac_ros_nitros_pose_array_type/share/isaac_ros_nitros_pose_array_type/environment/path.sh
[77.263s] -- Installing: /workspaces/isaac_ros-dev/install/isaac_ros_nitros_pose_array_type/share/isaac_ros_nitros_pose_array_type/environment/path.dsv
[77.263s] -- Installing: /workspaces/isaac_ros-dev/install/isaac_ros_nitros_pose_array_type/share/isaac_ros_nitros_pose_array_type/local_setup.bash
[77.263s] -- Installing: /workspaces/isaac_ros-dev/install/isaac_ros_nitros_pose_array_type/share/isaac_ros_nitros_pose_array_type/local_setup.sh
[77.263s] -- Installing: /workspaces/isaac_ros-dev/install/isaac_ros_nitros_pose_array_type/share/isaac_ros_nitros_pose_array_type/local_setup.zsh
[77.263s] -- Installing: /workspaces/isaac_ros-dev/install/isaac_ros_nitros_pose_array_type/share/isaac_ros_nitros_pose_array_type/local_setup.dsv
[77.264s] -- Installing: /workspaces/isaac_ros-dev/install/isaac_ros_nitros_pose_array_type/share/isaac_ros_nitros_pose_array_type/package.dsv
[77.264s] -- Installing: /workspaces/isaac_ros-dev/install/isaac_ros_nitros_pose_array_type/share/ament_index/resource_index/packages/isaac_ros_nitros_pose_array_type
[77.264s] -- Installing: /workspaces/isaac_ros-dev/install/isaac_ros_nitros_pose_array_type/share/ament_index/resource_index/rclcpp_components/isaac_ros_nitros_pose_array_type
[77.264s] -- Installing: /workspaces/isaac_ros-dev/install/isaac_ros_nitros_pose_array_type/share/isaac_ros_nitros_pose_array_type/cmake/ament_cmake_export_dependencies-extras.cmake
[77.265s] -- Installing: /workspaces/isaac_ros-dev/install/isaac_ros_nitros_pose_array_type/share/isaac_ros_nitros_pose_array_type/cmake/ament_cmake_export_include_directories-extras.cmake
[77.265s] -- Installing: /workspaces/isaac_ros-dev/install/isaac_ros_nitros_pose_array_type/share/isaac_ros_nitros_pose_array_type/cmake/ament_cmake_export_libraries-extras.cmake
[77.265s] -- Installing: /workspaces/isaac_ros-dev/install/isaac_ros_nitros_pose_array_type/share/isaac_ros_nitros_pose_array_type/cmake/isaac_ros_nitros_pose_array_typeConfig.cmake
[77.265s] -- Installing: /workspaces/isaac_ros-dev/install/isaac_ros_nitros_pose_array_type/share/isaac_ros_nitros_pose_array_type/cmake/isaac_ros_nitros_pose_array_typeConfig-version.cmake
[77.266s] -- Installing: /workspaces/isaac_ros-dev/install/isaac_ros_nitros_pose_array_type/share/isaac_ros_nitros_pose_array_type/package.xml
[77.278s] Invoked command in '/workspaces/isaac_ros-dev/build/isaac_ros_nitros_pose_array_type' returned '0': AMENT_PREFIX_PATH=/workspaces/isaac_ros-dev/install/isaac_ros_nitros:/workspaces/isaac_ros-dev/install/isaac_ros_nitros_interfaces:/workspaces/isaac_ros-dev/install/isaac_ros_gxf:/workspaces/isaac_ros-dev/install/isaac_ros_test:/workspaces/isaac_ros-dev/install/isaac_ros_common:${AMENT_PREFIX_PATH} CMAKE_PREFIX_PATH=/workspaces/isaac_ros-dev/install/isaac_ros_nitros:/workspaces/isaac_ros-dev/install/isaac_ros_nitros_interfaces:/workspaces/isaac_ros-dev/install/isaac_ros_gxf:/workspaces/isaac_ros-dev/install/isaac_ros_common:${CMAKE_PREFIX_PATH} LD_LIBRARY_PATH=/workspaces/isaac_ros-dev/install/isaac_ros_nitros/lib:/workspaces/isaac_ros-dev/install/isaac_ros_nitros_interfaces/lib:/workspaces/isaac_ros-dev/install/isaac_ros_common/lib:${LD_LIBRARY_PATH} PYTHONPATH=/workspaces/isaac_ros-dev/install/isaac_ros_nitros_interfaces/lib/python3.8/site-packages:/workspaces/isaac_ros-dev/install/isaac_ros_test/lib/python3.8/site-packages:${PYTHONPATH} /usr/local/bin/cmake --install /workspaces/isaac_ros-dev/build/isaac_ros_nitros_pose_array_type
