[0.118s] Invoking command in '/workspaces/isaac_ros-dev/build/isaac_ros_nitros_flat_scan_type': AMENT_PREFIX_PATH=/workspaces/isaac_ros-dev/install/isaac_ros_nitros:/workspaces/isaac_ros-dev/install/isaac_ros_pointcloud_interfaces:/workspaces/isaac_ros-dev/install/isaac_ros_nitros_interfaces:/workspaces/isaac_ros-dev/install/isaac_ros_gxf:/workspaces/isaac_ros-dev/install/isaac_ros_test:/workspaces/isaac_ros-dev/install/isaac_ros_common:${AMENT_PREFIX_PATH} CMAKE_PREFIX_PATH=/workspaces/isaac_ros-dev/install/isaac_ros_nitros:/workspaces/isaac_ros-dev/install/isaac_ros_pointcloud_interfaces:/workspaces/isaac_ros-dev/install/isaac_ros_nitros_interfaces:/workspaces/isaac_ros-dev/install/isaac_ros_gxf:/workspaces/isaac_ros-dev/install/isaac_ros_common:${CMAKE_PREFIX_PATH} LD_LIBRARY_PATH=/workspaces/isaac_ros-dev/install/isaac_ros_nitros/lib:/workspaces/isaac_ros-dev/install/isaac_ros_pointcloud_interfaces/lib:/workspaces/isaac_ros-dev/install/isaac_ros_nitros_interfaces/lib:/workspaces/isaac_ros-dev/install/isaac_ros_common/lib:/opt/ros/humble/install/opt/rviz_ogre_vendor/lib:/opt/ros/humble/install/lib:/usr/lib/aarch64-linux-gnu/tegra/weston:/usr/lib/aarch64-linux-gnu/tegra-egl:/usr/local/cuda-11.4/targets/aarch64-linux/lib:/usr/lib/aarch64-linux-gnu/tegra:/opt/nvidia/vpi2/lib64:/usr/lib/aarch64-linux-gnu-host:/opt/tritonserver/lib PYTHONPATH=/workspaces/isaac_ros-dev/install/isaac_ros_pointcloud_interfaces/lib/python3.8/site-packages:/workspaces/isaac_ros-dev/install/isaac_ros_nitros_interfaces/lib/python3.8/site-packages:/workspaces/isaac_ros-dev/install/isaac_ros_test/lib/python3.8/site-packages:${PYTHONPATH} /usr/bin/cmake /workspaces/isaac_ros-dev/src/isaac_ros_nitros/isaac_ros_nitros_type/isaac_ros_nitros_flat_scan_type -DCMAKE_INSTALL_PREFIX=/workspaces/isaac_ros-dev/install/isaac_ros_nitros_flat_scan_type
[0.298s] -- The C compiler identification is GNU 9.4.0
[0.465s] -- The CXX compiler identification is GNU 9.4.0
[0.490s] -- Detecting C compiler ABI info
[0.747s] -- Detecting C compiler ABI info - done
[0.768s] -- Check for working C compiler: /usr/bin/cc - skipped
[0.768s] -- Detecting C compile features
[0.770s] -- Detecting C compile features - done
[0.784s] -- Detecting CXX compiler ABI info
[1.060s] -- Detecting CXX compiler ABI info - done
[1.082s] -- Check for working CXX compiler: /usr/bin/c++ - skipped
[1.084s] -- Detecting CXX compile features
[1.086s] -- Detecting CXX compile features - done
[1.100s] -- Found ament_cmake_auto: 1.3.3 (/opt/ros/humble/install/share/ament_cmake_auto/cmake)
[3.395s] -- Found Python3: /usr/bin/python3.8 (found version "3.8.10") found components: Interpreter 
[3.870s] -- Loading isaac_ros_common extras
[3.871s] -- CMAKE_BUILD_TYPE: Release
[3.918s] -- Looking for pthread.h
[4.155s] -- Looking for pthread.h - found
[4.156s] -- Performing Test CMAKE_HAVE_LIBC_PTHREAD
[4.393s] -- Performing Test CMAKE_HAVE_LIBC_PTHREAD - Failed
[4.394s] -- Looking for pthread_create in pthreads
[4.582s] -- Looking for pthread_create in pthreads - not found
[4.583s] -- Looking for pthread_create in pthread
[4.813s] -- Looking for pthread_create in pthread - found
[4.816s] -- Found Threads: TRUE  
[4.882s] -- Found CUDA: /usr/local/cuda (found version "11.4") 
[4.884s] -- Loading isaac_ros_common extras (modules)
[5.018s] -- Found rosidl_generator_c: 3.1.4 (/opt/ros/humble/install/share/rosidl_generator_c/cmake)
[5.035s] -- Found rosidl_adapter: 3.1.4 (/opt/ros/humble/install/share/rosidl_adapter/cmake)
[5.063s] -- Found rosidl_generator_cpp: 3.1.4 (/opt/ros/humble/install/share/rosidl_generator_cpp/cmake)
[5.108s] -- Using all available rosidl_typesupport_c: rosidl_typesupport_fastrtps_c;rosidl_typesupport_introspection_c
[5.172s] -- Using all available rosidl_typesupport_cpp: rosidl_typesupport_fastrtps_cpp;rosidl_typesupport_introspection_cpp
[5.395s] -- Found rmw_implementation_cmake: 6.1.1 (/opt/ros/humble/install/share/rmw_implementation_cmake/cmake)
[5.405s] -- Found rmw_fastrtps_cpp: 6.2.2 (/opt/ros/humble/install/share/rmw_fastrtps_cpp/cmake)
[5.815s] -- Found OpenSSL: /usr/lib/aarch64-linux-gnu/libcrypto.so (found version "1.1.1f")  
[5.912s] -- Found FastRTPS: /opt/ros/humble/install/include  
[6.116s] -- Using RMW implementation 'rmw_fastrtps_cpp' as default
[7.031s] -- Loading isaac_ros_gxf extras
[7.249s] -- Found atlas lib=/workspaces/isaac_ros-dev/install/isaac_ros_gxf/share/isaac_ros_gxf/gxf/lib/libgxf_atlas.so, include=/workspaces/isaac_ros-dev/install/isaac_ros_gxf/share/isaac_ros_gxf/gxf/include/gxf
[7.257s] -- Found cuda lib=/workspaces/isaac_ros-dev/install/isaac_ros_gxf/share/isaac_ros_gxf/gxf/lib/cuda/libgxf_cuda.so, include=/workspaces/isaac_ros-dev/install/isaac_ros_gxf/share/isaac_ros_gxf/gxf/include/gxf
[7.264s] -- Found isaac_messages lib=/workspaces/isaac_ros-dev/install/isaac_ros_gxf/share/isaac_ros_gxf/gxf/lib/libgxf_isaac_messages.so, include=/workspaces/isaac_ros-dev/install/isaac_ros_gxf/share/isaac_ros_gxf/gxf/include/gxf
[7.270s] -- Found isaac_ros_messages lib=/workspaces/isaac_ros-dev/install/isaac_ros_gxf/share/isaac_ros_gxf/gxf/lib/libgxf_isaac_ros_messages.so, include=/workspaces/isaac_ros-dev/install/isaac_ros_gxf/share/isaac_ros_gxf/gxf/include/gxf
[7.280s] -- Found multimedia lib=/workspaces/isaac_ros-dev/install/isaac_ros_gxf/share/isaac_ros_gxf/gxf/lib/multimedia/libgxf_multimedia.so, include=/workspaces/isaac_ros-dev/install/isaac_ros_gxf/share/isaac_ros_gxf/gxf/include/gxf
[7.301s] -- Found gxf_optimizer lib=/workspaces/isaac_ros-dev/install/isaac_ros_gxf/share/isaac_ros_gxf/gxf/lib/libgxf_optimizer.so, include=/workspaces/isaac_ros-dev/install/isaac_ros_gxf/share/isaac_ros_gxf/gxf/include/gxf
[7.301s] -- Found serialization lib=/workspaces/isaac_ros-dev/install/isaac_ros_gxf/share/isaac_ros_gxf/gxf/lib/serialization/libgxf_serialization.so, include=/workspaces/isaac_ros-dev/install/isaac_ros_gxf/share/isaac_ros_gxf/gxf/include/gxf
[7.310s] -- Found std lib=/workspaces/isaac_ros-dev/install/isaac_ros_gxf/share/isaac_ros_gxf/gxf/lib/std/libgxf_std.so, include=/workspaces/isaac_ros-dev/install/isaac_ros_gxf/share/isaac_ros_gxf/gxf/include/gxf
[7.316s] -- Found core lib=/workspaces/isaac_ros-dev/install/isaac_ros_gxf/share/isaac_ros_gxf/gxf/lib/core/libgxf_core.so, include=/workspaces/isaac_ros-dev/install/isaac_ros_gxf/share/isaac_ros_gxf/gxf/include/gxf
[7.322s] -- Found GXF:  (found suitable version "2.5.0", minimum required is "2.5.0") found components: core isaac_ros_messages 
[9.975s] -- Performing Test FLAG_WEXTRA
[10.222s] -- Performing Test FLAG_WEXTRA - Success
[10.619s] -- Found ament_lint_auto: 0.12.5 (/opt/ros/humble/install/share/ament_lint_auto/cmake)
[10.729s] -- Found launch_testing_ament_cmake: 1.0.4 (/opt/ros/humble/install/share/launch_testing_ament_cmake/cmake)
[10.736s] -- Found python_cmake_module: 0.10.0 (/opt/ros/humble/install/share/python_cmake_module/cmake)
[10.814s] -- Found PythonInterp: /usr/bin/python3 (found suitable version "3.8.10", minimum required is "3.6") 
[10.829s] -- Found PythonLibs: /usr/lib/aarch64-linux-gnu/libpython3.8.so (found suitable version "3.8.10", minimum required is "3.5") 
[10.830s] -- Using PYTHON_EXECUTABLE: /usr/bin/python3
[10.830s] -- Using PYTHON_INCLUDE_DIRS: /usr/include/python3.8
[10.831s] -- Using PYTHON_LIBRARIES: /usr/lib/aarch64-linux-gnu/libpython3.8.so
[10.912s] -- Found PythonExtra: .so  
[10.963s] -- Added test 'cppcheck' to perform static code analysis on C / C++ code
[10.964s] -- Configured cppcheck include dirs: /workspaces/isaac_ros-dev/src/isaac_ros_nitros/isaac_ros_nitros_type/isaac_ros_nitros_flat_scan_type/include
[10.964s] -- Configured cppcheck exclude dirs and/or files: 
[10.969s] -- Added test 'cpplint' to check C / C++ code against the Google style
[10.969s] -- Configured cpplint exclude dirs and/or files: 
[10.971s] -- Added test 'flake8' to check Python code syntax and style conventions
[10.973s] -- Added test 'lint_cmake' to check CMake code style
[10.976s] -- Added test 'pep257' to check Python code against some of the docstring style conventions in PEP 257
[10.981s] -- Added test 'uncrustify' to check C / C++ code style
[10.983s] -- Configured uncrustify additional arguments: 
[10.986s] -- Added test 'xmllint' to check XML markup files
[10.999s] -- Configuring done
[11.193s] -- Generating done
[11.203s] -- Build files have been written to: /workspaces/isaac_ros-dev/build/isaac_ros_nitros_flat_scan_type
[11.249s] Invoked command in '/workspaces/isaac_ros-dev/build/isaac_ros_nitros_flat_scan_type' returned '0': AMENT_PREFIX_PATH=/workspaces/isaac_ros-dev/install/isaac_ros_nitros:/workspaces/isaac_ros-dev/install/isaac_ros_pointcloud_interfaces:/workspaces/isaac_ros-dev/install/isaac_ros_nitros_interfaces:/workspaces/isaac_ros-dev/install/isaac_ros_gxf:/workspaces/isaac_ros-dev/install/isaac_ros_test:/workspaces/isaac_ros-dev/install/isaac_ros_common:${AMENT_PREFIX_PATH} CMAKE_PREFIX_PATH=/workspaces/isaac_ros-dev/install/isaac_ros_nitros:/workspaces/isaac_ros-dev/install/isaac_ros_pointcloud_interfaces:/workspaces/isaac_ros-dev/install/isaac_ros_nitros_interfaces:/workspaces/isaac_ros-dev/install/isaac_ros_gxf:/workspaces/isaac_ros-dev/install/isaac_ros_common:${CMAKE_PREFIX_PATH} LD_LIBRARY_PATH=/workspaces/isaac_ros-dev/install/isaac_ros_nitros/lib:/workspaces/isaac_ros-dev/install/isaac_ros_pointcloud_interfaces/lib:/workspaces/isaac_ros-dev/install/isaac_ros_nitros_interfaces/lib:/workspaces/isaac_ros-dev/install/isaac_ros_common/lib:/opt/ros/humble/install/opt/rviz_ogre_vendor/lib:/opt/ros/humble/install/lib:/usr/lib/aarch64-linux-gnu/tegra/weston:/usr/lib/aarch64-linux-gnu/tegra-egl:/usr/local/cuda-11.4/targets/aarch64-linux/lib:/usr/lib/aarch64-linux-gnu/tegra:/opt/nvidia/vpi2/lib64:/usr/lib/aarch64-linux-gnu-host:/opt/tritonserver/lib PYTHONPATH=/workspaces/isaac_ros-dev/install/isaac_ros_pointcloud_interfaces/lib/python3.8/site-packages:/workspaces/isaac_ros-dev/install/isaac_ros_nitros_interfaces/lib/python3.8/site-packages:/workspaces/isaac_ros-dev/install/isaac_ros_test/lib/python3.8/site-packages:${PYTHONPATH} /usr/bin/cmake /workspaces/isaac_ros-dev/src/isaac_ros_nitros/isaac_ros_nitros_type/isaac_ros_nitros_flat_scan_type -DCMAKE_INSTALL_PREFIX=/workspaces/isaac_ros-dev/install/isaac_ros_nitros_flat_scan_type
[11.251s] Invoking command in '/workspaces/isaac_ros-dev/build/isaac_ros_nitros_flat_scan_type': AMENT_PREFIX_PATH=/workspaces/isaac_ros-dev/install/isaac_ros_nitros:/workspaces/isaac_ros-dev/install/isaac_ros_pointcloud_interfaces:/workspaces/isaac_ros-dev/install/isaac_ros_nitros_interfaces:/workspaces/isaac_ros-dev/install/isaac_ros_gxf:/workspaces/isaac_ros-dev/install/isaac_ros_test:/workspaces/isaac_ros-dev/install/isaac_ros_common:${AMENT_PREFIX_PATH} CMAKE_PREFIX_PATH=/workspaces/isaac_ros-dev/install/isaac_ros_nitros:/workspaces/isaac_ros-dev/install/isaac_ros_pointcloud_interfaces:/workspaces/isaac_ros-dev/install/isaac_ros_nitros_interfaces:/workspaces/isaac_ros-dev/install/isaac_ros_gxf:/workspaces/isaac_ros-dev/install/isaac_ros_common:${CMAKE_PREFIX_PATH} LD_LIBRARY_PATH=/workspaces/isaac_ros-dev/install/isaac_ros_nitros/lib:/workspaces/isaac_ros-dev/install/isaac_ros_pointcloud_interfaces/lib:/workspaces/isaac_ros-dev/install/isaac_ros_nitros_interfaces/lib:/workspaces/isaac_ros-dev/install/isaac_ros_common/lib:/opt/ros/humble/install/opt/rviz_ogre_vendor/lib:/opt/ros/humble/install/lib:/usr/lib/aarch64-linux-gnu/tegra/weston:/usr/lib/aarch64-linux-gnu/tegra-egl:/usr/local/cuda-11.4/targets/aarch64-linux/lib:/usr/lib/aarch64-linux-gnu/tegra:/opt/nvidia/vpi2/lib64:/usr/lib/aarch64-linux-gnu-host:/opt/tritonserver/lib PYTHONPATH=/workspaces/isaac_ros-dev/install/isaac_ros_pointcloud_interfaces/lib/python3.8/site-packages:/workspaces/isaac_ros-dev/install/isaac_ros_nitros_interfaces/lib/python3.8/site-packages:/workspaces/isaac_ros-dev/install/isaac_ros_test/lib/python3.8/site-packages:${PYTHONPATH} /usr/bin/cmake --build /workspaces/isaac_ros-dev/build/isaac_ros_nitros_flat_scan_type -- -j4 -l4
[11.355s] [  2%] [32mBuilding CXX object _deps/yaml-cpp-build/CMakeFiles/yaml-cpp.dir/src/binary.cpp.o[0m
[12.282s] [  5%] [32mBuilding CXX object _deps/yaml-cpp-build/CMakeFiles/yaml-cpp.dir/src/emit.cpp.o[0m
[13.878s] [  8%] [32mBuilding CXX object _deps/yaml-cpp-build/CMakeFiles/yaml-cpp.dir/src/emitfromevents.cpp.o[0m
[15.771s] [ 11%] [32mBuilding CXX object _deps/yaml-cpp-build/CMakeFiles/yaml-cpp.dir/src/emitter.cpp.o[0m
[18.391s] [ 14%] [32mBuilding CXX object _deps/yaml-cpp-build/CMakeFiles/yaml-cpp.dir/src/emitterstate.cpp.o[0m
[20.916s] [ 17%] [32mBuilding CXX object _deps/yaml-cpp-build/CMakeFiles/yaml-cpp.dir/src/emitterutils.cpp.o[0m
[29.481s] [ 20%] [32mBuilding CXX object _deps/yaml-cpp-build/CMakeFiles/yaml-cpp.dir/src/exceptions.cpp.o[0m
[30.506s] [ 22%] [32mBuilding CXX object _deps/yaml-cpp-build/CMakeFiles/yaml-cpp.dir/src/exp.cpp.o[0m
[32.130s] [ 25%] [32mBuilding CXX object _deps/yaml-cpp-build/CMakeFiles/yaml-cpp.dir/src/memory.cpp.o[0m
[33.997s] [ 28%] [32mBuilding CXX object _deps/yaml-cpp-build/CMakeFiles/yaml-cpp.dir/src/node.cpp.o[0m
[35.009s] [ 31%] [32mBuilding CXX object _deps/yaml-cpp-build/CMakeFiles/yaml-cpp.dir/src/node_data.cpp.o[0m
[37.610s] [ 34%] [32mBuilding CXX object _deps/yaml-cpp-build/CMakeFiles/yaml-cpp.dir/src/nodebuilder.cpp.o[0m
[40.100s] [ 37%] [32mBuilding CXX object _deps/yaml-cpp-build/CMakeFiles/yaml-cpp.dir/src/nodeevents.cpp.o[0m
[42.201s] [ 40%] [32mBuilding CXX object _deps/yaml-cpp-build/CMakeFiles/yaml-cpp.dir/src/null.cpp.o[0m
[42.714s] [ 42%] [32mBuilding CXX object _deps/yaml-cpp-build/CMakeFiles/yaml-cpp.dir/src/ostream_wrapper.cpp.o[0m
[43.830s] [ 45%] [32mBuilding CXX object _deps/yaml-cpp-build/CMakeFiles/yaml-cpp.dir/src/parse.cpp.o[0m
[46.372s] [ 48%] [32mBuilding CXX object _deps/yaml-cpp-build/CMakeFiles/yaml-cpp.dir/src/parser.cpp.o[0m
[48.770s] [ 51%] [32mBuilding CXX object _deps/yaml-cpp-build/CMakeFiles/yaml-cpp.dir/src/regex_yaml.cpp.o[0m
[50.169s] [ 54%] [32mBuilding CXX object _deps/yaml-cpp-build/CMakeFiles/yaml-cpp.dir/src/scanner.cpp.o[0m
[54.146s] [ 57%] [32mBuilding CXX object _deps/yaml-cpp-build/CMakeFiles/yaml-cpp.dir/src/scanscalar.cpp.o[0m
[56.869s] [ 60%] [32mBuilding CXX object _deps/yaml-cpp-build/CMakeFiles/yaml-cpp.dir/src/scantag.cpp.o[0m
[59.092s] [ 62%] [32mBuilding CXX object _deps/yaml-cpp-build/CMakeFiles/yaml-cpp.dir/src/scantoken.cpp.o[0m
[65.076s] [ 65%] [32mBuilding CXX object _deps/yaml-cpp-build/CMakeFiles/yaml-cpp.dir/src/simplekey.cpp.o[0m
[66.825s] [ 68%] [32mBuilding CXX object _deps/yaml-cpp-build/CMakeFiles/yaml-cpp.dir/src/singledocparser.cpp.o[0m
[69.907s] [ 71%] [32mBuilding CXX object _deps/yaml-cpp-build/CMakeFiles/yaml-cpp.dir/src/stream.cpp.o[0m
[71.349s] [ 74%] [32mBuilding CXX object _deps/yaml-cpp-build/CMakeFiles/yaml-cpp.dir/src/tag.cpp.o[0m
[72.552s] [ 77%] [32mBuilding CXX object _deps/yaml-cpp-build/CMakeFiles/yaml-cpp.dir/src/contrib/graphbuilder.cpp.o[0m
[73.747s] [ 80%] [32mBuilding CXX object _deps/yaml-cpp-build/CMakeFiles/yaml-cpp.dir/src/contrib/graphbuilderadapter.cpp.o[0m
[75.061s] [ 82%] [32mBuilding CXX object _deps/yaml-cpp-build/CMakeFiles/yaml-cpp.dir/src/directives.cpp.o[0m
[75.877s] [ 85%] [32mBuilding CXX object _deps/yaml-cpp-build/CMakeFiles/yaml-cpp.dir/src/convert.cpp.o[0m
[78.134s] [ 88%] [32m[1mLinking CXX static library libyaml-cpp.a[0m
[78.225s] [ 88%] Built target yaml-cpp
[78.265s] [ 91%] [32mBuilding CXX object CMakeFiles/isaac_ros_nitros_flat_scan_type.dir/src/nitros_flat_scan.cpp.o[0m
[114.553s] [ 94%] [32m[1mLinking CXX shared library libisaac_ros_nitros_flat_scan_type.so[0m
[115.044s] [ 94%] Built target isaac_ros_nitros_flat_scan_type
[115.084s] [ 97%] [32mBuilding CXX object CMakeFiles/isaac_ros_nitros_flat_scan_forward_node.dir/test/src/nitros_flat_scan_forward_node.cpp.o[0m
[172.373s] [100%] [32m[1mLinking CXX shared library libisaac_ros_nitros_flat_scan_forward_node.so[0m
[173.334s] [100%] Built target isaac_ros_nitros_flat_scan_forward_node
[173.373s] Invoked command in '/workspaces/isaac_ros-dev/build/isaac_ros_nitros_flat_scan_type' returned '0': AMENT_PREFIX_PATH=/workspaces/isaac_ros-dev/install/isaac_ros_nitros:/workspaces/isaac_ros-dev/install/isaac_ros_pointcloud_interfaces:/workspaces/isaac_ros-dev/install/isaac_ros_nitros_interfaces:/workspaces/isaac_ros-dev/install/isaac_ros_gxf:/workspaces/isaac_ros-dev/install/isaac_ros_test:/workspaces/isaac_ros-dev/install/isaac_ros_common:${AMENT_PREFIX_PATH} CMAKE_PREFIX_PATH=/workspaces/isaac_ros-dev/install/isaac_ros_nitros:/workspaces/isaac_ros-dev/install/isaac_ros_pointcloud_interfaces:/workspaces/isaac_ros-dev/install/isaac_ros_nitros_interfaces:/workspaces/isaac_ros-dev/install/isaac_ros_gxf:/workspaces/isaac_ros-dev/install/isaac_ros_common:${CMAKE_PREFIX_PATH} LD_LIBRARY_PATH=/workspaces/isaac_ros-dev/install/isaac_ros_nitros/lib:/workspaces/isaac_ros-dev/install/isaac_ros_pointcloud_interfaces/lib:/workspaces/isaac_ros-dev/install/isaac_ros_nitros_interfaces/lib:/workspaces/isaac_ros-dev/install/isaac_ros_common/lib:/opt/ros/humble/install/opt/rviz_ogre_vendor/lib:/opt/ros/humble/install/lib:/usr/lib/aarch64-linux-gnu/tegra/weston:/usr/lib/aarch64-linux-gnu/tegra-egl:/usr/local/cuda-11.4/targets/aarch64-linux/lib:/usr/lib/aarch64-linux-gnu/tegra:/opt/nvidia/vpi2/lib64:/usr/lib/aarch64-linux-gnu-host:/opt/tritonserver/lib PYTHONPATH=/workspaces/isaac_ros-dev/install/isaac_ros_pointcloud_interfaces/lib/python3.8/site-packages:/workspaces/isaac_ros-dev/install/isaac_ros_nitros_interfaces/lib/python3.8/site-packages:/workspaces/isaac_ros-dev/install/isaac_ros_test/lib/python3.8/site-packages:${PYTHONPATH} /usr/bin/cmake --build /workspaces/isaac_ros-dev/build/isaac_ros_nitros_flat_scan_type -- -j4 -l4
[173.484s] Invoking command in '/workspaces/isaac_ros-dev/build/isaac_ros_nitros_flat_scan_type': AMENT_PREFIX_PATH=/workspaces/isaac_ros-dev/install/isaac_ros_nitros:/workspaces/isaac_ros-dev/install/isaac_ros_pointcloud_interfaces:/workspaces/isaac_ros-dev/install/isaac_ros_nitros_interfaces:/workspaces/isaac_ros-dev/install/isaac_ros_gxf:/workspaces/isaac_ros-dev/install/isaac_ros_test:/workspaces/isaac_ros-dev/install/isaac_ros_common:${AMENT_PREFIX_PATH} CMAKE_PREFIX_PATH=/workspaces/isaac_ros-dev/install/isaac_ros_nitros:/workspaces/isaac_ros-dev/install/isaac_ros_pointcloud_interfaces:/workspaces/isaac_ros-dev/install/isaac_ros_nitros_interfaces:/workspaces/isaac_ros-dev/install/isaac_ros_gxf:/workspaces/isaac_ros-dev/install/isaac_ros_common:${CMAKE_PREFIX_PATH} LD_LIBRARY_PATH=/workspaces/isaac_ros-dev/install/isaac_ros_nitros/lib:/workspaces/isaac_ros-dev/install/isaac_ros_pointcloud_interfaces/lib:/workspaces/isaac_ros-dev/install/isaac_ros_nitros_interfaces/lib:/workspaces/isaac_ros-dev/install/isaac_ros_common/lib:/opt/ros/humble/install/opt/rviz_ogre_vendor/lib:/opt/ros/humble/install/lib:/usr/lib/aarch64-linux-gnu/tegra/weston:/usr/lib/aarch64-linux-gnu/tegra-egl:/usr/local/cuda-11.4/targets/aarch64-linux/lib:/usr/lib/aarch64-linux-gnu/tegra:/opt/nvidia/vpi2/lib64:/usr/lib/aarch64-linux-gnu-host:/opt/tritonserver/lib PYTHONPATH=/workspaces/isaac_ros-dev/install/isaac_ros_pointcloud_interfaces/lib/python3.8/site-packages:/workspaces/isaac_ros-dev/install/isaac_ros_nitros_interfaces/lib/python3.8/site-packages:/workspaces/isaac_ros-dev/install/isaac_ros_test/lib/python3.8/site-packages:${PYTHONPATH} /usr/bin/cmake --install /workspaces/isaac_ros-dev/build/isaac_ros_nitros_flat_scan_type
[173.505s] -- Install configuration: "Release"
[173.507s] -- Installing: /workspaces/isaac_ros-dev/install/isaac_ros_nitros_flat_scan_type/lib/libyaml-cpp.a
[173.525s] -- Installing: /workspaces/isaac_ros-dev/install/isaac_ros_nitros_flat_scan_type/include/yaml-cpp
[173.526s] -- Installing: /workspaces/isaac_ros-dev/install/isaac_ros_nitros_flat_scan_type/include/yaml-cpp/exceptions.h
[173.526s] -- Installing: /workspaces/isaac_ros-dev/install/isaac_ros_nitros_flat_scan_type/include/yaml-cpp/ostream_wrapper.h
[173.526s] -- Installing: /workspaces/isaac_ros-dev/install/isaac_ros_nitros_flat_scan_type/include/yaml-cpp/emitterstyle.h
[173.527s] -- Installing: /workspaces/isaac_ros-dev/install/isaac_ros_nitros_flat_scan_type/include/yaml-cpp/yaml.h
[173.527s] -- Installing: /workspaces/isaac_ros-dev/install/isaac_ros_nitros_flat_scan_type/include/yaml-cpp/binary.h
[173.528s] -- Installing: /workspaces/isaac_ros-dev/install/isaac_ros_nitros_flat_scan_type/include/yaml-cpp/emitfromevents.h
[173.528s] -- Installing: /workspaces/isaac_ros-dev/install/isaac_ros_nitros_flat_scan_type/include/yaml-cpp/dll.h
[173.528s] -- Installing: /workspaces/isaac_ros-dev/install/isaac_ros_nitros_flat_scan_type/include/yaml-cpp/traits.h
[173.529s] -- Installing: /workspaces/isaac_ros-dev/install/isaac_ros_nitros_flat_scan_type/include/yaml-cpp/contrib
[173.529s] -- Installing: /workspaces/isaac_ros-dev/install/isaac_ros_nitros_flat_scan_type/include/yaml-cpp/contrib/anchordict.h
[173.529s] -- Installing: /workspaces/isaac_ros-dev/install/isaac_ros_nitros_flat_scan_type/include/yaml-cpp/contrib/graphbuilder.h
[173.529s] -- Installing: /workspaces/isaac_ros-dev/install/isaac_ros_nitros_flat_scan_type/include/yaml-cpp/emitter.h
[173.530s] -- Installing: /workspaces/isaac_ros-dev/install/isaac_ros_nitros_flat_scan_type/include/yaml-cpp/stlemitter.h
[173.530s] -- Installing: /workspaces/isaac_ros-dev/install/isaac_ros_nitros_flat_scan_type/include/yaml-cpp/eventhandler.h
[173.530s] -- Installing: /workspaces/isaac_ros-dev/install/isaac_ros_nitros_flat_scan_type/include/yaml-cpp/emittermanip.h
[173.531s] -- Installing: /workspaces/isaac_ros-dev/install/isaac_ros_nitros_flat_scan_type/include/yaml-cpp/anchor.h
[173.531s] -- Installing: /workspaces/isaac_ros-dev/install/isaac_ros_nitros_flat_scan_type/include/yaml-cpp/parser.h
[173.531s] -- Installing: /workspaces/isaac_ros-dev/install/isaac_ros_nitros_flat_scan_type/include/yaml-cpp/emitterdef.h
[173.532s] -- Installing: /workspaces/isaac_ros-dev/install/isaac_ros_nitros_flat_scan_type/include/yaml-cpp/node
[173.532s] -- Installing: /workspaces/isaac_ros-dev/install/isaac_ros_nitros_flat_scan_type/include/yaml-cpp/node/emit.h
[173.532s] -- Installing: /workspaces/isaac_ros-dev/install/isaac_ros_nitros_flat_scan_type/include/yaml-cpp/node/impl.h
[173.532s] -- Installing: /workspaces/isaac_ros-dev/install/isaac_ros_nitros_flat_scan_type/include/yaml-cpp/node/convert.h
[173.533s] -- Installing: /workspaces/isaac_ros-dev/install/isaac_ros_nitros_flat_scan_type/include/yaml-cpp/node/iterator.h
[173.533s] -- Installing: /workspaces/isaac_ros-dev/install/isaac_ros_nitros_flat_scan_type/include/yaml-cpp/node/parse.h
[173.534s] -- Installing: /workspaces/isaac_ros-dev/install/isaac_ros_nitros_flat_scan_type/include/yaml-cpp/node/detail
[173.534s] -- Installing: /workspaces/isaac_ros-dev/install/isaac_ros_nitros_flat_scan_type/include/yaml-cpp/node/detail/impl.h
[173.534s] -- Installing: /workspaces/isaac_ros-dev/install/isaac_ros_nitros_flat_scan_type/include/yaml-cpp/node/detail/node_ref.h
[173.534s] -- Installing: /workspaces/isaac_ros-dev/install/isaac_ros_nitros_flat_scan_type/include/yaml-cpp/node/detail/iterator.h
[173.535s] -- Installing: /workspaces/isaac_ros-dev/install/isaac_ros_nitros_flat_scan_type/include/yaml-cpp/node/detail/node_iterator.h
[173.535s] -- Installing: /workspaces/isaac_ros-dev/install/isaac_ros_nitros_flat_scan_type/include/yaml-cpp/node/detail/memory.h
[173.535s] -- Installing: /workspaces/isaac_ros-dev/install/isaac_ros_nitros_flat_scan_type/include/yaml-cpp/node/detail/iterator_fwd.h
[173.536s] -- Installing: /workspaces/isaac_ros-dev/install/isaac_ros_nitros_flat_scan_type/include/yaml-cpp/node/detail/node_data.h
[173.536s] -- Installing: /workspaces/isaac_ros-dev/install/isaac_ros_nitros_flat_scan_type/include/yaml-cpp/node/detail/bool_type.h
[173.536s] -- Installing: /workspaces/isaac_ros-dev/install/isaac_ros_nitros_flat_scan_type/include/yaml-cpp/node/detail/node.h
[173.537s] -- Installing: /workspaces/isaac_ros-dev/install/isaac_ros_nitros_flat_scan_type/include/yaml-cpp/node/node.h
[173.537s] -- Installing: /workspaces/isaac_ros-dev/install/isaac_ros_nitros_flat_scan_type/include/yaml-cpp/node/ptr.h
[173.537s] -- Installing: /workspaces/isaac_ros-dev/install/isaac_ros_nitros_flat_scan_type/include/yaml-cpp/node/type.h
[173.538s] -- Installing: /workspaces/isaac_ros-dev/install/isaac_ros_nitros_flat_scan_type/include/yaml-cpp/null.h
[173.540s] -- Installing: /workspaces/isaac_ros-dev/install/isaac_ros_nitros_flat_scan_type/include/yaml-cpp/mark.h
[173.540s] -- Installing: /workspaces/isaac_ros-dev/install/isaac_ros_nitros_flat_scan_type/lib/cmake/yaml-cpp/yaml-cpp-config.cmake
[173.543s] -- Installing: /workspaces/isaac_ros-dev/install/isaac_ros_nitros_flat_scan_type/lib/cmake/yaml-cpp/yaml-cpp-config-version.cmake
[173.547s] -- Installing: /workspaces/isaac_ros-dev/install/isaac_ros_nitros_flat_scan_type/lib/cmake/yaml-cpp/yaml-cpp-targets.cmake
[173.550s] -- Installing: /workspaces/isaac_ros-dev/install/isaac_ros_nitros_flat_scan_type/lib/cmake/yaml-cpp/yaml-cpp-targets-release.cmake
[173.554s] -- Installing: /workspaces/isaac_ros-dev/install/isaac_ros_nitros_flat_scan_type/lib/pkgconfig/yaml-cpp.pc
[173.557s] -- Installing: /workspaces/isaac_ros-dev/install/isaac_ros_nitros_flat_scan_type/share/isaac_ros_nitros_flat_scan_type/test/config
[173.560s] -- Installing: /workspaces/isaac_ros-dev/install/isaac_ros_nitros_flat_scan_type/share/isaac_ros_nitros_flat_scan_type/test/config/test_forward_node.yaml
[173.564s] -- Up-to-date: /workspaces/isaac_ros-dev/install/isaac_ros_nitros_flat_scan_type/include
[173.565s] -- Installing: /workspaces/isaac_ros-dev/install/isaac_ros_nitros_flat_scan_type/include/isaac_ros_nitros_flat_scan_type
[173.566s] -- Installing: /workspaces/isaac_ros-dev/install/isaac_ros_nitros_flat_scan_type/include/isaac_ros_nitros_flat_scan_type/nitros_flat_scan.hpp
[173.570s] -- Installing: /workspaces/isaac_ros-dev/install/isaac_ros_nitros_flat_scan_type/share/isaac_ros_nitros_flat_scan_type/environment/library_path.sh
[173.574s] -- Installing: /workspaces/isaac_ros-dev/install/isaac_ros_nitros_flat_scan_type/share/isaac_ros_nitros_flat_scan_type/environment/library_path.dsv
[173.578s] -- Installing: /workspaces/isaac_ros-dev/install/isaac_ros_nitros_flat_scan_type/lib/libisaac_ros_nitros_flat_scan_type.so
[173.588s] -- Set runtime path of "/workspaces/isaac_ros-dev/install/isaac_ros_nitros_flat_scan_type/lib/libisaac_ros_nitros_flat_scan_type.so" to "/usr/local/cuda/lib64:/opt/ros/humble/install/lib:/workspaces/isaac_ros-dev/install/isaac_ros_pointcloud_interfaces/lib:/workspaces/isaac_ros-dev/install/isaac_ros_common/lib:/workspaces/isaac_ros-dev/install/isaac_ros_nitros_interfaces/lib:/workspaces/isaac_ros-dev/install/isaac_ros_nitros/lib:/workspaces/isaac_ros-dev/install/isaac_ros_gxf/share/isaac_ros_gxf/gxf/lib/core:/workspaces/isaac_ros-dev/install/isaac_ros_gxf/share/isaac_ros_gxf/gxf/lib"
[173.588s] -- Installing: /workspaces/isaac_ros-dev/install/isaac_ros_nitros_flat_scan_type/lib/libisaac_ros_nitros_flat_scan_forward_node.so
[173.606s] -- Set runtime path of "/workspaces/isaac_ros-dev/install/isaac_ros_nitros_flat_scan_type/lib/libisaac_ros_nitros_flat_scan_forward_node.so" to "/usr/local/cuda/lib64:/opt/ros/humble/install/lib:/workspaces/isaac_ros-dev/install/isaac_ros_common/lib:/workspaces/isaac_ros-dev/install/isaac_ros_nitros_interfaces/lib:/workspaces/isaac_ros-dev/install/isaac_ros_nitros/lib:/workspaces/isaac_ros-dev/install/isaac_ros_pointcloud_interfaces/lib:/workspaces/isaac_ros-dev/install/isaac_ros_gxf/share/isaac_ros_gxf/gxf/lib/core:/workspaces/isaac_ros-dev/install/isaac_ros_gxf/share/isaac_ros_gxf/gxf/lib"
[173.606s] -- Installing: /workspaces/isaac_ros-dev/install/isaac_ros_nitros_flat_scan_type/share/ament_index/resource_index/package_run_dependencies/isaac_ros_nitros_flat_scan_type
[173.608s] -- Installing: /workspaces/isaac_ros-dev/install/isaac_ros_nitros_flat_scan_type/share/ament_index/resource_index/parent_prefix_path/isaac_ros_nitros_flat_scan_type
[173.609s] -- Installing: /workspaces/isaac_ros-dev/install/isaac_ros_nitros_flat_scan_type/share/isaac_ros_nitros_flat_scan_type/environment/ament_prefix_path.sh
[173.613s] -- Installing: /workspaces/isaac_ros-dev/install/isaac_ros_nitros_flat_scan_type/share/isaac_ros_nitros_flat_scan_type/environment/ament_prefix_path.dsv
[173.617s] -- Installing: /workspaces/isaac_ros-dev/install/isaac_ros_nitros_flat_scan_type/share/isaac_ros_nitros_flat_scan_type/environment/path.sh
[173.621s] -- Installing: /workspaces/isaac_ros-dev/install/isaac_ros_nitros_flat_scan_type/share/isaac_ros_nitros_flat_scan_type/environment/path.dsv
[173.624s] -- Installing: /workspaces/isaac_ros-dev/install/isaac_ros_nitros_flat_scan_type/share/isaac_ros_nitros_flat_scan_type/local_setup.bash
[173.628s] -- Installing: /workspaces/isaac_ros-dev/install/isaac_ros_nitros_flat_scan_type/share/isaac_ros_nitros_flat_scan_type/local_setup.sh
[173.632s] -- Installing: /workspaces/isaac_ros-dev/install/isaac_ros_nitros_flat_scan_type/share/isaac_ros_nitros_flat_scan_type/local_setup.zsh
[173.636s] -- Installing: /workspaces/isaac_ros-dev/install/isaac_ros_nitros_flat_scan_type/share/isaac_ros_nitros_flat_scan_type/local_setup.dsv
[173.639s] -- Installing: /workspaces/isaac_ros-dev/install/isaac_ros_nitros_flat_scan_type/share/isaac_ros_nitros_flat_scan_type/package.dsv
[173.643s] -- Installing: /workspaces/isaac_ros-dev/install/isaac_ros_nitros_flat_scan_type/share/ament_index/resource_index/packages/isaac_ros_nitros_flat_scan_type
[173.644s] -- Installing: /workspaces/isaac_ros-dev/install/isaac_ros_nitros_flat_scan_type/share/ament_index/resource_index/rclcpp_components/isaac_ros_nitros_flat_scan_type
[173.645s] -- Installing: /workspaces/isaac_ros-dev/install/isaac_ros_nitros_flat_scan_type/share/isaac_ros_nitros_flat_scan_type/cmake/ament_cmake_export_dependencies-extras.cmake
[173.650s] -- Installing: /workspaces/isaac_ros-dev/install/isaac_ros_nitros_flat_scan_type/share/isaac_ros_nitros_flat_scan_type/cmake/ament_cmake_export_include_directories-extras.cmake
[173.654s] -- Installing: /workspaces/isaac_ros-dev/install/isaac_ros_nitros_flat_scan_type/share/isaac_ros_nitros_flat_scan_type/cmake/ament_cmake_export_libraries-extras.cmake
[173.659s] -- Installing: /workspaces/isaac_ros-dev/install/isaac_ros_nitros_flat_scan_type/share/isaac_ros_nitros_flat_scan_type/cmake/isaac_ros_nitros_flat_scan_typeConfig.cmake
[173.662s] -- Installing: /workspaces/isaac_ros-dev/install/isaac_ros_nitros_flat_scan_type/share/isaac_ros_nitros_flat_scan_type/cmake/isaac_ros_nitros_flat_scan_typeConfig-version.cmake
[173.663s] -- Installing: /workspaces/isaac_ros-dev/install/isaac_ros_nitros_flat_scan_type/share/isaac_ros_nitros_flat_scan_type/package.xml
[173.683s] Invoked command in '/workspaces/isaac_ros-dev/build/isaac_ros_nitros_flat_scan_type' returned '0': AMENT_PREFIX_PATH=/workspaces/isaac_ros-dev/install/isaac_ros_nitros:/workspaces/isaac_ros-dev/install/isaac_ros_pointcloud_interfaces:/workspaces/isaac_ros-dev/install/isaac_ros_nitros_interfaces:/workspaces/isaac_ros-dev/install/isaac_ros_gxf:/workspaces/isaac_ros-dev/install/isaac_ros_test:/workspaces/isaac_ros-dev/install/isaac_ros_common:${AMENT_PREFIX_PATH} CMAKE_PREFIX_PATH=/workspaces/isaac_ros-dev/install/isaac_ros_nitros:/workspaces/isaac_ros-dev/install/isaac_ros_pointcloud_interfaces:/workspaces/isaac_ros-dev/install/isaac_ros_nitros_interfaces:/workspaces/isaac_ros-dev/install/isaac_ros_gxf:/workspaces/isaac_ros-dev/install/isaac_ros_common:${CMAKE_PREFIX_PATH} LD_LIBRARY_PATH=/workspaces/isaac_ros-dev/install/isaac_ros_nitros/lib:/workspaces/isaac_ros-dev/install/isaac_ros_pointcloud_interfaces/lib:/workspaces/isaac_ros-dev/install/isaac_ros_nitros_interfaces/lib:/workspaces/isaac_ros-dev/install/isaac_ros_common/lib:/opt/ros/humble/install/opt/rviz_ogre_vendor/lib:/opt/ros/humble/install/lib:/usr/lib/aarch64-linux-gnu/tegra/weston:/usr/lib/aarch64-linux-gnu/tegra-egl:/usr/local/cuda-11.4/targets/aarch64-linux/lib:/usr/lib/aarch64-linux-gnu/tegra:/opt/nvidia/vpi2/lib64:/usr/lib/aarch64-linux-gnu-host:/opt/tritonserver/lib PYTHONPATH=/workspaces/isaac_ros-dev/install/isaac_ros_pointcloud_interfaces/lib/python3.8/site-packages:/workspaces/isaac_ros-dev/install/isaac_ros_nitros_interfaces/lib/python3.8/site-packages:/workspaces/isaac_ros-dev/install/isaac_ros_test/lib/python3.8/site-packages:${PYTHONPATH} /usr/bin/cmake --install /workspaces/isaac_ros-dev/build/isaac_ros_nitros_flat_scan_type
