[0.114s] Invoking command in '/workspaces/isaac_ros-dev/build/isaac_ros_nitros': AMENT_PREFIX_PATH=/workspaces/isaac_ros-dev/install/isaac_ros_nitros_interfaces:/workspaces/isaac_ros-dev/install/isaac_ros_gxf:/workspaces/isaac_ros-dev/install/isaac_ros_test:/workspaces/isaac_ros-dev/install/isaac_ros_common:${AMENT_PREFIX_PATH} CMAKE_PREFIX_PATH=/workspaces/isaac_ros-dev/install/isaac_ros_nitros_interfaces:/workspaces/isaac_ros-dev/install/isaac_ros_gxf:/workspaces/isaac_ros-dev/install/isaac_ros_common:${CMAKE_PREFIX_PATH} LD_LIBRARY_PATH=/workspaces/isaac_ros-dev/install/isaac_ros_nitros_interfaces/lib:/workspaces/isaac_ros-dev/install/isaac_ros_common/lib:/opt/ros/humble/install/opt/rviz_ogre_vendor/lib:/opt/ros/humble/install/lib:/usr/lib/aarch64-linux-gnu/tegra/weston:/usr/lib/aarch64-linux-gnu/tegra-egl:/usr/local/cuda-11.4/targets/aarch64-linux/lib:/usr/lib/aarch64-linux-gnu/tegra:/opt/nvidia/vpi2/lib64:/usr/lib/aarch64-linux-gnu-host:/opt/tritonserver/lib PYTHONPATH=/workspaces/isaac_ros-dev/install/isaac_ros_nitros_interfaces/lib/python3.8/site-packages:/workspaces/isaac_ros-dev/build/isaac_ros_test:/workspaces/isaac_ros-dev/install/isaac_ros_test/lib/python3.8/site-packages:${PYTHONPATH} /usr/bin/cmake /workspaces/isaac_ros-dev/src/isaac_ros_nitros/isaac_ros_nitros -DAMENT_CMAKE_SYMLINK_INSTALL=1 -DCMAKE_INSTALL_PREFIX=/workspaces/isaac_ros-dev/install/isaac_ros_nitros
[0.306s] -- The C compiler identification is GNU 9.4.0
[0.505s] -- The CXX compiler identification is GNU 9.4.0
[0.526s] -- Detecting C compiler ABI info
[0.889s] -- Detecting C compiler ABI info - done
[0.923s] -- Check for working C compiler: /usr/bin/cc - skipped
[0.923s] -- Detecting C compile features
[0.925s] -- Detecting C compile features - done
[0.948s] -- Detecting CXX compiler ABI info
[1.159s] -- Detecting CXX compiler ABI info - done
[1.175s] -- Check for working CXX compiler: /usr/bin/c++ - skipped
[1.176s] -- Detecting CXX compile features
[1.178s] -- Detecting CXX compile features - done
[1.201s] -- Found ament_cmake_auto: 1.3.3 (/opt/ros/humble/install/share/ament_cmake_auto/cmake)
[3.940s] -- Found Python3: /usr/bin/python3.8 (found version "3.8.10") found components: Interpreter 
[4.323s] -- Override CMake install command with custom implementation using symlinks instead of copying resources
[4.851s] -- Loading isaac_ros_common extras
[4.851s] -- CMAKE_BUILD_TYPE: Release
[4.950s] -- Looking for pthread.h
[5.253s] -- Looking for pthread.h - found
[5.255s] -- Performing Test CMAKE_HAVE_LIBC_PTHREAD
[5.580s] -- Performing Test CMAKE_HAVE_LIBC_PTHREAD - Failed
[5.582s] -- Looking for pthread_create in pthreads
[5.754s] -- Looking for pthread_create in pthreads - not found
[5.755s] -- Looking for pthread_create in pthread
[5.968s] -- Looking for pthread_create in pthread - found
[5.972s] -- Found Threads: TRUE  
[6.042s] -- Found CUDA: /usr/local/cuda (found version "11.4") 
[6.045s] -- Loading isaac_ros_common extras (modules)
[6.185s] -- Found rosidl_generator_c: 3.1.4 (/opt/ros/humble/install/share/rosidl_generator_c/cmake)
[6.202s] -- Found rosidl_adapter: 3.1.4 (/opt/ros/humble/install/share/rosidl_adapter/cmake)
[6.232s] -- Found rosidl_generator_cpp: 3.1.4 (/opt/ros/humble/install/share/rosidl_generator_cpp/cmake)
[6.278s] -- Using all available rosidl_typesupport_c: rosidl_typesupport_fastrtps_c;rosidl_typesupport_introspection_c
[6.353s] -- Using all available rosidl_typesupport_cpp: rosidl_typesupport_fastrtps_cpp;rosidl_typesupport_introspection_cpp
[6.574s] -- Found rmw_implementation_cmake: 6.1.1 (/opt/ros/humble/install/share/rmw_implementation_cmake/cmake)
[6.586s] -- Found rmw_fastrtps_cpp: 6.2.2 (/opt/ros/humble/install/share/rmw_fastrtps_cpp/cmake)
[7.010s] -- Found OpenSSL: /usr/lib/aarch64-linux-gnu/libcrypto.so (found version "1.1.1f")  
[7.108s] -- Found FastRTPS: /opt/ros/humble/install/include  
[7.300s] -- Using RMW implementation 'rmw_fastrtps_cpp' as default
[8.119s] -- Loading isaac_ros_gxf extras
[8.142s] -- Found atlas lib=/workspaces/isaac_ros-dev/install/isaac_ros_gxf/share/isaac_ros_gxf/gxf/lib/libgxf_atlas.so, include=/workspaces/isaac_ros-dev/install/isaac_ros_gxf/share/isaac_ros_gxf/gxf/include/gxf
[8.152s] -- Found cuda lib=/workspaces/isaac_ros-dev/install/isaac_ros_gxf/share/isaac_ros_gxf/gxf/lib/cuda/libgxf_cuda.so, include=/workspaces/isaac_ros-dev/install/isaac_ros_gxf/share/isaac_ros_gxf/gxf/include/gxf
[8.160s] -- Found isaac_messages lib=/workspaces/isaac_ros-dev/install/isaac_ros_gxf/share/isaac_ros_gxf/gxf/lib/libgxf_isaac_messages.so, include=/workspaces/isaac_ros-dev/install/isaac_ros_gxf/share/isaac_ros_gxf/gxf/include/gxf
[8.170s] -- Found isaac_ros_messages lib=/workspaces/isaac_ros-dev/install/isaac_ros_gxf/share/isaac_ros_gxf/gxf/lib/libgxf_isaac_ros_messages.so, include=/workspaces/isaac_ros-dev/install/isaac_ros_gxf/share/isaac_ros_gxf/gxf/include/gxf
[8.176s] -- Found multimedia lib=/workspaces/isaac_ros-dev/install/isaac_ros_gxf/share/isaac_ros_gxf/gxf/lib/multimedia/libgxf_multimedia.so, include=/workspaces/isaac_ros-dev/install/isaac_ros_gxf/share/isaac_ros_gxf/gxf/include/gxf
[8.185s] -- Found gxf_optimizer lib=/workspaces/isaac_ros-dev/install/isaac_ros_gxf/share/isaac_ros_gxf/gxf/lib/libgxf_optimizer.so, include=/workspaces/isaac_ros-dev/install/isaac_ros_gxf/share/isaac_ros_gxf/gxf/include/gxf
[8.190s] -- Found serialization lib=/workspaces/isaac_ros-dev/install/isaac_ros_gxf/share/isaac_ros_gxf/gxf/lib/serialization/libgxf_serialization.so, include=/workspaces/isaac_ros-dev/install/isaac_ros_gxf/share/isaac_ros_gxf/gxf/include/gxf
[8.195s] -- Found std lib=/workspaces/isaac_ros-dev/install/isaac_ros_gxf/share/isaac_ros_gxf/gxf/lib/std/libgxf_std.so, include=/workspaces/isaac_ros-dev/install/isaac_ros_gxf/share/isaac_ros_gxf/gxf/include/gxf
[8.201s] -- Found core lib=/workspaces/isaac_ros-dev/install/isaac_ros_gxf/share/isaac_ros_gxf/gxf/lib/core/libgxf_core.so, include=/workspaces/isaac_ros-dev/install/isaac_ros_gxf/share/isaac_ros_gxf/gxf/include/gxf
[8.206s] -- Found GXF:  (found suitable version "2.5.0", minimum required is "2.5.0") found components: core multimedia gxf_optimizer 
[13.970s] -- Performing Test FLAG_WEXTRA
[14.342s] -- Performing Test FLAG_WEXTRA - Success
[14.424s] -- Found ament_lint_auto: 0.12.5 (/opt/ros/humble/install/share/ament_lint_auto/cmake)
[14.594s] -- Found launch_testing_ament_cmake: 1.0.4 (/opt/ros/humble/install/share/launch_testing_ament_cmake/cmake)
[14.601s] -- Found python_cmake_module: 0.10.0 (/opt/ros/humble/install/share/python_cmake_module/cmake)
[14.762s] -- Found PythonInterp: /usr/bin/python3 (found suitable version "3.8.10", minimum required is "3.6") 
[14.796s] -- Found PythonLibs: /usr/lib/aarch64-linux-gnu/libpython3.8.so (found suitable version "3.8.10", minimum required is "3.5") 
[14.797s] -- Using PYTHON_EXECUTABLE: /usr/bin/python3
[14.797s] -- Using PYTHON_INCLUDE_DIRS: /usr/include/python3.8
[14.797s] -- Using PYTHON_LIBRARIES: /usr/lib/aarch64-linux-gnu/libpython3.8.so
[14.944s] -- Found PythonExtra: .so  
[15.009s] -- Added test 'cppcheck' to perform static code analysis on C / C++ code
[15.010s] -- Configured cppcheck include dirs: /workspaces/isaac_ros-dev/src/isaac_ros_nitros/isaac_ros_nitros/include
[15.010s] -- Configured cppcheck exclude dirs and/or files: 
[15.029s] -- Added test 'cpplint' to check C / C++ code against the Google style
[15.029s] -- Configured cpplint exclude dirs and/or files: 
[15.032s] -- Added test 'flake8' to check Python code syntax and style conventions
[15.048s] -- Added test 'lint_cmake' to check CMake code style
[15.053s] -- Added test 'pep257' to check Python code against some of the docstring style conventions in PEP 257
[15.081s] -- Added test 'uncrustify' to check C / C++ code style
[15.082s] -- Configured uncrustify additional arguments: 
[15.086s] -- Added test 'xmllint' to check XML markup files
[15.108s] -- Configuring done
[15.356s] -- Generating done
[15.364s] -- Build files have been written to: /workspaces/isaac_ros-dev/build/isaac_ros_nitros
[15.445s] Invoked command in '/workspaces/isaac_ros-dev/build/isaac_ros_nitros' returned '0': AMENT_PREFIX_PATH=/workspaces/isaac_ros-dev/install/isaac_ros_nitros_interfaces:/workspaces/isaac_ros-dev/install/isaac_ros_gxf:/workspaces/isaac_ros-dev/install/isaac_ros_test:/workspaces/isaac_ros-dev/install/isaac_ros_common:${AMENT_PREFIX_PATH} CMAKE_PREFIX_PATH=/workspaces/isaac_ros-dev/install/isaac_ros_nitros_interfaces:/workspaces/isaac_ros-dev/install/isaac_ros_gxf:/workspaces/isaac_ros-dev/install/isaac_ros_common:${CMAKE_PREFIX_PATH} LD_LIBRARY_PATH=/workspaces/isaac_ros-dev/install/isaac_ros_nitros_interfaces/lib:/workspaces/isaac_ros-dev/install/isaac_ros_common/lib:/opt/ros/humble/install/opt/rviz_ogre_vendor/lib:/opt/ros/humble/install/lib:/usr/lib/aarch64-linux-gnu/tegra/weston:/usr/lib/aarch64-linux-gnu/tegra-egl:/usr/local/cuda-11.4/targets/aarch64-linux/lib:/usr/lib/aarch64-linux-gnu/tegra:/opt/nvidia/vpi2/lib64:/usr/lib/aarch64-linux-gnu-host:/opt/tritonserver/lib PYTHONPATH=/workspaces/isaac_ros-dev/install/isaac_ros_nitros_interfaces/lib/python3.8/site-packages:/workspaces/isaac_ros-dev/build/isaac_ros_test:/workspaces/isaac_ros-dev/install/isaac_ros_test/lib/python3.8/site-packages:${PYTHONPATH} /usr/bin/cmake /workspaces/isaac_ros-dev/src/isaac_ros_nitros/isaac_ros_nitros -DAMENT_CMAKE_SYMLINK_INSTALL=1 -DCMAKE_INSTALL_PREFIX=/workspaces/isaac_ros-dev/install/isaac_ros_nitros
[15.447s] Invoking command in '/workspaces/isaac_ros-dev/build/isaac_ros_nitros': AMENT_PREFIX_PATH=/workspaces/isaac_ros-dev/install/isaac_ros_nitros_interfaces:/workspaces/isaac_ros-dev/install/isaac_ros_gxf:/workspaces/isaac_ros-dev/install/isaac_ros_test:/workspaces/isaac_ros-dev/install/isaac_ros_common:${AMENT_PREFIX_PATH} CMAKE_PREFIX_PATH=/workspaces/isaac_ros-dev/install/isaac_ros_nitros_interfaces:/workspaces/isaac_ros-dev/install/isaac_ros_gxf:/workspaces/isaac_ros-dev/install/isaac_ros_common:${CMAKE_PREFIX_PATH} LD_LIBRARY_PATH=/workspaces/isaac_ros-dev/install/isaac_ros_nitros_interfaces/lib:/workspaces/isaac_ros-dev/install/isaac_ros_common/lib:/opt/ros/humble/install/opt/rviz_ogre_vendor/lib:/opt/ros/humble/install/lib:/usr/lib/aarch64-linux-gnu/tegra/weston:/usr/lib/aarch64-linux-gnu/tegra-egl:/usr/local/cuda-11.4/targets/aarch64-linux/lib:/usr/lib/aarch64-linux-gnu/tegra:/opt/nvidia/vpi2/lib64:/usr/lib/aarch64-linux-gnu-host:/opt/tritonserver/lib PYTHONPATH=/workspaces/isaac_ros-dev/install/isaac_ros_nitros_interfaces/lib/python3.8/site-packages:/workspaces/isaac_ros-dev/build/isaac_ros_test:/workspaces/isaac_ros-dev/install/isaac_ros_test/lib/python3.8/site-packages:${PYTHONPATH} /usr/bin/cmake --build /workspaces/isaac_ros-dev/build/isaac_ros_nitros -- -j4 -l4
[15.696s] [  2%] [32mBuilding CXX object _deps/yaml-cpp-build/CMakeFiles/yaml-cpp.dir/src/binary.cpp.o[0m
[16.541s] [  4%] [32mBuilding CXX object _deps/yaml-cpp-build/CMakeFiles/yaml-cpp.dir/src/directives.cpp.o[0m
[17.307s] [  6%] [32mBuilding CXX object _deps/yaml-cpp-build/CMakeFiles/yaml-cpp.dir/src/emit.cpp.o[0m
[18.870s] [  9%] [32mBuilding CXX object _deps/yaml-cpp-build/CMakeFiles/yaml-cpp.dir/src/emitfromevents.cpp.o[0m
[20.760s] [ 11%] [32mBuilding CXX object _deps/yaml-cpp-build/CMakeFiles/yaml-cpp.dir/src/emitter.cpp.o[0m
[23.313s] [ 13%] [32mBuilding CXX object _deps/yaml-cpp-build/CMakeFiles/yaml-cpp.dir/src/emitterstate.cpp.o[0m
[25.327s] [ 16%] [32mBuilding CXX object _deps/yaml-cpp-build/CMakeFiles/yaml-cpp.dir/src/emitterutils.cpp.o[0m
[25.721s] [ 18%] [32mBuilding CXX object _deps/yaml-cpp-build/CMakeFiles/yaml-cpp.dir/src/convert.cpp.o[0m
[26.734s] [ 20%] [32mBuilding CXX object _deps/yaml-cpp-build/CMakeFiles/yaml-cpp.dir/src/exceptions.cpp.o[0m
[27.695s] [ 23%] [32mBuilding CXX object _deps/yaml-cpp-build/CMakeFiles/yaml-cpp.dir/src/exp.cpp.o[0m
[27.886s] [ 25%] [32mBuilding CXX object _deps/yaml-cpp-build/CMakeFiles/yaml-cpp.dir/src/memory.cpp.o[0m
[29.305s] [ 27%] [32mBuilding CXX object _deps/yaml-cpp-build/CMakeFiles/yaml-cpp.dir/src/node.cpp.o[0m
[29.711s] [ 30%] [32mBuilding CXX object _deps/yaml-cpp-build/CMakeFiles/yaml-cpp.dir/src/node_data.cpp.o[0m
[30.289s] [ 32%] [32mBuilding CXX object _deps/yaml-cpp-build/CMakeFiles/yaml-cpp.dir/src/nodebuilder.cpp.o[0m
[32.249s] [ 34%] [32mBuilding CXX object _deps/yaml-cpp-build/CMakeFiles/yaml-cpp.dir/src/nodeevents.cpp.o[0m
[32.784s] [ 37%] [32mBuilding CXX object _deps/yaml-cpp-build/CMakeFiles/yaml-cpp.dir/src/null.cpp.o[0m
[33.294s] [ 39%] [32mBuilding CXX object _deps/yaml-cpp-build/CMakeFiles/yaml-cpp.dir/src/ostream_wrapper.cpp.o[0m
[33.354s] [ 41%] [32mBuilding CXX object _deps/yaml-cpp-build/CMakeFiles/yaml-cpp.dir/src/parse.cpp.o[0m
[34.309s] [ 44%] [32mBuilding CXX object _deps/yaml-cpp-build/CMakeFiles/yaml-cpp.dir/src/parser.cpp.o[0m
[34.394s] [ 46%] [32mBuilding CXX object _deps/yaml-cpp-build/CMakeFiles/yaml-cpp.dir/src/regex_yaml.cpp.o[0m
[35.843s] [ 48%] [32mBuilding CXX object _deps/yaml-cpp-build/CMakeFiles/yaml-cpp.dir/src/scanner.cpp.o[0m
[35.854s] [ 51%] [32mBuilding CXX object _deps/yaml-cpp-build/CMakeFiles/yaml-cpp.dir/src/scanscalar.cpp.o[0m
[36.663s] [ 53%] [32mBuilding CXX object _deps/yaml-cpp-build/CMakeFiles/yaml-cpp.dir/src/scantag.cpp.o[0m
[38.547s] [ 55%] [32mBuilding CXX object _deps/yaml-cpp-build/CMakeFiles/yaml-cpp.dir/src/scantoken.cpp.o[0m
[38.848s] [ 58%] [32mBuilding CXX object _deps/yaml-cpp-build/CMakeFiles/yaml-cpp.dir/src/simplekey.cpp.o[0m
[39.790s] [ 60%] [32mBuilding CXX object _deps/yaml-cpp-build/CMakeFiles/yaml-cpp.dir/src/singledocparser.cpp.o[0m
[40.559s] [ 62%] [32mBuilding CXX object _deps/yaml-cpp-build/CMakeFiles/yaml-cpp.dir/src/stream.cpp.o[0m
[41.973s] [ 65%] [32mBuilding CXX object _deps/yaml-cpp-build/CMakeFiles/yaml-cpp.dir/src/tag.cpp.o[0m
[42.799s] [ 67%] [32mBuilding CXX object _deps/yaml-cpp-build/CMakeFiles/yaml-cpp.dir/src/contrib/graphbuilder.cpp.o[0m
[43.157s] [ 69%] [32mBuilding CXX object _deps/yaml-cpp-build/CMakeFiles/yaml-cpp.dir/src/contrib/graphbuilderadapter.cpp.o[0m
[44.353s] [ 72%] [32m[1mLinking CXX static library libyaml-cpp.a[0m
[44.429s] [ 72%] Built target yaml-cpp
[44.463s] [ 76%] [32mBuilding CXX object CMakeFiles/isaac_ros_nitros.dir/src/nitros_context.cpp.o[0m
[44.464s] [ 76%] [32mBuilding CXX object CMakeFiles/isaac_ros_nitros_exe.dir/rclcpp_components/node_main_isaac_ros_nitros_exe.cpp.o[0m
[44.464s] [ 81%] [32mBuilding CXX object CMakeFiles/isaac_ros_nitros.dir/src/types/type_adapter_nitros_context.cpp.o[0m
[44.464s] [ 79%] [32mBuilding CXX object CMakeFiles/isaac_ros_nitros.dir/src/nitros_node.cpp.o[0m
[56.367s] [ 83%] [32mBuilding CXX object CMakeFiles/isaac_ros_nitros.dir/src/types/nitros_type_base.cpp.o[0m
[57.224s] [ 86%] [32m[1mLinking CXX executable isaac_ros_nitros_exe[0m
[57.596s] [ 86%] Built target isaac_ros_nitros_exe
[57.610s] [ 88%] [32mBuilding CXX object CMakeFiles/isaac_ros_nitros.dir/src/types/nitros_empty.cpp.o[0m
[59.678s] [ 90%] [32mBuilding CXX object CMakeFiles/isaac_ros_nitros.dir/src/nitros_publisher.cpp.o[0m
[67.454s] [ 93%] [32mBuilding CXX object CMakeFiles/isaac_ros_nitros.dir/src/nitros_subscriber.cpp.o[0m
[83.778s] [ 95%] [32mBuilding CXX object CMakeFiles/isaac_ros_nitros.dir/src/nitros_publisher_subscriber_group.cpp.o[0m
[85.226s] [ 97%] [32mBuilding CXX object CMakeFiles/isaac_ros_nitros.dir/src/utils/vpi_utilities.cpp.o[0m
[110.464s] [100%] [32m[1mLinking CXX shared library libisaac_ros_nitros.so[0m
[111.157s] [100%] Built target isaac_ros_nitros
[111.173s] Invoked command in '/workspaces/isaac_ros-dev/build/isaac_ros_nitros' returned '0': AMENT_PREFIX_PATH=/workspaces/isaac_ros-dev/install/isaac_ros_nitros_interfaces:/workspaces/isaac_ros-dev/install/isaac_ros_gxf:/workspaces/isaac_ros-dev/install/isaac_ros_test:/workspaces/isaac_ros-dev/install/isaac_ros_common:${AMENT_PREFIX_PATH} CMAKE_PREFIX_PATH=/workspaces/isaac_ros-dev/install/isaac_ros_nitros_interfaces:/workspaces/isaac_ros-dev/install/isaac_ros_gxf:/workspaces/isaac_ros-dev/install/isaac_ros_common:${CMAKE_PREFIX_PATH} LD_LIBRARY_PATH=/workspaces/isaac_ros-dev/install/isaac_ros_nitros_interfaces/lib:/workspaces/isaac_ros-dev/install/isaac_ros_common/lib:/opt/ros/humble/install/opt/rviz_ogre_vendor/lib:/opt/ros/humble/install/lib:/usr/lib/aarch64-linux-gnu/tegra/weston:/usr/lib/aarch64-linux-gnu/tegra-egl:/usr/local/cuda-11.4/targets/aarch64-linux/lib:/usr/lib/aarch64-linux-gnu/tegra:/opt/nvidia/vpi2/lib64:/usr/lib/aarch64-linux-gnu-host:/opt/tritonserver/lib PYTHONPATH=/workspaces/isaac_ros-dev/install/isaac_ros_nitros_interfaces/lib/python3.8/site-packages:/workspaces/isaac_ros-dev/build/isaac_ros_test:/workspaces/isaac_ros-dev/install/isaac_ros_test/lib/python3.8/site-packages:${PYTHONPATH} /usr/bin/cmake --build /workspaces/isaac_ros-dev/build/isaac_ros_nitros -- -j4 -l4
[111.326s] Invoking command in '/workspaces/isaac_ros-dev/build/isaac_ros_nitros': AMENT_PREFIX_PATH=/workspaces/isaac_ros-dev/install/isaac_ros_nitros_interfaces:/workspaces/isaac_ros-dev/install/isaac_ros_gxf:/workspaces/isaac_ros-dev/install/isaac_ros_test:/workspaces/isaac_ros-dev/install/isaac_ros_common:${AMENT_PREFIX_PATH} CMAKE_PREFIX_PATH=/workspaces/isaac_ros-dev/install/isaac_ros_nitros_interfaces:/workspaces/isaac_ros-dev/install/isaac_ros_gxf:/workspaces/isaac_ros-dev/install/isaac_ros_common:${CMAKE_PREFIX_PATH} LD_LIBRARY_PATH=/workspaces/isaac_ros-dev/install/isaac_ros_nitros_interfaces/lib:/workspaces/isaac_ros-dev/install/isaac_ros_common/lib:/opt/ros/humble/install/opt/rviz_ogre_vendor/lib:/opt/ros/humble/install/lib:/usr/lib/aarch64-linux-gnu/tegra/weston:/usr/lib/aarch64-linux-gnu/tegra-egl:/usr/local/cuda-11.4/targets/aarch64-linux/lib:/usr/lib/aarch64-linux-gnu/tegra:/opt/nvidia/vpi2/lib64:/usr/lib/aarch64-linux-gnu-host:/opt/tritonserver/lib PYTHONPATH=/workspaces/isaac_ros-dev/install/isaac_ros_nitros_interfaces/lib/python3.8/site-packages:/workspaces/isaac_ros-dev/build/isaac_ros_test:/workspaces/isaac_ros-dev/install/isaac_ros_test/lib/python3.8/site-packages:${PYTHONPATH} /usr/bin/cmake --install /workspaces/isaac_ros-dev/build/isaac_ros_nitros
[111.338s] -- Install configuration: "Release"
[111.339s] -- Execute custom install script
[111.340s] -- Symlinking: /workspaces/isaac_ros-dev/install/isaac_ros_nitros/share/ament_index/resource_index/elbrus/isaac_ros_nitros
[111.351s] -- Symlinking: /workspaces/isaac_ros-dev/install/isaac_ros_nitros/share/isaac_ros_nitros/elbrus/include/elbrus.h
[111.359s] -- Symlinking: /workspaces/isaac_ros-dev/install/isaac_ros_nitros/share/isaac_ros_nitros/elbrus/lib_aarch64_jetpack51/libelbrus.so
[111.368s] -- Symlinking: /workspaces/isaac_ros-dev/install/isaac_ros_nitros/share/isaac_ros_nitros/elbrus/lib_x86_64_cuda_11_8/libelbrus.so
[111.377s] -- Symlinking: /workspaces/isaac_ros-dev/install/isaac_ros_nitros/share/ament_index/resource_index/nvapriltags/isaac_ros_nitros
[111.387s] -- Symlinking: /workspaces/isaac_ros-dev/install/isaac_ros_nitros/share/isaac_ros_nitros/nvapriltags/lib_aarch64_jetpack51/libapril_tagging.a
[111.395s] -- Symlinking: /workspaces/isaac_ros-dev/install/isaac_ros_nitros/share/isaac_ros_nitros/nvapriltags/lib_x86_64_cuda_11_8/libapril_tagging.a
[111.404s] -- Symlinking: /workspaces/isaac_ros-dev/install/isaac_ros_nitros/share/isaac_ros_nitros/nvapriltags/nvapriltags/nvAprilTags.h
[111.412s] -- Symlinking: /workspaces/isaac_ros-dev/install/isaac_ros_nitros/lib/pkgconfig/yaml-cpp.pc
[111.421s] -- Symlinking: /workspaces/isaac_ros-dev/install/isaac_ros_nitros/lib/isaac_ros_nitros/isaac_ros_nitros_exe
[111.431s] -- Symlinking: /workspaces/isaac_ros-dev/install/isaac_ros_nitros/include/isaac_ros_nitros/nitros_context.hpp
[111.440s] -- Symlinking: /workspaces/isaac_ros-dev/install/isaac_ros_nitros/include/isaac_ros_nitros/nitros_node.hpp
[111.449s] -- Symlinking: /workspaces/isaac_ros-dev/install/isaac_ros_nitros/include/isaac_ros_nitros/nitros_publisher.hpp
[111.458s] -- Symlinking: /workspaces/isaac_ros-dev/install/isaac_ros_nitros/include/isaac_ros_nitros/nitros_publisher_subscriber_base.hpp
[111.468s] -- Symlinking: /workspaces/isaac_ros-dev/install/isaac_ros_nitros/include/isaac_ros_nitros/nitros_publisher_subscriber_group.hpp
[111.478s] -- Symlinking: /workspaces/isaac_ros-dev/install/isaac_ros_nitros/include/isaac_ros_nitros/nitros_subscriber.hpp
[111.488s] -- Symlinking: /workspaces/isaac_ros-dev/install/isaac_ros_nitros/include/isaac_ros_nitros/types/nitros_empty.hpp
[111.497s] -- Symlinking: /workspaces/isaac_ros-dev/install/isaac_ros_nitros/include/isaac_ros_nitros/types/nitros_format_agent.hpp
[111.507s] -- Symlinking: /workspaces/isaac_ros-dev/install/isaac_ros_nitros/include/isaac_ros_nitros/types/nitros_type_base.hpp
[111.517s] -- Symlinking: /workspaces/isaac_ros-dev/install/isaac_ros_nitros/include/isaac_ros_nitros/types/nitros_type_manager.hpp
[111.526s] -- Symlinking: /workspaces/isaac_ros-dev/install/isaac_ros_nitros/include/isaac_ros_nitros/types/type_adapter_nitros_context.hpp
[111.537s] -- Symlinking: /workspaces/isaac_ros-dev/install/isaac_ros_nitros/include/isaac_ros_nitros/types/type_utility.hpp
[111.546s] -- Symlinking: /workspaces/isaac_ros-dev/install/isaac_ros_nitros/include/isaac_ros_nitros/utils/vpi_utilities.hpp
[111.557s] -- Symlinking: /workspaces/isaac_ros-dev/install/isaac_ros_nitros/share/isaac_ros_nitros/environment/library_path.sh
[111.567s] -- Symlinking: /workspaces/isaac_ros-dev/install/isaac_ros_nitros/share/isaac_ros_nitros/environment/library_path.dsv
[111.577s] -- Symlinking: /workspaces/isaac_ros-dev/install/isaac_ros_nitros/lib/libisaac_ros_nitros.so
[111.588s] -- Symlinking: /workspaces/isaac_ros-dev/install/isaac_ros_nitros/share/isaac_ros_nitros/config/test_forward_node.yaml
[111.597s] -- Symlinking: /workspaces/isaac_ros-dev/install/isaac_ros_nitros/share/isaac_ros_nitros/config/type_adapter_nitros_context_graph.yaml
[111.607s] -- Symlinking: /workspaces/isaac_ros-dev/install/isaac_ros_nitros/share/ament_index/resource_index/package_run_dependencies/isaac_ros_nitros
[111.617s] -- Symlinking: /workspaces/isaac_ros-dev/install/isaac_ros_nitros/share/ament_index/resource_index/parent_prefix_path/isaac_ros_nitros
[111.627s] -- Symlinking: /workspaces/isaac_ros-dev/install/isaac_ros_nitros/share/isaac_ros_nitros/environment/ament_prefix_path.sh
[111.637s] -- Symlinking: /workspaces/isaac_ros-dev/install/isaac_ros_nitros/share/isaac_ros_nitros/environment/ament_prefix_path.dsv
[111.646s] -- Symlinking: /workspaces/isaac_ros-dev/install/isaac_ros_nitros/share/isaac_ros_nitros/environment/path.sh
[111.657s] -- Symlinking: /workspaces/isaac_ros-dev/install/isaac_ros_nitros/share/isaac_ros_nitros/environment/path.dsv
[111.666s] -- Symlinking: /workspaces/isaac_ros-dev/install/isaac_ros_nitros/share/isaac_ros_nitros/local_setup.bash
[111.677s] -- Symlinking: /workspaces/isaac_ros-dev/install/isaac_ros_nitros/share/isaac_ros_nitros/local_setup.sh
[111.687s] -- Symlinking: /workspaces/isaac_ros-dev/install/isaac_ros_nitros/share/isaac_ros_nitros/local_setup.zsh
[111.697s] -- Symlinking: /workspaces/isaac_ros-dev/install/isaac_ros_nitros/share/isaac_ros_nitros/local_setup.dsv
[111.706s] -- Symlinking: /workspaces/isaac_ros-dev/install/isaac_ros_nitros/share/isaac_ros_nitros/package.dsv
[111.715s] -- Symlinking: /workspaces/isaac_ros-dev/install/isaac_ros_nitros/share/ament_index/resource_index/packages/isaac_ros_nitros
[111.725s] -- Symlinking: /workspaces/isaac_ros-dev/install/isaac_ros_nitros/share/ament_index/resource_index/rclcpp_components/isaac_ros_nitros
[111.735s] -- Symlinking: /workspaces/isaac_ros-dev/install/isaac_ros_nitros/share/isaac_ros_nitros/cmake/ament_cmake_export_include_directories-extras.cmake
[111.745s] -- Symlinking: /workspaces/isaac_ros-dev/install/isaac_ros_nitros/share/isaac_ros_nitros/cmake/ament_cmake_export_dependencies-extras.cmake
[111.755s] -- Symlinking: /workspaces/isaac_ros-dev/install/isaac_ros_nitros/share/isaac_ros_nitros/cmake/ament_cmake_export_libraries-extras.cmake
[111.765s] -- Symlinking: /workspaces/isaac_ros-dev/install/isaac_ros_nitros/share/isaac_ros_nitros/cmake/isaac_ros_nitrosConfig.cmake
[111.774s] -- Symlinking: /workspaces/isaac_ros-dev/install/isaac_ros_nitros/share/isaac_ros_nitros/cmake/isaac_ros_nitrosConfig-version.cmake
[111.784s] -- Symlinking: /workspaces/isaac_ros-dev/install/isaac_ros_nitros/share/isaac_ros_nitros/package.xml
[111.794s] -- Installing: /workspaces/isaac_ros-dev/install/isaac_ros_nitros/lib/libyaml-cpp.a
[111.800s] -- Installing: /workspaces/isaac_ros-dev/install/isaac_ros_nitros/include/yaml-cpp
[111.800s] -- Installing: /workspaces/isaac_ros-dev/install/isaac_ros_nitros/include/yaml-cpp/exceptions.h
[111.801s] -- Installing: /workspaces/isaac_ros-dev/install/isaac_ros_nitros/include/yaml-cpp/ostream_wrapper.h
[111.802s] -- Installing: /workspaces/isaac_ros-dev/install/isaac_ros_nitros/include/yaml-cpp/emitterstyle.h
[111.802s] -- Installing: /workspaces/isaac_ros-dev/install/isaac_ros_nitros/include/yaml-cpp/yaml.h
[111.803s] -- Installing: /workspaces/isaac_ros-dev/install/isaac_ros_nitros/include/yaml-cpp/binary.h
[111.803s] -- Installing: /workspaces/isaac_ros-dev/install/isaac_ros_nitros/include/yaml-cpp/emitfromevents.h
[111.803s] -- Installing: /workspaces/isaac_ros-dev/install/isaac_ros_nitros/include/yaml-cpp/dll.h
[111.804s] -- Installing: /workspaces/isaac_ros-dev/install/isaac_ros_nitros/include/yaml-cpp/traits.h
[111.805s] -- Installing: /workspaces/isaac_ros-dev/install/isaac_ros_nitros/include/yaml-cpp/contrib
[111.805s] -- Installing: /workspaces/isaac_ros-dev/install/isaac_ros_nitros/include/yaml-cpp/contrib/anchordict.h
[111.805s] -- Installing: /workspaces/isaac_ros-dev/install/isaac_ros_nitros/include/yaml-cpp/contrib/graphbuilder.h
[111.806s] -- Installing: /workspaces/isaac_ros-dev/install/isaac_ros_nitros/include/yaml-cpp/emitter.h
[111.806s] -- Installing: /workspaces/isaac_ros-dev/install/isaac_ros_nitros/include/yaml-cpp/stlemitter.h
[111.806s] -- Installing: /workspaces/isaac_ros-dev/install/isaac_ros_nitros/include/yaml-cpp/eventhandler.h
[111.807s] -- Installing: /workspaces/isaac_ros-dev/install/isaac_ros_nitros/include/yaml-cpp/emittermanip.h
[111.807s] -- Installing: /workspaces/isaac_ros-dev/install/isaac_ros_nitros/include/yaml-cpp/anchor.h
[111.808s] -- Installing: /workspaces/isaac_ros-dev/install/isaac_ros_nitros/include/yaml-cpp/parser.h
[111.808s] -- Installing: /workspaces/isaac_ros-dev/install/isaac_ros_nitros/include/yaml-cpp/emitterdef.h
[111.809s] -- Installing: /workspaces/isaac_ros-dev/install/isaac_ros_nitros/include/yaml-cpp/node
[111.809s] -- Installing: /workspaces/isaac_ros-dev/install/isaac_ros_nitros/include/yaml-cpp/node/emit.h
[111.812s] -- Installing: /workspaces/isaac_ros-dev/install/isaac_ros_nitros/include/yaml-cpp/node/impl.h
[111.813s] -- Installing: /workspaces/isaac_ros-dev/install/isaac_ros_nitros/include/yaml-cpp/node/convert.h
[111.813s] -- Installing: /workspaces/isaac_ros-dev/install/isaac_ros_nitros/include/yaml-cpp/node/iterator.h
[111.813s] -- Installing: /workspaces/isaac_ros-dev/install/isaac_ros_nitros/include/yaml-cpp/node/parse.h
[111.813s] -- Installing: /workspaces/isaac_ros-dev/install/isaac_ros_nitros/include/yaml-cpp/node/detail
[111.814s] -- Installing: /workspaces/isaac_ros-dev/install/isaac_ros_nitros/include/yaml-cpp/node/detail/impl.h
[111.814s] -- Installing: /workspaces/isaac_ros-dev/install/isaac_ros_nitros/include/yaml-cpp/node/detail/node_ref.h
[111.814s] -- Installing: /workspaces/isaac_ros-dev/install/isaac_ros_nitros/include/yaml-cpp/node/detail/iterator.h
[111.815s] -- Installing: /workspaces/isaac_ros-dev/install/isaac_ros_nitros/include/yaml-cpp/node/detail/node_iterator.h
[111.815s] -- Installing: /workspaces/isaac_ros-dev/install/isaac_ros_nitros/include/yaml-cpp/node/detail/memory.h
[111.815s] -- Installing: /workspaces/isaac_ros-dev/install/isaac_ros_nitros/include/yaml-cpp/node/detail/iterator_fwd.h
[111.815s] -- Installing: /workspaces/isaac_ros-dev/install/isaac_ros_nitros/include/yaml-cpp/node/detail/node_data.h
[111.816s] -- Installing: /workspaces/isaac_ros-dev/install/isaac_ros_nitros/include/yaml-cpp/node/detail/bool_type.h
[111.816s] -- Installing: /workspaces/isaac_ros-dev/install/isaac_ros_nitros/include/yaml-cpp/node/detail/node.h
[111.816s] -- Installing: /workspaces/isaac_ros-dev/install/isaac_ros_nitros/include/yaml-cpp/node/node.h
[111.817s] -- Installing: /workspaces/isaac_ros-dev/install/isaac_ros_nitros/include/yaml-cpp/node/ptr.h
[111.817s] -- Installing: /workspaces/isaac_ros-dev/install/isaac_ros_nitros/include/yaml-cpp/node/type.h
[111.818s] -- Installing: /workspaces/isaac_ros-dev/install/isaac_ros_nitros/include/yaml-cpp/null.h
[111.818s] -- Installing: /workspaces/isaac_ros-dev/install/isaac_ros_nitros/include/yaml-cpp/mark.h
[111.819s] -- Installing: /workspaces/isaac_ros-dev/install/isaac_ros_nitros/lib/cmake/yaml-cpp/yaml-cpp-config.cmake
[111.819s] -- Installing: /workspaces/isaac_ros-dev/install/isaac_ros_nitros/lib/cmake/yaml-cpp/yaml-cpp-config-version.cmake
[111.820s] -- Installing: /workspaces/isaac_ros-dev/install/isaac_ros_nitros/lib/cmake/yaml-cpp/yaml-cpp-targets.cmake
[111.821s] -- Installing: /workspaces/isaac_ros-dev/install/isaac_ros_nitros/lib/cmake/yaml-cpp/yaml-cpp-targets-release.cmake
[111.830s] Invoked command in '/workspaces/isaac_ros-dev/build/isaac_ros_nitros' returned '0': AMENT_PREFIX_PATH=/workspaces/isaac_ros-dev/install/isaac_ros_nitros_interfaces:/workspaces/isaac_ros-dev/install/isaac_ros_gxf:/workspaces/isaac_ros-dev/install/isaac_ros_test:/workspaces/isaac_ros-dev/install/isaac_ros_common:${AMENT_PREFIX_PATH} CMAKE_PREFIX_PATH=/workspaces/isaac_ros-dev/install/isaac_ros_nitros_interfaces:/workspaces/isaac_ros-dev/install/isaac_ros_gxf:/workspaces/isaac_ros-dev/install/isaac_ros_common:${CMAKE_PREFIX_PATH} LD_LIBRARY_PATH=/workspaces/isaac_ros-dev/install/isaac_ros_nitros_interfaces/lib:/workspaces/isaac_ros-dev/install/isaac_ros_common/lib:/opt/ros/humble/install/opt/rviz_ogre_vendor/lib:/opt/ros/humble/install/lib:/usr/lib/aarch64-linux-gnu/tegra/weston:/usr/lib/aarch64-linux-gnu/tegra-egl:/usr/local/cuda-11.4/targets/aarch64-linux/lib:/usr/lib/aarch64-linux-gnu/tegra:/opt/nvidia/vpi2/lib64:/usr/lib/aarch64-linux-gnu-host:/opt/tritonserver/lib PYTHONPATH=/workspaces/isaac_ros-dev/install/isaac_ros_nitros_interfaces/lib/python3.8/site-packages:/workspaces/isaac_ros-dev/build/isaac_ros_test:/workspaces/isaac_ros-dev/install/isaac_ros_test/lib/python3.8/site-packages:${PYTHONPATH} /usr/bin/cmake --install /workspaces/isaac_ros-dev/build/isaac_ros_nitros
