[0.086s] Invoking command in '/workspaces/isaac_ros-dev/build/isaac_ros_nitros_point_cloud_type': AMENT_PREFIX_PATH=/workspaces/isaac_ros-dev/install/isaac_ros_nitros:/workspaces/isaac_ros-dev/install/isaac_ros_nitros_interfaces:/workspaces/isaac_ros-dev/install/isaac_ros_gxf:/workspaces/isaac_ros-dev/install/isaac_ros_test:/workspaces/isaac_ros-dev/install/isaac_ros_common:${AMENT_PREFIX_PATH} CMAKE_PREFIX_PATH=/workspaces/isaac_ros-dev/install/isaac_ros_nitros:/workspaces/isaac_ros-dev/install/isaac_ros_nitros_interfaces:/workspaces/isaac_ros-dev/install/isaac_ros_gxf:/workspaces/isaac_ros-dev/install/isaac_ros_common:${CMAKE_PREFIX_PATH} LD_LIBRARY_PATH=/workspaces/isaac_ros-dev/install/isaac_ros_nitros/lib:/workspaces/isaac_ros-dev/install/isaac_ros_nitros_interfaces/lib:/workspaces/isaac_ros-dev/install/isaac_ros_common/lib:/opt/ros/humble/install/opt/rviz_ogre_vendor/lib:/opt/ros/humble/install/lib:/usr/lib/aarch64-linux-gnu/tegra/weston:/usr/lib/aarch64-linux-gnu/tegra-egl:/usr/local/cuda-11.4/targets/aarch64-linux/lib:/usr/lib/aarch64-linux-gnu/tegra:/opt/nvidia/vpi2/lib64:/usr/lib/aarch64-linux-gnu-host:/opt/tritonserver/lib PYTHONPATH=/workspaces/isaac_ros-dev/install/isaac_ros_nitros_interfaces/lib/python3.8/site-packages:/workspaces/isaac_ros-dev/install/isaac_ros_test/lib/python3.8/site-packages:${PYTHONPATH} /usr/bin/cmake /workspaces/isaac_ros-dev/src/isaac_ros_nitros/isaac_ros_nitros_type/isaac_ros_nitros_point_cloud_type -DCMAKE_INSTALL_PREFIX=/workspaces/isaac_ros-dev/install/isaac_ros_nitros_point_cloud_type
[0.253s] -- The C compiler identification is GNU 9.4.0
[0.407s] -- The CXX compiler identification is GNU 9.4.0
[0.428s] -- Detecting C compiler ABI info
[0.703s] -- Detecting C compiler ABI info - done
[0.722s] -- Check for working C compiler: /usr/bin/cc - skipped
[0.724s] -- Detecting C compile features
[0.726s] -- Detecting C compile features - done
[0.741s] -- Detecting CXX compiler ABI info
[1.011s] -- Detecting CXX compiler ABI info - done
[1.032s] -- Check for working CXX compiler: /usr/bin/c++ - skipped
[1.034s] -- Detecting CXX compile features
[1.036s] -- Detecting CXX compile features - done
[1.048s] -- Found ament_cmake_auto: 1.3.3 (/opt/ros/humble/install/share/ament_cmake_auto/cmake)
[3.487s] -- Found Python3: /usr/bin/python3.8 (found version "3.8.10") found components: Interpreter 
[3.946s] -- Loading isaac_ros_common extras
[3.948s] -- CMAKE_BUILD_TYPE: Release
[3.998s] -- Looking for pthread.h
[4.236s] -- Looking for pthread.h - found
[4.238s] -- Performing Test CMAKE_HAVE_LIBC_PTHREAD
[4.495s] -- Performing Test CMAKE_HAVE_LIBC_PTHREAD - Failed
[4.497s] -- Looking for pthread_create in pthreads
[4.689s] -- Looking for pthread_create in pthreads - not found
[4.690s] -- Looking for pthread_create in pthread
[4.947s] -- Looking for pthread_create in pthread - found
[4.951s] -- Found Threads: TRUE  
[5.029s] -- Found CUDA: /usr/local/cuda (found version "11.4") 
[5.032s] -- Loading isaac_ros_common extras (modules)
[5.220s] -- Found rosidl_generator_c: 3.1.4 (/opt/ros/humble/install/share/rosidl_generator_c/cmake)
[5.237s] -- Found rosidl_adapter: 3.1.4 (/opt/ros/humble/install/share/rosidl_adapter/cmake)
[5.268s] -- Found rosidl_generator_cpp: 3.1.4 (/opt/ros/humble/install/share/rosidl_generator_cpp/cmake)
[5.332s] -- Using all available rosidl_typesupport_c: rosidl_typesupport_fastrtps_c;rosidl_typesupport_introspection_c
[5.408s] -- Using all available rosidl_typesupport_cpp: rosidl_typesupport_fastrtps_cpp;rosidl_typesupport_introspection_cpp
[5.638s] -- Found rmw_implementation_cmake: 6.1.1 (/opt/ros/humble/install/share/rmw_implementation_cmake/cmake)
[5.648s] -- Found rmw_fastrtps_cpp: 6.2.2 (/opt/ros/humble/install/share/rmw_fastrtps_cpp/cmake)
[6.074s] -- Found OpenSSL: /usr/lib/aarch64-linux-gnu/libcrypto.so (found version "1.1.1f")  
[6.182s] -- Found FastRTPS: /opt/ros/humble/install/include  
[6.385s] -- Using RMW implementation 'rmw_fastrtps_cpp' as default
[7.806s] -- Loading isaac_ros_gxf extras
[7.829s] -- Found atlas lib=/workspaces/isaac_ros-dev/install/isaac_ros_gxf/share/isaac_ros_gxf/gxf/lib/libgxf_atlas.so, include=/workspaces/isaac_ros-dev/install/isaac_ros_gxf/share/isaac_ros_gxf/gxf/include/gxf
[7.834s] -- Found cuda lib=/workspaces/isaac_ros-dev/install/isaac_ros_gxf/share/isaac_ros_gxf/gxf/lib/cuda/libgxf_cuda.so, include=/workspaces/isaac_ros-dev/install/isaac_ros_gxf/share/isaac_ros_gxf/gxf/include/gxf
[7.840s] -- Found isaac_messages lib=/workspaces/isaac_ros-dev/install/isaac_ros_gxf/share/isaac_ros_gxf/gxf/lib/libgxf_isaac_messages.so, include=/workspaces/isaac_ros-dev/install/isaac_ros_gxf/share/isaac_ros_gxf/gxf/include/gxf
[7.845s] -- Found isaac_ros_messages lib=/workspaces/isaac_ros-dev/install/isaac_ros_gxf/share/isaac_ros_gxf/gxf/lib/libgxf_isaac_ros_messages.so, include=/workspaces/isaac_ros-dev/install/isaac_ros_gxf/share/isaac_ros_gxf/gxf/include/gxf
[7.850s] -- Found multimedia lib=/workspaces/isaac_ros-dev/install/isaac_ros_gxf/share/isaac_ros_gxf/gxf/lib/multimedia/libgxf_multimedia.so, include=/workspaces/isaac_ros-dev/install/isaac_ros_gxf/share/isaac_ros_gxf/gxf/include/gxf
[7.859s] -- Found gxf_optimizer lib=/workspaces/isaac_ros-dev/install/isaac_ros_gxf/share/isaac_ros_gxf/gxf/lib/libgxf_optimizer.so, include=/workspaces/isaac_ros-dev/install/isaac_ros_gxf/share/isaac_ros_gxf/gxf/include/gxf
[7.865s] -- Found serialization lib=/workspaces/isaac_ros-dev/install/isaac_ros_gxf/share/isaac_ros_gxf/gxf/lib/serialization/libgxf_serialization.so, include=/workspaces/isaac_ros-dev/install/isaac_ros_gxf/share/isaac_ros_gxf/gxf/include/gxf
[7.870s] -- Found std lib=/workspaces/isaac_ros-dev/install/isaac_ros_gxf/share/isaac_ros_gxf/gxf/lib/std/libgxf_std.so, include=/workspaces/isaac_ros-dev/install/isaac_ros_gxf/share/isaac_ros_gxf/gxf/include/gxf
[7.875s] -- Found core lib=/workspaces/isaac_ros-dev/install/isaac_ros_gxf/share/isaac_ros_gxf/gxf/lib/core/libgxf_core.so, include=/workspaces/isaac_ros-dev/install/isaac_ros_gxf/share/isaac_ros_gxf/gxf/include/gxf
[7.880s] -- Found GXF:  (found suitable version "2.5.0", minimum required is "2.5.0") found components: atlas core isaac_ros_messages 
[10.707s] -- Performing Test FLAG_WEXTRA
[10.877s] -- Performing Test FLAG_WEXTRA - Success
[11.250s] -- Found ament_lint_auto: 0.12.5 (/opt/ros/humble/install/share/ament_lint_auto/cmake)
[11.354s] -- Found launch_testing_ament_cmake: 1.0.4 (/opt/ros/humble/install/share/launch_testing_ament_cmake/cmake)
[11.360s] -- Found python_cmake_module: 0.10.0 (/opt/ros/humble/install/share/python_cmake_module/cmake)
[11.434s] -- Found PythonInterp: /usr/bin/python3 (found suitable version "3.8.10", minimum required is "3.6") 
[11.448s] -- Found PythonLibs: /usr/lib/aarch64-linux-gnu/libpython3.8.so (found suitable version "3.8.10", minimum required is "3.5") 
[11.448s] -- Using PYTHON_EXECUTABLE: /usr/bin/python3
[11.448s] -- Using PYTHON_INCLUDE_DIRS: /usr/include/python3.8
[11.448s] -- Using PYTHON_LIBRARIES: /usr/lib/aarch64-linux-gnu/libpython3.8.so
[11.521s] -- Found PythonExtra: .so  
[11.549s] -- Added test 'cppcheck' to perform static code analysis on C / C++ code
[11.550s] -- Configured cppcheck include dirs: /workspaces/isaac_ros-dev/src/isaac_ros_nitros/isaac_ros_nitros_type/isaac_ros_nitros_point_cloud_type/include
[11.551s] -- Configured cppcheck exclude dirs and/or files: 
[11.557s] -- Added test 'cpplint' to check C / C++ code against the Google style
[11.557s] -- Configured cpplint exclude dirs and/or files: 
[11.560s] -- Added test 'flake8' to check Python code syntax and style conventions
[11.563s] -- Added test 'lint_cmake' to check CMake code style
[11.565s] -- Added test 'pep257' to check Python code against some of the docstring style conventions in PEP 257
[11.570s] -- Added test 'uncrustify' to check C / C++ code style
[11.571s] -- Configured uncrustify additional arguments: 
[11.587s] -- Added test 'xmllint' to check XML markup files
[11.587s] -- Configuring done
[11.779s] -- Generating done
[11.779s] -- Build files have been written to: /workspaces/isaac_ros-dev/build/isaac_ros_nitros_point_cloud_type
[11.814s] Invoked command in '/workspaces/isaac_ros-dev/build/isaac_ros_nitros_point_cloud_type' returned '0': AMENT_PREFIX_PATH=/workspaces/isaac_ros-dev/install/isaac_ros_nitros:/workspaces/isaac_ros-dev/install/isaac_ros_nitros_interfaces:/workspaces/isaac_ros-dev/install/isaac_ros_gxf:/workspaces/isaac_ros-dev/install/isaac_ros_test:/workspaces/isaac_ros-dev/install/isaac_ros_common:${AMENT_PREFIX_PATH} CMAKE_PREFIX_PATH=/workspaces/isaac_ros-dev/install/isaac_ros_nitros:/workspaces/isaac_ros-dev/install/isaac_ros_nitros_interfaces:/workspaces/isaac_ros-dev/install/isaac_ros_gxf:/workspaces/isaac_ros-dev/install/isaac_ros_common:${CMAKE_PREFIX_PATH} LD_LIBRARY_PATH=/workspaces/isaac_ros-dev/install/isaac_ros_nitros/lib:/workspaces/isaac_ros-dev/install/isaac_ros_nitros_interfaces/lib:/workspaces/isaac_ros-dev/install/isaac_ros_common/lib:/opt/ros/humble/install/opt/rviz_ogre_vendor/lib:/opt/ros/humble/install/lib:/usr/lib/aarch64-linux-gnu/tegra/weston:/usr/lib/aarch64-linux-gnu/tegra-egl:/usr/local/cuda-11.4/targets/aarch64-linux/lib:/usr/lib/aarch64-linux-gnu/tegra:/opt/nvidia/vpi2/lib64:/usr/lib/aarch64-linux-gnu-host:/opt/tritonserver/lib PYTHONPATH=/workspaces/isaac_ros-dev/install/isaac_ros_nitros_interfaces/lib/python3.8/site-packages:/workspaces/isaac_ros-dev/install/isaac_ros_test/lib/python3.8/site-packages:${PYTHONPATH} /usr/bin/cmake /workspaces/isaac_ros-dev/src/isaac_ros_nitros/isaac_ros_nitros_type/isaac_ros_nitros_point_cloud_type -DCMAKE_INSTALL_PREFIX=/workspaces/isaac_ros-dev/install/isaac_ros_nitros_point_cloud_type
[11.816s] Invoking command in '/workspaces/isaac_ros-dev/build/isaac_ros_nitros_point_cloud_type': AMENT_PREFIX_PATH=/workspaces/isaac_ros-dev/install/isaac_ros_nitros:/workspaces/isaac_ros-dev/install/isaac_ros_nitros_interfaces:/workspaces/isaac_ros-dev/install/isaac_ros_gxf:/workspaces/isaac_ros-dev/install/isaac_ros_test:/workspaces/isaac_ros-dev/install/isaac_ros_common:${AMENT_PREFIX_PATH} CMAKE_PREFIX_PATH=/workspaces/isaac_ros-dev/install/isaac_ros_nitros:/workspaces/isaac_ros-dev/install/isaac_ros_nitros_interfaces:/workspaces/isaac_ros-dev/install/isaac_ros_gxf:/workspaces/isaac_ros-dev/install/isaac_ros_common:${CMAKE_PREFIX_PATH} LD_LIBRARY_PATH=/workspaces/isaac_ros-dev/install/isaac_ros_nitros/lib:/workspaces/isaac_ros-dev/install/isaac_ros_nitros_interfaces/lib:/workspaces/isaac_ros-dev/install/isaac_ros_common/lib:/opt/ros/humble/install/opt/rviz_ogre_vendor/lib:/opt/ros/humble/install/lib:/usr/lib/aarch64-linux-gnu/tegra/weston:/usr/lib/aarch64-linux-gnu/tegra-egl:/usr/local/cuda-11.4/targets/aarch64-linux/lib:/usr/lib/aarch64-linux-gnu/tegra:/opt/nvidia/vpi2/lib64:/usr/lib/aarch64-linux-gnu-host:/opt/tritonserver/lib PYTHONPATH=/workspaces/isaac_ros-dev/install/isaac_ros_nitros_interfaces/lib/python3.8/site-packages:/workspaces/isaac_ros-dev/install/isaac_ros_test/lib/python3.8/site-packages:${PYTHONPATH} /usr/bin/cmake --build /workspaces/isaac_ros-dev/build/isaac_ros_nitros_point_cloud_type -- -j4 -l4
[11.909s] [  2%] [32mBuilding CXX object _deps/yaml-cpp-build/CMakeFiles/yaml-cpp.dir/src/binary.cpp.o[0m
[12.833s] [  5%] [32mBuilding CXX object _deps/yaml-cpp-build/CMakeFiles/yaml-cpp.dir/src/emit.cpp.o[0m
[14.384s] [  8%] [32mBuilding CXX object _deps/yaml-cpp-build/CMakeFiles/yaml-cpp.dir/src/emitfromevents.cpp.o[0m
[16.409s] [ 11%] [32mBuilding CXX object _deps/yaml-cpp-build/CMakeFiles/yaml-cpp.dir/src/emitter.cpp.o[0m
[19.078s] [ 14%] [32mBuilding CXX object _deps/yaml-cpp-build/CMakeFiles/yaml-cpp.dir/src/emitterstate.cpp.o[0m
[21.671s] [ 17%] [32mBuilding CXX object _deps/yaml-cpp-build/CMakeFiles/yaml-cpp.dir/src/emitterutils.cpp.o[0m
[30.047s] [ 20%] [32mBuilding CXX object _deps/yaml-cpp-build/CMakeFiles/yaml-cpp.dir/src/exceptions.cpp.o[0m
[31.077s] [ 22%] [32mBuilding CXX object _deps/yaml-cpp-build/CMakeFiles/yaml-cpp.dir/src/exp.cpp.o[0m
[32.786s] [ 25%] [32mBuilding CXX object _deps/yaml-cpp-build/CMakeFiles/yaml-cpp.dir/src/memory.cpp.o[0m
[34.641s] [ 28%] [32mBuilding CXX object _deps/yaml-cpp-build/CMakeFiles/yaml-cpp.dir/src/node.cpp.o[0m
[35.653s] [ 31%] [32mBuilding CXX object _deps/yaml-cpp-build/CMakeFiles/yaml-cpp.dir/src/node_data.cpp.o[0m
[38.263s] [ 34%] [32mBuilding CXX object _deps/yaml-cpp-build/CMakeFiles/yaml-cpp.dir/src/nodebuilder.cpp.o[0m
[40.788s] [ 37%] [32mBuilding CXX object _deps/yaml-cpp-build/CMakeFiles/yaml-cpp.dir/src/nodeevents.cpp.o[0m
[42.903s] [ 40%] [32mBuilding CXX object _deps/yaml-cpp-build/CMakeFiles/yaml-cpp.dir/src/null.cpp.o[0m
[43.409s] [ 42%] [32mBuilding CXX object _deps/yaml-cpp-build/CMakeFiles/yaml-cpp.dir/src/ostream_wrapper.cpp.o[0m
[44.513s] [ 45%] [32mBuilding CXX object _deps/yaml-cpp-build/CMakeFiles/yaml-cpp.dir/src/parse.cpp.o[0m
[47.130s] [ 48%] [32mBuilding CXX object _deps/yaml-cpp-build/CMakeFiles/yaml-cpp.dir/src/parser.cpp.o[0m
[49.502s] [ 51%] [32mBuilding CXX object _deps/yaml-cpp-build/CMakeFiles/yaml-cpp.dir/src/regex_yaml.cpp.o[0m
[50.913s] [ 54%] [32mBuilding CXX object _deps/yaml-cpp-build/CMakeFiles/yaml-cpp.dir/src/scanner.cpp.o[0m
[54.967s] [ 57%] [32mBuilding CXX object _deps/yaml-cpp-build/CMakeFiles/yaml-cpp.dir/src/scanscalar.cpp.o[0m
[57.817s] [ 60%] [32mBuilding CXX object _deps/yaml-cpp-build/CMakeFiles/yaml-cpp.dir/src/scantag.cpp.o[0m
[60.028s] [ 62%] [32mBuilding CXX object _deps/yaml-cpp-build/CMakeFiles/yaml-cpp.dir/src/scantoken.cpp.o[0m
[66.077s] [ 65%] [32mBuilding CXX object _deps/yaml-cpp-build/CMakeFiles/yaml-cpp.dir/src/simplekey.cpp.o[0m
[67.856s] [ 68%] [32mBuilding CXX object _deps/yaml-cpp-build/CMakeFiles/yaml-cpp.dir/src/singledocparser.cpp.o[0m
[70.955s] [ 71%] [32mBuilding CXX object _deps/yaml-cpp-build/CMakeFiles/yaml-cpp.dir/src/stream.cpp.o[0m
[72.424s] [ 74%] [32mBuilding CXX object _deps/yaml-cpp-build/CMakeFiles/yaml-cpp.dir/src/tag.cpp.o[0m
[73.608s] [ 77%] [32mBuilding CXX object _deps/yaml-cpp-build/CMakeFiles/yaml-cpp.dir/src/contrib/graphbuilder.cpp.o[0m
[74.798s] [ 80%] [32mBuilding CXX object _deps/yaml-cpp-build/CMakeFiles/yaml-cpp.dir/src/contrib/graphbuilderadapter.cpp.o[0m
[76.028s] [ 82%] [32mBuilding CXX object _deps/yaml-cpp-build/CMakeFiles/yaml-cpp.dir/src/directives.cpp.o[0m
[76.798s] [ 85%] [32mBuilding CXX object _deps/yaml-cpp-build/CMakeFiles/yaml-cpp.dir/src/convert.cpp.o[0m
[79.016s] [ 88%] [32m[1mLinking CXX static library libyaml-cpp.a[0m
[79.105s] [ 88%] Built target yaml-cpp
[79.143s] [ 91%] [32mBuilding CXX object CMakeFiles/isaac_ros_nitros_point_cloud_type.dir/src/nitros_point_cloud.cpp.o[0m
[113.887s] [ 94%] [32m[1mLinking CXX shared library libisaac_ros_nitros_point_cloud_type.so[0m
[114.570s] [ 94%] Built target isaac_ros_nitros_point_cloud_type
[114.613s] [ 97%] [32mBuilding CXX object CMakeFiles/nitros_point_cloud_forward_node.dir/test/src/nitros_point_cloud_forward_node.cpp.o[0m
[171.469s] [100%] [32m[1mLinking CXX shared library libnitros_point_cloud_forward_node.so[0m
[172.480s] [100%] Built target nitros_point_cloud_forward_node
[172.520s] Invoked command in '/workspaces/isaac_ros-dev/build/isaac_ros_nitros_point_cloud_type' returned '0': AMENT_PREFIX_PATH=/workspaces/isaac_ros-dev/install/isaac_ros_nitros:/workspaces/isaac_ros-dev/install/isaac_ros_nitros_interfaces:/workspaces/isaac_ros-dev/install/isaac_ros_gxf:/workspaces/isaac_ros-dev/install/isaac_ros_test:/workspaces/isaac_ros-dev/install/isaac_ros_common:${AMENT_PREFIX_PATH} CMAKE_PREFIX_PATH=/workspaces/isaac_ros-dev/install/isaac_ros_nitros:/workspaces/isaac_ros-dev/install/isaac_ros_nitros_interfaces:/workspaces/isaac_ros-dev/install/isaac_ros_gxf:/workspaces/isaac_ros-dev/install/isaac_ros_common:${CMAKE_PREFIX_PATH} LD_LIBRARY_PATH=/workspaces/isaac_ros-dev/install/isaac_ros_nitros/lib:/workspaces/isaac_ros-dev/install/isaac_ros_nitros_interfaces/lib:/workspaces/isaac_ros-dev/install/isaac_ros_common/lib:/opt/ros/humble/install/opt/rviz_ogre_vendor/lib:/opt/ros/humble/install/lib:/usr/lib/aarch64-linux-gnu/tegra/weston:/usr/lib/aarch64-linux-gnu/tegra-egl:/usr/local/cuda-11.4/targets/aarch64-linux/lib:/usr/lib/aarch64-linux-gnu/tegra:/opt/nvidia/vpi2/lib64:/usr/lib/aarch64-linux-gnu-host:/opt/tritonserver/lib PYTHONPATH=/workspaces/isaac_ros-dev/install/isaac_ros_nitros_interfaces/lib/python3.8/site-packages:/workspaces/isaac_ros-dev/install/isaac_ros_test/lib/python3.8/site-packages:${PYTHONPATH} /usr/bin/cmake --build /workspaces/isaac_ros-dev/build/isaac_ros_nitros_point_cloud_type -- -j4 -l4
[172.630s] Invoking command in '/workspaces/isaac_ros-dev/build/isaac_ros_nitros_point_cloud_type': AMENT_PREFIX_PATH=/workspaces/isaac_ros-dev/install/isaac_ros_nitros:/workspaces/isaac_ros-dev/install/isaac_ros_nitros_interfaces:/workspaces/isaac_ros-dev/install/isaac_ros_gxf:/workspaces/isaac_ros-dev/install/isaac_ros_test:/workspaces/isaac_ros-dev/install/isaac_ros_common:${AMENT_PREFIX_PATH} CMAKE_PREFIX_PATH=/workspaces/isaac_ros-dev/install/isaac_ros_nitros:/workspaces/isaac_ros-dev/install/isaac_ros_nitros_interfaces:/workspaces/isaac_ros-dev/install/isaac_ros_gxf:/workspaces/isaac_ros-dev/install/isaac_ros_common:${CMAKE_PREFIX_PATH} LD_LIBRARY_PATH=/workspaces/isaac_ros-dev/install/isaac_ros_nitros/lib:/workspaces/isaac_ros-dev/install/isaac_ros_nitros_interfaces/lib:/workspaces/isaac_ros-dev/install/isaac_ros_common/lib:/opt/ros/humble/install/opt/rviz_ogre_vendor/lib:/opt/ros/humble/install/lib:/usr/lib/aarch64-linux-gnu/tegra/weston:/usr/lib/aarch64-linux-gnu/tegra-egl:/usr/local/cuda-11.4/targets/aarch64-linux/lib:/usr/lib/aarch64-linux-gnu/tegra:/opt/nvidia/vpi2/lib64:/usr/lib/aarch64-linux-gnu-host:/opt/tritonserver/lib PYTHONPATH=/workspaces/isaac_ros-dev/install/isaac_ros_nitros_interfaces/lib/python3.8/site-packages:/workspaces/isaac_ros-dev/install/isaac_ros_test/lib/python3.8/site-packages:${PYTHONPATH} /usr/bin/cmake --install /workspaces/isaac_ros-dev/build/isaac_ros_nitros_point_cloud_type
[172.657s] -- Install configuration: "Release"
[172.657s] -- Installing: /workspaces/isaac_ros-dev/install/isaac_ros_nitros_point_cloud_type/lib/libyaml-cpp.a
[172.658s] -- Installing: /workspaces/isaac_ros-dev/install/isaac_ros_nitros_point_cloud_type/include/yaml-cpp
[172.658s] -- Installing: /workspaces/isaac_ros-dev/install/isaac_ros_nitros_point_cloud_type/include/yaml-cpp/exceptions.h
[172.658s] -- Installing: /workspaces/isaac_ros-dev/install/isaac_ros_nitros_point_cloud_type/include/yaml-cpp/ostream_wrapper.h
[172.658s] -- Installing: /workspaces/isaac_ros-dev/install/isaac_ros_nitros_point_cloud_type/include/yaml-cpp/emitterstyle.h
[172.658s] -- Installing: /workspaces/isaac_ros-dev/install/isaac_ros_nitros_point_cloud_type/include/yaml-cpp/yaml.h
[172.659s] -- Installing: /workspaces/isaac_ros-dev/install/isaac_ros_nitros_point_cloud_type/include/yaml-cpp/binary.h
[172.659s] -- Installing: /workspaces/isaac_ros-dev/install/isaac_ros_nitros_point_cloud_type/include/yaml-cpp/emitfromevents.h
[172.659s] -- Installing: /workspaces/isaac_ros-dev/install/isaac_ros_nitros_point_cloud_type/include/yaml-cpp/dll.h
[172.659s] -- Installing: /workspaces/isaac_ros-dev/install/isaac_ros_nitros_point_cloud_type/include/yaml-cpp/traits.h
[172.659s] -- Installing: /workspaces/isaac_ros-dev/install/isaac_ros_nitros_point_cloud_type/include/yaml-cpp/contrib
[172.659s] -- Installing: /workspaces/isaac_ros-dev/install/isaac_ros_nitros_point_cloud_type/include/yaml-cpp/contrib/anchordict.h
[172.660s] -- Installing: /workspaces/isaac_ros-dev/install/isaac_ros_nitros_point_cloud_type/include/yaml-cpp/contrib/graphbuilder.h
[172.660s] -- Installing: /workspaces/isaac_ros-dev/install/isaac_ros_nitros_point_cloud_type/include/yaml-cpp/emitter.h
[172.660s] -- Installing: /workspaces/isaac_ros-dev/install/isaac_ros_nitros_point_cloud_type/include/yaml-cpp/stlemitter.h
[172.661s] -- Installing: /workspaces/isaac_ros-dev/install/isaac_ros_nitros_point_cloud_type/include/yaml-cpp/eventhandler.h
[172.661s] -- Installing: /workspaces/isaac_ros-dev/install/isaac_ros_nitros_point_cloud_type/include/yaml-cpp/emittermanip.h
[172.662s] -- Installing: /workspaces/isaac_ros-dev/install/isaac_ros_nitros_point_cloud_type/include/yaml-cpp/anchor.h
[172.662s] -- Installing: /workspaces/isaac_ros-dev/install/isaac_ros_nitros_point_cloud_type/include/yaml-cpp/parser.h
[172.662s] -- Installing: /workspaces/isaac_ros-dev/install/isaac_ros_nitros_point_cloud_type/include/yaml-cpp/emitterdef.h
[172.663s] -- Installing: /workspaces/isaac_ros-dev/install/isaac_ros_nitros_point_cloud_type/include/yaml-cpp/node
[172.663s] -- Installing: /workspaces/isaac_ros-dev/install/isaac_ros_nitros_point_cloud_type/include/yaml-cpp/node/emit.h
[172.663s] -- Installing: /workspaces/isaac_ros-dev/install/isaac_ros_nitros_point_cloud_type/include/yaml-cpp/node/impl.h
[172.664s] -- Installing: /workspaces/isaac_ros-dev/install/isaac_ros_nitros_point_cloud_type/include/yaml-cpp/node/convert.h
[172.664s] -- Installing: /workspaces/isaac_ros-dev/install/isaac_ros_nitros_point_cloud_type/include/yaml-cpp/node/iterator.h
[172.664s] -- Installing: /workspaces/isaac_ros-dev/install/isaac_ros_nitros_point_cloud_type/include/yaml-cpp/node/parse.h
[172.664s] -- Installing: /workspaces/isaac_ros-dev/install/isaac_ros_nitros_point_cloud_type/include/yaml-cpp/node/detail
[172.665s] -- Installing: /workspaces/isaac_ros-dev/install/isaac_ros_nitros_point_cloud_type/include/yaml-cpp/node/detail/impl.h
[172.665s] -- Installing: /workspaces/isaac_ros-dev/install/isaac_ros_nitros_point_cloud_type/include/yaml-cpp/node/detail/node_ref.h
[172.665s] -- Installing: /workspaces/isaac_ros-dev/install/isaac_ros_nitros_point_cloud_type/include/yaml-cpp/node/detail/iterator.h
[172.666s] -- Installing: /workspaces/isaac_ros-dev/install/isaac_ros_nitros_point_cloud_type/include/yaml-cpp/node/detail/node_iterator.h
[172.666s] -- Installing: /workspaces/isaac_ros-dev/install/isaac_ros_nitros_point_cloud_type/include/yaml-cpp/node/detail/memory.h
[172.666s] -- Installing: /workspaces/isaac_ros-dev/install/isaac_ros_nitros_point_cloud_type/include/yaml-cpp/node/detail/iterator_fwd.h
[172.667s] -- Installing: /workspaces/isaac_ros-dev/install/isaac_ros_nitros_point_cloud_type/include/yaml-cpp/node/detail/node_data.h
[172.667s] -- Installing: /workspaces/isaac_ros-dev/install/isaac_ros_nitros_point_cloud_type/include/yaml-cpp/node/detail/bool_type.h
[172.668s] -- Installing: /workspaces/isaac_ros-dev/install/isaac_ros_nitros_point_cloud_type/include/yaml-cpp/node/detail/node.h
[172.668s] -- Installing: /workspaces/isaac_ros-dev/install/isaac_ros_nitros_point_cloud_type/include/yaml-cpp/node/node.h
[172.668s] -- Installing: /workspaces/isaac_ros-dev/install/isaac_ros_nitros_point_cloud_type/include/yaml-cpp/node/ptr.h
[172.669s] -- Installing: /workspaces/isaac_ros-dev/install/isaac_ros_nitros_point_cloud_type/include/yaml-cpp/node/type.h
[172.669s] -- Installing: /workspaces/isaac_ros-dev/install/isaac_ros_nitros_point_cloud_type/include/yaml-cpp/null.h
[172.669s] -- Installing: /workspaces/isaac_ros-dev/install/isaac_ros_nitros_point_cloud_type/include/yaml-cpp/mark.h
[172.670s] -- Installing: /workspaces/isaac_ros-dev/install/isaac_ros_nitros_point_cloud_type/lib/cmake/yaml-cpp/yaml-cpp-config.cmake
[172.670s] -- Installing: /workspaces/isaac_ros-dev/install/isaac_ros_nitros_point_cloud_type/lib/cmake/yaml-cpp/yaml-cpp-config-version.cmake
[172.671s] -- Installing: /workspaces/isaac_ros-dev/install/isaac_ros_nitros_point_cloud_type/lib/cmake/yaml-cpp/yaml-cpp-targets.cmake
[172.671s] -- Installing: /workspaces/isaac_ros-dev/install/isaac_ros_nitros_point_cloud_type/lib/cmake/yaml-cpp/yaml-cpp-targets-release.cmake
[172.672s] -- Installing: /workspaces/isaac_ros-dev/install/isaac_ros_nitros_point_cloud_type/lib/pkgconfig/yaml-cpp.pc
[172.673s] -- Installing: /workspaces/isaac_ros-dev/install/isaac_ros_nitros_point_cloud_type/share/isaac_ros_nitros_point_cloud_type/test/config
[172.673s] -- Installing: /workspaces/isaac_ros-dev/install/isaac_ros_nitros_point_cloud_type/share/isaac_ros_nitros_point_cloud_type/test/config/test_forward_node.yaml
[172.674s] -- Up-to-date: /workspaces/isaac_ros-dev/install/isaac_ros_nitros_point_cloud_type/include
[172.674s] -- Installing: /workspaces/isaac_ros-dev/install/isaac_ros_nitros_point_cloud_type/include/isaac_ros_nitros_point_cloud_type
[172.675s] -- Installing: /workspaces/isaac_ros-dev/install/isaac_ros_nitros_point_cloud_type/include/isaac_ros_nitros_point_cloud_type/nitros_point_cloud.hpp
[172.679s] -- Installing: /workspaces/isaac_ros-dev/install/isaac_ros_nitros_point_cloud_type/share/isaac_ros_nitros_point_cloud_type/environment/library_path.sh
[172.680s] -- Installing: /workspaces/isaac_ros-dev/install/isaac_ros_nitros_point_cloud_type/share/isaac_ros_nitros_point_cloud_type/environment/library_path.dsv
[172.680s] -- Installing: /workspaces/isaac_ros-dev/install/isaac_ros_nitros_point_cloud_type/lib/libisaac_ros_nitros_point_cloud_type.so
[172.681s] -- Set runtime path of "/workspaces/isaac_ros-dev/install/isaac_ros_nitros_point_cloud_type/lib/libisaac_ros_nitros_point_cloud_type.so" to "/usr/local/cuda/lib64:/opt/ros/humble/install/lib:/workspaces/isaac_ros-dev/install/isaac_ros_common/lib:/workspaces/isaac_ros-dev/install/isaac_ros_nitros_interfaces/lib:/workspaces/isaac_ros-dev/install/isaac_ros_nitros/lib:/workspaces/isaac_ros-dev/install/isaac_ros_gxf/share/isaac_ros_gxf/gxf/lib:/workspaces/isaac_ros-dev/install/isaac_ros_gxf/share/isaac_ros_gxf/gxf/lib/core"
[172.681s] -- Installing: /workspaces/isaac_ros-dev/install/isaac_ros_nitros_point_cloud_type/lib/libnitros_point_cloud_forward_node.so
[172.686s] -- Set runtime path of "/workspaces/isaac_ros-dev/install/isaac_ros_nitros_point_cloud_type/lib/libnitros_point_cloud_forward_node.so" to "/usr/local/cuda/lib64:/opt/ros/humble/install/lib:/workspaces/isaac_ros-dev/install/isaac_ros_common/lib:/workspaces/isaac_ros-dev/install/isaac_ros_nitros_interfaces/lib:/workspaces/isaac_ros-dev/install/isaac_ros_nitros/lib:/workspaces/isaac_ros-dev/install/isaac_ros_gxf/share/isaac_ros_gxf/gxf/lib:/workspaces/isaac_ros-dev/install/isaac_ros_gxf/share/isaac_ros_gxf/gxf/lib/core"
[172.688s] -- Installing: /workspaces/isaac_ros-dev/install/isaac_ros_nitros_point_cloud_type/share/ament_index/resource_index/package_run_dependencies/isaac_ros_nitros_point_cloud_type
[172.693s] -- Installing: /workspaces/isaac_ros-dev/install/isaac_ros_nitros_point_cloud_type/share/ament_index/resource_index/parent_prefix_path/isaac_ros_nitros_point_cloud_type
[172.697s] -- Installing: /workspaces/isaac_ros-dev/install/isaac_ros_nitros_point_cloud_type/share/isaac_ros_nitros_point_cloud_type/environment/ament_prefix_path.sh
[172.697s] -- Installing: /workspaces/isaac_ros-dev/install/isaac_ros_nitros_point_cloud_type/share/isaac_ros_nitros_point_cloud_type/environment/ament_prefix_path.dsv
[172.698s] -- Installing: /workspaces/isaac_ros-dev/install/isaac_ros_nitros_point_cloud_type/share/isaac_ros_nitros_point_cloud_type/environment/path.sh
[172.698s] -- Installing: /workspaces/isaac_ros-dev/install/isaac_ros_nitros_point_cloud_type/share/isaac_ros_nitros_point_cloud_type/environment/path.dsv
[172.699s] -- Installing: /workspaces/isaac_ros-dev/install/isaac_ros_nitros_point_cloud_type/share/isaac_ros_nitros_point_cloud_type/local_setup.bash
[172.699s] -- Installing: /workspaces/isaac_ros-dev/install/isaac_ros_nitros_point_cloud_type/share/isaac_ros_nitros_point_cloud_type/local_setup.sh
[172.700s] -- Installing: /workspaces/isaac_ros-dev/install/isaac_ros_nitros_point_cloud_type/share/isaac_ros_nitros_point_cloud_type/local_setup.zsh
[172.700s] -- Installing: /workspaces/isaac_ros-dev/install/isaac_ros_nitros_point_cloud_type/share/isaac_ros_nitros_point_cloud_type/local_setup.dsv
[172.700s] -- Installing: /workspaces/isaac_ros-dev/install/isaac_ros_nitros_point_cloud_type/share/isaac_ros_nitros_point_cloud_type/package.dsv
[172.702s] -- Installing: /workspaces/isaac_ros-dev/install/isaac_ros_nitros_point_cloud_type/share/ament_index/resource_index/packages/isaac_ros_nitros_point_cloud_type
[172.706s] -- Installing: /workspaces/isaac_ros-dev/install/isaac_ros_nitros_point_cloud_type/share/ament_index/resource_index/rclcpp_components/isaac_ros_nitros_point_cloud_type
[172.710s] -- Installing: /workspaces/isaac_ros-dev/install/isaac_ros_nitros_point_cloud_type/share/isaac_ros_nitros_point_cloud_type/cmake/ament_cmake_export_dependencies-extras.cmake
[172.711s] -- Installing: /workspaces/isaac_ros-dev/install/isaac_ros_nitros_point_cloud_type/share/isaac_ros_nitros_point_cloud_type/cmake/ament_cmake_export_include_directories-extras.cmake
[172.711s] -- Installing: /workspaces/isaac_ros-dev/install/isaac_ros_nitros_point_cloud_type/share/isaac_ros_nitros_point_cloud_type/cmake/ament_cmake_export_libraries-extras.cmake
[172.711s] -- Installing: /workspaces/isaac_ros-dev/install/isaac_ros_nitros_point_cloud_type/share/isaac_ros_nitros_point_cloud_type/cmake/isaac_ros_nitros_point_cloud_typeConfig.cmake
[172.712s] -- Installing: /workspaces/isaac_ros-dev/install/isaac_ros_nitros_point_cloud_type/share/isaac_ros_nitros_point_cloud_type/cmake/isaac_ros_nitros_point_cloud_typeConfig-version.cmake
[172.712s] -- Installing: /workspaces/isaac_ros-dev/install/isaac_ros_nitros_point_cloud_type/share/isaac_ros_nitros_point_cloud_type/package.xml
[172.731s] Invoked command in '/workspaces/isaac_ros-dev/build/isaac_ros_nitros_point_cloud_type' returned '0': AMENT_PREFIX_PATH=/workspaces/isaac_ros-dev/install/isaac_ros_nitros:/workspaces/isaac_ros-dev/install/isaac_ros_nitros_interfaces:/workspaces/isaac_ros-dev/install/isaac_ros_gxf:/workspaces/isaac_ros-dev/install/isaac_ros_test:/workspaces/isaac_ros-dev/install/isaac_ros_common:${AMENT_PREFIX_PATH} CMAKE_PREFIX_PATH=/workspaces/isaac_ros-dev/install/isaac_ros_nitros:/workspaces/isaac_ros-dev/install/isaac_ros_nitros_interfaces:/workspaces/isaac_ros-dev/install/isaac_ros_gxf:/workspaces/isaac_ros-dev/install/isaac_ros_common:${CMAKE_PREFIX_PATH} LD_LIBRARY_PATH=/workspaces/isaac_ros-dev/install/isaac_ros_nitros/lib:/workspaces/isaac_ros-dev/install/isaac_ros_nitros_interfaces/lib:/workspaces/isaac_ros-dev/install/isaac_ros_common/lib:/opt/ros/humble/install/opt/rviz_ogre_vendor/lib:/opt/ros/humble/install/lib:/usr/lib/aarch64-linux-gnu/tegra/weston:/usr/lib/aarch64-linux-gnu/tegra-egl:/usr/local/cuda-11.4/targets/aarch64-linux/lib:/usr/lib/aarch64-linux-gnu/tegra:/opt/nvidia/vpi2/lib64:/usr/lib/aarch64-linux-gnu-host:/opt/tritonserver/lib PYTHONPATH=/workspaces/isaac_ros-dev/install/isaac_ros_nitros_interfaces/lib/python3.8/site-packages:/workspaces/isaac_ros-dev/install/isaac_ros_test/lib/python3.8/site-packages:${PYTHONPATH} /usr/bin/cmake --install /workspaces/isaac_ros-dev/build/isaac_ros_nitros_point_cloud_type
