[0.149s] Invoking command in '/workspaces/isaac_ros-dev/build/isaac_ros_nitros_compressed_image_type': AMENT_PREFIX_PATH=/workspaces/isaac_ros-dev/install/isaac_ros_nitros:/workspaces/isaac_ros-dev/install/isaac_ros_nitros_interfaces:/workspaces/isaac_ros-dev/install/isaac_ros_gxf:/workspaces/isaac_ros-dev/install/isaac_ros_test:/workspaces/isaac_ros-dev/install/isaac_ros_common:${AMENT_PREFIX_PATH} CMAKE_PREFIX_PATH=/workspaces/isaac_ros-dev/install/isaac_ros_nitros:/workspaces/isaac_ros-dev/install/isaac_ros_nitros_interfaces:/workspaces/isaac_ros-dev/install/isaac_ros_gxf:/workspaces/isaac_ros-dev/install/isaac_ros_common:${CMAKE_PREFIX_PATH} LD_LIBRARY_PATH=/workspaces/isaac_ros-dev/install/isaac_ros_nitros/lib:/workspaces/isaac_ros-dev/install/isaac_ros_nitros_interfaces/lib:/workspaces/isaac_ros-dev/install/isaac_ros_common/lib:${LD_LIBRARY_PATH} PYTHONPATH=/workspaces/isaac_ros-dev/install/isaac_ros_nitros_interfaces/lib/python3.8/site-packages:/workspaces/isaac_ros-dev/install/isaac_ros_test/lib/python3.8/site-packages:${PYTHONPATH} /usr/local/bin/cmake /workspaces/isaac_ros-dev/src/isaac_ros_nitros/isaac_ros_nitros_type/isaac_ros_nitros_compressed_image_type -DCMAKE_INSTALL_PREFIX=/workspaces/isaac_ros-dev/install/isaac_ros_nitros_compressed_image_type
[0.237s] -- The C compiler identification is GNU 9.4.0
[0.323s] -- The CXX compiler identification is GNU 9.4.0
[0.337s] -- Detecting C compiler ABI info
[0.420s] -- Detecting C compiler ABI info - done
[0.437s] -- Check for working C compiler: /usr/bin/cc - skipped
[0.437s] -- Detecting C compile features
[0.438s] -- Detecting C compile features - done
[0.442s] -- Detecting CXX compiler ABI info
[0.550s] -- Detecting CXX compiler ABI info - done
[0.568s] -- Check for working CXX compiler: /usr/bin/c++ - skipped
[0.568s] -- Detecting CXX compile features
[0.569s] -- Detecting CXX compile features - done
[0.573s] -- Found ament_cmake_auto: 1.3.3 (/opt/ros/humble/install/share/ament_cmake_auto/cmake)
[1.729s] -- Found Python3: /usr/bin/python3.8 (found version "3.8.10") found components: Interpreter 
[1.952s] -- Loading isaac_ros_common extras
[1.953s] -- CMAKE_BUILD_TYPE: Release
[1.973s] -- Performing Test CMAKE_HAVE_LIBC_PTHREAD
[2.067s] -- Performing Test CMAKE_HAVE_LIBC_PTHREAD - Failed
[2.067s] -- Looking for pthread_create in pthreads
[2.135s] -- Looking for pthread_create in pthreads - not found
[2.136s] -- Looking for pthread_create in pthread
[2.233s] -- Looking for pthread_create in pthread - found
[2.234s] -- Found Threads: TRUE  
[2.268s] -- Found CUDA: /usr/local/cuda (found version "11.8") 
[2.270s] -- Loading isaac_ros_common extras (modules)
[2.342s] -- Found rosidl_generator_c: 3.1.4 (/opt/ros/humble/install/share/rosidl_generator_c/cmake)
[2.351s] -- Found rosidl_adapter: 3.1.4 (/opt/ros/humble/install/share/rosidl_adapter/cmake)
[2.364s] -- Found rosidl_generator_cpp: 3.1.4 (/opt/ros/humble/install/share/rosidl_generator_cpp/cmake)
[2.390s] -- Using all available rosidl_typesupport_c: rosidl_typesupport_fastrtps_c;rosidl_typesupport_introspection_c
[2.424s] -- Using all available rosidl_typesupport_cpp: rosidl_typesupport_fastrtps_cpp;rosidl_typesupport_introspection_cpp
[2.554s] -- Found rmw_implementation_cmake: 6.1.1 (/opt/ros/humble/install/share/rmw_implementation_cmake/cmake)
[2.559s] -- Found rmw_fastrtps_cpp: 6.2.2 (/opt/ros/humble/install/share/rmw_fastrtps_cpp/cmake)
[2.722s] -- Found OpenSSL: /usr/lib/x86_64-linux-gnu/libcrypto.so (found version "1.1.1f")  
[2.760s] -- Found FastRTPS: /opt/ros/humble/install/include  
[2.833s] -- Using RMW implementation 'rmw_fastrtps_cpp' as default
[3.575s] -- Loading isaac_ros_gxf extras
[3.582s] -- Found atlas lib=/workspaces/isaac_ros-dev/install/isaac_ros_gxf/share/isaac_ros_gxf/gxf/lib/libgxf_atlas.so, include=/workspaces/isaac_ros-dev/install/isaac_ros_gxf/share/isaac_ros_gxf/gxf/include/gxf
[3.585s] -- Found cuda lib=/workspaces/isaac_ros-dev/install/isaac_ros_gxf/share/isaac_ros_gxf/gxf/lib/cuda/libgxf_cuda.so, include=/workspaces/isaac_ros-dev/install/isaac_ros_gxf/share/isaac_ros_gxf/gxf/include/gxf
[3.588s] -- Found isaac_messages lib=/workspaces/isaac_ros-dev/install/isaac_ros_gxf/share/isaac_ros_gxf/gxf/lib/libgxf_isaac_messages.so, include=/workspaces/isaac_ros-dev/install/isaac_ros_gxf/share/isaac_ros_gxf/gxf/include/gxf
[3.591s] -- Found isaac_ros_messages lib=/workspaces/isaac_ros-dev/install/isaac_ros_gxf/share/isaac_ros_gxf/gxf/lib/libgxf_isaac_ros_messages.so, include=/workspaces/isaac_ros-dev/install/isaac_ros_gxf/share/isaac_ros_gxf/gxf/include/gxf
[3.594s] -- Found multimedia lib=/workspaces/isaac_ros-dev/install/isaac_ros_gxf/share/isaac_ros_gxf/gxf/lib/multimedia/libgxf_multimedia.so, include=/workspaces/isaac_ros-dev/install/isaac_ros_gxf/share/isaac_ros_gxf/gxf/include/gxf
[3.599s] -- Found gxf_optimizer lib=/workspaces/isaac_ros-dev/install/isaac_ros_gxf/share/isaac_ros_gxf/gxf/lib/libgxf_optimizer.so, include=/workspaces/isaac_ros-dev/install/isaac_ros_gxf/share/isaac_ros_gxf/gxf/include/gxf
[3.602s] -- Found serialization lib=/workspaces/isaac_ros-dev/install/isaac_ros_gxf/share/isaac_ros_gxf/gxf/lib/serialization/libgxf_serialization.so, include=/workspaces/isaac_ros-dev/install/isaac_ros_gxf/share/isaac_ros_gxf/gxf/include/gxf
[3.605s] -- Found std lib=/workspaces/isaac_ros-dev/install/isaac_ros_gxf/share/isaac_ros_gxf/gxf/lib/std/libgxf_std.so, include=/workspaces/isaac_ros-dev/install/isaac_ros_gxf/share/isaac_ros_gxf/gxf/include/gxf
[3.608s] -- Found core lib=/workspaces/isaac_ros-dev/install/isaac_ros_gxf/share/isaac_ros_gxf/gxf/lib/core/libgxf_core.so, include=/workspaces/isaac_ros-dev/install/isaac_ros_gxf/share/isaac_ros_gxf/gxf/include/gxf
[3.614s] -- Found GXF:  (found suitable version "2.5.0", minimum required is "2.5.0") found components: core multimedia 
[11.063s] -- Performing Test FLAG_WEXTRA
[11.589s] -- Performing Test FLAG_WEXTRA - Success
[13.527s] -- Found ament_lint_auto: 0.12.5 (/opt/ros/humble/install/share/ament_lint_auto/cmake)
[14.075s] -- Found launch_testing_ament_cmake: 1.0.4 (/opt/ros/humble/install/share/launch_testing_ament_cmake/cmake)
[14.078s] -- Found python_cmake_module: 0.10.0 (/opt/ros/humble/install/share/python_cmake_module/cmake)
[14.202s] -- Found PythonInterp: /usr/bin/python3 (found suitable version "3.8.10", minimum required is "3.6") 
[14.213s] -- Found PythonLibs: /usr/lib/x86_64-linux-gnu/libpython3.8.so (found suitable version "3.8.10", minimum required is "3.5") 
[14.213s] -- Using PYTHON_EXECUTABLE: /usr/bin/python3
[14.217s] -- Using PYTHON_INCLUDE_DIRS: /usr/include/python3.8
[14.217s] -- Using PYTHON_LIBRARIES: /usr/lib/x86_64-linux-gnu/libpython3.8.so
[14.605s] -- Found PythonExtra: .so  
[14.615s] -- Added test 'cppcheck' to perform static code analysis on C / C++ code
[14.628s] -- Configured cppcheck include dirs: /workspaces/isaac_ros-dev/src/isaac_ros_nitros/isaac_ros_nitros_type/isaac_ros_nitros_compressed_image_type/include
[14.629s] -- Configured cppcheck exclude dirs and/or files: 
[14.631s] -- Added test 'cpplint' to check C / C++ code against the Google style
[14.631s] -- Configured cpplint exclude dirs and/or files: 
[14.632s] -- Added test 'flake8' to check Python code syntax and style conventions
[14.634s] -- Added test 'lint_cmake' to check CMake code style
[14.635s] -- Added test 'pep257' to check Python code against some of the docstring style conventions in PEP 257
[14.637s] -- Added test 'uncrustify' to check C / C++ code style
[14.637s] -- Configured uncrustify additional arguments: 
[14.639s] -- Added test 'xmllint' to check XML markup files
[14.654s] -- Configuring done (14.5s)
[15.457s] -- Generating done (0.7s)
[15.542s] -- Build files have been written to: /workspaces/isaac_ros-dev/build/isaac_ros_nitros_compressed_image_type
[15.717s] Invoked command in '/workspaces/isaac_ros-dev/build/isaac_ros_nitros_compressed_image_type' returned '0': AMENT_PREFIX_PATH=/workspaces/isaac_ros-dev/install/isaac_ros_nitros:/workspaces/isaac_ros-dev/install/isaac_ros_nitros_interfaces:/workspaces/isaac_ros-dev/install/isaac_ros_gxf:/workspaces/isaac_ros-dev/install/isaac_ros_test:/workspaces/isaac_ros-dev/install/isaac_ros_common:${AMENT_PREFIX_PATH} CMAKE_PREFIX_PATH=/workspaces/isaac_ros-dev/install/isaac_ros_nitros:/workspaces/isaac_ros-dev/install/isaac_ros_nitros_interfaces:/workspaces/isaac_ros-dev/install/isaac_ros_gxf:/workspaces/isaac_ros-dev/install/isaac_ros_common:${CMAKE_PREFIX_PATH} LD_LIBRARY_PATH=/workspaces/isaac_ros-dev/install/isaac_ros_nitros/lib:/workspaces/isaac_ros-dev/install/isaac_ros_nitros_interfaces/lib:/workspaces/isaac_ros-dev/install/isaac_ros_common/lib:${LD_LIBRARY_PATH} PYTHONPATH=/workspaces/isaac_ros-dev/install/isaac_ros_nitros_interfaces/lib/python3.8/site-packages:/workspaces/isaac_ros-dev/install/isaac_ros_test/lib/python3.8/site-packages:${PYTHONPATH} /usr/local/bin/cmake /workspaces/isaac_ros-dev/src/isaac_ros_nitros/isaac_ros_nitros_type/isaac_ros_nitros_compressed_image_type -DCMAKE_INSTALL_PREFIX=/workspaces/isaac_ros-dev/install/isaac_ros_nitros_compressed_image_type
[15.718s] Invoking command in '/workspaces/isaac_ros-dev/build/isaac_ros_nitros_compressed_image_type': AMENT_PREFIX_PATH=/workspaces/isaac_ros-dev/install/isaac_ros_nitros:/workspaces/isaac_ros-dev/install/isaac_ros_nitros_interfaces:/workspaces/isaac_ros-dev/install/isaac_ros_gxf:/workspaces/isaac_ros-dev/install/isaac_ros_test:/workspaces/isaac_ros-dev/install/isaac_ros_common:${AMENT_PREFIX_PATH} CMAKE_PREFIX_PATH=/workspaces/isaac_ros-dev/install/isaac_ros_nitros:/workspaces/isaac_ros-dev/install/isaac_ros_nitros_interfaces:/workspaces/isaac_ros-dev/install/isaac_ros_gxf:/workspaces/isaac_ros-dev/install/isaac_ros_common:${CMAKE_PREFIX_PATH} LD_LIBRARY_PATH=/workspaces/isaac_ros-dev/install/isaac_ros_nitros/lib:/workspaces/isaac_ros-dev/install/isaac_ros_nitros_interfaces/lib:/workspaces/isaac_ros-dev/install/isaac_ros_common/lib:${LD_LIBRARY_PATH} PYTHONPATH=/workspaces/isaac_ros-dev/install/isaac_ros_nitros_interfaces/lib/python3.8/site-packages:/workspaces/isaac_ros-dev/install/isaac_ros_test/lib/python3.8/site-packages:${PYTHONPATH} /usr/local/bin/cmake --build /workspaces/isaac_ros-dev/build/isaac_ros_nitros_compressed_image_type -- -j16 -l16
[63.944s] [  2%] [32mBuilding CXX object _deps/yaml-cpp-build/CMakeFiles/yaml-cpp.dir/src/binary.cpp.o[0m
[63.945s] [  5%] [32mBuilding CXX object _deps/yaml-cpp-build/CMakeFiles/yaml-cpp.dir/src/null.cpp.o[0m
[63.946s] [  8%] [32mBuilding CXX object _deps/yaml-cpp-build/CMakeFiles/yaml-cpp.dir/src/ostream_wrapper.cpp.o[0m
[63.946s] [ 11%] [32mBuilding CXX object _deps/yaml-cpp-build/CMakeFiles/yaml-cpp.dir/src/parse.cpp.o[0m
[63.946s] [ 14%] [32mBuilding CXX object _deps/yaml-cpp-build/CMakeFiles/yaml-cpp.dir/src/parser.cpp.o[0m
[63.946s] [ 17%] [32mBuilding CXX object _deps/yaml-cpp-build/CMakeFiles/yaml-cpp.dir/src/regex_yaml.cpp.o[0m
[63.946s] [ 20%] [32mBuilding CXX object _deps/yaml-cpp-build/CMakeFiles/yaml-cpp.dir/src/scanner.cpp.o[0m
[63.946s] [ 22%] [32mBuilding CXX object _deps/yaml-cpp-build/CMakeFiles/yaml-cpp.dir/src/scanscalar.cpp.o[0m
[63.946s] [ 25%] [32mBuilding CXX object _deps/yaml-cpp-build/CMakeFiles/yaml-cpp.dir/src/scantag.cpp.o[0m
[63.946s] [ 28%] [32mBuilding CXX object _deps/yaml-cpp-build/CMakeFiles/yaml-cpp.dir/src/scantoken.cpp.o[0m
[63.946s] [ 31%] [32mBuilding CXX object _deps/yaml-cpp-build/CMakeFiles/yaml-cpp.dir/src/simplekey.cpp.o[0m
[63.946s] [ 34%] [32mBuilding CXX object _deps/yaml-cpp-build/CMakeFiles/yaml-cpp.dir/src/singledocparser.cpp.o[0m
[63.947s] [ 37%] [32mBuilding CXX object _deps/yaml-cpp-build/CMakeFiles/yaml-cpp.dir/src/stream.cpp.o[0m
[63.947s] [ 40%] [32mBuilding CXX object _deps/yaml-cpp-build/CMakeFiles/yaml-cpp.dir/src/tag.cpp.o[0m
[63.947s] [ 42%] [32mBuilding CXX object _deps/yaml-cpp-build/CMakeFiles/yaml-cpp.dir/src/contrib/graphbuilder.cpp.o[0m
[63.947s] [ 45%] [32mBuilding CXX object _deps/yaml-cpp-build/CMakeFiles/yaml-cpp.dir/src/contrib/graphbuilderadapter.cpp.o[0m
[63.947s] [ 48%] [32mBuilding CXX object _deps/yaml-cpp-build/CMakeFiles/yaml-cpp.dir/src/nodeevents.cpp.o[0m
[63.947s] [ 51%] [32mBuilding CXX object _deps/yaml-cpp-build/CMakeFiles/yaml-cpp.dir/src/nodebuilder.cpp.o[0m
[63.947s] [ 54%] [32mBuilding CXX object _deps/yaml-cpp-build/CMakeFiles/yaml-cpp.dir/src/node_data.cpp.o[0m
[63.947s] [ 57%] [32mBuilding CXX object _deps/yaml-cpp-build/CMakeFiles/yaml-cpp.dir/src/node.cpp.o[0m
[63.947s] [ 60%] [32mBuilding CXX object _deps/yaml-cpp-build/CMakeFiles/yaml-cpp.dir/src/memory.cpp.o[0m
[63.947s] [ 62%] [32mBuilding CXX object _deps/yaml-cpp-build/CMakeFiles/yaml-cpp.dir/src/exp.cpp.o[0m
[63.947s] [ 65%] [32mBuilding CXX object _deps/yaml-cpp-build/CMakeFiles/yaml-cpp.dir/src/exceptions.cpp.o[0m
[63.947s] [ 68%] [32mBuilding CXX object _deps/yaml-cpp-build/CMakeFiles/yaml-cpp.dir/src/emitterutils.cpp.o[0m
[63.947s] [ 71%] [32mBuilding CXX object _deps/yaml-cpp-build/CMakeFiles/yaml-cpp.dir/src/emitterstate.cpp.o[0m
[63.947s] [ 74%] [32mBuilding CXX object _deps/yaml-cpp-build/CMakeFiles/yaml-cpp.dir/src/emitter.cpp.o[0m
[63.948s] [ 77%] [32mBuilding CXX object _deps/yaml-cpp-build/CMakeFiles/yaml-cpp.dir/src/emitfromevents.cpp.o[0m
[63.948s] [ 80%] [32mBuilding CXX object _deps/yaml-cpp-build/CMakeFiles/yaml-cpp.dir/src/emit.cpp.o[0m
[63.948s] [ 82%] [32mBuilding CXX object _deps/yaml-cpp-build/CMakeFiles/yaml-cpp.dir/src/directives.cpp.o[0m
[63.948s] [ 85%] [32mBuilding CXX object _deps/yaml-cpp-build/CMakeFiles/yaml-cpp.dir/src/convert.cpp.o[0m
[63.948s] [ 88%] [32m[1mLinking CXX static library libyaml-cpp.a[0m
[63.948s] [ 88%] Built target yaml-cpp
[63.948s] [ 91%] [32mBuilding CXX object CMakeFiles/isaac_ros_nitros_compressed_image_type.dir/src/nitros_compressed_image.cpp.o[0m
[66.195s] [ 94%] [32m[1mLinking CXX shared library libisaac_ros_nitros_compressed_image_type.so[0m
[66.602s] [ 94%] Built target isaac_ros_nitros_compressed_image_type
[66.624s] [ 97%] [32mBuilding CXX object CMakeFiles/nitros_compressed_image_forward_node.dir/test/src/nitros_compressed_image_forward_node.cpp.o[0m
[86.292s] [100%] [32m[1mLinking CXX shared library libnitros_compressed_image_forward_node.so[0m
[86.506s] [100%] Built target nitros_compressed_image_forward_node
[86.513s] Invoked command in '/workspaces/isaac_ros-dev/build/isaac_ros_nitros_compressed_image_type' returned '0': AMENT_PREFIX_PATH=/workspaces/isaac_ros-dev/install/isaac_ros_nitros:/workspaces/isaac_ros-dev/install/isaac_ros_nitros_interfaces:/workspaces/isaac_ros-dev/install/isaac_ros_gxf:/workspaces/isaac_ros-dev/install/isaac_ros_test:/workspaces/isaac_ros-dev/install/isaac_ros_common:${AMENT_PREFIX_PATH} CMAKE_PREFIX_PATH=/workspaces/isaac_ros-dev/install/isaac_ros_nitros:/workspaces/isaac_ros-dev/install/isaac_ros_nitros_interfaces:/workspaces/isaac_ros-dev/install/isaac_ros_gxf:/workspaces/isaac_ros-dev/install/isaac_ros_common:${CMAKE_PREFIX_PATH} LD_LIBRARY_PATH=/workspaces/isaac_ros-dev/install/isaac_ros_nitros/lib:/workspaces/isaac_ros-dev/install/isaac_ros_nitros_interfaces/lib:/workspaces/isaac_ros-dev/install/isaac_ros_common/lib:${LD_LIBRARY_PATH} PYTHONPATH=/workspaces/isaac_ros-dev/install/isaac_ros_nitros_interfaces/lib/python3.8/site-packages:/workspaces/isaac_ros-dev/install/isaac_ros_test/lib/python3.8/site-packages:${PYTHONPATH} /usr/local/bin/cmake --build /workspaces/isaac_ros-dev/build/isaac_ros_nitros_compressed_image_type -- -j16 -l16
[86.563s] Invoking command in '/workspaces/isaac_ros-dev/build/isaac_ros_nitros_compressed_image_type': AMENT_PREFIX_PATH=/workspaces/isaac_ros-dev/install/isaac_ros_nitros:/workspaces/isaac_ros-dev/install/isaac_ros_nitros_interfaces:/workspaces/isaac_ros-dev/install/isaac_ros_gxf:/workspaces/isaac_ros-dev/install/isaac_ros_test:/workspaces/isaac_ros-dev/install/isaac_ros_common:${AMENT_PREFIX_PATH} CMAKE_PREFIX_PATH=/workspaces/isaac_ros-dev/install/isaac_ros_nitros:/workspaces/isaac_ros-dev/install/isaac_ros_nitros_interfaces:/workspaces/isaac_ros-dev/install/isaac_ros_gxf:/workspaces/isaac_ros-dev/install/isaac_ros_common:${CMAKE_PREFIX_PATH} LD_LIBRARY_PATH=/workspaces/isaac_ros-dev/install/isaac_ros_nitros/lib:/workspaces/isaac_ros-dev/install/isaac_ros_nitros_interfaces/lib:/workspaces/isaac_ros-dev/install/isaac_ros_common/lib:${LD_LIBRARY_PATH} PYTHONPATH=/workspaces/isaac_ros-dev/install/isaac_ros_nitros_interfaces/lib/python3.8/site-packages:/workspaces/isaac_ros-dev/install/isaac_ros_test/lib/python3.8/site-packages:${PYTHONPATH} /usr/local/bin/cmake --install /workspaces/isaac_ros-dev/build/isaac_ros_nitros_compressed_image_type
[86.586s] -- Install configuration: "Release"
[86.587s] -- Installing: /workspaces/isaac_ros-dev/install/isaac_ros_nitros_compressed_image_type/lib/libyaml-cpp.a
[86.588s] -- Installing: /workspaces/isaac_ros-dev/install/isaac_ros_nitros_compressed_image_type/include/yaml-cpp
[86.588s] -- Installing: /workspaces/isaac_ros-dev/install/isaac_ros_nitros_compressed_image_type/include/yaml-cpp/mark.h
[86.588s] -- Installing: /workspaces/isaac_ros-dev/install/isaac_ros_nitros_compressed_image_type/include/yaml-cpp/emittermanip.h
[86.588s] -- Installing: /workspaces/isaac_ros-dev/install/isaac_ros_nitros_compressed_image_type/include/yaml-cpp/emitter.h
[86.588s] -- Installing: /workspaces/isaac_ros-dev/install/isaac_ros_nitros_compressed_image_type/include/yaml-cpp/exceptions.h
[86.588s] -- Installing: /workspaces/isaac_ros-dev/install/isaac_ros_nitros_compressed_image_type/include/yaml-cpp/traits.h
[86.588s] -- Installing: /workspaces/isaac_ros-dev/install/isaac_ros_nitros_compressed_image_type/include/yaml-cpp/eventhandler.h
[86.588s] -- Installing: /workspaces/isaac_ros-dev/install/isaac_ros_nitros_compressed_image_type/include/yaml-cpp/parser.h
[86.589s] -- Installing: /workspaces/isaac_ros-dev/install/isaac_ros_nitros_compressed_image_type/include/yaml-cpp/dll.h
[86.589s] -- Installing: /workspaces/isaac_ros-dev/install/isaac_ros_nitros_compressed_image_type/include/yaml-cpp/null.h
[86.589s] -- Installing: /workspaces/isaac_ros-dev/install/isaac_ros_nitros_compressed_image_type/include/yaml-cpp/contrib
[86.589s] -- Installing: /workspaces/isaac_ros-dev/install/isaac_ros_nitros_compressed_image_type/include/yaml-cpp/contrib/graphbuilder.h
[86.589s] -- Installing: /workspaces/isaac_ros-dev/install/isaac_ros_nitros_compressed_image_type/include/yaml-cpp/contrib/anchordict.h
[86.589s] -- Installing: /workspaces/isaac_ros-dev/install/isaac_ros_nitros_compressed_image_type/include/yaml-cpp/emitterdef.h
[86.589s] -- Installing: /workspaces/isaac_ros-dev/install/isaac_ros_nitros_compressed_image_type/include/yaml-cpp/anchor.h
[86.589s] -- Installing: /workspaces/isaac_ros-dev/install/isaac_ros_nitros_compressed_image_type/include/yaml-cpp/emitfromevents.h
[86.589s] -- Installing: /workspaces/isaac_ros-dev/install/isaac_ros_nitros_compressed_image_type/include/yaml-cpp/emitterstyle.h
[86.589s] -- Installing: /workspaces/isaac_ros-dev/install/isaac_ros_nitros_compressed_image_type/include/yaml-cpp/node
[86.589s] -- Installing: /workspaces/isaac_ros-dev/install/isaac_ros_nitros_compressed_image_type/include/yaml-cpp/node/impl.h
[86.589s] -- Installing: /workspaces/isaac_ros-dev/install/isaac_ros_nitros_compressed_image_type/include/yaml-cpp/node/parse.h
[86.590s] -- Installing: /workspaces/isaac_ros-dev/install/isaac_ros_nitros_compressed_image_type/include/yaml-cpp/node/detail
[86.590s] -- Installing: /workspaces/isaac_ros-dev/install/isaac_ros_nitros_compressed_image_type/include/yaml-cpp/node/detail/node_data.h
[86.590s] -- Installing: /workspaces/isaac_ros-dev/install/isaac_ros_nitros_compressed_image_type/include/yaml-cpp/node/detail/impl.h
[86.590s] -- Installing: /workspaces/isaac_ros-dev/install/isaac_ros_nitros_compressed_image_type/include/yaml-cpp/node/detail/node_iterator.h
[86.590s] -- Installing: /workspaces/isaac_ros-dev/install/isaac_ros_nitros_compressed_image_type/include/yaml-cpp/node/detail/memory.h
[86.590s] -- Installing: /workspaces/isaac_ros-dev/install/isaac_ros_nitros_compressed_image_type/include/yaml-cpp/node/detail/iterator.h
[86.590s] -- Installing: /workspaces/isaac_ros-dev/install/isaac_ros_nitros_compressed_image_type/include/yaml-cpp/node/detail/iterator_fwd.h
[86.590s] -- Installing: /workspaces/isaac_ros-dev/install/isaac_ros_nitros_compressed_image_type/include/yaml-cpp/node/detail/node.h
[86.590s] -- Installing: /workspaces/isaac_ros-dev/install/isaac_ros_nitros_compressed_image_type/include/yaml-cpp/node/detail/bool_type.h
[86.590s] -- Installing: /workspaces/isaac_ros-dev/install/isaac_ros_nitros_compressed_image_type/include/yaml-cpp/node/detail/node_ref.h
[86.590s] -- Installing: /workspaces/isaac_ros-dev/install/isaac_ros_nitros_compressed_image_type/include/yaml-cpp/node/convert.h
[86.590s] -- Installing: /workspaces/isaac_ros-dev/install/isaac_ros_nitros_compressed_image_type/include/yaml-cpp/node/iterator.h
[86.590s] -- Installing: /workspaces/isaac_ros-dev/install/isaac_ros_nitros_compressed_image_type/include/yaml-cpp/node/type.h
[86.590s] -- Installing: /workspaces/isaac_ros-dev/install/isaac_ros_nitros_compressed_image_type/include/yaml-cpp/node/node.h
[86.591s] -- Installing: /workspaces/isaac_ros-dev/install/isaac_ros_nitros_compressed_image_type/include/yaml-cpp/node/emit.h
[86.591s] -- Installing: /workspaces/isaac_ros-dev/install/isaac_ros_nitros_compressed_image_type/include/yaml-cpp/node/ptr.h
[86.591s] -- Installing: /workspaces/isaac_ros-dev/install/isaac_ros_nitros_compressed_image_type/include/yaml-cpp/ostream_wrapper.h
[86.591s] -- Installing: /workspaces/isaac_ros-dev/install/isaac_ros_nitros_compressed_image_type/include/yaml-cpp/stlemitter.h
[86.591s] -- Installing: /workspaces/isaac_ros-dev/install/isaac_ros_nitros_compressed_image_type/include/yaml-cpp/binary.h
[86.591s] -- Installing: /workspaces/isaac_ros-dev/install/isaac_ros_nitros_compressed_image_type/include/yaml-cpp/yaml.h
[86.591s] -- Installing: /workspaces/isaac_ros-dev/install/isaac_ros_nitros_compressed_image_type/lib/cmake/yaml-cpp/yaml-cpp-config.cmake
[86.591s] -- Installing: /workspaces/isaac_ros-dev/install/isaac_ros_nitros_compressed_image_type/lib/cmake/yaml-cpp/yaml-cpp-config-version.cmake
[86.591s] -- Installing: /workspaces/isaac_ros-dev/install/isaac_ros_nitros_compressed_image_type/lib/cmake/yaml-cpp/yaml-cpp-targets.cmake
[86.591s] -- Installing: /workspaces/isaac_ros-dev/install/isaac_ros_nitros_compressed_image_type/lib/cmake/yaml-cpp/yaml-cpp-targets-release.cmake
[86.592s] -- Installing: /workspaces/isaac_ros-dev/install/isaac_ros_nitros_compressed_image_type/lib/pkgconfig/yaml-cpp.pc
[86.592s] -- Installing: /workspaces/isaac_ros-dev/install/isaac_ros_nitros_compressed_image_type/share/isaac_ros_nitros_compressed_image_type/test/config
[86.592s] -- Installing: /workspaces/isaac_ros-dev/install/isaac_ros_nitros_compressed_image_type/share/isaac_ros_nitros_compressed_image_type/test/config/test_forward_node.yaml
[86.592s] -- Up-to-date: /workspaces/isaac_ros-dev/install/isaac_ros_nitros_compressed_image_type/include
[86.592s] -- Installing: /workspaces/isaac_ros-dev/install/isaac_ros_nitros_compressed_image_type/include/isaac_ros_nitros_compressed_image_type
[86.592s] -- Installing: /workspaces/isaac_ros-dev/install/isaac_ros_nitros_compressed_image_type/include/isaac_ros_nitros_compressed_image_type/nitros_compressed_image.hpp
[86.592s] -- Installing: /workspaces/isaac_ros-dev/install/isaac_ros_nitros_compressed_image_type/share/isaac_ros_nitros_compressed_image_type/environment/library_path.sh
[86.592s] -- Installing: /workspaces/isaac_ros-dev/install/isaac_ros_nitros_compressed_image_type/share/isaac_ros_nitros_compressed_image_type/environment/library_path.dsv
[86.593s] -- Installing: /workspaces/isaac_ros-dev/install/isaac_ros_nitros_compressed_image_type/lib/libisaac_ros_nitros_compressed_image_type.so
[86.593s] -- Set runtime path of "/workspaces/isaac_ros-dev/install/isaac_ros_nitros_compressed_image_type/lib/libisaac_ros_nitros_compressed_image_type.so" to "/usr/local/cuda/lib64:/opt/ros/humble/install/lib:/workspaces/isaac_ros-dev/install/isaac_ros_common/lib:/workspaces/isaac_ros-dev/install/isaac_ros_nitros_interfaces/lib:/workspaces/isaac_ros-dev/install/isaac_ros_nitros/lib:/workspaces/isaac_ros-dev/install/isaac_ros_gxf/share/isaac_ros_gxf/gxf/lib/core:/workspaces/isaac_ros-dev/install/isaac_ros_gxf/share/isaac_ros_gxf/gxf/lib/multimedia"
[86.593s] -- Installing: /workspaces/isaac_ros-dev/install/isaac_ros_nitros_compressed_image_type/lib/libnitros_compressed_image_forward_node.so
[86.594s] -- Set runtime path of "/workspaces/isaac_ros-dev/install/isaac_ros_nitros_compressed_image_type/lib/libnitros_compressed_image_forward_node.so" to "/usr/local/cuda/lib64:/opt/ros/humble/install/lib:/workspaces/isaac_ros-dev/install/isaac_ros_common/lib:/workspaces/isaac_ros-dev/install/isaac_ros_nitros_interfaces/lib:/workspaces/isaac_ros-dev/install/isaac_ros_nitros/lib:/workspaces/isaac_ros-dev/install/isaac_ros_gxf/share/isaac_ros_gxf/gxf/lib/core:/workspaces/isaac_ros-dev/install/isaac_ros_gxf/share/isaac_ros_gxf/gxf/lib/multimedia"
[86.595s] -- Installing: /workspaces/isaac_ros-dev/install/isaac_ros_nitros_compressed_image_type/share/ament_index/resource_index/package_run_dependencies/isaac_ros_nitros_compressed_image_type
[86.595s] -- Installing: /workspaces/isaac_ros-dev/install/isaac_ros_nitros_compressed_image_type/share/ament_index/resource_index/parent_prefix_path/isaac_ros_nitros_compressed_image_type
[86.595s] -- Installing: /workspaces/isaac_ros-dev/install/isaac_ros_nitros_compressed_image_type/share/isaac_ros_nitros_compressed_image_type/environment/ament_prefix_path.sh
[86.595s] -- Installing: /workspaces/isaac_ros-dev/install/isaac_ros_nitros_compressed_image_type/share/isaac_ros_nitros_compressed_image_type/environment/ament_prefix_path.dsv
[86.595s] -- Installing: /workspaces/isaac_ros-dev/install/isaac_ros_nitros_compressed_image_type/share/isaac_ros_nitros_compressed_image_type/environment/path.sh
[86.596s] -- Installing: /workspaces/isaac_ros-dev/install/isaac_ros_nitros_compressed_image_type/share/isaac_ros_nitros_compressed_image_type/environment/path.dsv
[86.596s] -- Installing: /workspaces/isaac_ros-dev/install/isaac_ros_nitros_compressed_image_type/share/isaac_ros_nitros_compressed_image_type/local_setup.bash
[86.596s] -- Installing: /workspaces/isaac_ros-dev/install/isaac_ros_nitros_compressed_image_type/share/isaac_ros_nitros_compressed_image_type/local_setup.sh
[86.596s] -- Installing: /workspaces/isaac_ros-dev/install/isaac_ros_nitros_compressed_image_type/share/isaac_ros_nitros_compressed_image_type/local_setup.zsh
[86.596s] -- Installing: /workspaces/isaac_ros-dev/install/isaac_ros_nitros_compressed_image_type/share/isaac_ros_nitros_compressed_image_type/local_setup.dsv
[86.596s] -- Installing: /workspaces/isaac_ros-dev/install/isaac_ros_nitros_compressed_image_type/share/isaac_ros_nitros_compressed_image_type/package.dsv
[86.597s] -- Installing: /workspaces/isaac_ros-dev/install/isaac_ros_nitros_compressed_image_type/share/ament_index/resource_index/packages/isaac_ros_nitros_compressed_image_type
[86.597s] -- Installing: /workspaces/isaac_ros-dev/install/isaac_ros_nitros_compressed_image_type/share/ament_index/resource_index/rclcpp_components/isaac_ros_nitros_compressed_image_type
[86.597s] -- Installing: /workspaces/isaac_ros-dev/install/isaac_ros_nitros_compressed_image_type/share/isaac_ros_nitros_compressed_image_type/cmake/ament_cmake_export_dependencies-extras.cmake
[86.597s] -- Installing: /workspaces/isaac_ros-dev/install/isaac_ros_nitros_compressed_image_type/share/isaac_ros_nitros_compressed_image_type/cmake/ament_cmake_export_include_directories-extras.cmake
[86.597s] -- Installing: /workspaces/isaac_ros-dev/install/isaac_ros_nitros_compressed_image_type/share/isaac_ros_nitros_compressed_image_type/cmake/ament_cmake_export_libraries-extras.cmake
[86.598s] -- Installing: /workspaces/isaac_ros-dev/install/isaac_ros_nitros_compressed_image_type/share/isaac_ros_nitros_compressed_image_type/cmake/isaac_ros_nitros_compressed_image_typeConfig.cmake
[86.598s] -- Installing: /workspaces/isaac_ros-dev/install/isaac_ros_nitros_compressed_image_type/share/isaac_ros_nitros_compressed_image_type/cmake/isaac_ros_nitros_compressed_image_typeConfig-version.cmake
[86.598s] -- Installing: /workspaces/isaac_ros-dev/install/isaac_ros_nitros_compressed_image_type/share/isaac_ros_nitros_compressed_image_type/package.xml
[86.603s] Invoked command in '/workspaces/isaac_ros-dev/build/isaac_ros_nitros_compressed_image_type' returned '0': AMENT_PREFIX_PATH=/workspaces/isaac_ros-dev/install/isaac_ros_nitros:/workspaces/isaac_ros-dev/install/isaac_ros_nitros_interfaces:/workspaces/isaac_ros-dev/install/isaac_ros_gxf:/workspaces/isaac_ros-dev/install/isaac_ros_test:/workspaces/isaac_ros-dev/install/isaac_ros_common:${AMENT_PREFIX_PATH} CMAKE_PREFIX_PATH=/workspaces/isaac_ros-dev/install/isaac_ros_nitros:/workspaces/isaac_ros-dev/install/isaac_ros_nitros_interfaces:/workspaces/isaac_ros-dev/install/isaac_ros_gxf:/workspaces/isaac_ros-dev/install/isaac_ros_common:${CMAKE_PREFIX_PATH} LD_LIBRARY_PATH=/workspaces/isaac_ros-dev/install/isaac_ros_nitros/lib:/workspaces/isaac_ros-dev/install/isaac_ros_nitros_interfaces/lib:/workspaces/isaac_ros-dev/install/isaac_ros_common/lib:${LD_LIBRARY_PATH} PYTHONPATH=/workspaces/isaac_ros-dev/install/isaac_ros_nitros_interfaces/lib/python3.8/site-packages:/workspaces/isaac_ros-dev/install/isaac_ros_test/lib/python3.8/site-packages:${PYTHONPATH} /usr/local/bin/cmake --install /workspaces/isaac_ros-dev/build/isaac_ros_nitros_compressed_image_type
