[0.092s] Invoking command in '/workspaces/isaac_ros-dev/build/isaac_ros_nitros_pose_array_type': AMENT_PREFIX_PATH=/workspaces/isaac_ros-dev/install/isaac_ros_nitros:/workspaces/isaac_ros-dev/install/isaac_ros_nitros_interfaces:/workspaces/isaac_ros-dev/install/isaac_ros_gxf:/workspaces/isaac_ros-dev/install/isaac_ros_test:/workspaces/isaac_ros-dev/install/isaac_ros_common:${AMENT_PREFIX_PATH} CMAKE_PREFIX_PATH=/workspaces/isaac_ros-dev/install/isaac_ros_nitros:/workspaces/isaac_ros-dev/install/isaac_ros_nitros_interfaces:/workspaces/isaac_ros-dev/install/isaac_ros_gxf:/workspaces/isaac_ros-dev/install/isaac_ros_common:${CMAKE_PREFIX_PATH} LD_LIBRARY_PATH=/workspaces/isaac_ros-dev/install/isaac_ros_nitros/lib:/workspaces/isaac_ros-dev/install/isaac_ros_nitros_interfaces/lib:/workspaces/isaac_ros-dev/install/isaac_ros_common/lib:/opt/ros/humble/install/opt/rviz_ogre_vendor/lib:/opt/ros/humble/install/lib:/usr/lib/aarch64-linux-gnu/tegra/weston:/usr/lib/aarch64-linux-gnu/tegra-egl:/usr/local/cuda-11.4/targets/aarch64-linux/lib:/usr/lib/aarch64-linux-gnu/tegra:/opt/nvidia/vpi2/lib64:/usr/lib/aarch64-linux-gnu-host:/opt/tritonserver/lib PYTHONPATH=/workspaces/isaac_ros-dev/install/isaac_ros_nitros_interfaces/lib/python3.8/site-packages:/workspaces/isaac_ros-dev/install/isaac_ros_test/lib/python3.8/site-packages:${PYTHONPATH} /usr/bin/cmake /workspaces/isaac_ros-dev/src/isaac_ros_nitros/isaac_ros_nitros_type/isaac_ros_nitros_pose_array_type -DCMAKE_INSTALL_PREFIX=/workspaces/isaac_ros-dev/install/isaac_ros_nitros_pose_array_type
[0.247s] -- The C compiler identification is GNU 9.4.0
[0.401s] -- The CXX compiler identification is GNU 9.4.0
[0.425s] -- Detecting C compiler ABI info
[0.616s] -- Detecting C compiler ABI info - done
[0.636s] -- Check for working C compiler: /usr/bin/cc - skipped
[0.636s] -- Detecting C compile features
[0.638s] -- Detecting C compile features - done
[0.646s] -- Detecting CXX compiler ABI info
[0.880s] -- Detecting CXX compiler ABI info - done
[0.901s] -- Check for working CXX compiler: /usr/bin/c++ - skipped
[0.903s] -- Detecting CXX compile features
[0.904s] -- Detecting CXX compile features - done
[0.912s] -- Found ament_cmake_auto: 1.3.3 (/opt/ros/humble/install/share/ament_cmake_auto/cmake)
[3.120s] -- Found Python3: /usr/bin/python3.8 (found version "3.8.10") found components: Interpreter 
[3.583s] -- Loading isaac_ros_common extras
[3.583s] -- CMAKE_BUILD_TYPE: Release
[3.627s] -- Looking for pthread.h
[3.861s] -- Looking for pthread.h - found
[3.862s] -- Performing Test CMAKE_HAVE_LIBC_PTHREAD
[4.126s] -- Performing Test CMAKE_HAVE_LIBC_PTHREAD - Failed
[4.126s] -- Looking for pthread_create in pthreads
[4.328s] -- Looking for pthread_create in pthreads - not found
[4.329s] -- Looking for pthread_create in pthread
[4.534s] -- Looking for pthread_create in pthread - found
[4.538s] -- Found Threads: TRUE  
[4.606s] -- Found CUDA: /usr/local/cuda (found version "11.4") 
[4.609s] -- Loading isaac_ros_common extras (modules)
[4.748s] -- Found rosidl_generator_c: 3.1.4 (/opt/ros/humble/install/share/rosidl_generator_c/cmake)
[4.765s] -- Found rosidl_adapter: 3.1.4 (/opt/ros/humble/install/share/rosidl_adapter/cmake)
[4.800s] -- Found rosidl_generator_cpp: 3.1.4 (/opt/ros/humble/install/share/rosidl_generator_cpp/cmake)
[4.847s] -- Using all available rosidl_typesupport_c: rosidl_typesupport_fastrtps_c;rosidl_typesupport_introspection_c
[4.922s] -- Using all available rosidl_typesupport_cpp: rosidl_typesupport_fastrtps_cpp;rosidl_typesupport_introspection_cpp
[5.143s] -- Found rmw_implementation_cmake: 6.1.1 (/opt/ros/humble/install/share/rmw_implementation_cmake/cmake)
[5.153s] -- Found rmw_fastrtps_cpp: 6.2.2 (/opt/ros/humble/install/share/rmw_fastrtps_cpp/cmake)
[5.564s] -- Found OpenSSL: /usr/lib/aarch64-linux-gnu/libcrypto.so (found version "1.1.1f")  
[5.666s] -- Found FastRTPS: /opt/ros/humble/install/include  
[5.865s] -- Using RMW implementation 'rmw_fastrtps_cpp' as default
[6.905s] -- Loading isaac_ros_gxf extras
[6.921s] -- Found atlas lib=/workspaces/isaac_ros-dev/install/isaac_ros_gxf/share/isaac_ros_gxf/gxf/lib/libgxf_atlas.so, include=/workspaces/isaac_ros-dev/install/isaac_ros_gxf/share/isaac_ros_gxf/gxf/include/gxf
[6.930s] -- Found cuda lib=/workspaces/isaac_ros-dev/install/isaac_ros_gxf/share/isaac_ros_gxf/gxf/lib/cuda/libgxf_cuda.so, include=/workspaces/isaac_ros-dev/install/isaac_ros_gxf/share/isaac_ros_gxf/gxf/include/gxf
[6.938s] -- Found isaac_messages lib=/workspaces/isaac_ros-dev/install/isaac_ros_gxf/share/isaac_ros_gxf/gxf/lib/libgxf_isaac_messages.so, include=/workspaces/isaac_ros-dev/install/isaac_ros_gxf/share/isaac_ros_gxf/gxf/include/gxf
[6.946s] -- Found isaac_ros_messages lib=/workspaces/isaac_ros-dev/install/isaac_ros_gxf/share/isaac_ros_gxf/gxf/lib/libgxf_isaac_ros_messages.so, include=/workspaces/isaac_ros-dev/install/isaac_ros_gxf/share/isaac_ros_gxf/gxf/include/gxf
[6.954s] -- Found multimedia lib=/workspaces/isaac_ros-dev/install/isaac_ros_gxf/share/isaac_ros_gxf/gxf/lib/multimedia/libgxf_multimedia.so, include=/workspaces/isaac_ros-dev/install/isaac_ros_gxf/share/isaac_ros_gxf/gxf/include/gxf
[6.966s] -- Found gxf_optimizer lib=/workspaces/isaac_ros-dev/install/isaac_ros_gxf/share/isaac_ros_gxf/gxf/lib/libgxf_optimizer.so, include=/workspaces/isaac_ros-dev/install/isaac_ros_gxf/share/isaac_ros_gxf/gxf/include/gxf
[6.974s] -- Found serialization lib=/workspaces/isaac_ros-dev/install/isaac_ros_gxf/share/isaac_ros_gxf/gxf/lib/serialization/libgxf_serialization.so, include=/workspaces/isaac_ros-dev/install/isaac_ros_gxf/share/isaac_ros_gxf/gxf/include/gxf
[6.982s] -- Found std lib=/workspaces/isaac_ros-dev/install/isaac_ros_gxf/share/isaac_ros_gxf/gxf/lib/std/libgxf_std.so, include=/workspaces/isaac_ros-dev/install/isaac_ros_gxf/share/isaac_ros_gxf/gxf/include/gxf
[6.990s] -- Found core lib=/workspaces/isaac_ros-dev/install/isaac_ros_gxf/share/isaac_ros_gxf/gxf/lib/core/libgxf_core.so, include=/workspaces/isaac_ros-dev/install/isaac_ros_gxf/share/isaac_ros_gxf/gxf/include/gxf
[6.996s] -- Found GXF:  (found suitable version "2.5.0", minimum required is "2.5.0") found components: core std 
[9.713s] -- Performing Test FLAG_WEXTRA
[9.933s] -- Performing Test FLAG_WEXTRA - Success
[10.317s] -- Found ament_lint_auto: 0.12.5 (/opt/ros/humble/install/share/ament_lint_auto/cmake)
[10.425s] -- Found launch_testing_ament_cmake: 1.0.4 (/opt/ros/humble/install/share/launch_testing_ament_cmake/cmake)
[10.431s] -- Found python_cmake_module: 0.10.0 (/opt/ros/humble/install/share/python_cmake_module/cmake)
[10.513s] -- Found PythonInterp: /usr/bin/python3 (found suitable version "3.8.10", minimum required is "3.6") 
[10.528s] -- Found PythonLibs: /usr/lib/aarch64-linux-gnu/libpython3.8.so (found suitable version "3.8.10", minimum required is "3.5") 
[10.528s] -- Using PYTHON_EXECUTABLE: /usr/bin/python3
[10.529s] -- Using PYTHON_INCLUDE_DIRS: /usr/include/python3.8
[10.529s] -- Using PYTHON_LIBRARIES: /usr/lib/aarch64-linux-gnu/libpython3.8.so
[10.609s] -- Found PythonExtra: .so  
[10.630s] -- Added test 'cppcheck' to perform static code analysis on C / C++ code
[10.632s] -- Configured cppcheck include dirs: /workspaces/isaac_ros-dev/src/isaac_ros_nitros/isaac_ros_nitros_type/isaac_ros_nitros_pose_array_type/include
[10.632s] -- Configured cppcheck exclude dirs and/or files: 
[10.638s] -- Added test 'cpplint' to check C / C++ code against the Google style
[10.638s] -- Configured cpplint exclude dirs and/or files: 
[10.641s] -- Added test 'flake8' to check Python code syntax and style conventions
[10.644s] -- Added test 'lint_cmake' to check CMake code style
[10.647s] -- Added test 'pep257' to check Python code against some of the docstring style conventions in PEP 257
[10.652s] -- Added test 'uncrustify' to check C / C++ code style
[10.653s] -- Configured uncrustify additional arguments: 
[10.656s] -- Added test 'xmllint' to check XML markup files
[10.671s] -- Configuring done
[10.847s] -- Generating done
[10.856s] -- Build files have been written to: /workspaces/isaac_ros-dev/build/isaac_ros_nitros_pose_array_type
[10.907s] Invoked command in '/workspaces/isaac_ros-dev/build/isaac_ros_nitros_pose_array_type' returned '0': AMENT_PREFIX_PATH=/workspaces/isaac_ros-dev/install/isaac_ros_nitros:/workspaces/isaac_ros-dev/install/isaac_ros_nitros_interfaces:/workspaces/isaac_ros-dev/install/isaac_ros_gxf:/workspaces/isaac_ros-dev/install/isaac_ros_test:/workspaces/isaac_ros-dev/install/isaac_ros_common:${AMENT_PREFIX_PATH} CMAKE_PREFIX_PATH=/workspaces/isaac_ros-dev/install/isaac_ros_nitros:/workspaces/isaac_ros-dev/install/isaac_ros_nitros_interfaces:/workspaces/isaac_ros-dev/install/isaac_ros_gxf:/workspaces/isaac_ros-dev/install/isaac_ros_common:${CMAKE_PREFIX_PATH} LD_LIBRARY_PATH=/workspaces/isaac_ros-dev/install/isaac_ros_nitros/lib:/workspaces/isaac_ros-dev/install/isaac_ros_nitros_interfaces/lib:/workspaces/isaac_ros-dev/install/isaac_ros_common/lib:/opt/ros/humble/install/opt/rviz_ogre_vendor/lib:/opt/ros/humble/install/lib:/usr/lib/aarch64-linux-gnu/tegra/weston:/usr/lib/aarch64-linux-gnu/tegra-egl:/usr/local/cuda-11.4/targets/aarch64-linux/lib:/usr/lib/aarch64-linux-gnu/tegra:/opt/nvidia/vpi2/lib64:/usr/lib/aarch64-linux-gnu-host:/opt/tritonserver/lib PYTHONPATH=/workspaces/isaac_ros-dev/install/isaac_ros_nitros_interfaces/lib/python3.8/site-packages:/workspaces/isaac_ros-dev/install/isaac_ros_test/lib/python3.8/site-packages:${PYTHONPATH} /usr/bin/cmake /workspaces/isaac_ros-dev/src/isaac_ros_nitros/isaac_ros_nitros_type/isaac_ros_nitros_pose_array_type -DCMAKE_INSTALL_PREFIX=/workspaces/isaac_ros-dev/install/isaac_ros_nitros_pose_array_type
[10.910s] Invoking command in '/workspaces/isaac_ros-dev/build/isaac_ros_nitros_pose_array_type': AMENT_PREFIX_PATH=/workspaces/isaac_ros-dev/install/isaac_ros_nitros:/workspaces/isaac_ros-dev/install/isaac_ros_nitros_interfaces:/workspaces/isaac_ros-dev/install/isaac_ros_gxf:/workspaces/isaac_ros-dev/install/isaac_ros_test:/workspaces/isaac_ros-dev/install/isaac_ros_common:${AMENT_PREFIX_PATH} CMAKE_PREFIX_PATH=/workspaces/isaac_ros-dev/install/isaac_ros_nitros:/workspaces/isaac_ros-dev/install/isaac_ros_nitros_interfaces:/workspaces/isaac_ros-dev/install/isaac_ros_gxf:/workspaces/isaac_ros-dev/install/isaac_ros_common:${CMAKE_PREFIX_PATH} LD_LIBRARY_PATH=/workspaces/isaac_ros-dev/install/isaac_ros_nitros/lib:/workspaces/isaac_ros-dev/install/isaac_ros_nitros_interfaces/lib:/workspaces/isaac_ros-dev/install/isaac_ros_common/lib:/opt/ros/humble/install/opt/rviz_ogre_vendor/lib:/opt/ros/humble/install/lib:/usr/lib/aarch64-linux-gnu/tegra/weston:/usr/lib/aarch64-linux-gnu/tegra-egl:/usr/local/cuda-11.4/targets/aarch64-linux/lib:/usr/lib/aarch64-linux-gnu/tegra:/opt/nvidia/vpi2/lib64:/usr/lib/aarch64-linux-gnu-host:/opt/tritonserver/lib PYTHONPATH=/workspaces/isaac_ros-dev/install/isaac_ros_nitros_interfaces/lib/python3.8/site-packages:/workspaces/isaac_ros-dev/install/isaac_ros_test/lib/python3.8/site-packages:${PYTHONPATH} /usr/bin/cmake --build /workspaces/isaac_ros-dev/build/isaac_ros_nitros_pose_array_type -- -j4 -l4
[11.014s] [  2%] [32mBuilding CXX object _deps/yaml-cpp-build/CMakeFiles/yaml-cpp.dir/src/binary.cpp.o[0m
[11.824s] [  5%] [32mBuilding CXX object _deps/yaml-cpp-build/CMakeFiles/yaml-cpp.dir/src/emit.cpp.o[0m
[13.444s] [  8%] [32mBuilding CXX object _deps/yaml-cpp-build/CMakeFiles/yaml-cpp.dir/src/emitfromevents.cpp.o[0m
[15.363s] [ 11%] [32mBuilding CXX object _deps/yaml-cpp-build/CMakeFiles/yaml-cpp.dir/src/emitter.cpp.o[0m
[18.001s] [ 14%] [32mBuilding CXX object _deps/yaml-cpp-build/CMakeFiles/yaml-cpp.dir/src/emitterstate.cpp.o[0m
[20.670s] [ 17%] [32mBuilding CXX object _deps/yaml-cpp-build/CMakeFiles/yaml-cpp.dir/src/emitterutils.cpp.o[0m
[29.291s] [ 20%] [32mBuilding CXX object _deps/yaml-cpp-build/CMakeFiles/yaml-cpp.dir/src/exceptions.cpp.o[0m
[30.294s] [ 22%] [32mBuilding CXX object _deps/yaml-cpp-build/CMakeFiles/yaml-cpp.dir/src/exp.cpp.o[0m
[31.921s] [ 25%] [32mBuilding CXX object _deps/yaml-cpp-build/CMakeFiles/yaml-cpp.dir/src/memory.cpp.o[0m
[33.806s] [ 28%] [32mBuilding CXX object _deps/yaml-cpp-build/CMakeFiles/yaml-cpp.dir/src/node.cpp.o[0m
[34.802s] [ 31%] [32mBuilding CXX object _deps/yaml-cpp-build/CMakeFiles/yaml-cpp.dir/src/node_data.cpp.o[0m
[37.383s] [ 34%] [32mBuilding CXX object _deps/yaml-cpp-build/CMakeFiles/yaml-cpp.dir/src/nodebuilder.cpp.o[0m
[39.870s] [ 37%] [32mBuilding CXX object _deps/yaml-cpp-build/CMakeFiles/yaml-cpp.dir/src/nodeevents.cpp.o[0m
[41.993s] [ 40%] [32mBuilding CXX object _deps/yaml-cpp-build/CMakeFiles/yaml-cpp.dir/src/null.cpp.o[0m
[42.502s] [ 42%] [32mBuilding CXX object _deps/yaml-cpp-build/CMakeFiles/yaml-cpp.dir/src/ostream_wrapper.cpp.o[0m
[43.620s] [ 45%] [32mBuilding CXX object _deps/yaml-cpp-build/CMakeFiles/yaml-cpp.dir/src/parse.cpp.o[0m
[46.174s] [ 48%] [32mBuilding CXX object _deps/yaml-cpp-build/CMakeFiles/yaml-cpp.dir/src/parser.cpp.o[0m
[48.566s] [ 51%] [32mBuilding CXX object _deps/yaml-cpp-build/CMakeFiles/yaml-cpp.dir/src/regex_yaml.cpp.o[0m
[49.961s] [ 54%] [32mBuilding CXX object _deps/yaml-cpp-build/CMakeFiles/yaml-cpp.dir/src/scanner.cpp.o[0m
[54.021s] [ 57%] [32mBuilding CXX object _deps/yaml-cpp-build/CMakeFiles/yaml-cpp.dir/src/scanscalar.cpp.o[0m
[56.811s] [ 60%] [32mBuilding CXX object _deps/yaml-cpp-build/CMakeFiles/yaml-cpp.dir/src/scantag.cpp.o[0m
[59.080s] [ 62%] [32mBuilding CXX object _deps/yaml-cpp-build/CMakeFiles/yaml-cpp.dir/src/scantoken.cpp.o[0m
[65.120s] [ 65%] [32mBuilding CXX object _deps/yaml-cpp-build/CMakeFiles/yaml-cpp.dir/src/simplekey.cpp.o[0m
[66.908s] [ 68%] [32mBuilding CXX object _deps/yaml-cpp-build/CMakeFiles/yaml-cpp.dir/src/singledocparser.cpp.o[0m
[70.004s] [ 71%] [32mBuilding CXX object _deps/yaml-cpp-build/CMakeFiles/yaml-cpp.dir/src/stream.cpp.o[0m
[71.467s] [ 74%] [32mBuilding CXX object _deps/yaml-cpp-build/CMakeFiles/yaml-cpp.dir/src/tag.cpp.o[0m
[72.659s] [ 77%] [32mBuilding CXX object _deps/yaml-cpp-build/CMakeFiles/yaml-cpp.dir/src/contrib/graphbuilder.cpp.o[0m
[73.813s] [ 80%] [32mBuilding CXX object _deps/yaml-cpp-build/CMakeFiles/yaml-cpp.dir/src/contrib/graphbuilderadapter.cpp.o[0m
[75.009s] [ 82%] [32mBuilding CXX object _deps/yaml-cpp-build/CMakeFiles/yaml-cpp.dir/src/directives.cpp.o[0m
[75.787s] [ 85%] [32mBuilding CXX object _deps/yaml-cpp-build/CMakeFiles/yaml-cpp.dir/src/convert.cpp.o[0m
[78.000s] [ 88%] [32m[1mLinking CXX static library libyaml-cpp.a[0m
[78.092s] [ 88%] Built target yaml-cpp
[78.130s] [ 91%] [32mBuilding CXX object CMakeFiles/isaac_ros_nitros_pose_array_type.dir/src/nitros_pose_array.cpp.o[0m
[109.667s] [ 94%] [32m[1mLinking CXX shared library libisaac_ros_nitros_pose_array_type.so[0m
[110.186s] [ 94%] Built target isaac_ros_nitros_pose_array_type
[110.225s] [ 97%] [32mBuilding CXX object CMakeFiles/nitros_pose_array_forward_node.dir/test/src/nitros_pose_array_forward_node.cpp.o[0m
[167.368s] [100%] [32m[1mLinking CXX shared library libnitros_pose_array_forward_node.so[0m
[168.180s] [100%] Built target nitros_pose_array_forward_node
[168.204s] Invoked command in '/workspaces/isaac_ros-dev/build/isaac_ros_nitros_pose_array_type' returned '0': AMENT_PREFIX_PATH=/workspaces/isaac_ros-dev/install/isaac_ros_nitros:/workspaces/isaac_ros-dev/install/isaac_ros_nitros_interfaces:/workspaces/isaac_ros-dev/install/isaac_ros_gxf:/workspaces/isaac_ros-dev/install/isaac_ros_test:/workspaces/isaac_ros-dev/install/isaac_ros_common:${AMENT_PREFIX_PATH} CMAKE_PREFIX_PATH=/workspaces/isaac_ros-dev/install/isaac_ros_nitros:/workspaces/isaac_ros-dev/install/isaac_ros_nitros_interfaces:/workspaces/isaac_ros-dev/install/isaac_ros_gxf:/workspaces/isaac_ros-dev/install/isaac_ros_common:${CMAKE_PREFIX_PATH} LD_LIBRARY_PATH=/workspaces/isaac_ros-dev/install/isaac_ros_nitros/lib:/workspaces/isaac_ros-dev/install/isaac_ros_nitros_interfaces/lib:/workspaces/isaac_ros-dev/install/isaac_ros_common/lib:/opt/ros/humble/install/opt/rviz_ogre_vendor/lib:/opt/ros/humble/install/lib:/usr/lib/aarch64-linux-gnu/tegra/weston:/usr/lib/aarch64-linux-gnu/tegra-egl:/usr/local/cuda-11.4/targets/aarch64-linux/lib:/usr/lib/aarch64-linux-gnu/tegra:/opt/nvidia/vpi2/lib64:/usr/lib/aarch64-linux-gnu-host:/opt/tritonserver/lib PYTHONPATH=/workspaces/isaac_ros-dev/install/isaac_ros_nitros_interfaces/lib/python3.8/site-packages:/workspaces/isaac_ros-dev/install/isaac_ros_test/lib/python3.8/site-packages:${PYTHONPATH} /usr/bin/cmake --build /workspaces/isaac_ros-dev/build/isaac_ros_nitros_pose_array_type -- -j4 -l4
[168.329s] Invoking command in '/workspaces/isaac_ros-dev/build/isaac_ros_nitros_pose_array_type': AMENT_PREFIX_PATH=/workspaces/isaac_ros-dev/install/isaac_ros_nitros:/workspaces/isaac_ros-dev/install/isaac_ros_nitros_interfaces:/workspaces/isaac_ros-dev/install/isaac_ros_gxf:/workspaces/isaac_ros-dev/install/isaac_ros_test:/workspaces/isaac_ros-dev/install/isaac_ros_common:${AMENT_PREFIX_PATH} CMAKE_PREFIX_PATH=/workspaces/isaac_ros-dev/install/isaac_ros_nitros:/workspaces/isaac_ros-dev/install/isaac_ros_nitros_interfaces:/workspaces/isaac_ros-dev/install/isaac_ros_gxf:/workspaces/isaac_ros-dev/install/isaac_ros_common:${CMAKE_PREFIX_PATH} LD_LIBRARY_PATH=/workspaces/isaac_ros-dev/install/isaac_ros_nitros/lib:/workspaces/isaac_ros-dev/install/isaac_ros_nitros_interfaces/lib:/workspaces/isaac_ros-dev/install/isaac_ros_common/lib:/opt/ros/humble/install/opt/rviz_ogre_vendor/lib:/opt/ros/humble/install/lib:/usr/lib/aarch64-linux-gnu/tegra/weston:/usr/lib/aarch64-linux-gnu/tegra-egl:/usr/local/cuda-11.4/targets/aarch64-linux/lib:/usr/lib/aarch64-linux-gnu/tegra:/opt/nvidia/vpi2/lib64:/usr/lib/aarch64-linux-gnu-host:/opt/tritonserver/lib PYTHONPATH=/workspaces/isaac_ros-dev/install/isaac_ros_nitros_interfaces/lib/python3.8/site-packages:/workspaces/isaac_ros-dev/install/isaac_ros_test/lib/python3.8/site-packages:${PYTHONPATH} /usr/bin/cmake --install /workspaces/isaac_ros-dev/build/isaac_ros_nitros_pose_array_type
[168.347s] -- Install configuration: "Release"
[168.350s] -- Installing: /workspaces/isaac_ros-dev/install/isaac_ros_nitros_pose_array_type/lib/libyaml-cpp.a
[168.369s] -- Installing: /workspaces/isaac_ros-dev/install/isaac_ros_nitros_pose_array_type/include/yaml-cpp
[168.371s] -- Installing: /workspaces/isaac_ros-dev/install/isaac_ros_nitros_pose_array_type/include/yaml-cpp/exceptions.h
[168.375s] -- Installing: /workspaces/isaac_ros-dev/install/isaac_ros_nitros_pose_array_type/include/yaml-cpp/ostream_wrapper.h
[168.378s] -- Installing: /workspaces/isaac_ros-dev/install/isaac_ros_nitros_pose_array_type/include/yaml-cpp/emitterstyle.h
[168.381s] -- Installing: /workspaces/isaac_ros-dev/install/isaac_ros_nitros_pose_array_type/include/yaml-cpp/yaml.h
[168.384s] -- Installing: /workspaces/isaac_ros-dev/install/isaac_ros_nitros_pose_array_type/include/yaml-cpp/binary.h
[168.387s] -- Installing: /workspaces/isaac_ros-dev/install/isaac_ros_nitros_pose_array_type/include/yaml-cpp/emitfromevents.h
[168.390s] -- Installing: /workspaces/isaac_ros-dev/install/isaac_ros_nitros_pose_array_type/include/yaml-cpp/dll.h
[168.393s] -- Installing: /workspaces/isaac_ros-dev/install/isaac_ros_nitros_pose_array_type/include/yaml-cpp/traits.h
[168.396s] -- Installing: /workspaces/isaac_ros-dev/install/isaac_ros_nitros_pose_array_type/include/yaml-cpp/contrib
[168.397s] -- Installing: /workspaces/isaac_ros-dev/install/isaac_ros_nitros_pose_array_type/include/yaml-cpp/contrib/anchordict.h
[168.400s] -- Installing: /workspaces/isaac_ros-dev/install/isaac_ros_nitros_pose_array_type/include/yaml-cpp/contrib/graphbuilder.h
[168.404s] -- Installing: /workspaces/isaac_ros-dev/install/isaac_ros_nitros_pose_array_type/include/yaml-cpp/emitter.h
[168.407s] -- Installing: /workspaces/isaac_ros-dev/install/isaac_ros_nitros_pose_array_type/include/yaml-cpp/stlemitter.h
[168.410s] -- Installing: /workspaces/isaac_ros-dev/install/isaac_ros_nitros_pose_array_type/include/yaml-cpp/eventhandler.h
[168.413s] -- Installing: /workspaces/isaac_ros-dev/install/isaac_ros_nitros_pose_array_type/include/yaml-cpp/emittermanip.h
[168.416s] -- Installing: /workspaces/isaac_ros-dev/install/isaac_ros_nitros_pose_array_type/include/yaml-cpp/anchor.h
[168.419s] -- Installing: /workspaces/isaac_ros-dev/install/isaac_ros_nitros_pose_array_type/include/yaml-cpp/parser.h
[168.422s] -- Installing: /workspaces/isaac_ros-dev/install/isaac_ros_nitros_pose_array_type/include/yaml-cpp/emitterdef.h
[168.425s] -- Installing: /workspaces/isaac_ros-dev/install/isaac_ros_nitros_pose_array_type/include/yaml-cpp/node
[168.427s] -- Installing: /workspaces/isaac_ros-dev/install/isaac_ros_nitros_pose_array_type/include/yaml-cpp/node/emit.h
[168.430s] -- Installing: /workspaces/isaac_ros-dev/install/isaac_ros_nitros_pose_array_type/include/yaml-cpp/node/impl.h
[168.433s] -- Installing: /workspaces/isaac_ros-dev/install/isaac_ros_nitros_pose_array_type/include/yaml-cpp/node/convert.h
[168.437s] -- Installing: /workspaces/isaac_ros-dev/install/isaac_ros_nitros_pose_array_type/include/yaml-cpp/node/iterator.h
[168.440s] -- Installing: /workspaces/isaac_ros-dev/install/isaac_ros_nitros_pose_array_type/include/yaml-cpp/node/parse.h
[168.444s] -- Installing: /workspaces/isaac_ros-dev/install/isaac_ros_nitros_pose_array_type/include/yaml-cpp/node/detail
[168.445s] -- Installing: /workspaces/isaac_ros-dev/install/isaac_ros_nitros_pose_array_type/include/yaml-cpp/node/detail/impl.h
[168.448s] -- Installing: /workspaces/isaac_ros-dev/install/isaac_ros_nitros_pose_array_type/include/yaml-cpp/node/detail/node_ref.h
[168.451s] -- Installing: /workspaces/isaac_ros-dev/install/isaac_ros_nitros_pose_array_type/include/yaml-cpp/node/detail/iterator.h
[168.455s] -- Installing: /workspaces/isaac_ros-dev/install/isaac_ros_nitros_pose_array_type/include/yaml-cpp/node/detail/node_iterator.h
[168.458s] -- Installing: /workspaces/isaac_ros-dev/install/isaac_ros_nitros_pose_array_type/include/yaml-cpp/node/detail/memory.h
[168.461s] -- Installing: /workspaces/isaac_ros-dev/install/isaac_ros_nitros_pose_array_type/include/yaml-cpp/node/detail/iterator_fwd.h
[168.465s] -- Installing: /workspaces/isaac_ros-dev/install/isaac_ros_nitros_pose_array_type/include/yaml-cpp/node/detail/node_data.h
[168.468s] -- Installing: /workspaces/isaac_ros-dev/install/isaac_ros_nitros_pose_array_type/include/yaml-cpp/node/detail/bool_type.h
[168.471s] -- Installing: /workspaces/isaac_ros-dev/install/isaac_ros_nitros_pose_array_type/include/yaml-cpp/node/detail/node.h
[168.475s] -- Installing: /workspaces/isaac_ros-dev/install/isaac_ros_nitros_pose_array_type/include/yaml-cpp/node/node.h
[168.478s] -- Installing: /workspaces/isaac_ros-dev/install/isaac_ros_nitros_pose_array_type/include/yaml-cpp/node/ptr.h
[168.481s] -- Installing: /workspaces/isaac_ros-dev/install/isaac_ros_nitros_pose_array_type/include/yaml-cpp/node/type.h
[168.484s] -- Installing: /workspaces/isaac_ros-dev/install/isaac_ros_nitros_pose_array_type/include/yaml-cpp/null.h
[168.487s] -- Installing: /workspaces/isaac_ros-dev/install/isaac_ros_nitros_pose_array_type/include/yaml-cpp/mark.h
[168.491s] -- Installing: /workspaces/isaac_ros-dev/install/isaac_ros_nitros_pose_array_type/lib/cmake/yaml-cpp/yaml-cpp-config.cmake
[168.495s] -- Installing: /workspaces/isaac_ros-dev/install/isaac_ros_nitros_pose_array_type/lib/cmake/yaml-cpp/yaml-cpp-config-version.cmake
[168.510s] -- Installing: /workspaces/isaac_ros-dev/install/isaac_ros_nitros_pose_array_type/lib/cmake/yaml-cpp/yaml-cpp-targets.cmake
[168.511s] -- Installing: /workspaces/isaac_ros-dev/install/isaac_ros_nitros_pose_array_type/lib/cmake/yaml-cpp/yaml-cpp-targets-release.cmake
[168.511s] -- Installing: /workspaces/isaac_ros-dev/install/isaac_ros_nitros_pose_array_type/lib/pkgconfig/yaml-cpp.pc
[168.511s] -- Installing: /workspaces/isaac_ros-dev/install/isaac_ros_nitros_pose_array_type/share/isaac_ros_nitros_pose_array_type/test/config
[168.511s] -- Installing: /workspaces/isaac_ros-dev/install/isaac_ros_nitros_pose_array_type/share/isaac_ros_nitros_pose_array_type/test/config/test_forward_node.yaml
[168.512s] -- Up-to-date: /workspaces/isaac_ros-dev/install/isaac_ros_nitros_pose_array_type/include
[168.512s] -- Installing: /workspaces/isaac_ros-dev/install/isaac_ros_nitros_pose_array_type/include/isaac_ros_nitros_pose_array_type
[168.512s] -- Installing: /workspaces/isaac_ros-dev/install/isaac_ros_nitros_pose_array_type/include/isaac_ros_nitros_pose_array_type/nitros_pose_array.hpp
[168.512s] -- Installing: /workspaces/isaac_ros-dev/install/isaac_ros_nitros_pose_array_type/share/isaac_ros_nitros_pose_array_type/environment/library_path.sh
[168.512s] -- Installing: /workspaces/isaac_ros-dev/install/isaac_ros_nitros_pose_array_type/share/isaac_ros_nitros_pose_array_type/environment/library_path.dsv
[168.513s] -- Installing: /workspaces/isaac_ros-dev/install/isaac_ros_nitros_pose_array_type/lib/libisaac_ros_nitros_pose_array_type.so
[168.514s] -- Set runtime path of "/workspaces/isaac_ros-dev/install/isaac_ros_nitros_pose_array_type/lib/libisaac_ros_nitros_pose_array_type.so" to "/usr/local/cuda/lib64:/opt/ros/humble/install/lib:/workspaces/isaac_ros-dev/install/isaac_ros_common/lib:/workspaces/isaac_ros-dev/install/isaac_ros_nitros_interfaces/lib:/workspaces/isaac_ros-dev/install/isaac_ros_nitros/lib:/workspaces/isaac_ros-dev/install/isaac_ros_gxf/share/isaac_ros_gxf/gxf/lib/core"
[168.514s] -- Installing: /workspaces/isaac_ros-dev/install/isaac_ros_nitros_pose_array_type/lib/libnitros_pose_array_forward_node.so
[168.514s] -- Set runtime path of "/workspaces/isaac_ros-dev/install/isaac_ros_nitros_pose_array_type/lib/libnitros_pose_array_forward_node.so" to "/usr/local/cuda/lib64:/opt/ros/humble/install/lib:/workspaces/isaac_ros-dev/install/isaac_ros_common/lib:/workspaces/isaac_ros-dev/install/isaac_ros_nitros_interfaces/lib:/workspaces/isaac_ros-dev/install/isaac_ros_nitros/lib:/workspaces/isaac_ros-dev/install/isaac_ros_gxf/share/isaac_ros_gxf/gxf/lib/core"
[168.514s] -- Installing: /workspaces/isaac_ros-dev/install/isaac_ros_nitros_pose_array_type/share/ament_index/resource_index/package_run_dependencies/isaac_ros_nitros_pose_array_type
[168.514s] -- Installing: /workspaces/isaac_ros-dev/install/isaac_ros_nitros_pose_array_type/share/ament_index/resource_index/parent_prefix_path/isaac_ros_nitros_pose_array_type
[168.515s] -- Installing: /workspaces/isaac_ros-dev/install/isaac_ros_nitros_pose_array_type/share/isaac_ros_nitros_pose_array_type/environment/ament_prefix_path.sh
[168.515s] -- Installing: /workspaces/isaac_ros-dev/install/isaac_ros_nitros_pose_array_type/share/isaac_ros_nitros_pose_array_type/environment/ament_prefix_path.dsv
[168.515s] -- Installing: /workspaces/isaac_ros-dev/install/isaac_ros_nitros_pose_array_type/share/isaac_ros_nitros_pose_array_type/environment/path.sh
[168.515s] -- Installing: /workspaces/isaac_ros-dev/install/isaac_ros_nitros_pose_array_type/share/isaac_ros_nitros_pose_array_type/environment/path.dsv
[168.515s] -- Installing: /workspaces/isaac_ros-dev/install/isaac_ros_nitros_pose_array_type/share/isaac_ros_nitros_pose_array_type/local_setup.bash
[168.516s] -- Installing: /workspaces/isaac_ros-dev/install/isaac_ros_nitros_pose_array_type/share/isaac_ros_nitros_pose_array_type/local_setup.sh
[168.516s] -- Installing: /workspaces/isaac_ros-dev/install/isaac_ros_nitros_pose_array_type/share/isaac_ros_nitros_pose_array_type/local_setup.zsh
[168.516s] -- Installing: /workspaces/isaac_ros-dev/install/isaac_ros_nitros_pose_array_type/share/isaac_ros_nitros_pose_array_type/local_setup.dsv
[168.516s] -- Installing: /workspaces/isaac_ros-dev/install/isaac_ros_nitros_pose_array_type/share/isaac_ros_nitros_pose_array_type/package.dsv
[168.516s] -- Installing: /workspaces/isaac_ros-dev/install/isaac_ros_nitros_pose_array_type/share/ament_index/resource_index/packages/isaac_ros_nitros_pose_array_type
[168.517s] -- Installing: /workspaces/isaac_ros-dev/install/isaac_ros_nitros_pose_array_type/share/ament_index/resource_index/rclcpp_components/isaac_ros_nitros_pose_array_type
[168.518s] -- Installing: /workspaces/isaac_ros-dev/install/isaac_ros_nitros_pose_array_type/share/isaac_ros_nitros_pose_array_type/cmake/ament_cmake_export_dependencies-extras.cmake
[168.518s] -- Installing: /workspaces/isaac_ros-dev/install/isaac_ros_nitros_pose_array_type/share/isaac_ros_nitros_pose_array_type/cmake/ament_cmake_export_include_directories-extras.cmake
[168.518s] -- Installing: /workspaces/isaac_ros-dev/install/isaac_ros_nitros_pose_array_type/share/isaac_ros_nitros_pose_array_type/cmake/ament_cmake_export_libraries-extras.cmake
[168.519s] -- Installing: /workspaces/isaac_ros-dev/install/isaac_ros_nitros_pose_array_type/share/isaac_ros_nitros_pose_array_type/cmake/isaac_ros_nitros_pose_array_typeConfig.cmake
[168.519s] -- Installing: /workspaces/isaac_ros-dev/install/isaac_ros_nitros_pose_array_type/share/isaac_ros_nitros_pose_array_type/cmake/isaac_ros_nitros_pose_array_typeConfig-version.cmake
[168.520s] -- Installing: /workspaces/isaac_ros-dev/install/isaac_ros_nitros_pose_array_type/share/isaac_ros_nitros_pose_array_type/package.xml
[168.538s] Invoked command in '/workspaces/isaac_ros-dev/build/isaac_ros_nitros_pose_array_type' returned '0': AMENT_PREFIX_PATH=/workspaces/isaac_ros-dev/install/isaac_ros_nitros:/workspaces/isaac_ros-dev/install/isaac_ros_nitros_interfaces:/workspaces/isaac_ros-dev/install/isaac_ros_gxf:/workspaces/isaac_ros-dev/install/isaac_ros_test:/workspaces/isaac_ros-dev/install/isaac_ros_common:${AMENT_PREFIX_PATH} CMAKE_PREFIX_PATH=/workspaces/isaac_ros-dev/install/isaac_ros_nitros:/workspaces/isaac_ros-dev/install/isaac_ros_nitros_interfaces:/workspaces/isaac_ros-dev/install/isaac_ros_gxf:/workspaces/isaac_ros-dev/install/isaac_ros_common:${CMAKE_PREFIX_PATH} LD_LIBRARY_PATH=/workspaces/isaac_ros-dev/install/isaac_ros_nitros/lib:/workspaces/isaac_ros-dev/install/isaac_ros_nitros_interfaces/lib:/workspaces/isaac_ros-dev/install/isaac_ros_common/lib:/opt/ros/humble/install/opt/rviz_ogre_vendor/lib:/opt/ros/humble/install/lib:/usr/lib/aarch64-linux-gnu/tegra/weston:/usr/lib/aarch64-linux-gnu/tegra-egl:/usr/local/cuda-11.4/targets/aarch64-linux/lib:/usr/lib/aarch64-linux-gnu/tegra:/opt/nvidia/vpi2/lib64:/usr/lib/aarch64-linux-gnu-host:/opt/tritonserver/lib PYTHONPATH=/workspaces/isaac_ros-dev/install/isaac_ros_nitros_interfaces/lib/python3.8/site-packages:/workspaces/isaac_ros-dev/install/isaac_ros_test/lib/python3.8/site-packages:${PYTHONPATH} /usr/bin/cmake --install /workspaces/isaac_ros-dev/build/isaac_ros_nitros_pose_array_type
