[0.103s] Invoking command in '/workspaces/isaac_ros-dev/build/isaac_ros_nitros_april_tag_detection_array_type': AMENT_PREFIX_PATH=/workspaces/isaac_ros-dev/install/isaac_ros_nitros:/workspaces/isaac_ros-dev/install/isaac_ros_nitros_interfaces:/workspaces/isaac_ros-dev/install/isaac_ros_gxf:/workspaces/isaac_ros-dev/install/isaac_ros_apriltag_interfaces:/workspaces/isaac_ros-dev/install/isaac_ros_test:/workspaces/isaac_ros-dev/install/isaac_ros_common:${AMENT_PREFIX_PATH} CMAKE_PREFIX_PATH=/workspaces/isaac_ros-dev/install/isaac_ros_nitros:/workspaces/isaac_ros-dev/install/isaac_ros_nitros_interfaces:/workspaces/isaac_ros-dev/install/isaac_ros_gxf:/workspaces/isaac_ros-dev/install/isaac_ros_apriltag_interfaces:/workspaces/isaac_ros-dev/install/isaac_ros_common:${CMAKE_PREFIX_PATH} LD_LIBRARY_PATH=/workspaces/isaac_ros-dev/install/isaac_ros_nitros/lib:/workspaces/isaac_ros-dev/install/isaac_ros_nitros_interfaces/lib:/workspaces/isaac_ros-dev/install/isaac_ros_apriltag_interfaces/lib:/workspaces/isaac_ros-dev/install/isaac_ros_common/lib:/opt/ros/humble/install/opt/rviz_ogre_vendor/lib:/opt/ros/humble/install/lib:/usr/lib/aarch64-linux-gnu/tegra/weston:/usr/lib/aarch64-linux-gnu/tegra-egl:/usr/local/cuda-11.4/targets/aarch64-linux/lib:/usr/lib/aarch64-linux-gnu/tegra:/opt/nvidia/vpi2/lib64:/usr/lib/aarch64-linux-gnu-host:/opt/tritonserver/lib PYTHONPATH=/workspaces/isaac_ros-dev/install/isaac_ros_nitros_interfaces/lib/python3.8/site-packages:/workspaces/isaac_ros-dev/install/isaac_ros_apriltag_interfaces/lib/python3.8/site-packages:/workspaces/isaac_ros-dev/install/isaac_ros_test/lib/python3.8/site-packages:${PYTHONPATH} /usr/bin/cmake /workspaces/isaac_ros-dev/src/isaac_ros_nitros/isaac_ros_nitros_type/isaac_ros_nitros_april_tag_detection_array_type -DCMAKE_INSTALL_PREFIX=/workspaces/isaac_ros-dev/install/isaac_ros_nitros_april_tag_detection_array_type
[0.293s] -- The C compiler identification is GNU 9.4.0
[0.476s] -- The CXX compiler identification is GNU 9.4.0
[0.497s] -- Detecting C compiler ABI info
[0.761s] -- Detecting C compiler ABI info - done
[0.783s] -- Check for working C compiler: /usr/bin/cc - skipped
[0.784s] -- Detecting C compile features
[0.786s] -- Detecting C compile features - done
[0.800s] -- Detecting CXX compiler ABI info
[1.077s] -- Detecting CXX compiler ABI info - done
[1.098s] -- Check for working CXX compiler: /usr/bin/c++ - skipped
[1.100s] -- Detecting CXX compile features
[1.102s] -- Detecting CXX compile features - done
[1.115s] -- Found ament_cmake_auto: 1.3.3 (/opt/ros/humble/install/share/ament_cmake_auto/cmake)
[3.556s] -- Found Python3: /usr/bin/python3.8 (found version "3.8.10") found components: Interpreter 
[4.014s] -- Loading isaac_ros_common extras
[4.014s] -- CMAKE_BUILD_TYPE: Release
[4.061s] -- Looking for pthread.h
[4.276s] -- Looking for pthread.h - found
[4.278s] -- Performing Test CMAKE_HAVE_LIBC_PTHREAD
[4.494s] -- Performing Test CMAKE_HAVE_LIBC_PTHREAD - Failed
[4.494s] -- Looking for pthread_create in pthreads
[4.647s] -- Looking for pthread_create in pthreads - not found
[4.647s] -- Looking for pthread_create in pthread
[4.816s] -- Looking for pthread_create in pthread - found
[4.819s] -- Found Threads: TRUE  
[4.886s] -- Found CUDA: /usr/local/cuda (found version "11.4") 
[4.889s] -- Loading isaac_ros_common extras (modules)
[5.029s] -- Found rosidl_generator_c: 3.1.4 (/opt/ros/humble/install/share/rosidl_generator_c/cmake)
[5.047s] -- Found rosidl_adapter: 3.1.4 (/opt/ros/humble/install/share/rosidl_adapter/cmake)
[5.102s] -- Found rosidl_generator_cpp: 3.1.4 (/opt/ros/humble/install/share/rosidl_generator_cpp/cmake)
[5.268s] -- Using all available rosidl_typesupport_c: rosidl_typesupport_fastrtps_c;rosidl_typesupport_introspection_c
[5.361s] -- Using all available rosidl_typesupport_cpp: rosidl_typesupport_fastrtps_cpp;rosidl_typesupport_introspection_cpp
[5.581s] -- Found rmw_implementation_cmake: 6.1.1 (/opt/ros/humble/install/share/rmw_implementation_cmake/cmake)
[5.591s] -- Found rmw_fastrtps_cpp: 6.2.2 (/opt/ros/humble/install/share/rmw_fastrtps_cpp/cmake)
[6.015s] -- Found OpenSSL: /usr/lib/aarch64-linux-gnu/libcrypto.so (found version "1.1.1f")  
[6.112s] -- Found FastRTPS: /opt/ros/humble/install/include  
[6.339s] -- Using RMW implementation 'rmw_fastrtps_cpp' as default
[7.559s] -- Loading isaac_ros_gxf extras
[7.583s] -- Found atlas lib=/workspaces/isaac_ros-dev/install/isaac_ros_gxf/share/isaac_ros_gxf/gxf/lib/libgxf_atlas.so, include=/workspaces/isaac_ros-dev/install/isaac_ros_gxf/share/isaac_ros_gxf/gxf/include/gxf
[7.589s] -- Found cuda lib=/workspaces/isaac_ros-dev/install/isaac_ros_gxf/share/isaac_ros_gxf/gxf/lib/cuda/libgxf_cuda.so, include=/workspaces/isaac_ros-dev/install/isaac_ros_gxf/share/isaac_ros_gxf/gxf/include/gxf
[7.595s] -- Found isaac_messages lib=/workspaces/isaac_ros-dev/install/isaac_ros_gxf/share/isaac_ros_gxf/gxf/lib/libgxf_isaac_messages.so, include=/workspaces/isaac_ros-dev/install/isaac_ros_gxf/share/isaac_ros_gxf/gxf/include/gxf
[7.601s] -- Found isaac_ros_messages lib=/workspaces/isaac_ros-dev/install/isaac_ros_gxf/share/isaac_ros_gxf/gxf/lib/libgxf_isaac_ros_messages.so, include=/workspaces/isaac_ros-dev/install/isaac_ros_gxf/share/isaac_ros_gxf/gxf/include/gxf
[7.617s] -- Found multimedia lib=/workspaces/isaac_ros-dev/install/isaac_ros_gxf/share/isaac_ros_gxf/gxf/lib/multimedia/libgxf_multimedia.so, include=/workspaces/isaac_ros-dev/install/isaac_ros_gxf/share/isaac_ros_gxf/gxf/include/gxf
[7.617s] -- Found gxf_optimizer lib=/workspaces/isaac_ros-dev/install/isaac_ros_gxf/share/isaac_ros_gxf/gxf/lib/libgxf_optimizer.so, include=/workspaces/isaac_ros-dev/install/isaac_ros_gxf/share/isaac_ros_gxf/gxf/include/gxf
[7.621s] -- Found serialization lib=/workspaces/isaac_ros-dev/install/isaac_ros_gxf/share/isaac_ros_gxf/gxf/lib/serialization/libgxf_serialization.so, include=/workspaces/isaac_ros-dev/install/isaac_ros_gxf/share/isaac_ros_gxf/gxf/include/gxf
[7.627s] -- Found std lib=/workspaces/isaac_ros-dev/install/isaac_ros_gxf/share/isaac_ros_gxf/gxf/lib/std/libgxf_std.so, include=/workspaces/isaac_ros-dev/install/isaac_ros_gxf/share/isaac_ros_gxf/gxf/include/gxf
[7.635s] -- Found core lib=/workspaces/isaac_ros-dev/install/isaac_ros_gxf/share/isaac_ros_gxf/gxf/lib/core/libgxf_core.so, include=/workspaces/isaac_ros-dev/install/isaac_ros_gxf/share/isaac_ros_gxf/gxf/include/gxf
[7.636s] -- Found GXF:  (found suitable version "2.5.0", minimum required is "2.5.0") found components: core isaac_messages multimedia 
[11.117s] -- Performing Test FLAG_WEXTRA
[11.324s] -- Performing Test FLAG_WEXTRA - Success
[11.884s] -- Found ament_lint_auto: 0.12.5 (/opt/ros/humble/install/share/ament_lint_auto/cmake)
[12.005s] -- Found launch_testing_ament_cmake: 1.0.4 (/opt/ros/humble/install/share/launch_testing_ament_cmake/cmake)
[12.011s] -- Found python_cmake_module: 0.10.0 (/opt/ros/humble/install/share/python_cmake_module/cmake)
[12.090s] -- Found PythonInterp: /usr/bin/python3 (found suitable version "3.8.10", minimum required is "3.6") 
[12.105s] -- Found PythonLibs: /usr/lib/aarch64-linux-gnu/libpython3.8.so (found suitable version "3.8.10", minimum required is "3.5") 
[12.105s] -- Using PYTHON_EXECUTABLE: /usr/bin/python3
[12.105s] -- Using PYTHON_INCLUDE_DIRS: /usr/include/python3.8
[12.106s] -- Using PYTHON_LIBRARIES: /usr/lib/aarch64-linux-gnu/libpython3.8.so
[12.181s] -- Found PythonExtra: .so  
[12.214s] -- Added test 'cppcheck' to perform static code analysis on C / C++ code
[12.215s] -- Configured cppcheck include dirs: /workspaces/isaac_ros-dev/src/isaac_ros_nitros/isaac_ros_nitros_type/isaac_ros_nitros_april_tag_detection_array_type/include
[12.216s] -- Configured cppcheck exclude dirs and/or files: 
[12.222s] -- Added test 'cpplint' to check C / C++ code against the Google style
[12.222s] -- Configured cpplint exclude dirs and/or files: 
[12.224s] -- Added test 'flake8' to check Python code syntax and style conventions
[12.227s] -- Added test 'lint_cmake' to check CMake code style
[12.229s] -- Added test 'pep257' to check Python code against some of the docstring style conventions in PEP 257
[12.235s] -- Added test 'uncrustify' to check C / C++ code style
[12.238s] -- Configured uncrustify additional arguments: 
[12.238s] -- Added test 'xmllint' to check XML markup files
[12.247s] -- Configuring done
[12.521s] -- Generating done
[12.530s] -- Build files have been written to: /workspaces/isaac_ros-dev/build/isaac_ros_nitros_april_tag_detection_array_type
[12.582s] Invoked command in '/workspaces/isaac_ros-dev/build/isaac_ros_nitros_april_tag_detection_array_type' returned '0': AMENT_PREFIX_PATH=/workspaces/isaac_ros-dev/install/isaac_ros_nitros:/workspaces/isaac_ros-dev/install/isaac_ros_nitros_interfaces:/workspaces/isaac_ros-dev/install/isaac_ros_gxf:/workspaces/isaac_ros-dev/install/isaac_ros_apriltag_interfaces:/workspaces/isaac_ros-dev/install/isaac_ros_test:/workspaces/isaac_ros-dev/install/isaac_ros_common:${AMENT_PREFIX_PATH} CMAKE_PREFIX_PATH=/workspaces/isaac_ros-dev/install/isaac_ros_nitros:/workspaces/isaac_ros-dev/install/isaac_ros_nitros_interfaces:/workspaces/isaac_ros-dev/install/isaac_ros_gxf:/workspaces/isaac_ros-dev/install/isaac_ros_apriltag_interfaces:/workspaces/isaac_ros-dev/install/isaac_ros_common:${CMAKE_PREFIX_PATH} LD_LIBRARY_PATH=/workspaces/isaac_ros-dev/install/isaac_ros_nitros/lib:/workspaces/isaac_ros-dev/install/isaac_ros_nitros_interfaces/lib:/workspaces/isaac_ros-dev/install/isaac_ros_apriltag_interfaces/lib:/workspaces/isaac_ros-dev/install/isaac_ros_common/lib:/opt/ros/humble/install/opt/rviz_ogre_vendor/lib:/opt/ros/humble/install/lib:/usr/lib/aarch64-linux-gnu/tegra/weston:/usr/lib/aarch64-linux-gnu/tegra-egl:/usr/local/cuda-11.4/targets/aarch64-linux/lib:/usr/lib/aarch64-linux-gnu/tegra:/opt/nvidia/vpi2/lib64:/usr/lib/aarch64-linux-gnu-host:/opt/tritonserver/lib PYTHONPATH=/workspaces/isaac_ros-dev/install/isaac_ros_nitros_interfaces/lib/python3.8/site-packages:/workspaces/isaac_ros-dev/install/isaac_ros_apriltag_interfaces/lib/python3.8/site-packages:/workspaces/isaac_ros-dev/install/isaac_ros_test/lib/python3.8/site-packages:${PYTHONPATH} /usr/bin/cmake /workspaces/isaac_ros-dev/src/isaac_ros_nitros/isaac_ros_nitros_type/isaac_ros_nitros_april_tag_detection_array_type -DCMAKE_INSTALL_PREFIX=/workspaces/isaac_ros-dev/install/isaac_ros_nitros_april_tag_detection_array_type
[12.585s] Invoking command in '/workspaces/isaac_ros-dev/build/isaac_ros_nitros_april_tag_detection_array_type': AMENT_PREFIX_PATH=/workspaces/isaac_ros-dev/install/isaac_ros_nitros:/workspaces/isaac_ros-dev/install/isaac_ros_nitros_interfaces:/workspaces/isaac_ros-dev/install/isaac_ros_gxf:/workspaces/isaac_ros-dev/install/isaac_ros_apriltag_interfaces:/workspaces/isaac_ros-dev/install/isaac_ros_test:/workspaces/isaac_ros-dev/install/isaac_ros_common:${AMENT_PREFIX_PATH} CMAKE_PREFIX_PATH=/workspaces/isaac_ros-dev/install/isaac_ros_nitros:/workspaces/isaac_ros-dev/install/isaac_ros_nitros_interfaces:/workspaces/isaac_ros-dev/install/isaac_ros_gxf:/workspaces/isaac_ros-dev/install/isaac_ros_apriltag_interfaces:/workspaces/isaac_ros-dev/install/isaac_ros_common:${CMAKE_PREFIX_PATH} LD_LIBRARY_PATH=/workspaces/isaac_ros-dev/install/isaac_ros_nitros/lib:/workspaces/isaac_ros-dev/install/isaac_ros_nitros_interfaces/lib:/workspaces/isaac_ros-dev/install/isaac_ros_apriltag_interfaces/lib:/workspaces/isaac_ros-dev/install/isaac_ros_common/lib:/opt/ros/humble/install/opt/rviz_ogre_vendor/lib:/opt/ros/humble/install/lib:/usr/lib/aarch64-linux-gnu/tegra/weston:/usr/lib/aarch64-linux-gnu/tegra-egl:/usr/local/cuda-11.4/targets/aarch64-linux/lib:/usr/lib/aarch64-linux-gnu/tegra:/opt/nvidia/vpi2/lib64:/usr/lib/aarch64-linux-gnu-host:/opt/tritonserver/lib PYTHONPATH=/workspaces/isaac_ros-dev/install/isaac_ros_nitros_interfaces/lib/python3.8/site-packages:/workspaces/isaac_ros-dev/install/isaac_ros_apriltag_interfaces/lib/python3.8/site-packages:/workspaces/isaac_ros-dev/install/isaac_ros_test/lib/python3.8/site-packages:${PYTHONPATH} /usr/bin/cmake --build /workspaces/isaac_ros-dev/build/isaac_ros_nitros_april_tag_detection_array_type -- -j4 -l4
[12.805s] [  2%] [32mBuilding CXX object _deps/yaml-cpp-build/CMakeFiles/yaml-cpp.dir/src/binary.cpp.o[0m
[13.645s] [  5%] [32mBuilding CXX object _deps/yaml-cpp-build/CMakeFiles/yaml-cpp.dir/src/emit.cpp.o[0m
[15.271s] [  7%] [32mBuilding CXX object _deps/yaml-cpp-build/CMakeFiles/yaml-cpp.dir/src/emitfromevents.cpp.o[0m
[17.240s] [ 10%] [32mBuilding CXX object _deps/yaml-cpp-build/CMakeFiles/yaml-cpp.dir/src/emitter.cpp.o[0m
[19.861s] [ 13%] [32mBuilding CXX object _deps/yaml-cpp-build/CMakeFiles/yaml-cpp.dir/src/emitterstate.cpp.o[0m
[22.330s] [ 15%] [32mBuilding CXX object _deps/yaml-cpp-build/CMakeFiles/yaml-cpp.dir/src/emitterutils.cpp.o[0m
[30.903s] [ 18%] [32mBuilding CXX object _deps/yaml-cpp-build/CMakeFiles/yaml-cpp.dir/src/exceptions.cpp.o[0m
[31.920s] [ 21%] [32mBuilding CXX object _deps/yaml-cpp-build/CMakeFiles/yaml-cpp.dir/src/exp.cpp.o[0m
[33.549s] [ 23%] [32mBuilding CXX object _deps/yaml-cpp-build/CMakeFiles/yaml-cpp.dir/src/memory.cpp.o[0m
[35.401s] [ 26%] [32mBuilding CXX object _deps/yaml-cpp-build/CMakeFiles/yaml-cpp.dir/src/node.cpp.o[0m
[36.399s] [ 28%] [32mBuilding CXX object _deps/yaml-cpp-build/CMakeFiles/yaml-cpp.dir/src/node_data.cpp.o[0m
[38.927s] [ 31%] [32mBuilding CXX object _deps/yaml-cpp-build/CMakeFiles/yaml-cpp.dir/src/nodebuilder.cpp.o[0m
[41.426s] [ 34%] [32mBuilding CXX object _deps/yaml-cpp-build/CMakeFiles/yaml-cpp.dir/src/nodeevents.cpp.o[0m
[43.534s] [ 36%] [32mBuilding CXX object _deps/yaml-cpp-build/CMakeFiles/yaml-cpp.dir/src/null.cpp.o[0m
[44.041s] [ 39%] [32mBuilding CXX object _deps/yaml-cpp-build/CMakeFiles/yaml-cpp.dir/src/ostream_wrapper.cpp.o[0m
[45.151s] [ 42%] [32mBuilding CXX object _deps/yaml-cpp-build/CMakeFiles/yaml-cpp.dir/src/parse.cpp.o[0m
[47.699s] [ 44%] [32mBuilding CXX object _deps/yaml-cpp-build/CMakeFiles/yaml-cpp.dir/src/parser.cpp.o[0m
[50.095s] [ 47%] [32mBuilding CXX object _deps/yaml-cpp-build/CMakeFiles/yaml-cpp.dir/src/regex_yaml.cpp.o[0m
[51.504s] [ 50%] [32mBuilding CXX object _deps/yaml-cpp-build/CMakeFiles/yaml-cpp.dir/src/scanner.cpp.o[0m
[55.593s] [ 52%] [32mBuilding CXX object _deps/yaml-cpp-build/CMakeFiles/yaml-cpp.dir/src/scanscalar.cpp.o[0m
[58.327s] [ 55%] [32mBuilding CXX object _deps/yaml-cpp-build/CMakeFiles/yaml-cpp.dir/src/scantag.cpp.o[0m
[60.566s] [ 57%] [32mBuilding CXX object _deps/yaml-cpp-build/CMakeFiles/yaml-cpp.dir/src/scantoken.cpp.o[0m
[66.624s] [ 60%] [32mBuilding CXX object _deps/yaml-cpp-build/CMakeFiles/yaml-cpp.dir/src/simplekey.cpp.o[0m
[68.506s] [ 63%] [32mBuilding CXX object _deps/yaml-cpp-build/CMakeFiles/yaml-cpp.dir/src/singledocparser.cpp.o[0m
[71.614s] [ 65%] [32mBuilding CXX object _deps/yaml-cpp-build/CMakeFiles/yaml-cpp.dir/src/stream.cpp.o[0m
[73.076s] [ 68%] [32mBuilding CXX object _deps/yaml-cpp-build/CMakeFiles/yaml-cpp.dir/src/tag.cpp.o[0m
[74.283s] [ 71%] [32mBuilding CXX object _deps/yaml-cpp-build/CMakeFiles/yaml-cpp.dir/src/contrib/graphbuilder.cpp.o[0m
[75.472s] [ 73%] [32mBuilding CXX object _deps/yaml-cpp-build/CMakeFiles/yaml-cpp.dir/src/contrib/graphbuilderadapter.cpp.o[0m
[76.703s] [ 76%] [32mBuilding CXX object _deps/yaml-cpp-build/CMakeFiles/yaml-cpp.dir/src/directives.cpp.o[0m
[77.473s] [ 78%] [32mBuilding CXX object _deps/yaml-cpp-build/CMakeFiles/yaml-cpp.dir/src/convert.cpp.o[0m
[79.691s] [ 81%] [32m[1mLinking CXX static library libyaml-cpp.a[0m
[79.777s] [ 81%] Built target yaml-cpp
[79.816s] [ 84%] [32mBuilding CXX object CMakeFiles/isaac_ros_nitros_april_tag_detection_array_type.dir/src/nitros_april_tag_detection_array.cpp.o[0m
[115.345s] [ 86%] [32mBuilding CXX object CMakeFiles/isaac_ros_nitros_april_tag_detection_array_type.dir/src/fiducial_message.cpp.o[0m
[124.356s] [ 89%] [32m[1mLinking CXX shared library libisaac_ros_nitros_april_tag_detection_array_type.so[0m
[125.063s] [ 89%] Built target isaac_ros_nitros_april_tag_detection_array_type
[125.108s] [ 92%] [32mBuilding CXX object CMakeFiles/isaac_ros_nitros_april_tag_detection_array_forward_node.dir/test/src/nitros_april_tag_detection_array_forward_node.cpp.o[0m
[182.760s] [ 94%] [32m[1mLinking CXX shared library libisaac_ros_nitros_april_tag_detection_array_forward_node.so[0m
[183.861s] [ 94%] Built target isaac_ros_nitros_april_tag_detection_array_forward_node
[183.902s] [ 97%] [32mBuilding CXX object CMakeFiles/isaac_ros_nitros_april_tag_detection_array_test_ext.dir/test/src/fiducial_message_test_ext.cpp.o[0m
[188.973s] [100%] [32m[1mLinking CXX shared library libisaac_ros_nitros_april_tag_detection_array_test_ext.so[0m
[189.445s] [100%] Built target isaac_ros_nitros_april_tag_detection_array_test_ext
[189.474s] Invoked command in '/workspaces/isaac_ros-dev/build/isaac_ros_nitros_april_tag_detection_array_type' returned '0': AMENT_PREFIX_PATH=/workspaces/isaac_ros-dev/install/isaac_ros_nitros:/workspaces/isaac_ros-dev/install/isaac_ros_nitros_interfaces:/workspaces/isaac_ros-dev/install/isaac_ros_gxf:/workspaces/isaac_ros-dev/install/isaac_ros_apriltag_interfaces:/workspaces/isaac_ros-dev/install/isaac_ros_test:/workspaces/isaac_ros-dev/install/isaac_ros_common:${AMENT_PREFIX_PATH} CMAKE_PREFIX_PATH=/workspaces/isaac_ros-dev/install/isaac_ros_nitros:/workspaces/isaac_ros-dev/install/isaac_ros_nitros_interfaces:/workspaces/isaac_ros-dev/install/isaac_ros_gxf:/workspaces/isaac_ros-dev/install/isaac_ros_apriltag_interfaces:/workspaces/isaac_ros-dev/install/isaac_ros_common:${CMAKE_PREFIX_PATH} LD_LIBRARY_PATH=/workspaces/isaac_ros-dev/install/isaac_ros_nitros/lib:/workspaces/isaac_ros-dev/install/isaac_ros_nitros_interfaces/lib:/workspaces/isaac_ros-dev/install/isaac_ros_apriltag_interfaces/lib:/workspaces/isaac_ros-dev/install/isaac_ros_common/lib:/opt/ros/humble/install/opt/rviz_ogre_vendor/lib:/opt/ros/humble/install/lib:/usr/lib/aarch64-linux-gnu/tegra/weston:/usr/lib/aarch64-linux-gnu/tegra-egl:/usr/local/cuda-11.4/targets/aarch64-linux/lib:/usr/lib/aarch64-linux-gnu/tegra:/opt/nvidia/vpi2/lib64:/usr/lib/aarch64-linux-gnu-host:/opt/tritonserver/lib PYTHONPATH=/workspaces/isaac_ros-dev/install/isaac_ros_nitros_interfaces/lib/python3.8/site-packages:/workspaces/isaac_ros-dev/install/isaac_ros_apriltag_interfaces/lib/python3.8/site-packages:/workspaces/isaac_ros-dev/install/isaac_ros_test/lib/python3.8/site-packages:${PYTHONPATH} /usr/bin/cmake --build /workspaces/isaac_ros-dev/build/isaac_ros_nitros_april_tag_detection_array_type -- -j4 -l4
[189.609s] Invoking command in '/workspaces/isaac_ros-dev/build/isaac_ros_nitros_april_tag_detection_array_type': AMENT_PREFIX_PATH=/workspaces/isaac_ros-dev/install/isaac_ros_nitros:/workspaces/isaac_ros-dev/install/isaac_ros_nitros_interfaces:/workspaces/isaac_ros-dev/install/isaac_ros_gxf:/workspaces/isaac_ros-dev/install/isaac_ros_apriltag_interfaces:/workspaces/isaac_ros-dev/install/isaac_ros_test:/workspaces/isaac_ros-dev/install/isaac_ros_common:${AMENT_PREFIX_PATH} CMAKE_PREFIX_PATH=/workspaces/isaac_ros-dev/install/isaac_ros_nitros:/workspaces/isaac_ros-dev/install/isaac_ros_nitros_interfaces:/workspaces/isaac_ros-dev/install/isaac_ros_gxf:/workspaces/isaac_ros-dev/install/isaac_ros_apriltag_interfaces:/workspaces/isaac_ros-dev/install/isaac_ros_common:${CMAKE_PREFIX_PATH} LD_LIBRARY_PATH=/workspaces/isaac_ros-dev/install/isaac_ros_nitros/lib:/workspaces/isaac_ros-dev/install/isaac_ros_nitros_interfaces/lib:/workspaces/isaac_ros-dev/install/isaac_ros_apriltag_interfaces/lib:/workspaces/isaac_ros-dev/install/isaac_ros_common/lib:/opt/ros/humble/install/opt/rviz_ogre_vendor/lib:/opt/ros/humble/install/lib:/usr/lib/aarch64-linux-gnu/tegra/weston:/usr/lib/aarch64-linux-gnu/tegra-egl:/usr/local/cuda-11.4/targets/aarch64-linux/lib:/usr/lib/aarch64-linux-gnu/tegra:/opt/nvidia/vpi2/lib64:/usr/lib/aarch64-linux-gnu-host:/opt/tritonserver/lib PYTHONPATH=/workspaces/isaac_ros-dev/install/isaac_ros_nitros_interfaces/lib/python3.8/site-packages:/workspaces/isaac_ros-dev/install/isaac_ros_apriltag_interfaces/lib/python3.8/site-packages:/workspaces/isaac_ros-dev/install/isaac_ros_test/lib/python3.8/site-packages:${PYTHONPATH} /usr/bin/cmake --install /workspaces/isaac_ros-dev/build/isaac_ros_nitros_april_tag_detection_array_type
[189.622s] -- Install configuration: "Release"
[189.622s] -- Installing: /workspaces/isaac_ros-dev/install/isaac_ros_nitros_april_tag_detection_array_type/lib/libyaml-cpp.a
[189.623s] -- Installing: /workspaces/isaac_ros-dev/install/isaac_ros_nitros_april_tag_detection_array_type/include/yaml-cpp
[189.623s] -- Installing: /workspaces/isaac_ros-dev/install/isaac_ros_nitros_april_tag_detection_array_type/include/yaml-cpp/exceptions.h
[189.623s] -- Installing: /workspaces/isaac_ros-dev/install/isaac_ros_nitros_april_tag_detection_array_type/include/yaml-cpp/ostream_wrapper.h
[189.623s] -- Installing: /workspaces/isaac_ros-dev/install/isaac_ros_nitros_april_tag_detection_array_type/include/yaml-cpp/emitterstyle.h
[189.624s] -- Installing: /workspaces/isaac_ros-dev/install/isaac_ros_nitros_april_tag_detection_array_type/include/yaml-cpp/yaml.h
[189.624s] -- Installing: /workspaces/isaac_ros-dev/install/isaac_ros_nitros_april_tag_detection_array_type/include/yaml-cpp/binary.h
[189.624s] -- Installing: /workspaces/isaac_ros-dev/install/isaac_ros_nitros_april_tag_detection_array_type/include/yaml-cpp/emitfromevents.h
[189.625s] -- Installing: /workspaces/isaac_ros-dev/install/isaac_ros_nitros_april_tag_detection_array_type/include/yaml-cpp/dll.h
[189.625s] -- Installing: /workspaces/isaac_ros-dev/install/isaac_ros_nitros_april_tag_detection_array_type/include/yaml-cpp/traits.h
[189.625s] -- Installing: /workspaces/isaac_ros-dev/install/isaac_ros_nitros_april_tag_detection_array_type/include/yaml-cpp/contrib
[189.625s] -- Installing: /workspaces/isaac_ros-dev/install/isaac_ros_nitros_april_tag_detection_array_type/include/yaml-cpp/contrib/anchordict.h
[189.626s] -- Installing: /workspaces/isaac_ros-dev/install/isaac_ros_nitros_april_tag_detection_array_type/include/yaml-cpp/contrib/graphbuilder.h
[189.626s] -- Installing: /workspaces/isaac_ros-dev/install/isaac_ros_nitros_april_tag_detection_array_type/include/yaml-cpp/emitter.h
[189.626s] -- Installing: /workspaces/isaac_ros-dev/install/isaac_ros_nitros_april_tag_detection_array_type/include/yaml-cpp/stlemitter.h
[189.626s] -- Installing: /workspaces/isaac_ros-dev/install/isaac_ros_nitros_april_tag_detection_array_type/include/yaml-cpp/eventhandler.h
[189.627s] -- Installing: /workspaces/isaac_ros-dev/install/isaac_ros_nitros_april_tag_detection_array_type/include/yaml-cpp/emittermanip.h
[189.627s] -- Installing: /workspaces/isaac_ros-dev/install/isaac_ros_nitros_april_tag_detection_array_type/include/yaml-cpp/anchor.h
[189.633s] -- Installing: /workspaces/isaac_ros-dev/install/isaac_ros_nitros_april_tag_detection_array_type/include/yaml-cpp/parser.h
[189.633s] -- Installing: /workspaces/isaac_ros-dev/install/isaac_ros_nitros_april_tag_detection_array_type/include/yaml-cpp/emitterdef.h
[189.633s] -- Installing: /workspaces/isaac_ros-dev/install/isaac_ros_nitros_april_tag_detection_array_type/include/yaml-cpp/node
[189.633s] -- Installing: /workspaces/isaac_ros-dev/install/isaac_ros_nitros_april_tag_detection_array_type/include/yaml-cpp/node/emit.h
[189.633s] -- Installing: /workspaces/isaac_ros-dev/install/isaac_ros_nitros_april_tag_detection_array_type/include/yaml-cpp/node/impl.h
[189.634s] -- Installing: /workspaces/isaac_ros-dev/install/isaac_ros_nitros_april_tag_detection_array_type/include/yaml-cpp/node/convert.h
[189.634s] -- Installing: /workspaces/isaac_ros-dev/install/isaac_ros_nitros_april_tag_detection_array_type/include/yaml-cpp/node/iterator.h
[189.634s] -- Installing: /workspaces/isaac_ros-dev/install/isaac_ros_nitros_april_tag_detection_array_type/include/yaml-cpp/node/parse.h
[189.634s] -- Installing: /workspaces/isaac_ros-dev/install/isaac_ros_nitros_april_tag_detection_array_type/include/yaml-cpp/node/detail
[189.634s] -- Installing: /workspaces/isaac_ros-dev/install/isaac_ros_nitros_april_tag_detection_array_type/include/yaml-cpp/node/detail/impl.h
[189.635s] -- Installing: /workspaces/isaac_ros-dev/install/isaac_ros_nitros_april_tag_detection_array_type/include/yaml-cpp/node/detail/node_ref.h
[189.635s] -- Installing: /workspaces/isaac_ros-dev/install/isaac_ros_nitros_april_tag_detection_array_type/include/yaml-cpp/node/detail/iterator.h
[189.635s] -- Installing: /workspaces/isaac_ros-dev/install/isaac_ros_nitros_april_tag_detection_array_type/include/yaml-cpp/node/detail/node_iterator.h
[189.635s] -- Installing: /workspaces/isaac_ros-dev/install/isaac_ros_nitros_april_tag_detection_array_type/include/yaml-cpp/node/detail/memory.h
[189.635s] -- Installing: /workspaces/isaac_ros-dev/install/isaac_ros_nitros_april_tag_detection_array_type/include/yaml-cpp/node/detail/iterator_fwd.h
[189.635s] -- Installing: /workspaces/isaac_ros-dev/install/isaac_ros_nitros_april_tag_detection_array_type/include/yaml-cpp/node/detail/node_data.h
[189.636s] -- Installing: /workspaces/isaac_ros-dev/install/isaac_ros_nitros_april_tag_detection_array_type/include/yaml-cpp/node/detail/bool_type.h
[189.636s] -- Installing: /workspaces/isaac_ros-dev/install/isaac_ros_nitros_april_tag_detection_array_type/include/yaml-cpp/node/detail/node.h
[189.636s] -- Installing: /workspaces/isaac_ros-dev/install/isaac_ros_nitros_april_tag_detection_array_type/include/yaml-cpp/node/node.h
[189.636s] -- Installing: /workspaces/isaac_ros-dev/install/isaac_ros_nitros_april_tag_detection_array_type/include/yaml-cpp/node/ptr.h
[189.637s] -- Installing: /workspaces/isaac_ros-dev/install/isaac_ros_nitros_april_tag_detection_array_type/include/yaml-cpp/node/type.h
[189.637s] -- Installing: /workspaces/isaac_ros-dev/install/isaac_ros_nitros_april_tag_detection_array_type/include/yaml-cpp/null.h
[189.637s] -- Installing: /workspaces/isaac_ros-dev/install/isaac_ros_nitros_april_tag_detection_array_type/include/yaml-cpp/mark.h
[189.638s] -- Installing: /workspaces/isaac_ros-dev/install/isaac_ros_nitros_april_tag_detection_array_type/lib/cmake/yaml-cpp/yaml-cpp-config.cmake
[189.638s] -- Installing: /workspaces/isaac_ros-dev/install/isaac_ros_nitros_april_tag_detection_array_type/lib/cmake/yaml-cpp/yaml-cpp-config-version.cmake
[189.639s] -- Installing: /workspaces/isaac_ros-dev/install/isaac_ros_nitros_april_tag_detection_array_type/lib/cmake/yaml-cpp/yaml-cpp-targets.cmake
[189.639s] -- Installing: /workspaces/isaac_ros-dev/install/isaac_ros_nitros_april_tag_detection_array_type/lib/cmake/yaml-cpp/yaml-cpp-targets-release.cmake
[189.641s] -- Installing: /workspaces/isaac_ros-dev/install/isaac_ros_nitros_april_tag_detection_array_type/lib/pkgconfig/yaml-cpp.pc
[189.641s] -- Installing: /workspaces/isaac_ros-dev/install/isaac_ros_nitros_april_tag_detection_array_type/share/isaac_ros_nitros_april_tag_detection_array_type/gxf/lib/fiducial_message/libisaac_ros_nitros_april_tag_detection_array_type.so
[189.642s] -- Set runtime path of "/workspaces/isaac_ros-dev/install/isaac_ros_nitros_april_tag_detection_array_type/share/isaac_ros_nitros_april_tag_detection_array_type/gxf/lib/fiducial_message/libisaac_ros_nitros_april_tag_detection_array_type.so" to "/usr/local/cuda/lib64:/opt/ros/humble/install/lib:/workspaces/isaac_ros-dev/install/isaac_ros_apriltag_interfaces/lib:/workspaces/isaac_ros-dev/install/isaac_ros_common/lib:/workspaces/isaac_ros-dev/install/isaac_ros_nitros_interfaces/lib:/workspaces/isaac_ros-dev/install/isaac_ros_nitros/lib:/workspaces/isaac_ros-dev/install/isaac_ros_gxf/share/isaac_ros_gxf/gxf/lib/core:/workspaces/isaac_ros-dev/install/isaac_ros_gxf/share/isaac_ros_gxf/gxf/lib:/workspaces/isaac_ros-dev/install/isaac_ros_gxf/share/isaac_ros_gxf/gxf/lib/multimedia"
[189.642s] -- Installing: /workspaces/isaac_ros-dev/install/isaac_ros_nitros_april_tag_detection_array_type/share/isaac_ros_nitros_april_tag_detection_array_type/test/config
[189.642s] -- Installing: /workspaces/isaac_ros-dev/install/isaac_ros_nitros_april_tag_detection_array_type/share/isaac_ros_nitros_april_tag_detection_array_type/test/config/test_forward_node.yaml
[189.643s] -- Installing: /workspaces/isaac_ros-dev/install/isaac_ros_nitros_april_tag_detection_array_type/share/isaac_ros_nitros_april_tag_detection_array_type/gxf/lib/fiducial_message/test/libisaac_ros_nitros_april_tag_detection_array_test_ext.so
[189.644s] -- Set runtime path of "/workspaces/isaac_ros-dev/install/isaac_ros_nitros_april_tag_detection_array_type/share/isaac_ros_nitros_april_tag_detection_array_type/gxf/lib/fiducial_message/test/libisaac_ros_nitros_april_tag_detection_array_test_ext.so" to ""
[189.644s] -- Up-to-date: /workspaces/isaac_ros-dev/install/isaac_ros_nitros_april_tag_detection_array_type/include
[189.645s] -- Installing: /workspaces/isaac_ros-dev/install/isaac_ros_nitros_april_tag_detection_array_type/include/extensions
[189.660s] -- Installing: /workspaces/isaac_ros-dev/install/isaac_ros_nitros_april_tag_detection_array_type/include/extensions/fiducials
[189.661s] -- Installing: /workspaces/isaac_ros-dev/install/isaac_ros_nitros_april_tag_detection_array_type/include/extensions/fiducials/gems
[189.661s] -- Installing: /workspaces/isaac_ros-dev/install/isaac_ros_nitros_april_tag_detection_array_type/include/extensions/fiducials/gems/fiducial_info.hpp
[189.662s] -- Installing: /workspaces/isaac_ros-dev/install/isaac_ros_nitros_april_tag_detection_array_type/include/extensions/fiducials/messages
[189.662s] -- Installing: /workspaces/isaac_ros-dev/install/isaac_ros_nitros_april_tag_detection_array_type/include/extensions/fiducials/messages/fiducial_message.hpp
[189.662s] -- Installing: /workspaces/isaac_ros-dev/install/isaac_ros_nitros_april_tag_detection_array_type/include/isaac_ros_nitros_april_tag_detection_array_type
[189.662s] -- Installing: /workspaces/isaac_ros-dev/install/isaac_ros_nitros_april_tag_detection_array_type/include/isaac_ros_nitros_april_tag_detection_array_type/nitros_april_tag_detection_array.hpp
[189.663s] -- Installing: /workspaces/isaac_ros-dev/install/isaac_ros_nitros_april_tag_detection_array_type/share/isaac_ros_nitros_april_tag_detection_array_type/environment/library_path.sh
[189.663s] -- Installing: /workspaces/isaac_ros-dev/install/isaac_ros_nitros_april_tag_detection_array_type/share/isaac_ros_nitros_april_tag_detection_array_type/environment/library_path.dsv
[189.663s] -- Installing: /workspaces/isaac_ros-dev/install/isaac_ros_nitros_april_tag_detection_array_type/lib/libisaac_ros_nitros_april_tag_detection_array_type.so
[189.663s] -- Set runtime path of "/workspaces/isaac_ros-dev/install/isaac_ros_nitros_april_tag_detection_array_type/lib/libisaac_ros_nitros_april_tag_detection_array_type.so" to "/usr/local/cuda/lib64:/opt/ros/humble/install/lib:/workspaces/isaac_ros-dev/install/isaac_ros_apriltag_interfaces/lib:/workspaces/isaac_ros-dev/install/isaac_ros_common/lib:/workspaces/isaac_ros-dev/install/isaac_ros_nitros_interfaces/lib:/workspaces/isaac_ros-dev/install/isaac_ros_nitros/lib:/workspaces/isaac_ros-dev/install/isaac_ros_gxf/share/isaac_ros_gxf/gxf/lib/core:/workspaces/isaac_ros-dev/install/isaac_ros_gxf/share/isaac_ros_gxf/gxf/lib:/workspaces/isaac_ros-dev/install/isaac_ros_gxf/share/isaac_ros_gxf/gxf/lib/multimedia"
[189.664s] -- Installing: /workspaces/isaac_ros-dev/install/isaac_ros_nitros_april_tag_detection_array_type/lib/libisaac_ros_nitros_april_tag_detection_array_forward_node.so
[189.664s] -- Set runtime path of "/workspaces/isaac_ros-dev/install/isaac_ros_nitros_april_tag_detection_array_type/lib/libisaac_ros_nitros_april_tag_detection_array_forward_node.so" to "/usr/local/cuda/lib64:/opt/ros/humble/install/lib:/workspaces/isaac_ros-dev/install/isaac_ros_common/lib:/workspaces/isaac_ros-dev/install/isaac_ros_nitros_interfaces/lib:/workspaces/isaac_ros-dev/install/isaac_ros_nitros/lib:/workspaces/isaac_ros-dev/install/isaac_ros_gxf/share/isaac_ros_gxf/gxf/lib/std:/workspaces/isaac_ros-dev/install/isaac_ros_apriltag_interfaces/lib:/workspaces/isaac_ros-dev/install/isaac_ros_gxf/share/isaac_ros_gxf/gxf/lib/core:/workspaces/isaac_ros-dev/install/isaac_ros_gxf/share/isaac_ros_gxf/gxf/lib:/workspaces/isaac_ros-dev/install/isaac_ros_gxf/share/isaac_ros_gxf/gxf/lib/multimedia"
[189.664s] -- Installing: /workspaces/isaac_ros-dev/install/isaac_ros_nitros_april_tag_detection_array_type/lib/libisaac_ros_nitros_april_tag_detection_array_test_ext.so
[189.664s] -- Set runtime path of "/workspaces/isaac_ros-dev/install/isaac_ros_nitros_april_tag_detection_array_type/lib/libisaac_ros_nitros_april_tag_detection_array_test_ext.so" to ""
[189.665s] -- Installing: /workspaces/isaac_ros-dev/install/isaac_ros_nitros_april_tag_detection_array_type/share/ament_index/resource_index/package_run_dependencies/isaac_ros_nitros_april_tag_detection_array_type
[189.665s] -- Installing: /workspaces/isaac_ros-dev/install/isaac_ros_nitros_april_tag_detection_array_type/share/ament_index/resource_index/parent_prefix_path/isaac_ros_nitros_april_tag_detection_array_type
[189.665s] -- Installing: /workspaces/isaac_ros-dev/install/isaac_ros_nitros_april_tag_detection_array_type/share/isaac_ros_nitros_april_tag_detection_array_type/environment/ament_prefix_path.sh
[189.665s] -- Installing: /workspaces/isaac_ros-dev/install/isaac_ros_nitros_april_tag_detection_array_type/share/isaac_ros_nitros_april_tag_detection_array_type/environment/ament_prefix_path.dsv
[189.666s] -- Installing: /workspaces/isaac_ros-dev/install/isaac_ros_nitros_april_tag_detection_array_type/share/isaac_ros_nitros_april_tag_detection_array_type/environment/path.sh
[189.666s] -- Installing: /workspaces/isaac_ros-dev/install/isaac_ros_nitros_april_tag_detection_array_type/share/isaac_ros_nitros_april_tag_detection_array_type/environment/path.dsv
[189.666s] -- Installing: /workspaces/isaac_ros-dev/install/isaac_ros_nitros_april_tag_detection_array_type/share/isaac_ros_nitros_april_tag_detection_array_type/local_setup.bash
[189.666s] -- Installing: /workspaces/isaac_ros-dev/install/isaac_ros_nitros_april_tag_detection_array_type/share/isaac_ros_nitros_april_tag_detection_array_type/local_setup.sh
[189.666s] -- Installing: /workspaces/isaac_ros-dev/install/isaac_ros_nitros_april_tag_detection_array_type/share/isaac_ros_nitros_april_tag_detection_array_type/local_setup.zsh
[189.667s] -- Installing: /workspaces/isaac_ros-dev/install/isaac_ros_nitros_april_tag_detection_array_type/share/isaac_ros_nitros_april_tag_detection_array_type/local_setup.dsv
[189.667s] -- Installing: /workspaces/isaac_ros-dev/install/isaac_ros_nitros_april_tag_detection_array_type/share/isaac_ros_nitros_april_tag_detection_array_type/package.dsv
[189.687s] -- Installing: /workspaces/isaac_ros-dev/install/isaac_ros_nitros_april_tag_detection_array_type/share/ament_index/resource_index/packages/isaac_ros_nitros_april_tag_detection_array_type
[189.687s] -- Installing: /workspaces/isaac_ros-dev/install/isaac_ros_nitros_april_tag_detection_array_type/share/ament_index/resource_index/rclcpp_components/isaac_ros_nitros_april_tag_detection_array_type
[189.688s] -- Installing: /workspaces/isaac_ros-dev/install/isaac_ros_nitros_april_tag_detection_array_type/share/isaac_ros_nitros_april_tag_detection_array_type/cmake/ament_cmake_export_dependencies-extras.cmake
[189.688s] -- Installing: /workspaces/isaac_ros-dev/install/isaac_ros_nitros_april_tag_detection_array_type/share/isaac_ros_nitros_april_tag_detection_array_type/cmake/ament_cmake_export_include_directories-extras.cmake
[189.688s] -- Installing: /workspaces/isaac_ros-dev/install/isaac_ros_nitros_april_tag_detection_array_type/share/isaac_ros_nitros_april_tag_detection_array_type/cmake/ament_cmake_export_libraries-extras.cmake
[189.688s] -- Installing: /workspaces/isaac_ros-dev/install/isaac_ros_nitros_april_tag_detection_array_type/share/isaac_ros_nitros_april_tag_detection_array_type/cmake/isaac_ros_nitros_april_tag_detection_array_typeConfig.cmake
[189.688s] -- Installing: /workspaces/isaac_ros-dev/install/isaac_ros_nitros_april_tag_detection_array_type/share/isaac_ros_nitros_april_tag_detection_array_type/cmake/isaac_ros_nitros_april_tag_detection_array_typeConfig-version.cmake
[189.689s] -- Installing: /workspaces/isaac_ros-dev/install/isaac_ros_nitros_april_tag_detection_array_type/share/isaac_ros_nitros_april_tag_detection_array_type/package.xml
[189.689s] Invoked command in '/workspaces/isaac_ros-dev/build/isaac_ros_nitros_april_tag_detection_array_type' returned '0': AMENT_PREFIX_PATH=/workspaces/isaac_ros-dev/install/isaac_ros_nitros:/workspaces/isaac_ros-dev/install/isaac_ros_nitros_interfaces:/workspaces/isaac_ros-dev/install/isaac_ros_gxf:/workspaces/isaac_ros-dev/install/isaac_ros_apriltag_interfaces:/workspaces/isaac_ros-dev/install/isaac_ros_test:/workspaces/isaac_ros-dev/install/isaac_ros_common:${AMENT_PREFIX_PATH} CMAKE_PREFIX_PATH=/workspaces/isaac_ros-dev/install/isaac_ros_nitros:/workspaces/isaac_ros-dev/install/isaac_ros_nitros_interfaces:/workspaces/isaac_ros-dev/install/isaac_ros_gxf:/workspaces/isaac_ros-dev/install/isaac_ros_apriltag_interfaces:/workspaces/isaac_ros-dev/install/isaac_ros_common:${CMAKE_PREFIX_PATH} LD_LIBRARY_PATH=/workspaces/isaac_ros-dev/install/isaac_ros_nitros/lib:/workspaces/isaac_ros-dev/install/isaac_ros_nitros_interfaces/lib:/workspaces/isaac_ros-dev/install/isaac_ros_apriltag_interfaces/lib:/workspaces/isaac_ros-dev/install/isaac_ros_common/lib:/opt/ros/humble/install/opt/rviz_ogre_vendor/lib:/opt/ros/humble/install/lib:/usr/lib/aarch64-linux-gnu/tegra/weston:/usr/lib/aarch64-linux-gnu/tegra-egl:/usr/local/cuda-11.4/targets/aarch64-linux/lib:/usr/lib/aarch64-linux-gnu/tegra:/opt/nvidia/vpi2/lib64:/usr/lib/aarch64-linux-gnu-host:/opt/tritonserver/lib PYTHONPATH=/workspaces/isaac_ros-dev/install/isaac_ros_nitros_interfaces/lib/python3.8/site-packages:/workspaces/isaac_ros-dev/install/isaac_ros_apriltag_interfaces/lib/python3.8/site-packages:/workspaces/isaac_ros-dev/install/isaac_ros_test/lib/python3.8/site-packages:${PYTHONPATH} /usr/bin/cmake --install /workspaces/isaac_ros-dev/build/isaac_ros_nitros_april_tag_detection_array_type
