[0.106s] Invoking command in '/workspaces/isaac_ros-dev/build/isaac_ros_nitros_imu_type': AMENT_PREFIX_PATH=/workspaces/isaac_ros-dev/install/isaac_ros_nitros:/workspaces/isaac_ros-dev/install/isaac_ros_nitros_interfaces:/workspaces/isaac_ros-dev/install/isaac_ros_gxf:/workspaces/isaac_ros-dev/install/isaac_ros_test:/workspaces/isaac_ros-dev/install/isaac_ros_common:${AMENT_PREFIX_PATH} CMAKE_PREFIX_PATH=/workspaces/isaac_ros-dev/install/isaac_ros_nitros:/workspaces/isaac_ros-dev/install/isaac_ros_nitros_interfaces:/workspaces/isaac_ros-dev/install/isaac_ros_gxf:/workspaces/isaac_ros-dev/install/isaac_ros_common:${CMAKE_PREFIX_PATH} LD_LIBRARY_PATH=/workspaces/isaac_ros-dev/install/isaac_ros_nitros/lib:/workspaces/isaac_ros-dev/install/isaac_ros_nitros_interfaces/lib:/workspaces/isaac_ros-dev/install/isaac_ros_common/lib:${LD_LIBRARY_PATH} PYTHONPATH=/workspaces/isaac_ros-dev/install/isaac_ros_nitros_interfaces/lib/python3.8/site-packages:/workspaces/isaac_ros-dev/install/isaac_ros_test/lib/python3.8/site-packages:${PYTHONPATH} /usr/local/bin/cmake /workspaces/isaac_ros-dev/src/isaac_ros_nitros/isaac_ros_nitros_type/isaac_ros_nitros_imu_type -DCMAKE_INSTALL_PREFIX=/workspaces/isaac_ros-dev/install/isaac_ros_nitros_imu_type
[0.200s] -- The C compiler identification is GNU 9.4.0
[0.293s] -- The CXX compiler identification is GNU 9.4.0
[0.307s] -- Detecting C compiler ABI info
[0.386s] -- Detecting C compiler ABI info - done
[0.403s] -- Check for working C compiler: /usr/bin/cc - skipped
[0.403s] -- Detecting C compile features
[0.404s] -- Detecting C compile features - done
[0.411s] -- Detecting CXX compiler ABI info
[0.533s] -- Detecting CXX compiler ABI info - done
[0.549s] -- Check for working CXX compiler: /usr/bin/c++ - skipped
[0.549s] -- Detecting CXX compile features
[0.550s] -- Detecting CXX compile features - done
[0.553s] -- Found ament_cmake_auto: 1.3.3 (/opt/ros/humble/install/share/ament_cmake_auto/cmake)
[1.676s] -- Found Python3: /usr/bin/python3.8 (found version "3.8.10") found components: Interpreter 
[1.939s] -- Loading isaac_ros_common extras
[1.939s] -- CMAKE_BUILD_TYPE: Release
[1.958s] -- Performing Test CMAKE_HAVE_LIBC_PTHREAD
[2.069s] -- Performing Test CMAKE_HAVE_LIBC_PTHREAD - Failed
[2.069s] -- Looking for pthread_create in pthreads
[2.139s] -- Looking for pthread_create in pthreads - not found
[2.139s] -- Looking for pthread_create in pthread
[2.221s] -- Looking for pthread_create in pthread - found
[2.222s] -- Found Threads: TRUE  
[2.242s] -- Found CUDA: /usr/local/cuda (found version "11.8") 
[2.244s] -- Loading isaac_ros_common extras (modules)
[2.323s] -- Found rosidl_generator_c: 3.1.4 (/opt/ros/humble/install/share/rosidl_generator_c/cmake)
[2.334s] -- Found rosidl_adapter: 3.1.4 (/opt/ros/humble/install/share/rosidl_adapter/cmake)
[2.352s] -- Found rosidl_generator_cpp: 3.1.4 (/opt/ros/humble/install/share/rosidl_generator_cpp/cmake)
[2.380s] -- Using all available rosidl_typesupport_c: rosidl_typesupport_fastrtps_c;rosidl_typesupport_introspection_c
[2.418s] -- Using all available rosidl_typesupport_cpp: rosidl_typesupport_fastrtps_cpp;rosidl_typesupport_introspection_cpp
[2.565s] -- Found rmw_implementation_cmake: 6.1.1 (/opt/ros/humble/install/share/rmw_implementation_cmake/cmake)
[2.570s] -- Found rmw_fastrtps_cpp: 6.2.2 (/opt/ros/humble/install/share/rmw_fastrtps_cpp/cmake)
[2.727s] -- Found OpenSSL: /usr/lib/x86_64-linux-gnu/libcrypto.so (found version "1.1.1f")  
[2.763s] -- Found FastRTPS: /opt/ros/humble/install/include  
[2.834s] -- Using RMW implementation 'rmw_fastrtps_cpp' as default
[3.611s] -- Loading isaac_ros_gxf extras
[3.625s] -- Found atlas lib=/workspaces/isaac_ros-dev/install/isaac_ros_gxf/share/isaac_ros_gxf/gxf/lib/libgxf_atlas.so, include=/workspaces/isaac_ros-dev/install/isaac_ros_gxf/share/isaac_ros_gxf/gxf/include/gxf
[3.628s] -- Found cuda lib=/workspaces/isaac_ros-dev/install/isaac_ros_gxf/share/isaac_ros_gxf/gxf/lib/cuda/libgxf_cuda.so, include=/workspaces/isaac_ros-dev/install/isaac_ros_gxf/share/isaac_ros_gxf/gxf/include/gxf
[3.631s] -- Found isaac_messages lib=/workspaces/isaac_ros-dev/install/isaac_ros_gxf/share/isaac_ros_gxf/gxf/lib/libgxf_isaac_messages.so, include=/workspaces/isaac_ros-dev/install/isaac_ros_gxf/share/isaac_ros_gxf/gxf/include/gxf
[3.633s] -- Found isaac_ros_messages lib=/workspaces/isaac_ros-dev/install/isaac_ros_gxf/share/isaac_ros_gxf/gxf/lib/libgxf_isaac_ros_messages.so, include=/workspaces/isaac_ros-dev/install/isaac_ros_gxf/share/isaac_ros_gxf/gxf/include/gxf
[3.636s] -- Found multimedia lib=/workspaces/isaac_ros-dev/install/isaac_ros_gxf/share/isaac_ros_gxf/gxf/lib/multimedia/libgxf_multimedia.so, include=/workspaces/isaac_ros-dev/install/isaac_ros_gxf/share/isaac_ros_gxf/gxf/include/gxf
[3.641s] -- Found gxf_optimizer lib=/workspaces/isaac_ros-dev/install/isaac_ros_gxf/share/isaac_ros_gxf/gxf/lib/libgxf_optimizer.so, include=/workspaces/isaac_ros-dev/install/isaac_ros_gxf/share/isaac_ros_gxf/gxf/include/gxf
[3.644s] -- Found serialization lib=/workspaces/isaac_ros-dev/install/isaac_ros_gxf/share/isaac_ros_gxf/gxf/lib/serialization/libgxf_serialization.so, include=/workspaces/isaac_ros-dev/install/isaac_ros_gxf/share/isaac_ros_gxf/gxf/include/gxf
[3.646s] -- Found std lib=/workspaces/isaac_ros-dev/install/isaac_ros_gxf/share/isaac_ros_gxf/gxf/lib/std/libgxf_std.so, include=/workspaces/isaac_ros-dev/install/isaac_ros_gxf/share/isaac_ros_gxf/gxf/include/gxf
[3.649s] -- Found core lib=/workspaces/isaac_ros-dev/install/isaac_ros_gxf/share/isaac_ros_gxf/gxf/lib/core/libgxf_core.so, include=/workspaces/isaac_ros-dev/install/isaac_ros_gxf/share/isaac_ros_gxf/gxf/include/gxf
[3.653s] -- Found GXF:  (found suitable version "2.5.0", minimum required is "2.5.0") found components: core isaac_messages 
[9.357s] -- Performing Test FLAG_WEXTRA
[9.727s] -- Performing Test FLAG_WEXTRA - Success
[10.826s] -- Found ament_lint_auto: 0.12.5 (/opt/ros/humble/install/share/ament_lint_auto/cmake)
[11.180s] -- Found launch_testing_ament_cmake: 1.0.4 (/opt/ros/humble/install/share/launch_testing_ament_cmake/cmake)
[11.214s] -- Found python_cmake_module: 0.10.0 (/opt/ros/humble/install/share/python_cmake_module/cmake)
[11.261s] -- Found PythonInterp: /usr/bin/python3 (found suitable version "3.8.10", minimum required is "3.6") 
[11.270s] -- Found PythonLibs: /usr/lib/x86_64-linux-gnu/libpython3.8.so (found suitable version "3.8.10", minimum required is "3.5") 
[11.271s] -- Using PYTHON_EXECUTABLE: /usr/bin/python3
[11.271s] -- Using PYTHON_INCLUDE_DIRS: /usr/include/python3.8
[11.271s] -- Using PYTHON_LIBRARIES: /usr/lib/x86_64-linux-gnu/libpython3.8.so
[11.337s] -- Found PythonExtra: .so  
[11.347s] -- Added test 'cppcheck' to perform static code analysis on C / C++ code
[11.348s] -- Configured cppcheck include dirs: /workspaces/isaac_ros-dev/src/isaac_ros_nitros/isaac_ros_nitros_type/isaac_ros_nitros_imu_type/include
[11.349s] -- Configured cppcheck exclude dirs and/or files: 
[11.351s] -- Added test 'cpplint' to check C / C++ code against the Google style
[11.352s] -- Configured cpplint exclude dirs and/or files: 
[11.362s] -- Added test 'flake8' to check Python code syntax and style conventions
[11.371s] -- Added test 'lint_cmake' to check CMake code style
[11.373s] -- Added test 'pep257' to check Python code against some of the docstring style conventions in PEP 257
[11.375s] -- Added test 'uncrustify' to check C / C++ code style
[11.376s] -- Configured uncrustify additional arguments: 
[11.385s] -- Added test 'xmllint' to check XML markup files
[11.399s] -- Configuring done (11.3s)
[11.934s] -- Generating done (0.4s)
[12.001s] -- Build files have been written to: /workspaces/isaac_ros-dev/build/isaac_ros_nitros_imu_type
[12.196s] Invoked command in '/workspaces/isaac_ros-dev/build/isaac_ros_nitros_imu_type' returned '0': AMENT_PREFIX_PATH=/workspaces/isaac_ros-dev/install/isaac_ros_nitros:/workspaces/isaac_ros-dev/install/isaac_ros_nitros_interfaces:/workspaces/isaac_ros-dev/install/isaac_ros_gxf:/workspaces/isaac_ros-dev/install/isaac_ros_test:/workspaces/isaac_ros-dev/install/isaac_ros_common:${AMENT_PREFIX_PATH} CMAKE_PREFIX_PATH=/workspaces/isaac_ros-dev/install/isaac_ros_nitros:/workspaces/isaac_ros-dev/install/isaac_ros_nitros_interfaces:/workspaces/isaac_ros-dev/install/isaac_ros_gxf:/workspaces/isaac_ros-dev/install/isaac_ros_common:${CMAKE_PREFIX_PATH} LD_LIBRARY_PATH=/workspaces/isaac_ros-dev/install/isaac_ros_nitros/lib:/workspaces/isaac_ros-dev/install/isaac_ros_nitros_interfaces/lib:/workspaces/isaac_ros-dev/install/isaac_ros_common/lib:${LD_LIBRARY_PATH} PYTHONPATH=/workspaces/isaac_ros-dev/install/isaac_ros_nitros_interfaces/lib/python3.8/site-packages:/workspaces/isaac_ros-dev/install/isaac_ros_test/lib/python3.8/site-packages:${PYTHONPATH} /usr/local/bin/cmake /workspaces/isaac_ros-dev/src/isaac_ros_nitros/isaac_ros_nitros_type/isaac_ros_nitros_imu_type -DCMAKE_INSTALL_PREFIX=/workspaces/isaac_ros-dev/install/isaac_ros_nitros_imu_type
[12.197s] Invoking command in '/workspaces/isaac_ros-dev/build/isaac_ros_nitros_imu_type': AMENT_PREFIX_PATH=/workspaces/isaac_ros-dev/install/isaac_ros_nitros:/workspaces/isaac_ros-dev/install/isaac_ros_nitros_interfaces:/workspaces/isaac_ros-dev/install/isaac_ros_gxf:/workspaces/isaac_ros-dev/install/isaac_ros_test:/workspaces/isaac_ros-dev/install/isaac_ros_common:${AMENT_PREFIX_PATH} CMAKE_PREFIX_PATH=/workspaces/isaac_ros-dev/install/isaac_ros_nitros:/workspaces/isaac_ros-dev/install/isaac_ros_nitros_interfaces:/workspaces/isaac_ros-dev/install/isaac_ros_gxf:/workspaces/isaac_ros-dev/install/isaac_ros_common:${CMAKE_PREFIX_PATH} LD_LIBRARY_PATH=/workspaces/isaac_ros-dev/install/isaac_ros_nitros/lib:/workspaces/isaac_ros-dev/install/isaac_ros_nitros_interfaces/lib:/workspaces/isaac_ros-dev/install/isaac_ros_common/lib:${LD_LIBRARY_PATH} PYTHONPATH=/workspaces/isaac_ros-dev/install/isaac_ros_nitros_interfaces/lib/python3.8/site-packages:/workspaces/isaac_ros-dev/install/isaac_ros_test/lib/python3.8/site-packages:${PYTHONPATH} /usr/local/bin/cmake --build /workspaces/isaac_ros-dev/build/isaac_ros_nitros_imu_type -- -j16 -l16
[18.536s] [  2%] [32mBuilding CXX object _deps/yaml-cpp-build/CMakeFiles/yaml-cpp.dir/src/binary.cpp.o[0m
[18.537s] [  5%] [32mBuilding CXX object _deps/yaml-cpp-build/CMakeFiles/yaml-cpp.dir/src/convert.cpp.o[0m
[18.537s] [  8%] [32mBuilding CXX object _deps/yaml-cpp-build/CMakeFiles/yaml-cpp.dir/src/directives.cpp.o[0m
[18.537s] [ 11%] [32mBuilding CXX object _deps/yaml-cpp-build/CMakeFiles/yaml-cpp.dir/src/emit.cpp.o[0m
[18.537s] [ 14%] [32mBuilding CXX object _deps/yaml-cpp-build/CMakeFiles/yaml-cpp.dir/src/emitfromevents.cpp.o[0m
[18.537s] [ 17%] [32mBuilding CXX object _deps/yaml-cpp-build/CMakeFiles/yaml-cpp.dir/src/emitter.cpp.o[0m
[18.537s] [ 20%] [32mBuilding CXX object _deps/yaml-cpp-build/CMakeFiles/yaml-cpp.dir/src/emitterstate.cpp.o[0m
[18.538s] [ 22%] [32mBuilding CXX object _deps/yaml-cpp-build/CMakeFiles/yaml-cpp.dir/src/emitterutils.cpp.o[0m
[18.538s] [ 25%] [32mBuilding CXX object _deps/yaml-cpp-build/CMakeFiles/yaml-cpp.dir/src/exceptions.cpp.o[0m
[18.538s] [ 28%] [32mBuilding CXX object _deps/yaml-cpp-build/CMakeFiles/yaml-cpp.dir/src/exp.cpp.o[0m
[18.538s] [ 31%] [32mBuilding CXX object _deps/yaml-cpp-build/CMakeFiles/yaml-cpp.dir/src/memory.cpp.o[0m
[18.538s] [ 34%] [32mBuilding CXX object _deps/yaml-cpp-build/CMakeFiles/yaml-cpp.dir/src/node_data.cpp.o[0m
[18.538s] [ 37%] [32mBuilding CXX object _deps/yaml-cpp-build/CMakeFiles/yaml-cpp.dir/src/nodebuilder.cpp.o[0m
[18.538s] [ 40%] [32mBuilding CXX object _deps/yaml-cpp-build/CMakeFiles/yaml-cpp.dir/src/nodeevents.cpp.o[0m
[18.538s] [ 42%] [32mBuilding CXX object _deps/yaml-cpp-build/CMakeFiles/yaml-cpp.dir/src/null.cpp.o[0m
[18.538s] [ 45%] [32mBuilding CXX object _deps/yaml-cpp-build/CMakeFiles/yaml-cpp.dir/src/node.cpp.o[0m
[18.539s] [ 48%] [32mBuilding CXX object _deps/yaml-cpp-build/CMakeFiles/yaml-cpp.dir/src/ostream_wrapper.cpp.o[0m
[18.539s] [ 51%] [32mBuilding CXX object _deps/yaml-cpp-build/CMakeFiles/yaml-cpp.dir/src/parse.cpp.o[0m
[24.322s] [ 54%] [32mBuilding CXX object _deps/yaml-cpp-build/CMakeFiles/yaml-cpp.dir/src/contrib/graphbuilderadapter.cpp.o[0m
[24.839s] [ 57%] [32mBuilding CXX object _deps/yaml-cpp-build/CMakeFiles/yaml-cpp.dir/src/contrib/graphbuilder.cpp.o[0m
[25.375s] [ 60%] [32mBuilding CXX object _deps/yaml-cpp-build/CMakeFiles/yaml-cpp.dir/src/tag.cpp.o[0m
[25.924s] [ 62%] [32mBuilding CXX object _deps/yaml-cpp-build/CMakeFiles/yaml-cpp.dir/src/stream.cpp.o[0m
[26.594s] [ 65%] [32mBuilding CXX object _deps/yaml-cpp-build/CMakeFiles/yaml-cpp.dir/src/singledocparser.cpp.o[0m
[27.878s] [ 68%] [32mBuilding CXX object _deps/yaml-cpp-build/CMakeFiles/yaml-cpp.dir/src/simplekey.cpp.o[0m
[28.731s] [ 71%] [32mBuilding CXX object _deps/yaml-cpp-build/CMakeFiles/yaml-cpp.dir/src/scantoken.cpp.o[0m
[31.722s] [ 74%] [32mBuilding CXX object _deps/yaml-cpp-build/CMakeFiles/yaml-cpp.dir/src/scantag.cpp.o[0m
[32.585s] [ 77%] [32mBuilding CXX object _deps/yaml-cpp-build/CMakeFiles/yaml-cpp.dir/src/scanscalar.cpp.o[0m
[33.901s] [ 80%] [32mBuilding CXX object _deps/yaml-cpp-build/CMakeFiles/yaml-cpp.dir/src/scanner.cpp.o[0m
[35.744s] [ 82%] [32mBuilding CXX object _deps/yaml-cpp-build/CMakeFiles/yaml-cpp.dir/src/regex_yaml.cpp.o[0m
[36.417s] [ 85%] [32mBuilding CXX object _deps/yaml-cpp-build/CMakeFiles/yaml-cpp.dir/src/parser.cpp.o[0m
[37.493s] [ 88%] [32m[1mLinking CXX static library libyaml-cpp.a[0m
[37.538s] [ 88%] Built target yaml-cpp
[37.555s] [ 91%] [32mBuilding CXX object CMakeFiles/isaac_ros_nitros_imu_type.dir/src/nitros_imu.cpp.o[0m
[54.421s] [ 94%] [32m[1mLinking CXX shared library libisaac_ros_nitros_imu_type.so[0m
[54.954s] [ 94%] Built target isaac_ros_nitros_imu_type
[54.973s] [ 97%] [32mBuilding CXX object CMakeFiles/isaac_ros_nitros_imu_forward_node.dir/test/src/nitros_imu_forward_node.cpp.o[0m
[79.453s] [100%] [32m[1mLinking CXX shared library libisaac_ros_nitros_imu_forward_node.so[0m
[79.715s] [100%] Built target isaac_ros_nitros_imu_forward_node
[79.724s] Invoked command in '/workspaces/isaac_ros-dev/build/isaac_ros_nitros_imu_type' returned '0': AMENT_PREFIX_PATH=/workspaces/isaac_ros-dev/install/isaac_ros_nitros:/workspaces/isaac_ros-dev/install/isaac_ros_nitros_interfaces:/workspaces/isaac_ros-dev/install/isaac_ros_gxf:/workspaces/isaac_ros-dev/install/isaac_ros_test:/workspaces/isaac_ros-dev/install/isaac_ros_common:${AMENT_PREFIX_PATH} CMAKE_PREFIX_PATH=/workspaces/isaac_ros-dev/install/isaac_ros_nitros:/workspaces/isaac_ros-dev/install/isaac_ros_nitros_interfaces:/workspaces/isaac_ros-dev/install/isaac_ros_gxf:/workspaces/isaac_ros-dev/install/isaac_ros_common:${CMAKE_PREFIX_PATH} LD_LIBRARY_PATH=/workspaces/isaac_ros-dev/install/isaac_ros_nitros/lib:/workspaces/isaac_ros-dev/install/isaac_ros_nitros_interfaces/lib:/workspaces/isaac_ros-dev/install/isaac_ros_common/lib:${LD_LIBRARY_PATH} PYTHONPATH=/workspaces/isaac_ros-dev/install/isaac_ros_nitros_interfaces/lib/python3.8/site-packages:/workspaces/isaac_ros-dev/install/isaac_ros_test/lib/python3.8/site-packages:${PYTHONPATH} /usr/local/bin/cmake --build /workspaces/isaac_ros-dev/build/isaac_ros_nitros_imu_type -- -j16 -l16
[79.782s] Invoking command in '/workspaces/isaac_ros-dev/build/isaac_ros_nitros_imu_type': AMENT_PREFIX_PATH=/workspaces/isaac_ros-dev/install/isaac_ros_nitros:/workspaces/isaac_ros-dev/install/isaac_ros_nitros_interfaces:/workspaces/isaac_ros-dev/install/isaac_ros_gxf:/workspaces/isaac_ros-dev/install/isaac_ros_test:/workspaces/isaac_ros-dev/install/isaac_ros_common:${AMENT_PREFIX_PATH} CMAKE_PREFIX_PATH=/workspaces/isaac_ros-dev/install/isaac_ros_nitros:/workspaces/isaac_ros-dev/install/isaac_ros_nitros_interfaces:/workspaces/isaac_ros-dev/install/isaac_ros_gxf:/workspaces/isaac_ros-dev/install/isaac_ros_common:${CMAKE_PREFIX_PATH} LD_LIBRARY_PATH=/workspaces/isaac_ros-dev/install/isaac_ros_nitros/lib:/workspaces/isaac_ros-dev/install/isaac_ros_nitros_interfaces/lib:/workspaces/isaac_ros-dev/install/isaac_ros_common/lib:${LD_LIBRARY_PATH} PYTHONPATH=/workspaces/isaac_ros-dev/install/isaac_ros_nitros_interfaces/lib/python3.8/site-packages:/workspaces/isaac_ros-dev/install/isaac_ros_test/lib/python3.8/site-packages:${PYTHONPATH} /usr/local/bin/cmake --install /workspaces/isaac_ros-dev/build/isaac_ros_nitros_imu_type
[79.807s] -- Install configuration: "Release"
[79.807s] -- Installing: /workspaces/isaac_ros-dev/install/isaac_ros_nitros_imu_type/lib/libyaml-cpp.a
[79.808s] -- Installing: /workspaces/isaac_ros-dev/install/isaac_ros_nitros_imu_type/include/yaml-cpp
[79.809s] -- Installing: /workspaces/isaac_ros-dev/install/isaac_ros_nitros_imu_type/include/yaml-cpp/mark.h
[79.809s] -- Installing: /workspaces/isaac_ros-dev/install/isaac_ros_nitros_imu_type/include/yaml-cpp/emittermanip.h
[79.809s] -- Installing: /workspaces/isaac_ros-dev/install/isaac_ros_nitros_imu_type/include/yaml-cpp/emitter.h
[79.809s] -- Installing: /workspaces/isaac_ros-dev/install/isaac_ros_nitros_imu_type/include/yaml-cpp/exceptions.h
[79.809s] -- Installing: /workspaces/isaac_ros-dev/install/isaac_ros_nitros_imu_type/include/yaml-cpp/traits.h
[79.809s] -- Installing: /workspaces/isaac_ros-dev/install/isaac_ros_nitros_imu_type/include/yaml-cpp/eventhandler.h
[79.810s] -- Installing: /workspaces/isaac_ros-dev/install/isaac_ros_nitros_imu_type/include/yaml-cpp/parser.h
[79.810s] -- Installing: /workspaces/isaac_ros-dev/install/isaac_ros_nitros_imu_type/include/yaml-cpp/dll.h
[79.810s] -- Installing: /workspaces/isaac_ros-dev/install/isaac_ros_nitros_imu_type/include/yaml-cpp/null.h
[79.810s] -- Installing: /workspaces/isaac_ros-dev/install/isaac_ros_nitros_imu_type/include/yaml-cpp/contrib
[79.810s] -- Installing: /workspaces/isaac_ros-dev/install/isaac_ros_nitros_imu_type/include/yaml-cpp/contrib/graphbuilder.h
[79.810s] -- Installing: /workspaces/isaac_ros-dev/install/isaac_ros_nitros_imu_type/include/yaml-cpp/contrib/anchordict.h
[79.810s] -- Installing: /workspaces/isaac_ros-dev/install/isaac_ros_nitros_imu_type/include/yaml-cpp/emitterdef.h
[79.810s] -- Installing: /workspaces/isaac_ros-dev/install/isaac_ros_nitros_imu_type/include/yaml-cpp/anchor.h
[79.811s] -- Installing: /workspaces/isaac_ros-dev/install/isaac_ros_nitros_imu_type/include/yaml-cpp/emitfromevents.h
[79.811s] -- Installing: /workspaces/isaac_ros-dev/install/isaac_ros_nitros_imu_type/include/yaml-cpp/emitterstyle.h
[79.811s] -- Installing: /workspaces/isaac_ros-dev/install/isaac_ros_nitros_imu_type/include/yaml-cpp/node
[79.811s] -- Installing: /workspaces/isaac_ros-dev/install/isaac_ros_nitros_imu_type/include/yaml-cpp/node/impl.h
[79.811s] -- Installing: /workspaces/isaac_ros-dev/install/isaac_ros_nitros_imu_type/include/yaml-cpp/node/parse.h
[79.811s] -- Installing: /workspaces/isaac_ros-dev/install/isaac_ros_nitros_imu_type/include/yaml-cpp/node/detail
[79.811s] -- Installing: /workspaces/isaac_ros-dev/install/isaac_ros_nitros_imu_type/include/yaml-cpp/node/detail/node_data.h
[79.812s] -- Installing: /workspaces/isaac_ros-dev/install/isaac_ros_nitros_imu_type/include/yaml-cpp/node/detail/impl.h
[79.812s] -- Installing: /workspaces/isaac_ros-dev/install/isaac_ros_nitros_imu_type/include/yaml-cpp/node/detail/node_iterator.h
[79.812s] -- Installing: /workspaces/isaac_ros-dev/install/isaac_ros_nitros_imu_type/include/yaml-cpp/node/detail/memory.h
[79.812s] -- Installing: /workspaces/isaac_ros-dev/install/isaac_ros_nitros_imu_type/include/yaml-cpp/node/detail/iterator.h
[79.812s] -- Installing: /workspaces/isaac_ros-dev/install/isaac_ros_nitros_imu_type/include/yaml-cpp/node/detail/iterator_fwd.h
[79.812s] -- Installing: /workspaces/isaac_ros-dev/install/isaac_ros_nitros_imu_type/include/yaml-cpp/node/detail/node.h
[79.812s] -- Installing: /workspaces/isaac_ros-dev/install/isaac_ros_nitros_imu_type/include/yaml-cpp/node/detail/bool_type.h
[79.813s] -- Installing: /workspaces/isaac_ros-dev/install/isaac_ros_nitros_imu_type/include/yaml-cpp/node/detail/node_ref.h
[79.813s] -- Installing: /workspaces/isaac_ros-dev/install/isaac_ros_nitros_imu_type/include/yaml-cpp/node/convert.h
[79.813s] -- Installing: /workspaces/isaac_ros-dev/install/isaac_ros_nitros_imu_type/include/yaml-cpp/node/iterator.h
[79.813s] -- Installing: /workspaces/isaac_ros-dev/install/isaac_ros_nitros_imu_type/include/yaml-cpp/node/type.h
[79.813s] -- Installing: /workspaces/isaac_ros-dev/install/isaac_ros_nitros_imu_type/include/yaml-cpp/node/node.h
[79.813s] -- Installing: /workspaces/isaac_ros-dev/install/isaac_ros_nitros_imu_type/include/yaml-cpp/node/emit.h
[79.813s] -- Installing: /workspaces/isaac_ros-dev/install/isaac_ros_nitros_imu_type/include/yaml-cpp/node/ptr.h
[79.813s] -- Installing: /workspaces/isaac_ros-dev/install/isaac_ros_nitros_imu_type/include/yaml-cpp/ostream_wrapper.h
[79.814s] -- Installing: /workspaces/isaac_ros-dev/install/isaac_ros_nitros_imu_type/include/yaml-cpp/stlemitter.h
[79.814s] -- Installing: /workspaces/isaac_ros-dev/install/isaac_ros_nitros_imu_type/include/yaml-cpp/binary.h
[79.814s] -- Installing: /workspaces/isaac_ros-dev/install/isaac_ros_nitros_imu_type/include/yaml-cpp/yaml.h
[79.814s] -- Installing: /workspaces/isaac_ros-dev/install/isaac_ros_nitros_imu_type/lib/cmake/yaml-cpp/yaml-cpp-config.cmake
[79.814s] -- Installing: /workspaces/isaac_ros-dev/install/isaac_ros_nitros_imu_type/lib/cmake/yaml-cpp/yaml-cpp-config-version.cmake
[79.815s] -- Installing: /workspaces/isaac_ros-dev/install/isaac_ros_nitros_imu_type/lib/cmake/yaml-cpp/yaml-cpp-targets.cmake
[79.815s] -- Installing: /workspaces/isaac_ros-dev/install/isaac_ros_nitros_imu_type/lib/cmake/yaml-cpp/yaml-cpp-targets-release.cmake
[79.815s] -- Installing: /workspaces/isaac_ros-dev/install/isaac_ros_nitros_imu_type/lib/pkgconfig/yaml-cpp.pc
[79.815s] -- Installing: /workspaces/isaac_ros-dev/install/isaac_ros_nitros_imu_type/share/isaac_ros_nitros_imu_type/test/config
[79.815s] -- Installing: /workspaces/isaac_ros-dev/install/isaac_ros_nitros_imu_type/share/isaac_ros_nitros_imu_type/test/config/test_forward_node.yaml
[79.816s] -- Up-to-date: /workspaces/isaac_ros-dev/install/isaac_ros_nitros_imu_type/include
[79.816s] -- Installing: /workspaces/isaac_ros-dev/install/isaac_ros_nitros_imu_type/include/isaac_ros_nitros_imu_type
[79.816s] -- Installing: /workspaces/isaac_ros-dev/install/isaac_ros_nitros_imu_type/include/isaac_ros_nitros_imu_type/nitros_imu.hpp
[79.816s] -- Installing: /workspaces/isaac_ros-dev/install/isaac_ros_nitros_imu_type/share/isaac_ros_nitros_imu_type/environment/library_path.sh
[79.816s] -- Installing: /workspaces/isaac_ros-dev/install/isaac_ros_nitros_imu_type/share/isaac_ros_nitros_imu_type/environment/library_path.dsv
[79.816s] -- Installing: /workspaces/isaac_ros-dev/install/isaac_ros_nitros_imu_type/lib/libisaac_ros_nitros_imu_type.so
[79.817s] -- Set runtime path of "/workspaces/isaac_ros-dev/install/isaac_ros_nitros_imu_type/lib/libisaac_ros_nitros_imu_type.so" to "/usr/local/cuda/lib64:/opt/ros/humble/install/lib:/workspaces/isaac_ros-dev/install/isaac_ros_common/lib:/workspaces/isaac_ros-dev/install/isaac_ros_nitros_interfaces/lib:/workspaces/isaac_ros-dev/install/isaac_ros_nitros/lib:/workspaces/isaac_ros-dev/install/isaac_ros_gxf/share/isaac_ros_gxf/gxf/lib/core:/workspaces/isaac_ros-dev/install/isaac_ros_gxf/share/isaac_ros_gxf/gxf/lib"
[79.817s] -- Installing: /workspaces/isaac_ros-dev/install/isaac_ros_nitros_imu_type/lib/libisaac_ros_nitros_imu_forward_node.so
[79.818s] -- Set runtime path of "/workspaces/isaac_ros-dev/install/isaac_ros_nitros_imu_type/lib/libisaac_ros_nitros_imu_forward_node.so" to "/usr/local/cuda/lib64:/opt/ros/humble/install/lib:/workspaces/isaac_ros-dev/install/isaac_ros_common/lib:/workspaces/isaac_ros-dev/install/isaac_ros_nitros_interfaces/lib:/workspaces/isaac_ros-dev/install/isaac_ros_nitros/lib:/workspaces/isaac_ros-dev/install/isaac_ros_gxf/share/isaac_ros_gxf/gxf/lib/core:/workspaces/isaac_ros-dev/install/isaac_ros_gxf/share/isaac_ros_gxf/gxf/lib"
[79.819s] -- Installing: /workspaces/isaac_ros-dev/install/isaac_ros_nitros_imu_type/share/ament_index/resource_index/package_run_dependencies/isaac_ros_nitros_imu_type
[79.819s] -- Installing: /workspaces/isaac_ros-dev/install/isaac_ros_nitros_imu_type/share/ament_index/resource_index/parent_prefix_path/isaac_ros_nitros_imu_type
[79.819s] -- Installing: /workspaces/isaac_ros-dev/install/isaac_ros_nitros_imu_type/share/isaac_ros_nitros_imu_type/environment/ament_prefix_path.sh
[79.819s] -- Installing: /workspaces/isaac_ros-dev/install/isaac_ros_nitros_imu_type/share/isaac_ros_nitros_imu_type/environment/ament_prefix_path.dsv
[79.820s] -- Installing: /workspaces/isaac_ros-dev/install/isaac_ros_nitros_imu_type/share/isaac_ros_nitros_imu_type/environment/path.sh
[79.820s] -- Installing: /workspaces/isaac_ros-dev/install/isaac_ros_nitros_imu_type/share/isaac_ros_nitros_imu_type/environment/path.dsv
[79.820s] -- Installing: /workspaces/isaac_ros-dev/install/isaac_ros_nitros_imu_type/share/isaac_ros_nitros_imu_type/local_setup.bash
[79.820s] -- Installing: /workspaces/isaac_ros-dev/install/isaac_ros_nitros_imu_type/share/isaac_ros_nitros_imu_type/local_setup.sh
[79.820s] -- Installing: /workspaces/isaac_ros-dev/install/isaac_ros_nitros_imu_type/share/isaac_ros_nitros_imu_type/local_setup.zsh
[79.820s] -- Installing: /workspaces/isaac_ros-dev/install/isaac_ros_nitros_imu_type/share/isaac_ros_nitros_imu_type/local_setup.dsv
[79.821s] -- Installing: /workspaces/isaac_ros-dev/install/isaac_ros_nitros_imu_type/share/isaac_ros_nitros_imu_type/package.dsv
[79.821s] -- Installing: /workspaces/isaac_ros-dev/install/isaac_ros_nitros_imu_type/share/ament_index/resource_index/packages/isaac_ros_nitros_imu_type
[79.821s] -- Installing: /workspaces/isaac_ros-dev/install/isaac_ros_nitros_imu_type/share/ament_index/resource_index/rclcpp_components/isaac_ros_nitros_imu_type
[79.821s] -- Installing: /workspaces/isaac_ros-dev/install/isaac_ros_nitros_imu_type/share/isaac_ros_nitros_imu_type/cmake/ament_cmake_export_dependencies-extras.cmake
[79.822s] -- Installing: /workspaces/isaac_ros-dev/install/isaac_ros_nitros_imu_type/share/isaac_ros_nitros_imu_type/cmake/ament_cmake_export_include_directories-extras.cmake
[79.822s] -- Installing: /workspaces/isaac_ros-dev/install/isaac_ros_nitros_imu_type/share/isaac_ros_nitros_imu_type/cmake/ament_cmake_export_libraries-extras.cmake
[79.822s] -- Installing: /workspaces/isaac_ros-dev/install/isaac_ros_nitros_imu_type/share/isaac_ros_nitros_imu_type/cmake/isaac_ros_nitros_imu_typeConfig.cmake
[79.822s] -- Installing: /workspaces/isaac_ros-dev/install/isaac_ros_nitros_imu_type/share/isaac_ros_nitros_imu_type/cmake/isaac_ros_nitros_imu_typeConfig-version.cmake
[79.823s] -- Installing: /workspaces/isaac_ros-dev/install/isaac_ros_nitros_imu_type/share/isaac_ros_nitros_imu_type/package.xml
[79.833s] Invoked command in '/workspaces/isaac_ros-dev/build/isaac_ros_nitros_imu_type' returned '0': AMENT_PREFIX_PATH=/workspaces/isaac_ros-dev/install/isaac_ros_nitros:/workspaces/isaac_ros-dev/install/isaac_ros_nitros_interfaces:/workspaces/isaac_ros-dev/install/isaac_ros_gxf:/workspaces/isaac_ros-dev/install/isaac_ros_test:/workspaces/isaac_ros-dev/install/isaac_ros_common:${AMENT_PREFIX_PATH} CMAKE_PREFIX_PATH=/workspaces/isaac_ros-dev/install/isaac_ros_nitros:/workspaces/isaac_ros-dev/install/isaac_ros_nitros_interfaces:/workspaces/isaac_ros-dev/install/isaac_ros_gxf:/workspaces/isaac_ros-dev/install/isaac_ros_common:${CMAKE_PREFIX_PATH} LD_LIBRARY_PATH=/workspaces/isaac_ros-dev/install/isaac_ros_nitros/lib:/workspaces/isaac_ros-dev/install/isaac_ros_nitros_interfaces/lib:/workspaces/isaac_ros-dev/install/isaac_ros_common/lib:${LD_LIBRARY_PATH} PYTHONPATH=/workspaces/isaac_ros-dev/install/isaac_ros_nitros_interfaces/lib/python3.8/site-packages:/workspaces/isaac_ros-dev/install/isaac_ros_test/lib/python3.8/site-packages:${PYTHONPATH} /usr/local/bin/cmake --install /workspaces/isaac_ros-dev/build/isaac_ros_nitros_imu_type
