[0.181s] Invoking command in '/workspaces/isaac_ros-dev/build/isaac_ros_nitros_imu_type': AMENT_PREFIX_PATH=/workspaces/isaac_ros-dev/install/isaac_ros_nitros:/workspaces/isaac_ros-dev/install/isaac_ros_nitros_interfaces:/workspaces/isaac_ros-dev/install/isaac_ros_gxf:/workspaces/isaac_ros-dev/install/isaac_ros_test:/workspaces/isaac_ros-dev/install/isaac_ros_common:${AMENT_PREFIX_PATH} CMAKE_PREFIX_PATH=/workspaces/isaac_ros-dev/install/isaac_ros_nitros:/workspaces/isaac_ros-dev/install/isaac_ros_nitros_interfaces:/workspaces/isaac_ros-dev/install/isaac_ros_gxf:/workspaces/isaac_ros-dev/install/isaac_ros_common:${CMAKE_PREFIX_PATH} LD_LIBRARY_PATH=/workspaces/isaac_ros-dev/install/isaac_ros_nitros/lib:/workspaces/isaac_ros-dev/install/isaac_ros_nitros_interfaces/lib:/workspaces/isaac_ros-dev/install/isaac_ros_common/lib:/opt/ros/humble/install/opt/rviz_ogre_vendor/lib:/opt/ros/humble/install/lib:/usr/lib/aarch64-linux-gnu/tegra/weston:/usr/lib/aarch64-linux-gnu/tegra-egl:/usr/local/cuda-11.4/targets/aarch64-linux/lib:/usr/lib/aarch64-linux-gnu/tegra:/opt/nvidia/vpi2/lib64:/usr/lib/aarch64-linux-gnu-host:/opt/tritonserver/lib PYTHONPATH=/workspaces/isaac_ros-dev/install/isaac_ros_nitros_interfaces/lib/python3.8/site-packages:/workspaces/isaac_ros-dev/build/isaac_ros_test:/workspaces/isaac_ros-dev/install/isaac_ros_test/lib/python3.8/site-packages:${PYTHONPATH} /usr/bin/cmake /workspaces/isaac_ros-dev/src/isaac_ros_nitros/isaac_ros_nitros_type/isaac_ros_nitros_imu_type -DAMENT_CMAKE_SYMLINK_INSTALL=1 -DCMAKE_INSTALL_PREFIX=/workspaces/isaac_ros-dev/install/isaac_ros_nitros_imu_type
[0.552s] -- The C compiler identification is GNU 9.4.0
[0.854s] -- The CXX compiler identification is GNU 9.4.0
[0.896s] -- Detecting C compiler ABI info
[1.240s] -- Detecting C compiler ABI info - done
[1.260s] -- Check for working C compiler: /usr/bin/cc - skipped
[1.262s] -- Detecting C compile features
[1.264s] -- Detecting C compile features - done
[1.276s] -- Detecting CXX compiler ABI info
[1.752s] -- Detecting CXX compiler ABI info - done
[1.773s] -- Check for working CXX compiler: /usr/bin/c++ - skipped
[1.773s] -- Detecting CXX compile features
[1.775s] -- Detecting CXX compile features - done
[1.786s] -- Found ament_cmake_auto: 1.3.3 (/opt/ros/humble/install/share/ament_cmake_auto/cmake)
[4.327s] -- Found Python3: /usr/bin/python3.8 (found version "3.8.10") found components: Interpreter 
[4.602s] -- Override CMake install command with custom implementation using symlinks instead of copying resources
[4.936s] -- Loading isaac_ros_common extras
[4.936s] -- CMAKE_BUILD_TYPE: Release
[5.021s] -- Looking for pthread.h
[5.212s] -- Looking for pthread.h - found
[5.213s] -- Performing Test CMAKE_HAVE_LIBC_PTHREAD
[5.506s] -- Performing Test CMAKE_HAVE_LIBC_PTHREAD - Failed
[5.507s] -- Looking for pthread_create in pthreads
[5.779s] -- Looking for pthread_create in pthreads - not found
[5.780s] -- Looking for pthread_create in pthread
[6.120s] -- Looking for pthread_create in pthread - found
[6.122s] -- Found Threads: TRUE  
[6.254s] -- Found CUDA: /usr/local/cuda (found version "11.4") 
[6.256s] -- Loading isaac_ros_common extras (modules)
[6.385s] -- Found rosidl_generator_c: 3.1.4 (/opt/ros/humble/install/share/rosidl_generator_c/cmake)
[6.402s] -- Found rosidl_adapter: 3.1.4 (/opt/ros/humble/install/share/rosidl_adapter/cmake)
[6.430s] -- Found rosidl_generator_cpp: 3.1.4 (/opt/ros/humble/install/share/rosidl_generator_cpp/cmake)
[6.476s] -- Using all available rosidl_typesupport_c: rosidl_typesupport_fastrtps_c;rosidl_typesupport_introspection_c
[6.576s] -- Using all available rosidl_typesupport_cpp: rosidl_typesupport_fastrtps_cpp;rosidl_typesupport_introspection_cpp
[6.892s] -- Found rmw_implementation_cmake: 6.1.1 (/opt/ros/humble/install/share/rmw_implementation_cmake/cmake)
[6.902s] -- Found rmw_fastrtps_cpp: 6.2.2 (/opt/ros/humble/install/share/rmw_fastrtps_cpp/cmake)
[7.499s] -- Found OpenSSL: /usr/lib/aarch64-linux-gnu/libcrypto.so (found version "1.1.1f")  
[7.634s] -- Found FastRTPS: /opt/ros/humble/install/include  
[7.921s] -- Using RMW implementation 'rmw_fastrtps_cpp' as default
[9.387s] -- Loading isaac_ros_gxf extras
[9.423s] -- Found atlas lib=/workspaces/isaac_ros-dev/install/isaac_ros_gxf/share/isaac_ros_gxf/gxf/lib/libgxf_atlas.so, include=/workspaces/isaac_ros-dev/install/isaac_ros_gxf/share/isaac_ros_gxf/gxf/include/gxf
[9.430s] -- Found cuda lib=/workspaces/isaac_ros-dev/install/isaac_ros_gxf/share/isaac_ros_gxf/gxf/lib/cuda/libgxf_cuda.so, include=/workspaces/isaac_ros-dev/install/isaac_ros_gxf/share/isaac_ros_gxf/gxf/include/gxf
[9.438s] -- Found isaac_messages lib=/workspaces/isaac_ros-dev/install/isaac_ros_gxf/share/isaac_ros_gxf/gxf/lib/libgxf_isaac_messages.so, include=/workspaces/isaac_ros-dev/install/isaac_ros_gxf/share/isaac_ros_gxf/gxf/include/gxf
[9.445s] -- Found isaac_ros_messages lib=/workspaces/isaac_ros-dev/install/isaac_ros_gxf/share/isaac_ros_gxf/gxf/lib/libgxf_isaac_ros_messages.so, include=/workspaces/isaac_ros-dev/install/isaac_ros_gxf/share/isaac_ros_gxf/gxf/include/gxf
[9.452s] -- Found multimedia lib=/workspaces/isaac_ros-dev/install/isaac_ros_gxf/share/isaac_ros_gxf/gxf/lib/multimedia/libgxf_multimedia.so, include=/workspaces/isaac_ros-dev/install/isaac_ros_gxf/share/isaac_ros_gxf/gxf/include/gxf
[9.463s] -- Found gxf_optimizer lib=/workspaces/isaac_ros-dev/install/isaac_ros_gxf/share/isaac_ros_gxf/gxf/lib/libgxf_optimizer.so, include=/workspaces/isaac_ros-dev/install/isaac_ros_gxf/share/isaac_ros_gxf/gxf/include/gxf
[9.470s] -- Found serialization lib=/workspaces/isaac_ros-dev/install/isaac_ros_gxf/share/isaac_ros_gxf/gxf/lib/serialization/libgxf_serialization.so, include=/workspaces/isaac_ros-dev/install/isaac_ros_gxf/share/isaac_ros_gxf/gxf/include/gxf
[9.478s] -- Found std lib=/workspaces/isaac_ros-dev/install/isaac_ros_gxf/share/isaac_ros_gxf/gxf/lib/std/libgxf_std.so, include=/workspaces/isaac_ros-dev/install/isaac_ros_gxf/share/isaac_ros_gxf/gxf/include/gxf
[9.485s] -- Found core lib=/workspaces/isaac_ros-dev/install/isaac_ros_gxf/share/isaac_ros_gxf/gxf/lib/core/libgxf_core.so, include=/workspaces/isaac_ros-dev/install/isaac_ros_gxf/share/isaac_ros_gxf/gxf/include/gxf
[9.491s] -- Found GXF:  (found suitable version "2.5.0", minimum required is "2.5.0") found components: core isaac_messages 
[14.016s] -- Performing Test FLAG_WEXTRA
[14.478s] -- Performing Test FLAG_WEXTRA - Success
[15.065s] -- Found ament_lint_auto: 0.12.5 (/opt/ros/humble/install/share/ament_lint_auto/cmake)
[15.205s] -- Found launch_testing_ament_cmake: 1.0.4 (/opt/ros/humble/install/share/launch_testing_ament_cmake/cmake)
[15.212s] -- Found python_cmake_module: 0.10.0 (/opt/ros/humble/install/share/python_cmake_module/cmake)
[15.293s] -- Found PythonInterp: /usr/bin/python3 (found suitable version "3.8.10", minimum required is "3.6") 
[15.309s] -- Found PythonLibs: /usr/lib/aarch64-linux-gnu/libpython3.8.so (found suitable version "3.8.10", minimum required is "3.5") 
[15.310s] -- Using PYTHON_EXECUTABLE: /usr/bin/python3
[15.311s] -- Using PYTHON_INCLUDE_DIRS: /usr/include/python3.8
[15.311s] -- Using PYTHON_LIBRARIES: /usr/lib/aarch64-linux-gnu/libpython3.8.so
[15.396s] -- Found PythonExtra: .so  
[15.452s] -- Added test 'cppcheck' to perform static code analysis on C / C++ code
[15.454s] -- Configured cppcheck include dirs: /workspaces/isaac_ros-dev/src/isaac_ros_nitros/isaac_ros_nitros_type/isaac_ros_nitros_imu_type/include
[15.454s] -- Configured cppcheck exclude dirs and/or files: 
[15.460s] -- Added test 'cpplint' to check C / C++ code against the Google style
[15.461s] -- Configured cpplint exclude dirs and/or files: 
[15.464s] -- Added test 'flake8' to check Python code syntax and style conventions
[15.468s] -- Added test 'lint_cmake' to check CMake code style
[15.471s] -- Added test 'pep257' to check Python code against some of the docstring style conventions in PEP 257
[15.478s] -- Added test 'uncrustify' to check C / C++ code style
[15.478s] -- Configured uncrustify additional arguments: 
[15.482s] -- Added test 'xmllint' to check XML markup files
[15.527s] -- Configuring done
[15.829s] -- Generating done
[15.858s] -- Build files have been written to: /workspaces/isaac_ros-dev/build/isaac_ros_nitros_imu_type
[15.906s] Invoked command in '/workspaces/isaac_ros-dev/build/isaac_ros_nitros_imu_type' returned '0': AMENT_PREFIX_PATH=/workspaces/isaac_ros-dev/install/isaac_ros_nitros:/workspaces/isaac_ros-dev/install/isaac_ros_nitros_interfaces:/workspaces/isaac_ros-dev/install/isaac_ros_gxf:/workspaces/isaac_ros-dev/install/isaac_ros_test:/workspaces/isaac_ros-dev/install/isaac_ros_common:${AMENT_PREFIX_PATH} CMAKE_PREFIX_PATH=/workspaces/isaac_ros-dev/install/isaac_ros_nitros:/workspaces/isaac_ros-dev/install/isaac_ros_nitros_interfaces:/workspaces/isaac_ros-dev/install/isaac_ros_gxf:/workspaces/isaac_ros-dev/install/isaac_ros_common:${CMAKE_PREFIX_PATH} LD_LIBRARY_PATH=/workspaces/isaac_ros-dev/install/isaac_ros_nitros/lib:/workspaces/isaac_ros-dev/install/isaac_ros_nitros_interfaces/lib:/workspaces/isaac_ros-dev/install/isaac_ros_common/lib:/opt/ros/humble/install/opt/rviz_ogre_vendor/lib:/opt/ros/humble/install/lib:/usr/lib/aarch64-linux-gnu/tegra/weston:/usr/lib/aarch64-linux-gnu/tegra-egl:/usr/local/cuda-11.4/targets/aarch64-linux/lib:/usr/lib/aarch64-linux-gnu/tegra:/opt/nvidia/vpi2/lib64:/usr/lib/aarch64-linux-gnu-host:/opt/tritonserver/lib PYTHONPATH=/workspaces/isaac_ros-dev/install/isaac_ros_nitros_interfaces/lib/python3.8/site-packages:/workspaces/isaac_ros-dev/build/isaac_ros_test:/workspaces/isaac_ros-dev/install/isaac_ros_test/lib/python3.8/site-packages:${PYTHONPATH} /usr/bin/cmake /workspaces/isaac_ros-dev/src/isaac_ros_nitros/isaac_ros_nitros_type/isaac_ros_nitros_imu_type -DAMENT_CMAKE_SYMLINK_INSTALL=1 -DCMAKE_INSTALL_PREFIX=/workspaces/isaac_ros-dev/install/isaac_ros_nitros_imu_type
[15.911s] Invoking command in '/workspaces/isaac_ros-dev/build/isaac_ros_nitros_imu_type': AMENT_PREFIX_PATH=/workspaces/isaac_ros-dev/install/isaac_ros_nitros:/workspaces/isaac_ros-dev/install/isaac_ros_nitros_interfaces:/workspaces/isaac_ros-dev/install/isaac_ros_gxf:/workspaces/isaac_ros-dev/install/isaac_ros_test:/workspaces/isaac_ros-dev/install/isaac_ros_common:${AMENT_PREFIX_PATH} CMAKE_PREFIX_PATH=/workspaces/isaac_ros-dev/install/isaac_ros_nitros:/workspaces/isaac_ros-dev/install/isaac_ros_nitros_interfaces:/workspaces/isaac_ros-dev/install/isaac_ros_gxf:/workspaces/isaac_ros-dev/install/isaac_ros_common:${CMAKE_PREFIX_PATH} LD_LIBRARY_PATH=/workspaces/isaac_ros-dev/install/isaac_ros_nitros/lib:/workspaces/isaac_ros-dev/install/isaac_ros_nitros_interfaces/lib:/workspaces/isaac_ros-dev/install/isaac_ros_common/lib:/opt/ros/humble/install/opt/rviz_ogre_vendor/lib:/opt/ros/humble/install/lib:/usr/lib/aarch64-linux-gnu/tegra/weston:/usr/lib/aarch64-linux-gnu/tegra-egl:/usr/local/cuda-11.4/targets/aarch64-linux/lib:/usr/lib/aarch64-linux-gnu/tegra:/opt/nvidia/vpi2/lib64:/usr/lib/aarch64-linux-gnu-host:/opt/tritonserver/lib PYTHONPATH=/workspaces/isaac_ros-dev/install/isaac_ros_nitros_interfaces/lib/python3.8/site-packages:/workspaces/isaac_ros-dev/build/isaac_ros_test:/workspaces/isaac_ros-dev/install/isaac_ros_test/lib/python3.8/site-packages:${PYTHONPATH} /usr/bin/cmake --build /workspaces/isaac_ros-dev/build/isaac_ros_nitros_imu_type -- -j4 -l4
[16.109s] [  2%] [32mBuilding CXX object _deps/yaml-cpp-build/CMakeFiles/yaml-cpp.dir/src/binary.cpp.o[0m
[17.221s] [  5%] [32mBuilding CXX object _deps/yaml-cpp-build/CMakeFiles/yaml-cpp.dir/src/emit.cpp.o[0m
[19.423s] [  8%] [32mBuilding CXX object _deps/yaml-cpp-build/CMakeFiles/yaml-cpp.dir/src/emitfromevents.cpp.o[0m
[21.869s] [ 11%] [32mBuilding CXX object _deps/yaml-cpp-build/CMakeFiles/yaml-cpp.dir/src/emitter.cpp.o[0m
[25.357s] [ 14%] [32mBuilding CXX object _deps/yaml-cpp-build/CMakeFiles/yaml-cpp.dir/src/emitterstate.cpp.o[0m
[28.529s] [ 17%] [32mBuilding CXX object _deps/yaml-cpp-build/CMakeFiles/yaml-cpp.dir/src/emitterutils.cpp.o[0m
[39.069s] [ 20%] [32mBuilding CXX object _deps/yaml-cpp-build/CMakeFiles/yaml-cpp.dir/src/exceptions.cpp.o[0m
[40.385s] [ 22%] [32mBuilding CXX object _deps/yaml-cpp-build/CMakeFiles/yaml-cpp.dir/src/exp.cpp.o[0m
[42.429s] [ 25%] [32mBuilding CXX object _deps/yaml-cpp-build/CMakeFiles/yaml-cpp.dir/src/memory.cpp.o[0m
[44.863s] [ 28%] [32mBuilding CXX object _deps/yaml-cpp-build/CMakeFiles/yaml-cpp.dir/src/node.cpp.o[0m
[46.069s] [ 31%] [32mBuilding CXX object _deps/yaml-cpp-build/CMakeFiles/yaml-cpp.dir/src/node_data.cpp.o[0m
[49.277s] [ 34%] [32mBuilding CXX object _deps/yaml-cpp-build/CMakeFiles/yaml-cpp.dir/src/nodebuilder.cpp.o[0m
[52.458s] [ 37%] [32mBuilding CXX object _deps/yaml-cpp-build/CMakeFiles/yaml-cpp.dir/src/nodeevents.cpp.o[0m
[55.273s] [ 40%] [32mBuilding CXX object _deps/yaml-cpp-build/CMakeFiles/yaml-cpp.dir/src/null.cpp.o[0m
[56.083s] [ 42%] [32mBuilding CXX object _deps/yaml-cpp-build/CMakeFiles/yaml-cpp.dir/src/ostream_wrapper.cpp.o[0m
[57.444s] [ 45%] [32mBuilding CXX object _deps/yaml-cpp-build/CMakeFiles/yaml-cpp.dir/src/parse.cpp.o[0m
[60.706s] [ 48%] [32mBuilding CXX object _deps/yaml-cpp-build/CMakeFiles/yaml-cpp.dir/src/parser.cpp.o[0m
[63.909s] [ 51%] [32mBuilding CXX object _deps/yaml-cpp-build/CMakeFiles/yaml-cpp.dir/src/regex_yaml.cpp.o[0m
[65.857s] [ 54%] [32mBuilding CXX object _deps/yaml-cpp-build/CMakeFiles/yaml-cpp.dir/src/scanner.cpp.o[0m
[71.024s] [ 57%] [32mBuilding CXX object _deps/yaml-cpp-build/CMakeFiles/yaml-cpp.dir/src/scanscalar.cpp.o[0m
[74.789s] [ 60%] [32mBuilding CXX object _deps/yaml-cpp-build/CMakeFiles/yaml-cpp.dir/src/scantag.cpp.o[0m
[77.673s] [ 62%] [32mBuilding CXX object _deps/yaml-cpp-build/CMakeFiles/yaml-cpp.dir/src/scantoken.cpp.o[0m
[84.524s] [ 65%] [32mBuilding CXX object _deps/yaml-cpp-build/CMakeFiles/yaml-cpp.dir/src/simplekey.cpp.o[0m
[86.264s] [ 68%] [32mBuilding CXX object _deps/yaml-cpp-build/CMakeFiles/yaml-cpp.dir/src/singledocparser.cpp.o[0m
[89.436s] [ 71%] [32mBuilding CXX object _deps/yaml-cpp-build/CMakeFiles/yaml-cpp.dir/src/stream.cpp.o[0m
[90.922s] [ 74%] [32mBuilding CXX object _deps/yaml-cpp-build/CMakeFiles/yaml-cpp.dir/src/tag.cpp.o[0m
[92.134s] [ 77%] [32mBuilding CXX object _deps/yaml-cpp-build/CMakeFiles/yaml-cpp.dir/src/contrib/graphbuilder.cpp.o[0m
[93.337s] [ 80%] [32mBuilding CXX object _deps/yaml-cpp-build/CMakeFiles/yaml-cpp.dir/src/contrib/graphbuilderadapter.cpp.o[0m
[94.587s] [ 82%] [32mBuilding CXX object _deps/yaml-cpp-build/CMakeFiles/yaml-cpp.dir/src/directives.cpp.o[0m
[95.376s] [ 85%] [32mBuilding CXX object _deps/yaml-cpp-build/CMakeFiles/yaml-cpp.dir/src/convert.cpp.o[0m
[97.617s] [ 88%] [32m[1mLinking CXX static library libyaml-cpp.a[0m
[97.763s] [ 88%] Built target yaml-cpp
[97.801s] [ 91%] [32mBuilding CXX object CMakeFiles/isaac_ros_nitros_imu_type.dir/src/nitros_imu.cpp.o[0m
[132.092s] [ 94%] [32m[1mLinking CXX shared library libisaac_ros_nitros_imu_type.so[0m
[132.762s] [ 94%] Built target isaac_ros_nitros_imu_type
[132.802s] [ 97%] [32mBuilding CXX object CMakeFiles/isaac_ros_nitros_imu_forward_node.dir/test/src/nitros_imu_forward_node.cpp.o[0m
[190.639s] [100%] [32m[1mLinking CXX shared library libisaac_ros_nitros_imu_forward_node.so[0m
[191.683s] [100%] Built target isaac_ros_nitros_imu_forward_node
[191.704s] Invoked command in '/workspaces/isaac_ros-dev/build/isaac_ros_nitros_imu_type' returned '0': AMENT_PREFIX_PATH=/workspaces/isaac_ros-dev/install/isaac_ros_nitros:/workspaces/isaac_ros-dev/install/isaac_ros_nitros_interfaces:/workspaces/isaac_ros-dev/install/isaac_ros_gxf:/workspaces/isaac_ros-dev/install/isaac_ros_test:/workspaces/isaac_ros-dev/install/isaac_ros_common:${AMENT_PREFIX_PATH} CMAKE_PREFIX_PATH=/workspaces/isaac_ros-dev/install/isaac_ros_nitros:/workspaces/isaac_ros-dev/install/isaac_ros_nitros_interfaces:/workspaces/isaac_ros-dev/install/isaac_ros_gxf:/workspaces/isaac_ros-dev/install/isaac_ros_common:${CMAKE_PREFIX_PATH} LD_LIBRARY_PATH=/workspaces/isaac_ros-dev/install/isaac_ros_nitros/lib:/workspaces/isaac_ros-dev/install/isaac_ros_nitros_interfaces/lib:/workspaces/isaac_ros-dev/install/isaac_ros_common/lib:/opt/ros/humble/install/opt/rviz_ogre_vendor/lib:/opt/ros/humble/install/lib:/usr/lib/aarch64-linux-gnu/tegra/weston:/usr/lib/aarch64-linux-gnu/tegra-egl:/usr/local/cuda-11.4/targets/aarch64-linux/lib:/usr/lib/aarch64-linux-gnu/tegra:/opt/nvidia/vpi2/lib64:/usr/lib/aarch64-linux-gnu-host:/opt/tritonserver/lib PYTHONPATH=/workspaces/isaac_ros-dev/install/isaac_ros_nitros_interfaces/lib/python3.8/site-packages:/workspaces/isaac_ros-dev/build/isaac_ros_test:/workspaces/isaac_ros-dev/install/isaac_ros_test/lib/python3.8/site-packages:${PYTHONPATH} /usr/bin/cmake --build /workspaces/isaac_ros-dev/build/isaac_ros_nitros_imu_type -- -j4 -l4
[191.819s] Invoking command in '/workspaces/isaac_ros-dev/build/isaac_ros_nitros_imu_type': AMENT_PREFIX_PATH=/workspaces/isaac_ros-dev/install/isaac_ros_nitros:/workspaces/isaac_ros-dev/install/isaac_ros_nitros_interfaces:/workspaces/isaac_ros-dev/install/isaac_ros_gxf:/workspaces/isaac_ros-dev/install/isaac_ros_test:/workspaces/isaac_ros-dev/install/isaac_ros_common:${AMENT_PREFIX_PATH} CMAKE_PREFIX_PATH=/workspaces/isaac_ros-dev/install/isaac_ros_nitros:/workspaces/isaac_ros-dev/install/isaac_ros_nitros_interfaces:/workspaces/isaac_ros-dev/install/isaac_ros_gxf:/workspaces/isaac_ros-dev/install/isaac_ros_common:${CMAKE_PREFIX_PATH} LD_LIBRARY_PATH=/workspaces/isaac_ros-dev/install/isaac_ros_nitros/lib:/workspaces/isaac_ros-dev/install/isaac_ros_nitros_interfaces/lib:/workspaces/isaac_ros-dev/install/isaac_ros_common/lib:/opt/ros/humble/install/opt/rviz_ogre_vendor/lib:/opt/ros/humble/install/lib:/usr/lib/aarch64-linux-gnu/tegra/weston:/usr/lib/aarch64-linux-gnu/tegra-egl:/usr/local/cuda-11.4/targets/aarch64-linux/lib:/usr/lib/aarch64-linux-gnu/tegra:/opt/nvidia/vpi2/lib64:/usr/lib/aarch64-linux-gnu-host:/opt/tritonserver/lib PYTHONPATH=/workspaces/isaac_ros-dev/install/isaac_ros_nitros_interfaces/lib/python3.8/site-packages:/workspaces/isaac_ros-dev/build/isaac_ros_test:/workspaces/isaac_ros-dev/install/isaac_ros_test/lib/python3.8/site-packages:${PYTHONPATH} /usr/bin/cmake --install /workspaces/isaac_ros-dev/build/isaac_ros_nitros_imu_type
[191.838s] -- Install configuration: "Release"
[191.839s] -- Execute custom install script
[191.840s] -- Symlinking: /workspaces/isaac_ros-dev/install/isaac_ros_nitros_imu_type/lib/pkgconfig/yaml-cpp.pc
[191.852s] -- Symlinking: /workspaces/isaac_ros-dev/install/isaac_ros_nitros_imu_type/share/isaac_ros_nitros_imu_type/test/config/test_forward_node.yaml
[191.867s] -- Symlinking: /workspaces/isaac_ros-dev/install/isaac_ros_nitros_imu_type/include/isaac_ros_nitros_imu_type/nitros_imu.hpp
[191.878s] -- Symlinking: /workspaces/isaac_ros-dev/install/isaac_ros_nitros_imu_type/share/isaac_ros_nitros_imu_type/environment/library_path.sh
[191.888s] -- Symlinking: /workspaces/isaac_ros-dev/install/isaac_ros_nitros_imu_type/share/isaac_ros_nitros_imu_type/environment/library_path.dsv
[191.899s] -- Symlinking: /workspaces/isaac_ros-dev/install/isaac_ros_nitros_imu_type/lib/libisaac_ros_nitros_imu_type.so
[191.910s] -- Symlinking: /workspaces/isaac_ros-dev/install/isaac_ros_nitros_imu_type/lib/libisaac_ros_nitros_imu_forward_node.so
[191.922s] -- Symlinking: /workspaces/isaac_ros-dev/install/isaac_ros_nitros_imu_type/share/ament_index/resource_index/package_run_dependencies/isaac_ros_nitros_imu_type
[191.933s] -- Symlinking: /workspaces/isaac_ros-dev/install/isaac_ros_nitros_imu_type/share/ament_index/resource_index/parent_prefix_path/isaac_ros_nitros_imu_type
[191.943s] -- Symlinking: /workspaces/isaac_ros-dev/install/isaac_ros_nitros_imu_type/share/isaac_ros_nitros_imu_type/environment/ament_prefix_path.sh
[191.954s] -- Symlinking: /workspaces/isaac_ros-dev/install/isaac_ros_nitros_imu_type/share/isaac_ros_nitros_imu_type/environment/ament_prefix_path.dsv
[191.965s] -- Symlinking: /workspaces/isaac_ros-dev/install/isaac_ros_nitros_imu_type/share/isaac_ros_nitros_imu_type/environment/path.sh
[191.976s] -- Symlinking: /workspaces/isaac_ros-dev/install/isaac_ros_nitros_imu_type/share/isaac_ros_nitros_imu_type/environment/path.dsv
[191.987s] -- Symlinking: /workspaces/isaac_ros-dev/install/isaac_ros_nitros_imu_type/share/isaac_ros_nitros_imu_type/local_setup.bash
[191.998s] -- Symlinking: /workspaces/isaac_ros-dev/install/isaac_ros_nitros_imu_type/share/isaac_ros_nitros_imu_type/local_setup.sh
[192.009s] -- Symlinking: /workspaces/isaac_ros-dev/install/isaac_ros_nitros_imu_type/share/isaac_ros_nitros_imu_type/local_setup.zsh
[192.020s] -- Symlinking: /workspaces/isaac_ros-dev/install/isaac_ros_nitros_imu_type/share/isaac_ros_nitros_imu_type/local_setup.dsv
[192.031s] -- Symlinking: /workspaces/isaac_ros-dev/install/isaac_ros_nitros_imu_type/share/isaac_ros_nitros_imu_type/package.dsv
[192.042s] -- Symlinking: /workspaces/isaac_ros-dev/install/isaac_ros_nitros_imu_type/share/ament_index/resource_index/packages/isaac_ros_nitros_imu_type
[192.053s] -- Symlinking: /workspaces/isaac_ros-dev/install/isaac_ros_nitros_imu_type/share/ament_index/resource_index/rclcpp_components/isaac_ros_nitros_imu_type
[192.064s] -- Symlinking: /workspaces/isaac_ros-dev/install/isaac_ros_nitros_imu_type/share/isaac_ros_nitros_imu_type/cmake/ament_cmake_export_dependencies-extras.cmake
[192.074s] -- Symlinking: /workspaces/isaac_ros-dev/install/isaac_ros_nitros_imu_type/share/isaac_ros_nitros_imu_type/cmake/ament_cmake_export_include_directories-extras.cmake
[192.086s] -- Symlinking: /workspaces/isaac_ros-dev/install/isaac_ros_nitros_imu_type/share/isaac_ros_nitros_imu_type/cmake/ament_cmake_export_libraries-extras.cmake
[192.097s] -- Symlinking: /workspaces/isaac_ros-dev/install/isaac_ros_nitros_imu_type/share/isaac_ros_nitros_imu_type/cmake/isaac_ros_nitros_imu_typeConfig.cmake
[192.108s] -- Symlinking: /workspaces/isaac_ros-dev/install/isaac_ros_nitros_imu_type/share/isaac_ros_nitros_imu_type/cmake/isaac_ros_nitros_imu_typeConfig-version.cmake
[192.118s] -- Symlinking: /workspaces/isaac_ros-dev/install/isaac_ros_nitros_imu_type/share/isaac_ros_nitros_imu_type/package.xml
[192.129s] -- Installing: /workspaces/isaac_ros-dev/install/isaac_ros_nitros_imu_type/lib/libyaml-cpp.a
[192.132s] -- Installing: /workspaces/isaac_ros-dev/install/isaac_ros_nitros_imu_type/include/yaml-cpp
[192.133s] -- Installing: /workspaces/isaac_ros-dev/install/isaac_ros_nitros_imu_type/include/yaml-cpp/exceptions.h
[192.136s] -- Installing: /workspaces/isaac_ros-dev/install/isaac_ros_nitros_imu_type/include/yaml-cpp/ostream_wrapper.h
[192.139s] -- Installing: /workspaces/isaac_ros-dev/install/isaac_ros_nitros_imu_type/include/yaml-cpp/emitterstyle.h
[192.141s] -- Installing: /workspaces/isaac_ros-dev/install/isaac_ros_nitros_imu_type/include/yaml-cpp/yaml.h
[192.144s] -- Installing: /workspaces/isaac_ros-dev/install/isaac_ros_nitros_imu_type/include/yaml-cpp/binary.h
[192.146s] -- Installing: /workspaces/isaac_ros-dev/install/isaac_ros_nitros_imu_type/include/yaml-cpp/emitfromevents.h
[192.149s] -- Installing: /workspaces/isaac_ros-dev/install/isaac_ros_nitros_imu_type/include/yaml-cpp/dll.h
[192.152s] -- Installing: /workspaces/isaac_ros-dev/install/isaac_ros_nitros_imu_type/include/yaml-cpp/traits.h
[192.154s] -- Installing: /workspaces/isaac_ros-dev/install/isaac_ros_nitros_imu_type/include/yaml-cpp/contrib
[192.155s] -- Installing: /workspaces/isaac_ros-dev/install/isaac_ros_nitros_imu_type/include/yaml-cpp/contrib/anchordict.h
[192.158s] -- Installing: /workspaces/isaac_ros-dev/install/isaac_ros_nitros_imu_type/include/yaml-cpp/contrib/graphbuilder.h
[192.161s] -- Installing: /workspaces/isaac_ros-dev/install/isaac_ros_nitros_imu_type/include/yaml-cpp/emitter.h
[192.164s] -- Installing: /workspaces/isaac_ros-dev/install/isaac_ros_nitros_imu_type/include/yaml-cpp/stlemitter.h
[192.166s] -- Installing: /workspaces/isaac_ros-dev/install/isaac_ros_nitros_imu_type/include/yaml-cpp/eventhandler.h
[192.169s] -- Installing: /workspaces/isaac_ros-dev/install/isaac_ros_nitros_imu_type/include/yaml-cpp/emittermanip.h
[192.171s] -- Installing: /workspaces/isaac_ros-dev/install/isaac_ros_nitros_imu_type/include/yaml-cpp/anchor.h
[192.174s] -- Installing: /workspaces/isaac_ros-dev/install/isaac_ros_nitros_imu_type/include/yaml-cpp/parser.h
[192.176s] -- Installing: /workspaces/isaac_ros-dev/install/isaac_ros_nitros_imu_type/include/yaml-cpp/emitterdef.h
[192.179s] -- Installing: /workspaces/isaac_ros-dev/install/isaac_ros_nitros_imu_type/include/yaml-cpp/node
[192.180s] -- Installing: /workspaces/isaac_ros-dev/install/isaac_ros_nitros_imu_type/include/yaml-cpp/node/emit.h
[192.182s] -- Installing: /workspaces/isaac_ros-dev/install/isaac_ros_nitros_imu_type/include/yaml-cpp/node/impl.h
[192.185s] -- Installing: /workspaces/isaac_ros-dev/install/isaac_ros_nitros_imu_type/include/yaml-cpp/node/convert.h
[192.189s] -- Installing: /workspaces/isaac_ros-dev/install/isaac_ros_nitros_imu_type/include/yaml-cpp/node/iterator.h
[192.191s] -- Installing: /workspaces/isaac_ros-dev/install/isaac_ros_nitros_imu_type/include/yaml-cpp/node/parse.h
[192.194s] -- Installing: /workspaces/isaac_ros-dev/install/isaac_ros_nitros_imu_type/include/yaml-cpp/node/detail
[192.195s] -- Installing: /workspaces/isaac_ros-dev/install/isaac_ros_nitros_imu_type/include/yaml-cpp/node/detail/impl.h
[192.198s] -- Installing: /workspaces/isaac_ros-dev/install/isaac_ros_nitros_imu_type/include/yaml-cpp/node/detail/node_ref.h
[192.200s] -- Installing: /workspaces/isaac_ros-dev/install/isaac_ros_nitros_imu_type/include/yaml-cpp/node/detail/iterator.h
[192.204s] -- Installing: /workspaces/isaac_ros-dev/install/isaac_ros_nitros_imu_type/include/yaml-cpp/node/detail/node_iterator.h
[192.206s] -- Installing: /workspaces/isaac_ros-dev/install/isaac_ros_nitros_imu_type/include/yaml-cpp/node/detail/memory.h
[192.209s] -- Installing: /workspaces/isaac_ros-dev/install/isaac_ros_nitros_imu_type/include/yaml-cpp/node/detail/iterator_fwd.h
[192.212s] -- Installing: /workspaces/isaac_ros-dev/install/isaac_ros_nitros_imu_type/include/yaml-cpp/node/detail/node_data.h
[192.214s] -- Installing: /workspaces/isaac_ros-dev/install/isaac_ros_nitros_imu_type/include/yaml-cpp/node/detail/bool_type.h
[192.217s] -- Installing: /workspaces/isaac_ros-dev/install/isaac_ros_nitros_imu_type/include/yaml-cpp/node/detail/node.h
[192.220s] -- Installing: /workspaces/isaac_ros-dev/install/isaac_ros_nitros_imu_type/include/yaml-cpp/node/node.h
[192.223s] -- Installing: /workspaces/isaac_ros-dev/install/isaac_ros_nitros_imu_type/include/yaml-cpp/node/ptr.h
[192.225s] -- Installing: /workspaces/isaac_ros-dev/install/isaac_ros_nitros_imu_type/include/yaml-cpp/node/type.h
[192.228s] -- Installing: /workspaces/isaac_ros-dev/install/isaac_ros_nitros_imu_type/include/yaml-cpp/null.h
[192.230s] -- Installing: /workspaces/isaac_ros-dev/install/isaac_ros_nitros_imu_type/include/yaml-cpp/mark.h
[192.233s] -- Installing: /workspaces/isaac_ros-dev/install/isaac_ros_nitros_imu_type/lib/cmake/yaml-cpp/yaml-cpp-config.cmake
[192.234s] -- Installing: /workspaces/isaac_ros-dev/install/isaac_ros_nitros_imu_type/lib/cmake/yaml-cpp/yaml-cpp-config-version.cmake
[192.234s] -- Installing: /workspaces/isaac_ros-dev/install/isaac_ros_nitros_imu_type/lib/cmake/yaml-cpp/yaml-cpp-targets.cmake
[192.235s] -- Installing: /workspaces/isaac_ros-dev/install/isaac_ros_nitros_imu_type/lib/cmake/yaml-cpp/yaml-cpp-targets-release.cmake
[192.249s] Invoked command in '/workspaces/isaac_ros-dev/build/isaac_ros_nitros_imu_type' returned '0': AMENT_PREFIX_PATH=/workspaces/isaac_ros-dev/install/isaac_ros_nitros:/workspaces/isaac_ros-dev/install/isaac_ros_nitros_interfaces:/workspaces/isaac_ros-dev/install/isaac_ros_gxf:/workspaces/isaac_ros-dev/install/isaac_ros_test:/workspaces/isaac_ros-dev/install/isaac_ros_common:${AMENT_PREFIX_PATH} CMAKE_PREFIX_PATH=/workspaces/isaac_ros-dev/install/isaac_ros_nitros:/workspaces/isaac_ros-dev/install/isaac_ros_nitros_interfaces:/workspaces/isaac_ros-dev/install/isaac_ros_gxf:/workspaces/isaac_ros-dev/install/isaac_ros_common:${CMAKE_PREFIX_PATH} LD_LIBRARY_PATH=/workspaces/isaac_ros-dev/install/isaac_ros_nitros/lib:/workspaces/isaac_ros-dev/install/isaac_ros_nitros_interfaces/lib:/workspaces/isaac_ros-dev/install/isaac_ros_common/lib:/opt/ros/humble/install/opt/rviz_ogre_vendor/lib:/opt/ros/humble/install/lib:/usr/lib/aarch64-linux-gnu/tegra/weston:/usr/lib/aarch64-linux-gnu/tegra-egl:/usr/local/cuda-11.4/targets/aarch64-linux/lib:/usr/lib/aarch64-linux-gnu/tegra:/opt/nvidia/vpi2/lib64:/usr/lib/aarch64-linux-gnu-host:/opt/tritonserver/lib PYTHONPATH=/workspaces/isaac_ros-dev/install/isaac_ros_nitros_interfaces/lib/python3.8/site-packages:/workspaces/isaac_ros-dev/build/isaac_ros_test:/workspaces/isaac_ros-dev/install/isaac_ros_test/lib/python3.8/site-packages:${PYTHONPATH} /usr/bin/cmake --install /workspaces/isaac_ros-dev/build/isaac_ros_nitros_imu_type
