[0.106s] Invoking command in '/workspaces/isaac_ros-dev/build/isaac_ros_nitros_april_tag_detection_array_type': AMENT_PREFIX_PATH=/workspaces/isaac_ros-dev/install/isaac_ros_nitros:/workspaces/isaac_ros-dev/install/isaac_ros_nitros_interfaces:/workspaces/isaac_ros-dev/install/isaac_ros_gxf:/workspaces/isaac_ros-dev/install/isaac_ros_apriltag_interfaces:/workspaces/isaac_ros-dev/install/isaac_ros_test:/workspaces/isaac_ros-dev/install/isaac_ros_common:${AMENT_PREFIX_PATH} CMAKE_PREFIX_PATH=/workspaces/isaac_ros-dev/install/isaac_ros_nitros:/workspaces/isaac_ros-dev/install/isaac_ros_nitros_interfaces:/workspaces/isaac_ros-dev/install/isaac_ros_gxf:/workspaces/isaac_ros-dev/install/isaac_ros_apriltag_interfaces:/workspaces/isaac_ros-dev/install/isaac_ros_common:${CMAKE_PREFIX_PATH} LD_LIBRARY_PATH=/workspaces/isaac_ros-dev/install/isaac_ros_nitros/lib:/workspaces/isaac_ros-dev/install/isaac_ros_nitros_interfaces/lib:/workspaces/isaac_ros-dev/install/isaac_ros_apriltag_interfaces/lib:/workspaces/isaac_ros-dev/install/isaac_ros_common/lib:/opt/ros/humble/install/opt/rviz_ogre_vendor/lib:/opt/ros/humble/install/lib:/usr/lib/aarch64-linux-gnu/tegra/weston:/usr/lib/aarch64-linux-gnu/tegra-egl:/usr/local/cuda-11.4/targets/aarch64-linux/lib:/usr/lib/aarch64-linux-gnu/tegra:/opt/nvidia/vpi2/lib64:/usr/lib/aarch64-linux-gnu-host:/opt/tritonserver/lib PYTHONPATH=/workspaces/isaac_ros-dev/install/isaac_ros_nitros_interfaces/lib/python3.8/site-packages:/workspaces/isaac_ros-dev/install/isaac_ros_apriltag_interfaces/lib/python3.8/site-packages:/workspaces/isaac_ros-dev/build/isaac_ros_test:/workspaces/isaac_ros-dev/install/isaac_ros_test/lib/python3.8/site-packages:${PYTHONPATH} /usr/bin/cmake /workspaces/isaac_ros-dev/src/isaac_ros_nitros/isaac_ros_nitros_type/isaac_ros_nitros_april_tag_detection_array_type -DAMENT_CMAKE_SYMLINK_INSTALL=1 -DCMAKE_INSTALL_PREFIX=/workspaces/isaac_ros-dev/install/isaac_ros_nitros_april_tag_detection_array_type
[0.288s] -- The C compiler identification is GNU 9.4.0
[0.468s] -- The CXX compiler identification is GNU 9.4.0
[0.492s] -- Detecting C compiler ABI info
[0.762s] -- Detecting C compiler ABI info - done
[0.785s] -- Check for working C compiler: /usr/bin/cc - skipped
[0.787s] -- Detecting C compile features
[0.789s] -- Detecting C compile features - done
[0.801s] -- Detecting CXX compiler ABI info
[1.029s] -- Detecting CXX compiler ABI info - done
[1.050s] -- Check for working CXX compiler: /usr/bin/c++ - skipped
[1.052s] -- Detecting CXX compile features
[1.053s] -- Detecting CXX compile features - done
[1.061s] -- Found ament_cmake_auto: 1.3.3 (/opt/ros/humble/install/share/ament_cmake_auto/cmake)
[3.464s] -- Found Python3: /usr/bin/python3.8 (found version "3.8.10") found components: Interpreter 
[3.657s] -- Override CMake install command with custom implementation using symlinks instead of copying resources
[3.973s] -- Loading isaac_ros_common extras
[3.974s] -- CMAKE_BUILD_TYPE: Release
[4.022s] -- Looking for pthread.h
[4.215s] -- Looking for pthread.h - found
[4.217s] -- Performing Test CMAKE_HAVE_LIBC_PTHREAD
[4.400s] -- Performing Test CMAKE_HAVE_LIBC_PTHREAD - Failed
[4.402s] -- Looking for pthread_create in pthreads
[4.560s] -- Looking for pthread_create in pthreads - not found
[4.561s] -- Looking for pthread_create in pthread
[4.796s] -- Looking for pthread_create in pthread - found
[4.798s] -- Found Threads: TRUE  
[4.919s] -- Found CUDA: /usr/local/cuda (found version "11.4") 
[4.923s] -- Loading isaac_ros_common extras (modules)
[5.101s] -- Found rosidl_generator_c: 3.1.4 (/opt/ros/humble/install/share/rosidl_generator_c/cmake)
[5.142s] -- Found rosidl_adapter: 3.1.4 (/opt/ros/humble/install/share/rosidl_adapter/cmake)
[5.188s] -- Found rosidl_generator_cpp: 3.1.4 (/opt/ros/humble/install/share/rosidl_generator_cpp/cmake)
[5.238s] -- Using all available rosidl_typesupport_c: rosidl_typesupport_fastrtps_c;rosidl_typesupport_introspection_c
[5.306s] -- Using all available rosidl_typesupport_cpp: rosidl_typesupport_fastrtps_cpp;rosidl_typesupport_introspection_cpp
[5.532s] -- Found rmw_implementation_cmake: 6.1.1 (/opt/ros/humble/install/share/rmw_implementation_cmake/cmake)
[5.547s] -- Found rmw_fastrtps_cpp: 6.2.2 (/opt/ros/humble/install/share/rmw_fastrtps_cpp/cmake)
[6.001s] -- Found OpenSSL: /usr/lib/aarch64-linux-gnu/libcrypto.so (found version "1.1.1f")  
[6.110s] -- Found FastRTPS: /opt/ros/humble/install/include  
[6.327s] -- Using RMW implementation 'rmw_fastrtps_cpp' as default
[7.668s] -- Loading isaac_ros_gxf extras
[7.693s] -- Found atlas lib=/workspaces/isaac_ros-dev/install/isaac_ros_gxf/share/isaac_ros_gxf/gxf/lib/libgxf_atlas.so, include=/workspaces/isaac_ros-dev/install/isaac_ros_gxf/share/isaac_ros_gxf/gxf/include/gxf
[7.700s] -- Found cuda lib=/workspaces/isaac_ros-dev/install/isaac_ros_gxf/share/isaac_ros_gxf/gxf/lib/cuda/libgxf_cuda.so, include=/workspaces/isaac_ros-dev/install/isaac_ros_gxf/share/isaac_ros_gxf/gxf/include/gxf
[7.707s] -- Found isaac_messages lib=/workspaces/isaac_ros-dev/install/isaac_ros_gxf/share/isaac_ros_gxf/gxf/lib/libgxf_isaac_messages.so, include=/workspaces/isaac_ros-dev/install/isaac_ros_gxf/share/isaac_ros_gxf/gxf/include/gxf
[7.714s] -- Found isaac_ros_messages lib=/workspaces/isaac_ros-dev/install/isaac_ros_gxf/share/isaac_ros_gxf/gxf/lib/libgxf_isaac_ros_messages.so, include=/workspaces/isaac_ros-dev/install/isaac_ros_gxf/share/isaac_ros_gxf/gxf/include/gxf
[7.720s] -- Found multimedia lib=/workspaces/isaac_ros-dev/install/isaac_ros_gxf/share/isaac_ros_gxf/gxf/lib/multimedia/libgxf_multimedia.so, include=/workspaces/isaac_ros-dev/install/isaac_ros_gxf/share/isaac_ros_gxf/gxf/include/gxf
[7.733s] -- Found gxf_optimizer lib=/workspaces/isaac_ros-dev/install/isaac_ros_gxf/share/isaac_ros_gxf/gxf/lib/libgxf_optimizer.so, include=/workspaces/isaac_ros-dev/install/isaac_ros_gxf/share/isaac_ros_gxf/gxf/include/gxf
[7.740s] -- Found serialization lib=/workspaces/isaac_ros-dev/install/isaac_ros_gxf/share/isaac_ros_gxf/gxf/lib/serialization/libgxf_serialization.so, include=/workspaces/isaac_ros-dev/install/isaac_ros_gxf/share/isaac_ros_gxf/gxf/include/gxf
[7.747s] -- Found std lib=/workspaces/isaac_ros-dev/install/isaac_ros_gxf/share/isaac_ros_gxf/gxf/lib/std/libgxf_std.so, include=/workspaces/isaac_ros-dev/install/isaac_ros_gxf/share/isaac_ros_gxf/gxf/include/gxf
[7.755s] -- Found core lib=/workspaces/isaac_ros-dev/install/isaac_ros_gxf/share/isaac_ros_gxf/gxf/lib/core/libgxf_core.so, include=/workspaces/isaac_ros-dev/install/isaac_ros_gxf/share/isaac_ros_gxf/gxf/include/gxf
[7.760s] -- Found GXF:  (found suitable version "2.5.0", minimum required is "2.5.0") found components: core isaac_messages multimedia 
[10.696s] -- Performing Test FLAG_WEXTRA
[10.969s] -- Performing Test FLAG_WEXTRA - Success
[11.573s] -- Found ament_lint_auto: 0.12.5 (/opt/ros/humble/install/share/ament_lint_auto/cmake)
[11.677s] -- Found launch_testing_ament_cmake: 1.0.4 (/opt/ros/humble/install/share/launch_testing_ament_cmake/cmake)
[11.683s] -- Found python_cmake_module: 0.10.0 (/opt/ros/humble/install/share/python_cmake_module/cmake)
[11.768s] -- Found PythonInterp: /usr/bin/python3 (found suitable version "3.8.10", minimum required is "3.6") 
[11.783s] -- Found PythonLibs: /usr/lib/aarch64-linux-gnu/libpython3.8.so (found suitable version "3.8.10", minimum required is "3.5") 
[11.784s] -- Using PYTHON_EXECUTABLE: /usr/bin/python3
[11.785s] -- Using PYTHON_INCLUDE_DIRS: /usr/include/python3.8
[11.785s] -- Using PYTHON_LIBRARIES: /usr/lib/aarch64-linux-gnu/libpython3.8.so
[11.866s] -- Found PythonExtra: .so  
[11.896s] -- Added test 'cppcheck' to perform static code analysis on C / C++ code
[11.898s] -- Configured cppcheck include dirs: /workspaces/isaac_ros-dev/src/isaac_ros_nitros/isaac_ros_nitros_type/isaac_ros_nitros_april_tag_detection_array_type/include
[11.899s] -- Configured cppcheck exclude dirs and/or files: 
[11.906s] -- Added test 'cpplint' to check C / C++ code against the Google style
[11.907s] -- Configured cpplint exclude dirs and/or files: 
[11.910s] -- Added test 'flake8' to check Python code syntax and style conventions
[11.914s] -- Added test 'lint_cmake' to check CMake code style
[11.917s] -- Added test 'pep257' to check Python code against some of the docstring style conventions in PEP 257
[11.924s] -- Added test 'uncrustify' to check C / C++ code style
[11.925s] -- Configured uncrustify additional arguments: 
[11.928s] -- Added test 'xmllint' to check XML markup files
[11.969s] -- Configuring done
[12.399s] -- Generating done
[12.436s] -- Build files have been written to: /workspaces/isaac_ros-dev/build/isaac_ros_nitros_april_tag_detection_array_type
[12.493s] Invoked command in '/workspaces/isaac_ros-dev/build/isaac_ros_nitros_april_tag_detection_array_type' returned '0': AMENT_PREFIX_PATH=/workspaces/isaac_ros-dev/install/isaac_ros_nitros:/workspaces/isaac_ros-dev/install/isaac_ros_nitros_interfaces:/workspaces/isaac_ros-dev/install/isaac_ros_gxf:/workspaces/isaac_ros-dev/install/isaac_ros_apriltag_interfaces:/workspaces/isaac_ros-dev/install/isaac_ros_test:/workspaces/isaac_ros-dev/install/isaac_ros_common:${AMENT_PREFIX_PATH} CMAKE_PREFIX_PATH=/workspaces/isaac_ros-dev/install/isaac_ros_nitros:/workspaces/isaac_ros-dev/install/isaac_ros_nitros_interfaces:/workspaces/isaac_ros-dev/install/isaac_ros_gxf:/workspaces/isaac_ros-dev/install/isaac_ros_apriltag_interfaces:/workspaces/isaac_ros-dev/install/isaac_ros_common:${CMAKE_PREFIX_PATH} LD_LIBRARY_PATH=/workspaces/isaac_ros-dev/install/isaac_ros_nitros/lib:/workspaces/isaac_ros-dev/install/isaac_ros_nitros_interfaces/lib:/workspaces/isaac_ros-dev/install/isaac_ros_apriltag_interfaces/lib:/workspaces/isaac_ros-dev/install/isaac_ros_common/lib:/opt/ros/humble/install/opt/rviz_ogre_vendor/lib:/opt/ros/humble/install/lib:/usr/lib/aarch64-linux-gnu/tegra/weston:/usr/lib/aarch64-linux-gnu/tegra-egl:/usr/local/cuda-11.4/targets/aarch64-linux/lib:/usr/lib/aarch64-linux-gnu/tegra:/opt/nvidia/vpi2/lib64:/usr/lib/aarch64-linux-gnu-host:/opt/tritonserver/lib PYTHONPATH=/workspaces/isaac_ros-dev/install/isaac_ros_nitros_interfaces/lib/python3.8/site-packages:/workspaces/isaac_ros-dev/install/isaac_ros_apriltag_interfaces/lib/python3.8/site-packages:/workspaces/isaac_ros-dev/build/isaac_ros_test:/workspaces/isaac_ros-dev/install/isaac_ros_test/lib/python3.8/site-packages:${PYTHONPATH} /usr/bin/cmake /workspaces/isaac_ros-dev/src/isaac_ros_nitros/isaac_ros_nitros_type/isaac_ros_nitros_april_tag_detection_array_type -DAMENT_CMAKE_SYMLINK_INSTALL=1 -DCMAKE_INSTALL_PREFIX=/workspaces/isaac_ros-dev/install/isaac_ros_nitros_april_tag_detection_array_type
[12.495s] Invoking command in '/workspaces/isaac_ros-dev/build/isaac_ros_nitros_april_tag_detection_array_type': AMENT_PREFIX_PATH=/workspaces/isaac_ros-dev/install/isaac_ros_nitros:/workspaces/isaac_ros-dev/install/isaac_ros_nitros_interfaces:/workspaces/isaac_ros-dev/install/isaac_ros_gxf:/workspaces/isaac_ros-dev/install/isaac_ros_apriltag_interfaces:/workspaces/isaac_ros-dev/install/isaac_ros_test:/workspaces/isaac_ros-dev/install/isaac_ros_common:${AMENT_PREFIX_PATH} CMAKE_PREFIX_PATH=/workspaces/isaac_ros-dev/install/isaac_ros_nitros:/workspaces/isaac_ros-dev/install/isaac_ros_nitros_interfaces:/workspaces/isaac_ros-dev/install/isaac_ros_gxf:/workspaces/isaac_ros-dev/install/isaac_ros_apriltag_interfaces:/workspaces/isaac_ros-dev/install/isaac_ros_common:${CMAKE_PREFIX_PATH} LD_LIBRARY_PATH=/workspaces/isaac_ros-dev/install/isaac_ros_nitros/lib:/workspaces/isaac_ros-dev/install/isaac_ros_nitros_interfaces/lib:/workspaces/isaac_ros-dev/install/isaac_ros_apriltag_interfaces/lib:/workspaces/isaac_ros-dev/install/isaac_ros_common/lib:/opt/ros/humble/install/opt/rviz_ogre_vendor/lib:/opt/ros/humble/install/lib:/usr/lib/aarch64-linux-gnu/tegra/weston:/usr/lib/aarch64-linux-gnu/tegra-egl:/usr/local/cuda-11.4/targets/aarch64-linux/lib:/usr/lib/aarch64-linux-gnu/tegra:/opt/nvidia/vpi2/lib64:/usr/lib/aarch64-linux-gnu-host:/opt/tritonserver/lib PYTHONPATH=/workspaces/isaac_ros-dev/install/isaac_ros_nitros_interfaces/lib/python3.8/site-packages:/workspaces/isaac_ros-dev/install/isaac_ros_apriltag_interfaces/lib/python3.8/site-packages:/workspaces/isaac_ros-dev/build/isaac_ros_test:/workspaces/isaac_ros-dev/install/isaac_ros_test/lib/python3.8/site-packages:${PYTHONPATH} /usr/bin/cmake --build /workspaces/isaac_ros-dev/build/isaac_ros_nitros_april_tag_detection_array_type -- -j4 -l4
[12.607s] [  2%] [32mBuilding CXX object _deps/yaml-cpp-build/CMakeFiles/yaml-cpp.dir/src/binary.cpp.o[0m
[13.419s] [  5%] [32mBuilding CXX object _deps/yaml-cpp-build/CMakeFiles/yaml-cpp.dir/src/emit.cpp.o[0m
[15.007s] [  7%] [32mBuilding CXX object _deps/yaml-cpp-build/CMakeFiles/yaml-cpp.dir/src/emitfromevents.cpp.o[0m
[17.046s] [ 10%] [32mBuilding CXX object _deps/yaml-cpp-build/CMakeFiles/yaml-cpp.dir/src/emitter.cpp.o[0m
[19.768s] [ 13%] [32mBuilding CXX object _deps/yaml-cpp-build/CMakeFiles/yaml-cpp.dir/src/emitterstate.cpp.o[0m
[22.326s] [ 15%] [32mBuilding CXX object _deps/yaml-cpp-build/CMakeFiles/yaml-cpp.dir/src/emitterutils.cpp.o[0m
[30.934s] [ 18%] [32mBuilding CXX object _deps/yaml-cpp-build/CMakeFiles/yaml-cpp.dir/src/exceptions.cpp.o[0m
[31.991s] [ 21%] [32mBuilding CXX object _deps/yaml-cpp-build/CMakeFiles/yaml-cpp.dir/src/exp.cpp.o[0m
[33.628s] [ 23%] [32mBuilding CXX object _deps/yaml-cpp-build/CMakeFiles/yaml-cpp.dir/src/memory.cpp.o[0m
[35.535s] [ 26%] [32mBuilding CXX object _deps/yaml-cpp-build/CMakeFiles/yaml-cpp.dir/src/node.cpp.o[0m
[36.545s] [ 28%] [32mBuilding CXX object _deps/yaml-cpp-build/CMakeFiles/yaml-cpp.dir/src/node_data.cpp.o[0m
[39.113s] [ 31%] [32mBuilding CXX object _deps/yaml-cpp-build/CMakeFiles/yaml-cpp.dir/src/nodebuilder.cpp.o[0m
[41.623s] [ 34%] [32mBuilding CXX object _deps/yaml-cpp-build/CMakeFiles/yaml-cpp.dir/src/nodeevents.cpp.o[0m
[43.741s] [ 36%] [32mBuilding CXX object _deps/yaml-cpp-build/CMakeFiles/yaml-cpp.dir/src/null.cpp.o[0m
[44.254s] [ 39%] [32mBuilding CXX object _deps/yaml-cpp-build/CMakeFiles/yaml-cpp.dir/src/ostream_wrapper.cpp.o[0m
[45.382s] [ 42%] [32mBuilding CXX object _deps/yaml-cpp-build/CMakeFiles/yaml-cpp.dir/src/parse.cpp.o[0m
[47.941s] [ 44%] [32mBuilding CXX object _deps/yaml-cpp-build/CMakeFiles/yaml-cpp.dir/src/parser.cpp.o[0m
[50.354s] [ 47%] [32mBuilding CXX object _deps/yaml-cpp-build/CMakeFiles/yaml-cpp.dir/src/regex_yaml.cpp.o[0m
[51.775s] [ 50%] [32mBuilding CXX object _deps/yaml-cpp-build/CMakeFiles/yaml-cpp.dir/src/scanner.cpp.o[0m
[55.836s] [ 52%] [32mBuilding CXX object _deps/yaml-cpp-build/CMakeFiles/yaml-cpp.dir/src/scanscalar.cpp.o[0m
[58.630s] [ 55%] [32mBuilding CXX object _deps/yaml-cpp-build/CMakeFiles/yaml-cpp.dir/src/scantag.cpp.o[0m
[60.896s] [ 57%] [32mBuilding CXX object _deps/yaml-cpp-build/CMakeFiles/yaml-cpp.dir/src/scantoken.cpp.o[0m
[67.017s] [ 60%] [32mBuilding CXX object _deps/yaml-cpp-build/CMakeFiles/yaml-cpp.dir/src/simplekey.cpp.o[0m
[68.793s] [ 63%] [32mBuilding CXX object _deps/yaml-cpp-build/CMakeFiles/yaml-cpp.dir/src/singledocparser.cpp.o[0m
[71.967s] [ 65%] [32mBuilding CXX object _deps/yaml-cpp-build/CMakeFiles/yaml-cpp.dir/src/stream.cpp.o[0m
[73.426s] [ 68%] [32mBuilding CXX object _deps/yaml-cpp-build/CMakeFiles/yaml-cpp.dir/src/tag.cpp.o[0m
[74.634s] [ 71%] [32mBuilding CXX object _deps/yaml-cpp-build/CMakeFiles/yaml-cpp.dir/src/contrib/graphbuilder.cpp.o[0m
[75.829s] [ 73%] [32mBuilding CXX object _deps/yaml-cpp-build/CMakeFiles/yaml-cpp.dir/src/contrib/graphbuilderadapter.cpp.o[0m
[77.087s] [ 76%] [32mBuilding CXX object _deps/yaml-cpp-build/CMakeFiles/yaml-cpp.dir/src/directives.cpp.o[0m
[77.867s] [ 78%] [32mBuilding CXX object _deps/yaml-cpp-build/CMakeFiles/yaml-cpp.dir/src/convert.cpp.o[0m
[80.111s] [ 81%] [32m[1mLinking CXX static library libyaml-cpp.a[0m
[80.257s] [ 81%] Built target yaml-cpp
[80.299s] [ 84%] [32mBuilding CXX object CMakeFiles/isaac_ros_nitros_april_tag_detection_array_type.dir/src/nitros_april_tag_detection_array.cpp.o[0m
[115.868s] [ 86%] [32mBuilding CXX object CMakeFiles/isaac_ros_nitros_april_tag_detection_array_type.dir/src/fiducial_message.cpp.o[0m
[124.973s] [ 89%] [32m[1mLinking CXX shared library libisaac_ros_nitros_april_tag_detection_array_type.so[0m
[125.704s] [ 89%] Built target isaac_ros_nitros_april_tag_detection_array_type
[125.744s] [ 92%] [32mBuilding CXX object CMakeFiles/isaac_ros_nitros_april_tag_detection_array_forward_node.dir/test/src/nitros_april_tag_detection_array_forward_node.cpp.o[0m
[183.454s] [ 94%] [32m[1mLinking CXX shared library libisaac_ros_nitros_april_tag_detection_array_forward_node.so[0m
[184.540s] [ 94%] Built target isaac_ros_nitros_april_tag_detection_array_forward_node
[184.578s] [ 97%] [32mBuilding CXX object CMakeFiles/isaac_ros_nitros_april_tag_detection_array_test_ext.dir/test/src/fiducial_message_test_ext.cpp.o[0m
[189.762s] [100%] [32m[1mLinking CXX shared library libisaac_ros_nitros_april_tag_detection_array_test_ext.so[0m
[190.374s] [100%] Built target isaac_ros_nitros_april_tag_detection_array_test_ext
[190.414s] Invoked command in '/workspaces/isaac_ros-dev/build/isaac_ros_nitros_april_tag_detection_array_type' returned '0': AMENT_PREFIX_PATH=/workspaces/isaac_ros-dev/install/isaac_ros_nitros:/workspaces/isaac_ros-dev/install/isaac_ros_nitros_interfaces:/workspaces/isaac_ros-dev/install/isaac_ros_gxf:/workspaces/isaac_ros-dev/install/isaac_ros_apriltag_interfaces:/workspaces/isaac_ros-dev/install/isaac_ros_test:/workspaces/isaac_ros-dev/install/isaac_ros_common:${AMENT_PREFIX_PATH} CMAKE_PREFIX_PATH=/workspaces/isaac_ros-dev/install/isaac_ros_nitros:/workspaces/isaac_ros-dev/install/isaac_ros_nitros_interfaces:/workspaces/isaac_ros-dev/install/isaac_ros_gxf:/workspaces/isaac_ros-dev/install/isaac_ros_apriltag_interfaces:/workspaces/isaac_ros-dev/install/isaac_ros_common:${CMAKE_PREFIX_PATH} LD_LIBRARY_PATH=/workspaces/isaac_ros-dev/install/isaac_ros_nitros/lib:/workspaces/isaac_ros-dev/install/isaac_ros_nitros_interfaces/lib:/workspaces/isaac_ros-dev/install/isaac_ros_apriltag_interfaces/lib:/workspaces/isaac_ros-dev/install/isaac_ros_common/lib:/opt/ros/humble/install/opt/rviz_ogre_vendor/lib:/opt/ros/humble/install/lib:/usr/lib/aarch64-linux-gnu/tegra/weston:/usr/lib/aarch64-linux-gnu/tegra-egl:/usr/local/cuda-11.4/targets/aarch64-linux/lib:/usr/lib/aarch64-linux-gnu/tegra:/opt/nvidia/vpi2/lib64:/usr/lib/aarch64-linux-gnu-host:/opt/tritonserver/lib PYTHONPATH=/workspaces/isaac_ros-dev/install/isaac_ros_nitros_interfaces/lib/python3.8/site-packages:/workspaces/isaac_ros-dev/install/isaac_ros_apriltag_interfaces/lib/python3.8/site-packages:/workspaces/isaac_ros-dev/build/isaac_ros_test:/workspaces/isaac_ros-dev/install/isaac_ros_test/lib/python3.8/site-packages:${PYTHONPATH} /usr/bin/cmake --build /workspaces/isaac_ros-dev/build/isaac_ros_nitros_april_tag_detection_array_type -- -j4 -l4
[190.801s] Invoking command in '/workspaces/isaac_ros-dev/build/isaac_ros_nitros_april_tag_detection_array_type': AMENT_PREFIX_PATH=/workspaces/isaac_ros-dev/install/isaac_ros_nitros:/workspaces/isaac_ros-dev/install/isaac_ros_nitros_interfaces:/workspaces/isaac_ros-dev/install/isaac_ros_gxf:/workspaces/isaac_ros-dev/install/isaac_ros_apriltag_interfaces:/workspaces/isaac_ros-dev/install/isaac_ros_test:/workspaces/isaac_ros-dev/install/isaac_ros_common:${AMENT_PREFIX_PATH} CMAKE_PREFIX_PATH=/workspaces/isaac_ros-dev/install/isaac_ros_nitros:/workspaces/isaac_ros-dev/install/isaac_ros_nitros_interfaces:/workspaces/isaac_ros-dev/install/isaac_ros_gxf:/workspaces/isaac_ros-dev/install/isaac_ros_apriltag_interfaces:/workspaces/isaac_ros-dev/install/isaac_ros_common:${CMAKE_PREFIX_PATH} LD_LIBRARY_PATH=/workspaces/isaac_ros-dev/install/isaac_ros_nitros/lib:/workspaces/isaac_ros-dev/install/isaac_ros_nitros_interfaces/lib:/workspaces/isaac_ros-dev/install/isaac_ros_apriltag_interfaces/lib:/workspaces/isaac_ros-dev/install/isaac_ros_common/lib:/opt/ros/humble/install/opt/rviz_ogre_vendor/lib:/opt/ros/humble/install/lib:/usr/lib/aarch64-linux-gnu/tegra/weston:/usr/lib/aarch64-linux-gnu/tegra-egl:/usr/local/cuda-11.4/targets/aarch64-linux/lib:/usr/lib/aarch64-linux-gnu/tegra:/opt/nvidia/vpi2/lib64:/usr/lib/aarch64-linux-gnu-host:/opt/tritonserver/lib PYTHONPATH=/workspaces/isaac_ros-dev/install/isaac_ros_nitros_interfaces/lib/python3.8/site-packages:/workspaces/isaac_ros-dev/install/isaac_ros_apriltag_interfaces/lib/python3.8/site-packages:/workspaces/isaac_ros-dev/build/isaac_ros_test:/workspaces/isaac_ros-dev/install/isaac_ros_test/lib/python3.8/site-packages:${PYTHONPATH} /usr/bin/cmake --install /workspaces/isaac_ros-dev/build/isaac_ros_nitros_april_tag_detection_array_type
[190.837s] -- Install configuration: "Release"
[190.839s] -- Execute custom install script
[190.853s] -- Symlinking: /workspaces/isaac_ros-dev/install/isaac_ros_nitros_april_tag_detection_array_type/lib/pkgconfig/yaml-cpp.pc
[190.882s] -- Symlinking: /workspaces/isaac_ros-dev/install/isaac_ros_nitros_april_tag_detection_array_type/share/isaac_ros_nitros_april_tag_detection_array_type/gxf/lib/fiducial_message/libisaac_ros_nitros_april_tag_detection_array_type.so
[190.901s] -- Symlinking: /workspaces/isaac_ros-dev/install/isaac_ros_nitros_april_tag_detection_array_type/share/isaac_ros_nitros_april_tag_detection_array_type/test/config/test_forward_node.yaml
[190.936s] -- Symlinking: /workspaces/isaac_ros-dev/install/isaac_ros_nitros_april_tag_detection_array_type/share/isaac_ros_nitros_april_tag_detection_array_type/gxf/lib/fiducial_message/test/libisaac_ros_nitros_april_tag_detection_array_test_ext.so
[190.958s] -- Symlinking: /workspaces/isaac_ros-dev/install/isaac_ros_nitros_april_tag_detection_array_type/include/extensions/fiducials/gems/fiducial_info.hpp
[190.980s] -- Symlinking: /workspaces/isaac_ros-dev/install/isaac_ros_nitros_april_tag_detection_array_type/include/extensions/fiducials/messages/fiducial_message.hpp
[191.008s] -- Symlinking: /workspaces/isaac_ros-dev/install/isaac_ros_nitros_april_tag_detection_array_type/include/isaac_ros_nitros_april_tag_detection_array_type/nitros_april_tag_detection_array.hpp
[191.045s] -- Symlinking: /workspaces/isaac_ros-dev/install/isaac_ros_nitros_april_tag_detection_array_type/share/isaac_ros_nitros_april_tag_detection_array_type/environment/library_path.sh
[191.067s] -- Symlinking: /workspaces/isaac_ros-dev/install/isaac_ros_nitros_april_tag_detection_array_type/share/isaac_ros_nitros_april_tag_detection_array_type/environment/library_path.dsv
[191.091s] -- Symlinking: /workspaces/isaac_ros-dev/install/isaac_ros_nitros_april_tag_detection_array_type/lib/libisaac_ros_nitros_april_tag_detection_array_type.so
[191.107s] -- Symlinking: /workspaces/isaac_ros-dev/install/isaac_ros_nitros_april_tag_detection_array_type/lib/libisaac_ros_nitros_april_tag_detection_array_forward_node.so
[191.140s] -- Symlinking: /workspaces/isaac_ros-dev/install/isaac_ros_nitros_april_tag_detection_array_type/lib/libisaac_ros_nitros_april_tag_detection_array_test_ext.so
[191.166s] -- Symlinking: /workspaces/isaac_ros-dev/install/isaac_ros_nitros_april_tag_detection_array_type/share/ament_index/resource_index/package_run_dependencies/isaac_ros_nitros_april_tag_detection_array_type
[191.197s] -- Symlinking: /workspaces/isaac_ros-dev/install/isaac_ros_nitros_april_tag_detection_array_type/share/ament_index/resource_index/parent_prefix_path/isaac_ros_nitros_april_tag_detection_array_type
[191.234s] -- Symlinking: /workspaces/isaac_ros-dev/install/isaac_ros_nitros_april_tag_detection_array_type/share/isaac_ros_nitros_april_tag_detection_array_type/environment/ament_prefix_path.sh
[191.259s] -- Symlinking: /workspaces/isaac_ros-dev/install/isaac_ros_nitros_april_tag_detection_array_type/share/isaac_ros_nitros_april_tag_detection_array_type/environment/ament_prefix_path.dsv
[191.279s] -- Symlinking: /workspaces/isaac_ros-dev/install/isaac_ros_nitros_april_tag_detection_array_type/share/isaac_ros_nitros_april_tag_detection_array_type/environment/path.sh
[191.314s] -- Symlinking: /workspaces/isaac_ros-dev/install/isaac_ros_nitros_april_tag_detection_array_type/share/isaac_ros_nitros_april_tag_detection_array_type/environment/path.dsv
[191.354s] -- Symlinking: /workspaces/isaac_ros-dev/install/isaac_ros_nitros_april_tag_detection_array_type/share/isaac_ros_nitros_april_tag_detection_array_type/local_setup.bash
[191.385s] -- Symlinking: /workspaces/isaac_ros-dev/install/isaac_ros_nitros_april_tag_detection_array_type/share/isaac_ros_nitros_april_tag_detection_array_type/local_setup.sh
[191.427s] -- Symlinking: /workspaces/isaac_ros-dev/install/isaac_ros_nitros_april_tag_detection_array_type/share/isaac_ros_nitros_april_tag_detection_array_type/local_setup.zsh
[191.461s] -- Symlinking: /workspaces/isaac_ros-dev/install/isaac_ros_nitros_april_tag_detection_array_type/share/isaac_ros_nitros_april_tag_detection_array_type/local_setup.dsv
[191.501s] -- Symlinking: /workspaces/isaac_ros-dev/install/isaac_ros_nitros_april_tag_detection_array_type/share/isaac_ros_nitros_april_tag_detection_array_type/package.dsv
[191.530s] -- Symlinking: /workspaces/isaac_ros-dev/install/isaac_ros_nitros_april_tag_detection_array_type/share/ament_index/resource_index/packages/isaac_ros_nitros_april_tag_detection_array_type
[191.558s] -- Symlinking: /workspaces/isaac_ros-dev/install/isaac_ros_nitros_april_tag_detection_array_type/share/ament_index/resource_index/rclcpp_components/isaac_ros_nitros_april_tag_detection_array_type
[191.590s] -- Symlinking: /workspaces/isaac_ros-dev/install/isaac_ros_nitros_april_tag_detection_array_type/share/isaac_ros_nitros_april_tag_detection_array_type/cmake/ament_cmake_export_dependencies-extras.cmake
[191.622s] -- Symlinking: /workspaces/isaac_ros-dev/install/isaac_ros_nitros_april_tag_detection_array_type/share/isaac_ros_nitros_april_tag_detection_array_type/cmake/ament_cmake_export_include_directories-extras.cmake
[191.654s] -- Symlinking: /workspaces/isaac_ros-dev/install/isaac_ros_nitros_april_tag_detection_array_type/share/isaac_ros_nitros_april_tag_detection_array_type/cmake/ament_cmake_export_libraries-extras.cmake
[191.679s] -- Symlinking: /workspaces/isaac_ros-dev/install/isaac_ros_nitros_april_tag_detection_array_type/share/isaac_ros_nitros_april_tag_detection_array_type/cmake/isaac_ros_nitros_april_tag_detection_array_typeConfig.cmake
[191.690s] -- Symlinking: /workspaces/isaac_ros-dev/install/isaac_ros_nitros_april_tag_detection_array_type/share/isaac_ros_nitros_april_tag_detection_array_type/cmake/isaac_ros_nitros_april_tag_detection_array_typeConfig-version.cmake
[191.702s] -- Symlinking: /workspaces/isaac_ros-dev/install/isaac_ros_nitros_april_tag_detection_array_type/share/isaac_ros_nitros_april_tag_detection_array_type/package.xml
[191.714s] -- Installing: /workspaces/isaac_ros-dev/install/isaac_ros_nitros_april_tag_detection_array_type/lib/libyaml-cpp.a
[191.719s] -- Installing: /workspaces/isaac_ros-dev/install/isaac_ros_nitros_april_tag_detection_array_type/include/yaml-cpp
[191.721s] -- Installing: /workspaces/isaac_ros-dev/install/isaac_ros_nitros_april_tag_detection_array_type/include/yaml-cpp/exceptions.h
[191.722s] -- Installing: /workspaces/isaac_ros-dev/install/isaac_ros_nitros_april_tag_detection_array_type/include/yaml-cpp/ostream_wrapper.h
[191.723s] -- Installing: /workspaces/isaac_ros-dev/install/isaac_ros_nitros_april_tag_detection_array_type/include/yaml-cpp/emitterstyle.h
[191.724s] -- Installing: /workspaces/isaac_ros-dev/install/isaac_ros_nitros_april_tag_detection_array_type/include/yaml-cpp/yaml.h
[191.727s] -- Installing: /workspaces/isaac_ros-dev/install/isaac_ros_nitros_april_tag_detection_array_type/include/yaml-cpp/binary.h
[191.728s] -- Installing: /workspaces/isaac_ros-dev/install/isaac_ros_nitros_april_tag_detection_array_type/include/yaml-cpp/emitfromevents.h
[191.729s] -- Installing: /workspaces/isaac_ros-dev/install/isaac_ros_nitros_april_tag_detection_array_type/include/yaml-cpp/dll.h
[191.730s] -- Installing: /workspaces/isaac_ros-dev/install/isaac_ros_nitros_april_tag_detection_array_type/include/yaml-cpp/traits.h
[191.731s] -- Installing: /workspaces/isaac_ros-dev/install/isaac_ros_nitros_april_tag_detection_array_type/include/yaml-cpp/contrib
[191.732s] -- Installing: /workspaces/isaac_ros-dev/install/isaac_ros_nitros_april_tag_detection_array_type/include/yaml-cpp/contrib/anchordict.h
[191.733s] -- Installing: /workspaces/isaac_ros-dev/install/isaac_ros_nitros_april_tag_detection_array_type/include/yaml-cpp/contrib/graphbuilder.h
[191.734s] -- Installing: /workspaces/isaac_ros-dev/install/isaac_ros_nitros_april_tag_detection_array_type/include/yaml-cpp/emitter.h
[191.735s] -- Installing: /workspaces/isaac_ros-dev/install/isaac_ros_nitros_april_tag_detection_array_type/include/yaml-cpp/stlemitter.h
[191.736s] -- Installing: /workspaces/isaac_ros-dev/install/isaac_ros_nitros_april_tag_detection_array_type/include/yaml-cpp/eventhandler.h
[191.737s] -- Installing: /workspaces/isaac_ros-dev/install/isaac_ros_nitros_april_tag_detection_array_type/include/yaml-cpp/emittermanip.h
[191.738s] -- Installing: /workspaces/isaac_ros-dev/install/isaac_ros_nitros_april_tag_detection_array_type/include/yaml-cpp/anchor.h
[191.738s] -- Installing: /workspaces/isaac_ros-dev/install/isaac_ros_nitros_april_tag_detection_array_type/include/yaml-cpp/parser.h
[191.739s] -- Installing: /workspaces/isaac_ros-dev/install/isaac_ros_nitros_april_tag_detection_array_type/include/yaml-cpp/emitterdef.h
[191.740s] -- Installing: /workspaces/isaac_ros-dev/install/isaac_ros_nitros_april_tag_detection_array_type/include/yaml-cpp/node
[191.741s] -- Installing: /workspaces/isaac_ros-dev/install/isaac_ros_nitros_april_tag_detection_array_type/include/yaml-cpp/node/emit.h
[191.742s] -- Installing: /workspaces/isaac_ros-dev/install/isaac_ros_nitros_april_tag_detection_array_type/include/yaml-cpp/node/impl.h
[191.743s] -- Installing: /workspaces/isaac_ros-dev/install/isaac_ros_nitros_april_tag_detection_array_type/include/yaml-cpp/node/convert.h
[191.744s] -- Installing: /workspaces/isaac_ros-dev/install/isaac_ros_nitros_april_tag_detection_array_type/include/yaml-cpp/node/iterator.h
[191.745s] -- Installing: /workspaces/isaac_ros-dev/install/isaac_ros_nitros_april_tag_detection_array_type/include/yaml-cpp/node/parse.h
[191.746s] -- Installing: /workspaces/isaac_ros-dev/install/isaac_ros_nitros_april_tag_detection_array_type/include/yaml-cpp/node/detail
[191.747s] -- Installing: /workspaces/isaac_ros-dev/install/isaac_ros_nitros_april_tag_detection_array_type/include/yaml-cpp/node/detail/impl.h
[191.748s] -- Installing: /workspaces/isaac_ros-dev/install/isaac_ros_nitros_april_tag_detection_array_type/include/yaml-cpp/node/detail/node_ref.h
[191.748s] -- Installing: /workspaces/isaac_ros-dev/install/isaac_ros_nitros_april_tag_detection_array_type/include/yaml-cpp/node/detail/iterator.h
[191.749s] -- Installing: /workspaces/isaac_ros-dev/install/isaac_ros_nitros_april_tag_detection_array_type/include/yaml-cpp/node/detail/node_iterator.h
[191.750s] -- Installing: /workspaces/isaac_ros-dev/install/isaac_ros_nitros_april_tag_detection_array_type/include/yaml-cpp/node/detail/memory.h
[191.751s] -- Installing: /workspaces/isaac_ros-dev/install/isaac_ros_nitros_april_tag_detection_array_type/include/yaml-cpp/node/detail/iterator_fwd.h
[191.752s] -- Installing: /workspaces/isaac_ros-dev/install/isaac_ros_nitros_april_tag_detection_array_type/include/yaml-cpp/node/detail/node_data.h
[191.753s] -- Installing: /workspaces/isaac_ros-dev/install/isaac_ros_nitros_april_tag_detection_array_type/include/yaml-cpp/node/detail/bool_type.h
[191.754s] -- Installing: /workspaces/isaac_ros-dev/install/isaac_ros_nitros_april_tag_detection_array_type/include/yaml-cpp/node/detail/node.h
[191.755s] -- Installing: /workspaces/isaac_ros-dev/install/isaac_ros_nitros_april_tag_detection_array_type/include/yaml-cpp/node/node.h
[191.756s] -- Installing: /workspaces/isaac_ros-dev/install/isaac_ros_nitros_april_tag_detection_array_type/include/yaml-cpp/node/ptr.h
[191.757s] -- Installing: /workspaces/isaac_ros-dev/install/isaac_ros_nitros_april_tag_detection_array_type/include/yaml-cpp/node/type.h
[191.758s] -- Installing: /workspaces/isaac_ros-dev/install/isaac_ros_nitros_april_tag_detection_array_type/include/yaml-cpp/null.h
[191.759s] -- Installing: /workspaces/isaac_ros-dev/install/isaac_ros_nitros_april_tag_detection_array_type/include/yaml-cpp/mark.h
[191.760s] -- Installing: /workspaces/isaac_ros-dev/install/isaac_ros_nitros_april_tag_detection_array_type/lib/cmake/yaml-cpp/yaml-cpp-config.cmake
[191.761s] -- Installing: /workspaces/isaac_ros-dev/install/isaac_ros_nitros_april_tag_detection_array_type/lib/cmake/yaml-cpp/yaml-cpp-config-version.cmake
[191.763s] -- Installing: /workspaces/isaac_ros-dev/install/isaac_ros_nitros_april_tag_detection_array_type/lib/cmake/yaml-cpp/yaml-cpp-targets.cmake
[191.764s] -- Installing: /workspaces/isaac_ros-dev/install/isaac_ros_nitros_april_tag_detection_array_type/lib/cmake/yaml-cpp/yaml-cpp-targets-release.cmake
[191.777s] Invoked command in '/workspaces/isaac_ros-dev/build/isaac_ros_nitros_april_tag_detection_array_type' returned '0': AMENT_PREFIX_PATH=/workspaces/isaac_ros-dev/install/isaac_ros_nitros:/workspaces/isaac_ros-dev/install/isaac_ros_nitros_interfaces:/workspaces/isaac_ros-dev/install/isaac_ros_gxf:/workspaces/isaac_ros-dev/install/isaac_ros_apriltag_interfaces:/workspaces/isaac_ros-dev/install/isaac_ros_test:/workspaces/isaac_ros-dev/install/isaac_ros_common:${AMENT_PREFIX_PATH} CMAKE_PREFIX_PATH=/workspaces/isaac_ros-dev/install/isaac_ros_nitros:/workspaces/isaac_ros-dev/install/isaac_ros_nitros_interfaces:/workspaces/isaac_ros-dev/install/isaac_ros_gxf:/workspaces/isaac_ros-dev/install/isaac_ros_apriltag_interfaces:/workspaces/isaac_ros-dev/install/isaac_ros_common:${CMAKE_PREFIX_PATH} LD_LIBRARY_PATH=/workspaces/isaac_ros-dev/install/isaac_ros_nitros/lib:/workspaces/isaac_ros-dev/install/isaac_ros_nitros_interfaces/lib:/workspaces/isaac_ros-dev/install/isaac_ros_apriltag_interfaces/lib:/workspaces/isaac_ros-dev/install/isaac_ros_common/lib:/opt/ros/humble/install/opt/rviz_ogre_vendor/lib:/opt/ros/humble/install/lib:/usr/lib/aarch64-linux-gnu/tegra/weston:/usr/lib/aarch64-linux-gnu/tegra-egl:/usr/local/cuda-11.4/targets/aarch64-linux/lib:/usr/lib/aarch64-linux-gnu/tegra:/opt/nvidia/vpi2/lib64:/usr/lib/aarch64-linux-gnu-host:/opt/tritonserver/lib PYTHONPATH=/workspaces/isaac_ros-dev/install/isaac_ros_nitros_interfaces/lib/python3.8/site-packages:/workspaces/isaac_ros-dev/install/isaac_ros_apriltag_interfaces/lib/python3.8/site-packages:/workspaces/isaac_ros-dev/build/isaac_ros_test:/workspaces/isaac_ros-dev/install/isaac_ros_test/lib/python3.8/site-packages:${PYTHONPATH} /usr/bin/cmake --install /workspaces/isaac_ros-dev/build/isaac_ros_nitros_april_tag_detection_array_type
