[0.097s] Invoking command in '/workspaces/isaac_ros-dev/build/isaac_ros_nitros_disparity_image_type': AMENT_PREFIX_PATH=/workspaces/isaac_ros-dev/install/isaac_ros_nitros:/workspaces/isaac_ros-dev/install/isaac_ros_nitros_interfaces:/workspaces/isaac_ros-dev/install/isaac_ros_gxf:/workspaces/isaac_ros-dev/install/isaac_ros_test:/workspaces/isaac_ros-dev/install/isaac_ros_common:${AMENT_PREFIX_PATH} CMAKE_PREFIX_PATH=/workspaces/isaac_ros-dev/install/isaac_ros_nitros:/workspaces/isaac_ros-dev/install/isaac_ros_nitros_interfaces:/workspaces/isaac_ros-dev/install/isaac_ros_gxf:/workspaces/isaac_ros-dev/install/isaac_ros_common:${CMAKE_PREFIX_PATH} LD_LIBRARY_PATH=/workspaces/isaac_ros-dev/install/isaac_ros_nitros/lib:/workspaces/isaac_ros-dev/install/isaac_ros_nitros_interfaces/lib:/workspaces/isaac_ros-dev/install/isaac_ros_common/lib:/opt/ros/humble/install/opt/rviz_ogre_vendor/lib:/opt/ros/humble/install/lib:/usr/lib/aarch64-linux-gnu/tegra/weston:/usr/lib/aarch64-linux-gnu/tegra-egl:/usr/local/cuda-11.4/targets/aarch64-linux/lib:/usr/lib/aarch64-linux-gnu/tegra:/opt/nvidia/vpi2/lib64:/usr/lib/aarch64-linux-gnu-host:/opt/tritonserver/lib PYTHONPATH=/workspaces/isaac_ros-dev/install/isaac_ros_nitros_interfaces/lib/python3.8/site-packages:/workspaces/isaac_ros-dev/build/isaac_ros_test:/workspaces/isaac_ros-dev/install/isaac_ros_test/lib/python3.8/site-packages:${PYTHONPATH} /usr/bin/cmake /workspaces/isaac_ros-dev/src/isaac_ros_nitros/isaac_ros_nitros_type/isaac_ros_nitros_disparity_image_type -DAMENT_CMAKE_SYMLINK_INSTALL=1 -DCMAKE_INSTALL_PREFIX=/workspaces/isaac_ros-dev/install/isaac_ros_nitros_disparity_image_type
[0.279s] -- The C compiler identification is GNU 9.4.0
[0.438s] -- The CXX compiler identification is GNU 9.4.0
[0.460s] -- Detecting C compiler ABI info
[0.649s] -- Detecting C compiler ABI info - done
[0.668s] -- Check for working C compiler: /usr/bin/cc - skipped
[0.669s] -- Detecting C compile features
[0.670s] -- Detecting C compile features - done
[0.679s] -- Detecting CXX compiler ABI info
[0.893s] -- Detecting CXX compiler ABI info - done
[0.912s] -- Check for working CXX compiler: /usr/bin/c++ - skipped
[0.913s] -- Detecting CXX compile features
[0.914s] -- Detecting CXX compile features - done
[0.920s] -- Found ament_cmake_auto: 1.3.3 (/opt/ros/humble/install/share/ament_cmake_auto/cmake)
[3.219s] -- Found Python3: /usr/bin/python3.8 (found version "3.8.10") found components: Interpreter 
[3.415s] -- Override CMake install command with custom implementation using symlinks instead of copying resources
[3.714s] -- Loading isaac_ros_common extras
[3.714s] -- CMAKE_BUILD_TYPE: Release
[3.758s] -- Looking for pthread.h
[3.952s] -- Looking for pthread.h - found
[3.953s] -- Performing Test CMAKE_HAVE_LIBC_PTHREAD
[4.184s] -- Performing Test CMAKE_HAVE_LIBC_PTHREAD - Failed
[4.185s] -- Looking for pthread_create in pthreads
[4.337s] -- Looking for pthread_create in pthreads - not found
[4.337s] -- Looking for pthread_create in pthread
[4.515s] -- Looking for pthread_create in pthread - found
[4.517s] -- Found Threads: TRUE  
[4.586s] -- Found CUDA: /usr/local/cuda (found version "11.4") 
[4.589s] -- Loading isaac_ros_common extras (modules)
[4.736s] -- Found rosidl_generator_c: 3.1.4 (/opt/ros/humble/install/share/rosidl_generator_c/cmake)
[4.756s] -- Found rosidl_adapter: 3.1.4 (/opt/ros/humble/install/share/rosidl_adapter/cmake)
[4.787s] -- Found rosidl_generator_cpp: 3.1.4 (/opt/ros/humble/install/share/rosidl_generator_cpp/cmake)
[4.832s] -- Using all available rosidl_typesupport_c: rosidl_typesupport_fastrtps_c;rosidl_typesupport_introspection_c
[4.894s] -- Using all available rosidl_typesupport_cpp: rosidl_typesupport_fastrtps_cpp;rosidl_typesupport_introspection_cpp
[5.119s] -- Found rmw_implementation_cmake: 6.1.1 (/opt/ros/humble/install/share/rmw_implementation_cmake/cmake)
[5.130s] -- Found rmw_fastrtps_cpp: 6.2.2 (/opt/ros/humble/install/share/rmw_fastrtps_cpp/cmake)
[5.528s] -- Found OpenSSL: /usr/lib/aarch64-linux-gnu/libcrypto.so (found version "1.1.1f")  
[5.625s] -- Found FastRTPS: /opt/ros/humble/install/include  
[5.816s] -- Using RMW implementation 'rmw_fastrtps_cpp' as default
[7.310s] -- Loading isaac_ros_gxf extras
[7.325s] -- Found atlas lib=/workspaces/isaac_ros-dev/install/isaac_ros_gxf/share/isaac_ros_gxf/gxf/lib/libgxf_atlas.so, include=/workspaces/isaac_ros-dev/install/isaac_ros_gxf/share/isaac_ros_gxf/gxf/include/gxf
[7.333s] -- Found cuda lib=/workspaces/isaac_ros-dev/install/isaac_ros_gxf/share/isaac_ros_gxf/gxf/lib/cuda/libgxf_cuda.so, include=/workspaces/isaac_ros-dev/install/isaac_ros_gxf/share/isaac_ros_gxf/gxf/include/gxf
[7.342s] -- Found isaac_messages lib=/workspaces/isaac_ros-dev/install/isaac_ros_gxf/share/isaac_ros_gxf/gxf/lib/libgxf_isaac_messages.so, include=/workspaces/isaac_ros-dev/install/isaac_ros_gxf/share/isaac_ros_gxf/gxf/include/gxf
[7.350s] -- Found isaac_ros_messages lib=/workspaces/isaac_ros-dev/install/isaac_ros_gxf/share/isaac_ros_gxf/gxf/lib/libgxf_isaac_ros_messages.so, include=/workspaces/isaac_ros-dev/install/isaac_ros_gxf/share/isaac_ros_gxf/gxf/include/gxf
[7.358s] -- Found multimedia lib=/workspaces/isaac_ros-dev/install/isaac_ros_gxf/share/isaac_ros_gxf/gxf/lib/multimedia/libgxf_multimedia.so, include=/workspaces/isaac_ros-dev/install/isaac_ros_gxf/share/isaac_ros_gxf/gxf/include/gxf
[7.370s] -- Found gxf_optimizer lib=/workspaces/isaac_ros-dev/install/isaac_ros_gxf/share/isaac_ros_gxf/gxf/lib/libgxf_optimizer.so, include=/workspaces/isaac_ros-dev/install/isaac_ros_gxf/share/isaac_ros_gxf/gxf/include/gxf
[7.378s] -- Found serialization lib=/workspaces/isaac_ros-dev/install/isaac_ros_gxf/share/isaac_ros_gxf/gxf/lib/serialization/libgxf_serialization.so, include=/workspaces/isaac_ros-dev/install/isaac_ros_gxf/share/isaac_ros_gxf/gxf/include/gxf
[7.386s] -- Found std lib=/workspaces/isaac_ros-dev/install/isaac_ros_gxf/share/isaac_ros_gxf/gxf/lib/std/libgxf_std.so, include=/workspaces/isaac_ros-dev/install/isaac_ros_gxf/share/isaac_ros_gxf/gxf/include/gxf
[7.394s] -- Found core lib=/workspaces/isaac_ros-dev/install/isaac_ros_gxf/share/isaac_ros_gxf/gxf/lib/core/libgxf_core.so, include=/workspaces/isaac_ros-dev/install/isaac_ros_gxf/share/isaac_ros_gxf/gxf/include/gxf
[7.398s] -- Found GXF:  (found suitable version "2.5.0", minimum required is "2.5.0") found components: core multimedia 
[13.948s] -- Performing Test FLAG_WEXTRA
[14.443s] -- Performing Test FLAG_WEXTRA - Success
[14.955s] -- Found ament_lint_auto: 0.12.5 (/opt/ros/humble/install/share/ament_lint_auto/cmake)
[15.105s] -- Found launch_testing_ament_cmake: 1.0.4 (/opt/ros/humble/install/share/launch_testing_ament_cmake/cmake)
[15.111s] -- Found python_cmake_module: 0.10.0 (/opt/ros/humble/install/share/python_cmake_module/cmake)
[15.192s] -- Found PythonInterp: /usr/bin/python3 (found suitable version "3.8.10", minimum required is "3.6") 
[15.207s] -- Found PythonLibs: /usr/lib/aarch64-linux-gnu/libpython3.8.so (found suitable version "3.8.10", minimum required is "3.5") 
[15.208s] -- Using PYTHON_EXECUTABLE: /usr/bin/python3
[15.208s] -- Using PYTHON_INCLUDE_DIRS: /usr/include/python3.8
[15.209s] -- Using PYTHON_LIBRARIES: /usr/lib/aarch64-linux-gnu/libpython3.8.so
[15.288s] -- Found PythonExtra: .so  
[15.357s] -- Added test 'cppcheck' to perform static code analysis on C / C++ code
[15.358s] -- Configured cppcheck include dirs: /workspaces/isaac_ros-dev/src/isaac_ros_nitros/isaac_ros_nitros_type/isaac_ros_nitros_disparity_image_type/include
[15.358s] -- Configured cppcheck exclude dirs and/or files: 
[15.364s] -- Added test 'cpplint' to check C / C++ code against the Google style
[15.364s] -- Configured cpplint exclude dirs and/or files: 
[15.366s] -- Added test 'flake8' to check Python code syntax and style conventions
[15.369s] -- Added test 'lint_cmake' to check CMake code style
[15.371s] -- Added test 'pep257' to check Python code against some of the docstring style conventions in PEP 257
[15.376s] -- Added test 'uncrustify' to check C / C++ code style
[15.377s] -- Configured uncrustify additional arguments: 
[15.379s] -- Added test 'xmllint' to check XML markup files
[15.428s] -- Configuring done
[15.683s] -- Generating done
[15.691s] -- Build files have been written to: /workspaces/isaac_ros-dev/build/isaac_ros_nitros_disparity_image_type
[15.743s] Invoked command in '/workspaces/isaac_ros-dev/build/isaac_ros_nitros_disparity_image_type' returned '0': AMENT_PREFIX_PATH=/workspaces/isaac_ros-dev/install/isaac_ros_nitros:/workspaces/isaac_ros-dev/install/isaac_ros_nitros_interfaces:/workspaces/isaac_ros-dev/install/isaac_ros_gxf:/workspaces/isaac_ros-dev/install/isaac_ros_test:/workspaces/isaac_ros-dev/install/isaac_ros_common:${AMENT_PREFIX_PATH} CMAKE_PREFIX_PATH=/workspaces/isaac_ros-dev/install/isaac_ros_nitros:/workspaces/isaac_ros-dev/install/isaac_ros_nitros_interfaces:/workspaces/isaac_ros-dev/install/isaac_ros_gxf:/workspaces/isaac_ros-dev/install/isaac_ros_common:${CMAKE_PREFIX_PATH} LD_LIBRARY_PATH=/workspaces/isaac_ros-dev/install/isaac_ros_nitros/lib:/workspaces/isaac_ros-dev/install/isaac_ros_nitros_interfaces/lib:/workspaces/isaac_ros-dev/install/isaac_ros_common/lib:/opt/ros/humble/install/opt/rviz_ogre_vendor/lib:/opt/ros/humble/install/lib:/usr/lib/aarch64-linux-gnu/tegra/weston:/usr/lib/aarch64-linux-gnu/tegra-egl:/usr/local/cuda-11.4/targets/aarch64-linux/lib:/usr/lib/aarch64-linux-gnu/tegra:/opt/nvidia/vpi2/lib64:/usr/lib/aarch64-linux-gnu-host:/opt/tritonserver/lib PYTHONPATH=/workspaces/isaac_ros-dev/install/isaac_ros_nitros_interfaces/lib/python3.8/site-packages:/workspaces/isaac_ros-dev/build/isaac_ros_test:/workspaces/isaac_ros-dev/install/isaac_ros_test/lib/python3.8/site-packages:${PYTHONPATH} /usr/bin/cmake /workspaces/isaac_ros-dev/src/isaac_ros_nitros/isaac_ros_nitros_type/isaac_ros_nitros_disparity_image_type -DAMENT_CMAKE_SYMLINK_INSTALL=1 -DCMAKE_INSTALL_PREFIX=/workspaces/isaac_ros-dev/install/isaac_ros_nitros_disparity_image_type
[15.752s] Invoking command in '/workspaces/isaac_ros-dev/build/isaac_ros_nitros_disparity_image_type': AMENT_PREFIX_PATH=/workspaces/isaac_ros-dev/install/isaac_ros_nitros:/workspaces/isaac_ros-dev/install/isaac_ros_nitros_interfaces:/workspaces/isaac_ros-dev/install/isaac_ros_gxf:/workspaces/isaac_ros-dev/install/isaac_ros_test:/workspaces/isaac_ros-dev/install/isaac_ros_common:${AMENT_PREFIX_PATH} CMAKE_PREFIX_PATH=/workspaces/isaac_ros-dev/install/isaac_ros_nitros:/workspaces/isaac_ros-dev/install/isaac_ros_nitros_interfaces:/workspaces/isaac_ros-dev/install/isaac_ros_gxf:/workspaces/isaac_ros-dev/install/isaac_ros_common:${CMAKE_PREFIX_PATH} LD_LIBRARY_PATH=/workspaces/isaac_ros-dev/install/isaac_ros_nitros/lib:/workspaces/isaac_ros-dev/install/isaac_ros_nitros_interfaces/lib:/workspaces/isaac_ros-dev/install/isaac_ros_common/lib:/opt/ros/humble/install/opt/rviz_ogre_vendor/lib:/opt/ros/humble/install/lib:/usr/lib/aarch64-linux-gnu/tegra/weston:/usr/lib/aarch64-linux-gnu/tegra-egl:/usr/local/cuda-11.4/targets/aarch64-linux/lib:/usr/lib/aarch64-linux-gnu/tegra:/opt/nvidia/vpi2/lib64:/usr/lib/aarch64-linux-gnu-host:/opt/tritonserver/lib PYTHONPATH=/workspaces/isaac_ros-dev/install/isaac_ros_nitros_interfaces/lib/python3.8/site-packages:/workspaces/isaac_ros-dev/build/isaac_ros_test:/workspaces/isaac_ros-dev/install/isaac_ros_test/lib/python3.8/site-packages:${PYTHONPATH} /usr/bin/cmake --build /workspaces/isaac_ros-dev/build/isaac_ros_nitros_disparity_image_type -- -j4 -l4
[15.859s] [  2%] [32mBuilding CXX object _deps/yaml-cpp-build/CMakeFiles/yaml-cpp.dir/src/binary.cpp.o[0m
[16.662s] [  5%] [32mBuilding CXX object _deps/yaml-cpp-build/CMakeFiles/yaml-cpp.dir/src/emit.cpp.o[0m
[18.285s] [  8%] [32mBuilding CXX object _deps/yaml-cpp-build/CMakeFiles/yaml-cpp.dir/src/emitfromevents.cpp.o[0m
[20.217s] [ 11%] [32mBuilding CXX object _deps/yaml-cpp-build/CMakeFiles/yaml-cpp.dir/src/emitter.cpp.o[0m
[22.888s] [ 14%] [32mBuilding CXX object _deps/yaml-cpp-build/CMakeFiles/yaml-cpp.dir/src/emitterstate.cpp.o[0m
[25.452s] [ 17%] [32mBuilding CXX object _deps/yaml-cpp-build/CMakeFiles/yaml-cpp.dir/src/emitterutils.cpp.o[0m
[34.207s] [ 20%] [32mBuilding CXX object _deps/yaml-cpp-build/CMakeFiles/yaml-cpp.dir/src/exceptions.cpp.o[0m
[35.205s] [ 22%] [32mBuilding CXX object _deps/yaml-cpp-build/CMakeFiles/yaml-cpp.dir/src/exp.cpp.o[0m
[36.819s] [ 25%] [32mBuilding CXX object _deps/yaml-cpp-build/CMakeFiles/yaml-cpp.dir/src/memory.cpp.o[0m
[38.677s] [ 28%] [32mBuilding CXX object _deps/yaml-cpp-build/CMakeFiles/yaml-cpp.dir/src/node.cpp.o[0m
[39.695s] [ 31%] [32mBuilding CXX object _deps/yaml-cpp-build/CMakeFiles/yaml-cpp.dir/src/node_data.cpp.o[0m
[42.257s] [ 34%] [32mBuilding CXX object _deps/yaml-cpp-build/CMakeFiles/yaml-cpp.dir/src/nodebuilder.cpp.o[0m
[44.777s] [ 37%] [32mBuilding CXX object _deps/yaml-cpp-build/CMakeFiles/yaml-cpp.dir/src/nodeevents.cpp.o[0m
[46.881s] [ 40%] [32mBuilding CXX object _deps/yaml-cpp-build/CMakeFiles/yaml-cpp.dir/src/null.cpp.o[0m
[47.396s] [ 42%] [32mBuilding CXX object _deps/yaml-cpp-build/CMakeFiles/yaml-cpp.dir/src/ostream_wrapper.cpp.o[0m
[48.513s] [ 45%] [32mBuilding CXX object _deps/yaml-cpp-build/CMakeFiles/yaml-cpp.dir/src/parse.cpp.o[0m
[51.182s] [ 48%] [32mBuilding CXX object _deps/yaml-cpp-build/CMakeFiles/yaml-cpp.dir/src/parser.cpp.o[0m
[53.611s] [ 51%] [32mBuilding CXX object _deps/yaml-cpp-build/CMakeFiles/yaml-cpp.dir/src/regex_yaml.cpp.o[0m
[55.051s] [ 54%] [32mBuilding CXX object _deps/yaml-cpp-build/CMakeFiles/yaml-cpp.dir/src/scanner.cpp.o[0m
[59.125s] [ 57%] [32mBuilding CXX object _deps/yaml-cpp-build/CMakeFiles/yaml-cpp.dir/src/scanscalar.cpp.o[0m
[62.020s] [ 60%] [32mBuilding CXX object _deps/yaml-cpp-build/CMakeFiles/yaml-cpp.dir/src/scantag.cpp.o[0m
[64.326s] [ 62%] [32mBuilding CXX object _deps/yaml-cpp-build/CMakeFiles/yaml-cpp.dir/src/scantoken.cpp.o[0m
[70.383s] [ 65%] [32mBuilding CXX object _deps/yaml-cpp-build/CMakeFiles/yaml-cpp.dir/src/simplekey.cpp.o[0m
[72.154s] [ 68%] [32mBuilding CXX object _deps/yaml-cpp-build/CMakeFiles/yaml-cpp.dir/src/singledocparser.cpp.o[0m
[75.254s] [ 71%] [32mBuilding CXX object _deps/yaml-cpp-build/CMakeFiles/yaml-cpp.dir/src/stream.cpp.o[0m
[76.713s] [ 74%] [32mBuilding CXX object _deps/yaml-cpp-build/CMakeFiles/yaml-cpp.dir/src/tag.cpp.o[0m
[77.923s] [ 77%] [32mBuilding CXX object _deps/yaml-cpp-build/CMakeFiles/yaml-cpp.dir/src/contrib/graphbuilder.cpp.o[0m
[79.107s] [ 80%] [32mBuilding CXX object _deps/yaml-cpp-build/CMakeFiles/yaml-cpp.dir/src/contrib/graphbuilderadapter.cpp.o[0m
[80.353s] [ 82%] [32mBuilding CXX object _deps/yaml-cpp-build/CMakeFiles/yaml-cpp.dir/src/directives.cpp.o[0m
[81.138s] [ 85%] [32mBuilding CXX object _deps/yaml-cpp-build/CMakeFiles/yaml-cpp.dir/src/convert.cpp.o[0m
[83.390s] [ 88%] [32m[1mLinking CXX static library libyaml-cpp.a[0m
[83.481s] [ 88%] Built target yaml-cpp
[83.520s] [ 91%] [32mBuilding CXX object CMakeFiles/isaac_ros_nitros_disparity_image_type.dir/src/nitros_disparity_image.cpp.o[0m
[116.887s] [ 94%] [32m[1mLinking CXX shared library libisaac_ros_nitros_disparity_image_type.so[0m
[117.537s] [ 94%] Built target isaac_ros_nitros_disparity_image_type
[117.582s] [ 97%] [32mBuilding CXX object CMakeFiles/nitros_disparity_image_forward_node.dir/test/src/nitros_disparity_image_forward_node.cpp.o[0m
[175.959s] [100%] [32m[1mLinking CXX shared library libnitros_disparity_image_forward_node.so[0m
[177.086s] [100%] Built target nitros_disparity_image_forward_node
[177.123s] Invoked command in '/workspaces/isaac_ros-dev/build/isaac_ros_nitros_disparity_image_type' returned '0': AMENT_PREFIX_PATH=/workspaces/isaac_ros-dev/install/isaac_ros_nitros:/workspaces/isaac_ros-dev/install/isaac_ros_nitros_interfaces:/workspaces/isaac_ros-dev/install/isaac_ros_gxf:/workspaces/isaac_ros-dev/install/isaac_ros_test:/workspaces/isaac_ros-dev/install/isaac_ros_common:${AMENT_PREFIX_PATH} CMAKE_PREFIX_PATH=/workspaces/isaac_ros-dev/install/isaac_ros_nitros:/workspaces/isaac_ros-dev/install/isaac_ros_nitros_interfaces:/workspaces/isaac_ros-dev/install/isaac_ros_gxf:/workspaces/isaac_ros-dev/install/isaac_ros_common:${CMAKE_PREFIX_PATH} LD_LIBRARY_PATH=/workspaces/isaac_ros-dev/install/isaac_ros_nitros/lib:/workspaces/isaac_ros-dev/install/isaac_ros_nitros_interfaces/lib:/workspaces/isaac_ros-dev/install/isaac_ros_common/lib:/opt/ros/humble/install/opt/rviz_ogre_vendor/lib:/opt/ros/humble/install/lib:/usr/lib/aarch64-linux-gnu/tegra/weston:/usr/lib/aarch64-linux-gnu/tegra-egl:/usr/local/cuda-11.4/targets/aarch64-linux/lib:/usr/lib/aarch64-linux-gnu/tegra:/opt/nvidia/vpi2/lib64:/usr/lib/aarch64-linux-gnu-host:/opt/tritonserver/lib PYTHONPATH=/workspaces/isaac_ros-dev/install/isaac_ros_nitros_interfaces/lib/python3.8/site-packages:/workspaces/isaac_ros-dev/build/isaac_ros_test:/workspaces/isaac_ros-dev/install/isaac_ros_test/lib/python3.8/site-packages:${PYTHONPATH} /usr/bin/cmake --build /workspaces/isaac_ros-dev/build/isaac_ros_nitros_disparity_image_type -- -j4 -l4
[177.260s] Invoking command in '/workspaces/isaac_ros-dev/build/isaac_ros_nitros_disparity_image_type': AMENT_PREFIX_PATH=/workspaces/isaac_ros-dev/install/isaac_ros_nitros:/workspaces/isaac_ros-dev/install/isaac_ros_nitros_interfaces:/workspaces/isaac_ros-dev/install/isaac_ros_gxf:/workspaces/isaac_ros-dev/install/isaac_ros_test:/workspaces/isaac_ros-dev/install/isaac_ros_common:${AMENT_PREFIX_PATH} CMAKE_PREFIX_PATH=/workspaces/isaac_ros-dev/install/isaac_ros_nitros:/workspaces/isaac_ros-dev/install/isaac_ros_nitros_interfaces:/workspaces/isaac_ros-dev/install/isaac_ros_gxf:/workspaces/isaac_ros-dev/install/isaac_ros_common:${CMAKE_PREFIX_PATH} LD_LIBRARY_PATH=/workspaces/isaac_ros-dev/install/isaac_ros_nitros/lib:/workspaces/isaac_ros-dev/install/isaac_ros_nitros_interfaces/lib:/workspaces/isaac_ros-dev/install/isaac_ros_common/lib:/opt/ros/humble/install/opt/rviz_ogre_vendor/lib:/opt/ros/humble/install/lib:/usr/lib/aarch64-linux-gnu/tegra/weston:/usr/lib/aarch64-linux-gnu/tegra-egl:/usr/local/cuda-11.4/targets/aarch64-linux/lib:/usr/lib/aarch64-linux-gnu/tegra:/opt/nvidia/vpi2/lib64:/usr/lib/aarch64-linux-gnu-host:/opt/tritonserver/lib PYTHONPATH=/workspaces/isaac_ros-dev/install/isaac_ros_nitros_interfaces/lib/python3.8/site-packages:/workspaces/isaac_ros-dev/build/isaac_ros_test:/workspaces/isaac_ros-dev/install/isaac_ros_test/lib/python3.8/site-packages:${PYTHONPATH} /usr/bin/cmake --install /workspaces/isaac_ros-dev/build/isaac_ros_nitros_disparity_image_type
[177.304s] -- Install configuration: "Release"
[177.307s] -- Execute custom install script
[177.316s] -- Symlinking: /workspaces/isaac_ros-dev/install/isaac_ros_nitros_disparity_image_type/lib/pkgconfig/yaml-cpp.pc
[177.364s] -- Symlinking: /workspaces/isaac_ros-dev/install/isaac_ros_nitros_disparity_image_type/share/isaac_ros_nitros_disparity_image_type/test/config/test_forward_node.yaml
[177.399s] -- Symlinking: /workspaces/isaac_ros-dev/install/isaac_ros_nitros_disparity_image_type/include/isaac_ros_nitros_disparity_image_type/nitros_disparity_image.hpp
[177.421s] -- Symlinking: /workspaces/isaac_ros-dev/install/isaac_ros_nitros_disparity_image_type/share/isaac_ros_nitros_disparity_image_type/environment/library_path.sh
[177.433s] -- Symlinking: /workspaces/isaac_ros-dev/install/isaac_ros_nitros_disparity_image_type/share/isaac_ros_nitros_disparity_image_type/environment/library_path.dsv
[177.445s] -- Symlinking: /workspaces/isaac_ros-dev/install/isaac_ros_nitros_disparity_image_type/lib/libisaac_ros_nitros_disparity_image_type.so
[177.456s] -- Symlinking: /workspaces/isaac_ros-dev/install/isaac_ros_nitros_disparity_image_type/lib/libnitros_disparity_image_forward_node.so
[177.469s] -- Symlinking: /workspaces/isaac_ros-dev/install/isaac_ros_nitros_disparity_image_type/share/ament_index/resource_index/package_run_dependencies/isaac_ros_nitros_disparity_image_type
[177.492s] -- Symlinking: /workspaces/isaac_ros-dev/install/isaac_ros_nitros_disparity_image_type/share/ament_index/resource_index/parent_prefix_path/isaac_ros_nitros_disparity_image_type
[177.520s] -- Symlinking: /workspaces/isaac_ros-dev/install/isaac_ros_nitros_disparity_image_type/share/isaac_ros_nitros_disparity_image_type/environment/ament_prefix_path.sh
[177.544s] -- Symlinking: /workspaces/isaac_ros-dev/install/isaac_ros_nitros_disparity_image_type/share/isaac_ros_nitros_disparity_image_type/environment/ament_prefix_path.dsv
[177.580s] -- Symlinking: /workspaces/isaac_ros-dev/install/isaac_ros_nitros_disparity_image_type/share/isaac_ros_nitros_disparity_image_type/environment/path.sh
[177.605s] -- Symlinking: /workspaces/isaac_ros-dev/install/isaac_ros_nitros_disparity_image_type/share/isaac_ros_nitros_disparity_image_type/environment/path.dsv
[177.646s] -- Symlinking: /workspaces/isaac_ros-dev/install/isaac_ros_nitros_disparity_image_type/share/isaac_ros_nitros_disparity_image_type/local_setup.bash
[177.658s] -- Symlinking: /workspaces/isaac_ros-dev/install/isaac_ros_nitros_disparity_image_type/share/isaac_ros_nitros_disparity_image_type/local_setup.sh
[177.674s] -- Symlinking: /workspaces/isaac_ros-dev/install/isaac_ros_nitros_disparity_image_type/share/isaac_ros_nitros_disparity_image_type/local_setup.zsh
[177.686s] -- Symlinking: /workspaces/isaac_ros-dev/install/isaac_ros_nitros_disparity_image_type/share/isaac_ros_nitros_disparity_image_type/local_setup.dsv
[177.699s] -- Symlinking: /workspaces/isaac_ros-dev/install/isaac_ros_nitros_disparity_image_type/share/isaac_ros_nitros_disparity_image_type/package.dsv
[177.712s] -- Symlinking: /workspaces/isaac_ros-dev/install/isaac_ros_nitros_disparity_image_type/share/ament_index/resource_index/packages/isaac_ros_nitros_disparity_image_type
[177.725s] -- Symlinking: /workspaces/isaac_ros-dev/install/isaac_ros_nitros_disparity_image_type/share/ament_index/resource_index/rclcpp_components/isaac_ros_nitros_disparity_image_type
[177.738s] -- Symlinking: /workspaces/isaac_ros-dev/install/isaac_ros_nitros_disparity_image_type/share/isaac_ros_nitros_disparity_image_type/cmake/ament_cmake_export_dependencies-extras.cmake
[177.751s] -- Symlinking: /workspaces/isaac_ros-dev/install/isaac_ros_nitros_disparity_image_type/share/isaac_ros_nitros_disparity_image_type/cmake/ament_cmake_export_include_directories-extras.cmake
[177.764s] -- Symlinking: /workspaces/isaac_ros-dev/install/isaac_ros_nitros_disparity_image_type/share/isaac_ros_nitros_disparity_image_type/cmake/ament_cmake_export_libraries-extras.cmake
[177.779s] -- Symlinking: /workspaces/isaac_ros-dev/install/isaac_ros_nitros_disparity_image_type/share/isaac_ros_nitros_disparity_image_type/cmake/isaac_ros_nitros_disparity_image_typeConfig.cmake
[177.792s] -- Symlinking: /workspaces/isaac_ros-dev/install/isaac_ros_nitros_disparity_image_type/share/isaac_ros_nitros_disparity_image_type/cmake/isaac_ros_nitros_disparity_image_typeConfig-version.cmake
[177.805s] -- Symlinking: /workspaces/isaac_ros-dev/install/isaac_ros_nitros_disparity_image_type/share/isaac_ros_nitros_disparity_image_type/package.xml
[177.817s] -- Installing: /workspaces/isaac_ros-dev/install/isaac_ros_nitros_disparity_image_type/lib/libyaml-cpp.a
[177.838s] -- Installing: /workspaces/isaac_ros-dev/install/isaac_ros_nitros_disparity_image_type/include/yaml-cpp
[177.840s] -- Installing: /workspaces/isaac_ros-dev/install/isaac_ros_nitros_disparity_image_type/include/yaml-cpp/exceptions.h
[177.844s] -- Installing: /workspaces/isaac_ros-dev/install/isaac_ros_nitros_disparity_image_type/include/yaml-cpp/ostream_wrapper.h
[177.847s] -- Installing: /workspaces/isaac_ros-dev/install/isaac_ros_nitros_disparity_image_type/include/yaml-cpp/emitterstyle.h
[177.850s] -- Installing: /workspaces/isaac_ros-dev/install/isaac_ros_nitros_disparity_image_type/include/yaml-cpp/yaml.h
[177.856s] -- Installing: /workspaces/isaac_ros-dev/install/isaac_ros_nitros_disparity_image_type/include/yaml-cpp/binary.h
[177.859s] -- Installing: /workspaces/isaac_ros-dev/install/isaac_ros_nitros_disparity_image_type/include/yaml-cpp/emitfromevents.h
[177.863s] -- Installing: /workspaces/isaac_ros-dev/install/isaac_ros_nitros_disparity_image_type/include/yaml-cpp/dll.h
[177.866s] -- Installing: /workspaces/isaac_ros-dev/install/isaac_ros_nitros_disparity_image_type/include/yaml-cpp/traits.h
[177.871s] -- Installing: /workspaces/isaac_ros-dev/install/isaac_ros_nitros_disparity_image_type/include/yaml-cpp/contrib
[177.872s] -- Installing: /workspaces/isaac_ros-dev/install/isaac_ros_nitros_disparity_image_type/include/yaml-cpp/contrib/anchordict.h
[177.876s] -- Installing: /workspaces/isaac_ros-dev/install/isaac_ros_nitros_disparity_image_type/include/yaml-cpp/contrib/graphbuilder.h
[177.880s] -- Installing: /workspaces/isaac_ros-dev/install/isaac_ros_nitros_disparity_image_type/include/yaml-cpp/emitter.h
[177.883s] -- Installing: /workspaces/isaac_ros-dev/install/isaac_ros_nitros_disparity_image_type/include/yaml-cpp/stlemitter.h
[177.887s] -- Installing: /workspaces/isaac_ros-dev/install/isaac_ros_nitros_disparity_image_type/include/yaml-cpp/eventhandler.h
[177.890s] -- Installing: /workspaces/isaac_ros-dev/install/isaac_ros_nitros_disparity_image_type/include/yaml-cpp/emittermanip.h
[177.893s] -- Installing: /workspaces/isaac_ros-dev/install/isaac_ros_nitros_disparity_image_type/include/yaml-cpp/anchor.h
[177.897s] -- Installing: /workspaces/isaac_ros-dev/install/isaac_ros_nitros_disparity_image_type/include/yaml-cpp/parser.h
[177.900s] -- Installing: /workspaces/isaac_ros-dev/install/isaac_ros_nitros_disparity_image_type/include/yaml-cpp/emitterdef.h
[177.903s] -- Installing: /workspaces/isaac_ros-dev/install/isaac_ros_nitros_disparity_image_type/include/yaml-cpp/node
[177.905s] -- Installing: /workspaces/isaac_ros-dev/install/isaac_ros_nitros_disparity_image_type/include/yaml-cpp/node/emit.h
[177.908s] -- Installing: /workspaces/isaac_ros-dev/install/isaac_ros_nitros_disparity_image_type/include/yaml-cpp/node/impl.h
[177.912s] -- Installing: /workspaces/isaac_ros-dev/install/isaac_ros_nitros_disparity_image_type/include/yaml-cpp/node/convert.h
[177.916s] -- Installing: /workspaces/isaac_ros-dev/install/isaac_ros_nitros_disparity_image_type/include/yaml-cpp/node/iterator.h
[177.919s] -- Installing: /workspaces/isaac_ros-dev/install/isaac_ros_nitros_disparity_image_type/include/yaml-cpp/node/parse.h
[177.922s] -- Installing: /workspaces/isaac_ros-dev/install/isaac_ros_nitros_disparity_image_type/include/yaml-cpp/node/detail
[177.924s] -- Installing: /workspaces/isaac_ros-dev/install/isaac_ros_nitros_disparity_image_type/include/yaml-cpp/node/detail/impl.h
[177.928s] -- Installing: /workspaces/isaac_ros-dev/install/isaac_ros_nitros_disparity_image_type/include/yaml-cpp/node/detail/node_ref.h
[177.932s] -- Installing: /workspaces/isaac_ros-dev/install/isaac_ros_nitros_disparity_image_type/include/yaml-cpp/node/detail/iterator.h
[177.935s] -- Installing: /workspaces/isaac_ros-dev/install/isaac_ros_nitros_disparity_image_type/include/yaml-cpp/node/detail/node_iterator.h
[177.939s] -- Installing: /workspaces/isaac_ros-dev/install/isaac_ros_nitros_disparity_image_type/include/yaml-cpp/node/detail/memory.h
[177.942s] -- Installing: /workspaces/isaac_ros-dev/install/isaac_ros_nitros_disparity_image_type/include/yaml-cpp/node/detail/iterator_fwd.h
[177.946s] -- Installing: /workspaces/isaac_ros-dev/install/isaac_ros_nitros_disparity_image_type/include/yaml-cpp/node/detail/node_data.h
[177.950s] -- Installing: /workspaces/isaac_ros-dev/install/isaac_ros_nitros_disparity_image_type/include/yaml-cpp/node/detail/bool_type.h
[177.953s] -- Installing: /workspaces/isaac_ros-dev/install/isaac_ros_nitros_disparity_image_type/include/yaml-cpp/node/detail/node.h
[177.957s] -- Installing: /workspaces/isaac_ros-dev/install/isaac_ros_nitros_disparity_image_type/include/yaml-cpp/node/node.h
[177.960s] -- Installing: /workspaces/isaac_ros-dev/install/isaac_ros_nitros_disparity_image_type/include/yaml-cpp/node/ptr.h
[177.963s] -- Installing: /workspaces/isaac_ros-dev/install/isaac_ros_nitros_disparity_image_type/include/yaml-cpp/node/type.h
[177.965s] -- Installing: /workspaces/isaac_ros-dev/install/isaac_ros_nitros_disparity_image_type/include/yaml-cpp/null.h
[177.969s] -- Installing: /workspaces/isaac_ros-dev/install/isaac_ros_nitros_disparity_image_type/include/yaml-cpp/mark.h
[177.972s] -- Installing: /workspaces/isaac_ros-dev/install/isaac_ros_nitros_disparity_image_type/lib/cmake/yaml-cpp/yaml-cpp-config.cmake
[177.975s] -- Installing: /workspaces/isaac_ros-dev/install/isaac_ros_nitros_disparity_image_type/lib/cmake/yaml-cpp/yaml-cpp-config-version.cmake
[177.979s] -- Installing: /workspaces/isaac_ros-dev/install/isaac_ros_nitros_disparity_image_type/lib/cmake/yaml-cpp/yaml-cpp-targets.cmake
[177.982s] -- Installing: /workspaces/isaac_ros-dev/install/isaac_ros_nitros_disparity_image_type/lib/cmake/yaml-cpp/yaml-cpp-targets-release.cmake
[178.003s] Invoked command in '/workspaces/isaac_ros-dev/build/isaac_ros_nitros_disparity_image_type' returned '0': AMENT_PREFIX_PATH=/workspaces/isaac_ros-dev/install/isaac_ros_nitros:/workspaces/isaac_ros-dev/install/isaac_ros_nitros_interfaces:/workspaces/isaac_ros-dev/install/isaac_ros_gxf:/workspaces/isaac_ros-dev/install/isaac_ros_test:/workspaces/isaac_ros-dev/install/isaac_ros_common:${AMENT_PREFIX_PATH} CMAKE_PREFIX_PATH=/workspaces/isaac_ros-dev/install/isaac_ros_nitros:/workspaces/isaac_ros-dev/install/isaac_ros_nitros_interfaces:/workspaces/isaac_ros-dev/install/isaac_ros_gxf:/workspaces/isaac_ros-dev/install/isaac_ros_common:${CMAKE_PREFIX_PATH} LD_LIBRARY_PATH=/workspaces/isaac_ros-dev/install/isaac_ros_nitros/lib:/workspaces/isaac_ros-dev/install/isaac_ros_nitros_interfaces/lib:/workspaces/isaac_ros-dev/install/isaac_ros_common/lib:/opt/ros/humble/install/opt/rviz_ogre_vendor/lib:/opt/ros/humble/install/lib:/usr/lib/aarch64-linux-gnu/tegra/weston:/usr/lib/aarch64-linux-gnu/tegra-egl:/usr/local/cuda-11.4/targets/aarch64-linux/lib:/usr/lib/aarch64-linux-gnu/tegra:/opt/nvidia/vpi2/lib64:/usr/lib/aarch64-linux-gnu-host:/opt/tritonserver/lib PYTHONPATH=/workspaces/isaac_ros-dev/install/isaac_ros_nitros_interfaces/lib/python3.8/site-packages:/workspaces/isaac_ros-dev/build/isaac_ros_test:/workspaces/isaac_ros-dev/install/isaac_ros_test/lib/python3.8/site-packages:${PYTHONPATH} /usr/bin/cmake --install /workspaces/isaac_ros-dev/build/isaac_ros_nitros_disparity_image_type
