-- The C compiler identification is GNU 9.4.0
-- The CXX compiler identification is GNU 9.4.0
-- Detecting C compiler ABI info
-- Detecting C compiler ABI info - done
-- Check for working C compiler: /usr/bin/cc - skipped
-- Detecting C compile features
-- Detecting C compile features - done
-- Detecting CXX compiler ABI info
-- Detecting CXX compiler ABI info - done
-- Check for working CXX compiler: /usr/bin/c++ - skipped
-- Detecting CXX compile features
-- Detecting CXX compile features - done
-- Architecture: aarch64
-- Found ament_cmake_auto: 1.3.3 (/opt/ros/humble/install/share/ament_cmake_auto/cmake)
-- Found Python3: /usr/bin/python3.8 (found version "3.8.10") found components: Interpreter 
-- Override CMake install command with custom implementation using symlinks instead of copying resources
-- Loading isaac_ros_common extras
-- CMAKE_BUILD_TYPE: Release
-- Looking for pthread.h
-- Looking for pthread.h - found
-- Performing Test CMAKE_HAVE_LIBC_PTHREAD
-- Performing Test CMAKE_HAVE_LIBC_PTHREAD - Failed
-- Looking for pthread_create in pthreads
-- Looking for pthread_create in pthreads - not found
-- Looking for pthread_create in pthread
-- Looking for pthread_create in pthread - found
-- Found Threads: TRUE  
-- Found CUDA: /usr/local/cuda (found version "11.4") 
-- Loading isaac_ros_common extras (modules)
-- Found rosidl_generator_c: 3.1.4 (/opt/ros/humble/install/share/rosidl_generator_c/cmake)
-- Found rosidl_adapter: 3.1.4 (/opt/ros/humble/install/share/rosidl_adapter/cmake)
-- Found rosidl_generator_cpp: 3.1.4 (/opt/ros/humble/install/share/rosidl_generator_cpp/cmake)
-- Using all available rosidl_typesupport_c: rosidl_typesupport_fastrtps_c;rosidl_typesupport_introspection_c
-- Using all available rosidl_typesupport_cpp: rosidl_typesupport_fastrtps_cpp;rosidl_typesupport_introspection_cpp
-- Found rmw_implementation_cmake: 6.1.1 (/opt/ros/humble/install/share/rmw_implementation_cmake/cmake)
-- Found rmw_fastrtps_cpp: 6.2.2 (/opt/ros/humble/install/share/rmw_fastrtps_cpp/cmake)
-- Found OpenSSL: /usr/lib/aarch64-linux-gnu/libcrypto.so (found version "1.1.1f")  
-- Found FastRTPS: /opt/ros/humble/install/include  
-- Using RMW implementation 'rmw_fastrtps_cpp' as default
-- Found ament_lint_auto: 0.12.5 (/opt/ros/humble/install/share/ament_lint_auto/cmake)
-- Added test 'cppcheck' to perform static code analysis on C / C++ code
-- Configured cppcheck include dirs: 
-- Configured cppcheck exclude dirs and/or files: 
-- Added test 'cpplint' to check C / C++ code against the Google style
-- Configured cpplint exclude dirs and/or files: 
-- Added test 'lint_cmake' to check CMake code style
-- Added test 'uncrustify' to check C / C++ code style
-- Configured uncrustify additional arguments: 
-- Added test 'xmllint' to check XML markup files
-- Configuring done
-- Generating done
-- Build files have been written to: /workspaces/isaac_ros-dev/build/isaac_ros_gxf
[ 50%] [32mBuilding CXX object CMakeFiles/isaac_ros_gxf.dir/src/isaac_ros_gxf.cpp.o[0m
[100%] [32m[1mLinking CXX static library libisaac_ros_gxf.a[0m
[100%] Built target isaac_ros_gxf
-- Install configuration: "Release"
-- Execute custom install script
-- Symlinking: /workspaces/isaac_ros-dev/install/isaac_ros_gxf/share/isaac_ros_gxf/gxf/include//common/assert.hpp
-- Symlinking: /workspaces/isaac_ros-dev/install/isaac_ros_gxf/share/isaac_ros_gxf/gxf/include//common/backtrace.hpp
-- Symlinking: /workspaces/isaac_ros-dev/install/isaac_ros_gxf/share/isaac_ros_gxf/gxf/include//common/byte.hpp
-- Symlinking: /workspaces/isaac_ros-dev/install/isaac_ros_gxf/share/isaac_ros_gxf/gxf/include//common/endian.hpp
-- Symlinking: /workspaces/isaac_ros-dev/install/isaac_ros_gxf/share/isaac_ros_gxf/gxf/include//common/expected.hpp
-- Symlinking: /workspaces/isaac_ros-dev/install/isaac_ros_gxf/share/isaac_ros_gxf/gxf/include//common/fixed_string.hpp
-- Symlinking: /workspaces/isaac_ros-dev/install/isaac_ros_gxf/share/isaac_ros_gxf/gxf/include//common/fixed_vector.hpp
-- Symlinking: /workspaces/isaac_ros-dev/install/isaac_ros_gxf/share/isaac_ros_gxf/gxf/include//common/iterator.hpp
-- Symlinking: /workspaces/isaac_ros-dev/install/isaac_ros_gxf/share/isaac_ros_gxf/gxf/include//common/logger.hpp
-- Symlinking: /workspaces/isaac_ros-dev/install/isaac_ros_gxf/share/isaac_ros_gxf/gxf/include//common/memory_utils.hpp
-- Symlinking: /workspaces/isaac_ros-dev/install/isaac_ros_gxf/share/isaac_ros_gxf/gxf/include//common/nvtx_helper.hpp
-- Symlinking: /workspaces/isaac_ros-dev/install/isaac_ros_gxf/share/isaac_ros_gxf/gxf/include//common/span.hpp
-- Symlinking: /workspaces/isaac_ros-dev/install/isaac_ros_gxf/share/isaac_ros_gxf/gxf/include//common/strong_type.hpp
-- Symlinking: /workspaces/isaac_ros-dev/install/isaac_ros_gxf/share/isaac_ros_gxf/gxf/include//common/type_name.hpp
-- Symlinking: /workspaces/isaac_ros-dev/install/isaac_ros_gxf/share/isaac_ros_gxf/gxf/include//common/type_name_gnuc.hpp
-- Symlinking: /workspaces/isaac_ros-dev/install/isaac_ros_gxf/share/isaac_ros_gxf/gxf/include//common/type_utils.hpp
-- Symlinking: /workspaces/isaac_ros-dev/install/isaac_ros_gxf/share/isaac_ros_gxf/gxf/include//common/unique_index_map.hpp
-- Symlinking: /workspaces/isaac_ros-dev/install/isaac_ros_gxf/share/isaac_ros_gxf/gxf/include//gxf/behavior_tree/constant_behavior.hpp
-- Symlinking: /workspaces/isaac_ros-dev/install/isaac_ros_gxf/share/isaac_ros_gxf/gxf/include//gxf/behavior_tree/entity_count_failure_repeat_controller.hpp
-- Symlinking: /workspaces/isaac_ros-dev/install/isaac_ros_gxf/share/isaac_ros_gxf/gxf/include//gxf/behavior_tree/parallel_behavior.hpp
-- Symlinking: /workspaces/isaac_ros-dev/install/isaac_ros_gxf/share/isaac_ros_gxf/gxf/include//gxf/behavior_tree/repeat_behavior.hpp
-- Symlinking: /workspaces/isaac_ros-dev/install/isaac_ros_gxf/share/isaac_ros_gxf/gxf/include//gxf/behavior_tree/selector_behavior.hpp
-- Symlinking: /workspaces/isaac_ros-dev/install/isaac_ros_gxf/share/isaac_ros_gxf/gxf/include//gxf/behavior_tree/sequence_behavior.hpp
-- Symlinking: /workspaces/isaac_ros-dev/install/isaac_ros_gxf/share/isaac_ros_gxf/gxf/include//gxf/behavior_tree/switch_behavior.hpp
-- Symlinking: /workspaces/isaac_ros-dev/install/isaac_ros_gxf/share/isaac_ros_gxf/gxf/include//gxf/behavior_tree/timer_behavior.hpp
-- Symlinking: /workspaces/isaac_ros-dev/install/isaac_ros_gxf/share/isaac_ros_gxf/gxf/include//gxf/core/component.hpp
-- Symlinking: /workspaces/isaac_ros-dev/install/isaac_ros_gxf/share/isaac_ros_gxf/gxf/include//gxf/core/entity.hpp
-- Symlinking: /workspaces/isaac_ros-dev/install/isaac_ros_gxf/share/isaac_ros_gxf/gxf/include//gxf/core/expected.hpp
-- Symlinking: /workspaces/isaac_ros-dev/install/isaac_ros_gxf/share/isaac_ros_gxf/gxf/include//gxf/core/gxf.h
-- Symlinking: /workspaces/isaac_ros-dev/install/isaac_ros_gxf/share/isaac_ros_gxf/gxf/include//gxf/core/gxf_ext.h
-- Symlinking: /workspaces/isaac_ros-dev/install/isaac_ros_gxf/share/isaac_ros_gxf/gxf/include//gxf/core/handle.hpp
-- Symlinking: /workspaces/isaac_ros-dev/install/isaac_ros_gxf/share/isaac_ros_gxf/gxf/include//gxf/core/parameter.hpp
-- Symlinking: /workspaces/isaac_ros-dev/install/isaac_ros_gxf/share/isaac_ros_gxf/gxf/include//gxf/core/registrar.hpp
-- Symlinking: /workspaces/isaac_ros-dev/install/isaac_ros_gxf/share/isaac_ros_gxf/gxf/include//gxf/cuda/cuda_common.hpp
-- Symlinking: /workspaces/isaac_ros-dev/install/isaac_ros_gxf/share/isaac_ros_gxf/gxf/include//gxf/cuda/cuda_event.hpp
-- Symlinking: /workspaces/isaac_ros-dev/install/isaac_ros_gxf/share/isaac_ros_gxf/gxf/include//gxf/cuda/cuda_stream.hpp
-- Symlinking: /workspaces/isaac_ros-dev/install/isaac_ros_gxf/share/isaac_ros_gxf/gxf/include//gxf/cuda/cuda_stream_id.hpp
-- Symlinking: /workspaces/isaac_ros-dev/install/isaac_ros_gxf/share/isaac_ros_gxf/gxf/include//gxf/cuda/cuda_stream_pool.hpp
-- Symlinking: /workspaces/isaac_ros-dev/install/isaac_ros_gxf/share/isaac_ros_gxf/gxf/include//gxf/cuda/cuda_stream_sync.hpp
-- Symlinking: /workspaces/isaac_ros-dev/install/isaac_ros_gxf/share/isaac_ros_gxf/gxf/include//gxf/cuda/tests/test_cuda_helper.hpp
-- Symlinking: /workspaces/isaac_ros-dev/install/isaac_ros_gxf/share/isaac_ros_gxf/gxf/include//gxf/multimedia/audio.hpp
-- Symlinking: /workspaces/isaac_ros-dev/install/isaac_ros_gxf/share/isaac_ros_gxf/gxf/include//gxf/multimedia/camera.hpp
-- Symlinking: /workspaces/isaac_ros-dev/install/isaac_ros_gxf/share/isaac_ros_gxf/gxf/include//gxf/multimedia/video.hpp
-- Symlinking: /workspaces/isaac_ros-dev/install/isaac_ros_gxf/share/isaac_ros_gxf/gxf/include//gxf/network/tcp_client.hpp
-- Symlinking: /workspaces/isaac_ros-dev/install/isaac_ros_gxf/share/isaac_ros_gxf/gxf/include//gxf/network/tcp_server.hpp
-- Symlinking: /workspaces/isaac_ros-dev/install/isaac_ros_gxf/share/isaac_ros_gxf/gxf/include//gxf/npp/nppi_mul_c.hpp
-- Symlinking: /workspaces/isaac_ros-dev/install/isaac_ros_gxf/share/isaac_ros_gxf/gxf/include//gxf/npp/nppi_set.hpp
-- Symlinking: /workspaces/isaac_ros-dev/install/isaac_ros_gxf/share/isaac_ros_gxf/gxf/include//gxf/serialization/component_serializer.hpp
-- Symlinking: /workspaces/isaac_ros-dev/install/isaac_ros_gxf/share/isaac_ros_gxf/gxf/include//gxf/serialization/endpoint.hpp
-- Symlinking: /workspaces/isaac_ros-dev/install/isaac_ros_gxf/share/isaac_ros_gxf/gxf/include//gxf/serialization/entity_recorder.hpp
-- Symlinking: /workspaces/isaac_ros-dev/install/isaac_ros_gxf/share/isaac_ros_gxf/gxf/include//gxf/serialization/entity_replayer.hpp
-- Symlinking: /workspaces/isaac_ros-dev/install/isaac_ros_gxf/share/isaac_ros_gxf/gxf/include//gxf/serialization/entity_serializer.hpp
-- Symlinking: /workspaces/isaac_ros-dev/install/isaac_ros_gxf/share/isaac_ros_gxf/gxf/include//gxf/serialization/file.hpp
-- Symlinking: /workspaces/isaac_ros-dev/install/isaac_ros_gxf/share/isaac_ros_gxf/gxf/include//gxf/serialization/file_stream.hpp
-- Symlinking: /workspaces/isaac_ros-dev/install/isaac_ros_gxf/share/isaac_ros_gxf/gxf/include//gxf/serialization/serialization_buffer.hpp
-- Symlinking: /workspaces/isaac_ros-dev/install/isaac_ros_gxf/share/isaac_ros_gxf/gxf/include//gxf/serialization/std_component_serializer.hpp
-- Symlinking: /workspaces/isaac_ros-dev/install/isaac_ros_gxf/share/isaac_ros_gxf/gxf/include//gxf/serialization/std_entity_id_serializer.hpp
-- Symlinking: /workspaces/isaac_ros-dev/install/isaac_ros_gxf/share/isaac_ros_gxf/gxf/include//gxf/serialization/std_entity_serializer.hpp
-- Symlinking: /workspaces/isaac_ros-dev/install/isaac_ros_gxf/share/isaac_ros_gxf/gxf/include//gxf/serialization/tests/serialization_tester.hpp
-- Symlinking: /workspaces/isaac_ros-dev/install/isaac_ros_gxf/share/isaac_ros_gxf/gxf/include//gxf/serialization/tid_hash.hpp
-- Symlinking: /workspaces/isaac_ros-dev/install/isaac_ros_gxf/share/isaac_ros_gxf/gxf/include//gxf/std/allocator.hpp
-- Symlinking: /workspaces/isaac_ros-dev/install/isaac_ros_gxf/share/isaac_ros_gxf/gxf/include//gxf/std/clock.hpp
-- Symlinking: /workspaces/isaac_ros-dev/install/isaac_ros_gxf/share/isaac_ros_gxf/gxf/include//gxf/std/codelet.hpp
-- Symlinking: /workspaces/isaac_ros-dev/install/isaac_ros_gxf/share/isaac_ros_gxf/gxf/include//gxf/std/complex.hpp
-- Symlinking: /workspaces/isaac_ros-dev/install/isaac_ros_gxf/share/isaac_ros_gxf/gxf/include//gxf/std/component_allocator.hpp
-- Symlinking: /workspaces/isaac_ros-dev/install/isaac_ros_gxf/share/isaac_ros_gxf/gxf/include//gxf/std/component_factory.hpp
-- Symlinking: /workspaces/isaac_ros-dev/install/isaac_ros_gxf/share/isaac_ros_gxf/gxf/include//gxf/std/default_extension.hpp
-- Symlinking: /workspaces/isaac_ros-dev/install/isaac_ros_gxf/share/isaac_ros_gxf/gxf/include//gxf/std/double_buffer_receiver.hpp
-- Symlinking: /workspaces/isaac_ros-dev/install/isaac_ros_gxf/share/isaac_ros_gxf/gxf/include//gxf/std/extension.hpp
-- Symlinking: /workspaces/isaac_ros-dev/install/isaac_ros_gxf/share/isaac_ros_gxf/gxf/include//gxf/std/extension_factory_helper.hpp
-- Symlinking: /workspaces/isaac_ros-dev/install/isaac_ros_gxf/share/isaac_ros_gxf/gxf/include//gxf/std/gems/staging_queue/staging_queue.hpp
-- Symlinking: /workspaces/isaac_ros-dev/install/isaac_ros_gxf/share/isaac_ros_gxf/gxf/include//gxf/std/gems/staging_queue/staging_queue_iterator.hpp
-- Symlinking: /workspaces/isaac_ros-dev/install/isaac_ros_gxf/share/isaac_ros_gxf/gxf/include//gxf/std/gems/suballocators/first_fit_allocator.hpp
-- Symlinking: /workspaces/isaac_ros-dev/install/isaac_ros_gxf/share/isaac_ros_gxf/gxf/include//gxf/std/gems/suballocators/first_fit_allocator_base.hpp
-- Symlinking: /workspaces/isaac_ros-dev/install/isaac_ros_gxf/share/isaac_ros_gxf/gxf/include//gxf/std/memory_buffer.hpp
-- Symlinking: /workspaces/isaac_ros-dev/install/isaac_ros_gxf/share/isaac_ros_gxf/gxf/include//gxf/std/metric.hpp
-- Symlinking: /workspaces/isaac_ros-dev/install/isaac_ros_gxf/share/isaac_ros_gxf/gxf/include//gxf/std/monitor.hpp
-- Symlinking: /workspaces/isaac_ros-dev/install/isaac_ros_gxf/share/isaac_ros_gxf/gxf/include//gxf/std/new_component_allocator.hpp
-- Symlinking: /workspaces/isaac_ros-dev/install/isaac_ros_gxf/share/isaac_ros_gxf/gxf/include//gxf/std/parameter_parser.hpp
-- Symlinking: /workspaces/isaac_ros-dev/install/isaac_ros_gxf/share/isaac_ros_gxf/gxf/include//gxf/std/parameter_parser_std.hpp
-- Symlinking: /workspaces/isaac_ros-dev/install/isaac_ros_gxf/share/isaac_ros_gxf/gxf/include//gxf/std/parameter_registrar.hpp
-- Symlinking: /workspaces/isaac_ros-dev/install/isaac_ros_gxf/share/isaac_ros_gxf/gxf/include//gxf/std/parameter_storage.hpp
-- Symlinking: /workspaces/isaac_ros-dev/install/isaac_ros_gxf/share/isaac_ros_gxf/gxf/include//gxf/std/parameter_wrapper.hpp
-- Symlinking: /workspaces/isaac_ros-dev/install/isaac_ros_gxf/share/isaac_ros_gxf/gxf/include//gxf/std/queue.hpp
-- Symlinking: /workspaces/isaac_ros-dev/install/isaac_ros_gxf/share/isaac_ros_gxf/gxf/include//gxf/std/receiver.hpp
-- Symlinking: /workspaces/isaac_ros-dev/install/isaac_ros_gxf/share/isaac_ros_gxf/gxf/include//gxf/std/scheduling_condition.hpp
-- Symlinking: /workspaces/isaac_ros-dev/install/isaac_ros_gxf/share/isaac_ros_gxf/gxf/include//gxf/std/scheduling_term.hpp
-- Symlinking: /workspaces/isaac_ros-dev/install/isaac_ros_gxf/share/isaac_ros_gxf/gxf/include//gxf/std/scheduling_terms.hpp
-- Symlinking: /workspaces/isaac_ros-dev/install/isaac_ros_gxf/share/isaac_ros_gxf/gxf/include//gxf/std/system.hpp
-- Symlinking: /workspaces/isaac_ros-dev/install/isaac_ros_gxf/share/isaac_ros_gxf/gxf/include//gxf/std/tensor.hpp
-- Symlinking: /workspaces/isaac_ros-dev/install/isaac_ros_gxf/share/isaac_ros_gxf/gxf/include//gxf/std/timestamp.hpp
-- Symlinking: /workspaces/isaac_ros-dev/install/isaac_ros_gxf/share/isaac_ros_gxf/gxf/include//gxf/std/transmitter.hpp
-- Symlinking: /workspaces/isaac_ros-dev/install/isaac_ros_gxf/share/isaac_ros_gxf/gxf/include//gxf/std/type_registry.hpp
-- Symlinking: /workspaces/isaac_ros-dev/install/isaac_ros_gxf/share/isaac_ros_gxf/gxf/include//gxf/std/unbounded_allocator.hpp
-- Symlinking: /workspaces/isaac_ros-dev/install/isaac_ros_gxf/share/isaac_ros_gxf/gxf/include//gxf/std/vault.hpp
-- Symlinking: /workspaces/isaac_ros-dev/install/isaac_ros_gxf/share/isaac_ros_gxf/gxf/include//gxf/std/yaml_file_loader.hpp
-- Symlinking: /workspaces/isaac_ros-dev/install/isaac_ros_gxf/share/isaac_ros_gxf/gxf/include//gxf/stream/tests/test_gxf_stream_sync_cuda_helper.hpp
-- Symlinking: /workspaces/isaac_ros-dev/install/isaac_ros_gxf/share/isaac_ros_gxf/gxf/include//third_party/LICENSE.txt
-- Symlinking: /workspaces/isaac_ros-dev/install/isaac_ros_gxf/share/isaac_ros_gxf/gxf/include//gxf/atlas/.gitkeep
-- Symlinking: /workspaces/isaac_ros-dev/install/isaac_ros_gxf/share/isaac_ros_gxf/gxf/include//gxf/gxf_optimizer/extensions/gxf_optimizer/common/type.hpp
-- Symlinking: /workspaces/isaac_ros-dev/install/isaac_ros_gxf/share/isaac_ros_gxf/gxf/include//gxf/gxf_optimizer/extensions/gxf_optimizer/core/optimizer.hpp
-- Symlinking: /workspaces/isaac_ros-dev/install/isaac_ros_gxf/share/isaac_ros_gxf/gxf/include//gxf/gxf_optimizer/extensions/gxf_optimizer/exporter/graph_types.hpp
-- Symlinking: /workspaces/isaac_ros-dev/install/isaac_ros_gxf/share/isaac_ros_gxf/gxf/include//gxf/isaac_messages/engine/core/allocator/allocator_base.hpp
-- Symlinking: /workspaces/isaac_ros-dev/install/isaac_ros_gxf/share/isaac_ros_gxf/gxf/include//gxf/isaac_messages/engine/core/allocator/allocators.hpp
-- Symlinking: /workspaces/isaac_ros-dev/install/isaac_ros_gxf/share/isaac_ros_gxf/gxf/include//gxf/isaac_messages/engine/core/assert.hpp
-- Symlinking: /workspaces/isaac_ros-dev/install/isaac_ros_gxf/share/isaac_ros_gxf/gxf/include//gxf/isaac_messages/engine/core/buffers/algorithm.hpp
-- Symlinking: /workspaces/isaac_ros-dev/install/isaac_ros_gxf/share/isaac_ros_gxf/gxf/include//gxf/isaac_messages/engine/core/buffers/buffer.hpp
-- Symlinking: /workspaces/isaac_ros-dev/install/isaac_ros_gxf/share/isaac_ros_gxf/gxf/include//gxf/isaac_messages/engine/core/buffers/traits.hpp
-- Symlinking: /workspaces/isaac_ros-dev/install/isaac_ros_gxf/share/isaac_ros_gxf/gxf/include//gxf/isaac_messages/engine/core/byte.hpp
-- Symlinking: /workspaces/isaac_ros-dev/install/isaac_ros_gxf/share/isaac_ros_gxf/gxf/include//gxf/isaac_messages/engine/core/constants.hpp
-- Symlinking: /workspaces/isaac_ros-dev/install/isaac_ros_gxf/share/isaac_ros_gxf/gxf/include//gxf/isaac_messages/engine/core/epsilon.hpp
-- Symlinking: /workspaces/isaac_ros-dev/install/isaac_ros_gxf/share/isaac_ros_gxf/gxf/include//gxf/isaac_messages/engine/core/image/image.hpp
-- Symlinking: /workspaces/isaac_ros-dev/install/isaac_ros_gxf/share/isaac_ros_gxf/gxf/include//gxf/isaac_messages/engine/core/logger.hpp
-- Symlinking: /workspaces/isaac_ros-dev/install/isaac_ros_gxf/share/isaac_ros_gxf/gxf/include//gxf/isaac_messages/engine/core/math/pose2.hpp
-- Symlinking: /workspaces/isaac_ros-dev/install/isaac_ros_gxf/share/isaac_ros_gxf/gxf/include//gxf/isaac_messages/engine/core/math/pose3.hpp
-- Symlinking: /workspaces/isaac_ros-dev/install/isaac_ros_gxf/share/isaac_ros_gxf/gxf/include//gxf/isaac_messages/engine/core/math/so2.hpp
-- Symlinking: /workspaces/isaac_ros-dev/install/isaac_ros_gxf/share/isaac_ros_gxf/gxf/include//gxf/isaac_messages/engine/core/math/so3.hpp
-- Symlinking: /workspaces/isaac_ros-dev/install/isaac_ros_gxf/share/isaac_ros_gxf/gxf/include//gxf/isaac_messages/engine/core/math/types.hpp
-- Symlinking: /workspaces/isaac_ros-dev/install/isaac_ros_gxf/share/isaac_ros_gxf/gxf/include//gxf/isaac_messages/engine/core/math/utils.hpp
-- Symlinking: /workspaces/isaac_ros-dev/install/isaac_ros_gxf/share/isaac_ros_gxf/gxf/include//gxf/isaac_messages/engine/core/optional.hpp
-- Symlinking: /workspaces/isaac_ros-dev/install/isaac_ros_gxf/share/isaac_ros_gxf/gxf/include//gxf/isaac_messages/engine/core/tensor/tensor.hpp
-- Symlinking: /workspaces/isaac_ros-dev/install/isaac_ros_gxf/share/isaac_ros_gxf/gxf/include//gxf/isaac_messages/engine/gems/geometry/line_segment.hpp
-- Symlinking: /workspaces/isaac_ros-dev/install/isaac_ros_gxf/share/isaac_ros_gxf/gxf/include//gxf/isaac_messages/engine/gems/geometry/line_utils.hpp
-- Symlinking: /workspaces/isaac_ros-dev/install/isaac_ros_gxf/share/isaac_ros_gxf/gxf/include//gxf/isaac_messages/engine/gems/geometry/n_cuboid.hpp
-- Symlinking: /workspaces/isaac_ros-dev/install/isaac_ros_gxf/share/isaac_ros_gxf/gxf/include//gxf/isaac_messages/engine/gems/geometry/n_sphere.hpp
-- Symlinking: /workspaces/isaac_ros-dev/install/isaac_ros_gxf/share/isaac_ros_gxf/gxf/include//gxf/isaac_messages/engine/gems/geometry/polygon.hpp
-- Symlinking: /workspaces/isaac_ros-dev/install/isaac_ros_gxf/share/isaac_ros_gxf/gxf/include//gxf/isaac_messages/engine/gems/geometry/polyline.hpp
-- Symlinking: /workspaces/isaac_ros-dev/install/isaac_ros_gxf/share/isaac_ros_gxf/gxf/include//gxf/isaac_messages/engine/gems/image/utils.hpp
-- Symlinking: /workspaces/isaac_ros-dev/install/isaac_ros_gxf/share/isaac_ros_gxf/gxf/include//gxf/isaac_messages/extensions/atlas/pose_tree_frame.hpp
-- Symlinking: /workspaces/isaac_ros-dev/install/isaac_ros_gxf/share/isaac_ros_gxf/gxf/include//gxf/isaac_messages/extensions/gxf_helpers/parameter_parser_isaac.hpp
-- Symlinking: /workspaces/isaac_ros-dev/install/isaac_ros_gxf/share/isaac_ros_gxf/gxf/include//gxf/isaac_messages/extensions/gxf_helpers/parameter_wrapper_isaac.hpp
-- Symlinking: /workspaces/isaac_ros-dev/install/isaac_ros_gxf/share/isaac_ros_gxf/gxf/include//gxf/isaac_messages/extensions/gxf_helpers/string_provider.hpp
-- Symlinking: /workspaces/isaac_ros-dev/install/isaac_ros_gxf/share/isaac_ros_gxf/gxf/include//gxf/isaac_messages/extensions/messages/flatscan_message.hpp
-- Symlinking: /workspaces/isaac_ros-dev/install/isaac_ros_gxf/share/isaac_ros_gxf/gxf/include//gxf/isaac_messages/gems/common/pose_frame_uid.hpp
-- Symlinking: /workspaces/isaac_ros-dev/install/isaac_ros_gxf/share/isaac_ros_gxf/gxf/include//gxf/isaac_messages/gems/flatscan/flatscan_info.hpp
-- Symlinking: /workspaces/isaac_ros-dev/install/isaac_ros_gxf/share/isaac_ros_gxf/gxf/include//gxf/isaac_messages/gems/flatscan/flatscan_types.hpp
-- Symlinking: /workspaces/isaac_ros-dev/install/isaac_ros_gxf/share/isaac_ros_gxf/gxf/include//gxf/isaac_messages/gems/pose_tree/pose_tree.hpp
-- Symlinking: /workspaces/isaac_ros-dev/install/isaac_ros_gxf/share/isaac_ros_gxf/gxf/include//gxf/isaac_messages/gems/pose_tree/pose_tree_edge_history.hpp
-- Symlinking: /workspaces/isaac_ros-dev/install/isaac_ros_gxf/share/isaac_ros_gxf/gxf/include//gxf/isaac_messages/imu_message.hpp
-- Symlinking: /workspaces/isaac_ros-dev/install/isaac_ros_gxf/share/isaac_ros_gxf/gxf/include//gxf/isaac_messages/pose3d_cov_message.hpp
-- Symlinking: /workspaces/isaac_ros-dev/install/isaac_ros_gxf/share/isaac_ros_gxf/gxf/include//gxf/isaac_ros_messages/flat_scan_message.hpp
-- Symlinking: /workspaces/isaac_ros-dev/install/isaac_ros_gxf/share/isaac_ros_gxf/gxf/include//gxf/isaac_ros_messages/point_cloud_message.hpp
-- Symlinking: /workspaces/isaac_ros-dev/install/isaac_ros_gxf/share/isaac_ros_gxf/gxf/lib/behavior_tree/libgxf_behavior_tree.so
-- Symlinking: /workspaces/isaac_ros-dev/install/isaac_ros_gxf/share/isaac_ros_gxf/gxf/lib/core/core_pybind.so
-- Symlinking: /workspaces/isaac_ros-dev/install/isaac_ros_gxf/share/isaac_ros_gxf/gxf/lib/core/libgxf_core.so
-- Symlinking: /workspaces/isaac_ros-dev/install/isaac_ros_gxf/share/isaac_ros_gxf/gxf/lib/cuda/cuda_pybind.so
-- Symlinking: /workspaces/isaac_ros-dev/install/isaac_ros_gxf/share/isaac_ros_gxf/gxf/lib/cuda/libgxf_cuda.so
-- Symlinking: /workspaces/isaac_ros-dev/install/isaac_ros_gxf/share/isaac_ros_gxf/gxf/lib/multimedia/libgxf_multimedia.so
-- Symlinking: /workspaces/isaac_ros-dev/install/isaac_ros_gxf/share/isaac_ros_gxf/gxf/lib/network/libgxf_network.so
-- Symlinking: /workspaces/isaac_ros-dev/install/isaac_ros_gxf/share/isaac_ros_gxf/gxf/lib/npp/libgxf_npp.so
-- Symlinking: /workspaces/isaac_ros-dev/install/isaac_ros_gxf/share/isaac_ros_gxf/gxf/lib/python_codelet/libgxf_python_codelet.so
-- Symlinking: /workspaces/isaac_ros-dev/install/isaac_ros_gxf/share/isaac_ros_gxf/gxf/lib/python_codelet/pycodelet.so
-- Symlinking: /workspaces/isaac_ros-dev/install/isaac_ros_gxf/share/isaac_ros_gxf/gxf/lib/sample/libgxf_sample.so
-- Symlinking: /workspaces/isaac_ros-dev/install/isaac_ros_gxf/share/isaac_ros_gxf/gxf/lib/serialization/libgxf_serialization.so
-- Symlinking: /workspaces/isaac_ros-dev/install/isaac_ros_gxf/share/isaac_ros_gxf/gxf/lib/std/allocator_pybind.so
-- Symlinking: /workspaces/isaac_ros-dev/install/isaac_ros_gxf/share/isaac_ros_gxf/gxf/lib/std/clock_pybind.so
-- Symlinking: /workspaces/isaac_ros-dev/install/isaac_ros_gxf/share/isaac_ros_gxf/gxf/lib/std/libgxf_std.so
-- Symlinking: /workspaces/isaac_ros-dev/install/isaac_ros_gxf/share/isaac_ros_gxf/gxf/lib/std/receiver_pybind.so
-- Symlinking: /workspaces/isaac_ros-dev/install/isaac_ros_gxf/share/isaac_ros_gxf/gxf/lib/std/tensor_pybind.so
-- Symlinking: /workspaces/isaac_ros-dev/install/isaac_ros_gxf/share/isaac_ros_gxf/gxf/lib/std/timestamp_pybind.so
-- Symlinking: /workspaces/isaac_ros-dev/install/isaac_ros_gxf/share/isaac_ros_gxf/gxf/lib/std/transmitter_pybind.so
-- Symlinking: /workspaces/isaac_ros-dev/install/isaac_ros_gxf/share/isaac_ros_gxf/gxf/lib/std/vault_pybind.so
-- Symlinking: /workspaces/isaac_ros-dev/install/isaac_ros_gxf/share/isaac_ros_gxf/gxf/lib/stream/libgxf_stream.so
-- Symlinking: /workspaces/isaac_ros-dev/install/isaac_ros_gxf/share/isaac_ros_gxf/gxf/lib/stream/libgxf_test_stream_sync_cuda.so
-- Symlinking: /workspaces/isaac_ros-dev/install/isaac_ros_gxf/share/isaac_ros_gxf/gxf/lib/libgxf_argus.so
-- Symlinking: /workspaces/isaac_ros-dev/install/isaac_ros_gxf/share/isaac_ros_gxf/gxf/lib/libgxf_atlas.so
-- Symlinking: /workspaces/isaac_ros-dev/install/isaac_ros_gxf/share/isaac_ros_gxf/gxf/lib/libgxf_cuda.so
-- Symlinking: /workspaces/isaac_ros-dev/install/isaac_ros_gxf/share/isaac_ros_gxf/gxf/lib/libgxf_flatscan_localization.so
-- Symlinking: /workspaces/isaac_ros-dev/install/isaac_ros_gxf/share/isaac_ros_gxf/gxf/lib/libgxf_gxf_helpers.so
-- Symlinking: /workspaces/isaac_ros-dev/install/isaac_ros_gxf/share/isaac_ros_gxf/gxf/lib/libgxf_hesai.so
-- Symlinking: /workspaces/isaac_ros-dev/install/isaac_ros_gxf/share/isaac_ros_gxf/gxf/lib/libgxf_isaac_messages.so
-- Symlinking: /workspaces/isaac_ros-dev/install/isaac_ros_gxf/share/isaac_ros_gxf/gxf/lib/libgxf_isaac_ros_messages.so
-- Symlinking: /workspaces/isaac_ros-dev/install/isaac_ros_gxf/share/isaac_ros_gxf/gxf/lib/libgxf_localization.so
-- Symlinking: /workspaces/isaac_ros-dev/install/isaac_ros_gxf/share/isaac_ros_gxf/gxf/lib/libgxf_message_compositor.so
-- Symlinking: /workspaces/isaac_ros-dev/install/isaac_ros_gxf/share/isaac_ros_gxf/gxf/lib/libgxf_optimizer.so
-- Symlinking: /workspaces/isaac_ros-dev/install/isaac_ros_gxf/share/isaac_ros_gxf/gxf/lib/libgxf_point_cloud.so
-- Symlinking: /workspaces/isaac_ros-dev/install/isaac_ros_gxf/share/isaac_ros_gxf/gxf/lib/libgxf_range_scan_processing.so
-- Symlinking: /workspaces/isaac_ros-dev/install/isaac_ros_gxf/share/isaac_ros_gxf/gxf/lib/libgxf_sight.so
-- Symlinking: /workspaces/isaac_ros-dev/install/isaac_ros_gxf/share/isaac_ros_gxf/gxf/lib/libgxf_synchronization.so
-- Symlinking: /workspaces/isaac_ros-dev/install/isaac_ros_gxf/share/isaac_ros_gxf/gxf/lib/libgxf_utils.so
-- Symlinking: /workspaces/isaac_ros-dev/install/isaac_ros_gxf/share/ament_index/resource_index/isaac_ros_gxf_cmake_path/isaac_ros_gxf
-- Symlinking: /workspaces/isaac_ros-dev/install/isaac_ros_gxf/share/isaac_ros_gxf/cmake/isaac_ros_gxf-extras.cmake
-- Symlinking: /workspaces/isaac_ros-dev/install/isaac_ros_gxf/share/isaac_ros_gxf/cmake/modules/FindGXF.cmake
-- Symlinking: /workspaces/isaac_ros-dev/install/isaac_ros_gxf/share/isaac_ros_gxf/cmake/modules/YamlCpp.cmake
-- Symlinking: /workspaces/isaac_ros-dev/install/isaac_ros_gxf/share/ament_index/resource_index/package_run_dependencies/isaac_ros_gxf
-- Symlinking: /workspaces/isaac_ros-dev/install/isaac_ros_gxf/share/ament_index/resource_index/parent_prefix_path/isaac_ros_gxf
-- Symlinking: /workspaces/isaac_ros-dev/install/isaac_ros_gxf/share/isaac_ros_gxf/environment/ament_prefix_path.sh
-- Symlinking: /workspaces/isaac_ros-dev/install/isaac_ros_gxf/share/isaac_ros_gxf/environment/ament_prefix_path.dsv
-- Symlinking: /workspaces/isaac_ros-dev/install/isaac_ros_gxf/share/isaac_ros_gxf/environment/path.sh
-- Symlinking: /workspaces/isaac_ros-dev/install/isaac_ros_gxf/share/isaac_ros_gxf/environment/path.dsv
-- Symlinking: /workspaces/isaac_ros-dev/install/isaac_ros_gxf/share/isaac_ros_gxf/local_setup.bash
-- Symlinking: /workspaces/isaac_ros-dev/install/isaac_ros_gxf/share/isaac_ros_gxf/local_setup.sh
-- Symlinking: /workspaces/isaac_ros-dev/install/isaac_ros_gxf/share/isaac_ros_gxf/local_setup.zsh
-- Symlinking: /workspaces/isaac_ros-dev/install/isaac_ros_gxf/share/isaac_ros_gxf/local_setup.dsv
-- Symlinking: /workspaces/isaac_ros-dev/install/isaac_ros_gxf/share/isaac_ros_gxf/package.dsv
-- Symlinking: /workspaces/isaac_ros-dev/install/isaac_ros_gxf/share/ament_index/resource_index/packages/isaac_ros_gxf
-- Up-to-date symlink: /workspaces/isaac_ros-dev/install/isaac_ros_gxf/share/isaac_ros_gxf/cmake/isaac_ros_gxf-extras.cmake
-- Symlinking: /workspaces/isaac_ros-dev/install/isaac_ros_gxf/share/isaac_ros_gxf/cmake/isaac_ros_gxfConfig.cmake
-- Symlinking: /workspaces/isaac_ros-dev/install/isaac_ros_gxf/share/isaac_ros_gxf/cmake/isaac_ros_gxfConfig-version.cmake
-- Symlinking: /workspaces/isaac_ros-dev/install/isaac_ros_gxf/share/isaac_ros_gxf/package.xml
