[4.315s] Invoking command in '/workspaces/isaac_ros-dev/src/isaac_ros_compression/utils/isaac_ros_to_h264_msgs_packet': PYTHONPATH=/workspaces/isaac_ros-dev/build/isaac_ros_to_h264_msgs_packet/prefix_override:/workspaces/isaac_ros-dev/install/isaac_ros_to_h264_msgs_packet/lib/python3.8/site-packages:${PYTHONPATH} /usr/bin/python3 setup.py egg_info --egg-base ../../../../build/isaac_ros_to_h264_msgs_packet build --build-base /workspaces/isaac_ros-dev/build/isaac_ros_to_h264_msgs_packet/build install --record /workspaces/isaac_ros-dev/build/isaac_ros_to_h264_msgs_packet/install.log --single-version-externally-managed
[5.432s] running egg_info
[5.435s] creating ../../../../build/isaac_ros_to_h264_msgs_packet/isaac_ros_to_h264_msgs_packet.egg-info
[5.482s] writing ../../../../build/isaac_ros_to_h264_msgs_packet/isaac_ros_to_h264_msgs_packet.egg-info/PKG-INFO
[5.482s] writing dependency_links to ../../../../build/isaac_ros_to_h264_msgs_packet/isaac_ros_to_h264_msgs_packet.egg-info/dependency_links.txt
[5.482s] writing entry points to ../../../../build/isaac_ros_to_h264_msgs_packet/isaac_ros_to_h264_msgs_packet.egg-info/entry_points.txt
[5.482s] writing requirements to ../../../../build/isaac_ros_to_h264_msgs_packet/isaac_ros_to_h264_msgs_packet.egg-info/requires.txt
[5.483s] writing top-level names to ../../../../build/isaac_ros_to_h264_msgs_packet/isaac_ros_to_h264_msgs_packet.egg-info/top_level.txt
[5.483s] writing manifest file '../../../../build/isaac_ros_to_h264_msgs_packet/isaac_ros_to_h264_msgs_packet.egg-info/SOURCES.txt'
[5.562s] reading manifest file '../../../../build/isaac_ros_to_h264_msgs_packet/isaac_ros_to_h264_msgs_packet.egg-info/SOURCES.txt'
[5.566s] writing manifest file '../../../../build/isaac_ros_to_h264_msgs_packet/isaac_ros_to_h264_msgs_packet.egg-info/SOURCES.txt'
[5.566s] running build
[5.566s] running build_py
[5.567s] creating /workspaces/isaac_ros-dev/build/isaac_ros_to_h264_msgs_packet/build
[5.567s] creating /workspaces/isaac_ros-dev/build/isaac_ros_to_h264_msgs_packet/build/lib
[5.568s] creating /workspaces/isaac_ros-dev/build/isaac_ros_to_h264_msgs_packet/build/lib/isaac_ros_to_h264_msgs_packet
[5.568s] copying isaac_ros_to_h264_msgs_packet/ToH264MsgsPacket.py -> /workspaces/isaac_ros-dev/build/isaac_ros_to_h264_msgs_packet/build/lib/isaac_ros_to_h264_msgs_packet
[5.568s] copying isaac_ros_to_h264_msgs_packet/__init__.py -> /workspaces/isaac_ros-dev/build/isaac_ros_to_h264_msgs_packet/build/lib/isaac_ros_to_h264_msgs_packet
[5.569s] running install
[5.589s] running install_lib
[5.624s] creating /workspaces/isaac_ros-dev/install/isaac_ros_to_h264_msgs_packet/lib/python3.8/site-packages/isaac_ros_to_h264_msgs_packet
[5.625s] copying /workspaces/isaac_ros-dev/build/isaac_ros_to_h264_msgs_packet/build/lib/isaac_ros_to_h264_msgs_packet/ToH264MsgsPacket.py -> /workspaces/isaac_ros-dev/install/isaac_ros_to_h264_msgs_packet/lib/python3.8/site-packages/isaac_ros_to_h264_msgs_packet
[5.626s] copying /workspaces/isaac_ros-dev/build/isaac_ros_to_h264_msgs_packet/build/lib/isaac_ros_to_h264_msgs_packet/__init__.py -> /workspaces/isaac_ros-dev/install/isaac_ros_to_h264_msgs_packet/lib/python3.8/site-packages/isaac_ros_to_h264_msgs_packet
[5.627s] byte-compiling /workspaces/isaac_ros-dev/install/isaac_ros_to_h264_msgs_packet/lib/python3.8/site-packages/isaac_ros_to_h264_msgs_packet/ToH264MsgsPacket.py to ToH264MsgsPacket.cpython-38.pyc
[5.629s] byte-compiling /workspaces/isaac_ros-dev/install/isaac_ros_to_h264_msgs_packet/lib/python3.8/site-packages/isaac_ros_to_h264_msgs_packet/__init__.py to __init__.cpython-38.pyc
[5.630s] running install_data
[5.669s] creating /workspaces/isaac_ros-dev/install/isaac_ros_to_h264_msgs_packet/share/ament_index
[5.670s] creating /workspaces/isaac_ros-dev/install/isaac_ros_to_h264_msgs_packet/share/ament_index/resource_index
[5.670s] creating /workspaces/isaac_ros-dev/install/isaac_ros_to_h264_msgs_packet/share/ament_index/resource_index/packages
[5.670s] copying resource/isaac_ros_to_h264_msgs_packet -> /workspaces/isaac_ros-dev/install/isaac_ros_to_h264_msgs_packet/share/ament_index/resource_index/packages
[5.671s] copying package.xml -> /workspaces/isaac_ros-dev/install/isaac_ros_to_h264_msgs_packet/share/isaac_ros_to_h264_msgs_packet
[5.671s] creating /workspaces/isaac_ros-dev/install/isaac_ros_to_h264_msgs_packet/share/isaac_ros_to_h264_msgs_packet/launch
[5.671s] copying launch/h264_compatible_decoder.launch.py -> /workspaces/isaac_ros-dev/install/isaac_ros_to_h264_msgs_packet/share/isaac_ros_to_h264_msgs_packet/launch
[5.672s] creating /workspaces/isaac_ros-dev/install/isaac_ros_to_h264_msgs_packet/share/isaac_ros_to_h264_msgs_packet/config
[5.672s] running install_egg_info
[5.714s] Copying ../../../../build/isaac_ros_to_h264_msgs_packet/isaac_ros_to_h264_msgs_packet.egg-info to /workspaces/isaac_ros-dev/install/isaac_ros_to_h264_msgs_packet/lib/python3.8/site-packages/isaac_ros_to_h264_msgs_packet-0.30.0-py3.8.egg-info
[5.717s] running install_scripts
[5.913s] Installing ToH264MsgsPacket script to /workspaces/isaac_ros-dev/install/isaac_ros_to_h264_msgs_packet/lib/isaac_ros_to_h264_msgs_packet
[5.914s] writing list of installed files to '/workspaces/isaac_ros-dev/build/isaac_ros_to_h264_msgs_packet/install.log'
[6.056s] Invoked command in '/workspaces/isaac_ros-dev/src/isaac_ros_compression/utils/isaac_ros_to_h264_msgs_packet' returned '0': PYTHONPATH=/workspaces/isaac_ros-dev/build/isaac_ros_to_h264_msgs_packet/prefix_override:/workspaces/isaac_ros-dev/install/isaac_ros_to_h264_msgs_packet/lib/python3.8/site-packages:${PYTHONPATH} /usr/bin/python3 setup.py egg_info --egg-base ../../../../build/isaac_ros_to_h264_msgs_packet build --build-base /workspaces/isaac_ros-dev/build/isaac_ros_to_h264_msgs_packet/build install --record /workspaces/isaac_ros-dev/build/isaac_ros_to_h264_msgs_packet/install.log --single-version-externally-managed
