[0.152s] Invoking command in '/workspaces/isaac_ros-dev/build/isaac_ros_nitros_image_type': AMENT_PREFIX_PATH=/workspaces/isaac_ros-dev/install/isaac_ros_nitros:/workspaces/isaac_ros-dev/install/isaac_ros_nitros_interfaces:/workspaces/isaac_ros-dev/install/isaac_ros_gxf:/workspaces/isaac_ros-dev/install/isaac_ros_test:/workspaces/isaac_ros-dev/install/isaac_ros_common:${AMENT_PREFIX_PATH} CMAKE_PREFIX_PATH=/workspaces/isaac_ros-dev/install/isaac_ros_nitros:/workspaces/isaac_ros-dev/install/isaac_ros_nitros_interfaces:/workspaces/isaac_ros-dev/install/isaac_ros_gxf:/workspaces/isaac_ros-dev/install/isaac_ros_common:${CMAKE_PREFIX_PATH} LD_LIBRARY_PATH=/workspaces/isaac_ros-dev/install/isaac_ros_nitros/lib:/workspaces/isaac_ros-dev/install/isaac_ros_nitros_interfaces/lib:/workspaces/isaac_ros-dev/install/isaac_ros_common/lib:/opt/ros/humble/install/opt/rviz_ogre_vendor/lib:/opt/ros/humble/install/lib:/usr/lib/aarch64-linux-gnu/tegra/weston:/usr/lib/aarch64-linux-gnu/tegra-egl:/usr/local/cuda-11.4/targets/aarch64-linux/lib:/usr/lib/aarch64-linux-gnu/tegra:/opt/nvidia/vpi2/lib64:/usr/lib/aarch64-linux-gnu-host:/opt/tritonserver/lib PYTHONPATH=/workspaces/isaac_ros-dev/install/isaac_ros_nitros_interfaces/lib/python3.8/site-packages:/workspaces/isaac_ros-dev/install/isaac_ros_test/lib/python3.8/site-packages:${PYTHONPATH} /usr/bin/cmake /workspaces/isaac_ros-dev/src/isaac_ros_nitros/isaac_ros_nitros_type/isaac_ros_nitros_image_type -DCMAKE_INSTALL_PREFIX=/workspaces/isaac_ros-dev/install/isaac_ros_nitros_image_type
[0.318s] -- The C compiler identification is GNU 9.4.0
[0.462s] -- The CXX compiler identification is GNU 9.4.0
[0.488s] -- Detecting C compiler ABI info
[0.678s] -- Detecting C compiler ABI info - done
[0.692s] -- Check for working C compiler: /usr/bin/cc - skipped
[0.693s] -- Detecting C compile features
[0.694s] -- Detecting C compile features - done
[0.703s] -- Detecting CXX compiler ABI info
[0.901s] -- Detecting CXX compiler ABI info - done
[0.915s] -- Check for working CXX compiler: /usr/bin/c++ - skipped
[0.916s] -- Detecting CXX compile features
[0.919s] -- Detecting CXX compile features - done
[0.932s] -- Found ament_cmake_auto: 1.3.3 (/opt/ros/humble/install/share/ament_cmake_auto/cmake)
[3.231s] -- Found Python3: /usr/bin/python3.8 (found version "3.8.10") found components: Interpreter 
[3.862s] -- Found rosidl_generator_c: 3.1.4 (/opt/ros/humble/install/share/rosidl_generator_c/cmake)
[3.881s] -- Found rosidl_adapter: 3.1.4 (/opt/ros/humble/install/share/rosidl_adapter/cmake)
[3.912s] -- Found rosidl_generator_cpp: 3.1.4 (/opt/ros/humble/install/share/rosidl_generator_cpp/cmake)
[3.959s] -- Using all available rosidl_typesupport_c: rosidl_typesupport_fastrtps_c;rosidl_typesupport_introspection_c
[4.020s] -- Using all available rosidl_typesupport_cpp: rosidl_typesupport_fastrtps_cpp;rosidl_typesupport_introspection_cpp
[4.234s] -- Found rmw_implementation_cmake: 6.1.1 (/opt/ros/humble/install/share/rmw_implementation_cmake/cmake)
[4.243s] -- Found rmw_fastrtps_cpp: 6.2.2 (/opt/ros/humble/install/share/rmw_fastrtps_cpp/cmake)
[4.668s] -- Found OpenSSL: /usr/lib/aarch64-linux-gnu/libcrypto.so (found version "1.1.1f")  
[4.774s] -- Found FastRTPS: /opt/ros/humble/install/include  
[4.964s] -- Using RMW implementation 'rmw_fastrtps_cpp' as default
[4.997s] -- Looking for pthread.h
[5.214s] -- Looking for pthread.h - found
[5.215s] -- Performing Test CMAKE_HAVE_LIBC_PTHREAD
[5.429s] -- Performing Test CMAKE_HAVE_LIBC_PTHREAD - Failed
[5.431s] -- Looking for pthread_create in pthreads
[5.580s] -- Looking for pthread_create in pthreads - not found
[5.588s] -- Looking for pthread_create in pthread
[5.777s] -- Looking for pthread_create in pthread - found
[5.782s] -- Found Threads: TRUE  
[6.908s] -- Loading isaac_ros_gxf extras
[6.915s] -- Loading isaac_ros_common extras
[6.916s] -- CMAKE_BUILD_TYPE: Release
[6.989s] -- Found CUDA: /usr/local/cuda (found version "11.4") 
[6.992s] -- Loading isaac_ros_common extras (modules)
[7.013s] -- Found atlas lib=/workspaces/isaac_ros-dev/install/isaac_ros_gxf/share/isaac_ros_gxf/gxf/lib/libgxf_atlas.so, include=/workspaces/isaac_ros-dev/install/isaac_ros_gxf/share/isaac_ros_gxf/gxf/include/gxf
[7.020s] -- Found cuda lib=/workspaces/isaac_ros-dev/install/isaac_ros_gxf/share/isaac_ros_gxf/gxf/lib/cuda/libgxf_cuda.so, include=/workspaces/isaac_ros-dev/install/isaac_ros_gxf/share/isaac_ros_gxf/gxf/include/gxf
[7.027s] -- Found isaac_messages lib=/workspaces/isaac_ros-dev/install/isaac_ros_gxf/share/isaac_ros_gxf/gxf/lib/libgxf_isaac_messages.so, include=/workspaces/isaac_ros-dev/install/isaac_ros_gxf/share/isaac_ros_gxf/gxf/include/gxf
[7.035s] -- Found isaac_ros_messages lib=/workspaces/isaac_ros-dev/install/isaac_ros_gxf/share/isaac_ros_gxf/gxf/lib/libgxf_isaac_ros_messages.so, include=/workspaces/isaac_ros-dev/install/isaac_ros_gxf/share/isaac_ros_gxf/gxf/include/gxf
[7.042s] -- Found multimedia lib=/workspaces/isaac_ros-dev/install/isaac_ros_gxf/share/isaac_ros_gxf/gxf/lib/multimedia/libgxf_multimedia.so, include=/workspaces/isaac_ros-dev/install/isaac_ros_gxf/share/isaac_ros_gxf/gxf/include/gxf
[7.052s] -- Found gxf_optimizer lib=/workspaces/isaac_ros-dev/install/isaac_ros_gxf/share/isaac_ros_gxf/gxf/lib/libgxf_optimizer.so, include=/workspaces/isaac_ros-dev/install/isaac_ros_gxf/share/isaac_ros_gxf/gxf/include/gxf
[7.058s] -- Found serialization lib=/workspaces/isaac_ros-dev/install/isaac_ros_gxf/share/isaac_ros_gxf/gxf/lib/serialization/libgxf_serialization.so, include=/workspaces/isaac_ros-dev/install/isaac_ros_gxf/share/isaac_ros_gxf/gxf/include/gxf
[7.064s] -- Found std lib=/workspaces/isaac_ros-dev/install/isaac_ros_gxf/share/isaac_ros_gxf/gxf/lib/std/libgxf_std.so, include=/workspaces/isaac_ros-dev/install/isaac_ros_gxf/share/isaac_ros_gxf/gxf/include/gxf
[7.072s] -- Found core lib=/workspaces/isaac_ros-dev/install/isaac_ros_gxf/share/isaac_ros_gxf/gxf/lib/core/libgxf_core.so, include=/workspaces/isaac_ros-dev/install/isaac_ros_gxf/share/isaac_ros_gxf/gxf/include/gxf
[7.077s] -- Found GXF:  (found suitable version "2.5.0", minimum required is "2.5.0") found components: core multimedia 
[9.906s] -- Performing Test FLAG_WEXTRA
[10.115s] -- Performing Test FLAG_WEXTRA - Success
[10.445s] -- Found ament_lint_auto: 0.12.5 (/opt/ros/humble/install/share/ament_lint_auto/cmake)
[10.554s] -- Found launch_testing_ament_cmake: 1.0.4 (/opt/ros/humble/install/share/launch_testing_ament_cmake/cmake)
[10.560s] -- Found python_cmake_module: 0.10.0 (/opt/ros/humble/install/share/python_cmake_module/cmake)
[10.660s] -- Found PythonInterp: /usr/bin/python3 (found suitable version "3.8.10", minimum required is "3.6") 
[10.678s] -- Found PythonLibs: /usr/lib/aarch64-linux-gnu/libpython3.8.so (found suitable version "3.8.10", minimum required is "3.5") 
[10.678s] -- Using PYTHON_EXECUTABLE: /usr/bin/python3
[10.679s] -- Using PYTHON_INCLUDE_DIRS: /usr/include/python3.8
[10.679s] -- Using PYTHON_LIBRARIES: /usr/lib/aarch64-linux-gnu/libpython3.8.so
[10.785s] -- Found PythonExtra: .so  
[10.804s] -- Added test 'cppcheck' to perform static code analysis on C / C++ code
[10.805s] -- Configured cppcheck include dirs: /workspaces/isaac_ros-dev/src/isaac_ros_nitros/isaac_ros_nitros_type/isaac_ros_nitros_image_type/include
[10.805s] -- Configured cppcheck exclude dirs and/or files: 
[10.810s] -- Added test 'cpplint' to check C / C++ code against the Google style
[10.810s] -- Configured cpplint exclude dirs and/or files: 
[10.813s] -- Added test 'flake8' to check Python code syntax and style conventions
[10.815s] -- Added test 'lint_cmake' to check CMake code style
[10.818s] -- Added test 'pep257' to check Python code against some of the docstring style conventions in PEP 257
[10.823s] -- Added test 'uncrustify' to check C / C++ code style
[10.823s] -- Configured uncrustify additional arguments: 
[10.826s] -- Added test 'xmllint' to check XML markup files
[10.835s] -- Configuring done
[10.982s] -- Generating done
[10.990s] -- Build files have been written to: /workspaces/isaac_ros-dev/build/isaac_ros_nitros_image_type
[11.034s] Invoked command in '/workspaces/isaac_ros-dev/build/isaac_ros_nitros_image_type' returned '0': AMENT_PREFIX_PATH=/workspaces/isaac_ros-dev/install/isaac_ros_nitros:/workspaces/isaac_ros-dev/install/isaac_ros_nitros_interfaces:/workspaces/isaac_ros-dev/install/isaac_ros_gxf:/workspaces/isaac_ros-dev/install/isaac_ros_test:/workspaces/isaac_ros-dev/install/isaac_ros_common:${AMENT_PREFIX_PATH} CMAKE_PREFIX_PATH=/workspaces/isaac_ros-dev/install/isaac_ros_nitros:/workspaces/isaac_ros-dev/install/isaac_ros_nitros_interfaces:/workspaces/isaac_ros-dev/install/isaac_ros_gxf:/workspaces/isaac_ros-dev/install/isaac_ros_common:${CMAKE_PREFIX_PATH} LD_LIBRARY_PATH=/workspaces/isaac_ros-dev/install/isaac_ros_nitros/lib:/workspaces/isaac_ros-dev/install/isaac_ros_nitros_interfaces/lib:/workspaces/isaac_ros-dev/install/isaac_ros_common/lib:/opt/ros/humble/install/opt/rviz_ogre_vendor/lib:/opt/ros/humble/install/lib:/usr/lib/aarch64-linux-gnu/tegra/weston:/usr/lib/aarch64-linux-gnu/tegra-egl:/usr/local/cuda-11.4/targets/aarch64-linux/lib:/usr/lib/aarch64-linux-gnu/tegra:/opt/nvidia/vpi2/lib64:/usr/lib/aarch64-linux-gnu-host:/opt/tritonserver/lib PYTHONPATH=/workspaces/isaac_ros-dev/install/isaac_ros_nitros_interfaces/lib/python3.8/site-packages:/workspaces/isaac_ros-dev/install/isaac_ros_test/lib/python3.8/site-packages:${PYTHONPATH} /usr/bin/cmake /workspaces/isaac_ros-dev/src/isaac_ros_nitros/isaac_ros_nitros_type/isaac_ros_nitros_image_type -DCMAKE_INSTALL_PREFIX=/workspaces/isaac_ros-dev/install/isaac_ros_nitros_image_type
[11.036s] Invoking command in '/workspaces/isaac_ros-dev/build/isaac_ros_nitros_image_type': AMENT_PREFIX_PATH=/workspaces/isaac_ros-dev/install/isaac_ros_nitros:/workspaces/isaac_ros-dev/install/isaac_ros_nitros_interfaces:/workspaces/isaac_ros-dev/install/isaac_ros_gxf:/workspaces/isaac_ros-dev/install/isaac_ros_test:/workspaces/isaac_ros-dev/install/isaac_ros_common:${AMENT_PREFIX_PATH} CMAKE_PREFIX_PATH=/workspaces/isaac_ros-dev/install/isaac_ros_nitros:/workspaces/isaac_ros-dev/install/isaac_ros_nitros_interfaces:/workspaces/isaac_ros-dev/install/isaac_ros_gxf:/workspaces/isaac_ros-dev/install/isaac_ros_common:${CMAKE_PREFIX_PATH} LD_LIBRARY_PATH=/workspaces/isaac_ros-dev/install/isaac_ros_nitros/lib:/workspaces/isaac_ros-dev/install/isaac_ros_nitros_interfaces/lib:/workspaces/isaac_ros-dev/install/isaac_ros_common/lib:/opt/ros/humble/install/opt/rviz_ogre_vendor/lib:/opt/ros/humble/install/lib:/usr/lib/aarch64-linux-gnu/tegra/weston:/usr/lib/aarch64-linux-gnu/tegra-egl:/usr/local/cuda-11.4/targets/aarch64-linux/lib:/usr/lib/aarch64-linux-gnu/tegra:/opt/nvidia/vpi2/lib64:/usr/lib/aarch64-linux-gnu-host:/opt/tritonserver/lib PYTHONPATH=/workspaces/isaac_ros-dev/install/isaac_ros_nitros_interfaces/lib/python3.8/site-packages:/workspaces/isaac_ros-dev/install/isaac_ros_test/lib/python3.8/site-packages:${PYTHONPATH} /usr/bin/cmake --build /workspaces/isaac_ros-dev/build/isaac_ros_nitros_image_type -- -j4 -l4
[11.130s] [  2%] [32mBuilding CXX object _deps/yaml-cpp-build/CMakeFiles/yaml-cpp.dir/src/convert.cpp.o[0m
[11.148s] [  5%] [32mBuilding CXX object _deps/yaml-cpp-build/CMakeFiles/yaml-cpp.dir/src/directives.cpp.o[0m
[11.158s] [  8%] [32mBuilding CXX object _deps/yaml-cpp-build/CMakeFiles/yaml-cpp.dir/src/binary.cpp.o[0m
[12.180s] [ 11%] [32mBuilding CXX object _deps/yaml-cpp-build/CMakeFiles/yaml-cpp.dir/src/emit.cpp.o[0m
[12.267s] [ 14%] [32mBuilding CXX object _deps/yaml-cpp-build/CMakeFiles/yaml-cpp.dir/src/emitfromevents.cpp.o[0m
[13.116s] [ 17%] [32mBuilding CXX object _deps/yaml-cpp-build/CMakeFiles/yaml-cpp.dir/src/emitter.cpp.o[0m
[18.808s] [ 20%] [32mBuilding CXX object _deps/yaml-cpp-build/CMakeFiles/yaml-cpp.dir/src/exceptions.cpp.o[0m
[19.792s] [ 22%] [32mBuilding CXX object _deps/yaml-cpp-build/CMakeFiles/yaml-cpp.dir/src/exp.cpp.o[0m
[21.427s] [ 25%] [32mBuilding CXX object _deps/yaml-cpp-build/CMakeFiles/yaml-cpp.dir/src/memory.cpp.o[0m
[23.279s] [ 28%] [32mBuilding CXX object _deps/yaml-cpp-build/CMakeFiles/yaml-cpp.dir/src/node.cpp.o[0m
[24.291s] [ 31%] [32mBuilding CXX object _deps/yaml-cpp-build/CMakeFiles/yaml-cpp.dir/src/node_data.cpp.o[0m
[26.946s] [ 34%] [32mBuilding CXX object _deps/yaml-cpp-build/CMakeFiles/yaml-cpp.dir/src/nodebuilder.cpp.o[0m
[29.546s] [ 37%] [32mBuilding CXX object _deps/yaml-cpp-build/CMakeFiles/yaml-cpp.dir/src/nodeevents.cpp.o[0m
[31.665s] [ 40%] [32mBuilding CXX object _deps/yaml-cpp-build/CMakeFiles/yaml-cpp.dir/src/null.cpp.o[0m
[32.175s] [ 42%] [32mBuilding CXX object _deps/yaml-cpp-build/CMakeFiles/yaml-cpp.dir/src/ostream_wrapper.cpp.o[0m
[33.292s] [ 45%] [32mBuilding CXX object _deps/yaml-cpp-build/CMakeFiles/yaml-cpp.dir/src/parse.cpp.o[0m
[35.845s] [ 48%] [32mBuilding CXX object _deps/yaml-cpp-build/CMakeFiles/yaml-cpp.dir/src/parser.cpp.o[0m
[38.236s] [ 51%] [32mBuilding CXX object _deps/yaml-cpp-build/CMakeFiles/yaml-cpp.dir/src/regex_yaml.cpp.o[0m
[39.628s] [ 54%] [32mBuilding CXX object _deps/yaml-cpp-build/CMakeFiles/yaml-cpp.dir/src/scanner.cpp.o[0m
[43.691s] [ 57%] [32mBuilding CXX object _deps/yaml-cpp-build/CMakeFiles/yaml-cpp.dir/src/scanscalar.cpp.o[0m
[46.498s] [ 60%] [32mBuilding CXX object _deps/yaml-cpp-build/CMakeFiles/yaml-cpp.dir/src/scantag.cpp.o[0m
[48.827s] [ 62%] [32mBuilding CXX object _deps/yaml-cpp-build/CMakeFiles/yaml-cpp.dir/src/scantoken.cpp.o[0m
[54.849s] [ 65%] [32mBuilding CXX object _deps/yaml-cpp-build/CMakeFiles/yaml-cpp.dir/src/simplekey.cpp.o[0m
[56.652s] [ 68%] [32mBuilding CXX object _deps/yaml-cpp-build/CMakeFiles/yaml-cpp.dir/src/singledocparser.cpp.o[0m
[59.754s] [ 71%] [32mBuilding CXX object _deps/yaml-cpp-build/CMakeFiles/yaml-cpp.dir/src/stream.cpp.o[0m
[61.202s] [ 74%] [32mBuilding CXX object _deps/yaml-cpp-build/CMakeFiles/yaml-cpp.dir/src/tag.cpp.o[0m
[62.404s] [ 77%] [32mBuilding CXX object _deps/yaml-cpp-build/CMakeFiles/yaml-cpp.dir/src/contrib/graphbuilder.cpp.o[0m
[63.631s] [ 80%] [32mBuilding CXX object _deps/yaml-cpp-build/CMakeFiles/yaml-cpp.dir/src/contrib/graphbuilderadapter.cpp.o[0m
[64.895s] [ 82%] [32mBuilding CXX object _deps/yaml-cpp-build/CMakeFiles/yaml-cpp.dir/src/emitterutils.cpp.o[0m
[73.435s] [ 85%] [32mBuilding CXX object _deps/yaml-cpp-build/CMakeFiles/yaml-cpp.dir/src/emitterstate.cpp.o[0m
[75.958s] [ 88%] [32m[1mLinking CXX static library libyaml-cpp.a[0m
[76.095s] [ 88%] Built target yaml-cpp
[76.133s] [ 91%] [32mBuilding CXX object CMakeFiles/isaac_ros_nitros_image_type.dir/src/nitros_image.cpp.o[0m
[110.929s] [ 94%] [32m[1mLinking CXX shared library libisaac_ros_nitros_image_type.so[0m
[111.584s] [ 94%] Built target isaac_ros_nitros_image_type
[111.626s] [ 97%] [32mBuilding CXX object CMakeFiles/nitros_image_forward_node.dir/test/src/nitros_image_forward_node.cpp.o[0m
[181.541s] [100%] [32m[1mLinking CXX shared library libnitros_image_forward_node.so[0m
[182.399s] [100%] Built target nitros_image_forward_node
[182.432s] Invoked command in '/workspaces/isaac_ros-dev/build/isaac_ros_nitros_image_type' returned '0': AMENT_PREFIX_PATH=/workspaces/isaac_ros-dev/install/isaac_ros_nitros:/workspaces/isaac_ros-dev/install/isaac_ros_nitros_interfaces:/workspaces/isaac_ros-dev/install/isaac_ros_gxf:/workspaces/isaac_ros-dev/install/isaac_ros_test:/workspaces/isaac_ros-dev/install/isaac_ros_common:${AMENT_PREFIX_PATH} CMAKE_PREFIX_PATH=/workspaces/isaac_ros-dev/install/isaac_ros_nitros:/workspaces/isaac_ros-dev/install/isaac_ros_nitros_interfaces:/workspaces/isaac_ros-dev/install/isaac_ros_gxf:/workspaces/isaac_ros-dev/install/isaac_ros_common:${CMAKE_PREFIX_PATH} LD_LIBRARY_PATH=/workspaces/isaac_ros-dev/install/isaac_ros_nitros/lib:/workspaces/isaac_ros-dev/install/isaac_ros_nitros_interfaces/lib:/workspaces/isaac_ros-dev/install/isaac_ros_common/lib:/opt/ros/humble/install/opt/rviz_ogre_vendor/lib:/opt/ros/humble/install/lib:/usr/lib/aarch64-linux-gnu/tegra/weston:/usr/lib/aarch64-linux-gnu/tegra-egl:/usr/local/cuda-11.4/targets/aarch64-linux/lib:/usr/lib/aarch64-linux-gnu/tegra:/opt/nvidia/vpi2/lib64:/usr/lib/aarch64-linux-gnu-host:/opt/tritonserver/lib PYTHONPATH=/workspaces/isaac_ros-dev/install/isaac_ros_nitros_interfaces/lib/python3.8/site-packages:/workspaces/isaac_ros-dev/install/isaac_ros_test/lib/python3.8/site-packages:${PYTHONPATH} /usr/bin/cmake --build /workspaces/isaac_ros-dev/build/isaac_ros_nitros_image_type -- -j4 -l4
[182.556s] Invoking command in '/workspaces/isaac_ros-dev/build/isaac_ros_nitros_image_type': AMENT_PREFIX_PATH=/workspaces/isaac_ros-dev/install/isaac_ros_nitros:/workspaces/isaac_ros-dev/install/isaac_ros_nitros_interfaces:/workspaces/isaac_ros-dev/install/isaac_ros_gxf:/workspaces/isaac_ros-dev/install/isaac_ros_test:/workspaces/isaac_ros-dev/install/isaac_ros_common:${AMENT_PREFIX_PATH} CMAKE_PREFIX_PATH=/workspaces/isaac_ros-dev/install/isaac_ros_nitros:/workspaces/isaac_ros-dev/install/isaac_ros_nitros_interfaces:/workspaces/isaac_ros-dev/install/isaac_ros_gxf:/workspaces/isaac_ros-dev/install/isaac_ros_common:${CMAKE_PREFIX_PATH} LD_LIBRARY_PATH=/workspaces/isaac_ros-dev/install/isaac_ros_nitros/lib:/workspaces/isaac_ros-dev/install/isaac_ros_nitros_interfaces/lib:/workspaces/isaac_ros-dev/install/isaac_ros_common/lib:/opt/ros/humble/install/opt/rviz_ogre_vendor/lib:/opt/ros/humble/install/lib:/usr/lib/aarch64-linux-gnu/tegra/weston:/usr/lib/aarch64-linux-gnu/tegra-egl:/usr/local/cuda-11.4/targets/aarch64-linux/lib:/usr/lib/aarch64-linux-gnu/tegra:/opt/nvidia/vpi2/lib64:/usr/lib/aarch64-linux-gnu-host:/opt/tritonserver/lib PYTHONPATH=/workspaces/isaac_ros-dev/install/isaac_ros_nitros_interfaces/lib/python3.8/site-packages:/workspaces/isaac_ros-dev/install/isaac_ros_test/lib/python3.8/site-packages:${PYTHONPATH} /usr/bin/cmake --install /workspaces/isaac_ros-dev/build/isaac_ros_nitros_image_type
[182.575s] -- Install configuration: "Release"
[182.575s] -- Installing: /workspaces/isaac_ros-dev/install/isaac_ros_nitros_image_type/lib/libyaml-cpp.a
[182.577s] -- Installing: /workspaces/isaac_ros-dev/install/isaac_ros_nitros_image_type/include/yaml-cpp
[182.578s] -- Installing: /workspaces/isaac_ros-dev/install/isaac_ros_nitros_image_type/include/yaml-cpp/exceptions.h
[182.578s] -- Installing: /workspaces/isaac_ros-dev/install/isaac_ros_nitros_image_type/include/yaml-cpp/ostream_wrapper.h
[182.579s] -- Installing: /workspaces/isaac_ros-dev/install/isaac_ros_nitros_image_type/include/yaml-cpp/emitterstyle.h
[182.579s] -- Installing: /workspaces/isaac_ros-dev/install/isaac_ros_nitros_image_type/include/yaml-cpp/yaml.h
[182.579s] -- Installing: /workspaces/isaac_ros-dev/install/isaac_ros_nitros_image_type/include/yaml-cpp/binary.h
[182.580s] -- Installing: /workspaces/isaac_ros-dev/install/isaac_ros_nitros_image_type/include/yaml-cpp/emitfromevents.h
[182.580s] -- Installing: /workspaces/isaac_ros-dev/install/isaac_ros_nitros_image_type/include/yaml-cpp/dll.h
[182.580s] -- Installing: /workspaces/isaac_ros-dev/install/isaac_ros_nitros_image_type/include/yaml-cpp/traits.h
[182.581s] -- Installing: /workspaces/isaac_ros-dev/install/isaac_ros_nitros_image_type/include/yaml-cpp/contrib
[182.581s] -- Installing: /workspaces/isaac_ros-dev/install/isaac_ros_nitros_image_type/include/yaml-cpp/contrib/anchordict.h
[182.581s] -- Installing: /workspaces/isaac_ros-dev/install/isaac_ros_nitros_image_type/include/yaml-cpp/contrib/graphbuilder.h
[182.582s] -- Installing: /workspaces/isaac_ros-dev/install/isaac_ros_nitros_image_type/include/yaml-cpp/emitter.h
[182.582s] -- Installing: /workspaces/isaac_ros-dev/install/isaac_ros_nitros_image_type/include/yaml-cpp/stlemitter.h
[182.582s] -- Installing: /workspaces/isaac_ros-dev/install/isaac_ros_nitros_image_type/include/yaml-cpp/eventhandler.h
[182.583s] -- Installing: /workspaces/isaac_ros-dev/install/isaac_ros_nitros_image_type/include/yaml-cpp/emittermanip.h
[182.583s] -- Installing: /workspaces/isaac_ros-dev/install/isaac_ros_nitros_image_type/include/yaml-cpp/anchor.h
[182.583s] -- Installing: /workspaces/isaac_ros-dev/install/isaac_ros_nitros_image_type/include/yaml-cpp/parser.h
[182.584s] -- Installing: /workspaces/isaac_ros-dev/install/isaac_ros_nitros_image_type/include/yaml-cpp/emitterdef.h
[182.584s] -- Installing: /workspaces/isaac_ros-dev/install/isaac_ros_nitros_image_type/include/yaml-cpp/node
[182.584s] -- Installing: /workspaces/isaac_ros-dev/install/isaac_ros_nitros_image_type/include/yaml-cpp/node/emit.h
[182.585s] -- Installing: /workspaces/isaac_ros-dev/install/isaac_ros_nitros_image_type/include/yaml-cpp/node/impl.h
[182.585s] -- Installing: /workspaces/isaac_ros-dev/install/isaac_ros_nitros_image_type/include/yaml-cpp/node/convert.h
[182.586s] -- Installing: /workspaces/isaac_ros-dev/install/isaac_ros_nitros_image_type/include/yaml-cpp/node/iterator.h
[182.586s] -- Installing: /workspaces/isaac_ros-dev/install/isaac_ros_nitros_image_type/include/yaml-cpp/node/parse.h
[182.586s] -- Installing: /workspaces/isaac_ros-dev/install/isaac_ros_nitros_image_type/include/yaml-cpp/node/detail
[182.587s] -- Installing: /workspaces/isaac_ros-dev/install/isaac_ros_nitros_image_type/include/yaml-cpp/node/detail/impl.h
[182.587s] -- Installing: /workspaces/isaac_ros-dev/install/isaac_ros_nitros_image_type/include/yaml-cpp/node/detail/node_ref.h
[182.587s] -- Installing: /workspaces/isaac_ros-dev/install/isaac_ros_nitros_image_type/include/yaml-cpp/node/detail/iterator.h
[182.588s] -- Installing: /workspaces/isaac_ros-dev/install/isaac_ros_nitros_image_type/include/yaml-cpp/node/detail/node_iterator.h
[182.588s] -- Installing: /workspaces/isaac_ros-dev/install/isaac_ros_nitros_image_type/include/yaml-cpp/node/detail/memory.h
[182.588s] -- Installing: /workspaces/isaac_ros-dev/install/isaac_ros_nitros_image_type/include/yaml-cpp/node/detail/iterator_fwd.h
[182.589s] -- Installing: /workspaces/isaac_ros-dev/install/isaac_ros_nitros_image_type/include/yaml-cpp/node/detail/node_data.h
[182.589s] -- Installing: /workspaces/isaac_ros-dev/install/isaac_ros_nitros_image_type/include/yaml-cpp/node/detail/bool_type.h
[182.589s] -- Installing: /workspaces/isaac_ros-dev/install/isaac_ros_nitros_image_type/include/yaml-cpp/node/detail/node.h
[182.590s] -- Installing: /workspaces/isaac_ros-dev/install/isaac_ros_nitros_image_type/include/yaml-cpp/node/node.h
[182.590s] -- Installing: /workspaces/isaac_ros-dev/install/isaac_ros_nitros_image_type/include/yaml-cpp/node/ptr.h
[182.591s] -- Installing: /workspaces/isaac_ros-dev/install/isaac_ros_nitros_image_type/include/yaml-cpp/node/type.h
[182.591s] -- Installing: /workspaces/isaac_ros-dev/install/isaac_ros_nitros_image_type/include/yaml-cpp/null.h
[182.592s] -- Installing: /workspaces/isaac_ros-dev/install/isaac_ros_nitros_image_type/include/yaml-cpp/mark.h
[182.592s] -- Installing: /workspaces/isaac_ros-dev/install/isaac_ros_nitros_image_type/lib/cmake/yaml-cpp/yaml-cpp-config.cmake
[182.593s] -- Installing: /workspaces/isaac_ros-dev/install/isaac_ros_nitros_image_type/lib/cmake/yaml-cpp/yaml-cpp-config-version.cmake
[182.593s] -- Installing: /workspaces/isaac_ros-dev/install/isaac_ros_nitros_image_type/lib/cmake/yaml-cpp/yaml-cpp-targets.cmake
[182.594s] -- Installing: /workspaces/isaac_ros-dev/install/isaac_ros_nitros_image_type/lib/cmake/yaml-cpp/yaml-cpp-targets-release.cmake
[182.594s] -- Installing: /workspaces/isaac_ros-dev/install/isaac_ros_nitros_image_type/lib/pkgconfig/yaml-cpp.pc
[182.600s] -- Installing: /workspaces/isaac_ros-dev/install/isaac_ros_nitros_image_type/share/isaac_ros_nitros_image_type/test/config
[182.601s] -- Installing: /workspaces/isaac_ros-dev/install/isaac_ros_nitros_image_type/share/isaac_ros_nitros_image_type/test/config/test_forward_node.yaml
[182.601s] -- Up-to-date: /workspaces/isaac_ros-dev/install/isaac_ros_nitros_image_type/include
[182.601s] -- Installing: /workspaces/isaac_ros-dev/install/isaac_ros_nitros_image_type/include/isaac_ros_nitros_image_type
[182.601s] -- Installing: /workspaces/isaac_ros-dev/install/isaac_ros_nitros_image_type/include/isaac_ros_nitros_image_type/nitros_image.hpp
[182.601s] -- Installing: /workspaces/isaac_ros-dev/install/isaac_ros_nitros_image_type/share/isaac_ros_nitros_image_type/environment/library_path.sh
[182.602s] -- Installing: /workspaces/isaac_ros-dev/install/isaac_ros_nitros_image_type/share/isaac_ros_nitros_image_type/environment/library_path.dsv
[182.602s] -- Installing: /workspaces/isaac_ros-dev/install/isaac_ros_nitros_image_type/lib/libisaac_ros_nitros_image_type.so
[182.602s] -- Set runtime path of "/workspaces/isaac_ros-dev/install/isaac_ros_nitros_image_type/lib/libisaac_ros_nitros_image_type.so" to "/usr/local/cuda/lib64:/opt/ros/humble/install/lib:/workspaces/isaac_ros-dev/install/isaac_ros_nitros_interfaces/lib:/workspaces/isaac_ros-dev/install/isaac_ros_nitros/lib:/workspaces/isaac_ros-dev/install/isaac_ros_common/lib:/workspaces/isaac_ros-dev/install/isaac_ros_gxf/share/isaac_ros_gxf/gxf/lib/core:/workspaces/isaac_ros-dev/install/isaac_ros_gxf/share/isaac_ros_gxf/gxf/lib/cuda:/workspaces/isaac_ros-dev/install/isaac_ros_gxf/share/isaac_ros_gxf/gxf/lib/multimedia:/opt/nvidia/vpi2/lib/aarch64-linux-gnu"
[182.602s] -- Installing: /workspaces/isaac_ros-dev/install/isaac_ros_nitros_image_type/lib/libnitros_image_forward_node.so
[182.604s] -- Set runtime path of "/workspaces/isaac_ros-dev/install/isaac_ros_nitros_image_type/lib/libnitros_image_forward_node.so" to "/usr/local/cuda/lib64:/opt/ros/humble/install/lib:/workspaces/isaac_ros-dev/install/isaac_ros_nitros_interfaces/lib:/workspaces/isaac_ros-dev/install/isaac_ros_nitros/lib:/workspaces/isaac_ros-dev/install/isaac_ros_common/lib:/workspaces/isaac_ros-dev/install/isaac_ros_gxf/share/isaac_ros_gxf/gxf/lib/core:/workspaces/isaac_ros-dev/install/isaac_ros_gxf/share/isaac_ros_gxf/gxf/lib/cuda:/workspaces/isaac_ros-dev/install/isaac_ros_gxf/share/isaac_ros_gxf/gxf/lib/multimedia:/opt/nvidia/vpi2/lib/aarch64-linux-gnu"
[182.604s] -- Installing: /workspaces/isaac_ros-dev/install/isaac_ros_nitros_image_type/share/ament_index/resource_index/package_run_dependencies/isaac_ros_nitros_image_type
[182.605s] -- Installing: /workspaces/isaac_ros-dev/install/isaac_ros_nitros_image_type/share/ament_index/resource_index/parent_prefix_path/isaac_ros_nitros_image_type
[182.606s] -- Installing: /workspaces/isaac_ros-dev/install/isaac_ros_nitros_image_type/share/isaac_ros_nitros_image_type/environment/ament_prefix_path.sh
[182.606s] -- Installing: /workspaces/isaac_ros-dev/install/isaac_ros_nitros_image_type/share/isaac_ros_nitros_image_type/environment/ament_prefix_path.dsv
[182.607s] -- Installing: /workspaces/isaac_ros-dev/install/isaac_ros_nitros_image_type/share/isaac_ros_nitros_image_type/environment/path.sh
[182.607s] -- Installing: /workspaces/isaac_ros-dev/install/isaac_ros_nitros_image_type/share/isaac_ros_nitros_image_type/environment/path.dsv
[182.607s] -- Installing: /workspaces/isaac_ros-dev/install/isaac_ros_nitros_image_type/share/isaac_ros_nitros_image_type/local_setup.bash
[182.608s] -- Installing: /workspaces/isaac_ros-dev/install/isaac_ros_nitros_image_type/share/isaac_ros_nitros_image_type/local_setup.sh
[182.608s] -- Installing: /workspaces/isaac_ros-dev/install/isaac_ros_nitros_image_type/share/isaac_ros_nitros_image_type/local_setup.zsh
[182.611s] -- Installing: /workspaces/isaac_ros-dev/install/isaac_ros_nitros_image_type/share/isaac_ros_nitros_image_type/local_setup.dsv
[182.611s] -- Installing: /workspaces/isaac_ros-dev/install/isaac_ros_nitros_image_type/share/isaac_ros_nitros_image_type/package.dsv
[182.611s] -- Installing: /workspaces/isaac_ros-dev/install/isaac_ros_nitros_image_type/share/ament_index/resource_index/packages/isaac_ros_nitros_image_type
[182.611s] -- Installing: /workspaces/isaac_ros-dev/install/isaac_ros_nitros_image_type/share/ament_index/resource_index/rclcpp_components/isaac_ros_nitros_image_type
[182.612s] -- Installing: /workspaces/isaac_ros-dev/install/isaac_ros_nitros_image_type/share/isaac_ros_nitros_image_type/cmake/ament_cmake_export_dependencies-extras.cmake
[182.612s] -- Installing: /workspaces/isaac_ros-dev/install/isaac_ros_nitros_image_type/share/isaac_ros_nitros_image_type/cmake/ament_cmake_export_include_directories-extras.cmake
[182.642s] -- Installing: /workspaces/isaac_ros-dev/install/isaac_ros_nitros_image_type/share/isaac_ros_nitros_image_type/cmake/ament_cmake_export_libraries-extras.cmake
[182.643s] -- Installing: /workspaces/isaac_ros-dev/install/isaac_ros_nitros_image_type/share/isaac_ros_nitros_image_type/cmake/isaac_ros_nitros_image_typeConfig.cmake
[182.643s] -- Installing: /workspaces/isaac_ros-dev/install/isaac_ros_nitros_image_type/share/isaac_ros_nitros_image_type/cmake/isaac_ros_nitros_image_typeConfig-version.cmake
[182.643s] -- Installing: /workspaces/isaac_ros-dev/install/isaac_ros_nitros_image_type/share/isaac_ros_nitros_image_type/package.xml
[182.644s] Invoked command in '/workspaces/isaac_ros-dev/build/isaac_ros_nitros_image_type' returned '0': AMENT_PREFIX_PATH=/workspaces/isaac_ros-dev/install/isaac_ros_nitros:/workspaces/isaac_ros-dev/install/isaac_ros_nitros_interfaces:/workspaces/isaac_ros-dev/install/isaac_ros_gxf:/workspaces/isaac_ros-dev/install/isaac_ros_test:/workspaces/isaac_ros-dev/install/isaac_ros_common:${AMENT_PREFIX_PATH} CMAKE_PREFIX_PATH=/workspaces/isaac_ros-dev/install/isaac_ros_nitros:/workspaces/isaac_ros-dev/install/isaac_ros_nitros_interfaces:/workspaces/isaac_ros-dev/install/isaac_ros_gxf:/workspaces/isaac_ros-dev/install/isaac_ros_common:${CMAKE_PREFIX_PATH} LD_LIBRARY_PATH=/workspaces/isaac_ros-dev/install/isaac_ros_nitros/lib:/workspaces/isaac_ros-dev/install/isaac_ros_nitros_interfaces/lib:/workspaces/isaac_ros-dev/install/isaac_ros_common/lib:/opt/ros/humble/install/opt/rviz_ogre_vendor/lib:/opt/ros/humble/install/lib:/usr/lib/aarch64-linux-gnu/tegra/weston:/usr/lib/aarch64-linux-gnu/tegra-egl:/usr/local/cuda-11.4/targets/aarch64-linux/lib:/usr/lib/aarch64-linux-gnu/tegra:/opt/nvidia/vpi2/lib64:/usr/lib/aarch64-linux-gnu-host:/opt/tritonserver/lib PYTHONPATH=/workspaces/isaac_ros-dev/install/isaac_ros_nitros_interfaces/lib/python3.8/site-packages:/workspaces/isaac_ros-dev/install/isaac_ros_test/lib/python3.8/site-packages:${PYTHONPATH} /usr/bin/cmake --install /workspaces/isaac_ros-dev/build/isaac_ros_nitros_image_type
