[0.125s] Invoking command in '/workspaces/isaac_ros-dev/build/isaac_ros_stereo_image_proc': AMENT_PREFIX_PATH=/workspaces/isaac_ros-dev/install/isaac_ros_nitros_point_cloud_type:/workspaces/isaac_ros-dev/install/isaac_ros_nitros_image_type:/workspaces/isaac_ros-dev/install/isaac_ros_nitros_disparity_image_type:/workspaces/isaac_ros-dev/install/isaac_ros_nitros_camera_info_type:/workspaces/isaac_ros-dev/install/isaac_ros_nitros:/workspaces/isaac_ros-dev/install/isaac_ros_nitros_interfaces:/workspaces/isaac_ros-dev/install/isaac_ros_gxf:/workspaces/isaac_ros-dev/install/isaac_ros_test:/workspaces/isaac_ros-dev/install/isaac_ros_common:${AMENT_PREFIX_PATH} CMAKE_PREFIX_PATH=/workspaces/isaac_ros-dev/install/isaac_ros_nitros_point_cloud_type:/workspaces/isaac_ros-dev/install/isaac_ros_nitros_image_type:/workspaces/isaac_ros-dev/install/isaac_ros_nitros_disparity_image_type:/workspaces/isaac_ros-dev/install/isaac_ros_nitros_camera_info_type:/workspaces/isaac_ros-dev/install/isaac_ros_nitros:/workspaces/isaac_ros-dev/install/isaac_ros_nitros_interfaces:/workspaces/isaac_ros-dev/install/isaac_ros_gxf:/workspaces/isaac_ros-dev/install/isaac_ros_common:${CMAKE_PREFIX_PATH} LD_LIBRARY_PATH=/workspaces/isaac_ros-dev/install/isaac_ros_nitros_point_cloud_type/lib:/workspaces/isaac_ros-dev/install/isaac_ros_nitros_image_type/lib:/workspaces/isaac_ros-dev/install/isaac_ros_nitros_disparity_image_type/lib:/workspaces/isaac_ros-dev/install/isaac_ros_nitros_camera_info_type/lib:/workspaces/isaac_ros-dev/install/isaac_ros_nitros/lib:/workspaces/isaac_ros-dev/install/isaac_ros_nitros_interfaces/lib:/workspaces/isaac_ros-dev/install/isaac_ros_common/lib:/opt/ros/humble/install/opt/rviz_ogre_vendor/lib:/opt/ros/humble/install/lib:/usr/lib/aarch64-linux-gnu/tegra/weston:/usr/lib/aarch64-linux-gnu/tegra-egl:/usr/local/cuda-11.4/targets/aarch64-linux/lib:/usr/lib/aarch64-linux-gnu/tegra:/opt/nvidia/vpi2/lib64:/usr/lib/aarch64-linux-gnu-host:/opt/tritonserver/lib PYTHONPATH=/workspaces/isaac_ros-dev/install/isaac_ros_nitros_interfaces/lib/python3.8/site-packages:/workspaces/isaac_ros-dev/install/isaac_ros_test/lib/python3.8/site-packages:${PYTHONPATH} /usr/bin/cmake /workspaces/isaac_ros-dev/src/isaac_ros_image_pipeline/isaac_ros_stereo_image_proc -DCMAKE_INSTALL_PREFIX=/workspaces/isaac_ros-dev/install/isaac_ros_stereo_image_proc
[2.295s] -- The CUDA compiler identification is NVIDIA 11.4.315
[2.472s] -- The CXX compiler identification is GNU 9.4.0
[2.497s] -- Detecting CUDA compiler ABI info
[4.218s] -- Detecting CUDA compiler ABI info - done
[4.278s] -- Check for working CUDA compiler: /usr/local/cuda/bin/nvcc - skipped
[4.281s] -- Detecting CUDA compile features
[4.283s] -- Detecting CUDA compile features - done
[4.294s] -- Detecting CXX compiler ABI info
[4.594s] -- Detecting CXX compiler ABI info - done
[4.615s] -- Check for working CXX compiler: /usr/bin/c++ - skipped
[4.616s] -- Detecting CXX compile features
[4.617s] -- Detecting CXX compile features - done
[4.631s] -- Found ament_cmake_auto: 1.3.3 (/opt/ros/humble/install/share/ament_cmake_auto/cmake)
[6.932s] -- Found Python3: /usr/bin/python3.8 (found version "3.8.10") found components: Interpreter 
[7.563s] -- Found rosidl_generator_c: 3.1.4 (/opt/ros/humble/install/share/rosidl_generator_c/cmake)
[7.585s] -- Found rosidl_adapter: 3.1.4 (/opt/ros/humble/install/share/rosidl_adapter/cmake)
[7.617s] -- Found rosidl_generator_cpp: 3.1.4 (/opt/ros/humble/install/share/rosidl_generator_cpp/cmake)
[7.666s] -- Using all available rosidl_typesupport_c: rosidl_typesupport_fastrtps_c;rosidl_typesupport_introspection_c
[7.735s] -- Using all available rosidl_typesupport_cpp: rosidl_typesupport_fastrtps_cpp;rosidl_typesupport_introspection_cpp
[7.966s] -- Found rmw_implementation_cmake: 6.1.1 (/opt/ros/humble/install/share/rmw_implementation_cmake/cmake)
[7.979s] -- Found rmw_fastrtps_cpp: 6.2.2 (/opt/ros/humble/install/share/rmw_fastrtps_cpp/cmake)
[8.395s] -- Found OpenSSL: /usr/lib/aarch64-linux-gnu/libcrypto.so (found version "1.1.1f")  
[8.508s] -- Found FastRTPS: /opt/ros/humble/install/include  
[8.702s] -- Using RMW implementation 'rmw_fastrtps_cpp' as default
[8.740s] -- Looking for C++ include pthread.h
[9.011s] -- Looking for C++ include pthread.h - found
[9.012s] -- Performing Test CMAKE_HAVE_LIBC_PTHREAD
[9.309s] -- Performing Test CMAKE_HAVE_LIBC_PTHREAD - Failed
[9.312s] -- Looking for pthread_create in pthreads
[9.539s] -- Looking for pthread_create in pthreads - not found
[9.541s] -- Looking for pthread_create in pthread
[9.833s] -- Looking for pthread_create in pthread - found
[9.838s] -- Found Threads: TRUE  
[11.357s] -- Loading isaac_ros_common extras
[11.357s] -- CMAKE_BUILD_TYPE: Release
[11.454s] -- Found CUDA: /usr/local/cuda (found version "11.4") 
[11.456s] -- Loading isaac_ros_common extras (modules)
[11.685s] -- Loading isaac_ros_gxf extras
[16.677s] -- The C compiler identification is GNU 9.4.0
[16.703s] -- Detecting C compiler ABI info
[16.932s] -- Detecting C compiler ABI info - done
[16.952s] -- Check for working C compiler: /usr/bin/cc - skipped
[16.952s] -- Detecting C compile features
[16.954s] -- Detecting C compile features - done
[16.969s] -- Found atlas lib=/workspaces/isaac_ros-dev/install/isaac_ros_gxf/share/isaac_ros_gxf/gxf/lib/libgxf_atlas.so, include=/workspaces/isaac_ros-dev/install/isaac_ros_gxf/share/isaac_ros_gxf/gxf/include/gxf
[16.976s] -- Found cuda lib=/workspaces/isaac_ros-dev/install/isaac_ros_gxf/share/isaac_ros_gxf/gxf/lib/cuda/libgxf_cuda.so, include=/workspaces/isaac_ros-dev/install/isaac_ros_gxf/share/isaac_ros_gxf/gxf/include/gxf
[16.982s] -- Found isaac_messages lib=/workspaces/isaac_ros-dev/install/isaac_ros_gxf/share/isaac_ros_gxf/gxf/lib/libgxf_isaac_messages.so, include=/workspaces/isaac_ros-dev/install/isaac_ros_gxf/share/isaac_ros_gxf/gxf/include/gxf
[16.988s] -- Found isaac_ros_messages lib=/workspaces/isaac_ros-dev/install/isaac_ros_gxf/share/isaac_ros_gxf/gxf/lib/libgxf_isaac_ros_messages.so, include=/workspaces/isaac_ros-dev/install/isaac_ros_gxf/share/isaac_ros_gxf/gxf/include/gxf
[16.994s] -- Found multimedia lib=/workspaces/isaac_ros-dev/install/isaac_ros_gxf/share/isaac_ros_gxf/gxf/lib/multimedia/libgxf_multimedia.so, include=/workspaces/isaac_ros-dev/install/isaac_ros_gxf/share/isaac_ros_gxf/gxf/include/gxf
[17.005s] -- Found gxf_optimizer lib=/workspaces/isaac_ros-dev/install/isaac_ros_gxf/share/isaac_ros_gxf/gxf/lib/libgxf_optimizer.so, include=/workspaces/isaac_ros-dev/install/isaac_ros_gxf/share/isaac_ros_gxf/gxf/include/gxf
[17.013s] -- Found serialization lib=/workspaces/isaac_ros-dev/install/isaac_ros_gxf/share/isaac_ros_gxf/gxf/lib/serialization/libgxf_serialization.so, include=/workspaces/isaac_ros-dev/install/isaac_ros_gxf/share/isaac_ros_gxf/gxf/include/gxf
[17.020s] -- Found std lib=/workspaces/isaac_ros-dev/install/isaac_ros_gxf/share/isaac_ros_gxf/gxf/lib/std/libgxf_std.so, include=/workspaces/isaac_ros-dev/install/isaac_ros_gxf/share/isaac_ros_gxf/gxf/include/gxf
[17.026s] -- Found core lib=/workspaces/isaac_ros-dev/install/isaac_ros_gxf/share/isaac_ros_gxf/gxf/lib/core/libgxf_core.so, include=/workspaces/isaac_ros-dev/install/isaac_ros_gxf/share/isaac_ros_gxf/gxf/include/gxf
[17.031s] -- Found GXF:  (found suitable version "2.5.0", minimum required is "2.5.0") found components: multimedia std 
[20.048s] -- Performing Test FLAG_WEXTRA
[20.255s] -- Performing Test FLAG_WEXTRA - Success
[20.280s] -- Found ament_lint_auto: 0.12.5 (/opt/ros/humble/install/share/ament_lint_auto/cmake)
[20.405s] -- Found launch_testing_ament_cmake: 1.0.4 (/opt/ros/humble/install/share/launch_testing_ament_cmake/cmake)
[20.412s] -- Found python_cmake_module: 0.10.0 (/opt/ros/humble/install/share/python_cmake_module/cmake)
[20.489s] -- Found PythonInterp: /usr/bin/python3 (found suitable version "3.8.10", minimum required is "3.6") 
[20.505s] -- Found PythonLibs: /usr/lib/aarch64-linux-gnu/libpython3.8.so (found suitable version "3.8.10", minimum required is "3.5") 
[20.506s] -- Using PYTHON_EXECUTABLE: /usr/bin/python3
[20.507s] -- Using PYTHON_INCLUDE_DIRS: /usr/include/python3.8
[20.507s] -- Using PYTHON_LIBRARIES: /usr/lib/aarch64-linux-gnu/libpython3.8.so
[20.584s] -- Found PythonExtra: .so  
[20.619s] -- Added test 'copyright' to check source files copyright and LICENSE
[20.629s] -- Added test 'cppcheck' to perform static code analysis on C / C++ code
[20.631s] -- Configured cppcheck include dirs: /workspaces/isaac_ros-dev/src/isaac_ros_image_pipeline/isaac_ros_stereo_image_proc/include
[20.632s] -- Configured cppcheck exclude dirs and/or files: 
[20.643s] -- Added test 'cpplint' to check C / C++ code against the Google style
[20.644s] -- Configured cpplint exclude dirs and/or files: 
[20.648s] -- Added test 'flake8' to check Python code syntax and style conventions
[20.652s] -- Added test 'lint_cmake' to check CMake code style
[20.655s] -- Added test 'pep257' to check Python code against some of the docstring style conventions in PEP 257
[20.664s] -- Added test 'uncrustify' to check C / C++ code style
[20.665s] -- Configured uncrustify additional arguments: 
[20.668s] -- Added test 'xmllint' to check XML markup files
[20.701s] -- Configuring done
[21.010s] -- Generating done
[21.049s] -- Build files have been written to: /workspaces/isaac_ros-dev/build/isaac_ros_stereo_image_proc
[21.107s] Invoked command in '/workspaces/isaac_ros-dev/build/isaac_ros_stereo_image_proc' returned '0': AMENT_PREFIX_PATH=/workspaces/isaac_ros-dev/install/isaac_ros_nitros_point_cloud_type:/workspaces/isaac_ros-dev/install/isaac_ros_nitros_image_type:/workspaces/isaac_ros-dev/install/isaac_ros_nitros_disparity_image_type:/workspaces/isaac_ros-dev/install/isaac_ros_nitros_camera_info_type:/workspaces/isaac_ros-dev/install/isaac_ros_nitros:/workspaces/isaac_ros-dev/install/isaac_ros_nitros_interfaces:/workspaces/isaac_ros-dev/install/isaac_ros_gxf:/workspaces/isaac_ros-dev/install/isaac_ros_test:/workspaces/isaac_ros-dev/install/isaac_ros_common:${AMENT_PREFIX_PATH} CMAKE_PREFIX_PATH=/workspaces/isaac_ros-dev/install/isaac_ros_nitros_point_cloud_type:/workspaces/isaac_ros-dev/install/isaac_ros_nitros_image_type:/workspaces/isaac_ros-dev/install/isaac_ros_nitros_disparity_image_type:/workspaces/isaac_ros-dev/install/isaac_ros_nitros_camera_info_type:/workspaces/isaac_ros-dev/install/isaac_ros_nitros:/workspaces/isaac_ros-dev/install/isaac_ros_nitros_interfaces:/workspaces/isaac_ros-dev/install/isaac_ros_gxf:/workspaces/isaac_ros-dev/install/isaac_ros_common:${CMAKE_PREFIX_PATH} LD_LIBRARY_PATH=/workspaces/isaac_ros-dev/install/isaac_ros_nitros_point_cloud_type/lib:/workspaces/isaac_ros-dev/install/isaac_ros_nitros_image_type/lib:/workspaces/isaac_ros-dev/install/isaac_ros_nitros_disparity_image_type/lib:/workspaces/isaac_ros-dev/install/isaac_ros_nitros_camera_info_type/lib:/workspaces/isaac_ros-dev/install/isaac_ros_nitros/lib:/workspaces/isaac_ros-dev/install/isaac_ros_nitros_interfaces/lib:/workspaces/isaac_ros-dev/install/isaac_ros_common/lib:/opt/ros/humble/install/opt/rviz_ogre_vendor/lib:/opt/ros/humble/install/lib:/usr/lib/aarch64-linux-gnu/tegra/weston:/usr/lib/aarch64-linux-gnu/tegra-egl:/usr/local/cuda-11.4/targets/aarch64-linux/lib:/usr/lib/aarch64-linux-gnu/tegra:/opt/nvidia/vpi2/lib64:/usr/lib/aarch64-linux-gnu-host:/opt/tritonserver/lib PYTHONPATH=/workspaces/isaac_ros-dev/install/isaac_ros_nitros_interfaces/lib/python3.8/site-packages:/workspaces/isaac_ros-dev/install/isaac_ros_test/lib/python3.8/site-packages:${PYTHONPATH} /usr/bin/cmake /workspaces/isaac_ros-dev/src/isaac_ros_image_pipeline/isaac_ros_stereo_image_proc -DCMAKE_INSTALL_PREFIX=/workspaces/isaac_ros-dev/install/isaac_ros_stereo_image_proc
[21.109s] Invoking command in '/workspaces/isaac_ros-dev/build/isaac_ros_stereo_image_proc': AMENT_PREFIX_PATH=/workspaces/isaac_ros-dev/install/isaac_ros_nitros_point_cloud_type:/workspaces/isaac_ros-dev/install/isaac_ros_nitros_image_type:/workspaces/isaac_ros-dev/install/isaac_ros_nitros_disparity_image_type:/workspaces/isaac_ros-dev/install/isaac_ros_nitros_camera_info_type:/workspaces/isaac_ros-dev/install/isaac_ros_nitros:/workspaces/isaac_ros-dev/install/isaac_ros_nitros_interfaces:/workspaces/isaac_ros-dev/install/isaac_ros_gxf:/workspaces/isaac_ros-dev/install/isaac_ros_test:/workspaces/isaac_ros-dev/install/isaac_ros_common:${AMENT_PREFIX_PATH} CMAKE_PREFIX_PATH=/workspaces/isaac_ros-dev/install/isaac_ros_nitros_point_cloud_type:/workspaces/isaac_ros-dev/install/isaac_ros_nitros_image_type:/workspaces/isaac_ros-dev/install/isaac_ros_nitros_disparity_image_type:/workspaces/isaac_ros-dev/install/isaac_ros_nitros_camera_info_type:/workspaces/isaac_ros-dev/install/isaac_ros_nitros:/workspaces/isaac_ros-dev/install/isaac_ros_nitros_interfaces:/workspaces/isaac_ros-dev/install/isaac_ros_gxf:/workspaces/isaac_ros-dev/install/isaac_ros_common:${CMAKE_PREFIX_PATH} LD_LIBRARY_PATH=/workspaces/isaac_ros-dev/install/isaac_ros_nitros_point_cloud_type/lib:/workspaces/isaac_ros-dev/install/isaac_ros_nitros_image_type/lib:/workspaces/isaac_ros-dev/install/isaac_ros_nitros_disparity_image_type/lib:/workspaces/isaac_ros-dev/install/isaac_ros_nitros_camera_info_type/lib:/workspaces/isaac_ros-dev/install/isaac_ros_nitros/lib:/workspaces/isaac_ros-dev/install/isaac_ros_nitros_interfaces/lib:/workspaces/isaac_ros-dev/install/isaac_ros_common/lib:/opt/ros/humble/install/opt/rviz_ogre_vendor/lib:/opt/ros/humble/install/lib:/usr/lib/aarch64-linux-gnu/tegra/weston:/usr/lib/aarch64-linux-gnu/tegra-egl:/usr/local/cuda-11.4/targets/aarch64-linux/lib:/usr/lib/aarch64-linux-gnu/tegra:/opt/nvidia/vpi2/lib64:/usr/lib/aarch64-linux-gnu-host:/opt/tritonserver/lib PYTHONPATH=/workspaces/isaac_ros-dev/install/isaac_ros_nitros_interfaces/lib/python3.8/site-packages:/workspaces/isaac_ros-dev/install/isaac_ros_test/lib/python3.8/site-packages:${PYTHONPATH} /usr/bin/cmake --build /workspaces/isaac_ros-dev/build/isaac_ros_stereo_image_proc -- -j4 -l4
[21.220s] [  2%] [32mBuilding CXX object CMakeFiles/point_cloud_node.dir/src/point_cloud_node.cpp.o[0m
[160.514s] [  5%] [32m[1mLinking CXX shared library libpoint_cloud_node.so[0m
[162.001s] [  5%] Built target point_cloud_node
[162.043s] [  7%] [32mBuilding CXX object _deps/yaml-cpp-build/CMakeFiles/yaml-cpp.dir/src/binary.cpp.o[0m
[162.867s] [ 10%] [32mBuilding CXX object _deps/yaml-cpp-build/CMakeFiles/yaml-cpp.dir/src/directives.cpp.o[0m
[163.654s] [ 12%] [32mBuilding CXX object _deps/yaml-cpp-build/CMakeFiles/yaml-cpp.dir/src/emit.cpp.o[0m
[165.277s] [ 15%] [32mBuilding CXX object _deps/yaml-cpp-build/CMakeFiles/yaml-cpp.dir/src/emitfromevents.cpp.o[0m
[167.207s] [ 17%] [32mBuilding CXX object _deps/yaml-cpp-build/CMakeFiles/yaml-cpp.dir/src/emitter.cpp.o[0m
[169.865s] [ 20%] [32mBuilding CXX object _deps/yaml-cpp-build/CMakeFiles/yaml-cpp.dir/src/emitterstate.cpp.o[0m
[172.385s] [ 23%] [32mBuilding CXX object _deps/yaml-cpp-build/CMakeFiles/yaml-cpp.dir/src/emitterutils.cpp.o[0m
[180.885s] [ 25%] [32mBuilding CXX object _deps/yaml-cpp-build/CMakeFiles/yaml-cpp.dir/src/exceptions.cpp.o[0m
[181.885s] [ 28%] [32mBuilding CXX object _deps/yaml-cpp-build/CMakeFiles/yaml-cpp.dir/src/exp.cpp.o[0m
[183.515s] [ 30%] [32mBuilding CXX object _deps/yaml-cpp-build/CMakeFiles/yaml-cpp.dir/src/memory.cpp.o[0m
[185.465s] [ 33%] [32mBuilding CXX object _deps/yaml-cpp-build/CMakeFiles/yaml-cpp.dir/src/node.cpp.o[0m
[186.488s] [ 35%] [32mBuilding CXX object _deps/yaml-cpp-build/CMakeFiles/yaml-cpp.dir/src/node_data.cpp.o[0m
[189.103s] [ 38%] [32mBuilding CXX object _deps/yaml-cpp-build/CMakeFiles/yaml-cpp.dir/src/nodebuilder.cpp.o[0m
[191.674s] [ 41%] [32mBuilding CXX object _deps/yaml-cpp-build/CMakeFiles/yaml-cpp.dir/src/nodeevents.cpp.o[0m
[193.820s] [ 43%] [32mBuilding CXX object _deps/yaml-cpp-build/CMakeFiles/yaml-cpp.dir/src/null.cpp.o[0m
[194.330s] [ 46%] [32mBuilding CXX object _deps/yaml-cpp-build/CMakeFiles/yaml-cpp.dir/src/ostream_wrapper.cpp.o[0m
[195.460s] [ 48%] [32mBuilding CXX object _deps/yaml-cpp-build/CMakeFiles/yaml-cpp.dir/src/parse.cpp.o[0m
[198.018s] [ 51%] [32mBuilding CXX object _deps/yaml-cpp-build/CMakeFiles/yaml-cpp.dir/src/parser.cpp.o[0m
[200.383s] [ 53%] [32mBuilding CXX object _deps/yaml-cpp-build/CMakeFiles/yaml-cpp.dir/src/regex_yaml.cpp.o[0m
[201.808s] [ 56%] [32mBuilding CXX object _deps/yaml-cpp-build/CMakeFiles/yaml-cpp.dir/src/scanner.cpp.o[0m
[205.872s] [ 58%] [32mBuilding CXX object _deps/yaml-cpp-build/CMakeFiles/yaml-cpp.dir/src/scanscalar.cpp.o[0m
[208.730s] [ 61%] [32mBuilding CXX object _deps/yaml-cpp-build/CMakeFiles/yaml-cpp.dir/src/scantag.cpp.o[0m
[211.003s] [ 64%] [32mBuilding CXX object _deps/yaml-cpp-build/CMakeFiles/yaml-cpp.dir/src/scantoken.cpp.o[0m
[217.142s] [ 66%] [32mBuilding CXX object _deps/yaml-cpp-build/CMakeFiles/yaml-cpp.dir/src/simplekey.cpp.o[0m
[218.943s] [ 69%] [32mBuilding CXX object _deps/yaml-cpp-build/CMakeFiles/yaml-cpp.dir/src/singledocparser.cpp.o[0m
[222.041s] [ 71%] [32mBuilding CXX object _deps/yaml-cpp-build/CMakeFiles/yaml-cpp.dir/src/stream.cpp.o[0m
[223.502s] [ 74%] [32mBuilding CXX object _deps/yaml-cpp-build/CMakeFiles/yaml-cpp.dir/src/tag.cpp.o[0m
[224.704s] [ 76%] [32mBuilding CXX object _deps/yaml-cpp-build/CMakeFiles/yaml-cpp.dir/src/contrib/graphbuilder.cpp.o[0m
[225.899s] [ 79%] [32mBuilding CXX object _deps/yaml-cpp-build/CMakeFiles/yaml-cpp.dir/src/contrib/graphbuilderadapter.cpp.o[0m
[227.163s] [ 82%] [32mBuilding CXX object _deps/yaml-cpp-build/CMakeFiles/yaml-cpp.dir/src/convert.cpp.o[0m
[229.388s] [ 84%] [32m[1mLinking CXX static library libyaml-cpp.a[0m
[229.484s] [ 84%] Built target yaml-cpp
[229.530s] [ 87%] [32mBuilding CXX object CMakeFiles/disparity_node.dir/src/disparity_node.cpp.o[0m
[346.416s] [ 89%] [32m[1mLinking CXX shared library libdisparity_node.so[0m
[347.851s] [ 89%] Built target disparity_node
[347.890s] [ 92%] [32mBuilding CXX object gxf/sgm_disparity/CMakeFiles/gxf_disparity_extension.dir/disparity_extension.cpp.o[0m
[353.334s] [ 94%] [32mBuilding CXX object gxf/sgm_disparity/CMakeFiles/gxf_disparity_extension.dir/disparity_extension/sgm_disparity.cpp.o[0m
[368.573s] [ 97%] [32mBuilding CXX object gxf/sgm_disparity/CMakeFiles/gxf_disparity_extension.dir/disparity_extension/disparity_compositor.cpp.o[0m
[380.266s] [100%] [32m[1mLinking CXX shared library libgxf_disparity_extension.so[0m
[380.498s] [100%] Built target gxf_disparity_extension
[380.539s] Invoked command in '/workspaces/isaac_ros-dev/build/isaac_ros_stereo_image_proc' returned '0': AMENT_PREFIX_PATH=/workspaces/isaac_ros-dev/install/isaac_ros_nitros_point_cloud_type:/workspaces/isaac_ros-dev/install/isaac_ros_nitros_image_type:/workspaces/isaac_ros-dev/install/isaac_ros_nitros_disparity_image_type:/workspaces/isaac_ros-dev/install/isaac_ros_nitros_camera_info_type:/workspaces/isaac_ros-dev/install/isaac_ros_nitros:/workspaces/isaac_ros-dev/install/isaac_ros_nitros_interfaces:/workspaces/isaac_ros-dev/install/isaac_ros_gxf:/workspaces/isaac_ros-dev/install/isaac_ros_test:/workspaces/isaac_ros-dev/install/isaac_ros_common:${AMENT_PREFIX_PATH} CMAKE_PREFIX_PATH=/workspaces/isaac_ros-dev/install/isaac_ros_nitros_point_cloud_type:/workspaces/isaac_ros-dev/install/isaac_ros_nitros_image_type:/workspaces/isaac_ros-dev/install/isaac_ros_nitros_disparity_image_type:/workspaces/isaac_ros-dev/install/isaac_ros_nitros_camera_info_type:/workspaces/isaac_ros-dev/install/isaac_ros_nitros:/workspaces/isaac_ros-dev/install/isaac_ros_nitros_interfaces:/workspaces/isaac_ros-dev/install/isaac_ros_gxf:/workspaces/isaac_ros-dev/install/isaac_ros_common:${CMAKE_PREFIX_PATH} LD_LIBRARY_PATH=/workspaces/isaac_ros-dev/install/isaac_ros_nitros_point_cloud_type/lib:/workspaces/isaac_ros-dev/install/isaac_ros_nitros_image_type/lib:/workspaces/isaac_ros-dev/install/isaac_ros_nitros_disparity_image_type/lib:/workspaces/isaac_ros-dev/install/isaac_ros_nitros_camera_info_type/lib:/workspaces/isaac_ros-dev/install/isaac_ros_nitros/lib:/workspaces/isaac_ros-dev/install/isaac_ros_nitros_interfaces/lib:/workspaces/isaac_ros-dev/install/isaac_ros_common/lib:/opt/ros/humble/install/opt/rviz_ogre_vendor/lib:/opt/ros/humble/install/lib:/usr/lib/aarch64-linux-gnu/tegra/weston:/usr/lib/aarch64-linux-gnu/tegra-egl:/usr/local/cuda-11.4/targets/aarch64-linux/lib:/usr/lib/aarch64-linux-gnu/tegra:/opt/nvidia/vpi2/lib64:/usr/lib/aarch64-linux-gnu-host:/opt/tritonserver/lib PYTHONPATH=/workspaces/isaac_ros-dev/install/isaac_ros_nitros_interfaces/lib/python3.8/site-packages:/workspaces/isaac_ros-dev/install/isaac_ros_test/lib/python3.8/site-packages:${PYTHONPATH} /usr/bin/cmake --build /workspaces/isaac_ros-dev/build/isaac_ros_stereo_image_proc -- -j4 -l4
[380.655s] Invoking command in '/workspaces/isaac_ros-dev/build/isaac_ros_stereo_image_proc': AMENT_PREFIX_PATH=/workspaces/isaac_ros-dev/install/isaac_ros_nitros_point_cloud_type:/workspaces/isaac_ros-dev/install/isaac_ros_nitros_image_type:/workspaces/isaac_ros-dev/install/isaac_ros_nitros_disparity_image_type:/workspaces/isaac_ros-dev/install/isaac_ros_nitros_camera_info_type:/workspaces/isaac_ros-dev/install/isaac_ros_nitros:/workspaces/isaac_ros-dev/install/isaac_ros_nitros_interfaces:/workspaces/isaac_ros-dev/install/isaac_ros_gxf:/workspaces/isaac_ros-dev/install/isaac_ros_test:/workspaces/isaac_ros-dev/install/isaac_ros_common:${AMENT_PREFIX_PATH} CMAKE_PREFIX_PATH=/workspaces/isaac_ros-dev/install/isaac_ros_nitros_point_cloud_type:/workspaces/isaac_ros-dev/install/isaac_ros_nitros_image_type:/workspaces/isaac_ros-dev/install/isaac_ros_nitros_disparity_image_type:/workspaces/isaac_ros-dev/install/isaac_ros_nitros_camera_info_type:/workspaces/isaac_ros-dev/install/isaac_ros_nitros:/workspaces/isaac_ros-dev/install/isaac_ros_nitros_interfaces:/workspaces/isaac_ros-dev/install/isaac_ros_gxf:/workspaces/isaac_ros-dev/install/isaac_ros_common:${CMAKE_PREFIX_PATH} LD_LIBRARY_PATH=/workspaces/isaac_ros-dev/install/isaac_ros_nitros_point_cloud_type/lib:/workspaces/isaac_ros-dev/install/isaac_ros_nitros_image_type/lib:/workspaces/isaac_ros-dev/install/isaac_ros_nitros_disparity_image_type/lib:/workspaces/isaac_ros-dev/install/isaac_ros_nitros_camera_info_type/lib:/workspaces/isaac_ros-dev/install/isaac_ros_nitros/lib:/workspaces/isaac_ros-dev/install/isaac_ros_nitros_interfaces/lib:/workspaces/isaac_ros-dev/install/isaac_ros_common/lib:/opt/ros/humble/install/opt/rviz_ogre_vendor/lib:/opt/ros/humble/install/lib:/usr/lib/aarch64-linux-gnu/tegra/weston:/usr/lib/aarch64-linux-gnu/tegra-egl:/usr/local/cuda-11.4/targets/aarch64-linux/lib:/usr/lib/aarch64-linux-gnu/tegra:/opt/nvidia/vpi2/lib64:/usr/lib/aarch64-linux-gnu-host:/opt/tritonserver/lib PYTHONPATH=/workspaces/isaac_ros-dev/install/isaac_ros_nitros_interfaces/lib/python3.8/site-packages:/workspaces/isaac_ros-dev/install/isaac_ros_test/lib/python3.8/site-packages:${PYTHONPATH} /usr/bin/cmake --install /workspaces/isaac_ros-dev/build/isaac_ros_stereo_image_proc
[380.681s] -- Install configuration: "Release"
[380.681s] -- Installing: /workspaces/isaac_ros-dev/install/isaac_ros_stereo_image_proc/lib/libyaml-cpp.a
[380.682s] -- Installing: /workspaces/isaac_ros-dev/install/isaac_ros_stereo_image_proc/include/yaml-cpp
[380.682s] -- Installing: /workspaces/isaac_ros-dev/install/isaac_ros_stereo_image_proc/include/yaml-cpp/exceptions.h
[380.682s] -- Installing: /workspaces/isaac_ros-dev/install/isaac_ros_stereo_image_proc/include/yaml-cpp/ostream_wrapper.h
[380.682s] -- Installing: /workspaces/isaac_ros-dev/install/isaac_ros_stereo_image_proc/include/yaml-cpp/emitterstyle.h
[380.682s] -- Installing: /workspaces/isaac_ros-dev/install/isaac_ros_stereo_image_proc/include/yaml-cpp/yaml.h
[380.682s] -- Installing: /workspaces/isaac_ros-dev/install/isaac_ros_stereo_image_proc/include/yaml-cpp/binary.h
[380.683s] -- Installing: /workspaces/isaac_ros-dev/install/isaac_ros_stereo_image_proc/include/yaml-cpp/emitfromevents.h
[380.684s] -- Installing: /workspaces/isaac_ros-dev/install/isaac_ros_stereo_image_proc/include/yaml-cpp/dll.h
[380.685s] -- Installing: /workspaces/isaac_ros-dev/install/isaac_ros_stereo_image_proc/include/yaml-cpp/traits.h
[380.686s] -- Installing: /workspaces/isaac_ros-dev/install/isaac_ros_stereo_image_proc/include/yaml-cpp/contrib
[380.687s] -- Installing: /workspaces/isaac_ros-dev/install/isaac_ros_stereo_image_proc/include/yaml-cpp/contrib/anchordict.h
[380.688s] -- Installing: /workspaces/isaac_ros-dev/install/isaac_ros_stereo_image_proc/include/yaml-cpp/contrib/graphbuilder.h
[380.689s] -- Installing: /workspaces/isaac_ros-dev/install/isaac_ros_stereo_image_proc/include/yaml-cpp/emitter.h
[380.690s] -- Installing: /workspaces/isaac_ros-dev/install/isaac_ros_stereo_image_proc/include/yaml-cpp/stlemitter.h
[380.691s] -- Installing: /workspaces/isaac_ros-dev/install/isaac_ros_stereo_image_proc/include/yaml-cpp/eventhandler.h
[380.692s] -- Installing: /workspaces/isaac_ros-dev/install/isaac_ros_stereo_image_proc/include/yaml-cpp/emittermanip.h
[380.693s] -- Installing: /workspaces/isaac_ros-dev/install/isaac_ros_stereo_image_proc/include/yaml-cpp/anchor.h
[380.694s] -- Installing: /workspaces/isaac_ros-dev/install/isaac_ros_stereo_image_proc/include/yaml-cpp/parser.h
[380.694s] -- Installing: /workspaces/isaac_ros-dev/install/isaac_ros_stereo_image_proc/include/yaml-cpp/emitterdef.h
[380.695s] -- Installing: /workspaces/isaac_ros-dev/install/isaac_ros_stereo_image_proc/include/yaml-cpp/node
[380.696s] -- Installing: /workspaces/isaac_ros-dev/install/isaac_ros_stereo_image_proc/include/yaml-cpp/node/emit.h
[380.697s] -- Installing: /workspaces/isaac_ros-dev/install/isaac_ros_stereo_image_proc/include/yaml-cpp/node/impl.h
[380.698s] -- Installing: /workspaces/isaac_ros-dev/install/isaac_ros_stereo_image_proc/include/yaml-cpp/node/convert.h
[380.699s] -- Installing: /workspaces/isaac_ros-dev/install/isaac_ros_stereo_image_proc/include/yaml-cpp/node/iterator.h
[380.700s] -- Installing: /workspaces/isaac_ros-dev/install/isaac_ros_stereo_image_proc/include/yaml-cpp/node/parse.h
[380.701s] -- Installing: /workspaces/isaac_ros-dev/install/isaac_ros_stereo_image_proc/include/yaml-cpp/node/detail
[380.702s] -- Installing: /workspaces/isaac_ros-dev/install/isaac_ros_stereo_image_proc/include/yaml-cpp/node/detail/impl.h
[380.703s] -- Installing: /workspaces/isaac_ros-dev/install/isaac_ros_stereo_image_proc/include/yaml-cpp/node/detail/node_ref.h
[380.705s] -- Installing: /workspaces/isaac_ros-dev/install/isaac_ros_stereo_image_proc/include/yaml-cpp/node/detail/iterator.h
[380.706s] -- Installing: /workspaces/isaac_ros-dev/install/isaac_ros_stereo_image_proc/include/yaml-cpp/node/detail/node_iterator.h
[380.707s] -- Installing: /workspaces/isaac_ros-dev/install/isaac_ros_stereo_image_proc/include/yaml-cpp/node/detail/memory.h
[380.708s] -- Installing: /workspaces/isaac_ros-dev/install/isaac_ros_stereo_image_proc/include/yaml-cpp/node/detail/iterator_fwd.h
[380.709s] -- Installing: /workspaces/isaac_ros-dev/install/isaac_ros_stereo_image_proc/include/yaml-cpp/node/detail/node_data.h
[380.710s] -- Installing: /workspaces/isaac_ros-dev/install/isaac_ros_stereo_image_proc/include/yaml-cpp/node/detail/bool_type.h
[380.710s] -- Installing: /workspaces/isaac_ros-dev/install/isaac_ros_stereo_image_proc/include/yaml-cpp/node/detail/node.h
[380.711s] -- Installing: /workspaces/isaac_ros-dev/install/isaac_ros_stereo_image_proc/include/yaml-cpp/node/node.h
[380.712s] -- Installing: /workspaces/isaac_ros-dev/install/isaac_ros_stereo_image_proc/include/yaml-cpp/node/ptr.h
[380.713s] -- Installing: /workspaces/isaac_ros-dev/install/isaac_ros_stereo_image_proc/include/yaml-cpp/node/type.h
[380.714s] -- Installing: /workspaces/isaac_ros-dev/install/isaac_ros_stereo_image_proc/include/yaml-cpp/null.h
[380.715s] -- Installing: /workspaces/isaac_ros-dev/install/isaac_ros_stereo_image_proc/include/yaml-cpp/mark.h
[380.717s] -- Installing: /workspaces/isaac_ros-dev/install/isaac_ros_stereo_image_proc/lib/cmake/yaml-cpp/yaml-cpp-config.cmake
[380.718s] -- Installing: /workspaces/isaac_ros-dev/install/isaac_ros_stereo_image_proc/lib/cmake/yaml-cpp/yaml-cpp-config-version.cmake
[380.719s] -- Installing: /workspaces/isaac_ros-dev/install/isaac_ros_stereo_image_proc/lib/cmake/yaml-cpp/yaml-cpp-targets.cmake
[380.720s] -- Installing: /workspaces/isaac_ros-dev/install/isaac_ros_stereo_image_proc/lib/cmake/yaml-cpp/yaml-cpp-targets-release.cmake
[380.721s] -- Installing: /workspaces/isaac_ros-dev/install/isaac_ros_stereo_image_proc/lib/pkgconfig/yaml-cpp.pc
[380.723s] -- Installing: /workspaces/isaac_ros-dev/install/isaac_ros_stereo_image_proc/share/isaac_ros_stereo_image_proc/gxf/lib/sgm_disparity/libgxf_disparity_extension.so
[380.725s] -- Set runtime path of "/workspaces/isaac_ros-dev/install/isaac_ros_stereo_image_proc/share/isaac_ros_stereo_image_proc/gxf/lib/sgm_disparity/libgxf_disparity_extension.so" to ""
[380.726s] -- Up-to-date: /workspaces/isaac_ros-dev/install/isaac_ros_stereo_image_proc/include
[380.727s] -- Installing: /workspaces/isaac_ros-dev/install/isaac_ros_stereo_image_proc/include/isaac_ros_stereo_image_proc
[380.728s] -- Installing: /workspaces/isaac_ros-dev/install/isaac_ros_stereo_image_proc/include/isaac_ros_stereo_image_proc/disparity_node.hpp
[380.729s] -- Installing: /workspaces/isaac_ros-dev/install/isaac_ros_stereo_image_proc/include/isaac_ros_stereo_image_proc/point_cloud_node.hpp
[380.730s] -- Installing: /workspaces/isaac_ros-dev/install/isaac_ros_stereo_image_proc/share/isaac_ros_stereo_image_proc/environment/library_path.sh
[380.731s] -- Installing: /workspaces/isaac_ros-dev/install/isaac_ros_stereo_image_proc/share/isaac_ros_stereo_image_proc/environment/library_path.dsv
[380.732s] -- Installing: /workspaces/isaac_ros-dev/install/isaac_ros_stereo_image_proc/lib/libpoint_cloud_node.so
[380.746s] -- Set runtime path of "/workspaces/isaac_ros-dev/install/isaac_ros_stereo_image_proc/lib/libpoint_cloud_node.so" to ""
[380.748s] -- Installing: /workspaces/isaac_ros-dev/install/isaac_ros_stereo_image_proc/lib/libdisparity_node.so
[380.759s] -- Set runtime path of "/workspaces/isaac_ros-dev/install/isaac_ros_stereo_image_proc/lib/libdisparity_node.so" to ""
[380.760s] -- Installing: /workspaces/isaac_ros-dev/install/isaac_ros_stereo_image_proc/share/isaac_ros_stereo_image_proc/config
[380.761s] -- Installing: /workspaces/isaac_ros-dev/install/isaac_ros_stereo_image_proc/share/isaac_ros_stereo_image_proc/config/isaac_ros_stereo_image_proc_isaac_sim.rviz
[380.762s] -- Installing: /workspaces/isaac_ros-dev/install/isaac_ros_stereo_image_proc/share/isaac_ros_stereo_image_proc/config/nitros_disparity_node.yaml
[380.763s] -- Installing: /workspaces/isaac_ros-dev/install/isaac_ros_stereo_image_proc/share/isaac_ros_stereo_image_proc/config/realsense.yaml
[380.764s] -- Installing: /workspaces/isaac_ros-dev/install/isaac_ros_stereo_image_proc/share/isaac_ros_stereo_image_proc/config/nitros_point_cloud_node.yaml
[380.765s] -- Installing: /workspaces/isaac_ros-dev/install/isaac_ros_stereo_image_proc/share/isaac_ros_stereo_image_proc/config/isaac_ros_stereo_image_proc_realsense.rviz
[380.766s] -- Installing: /workspaces/isaac_ros-dev/install/isaac_ros_stereo_image_proc/share/isaac_ros_stereo_image_proc/launch
[380.767s] -- Installing: /workspaces/isaac_ros-dev/install/isaac_ros_stereo_image_proc/share/isaac_ros_stereo_image_proc/launch/isaac_ros_stereo_image_pipeline_isaac_sim.launch.py
[380.768s] -- Installing: /workspaces/isaac_ros-dev/install/isaac_ros_stereo_image_proc/share/isaac_ros_stereo_image_proc/launch/isaac_ros_stereo_image_pipeline.launch.py
[380.769s] -- Installing: /workspaces/isaac_ros-dev/install/isaac_ros_stereo_image_proc/share/ament_index/resource_index/package_run_dependencies/isaac_ros_stereo_image_proc
[380.770s] -- Installing: /workspaces/isaac_ros-dev/install/isaac_ros_stereo_image_proc/share/ament_index/resource_index/parent_prefix_path/isaac_ros_stereo_image_proc
[380.771s] -- Installing: /workspaces/isaac_ros-dev/install/isaac_ros_stereo_image_proc/share/isaac_ros_stereo_image_proc/environment/ament_prefix_path.sh
[380.773s] -- Installing: /workspaces/isaac_ros-dev/install/isaac_ros_stereo_image_proc/share/isaac_ros_stereo_image_proc/environment/ament_prefix_path.dsv
[380.774s] -- Installing: /workspaces/isaac_ros-dev/install/isaac_ros_stereo_image_proc/share/isaac_ros_stereo_image_proc/environment/path.sh
[380.775s] -- Installing: /workspaces/isaac_ros-dev/install/isaac_ros_stereo_image_proc/share/isaac_ros_stereo_image_proc/environment/path.dsv
[380.776s] -- Installing: /workspaces/isaac_ros-dev/install/isaac_ros_stereo_image_proc/share/isaac_ros_stereo_image_proc/local_setup.bash
[380.777s] -- Installing: /workspaces/isaac_ros-dev/install/isaac_ros_stereo_image_proc/share/isaac_ros_stereo_image_proc/local_setup.sh
[380.778s] -- Installing: /workspaces/isaac_ros-dev/install/isaac_ros_stereo_image_proc/share/isaac_ros_stereo_image_proc/local_setup.zsh
[380.779s] -- Installing: /workspaces/isaac_ros-dev/install/isaac_ros_stereo_image_proc/share/isaac_ros_stereo_image_proc/local_setup.dsv
[380.781s] -- Installing: /workspaces/isaac_ros-dev/install/isaac_ros_stereo_image_proc/share/isaac_ros_stereo_image_proc/package.dsv
[380.782s] -- Installing: /workspaces/isaac_ros-dev/install/isaac_ros_stereo_image_proc/share/ament_index/resource_index/packages/isaac_ros_stereo_image_proc
[380.783s] -- Installing: /workspaces/isaac_ros-dev/install/isaac_ros_stereo_image_proc/share/ament_index/resource_index/rclcpp_components/isaac_ros_stereo_image_proc
[380.785s] -- Installing: /workspaces/isaac_ros-dev/install/isaac_ros_stereo_image_proc/share/isaac_ros_stereo_image_proc/cmake/ament_cmake_export_dependencies-extras.cmake
[380.786s] -- Installing: /workspaces/isaac_ros-dev/install/isaac_ros_stereo_image_proc/share/isaac_ros_stereo_image_proc/cmake/ament_cmake_export_include_directories-extras.cmake
[380.787s] -- Installing: /workspaces/isaac_ros-dev/install/isaac_ros_stereo_image_proc/share/isaac_ros_stereo_image_proc/cmake/ament_cmake_export_libraries-extras.cmake
[380.788s] -- Installing: /workspaces/isaac_ros-dev/install/isaac_ros_stereo_image_proc/share/isaac_ros_stereo_image_proc/cmake/isaac_ros_stereo_image_procConfig.cmake
[380.789s] -- Installing: /workspaces/isaac_ros-dev/install/isaac_ros_stereo_image_proc/share/isaac_ros_stereo_image_proc/cmake/isaac_ros_stereo_image_procConfig-version.cmake
[380.790s] -- Installing: /workspaces/isaac_ros-dev/install/isaac_ros_stereo_image_proc/share/isaac_ros_stereo_image_proc/package.xml
[380.809s] Invoked command in '/workspaces/isaac_ros-dev/build/isaac_ros_stereo_image_proc' returned '0': AMENT_PREFIX_PATH=/workspaces/isaac_ros-dev/install/isaac_ros_nitros_point_cloud_type:/workspaces/isaac_ros-dev/install/isaac_ros_nitros_image_type:/workspaces/isaac_ros-dev/install/isaac_ros_nitros_disparity_image_type:/workspaces/isaac_ros-dev/install/isaac_ros_nitros_camera_info_type:/workspaces/isaac_ros-dev/install/isaac_ros_nitros:/workspaces/isaac_ros-dev/install/isaac_ros_nitros_interfaces:/workspaces/isaac_ros-dev/install/isaac_ros_gxf:/workspaces/isaac_ros-dev/install/isaac_ros_test:/workspaces/isaac_ros-dev/install/isaac_ros_common:${AMENT_PREFIX_PATH} CMAKE_PREFIX_PATH=/workspaces/isaac_ros-dev/install/isaac_ros_nitros_point_cloud_type:/workspaces/isaac_ros-dev/install/isaac_ros_nitros_image_type:/workspaces/isaac_ros-dev/install/isaac_ros_nitros_disparity_image_type:/workspaces/isaac_ros-dev/install/isaac_ros_nitros_camera_info_type:/workspaces/isaac_ros-dev/install/isaac_ros_nitros:/workspaces/isaac_ros-dev/install/isaac_ros_nitros_interfaces:/workspaces/isaac_ros-dev/install/isaac_ros_gxf:/workspaces/isaac_ros-dev/install/isaac_ros_common:${CMAKE_PREFIX_PATH} LD_LIBRARY_PATH=/workspaces/isaac_ros-dev/install/isaac_ros_nitros_point_cloud_type/lib:/workspaces/isaac_ros-dev/install/isaac_ros_nitros_image_type/lib:/workspaces/isaac_ros-dev/install/isaac_ros_nitros_disparity_image_type/lib:/workspaces/isaac_ros-dev/install/isaac_ros_nitros_camera_info_type/lib:/workspaces/isaac_ros-dev/install/isaac_ros_nitros/lib:/workspaces/isaac_ros-dev/install/isaac_ros_nitros_interfaces/lib:/workspaces/isaac_ros-dev/install/isaac_ros_common/lib:/opt/ros/humble/install/opt/rviz_ogre_vendor/lib:/opt/ros/humble/install/lib:/usr/lib/aarch64-linux-gnu/tegra/weston:/usr/lib/aarch64-linux-gnu/tegra-egl:/usr/local/cuda-11.4/targets/aarch64-linux/lib:/usr/lib/aarch64-linux-gnu/tegra:/opt/nvidia/vpi2/lib64:/usr/lib/aarch64-linux-gnu-host:/opt/tritonserver/lib PYTHONPATH=/workspaces/isaac_ros-dev/install/isaac_ros_nitros_interfaces/lib/python3.8/site-packages:/workspaces/isaac_ros-dev/install/isaac_ros_test/lib/python3.8/site-packages:${PYTHONPATH} /usr/bin/cmake --install /workspaces/isaac_ros-dev/build/isaac_ros_stereo_image_proc
