running develop
running egg_info
creating isaac_ros_to_h264_msgs_packet.egg-info
writing isaac_ros_to_h264_msgs_packet.egg-info/PKG-INFO
writing dependency_links to isaac_ros_to_h264_msgs_packet.egg-info/dependency_links.txt
writing entry points to isaac_ros_to_h264_msgs_packet.egg-info/entry_points.txt
writing requirements to isaac_ros_to_h264_msgs_packet.egg-info/requires.txt
writing top-level names to isaac_ros_to_h264_msgs_packet.egg-info/top_level.txt
writing manifest file 'isaac_ros_to_h264_msgs_packet.egg-info/SOURCES.txt'
reading manifest file 'isaac_ros_to_h264_msgs_packet.egg-info/SOURCES.txt'
writing manifest file 'isaac_ros_to_h264_msgs_packet.egg-info/SOURCES.txt'
running build_ext
Creating /workspaces/isaac_ros-dev/install/isaac_ros_to_h264_msgs_packet/lib/python3.8/site-packages/isaac-ros-to-h264-msgs-packet.egg-link (link to .)
Installing ToH264MsgsPacket script to /workspaces/isaac_ros-dev/install/isaac_ros_to_h264_msgs_packet/lib/isaac_ros_to_h264_msgs_packet

Installed /workspaces/isaac_ros-dev/build/isaac_ros_to_h264_msgs_packet
running install_data
creating /workspaces/isaac_ros-dev/install/isaac_ros_to_h264_msgs_packet/share/ament_index
creating /workspaces/isaac_ros-dev/install/isaac_ros_to_h264_msgs_packet/share/ament_index/resource_index
creating /workspaces/isaac_ros-dev/install/isaac_ros_to_h264_msgs_packet/share/ament_index/resource_index/packages
copying resource/isaac_ros_to_h264_msgs_packet -> /workspaces/isaac_ros-dev/install/isaac_ros_to_h264_msgs_packet/share/ament_index/resource_index/packages
copying package.xml -> /workspaces/isaac_ros-dev/install/isaac_ros_to_h264_msgs_packet/share/isaac_ros_to_h264_msgs_packet
creating /workspaces/isaac_ros-dev/install/isaac_ros_to_h264_msgs_packet/share/isaac_ros_to_h264_msgs_packet/launch
copying launch/h264_compatible_decoder.launch.py -> /workspaces/isaac_ros-dev/install/isaac_ros_to_h264_msgs_packet/share/isaac_ros_to_h264_msgs_packet/launch
creating /workspaces/isaac_ros-dev/install/isaac_ros_to_h264_msgs_packet/share/isaac_ros_to_h264_msgs_packet/config
