[1.295s] Invoking command in '/workspaces/isaac_ros-dev/src/isaac_ros_compression/utils/isaac_ros_to_h264_msgs_packet': PYTHONPATH=/workspaces/isaac_ros-dev/build/isaac_ros_to_h264_msgs_packet/prefix_override:/workspaces/isaac_ros-dev/install/isaac_ros_to_h264_msgs_packet/lib/python3.8/site-packages:${PYTHONPATH} /usr/bin/python3 setup.py egg_info --egg-base ../../../../build/isaac_ros_to_h264_msgs_packet build --build-base /workspaces/isaac_ros-dev/build/isaac_ros_to_h264_msgs_packet/build install --record /workspaces/isaac_ros-dev/build/isaac_ros_to_h264_msgs_packet/install.log --single-version-externally-managed
[1.643s] running egg_info
[1.644s] creating ../../../../build/isaac_ros_to_h264_msgs_packet/isaac_ros_to_h264_msgs_packet.egg-info
[1.656s] writing ../../../../build/isaac_ros_to_h264_msgs_packet/isaac_ros_to_h264_msgs_packet.egg-info/PKG-INFO
[1.656s] writing dependency_links to ../../../../build/isaac_ros_to_h264_msgs_packet/isaac_ros_to_h264_msgs_packet.egg-info/dependency_links.txt
[1.657s] writing entry points to ../../../../build/isaac_ros_to_h264_msgs_packet/isaac_ros_to_h264_msgs_packet.egg-info/entry_points.txt
[1.657s] writing requirements to ../../../../build/isaac_ros_to_h264_msgs_packet/isaac_ros_to_h264_msgs_packet.egg-info/requires.txt
[1.657s] writing top-level names to ../../../../build/isaac_ros_to_h264_msgs_packet/isaac_ros_to_h264_msgs_packet.egg-info/top_level.txt
[1.657s] writing manifest file '../../../../build/isaac_ros_to_h264_msgs_packet/isaac_ros_to_h264_msgs_packet.egg-info/SOURCES.txt'
[1.681s] reading manifest file '../../../../build/isaac_ros_to_h264_msgs_packet/isaac_ros_to_h264_msgs_packet.egg-info/SOURCES.txt'
[1.682s] writing manifest file '../../../../build/isaac_ros_to_h264_msgs_packet/isaac_ros_to_h264_msgs_packet.egg-info/SOURCES.txt'
[1.682s] running build
[1.682s] running build_py
[1.682s] creating /workspaces/isaac_ros-dev/build/isaac_ros_to_h264_msgs_packet/build
[1.682s] creating /workspaces/isaac_ros-dev/build/isaac_ros_to_h264_msgs_packet/build/lib
[1.682s] creating /workspaces/isaac_ros-dev/build/isaac_ros_to_h264_msgs_packet/build/lib/isaac_ros_to_h264_msgs_packet
[1.682s] copying isaac_ros_to_h264_msgs_packet/ToH264MsgsPacket.py -> /workspaces/isaac_ros-dev/build/isaac_ros_to_h264_msgs_packet/build/lib/isaac_ros_to_h264_msgs_packet
[1.683s] copying isaac_ros_to_h264_msgs_packet/__init__.py -> /workspaces/isaac_ros-dev/build/isaac_ros_to_h264_msgs_packet/build/lib/isaac_ros_to_h264_msgs_packet
[1.683s] running install
[1.690s] running install_lib
[1.706s] creating /workspaces/isaac_ros-dev/install/isaac_ros_to_h264_msgs_packet/lib/python3.8/site-packages/isaac_ros_to_h264_msgs_packet
[1.706s] copying /workspaces/isaac_ros-dev/build/isaac_ros_to_h264_msgs_packet/build/lib/isaac_ros_to_h264_msgs_packet/ToH264MsgsPacket.py -> /workspaces/isaac_ros-dev/install/isaac_ros_to_h264_msgs_packet/lib/python3.8/site-packages/isaac_ros_to_h264_msgs_packet
[1.706s] copying /workspaces/isaac_ros-dev/build/isaac_ros_to_h264_msgs_packet/build/lib/isaac_ros_to_h264_msgs_packet/__init__.py -> /workspaces/isaac_ros-dev/install/isaac_ros_to_h264_msgs_packet/lib/python3.8/site-packages/isaac_ros_to_h264_msgs_packet
[1.706s] byte-compiling /workspaces/isaac_ros-dev/install/isaac_ros_to_h264_msgs_packet/lib/python3.8/site-packages/isaac_ros_to_h264_msgs_packet/ToH264MsgsPacket.py to ToH264MsgsPacket.cpython-38.pyc
[1.707s] byte-compiling /workspaces/isaac_ros-dev/install/isaac_ros_to_h264_msgs_packet/lib/python3.8/site-packages/isaac_ros_to_h264_msgs_packet/__init__.py to __init__.cpython-38.pyc
[1.707s] running install_data
[1.718s] creating /workspaces/isaac_ros-dev/install/isaac_ros_to_h264_msgs_packet/share/ament_index
[1.718s] creating /workspaces/isaac_ros-dev/install/isaac_ros_to_h264_msgs_packet/share/ament_index/resource_index
[1.718s] creating /workspaces/isaac_ros-dev/install/isaac_ros_to_h264_msgs_packet/share/ament_index/resource_index/packages
[1.718s] copying resource/isaac_ros_to_h264_msgs_packet -> /workspaces/isaac_ros-dev/install/isaac_ros_to_h264_msgs_packet/share/ament_index/resource_index/packages
[1.719s] copying package.xml -> /workspaces/isaac_ros-dev/install/isaac_ros_to_h264_msgs_packet/share/isaac_ros_to_h264_msgs_packet
[1.719s] creating /workspaces/isaac_ros-dev/install/isaac_ros_to_h264_msgs_packet/share/isaac_ros_to_h264_msgs_packet/launch
[1.719s] copying launch/h264_compatible_decoder.launch.py -> /workspaces/isaac_ros-dev/install/isaac_ros_to_h264_msgs_packet/share/isaac_ros_to_h264_msgs_packet/launch
[1.719s] creating /workspaces/isaac_ros-dev/install/isaac_ros_to_h264_msgs_packet/share/isaac_ros_to_h264_msgs_packet/config
[1.719s] running install_egg_info
[1.731s] Copying ../../../../build/isaac_ros_to_h264_msgs_packet/isaac_ros_to_h264_msgs_packet.egg-info to /workspaces/isaac_ros-dev/install/isaac_ros_to_h264_msgs_packet/lib/python3.8/site-packages/isaac_ros_to_h264_msgs_packet-0.30.0-py3.8.egg-info
[1.732s] running install_scripts
[1.790s] Installing ToH264MsgsPacket script to /workspaces/isaac_ros-dev/install/isaac_ros_to_h264_msgs_packet/lib/isaac_ros_to_h264_msgs_packet
[1.790s] writing list of installed files to '/workspaces/isaac_ros-dev/build/isaac_ros_to_h264_msgs_packet/install.log'
[1.846s] Invoked command in '/workspaces/isaac_ros-dev/src/isaac_ros_compression/utils/isaac_ros_to_h264_msgs_packet' returned '0': PYTHONPATH=/workspaces/isaac_ros-dev/build/isaac_ros_to_h264_msgs_packet/prefix_override:/workspaces/isaac_ros-dev/install/isaac_ros_to_h264_msgs_packet/lib/python3.8/site-packages:${PYTHONPATH} /usr/bin/python3 setup.py egg_info --egg-base ../../../../build/isaac_ros_to_h264_msgs_packet build --build-base /workspaces/isaac_ros-dev/build/isaac_ros_to_h264_msgs_packet/build install --record /workspaces/isaac_ros-dev/build/isaac_ros_to_h264_msgs_packet/install.log --single-version-externally-managed
