[0.156s] Invoking command in '/workspaces/isaac_ros-dev/build/isaac_ros_nitros': AMENT_PREFIX_PATH=/workspaces/isaac_ros-dev/install/isaac_ros_nitros_interfaces:/workspaces/isaac_ros-dev/install/isaac_ros_gxf:/workspaces/isaac_ros-dev/install/isaac_ros_test:/workspaces/isaac_ros-dev/install/isaac_ros_common:${AMENT_PREFIX_PATH} CMAKE_PREFIX_PATH=/workspaces/isaac_ros-dev/install/isaac_ros_nitros_interfaces:/workspaces/isaac_ros-dev/install/isaac_ros_gxf:/workspaces/isaac_ros-dev/install/isaac_ros_common:${CMAKE_PREFIX_PATH} LD_LIBRARY_PATH=/workspaces/isaac_ros-dev/install/isaac_ros_nitros_interfaces/lib:/workspaces/isaac_ros-dev/install/isaac_ros_common/lib:/opt/ros/humble/install/opt/rviz_ogre_vendor/lib:/opt/ros/humble/install/lib:/usr/lib/aarch64-linux-gnu/tegra/weston:/usr/lib/aarch64-linux-gnu/tegra-egl:/usr/local/cuda-11.4/targets/aarch64-linux/lib:/usr/lib/aarch64-linux-gnu/tegra:/opt/nvidia/vpi2/lib64:/usr/lib/aarch64-linux-gnu-host:/opt/tritonserver/lib PYTHONPATH=/workspaces/isaac_ros-dev/install/isaac_ros_nitros_interfaces/lib/python3.8/site-packages:/workspaces/isaac_ros-dev/install/isaac_ros_test/lib/python3.8/site-packages:${PYTHONPATH} /usr/bin/cmake /workspaces/isaac_ros-dev/src/isaac_ros_nitros/isaac_ros_nitros -DCMAKE_INSTALL_PREFIX=/workspaces/isaac_ros-dev/install/isaac_ros_nitros
[0.495s] -- The C compiler identification is GNU 9.4.0
[0.728s] -- The CXX compiler identification is GNU 9.4.0
[0.771s] -- Detecting C compiler ABI info
[1.130s] -- Detecting C compiler ABI info - done
[1.152s] -- Check for working C compiler: /usr/bin/cc - skipped
[1.154s] -- Detecting C compile features
[1.158s] -- Detecting C compile features - done
[1.165s] -- Detecting CXX compiler ABI info
[1.521s] -- Detecting CXX compiler ABI info - done
[1.566s] -- Check for working CXX compiler: /usr/bin/c++ - skipped
[1.567s] -- Detecting CXX compile features
[1.568s] -- Detecting CXX compile features - done
[1.612s] -- Found ament_cmake_auto: 1.3.3 (/opt/ros/humble/install/share/ament_cmake_auto/cmake)
[4.216s] -- Found Python3: /usr/bin/python3.8 (found version "3.8.10") found components: Interpreter 
[4.910s] -- Loading isaac_ros_common extras
[4.910s] -- CMAKE_BUILD_TYPE: Release
[4.996s] -- Looking for pthread.h
[5.362s] -- Looking for pthread.h - found
[5.363s] -- Performing Test CMAKE_HAVE_LIBC_PTHREAD
[5.647s] -- Performing Test CMAKE_HAVE_LIBC_PTHREAD - Failed
[5.648s] -- Looking for pthread_create in pthreads
[5.982s] -- Looking for pthread_create in pthreads - not found
[5.983s] -- Looking for pthread_create in pthread
[6.399s] -- Looking for pthread_create in pthread - found
[6.402s] -- Found Threads: TRUE  
[6.526s] -- Found CUDA: /usr/local/cuda (found version "11.4") 
[6.528s] -- Loading isaac_ros_common extras (modules)
[6.657s] -- Found rosidl_generator_c: 3.1.4 (/opt/ros/humble/install/share/rosidl_generator_c/cmake)
[6.672s] -- Found rosidl_adapter: 3.1.4 (/opt/ros/humble/install/share/rosidl_adapter/cmake)
[6.700s] -- Found rosidl_generator_cpp: 3.1.4 (/opt/ros/humble/install/share/rosidl_generator_cpp/cmake)
[6.745s] -- Using all available rosidl_typesupport_c: rosidl_typesupport_fastrtps_c;rosidl_typesupport_introspection_c
[6.811s] -- Using all available rosidl_typesupport_cpp: rosidl_typesupport_fastrtps_cpp;rosidl_typesupport_introspection_cpp
[7.032s] -- Found rmw_implementation_cmake: 6.1.1 (/opt/ros/humble/install/share/rmw_implementation_cmake/cmake)
[7.041s] -- Found rmw_fastrtps_cpp: 6.2.2 (/opt/ros/humble/install/share/rmw_fastrtps_cpp/cmake)
[7.744s] -- Found OpenSSL: /usr/lib/aarch64-linux-gnu/libcrypto.so (found version "1.1.1f")  
[7.941s] -- Found FastRTPS: /opt/ros/humble/install/include  
[8.185s] -- Using RMW implementation 'rmw_fastrtps_cpp' as default
[9.240s] -- Loading isaac_ros_gxf extras
[9.268s] -- Found atlas lib=/workspaces/isaac_ros-dev/install/isaac_ros_gxf/share/isaac_ros_gxf/gxf/lib/libgxf_atlas.so, include=/workspaces/isaac_ros-dev/install/isaac_ros_gxf/share/isaac_ros_gxf/gxf/include/gxf
[9.275s] -- Found cuda lib=/workspaces/isaac_ros-dev/install/isaac_ros_gxf/share/isaac_ros_gxf/gxf/lib/cuda/libgxf_cuda.so, include=/workspaces/isaac_ros-dev/install/isaac_ros_gxf/share/isaac_ros_gxf/gxf/include/gxf
[9.282s] -- Found isaac_messages lib=/workspaces/isaac_ros-dev/install/isaac_ros_gxf/share/isaac_ros_gxf/gxf/lib/libgxf_isaac_messages.so, include=/workspaces/isaac_ros-dev/install/isaac_ros_gxf/share/isaac_ros_gxf/gxf/include/gxf
[9.288s] -- Found isaac_ros_messages lib=/workspaces/isaac_ros-dev/install/isaac_ros_gxf/share/isaac_ros_gxf/gxf/lib/libgxf_isaac_ros_messages.so, include=/workspaces/isaac_ros-dev/install/isaac_ros_gxf/share/isaac_ros_gxf/gxf/include/gxf
[9.293s] -- Found multimedia lib=/workspaces/isaac_ros-dev/install/isaac_ros_gxf/share/isaac_ros_gxf/gxf/lib/multimedia/libgxf_multimedia.so, include=/workspaces/isaac_ros-dev/install/isaac_ros_gxf/share/isaac_ros_gxf/gxf/include/gxf
[9.302s] -- Found gxf_optimizer lib=/workspaces/isaac_ros-dev/install/isaac_ros_gxf/share/isaac_ros_gxf/gxf/lib/libgxf_optimizer.so, include=/workspaces/isaac_ros-dev/install/isaac_ros_gxf/share/isaac_ros_gxf/gxf/include/gxf
[9.307s] -- Found serialization lib=/workspaces/isaac_ros-dev/install/isaac_ros_gxf/share/isaac_ros_gxf/gxf/lib/serialization/libgxf_serialization.so, include=/workspaces/isaac_ros-dev/install/isaac_ros_gxf/share/isaac_ros_gxf/gxf/include/gxf
[9.312s] -- Found std lib=/workspaces/isaac_ros-dev/install/isaac_ros_gxf/share/isaac_ros_gxf/gxf/lib/std/libgxf_std.so, include=/workspaces/isaac_ros-dev/install/isaac_ros_gxf/share/isaac_ros_gxf/gxf/include/gxf
[9.318s] -- Found core lib=/workspaces/isaac_ros-dev/install/isaac_ros_gxf/share/isaac_ros_gxf/gxf/lib/core/libgxf_core.so, include=/workspaces/isaac_ros-dev/install/isaac_ros_gxf/share/isaac_ros_gxf/gxf/include/gxf
[9.323s] -- Found GXF:  (found suitable version "2.5.0", minimum required is "2.5.0") found components: core multimedia gxf_optimizer 
[13.415s] -- Performing Test FLAG_WEXTRA
[13.736s] -- Performing Test FLAG_WEXTRA - Success
[13.785s] -- Found ament_lint_auto: 0.12.5 (/opt/ros/humble/install/share/ament_lint_auto/cmake)
[13.892s] -- Found launch_testing_ament_cmake: 1.0.4 (/opt/ros/humble/install/share/launch_testing_ament_cmake/cmake)
[13.898s] -- Found python_cmake_module: 0.10.0 (/opt/ros/humble/install/share/python_cmake_module/cmake)
[13.977s] -- Found PythonInterp: /usr/bin/python3 (found suitable version "3.8.10", minimum required is "3.6") 
[13.991s] -- Found PythonLibs: /usr/lib/aarch64-linux-gnu/libpython3.8.so (found suitable version "3.8.10", minimum required is "3.5") 
[13.991s] -- Using PYTHON_EXECUTABLE: /usr/bin/python3
[13.991s] -- Using PYTHON_INCLUDE_DIRS: /usr/include/python3.8
[13.992s] -- Using PYTHON_LIBRARIES: /usr/lib/aarch64-linux-gnu/libpython3.8.so
[14.070s] -- Found PythonExtra: .so  
[14.116s] -- Added test 'cppcheck' to perform static code analysis on C / C++ code
[14.117s] -- Configured cppcheck include dirs: /workspaces/isaac_ros-dev/src/isaac_ros_nitros/isaac_ros_nitros/include
[14.117s] -- Configured cppcheck exclude dirs and/or files: 
[14.129s] -- Added test 'cpplint' to check C / C++ code against the Google style
[14.129s] -- Configured cpplint exclude dirs and/or files: 
[14.133s] -- Added test 'flake8' to check Python code syntax and style conventions
[14.137s] -- Added test 'lint_cmake' to check CMake code style
[14.141s] -- Added test 'pep257' to check Python code against some of the docstring style conventions in PEP 257
[14.153s] -- Added test 'uncrustify' to check C / C++ code style
[14.153s] -- Configured uncrustify additional arguments: 
[14.157s] -- Added test 'xmllint' to check XML markup files
[14.182s] -- Configuring done
[14.422s] -- Generating done
[14.456s] -- Build files have been written to: /workspaces/isaac_ros-dev/build/isaac_ros_nitros
[14.496s] Invoked command in '/workspaces/isaac_ros-dev/build/isaac_ros_nitros' returned '0': AMENT_PREFIX_PATH=/workspaces/isaac_ros-dev/install/isaac_ros_nitros_interfaces:/workspaces/isaac_ros-dev/install/isaac_ros_gxf:/workspaces/isaac_ros-dev/install/isaac_ros_test:/workspaces/isaac_ros-dev/install/isaac_ros_common:${AMENT_PREFIX_PATH} CMAKE_PREFIX_PATH=/workspaces/isaac_ros-dev/install/isaac_ros_nitros_interfaces:/workspaces/isaac_ros-dev/install/isaac_ros_gxf:/workspaces/isaac_ros-dev/install/isaac_ros_common:${CMAKE_PREFIX_PATH} LD_LIBRARY_PATH=/workspaces/isaac_ros-dev/install/isaac_ros_nitros_interfaces/lib:/workspaces/isaac_ros-dev/install/isaac_ros_common/lib:/opt/ros/humble/install/opt/rviz_ogre_vendor/lib:/opt/ros/humble/install/lib:/usr/lib/aarch64-linux-gnu/tegra/weston:/usr/lib/aarch64-linux-gnu/tegra-egl:/usr/local/cuda-11.4/targets/aarch64-linux/lib:/usr/lib/aarch64-linux-gnu/tegra:/opt/nvidia/vpi2/lib64:/usr/lib/aarch64-linux-gnu-host:/opt/tritonserver/lib PYTHONPATH=/workspaces/isaac_ros-dev/install/isaac_ros_nitros_interfaces/lib/python3.8/site-packages:/workspaces/isaac_ros-dev/install/isaac_ros_test/lib/python3.8/site-packages:${PYTHONPATH} /usr/bin/cmake /workspaces/isaac_ros-dev/src/isaac_ros_nitros/isaac_ros_nitros -DCMAKE_INSTALL_PREFIX=/workspaces/isaac_ros-dev/install/isaac_ros_nitros
[14.503s] Invoking command in '/workspaces/isaac_ros-dev/build/isaac_ros_nitros': AMENT_PREFIX_PATH=/workspaces/isaac_ros-dev/install/isaac_ros_nitros_interfaces:/workspaces/isaac_ros-dev/install/isaac_ros_gxf:/workspaces/isaac_ros-dev/install/isaac_ros_test:/workspaces/isaac_ros-dev/install/isaac_ros_common:${AMENT_PREFIX_PATH} CMAKE_PREFIX_PATH=/workspaces/isaac_ros-dev/install/isaac_ros_nitros_interfaces:/workspaces/isaac_ros-dev/install/isaac_ros_gxf:/workspaces/isaac_ros-dev/install/isaac_ros_common:${CMAKE_PREFIX_PATH} LD_LIBRARY_PATH=/workspaces/isaac_ros-dev/install/isaac_ros_nitros_interfaces/lib:/workspaces/isaac_ros-dev/install/isaac_ros_common/lib:/opt/ros/humble/install/opt/rviz_ogre_vendor/lib:/opt/ros/humble/install/lib:/usr/lib/aarch64-linux-gnu/tegra/weston:/usr/lib/aarch64-linux-gnu/tegra-egl:/usr/local/cuda-11.4/targets/aarch64-linux/lib:/usr/lib/aarch64-linux-gnu/tegra:/opt/nvidia/vpi2/lib64:/usr/lib/aarch64-linux-gnu-host:/opt/tritonserver/lib PYTHONPATH=/workspaces/isaac_ros-dev/install/isaac_ros_nitros_interfaces/lib/python3.8/site-packages:/workspaces/isaac_ros-dev/install/isaac_ros_test/lib/python3.8/site-packages:${PYTHONPATH} /usr/bin/cmake --build /workspaces/isaac_ros-dev/build/isaac_ros_nitros -- -j4 -l4
[14.635s] [  2%] [32mBuilding CXX object _deps/yaml-cpp-build/CMakeFiles/yaml-cpp.dir/src/convert.cpp.o[0m
[14.647s] [  4%] [32mBuilding CXX object _deps/yaml-cpp-build/CMakeFiles/yaml-cpp.dir/src/binary.cpp.o[0m
[14.683s] [  6%] [32mBuilding CXX object CMakeFiles/isaac_ros_nitros_exe.dir/rclcpp_components/node_main_isaac_ros_nitros_exe.cpp.o[0m
[17.097s] [  9%] [32mBuilding CXX object _deps/yaml-cpp-build/CMakeFiles/yaml-cpp.dir/src/emit.cpp.o[0m
[18.725s] [ 11%] [32mBuilding CXX object _deps/yaml-cpp-build/CMakeFiles/yaml-cpp.dir/src/emitfromevents.cpp.o[0m
[20.775s] [ 13%] [32mBuilding CXX object _deps/yaml-cpp-build/CMakeFiles/yaml-cpp.dir/src/emitter.cpp.o[0m
[23.352s] [ 16%] [32mBuilding CXX object _deps/yaml-cpp-build/CMakeFiles/yaml-cpp.dir/src/emitterstate.cpp.o[0m
[25.800s] [ 18%] [32mBuilding CXX object _deps/yaml-cpp-build/CMakeFiles/yaml-cpp.dir/src/emitterutils.cpp.o[0m
[27.365s] [ 20%] [32m[1mLinking CXX executable isaac_ros_nitros_exe[0m
[27.667s] [ 20%] Built target isaac_ros_nitros_exe
[33.160s] [ 23%] [32mBuilding CXX object _deps/yaml-cpp-build/CMakeFiles/yaml-cpp.dir/src/exp.cpp.o[0m
[34.628s] [ 25%] [32mBuilding CXX object _deps/yaml-cpp-build/CMakeFiles/yaml-cpp.dir/src/memory.cpp.o[0m
[35.642s] [ 27%] [32mBuilding CXX object _deps/yaml-cpp-build/CMakeFiles/yaml-cpp.dir/src/node.cpp.o[0m
[36.344s] [ 30%] [32mBuilding CXX object _deps/yaml-cpp-build/CMakeFiles/yaml-cpp.dir/src/exceptions.cpp.o[0m
[36.594s] [ 32%] [32mBuilding CXX object _deps/yaml-cpp-build/CMakeFiles/yaml-cpp.dir/src/node_data.cpp.o[0m
[37.278s] [ 34%] [32mBuilding CXX object _deps/yaml-cpp-build/CMakeFiles/yaml-cpp.dir/src/nodebuilder.cpp.o[0m
[38.293s] [ 37%] [32mBuilding CXX object _deps/yaml-cpp-build/CMakeFiles/yaml-cpp.dir/src/nodeevents.cpp.o[0m
[39.049s] [ 39%] [32mBuilding CXX object _deps/yaml-cpp-build/CMakeFiles/yaml-cpp.dir/src/directives.cpp.o[0m
[39.704s] [ 41%] [32mBuilding CXX object _deps/yaml-cpp-build/CMakeFiles/yaml-cpp.dir/src/null.cpp.o[0m
[39.815s] [ 44%] [32mBuilding CXX object _deps/yaml-cpp-build/CMakeFiles/yaml-cpp.dir/src/ostream_wrapper.cpp.o[0m
[40.204s] [ 46%] [32mBuilding CXX object _deps/yaml-cpp-build/CMakeFiles/yaml-cpp.dir/src/parse.cpp.o[0m
[40.342s] [ 48%] [32mBuilding CXX object _deps/yaml-cpp-build/CMakeFiles/yaml-cpp.dir/src/parser.cpp.o[0m
[40.901s] [ 51%] [32mBuilding CXX object _deps/yaml-cpp-build/CMakeFiles/yaml-cpp.dir/src/regex_yaml.cpp.o[0m
[41.918s] [ 53%] [32mBuilding CXX object _deps/yaml-cpp-build/CMakeFiles/yaml-cpp.dir/src/scanner.cpp.o[0m
[42.283s] [ 55%] [32mBuilding CXX object _deps/yaml-cpp-build/CMakeFiles/yaml-cpp.dir/src/scanscalar.cpp.o[0m
[42.698s] [ 58%] [32mBuilding CXX object _deps/yaml-cpp-build/CMakeFiles/yaml-cpp.dir/src/scantag.cpp.o[0m
[42.702s] [ 60%] [32mBuilding CXX object _deps/yaml-cpp-build/CMakeFiles/yaml-cpp.dir/src/scantoken.cpp.o[0m
[44.966s] [ 62%] [32mBuilding CXX object _deps/yaml-cpp-build/CMakeFiles/yaml-cpp.dir/src/simplekey.cpp.o[0m
[45.103s] [ 65%] [32mBuilding CXX object _deps/yaml-cpp-build/CMakeFiles/yaml-cpp.dir/src/singledocparser.cpp.o[0m
[46.011s] [ 67%] [32mBuilding CXX object _deps/yaml-cpp-build/CMakeFiles/yaml-cpp.dir/src/stream.cpp.o[0m
[46.751s] [ 69%] [32mBuilding CXX object _deps/yaml-cpp-build/CMakeFiles/yaml-cpp.dir/src/tag.cpp.o[0m
[47.479s] [ 72%] [32mBuilding CXX object _deps/yaml-cpp-build/CMakeFiles/yaml-cpp.dir/src/contrib/graphbuilder.cpp.o[0m
[47.972s] [ 74%] [32mBuilding CXX object _deps/yaml-cpp-build/CMakeFiles/yaml-cpp.dir/src/contrib/graphbuilderadapter.cpp.o[0m
[49.152s] [ 76%] [32m[1mLinking CXX static library libyaml-cpp.a[0m
[49.230s] [ 76%] Built target yaml-cpp
[49.263s] [ 81%] [32mBuilding CXX object CMakeFiles/isaac_ros_nitros.dir/src/nitros_context.cpp.o[0m
[49.263s] [ 81%] [32mBuilding CXX object CMakeFiles/isaac_ros_nitros.dir/src/nitros_node.cpp.o[0m
[50.279s] [ 83%] [32mBuilding CXX object CMakeFiles/isaac_ros_nitros.dir/src/types/type_adapter_nitros_context.cpp.o[0m
[50.281s] [ 86%] [32mBuilding CXX object CMakeFiles/isaac_ros_nitros.dir/src/types/nitros_type_base.cpp.o[0m
[61.558s] [ 88%] [32mBuilding CXX object CMakeFiles/isaac_ros_nitros.dir/src/types/nitros_empty.cpp.o[0m
[61.927s] [ 90%] [32mBuilding CXX object CMakeFiles/isaac_ros_nitros.dir/src/nitros_publisher.cpp.o[0m
[64.288s] [ 93%] [32mBuilding CXX object CMakeFiles/isaac_ros_nitros.dir/src/nitros_subscriber.cpp.o[0m
[87.603s] [ 95%] [32mBuilding CXX object CMakeFiles/isaac_ros_nitros.dir/src/nitros_publisher_subscriber_group.cpp.o[0m
[87.782s] [ 97%] [32mBuilding CXX object CMakeFiles/isaac_ros_nitros.dir/src/utils/vpi_utilities.cpp.o[0m
[114.136s] [100%] [32m[1mLinking CXX shared library libisaac_ros_nitros.so[0m
[114.805s] [100%] Built target isaac_ros_nitros
[114.821s] Invoked command in '/workspaces/isaac_ros-dev/build/isaac_ros_nitros' returned '0': AMENT_PREFIX_PATH=/workspaces/isaac_ros-dev/install/isaac_ros_nitros_interfaces:/workspaces/isaac_ros-dev/install/isaac_ros_gxf:/workspaces/isaac_ros-dev/install/isaac_ros_test:/workspaces/isaac_ros-dev/install/isaac_ros_common:${AMENT_PREFIX_PATH} CMAKE_PREFIX_PATH=/workspaces/isaac_ros-dev/install/isaac_ros_nitros_interfaces:/workspaces/isaac_ros-dev/install/isaac_ros_gxf:/workspaces/isaac_ros-dev/install/isaac_ros_common:${CMAKE_PREFIX_PATH} LD_LIBRARY_PATH=/workspaces/isaac_ros-dev/install/isaac_ros_nitros_interfaces/lib:/workspaces/isaac_ros-dev/install/isaac_ros_common/lib:/opt/ros/humble/install/opt/rviz_ogre_vendor/lib:/opt/ros/humble/install/lib:/usr/lib/aarch64-linux-gnu/tegra/weston:/usr/lib/aarch64-linux-gnu/tegra-egl:/usr/local/cuda-11.4/targets/aarch64-linux/lib:/usr/lib/aarch64-linux-gnu/tegra:/opt/nvidia/vpi2/lib64:/usr/lib/aarch64-linux-gnu-host:/opt/tritonserver/lib PYTHONPATH=/workspaces/isaac_ros-dev/install/isaac_ros_nitros_interfaces/lib/python3.8/site-packages:/workspaces/isaac_ros-dev/install/isaac_ros_test/lib/python3.8/site-packages:${PYTHONPATH} /usr/bin/cmake --build /workspaces/isaac_ros-dev/build/isaac_ros_nitros -- -j4 -l4
[114.970s] Invoking command in '/workspaces/isaac_ros-dev/build/isaac_ros_nitros': AMENT_PREFIX_PATH=/workspaces/isaac_ros-dev/install/isaac_ros_nitros_interfaces:/workspaces/isaac_ros-dev/install/isaac_ros_gxf:/workspaces/isaac_ros-dev/install/isaac_ros_test:/workspaces/isaac_ros-dev/install/isaac_ros_common:${AMENT_PREFIX_PATH} CMAKE_PREFIX_PATH=/workspaces/isaac_ros-dev/install/isaac_ros_nitros_interfaces:/workspaces/isaac_ros-dev/install/isaac_ros_gxf:/workspaces/isaac_ros-dev/install/isaac_ros_common:${CMAKE_PREFIX_PATH} LD_LIBRARY_PATH=/workspaces/isaac_ros-dev/install/isaac_ros_nitros_interfaces/lib:/workspaces/isaac_ros-dev/install/isaac_ros_common/lib:/opt/ros/humble/install/opt/rviz_ogre_vendor/lib:/opt/ros/humble/install/lib:/usr/lib/aarch64-linux-gnu/tegra/weston:/usr/lib/aarch64-linux-gnu/tegra-egl:/usr/local/cuda-11.4/targets/aarch64-linux/lib:/usr/lib/aarch64-linux-gnu/tegra:/opt/nvidia/vpi2/lib64:/usr/lib/aarch64-linux-gnu-host:/opt/tritonserver/lib PYTHONPATH=/workspaces/isaac_ros-dev/install/isaac_ros_nitros_interfaces/lib/python3.8/site-packages:/workspaces/isaac_ros-dev/install/isaac_ros_test/lib/python3.8/site-packages:${PYTHONPATH} /usr/bin/cmake --install /workspaces/isaac_ros-dev/build/isaac_ros_nitros
[114.983s] -- Install configuration: "Release"
[114.983s] -- Installing: /workspaces/isaac_ros-dev/install/isaac_ros_nitros/share/ament_index/resource_index/elbrus/isaac_ros_nitros
[114.983s] -- Installing: /workspaces/isaac_ros-dev/install/isaac_ros_nitros/share/isaac_ros_nitros/elbrus
[114.984s] -- Installing: /workspaces/isaac_ros-dev/install/isaac_ros_nitros/share/isaac_ros_nitros/elbrus/include
[114.984s] -- Installing: /workspaces/isaac_ros-dev/install/isaac_ros_nitros/share/isaac_ros_nitros/elbrus/include/elbrus.h
[114.984s] -- Installing: /workspaces/isaac_ros-dev/install/isaac_ros_nitros/share/isaac_ros_nitros/elbrus/lib_aarch64_jetpack51
[114.985s] -- Installing: /workspaces/isaac_ros-dev/install/isaac_ros_nitros/share/isaac_ros_nitros/elbrus/lib_aarch64_jetpack51/libelbrus.so
[115.002s] -- Installing: /workspaces/isaac_ros-dev/install/isaac_ros_nitros/share/isaac_ros_nitros/elbrus/lib_x86_64_cuda_11_8
[115.002s] -- Installing: /workspaces/isaac_ros-dev/install/isaac_ros_nitros/share/isaac_ros_nitros/elbrus/lib_x86_64_cuda_11_8/libelbrus.so
[115.022s] -- Installing: /workspaces/isaac_ros-dev/install/isaac_ros_nitros/share/ament_index/resource_index/nvapriltags/isaac_ros_nitros
[115.023s] -- Installing: /workspaces/isaac_ros-dev/install/isaac_ros_nitros/share/isaac_ros_nitros/nvapriltags
[115.023s] -- Installing: /workspaces/isaac_ros-dev/install/isaac_ros_nitros/share/isaac_ros_nitros/nvapriltags/nvapriltags
[115.023s] -- Installing: /workspaces/isaac_ros-dev/install/isaac_ros_nitros/share/isaac_ros_nitros/nvapriltags/nvapriltags/nvAprilTags.h
[115.023s] -- Installing: /workspaces/isaac_ros-dev/install/isaac_ros_nitros/share/isaac_ros_nitros/nvapriltags/lib_aarch64_jetpack51
[115.024s] -- Installing: /workspaces/isaac_ros-dev/install/isaac_ros_nitros/share/isaac_ros_nitros/nvapriltags/lib_aarch64_jetpack51/libapril_tagging.a
[115.035s] -- Installing: /workspaces/isaac_ros-dev/install/isaac_ros_nitros/share/isaac_ros_nitros/nvapriltags/lib_x86_64_cuda_11_8
[115.035s] -- Installing: /workspaces/isaac_ros-dev/install/isaac_ros_nitros/share/isaac_ros_nitros/nvapriltags/lib_x86_64_cuda_11_8/libapril_tagging.a
[115.047s] -- Installing: /workspaces/isaac_ros-dev/install/isaac_ros_nitros/lib/libyaml-cpp.a
[115.051s] -- Installing: /workspaces/isaac_ros-dev/install/isaac_ros_nitros/include/yaml-cpp
[115.051s] -- Installing: /workspaces/isaac_ros-dev/install/isaac_ros_nitros/include/yaml-cpp/exceptions.h
[115.051s] -- Installing: /workspaces/isaac_ros-dev/install/isaac_ros_nitros/include/yaml-cpp/ostream_wrapper.h
[115.052s] -- Installing: /workspaces/isaac_ros-dev/install/isaac_ros_nitros/include/yaml-cpp/emitterstyle.h
[115.052s] -- Installing: /workspaces/isaac_ros-dev/install/isaac_ros_nitros/include/yaml-cpp/yaml.h
[115.052s] -- Installing: /workspaces/isaac_ros-dev/install/isaac_ros_nitros/include/yaml-cpp/binary.h
[115.053s] -- Installing: /workspaces/isaac_ros-dev/install/isaac_ros_nitros/include/yaml-cpp/emitfromevents.h
[115.053s] -- Installing: /workspaces/isaac_ros-dev/install/isaac_ros_nitros/include/yaml-cpp/dll.h
[115.053s] -- Installing: /workspaces/isaac_ros-dev/install/isaac_ros_nitros/include/yaml-cpp/traits.h
[115.054s] -- Installing: /workspaces/isaac_ros-dev/install/isaac_ros_nitros/include/yaml-cpp/contrib
[115.054s] -- Installing: /workspaces/isaac_ros-dev/install/isaac_ros_nitros/include/yaml-cpp/contrib/anchordict.h
[115.054s] -- Installing: /workspaces/isaac_ros-dev/install/isaac_ros_nitros/include/yaml-cpp/contrib/graphbuilder.h
[115.055s] -- Installing: /workspaces/isaac_ros-dev/install/isaac_ros_nitros/include/yaml-cpp/emitter.h
[115.055s] -- Installing: /workspaces/isaac_ros-dev/install/isaac_ros_nitros/include/yaml-cpp/stlemitter.h
[115.055s] -- Installing: /workspaces/isaac_ros-dev/install/isaac_ros_nitros/include/yaml-cpp/eventhandler.h
[115.056s] -- Installing: /workspaces/isaac_ros-dev/install/isaac_ros_nitros/include/yaml-cpp/emittermanip.h
[115.056s] -- Installing: /workspaces/isaac_ros-dev/install/isaac_ros_nitros/include/yaml-cpp/anchor.h
[115.056s] -- Installing: /workspaces/isaac_ros-dev/install/isaac_ros_nitros/include/yaml-cpp/parser.h
[115.056s] -- Installing: /workspaces/isaac_ros-dev/install/isaac_ros_nitros/include/yaml-cpp/emitterdef.h
[115.057s] -- Installing: /workspaces/isaac_ros-dev/install/isaac_ros_nitros/include/yaml-cpp/node
[115.057s] -- Installing: /workspaces/isaac_ros-dev/install/isaac_ros_nitros/include/yaml-cpp/node/emit.h
[115.057s] -- Installing: /workspaces/isaac_ros-dev/install/isaac_ros_nitros/include/yaml-cpp/node/impl.h
[115.058s] -- Installing: /workspaces/isaac_ros-dev/install/isaac_ros_nitros/include/yaml-cpp/node/convert.h
[115.058s] -- Installing: /workspaces/isaac_ros-dev/install/isaac_ros_nitros/include/yaml-cpp/node/iterator.h
[115.058s] -- Installing: /workspaces/isaac_ros-dev/install/isaac_ros_nitros/include/yaml-cpp/node/parse.h
[115.059s] -- Installing: /workspaces/isaac_ros-dev/install/isaac_ros_nitros/include/yaml-cpp/node/detail
[115.059s] -- Installing: /workspaces/isaac_ros-dev/install/isaac_ros_nitros/include/yaml-cpp/node/detail/impl.h
[115.059s] -- Installing: /workspaces/isaac_ros-dev/install/isaac_ros_nitros/include/yaml-cpp/node/detail/node_ref.h
[115.060s] -- Installing: /workspaces/isaac_ros-dev/install/isaac_ros_nitros/include/yaml-cpp/node/detail/iterator.h
[115.060s] -- Installing: /workspaces/isaac_ros-dev/install/isaac_ros_nitros/include/yaml-cpp/node/detail/node_iterator.h
[115.060s] -- Installing: /workspaces/isaac_ros-dev/install/isaac_ros_nitros/include/yaml-cpp/node/detail/memory.h
[115.061s] -- Installing: /workspaces/isaac_ros-dev/install/isaac_ros_nitros/include/yaml-cpp/node/detail/iterator_fwd.h
[115.061s] -- Installing: /workspaces/isaac_ros-dev/install/isaac_ros_nitros/include/yaml-cpp/node/detail/node_data.h
[115.061s] -- Installing: /workspaces/isaac_ros-dev/install/isaac_ros_nitros/include/yaml-cpp/node/detail/bool_type.h
[115.062s] -- Installing: /workspaces/isaac_ros-dev/install/isaac_ros_nitros/include/yaml-cpp/node/detail/node.h
[115.062s] -- Installing: /workspaces/isaac_ros-dev/install/isaac_ros_nitros/include/yaml-cpp/node/node.h
[115.062s] -- Installing: /workspaces/isaac_ros-dev/install/isaac_ros_nitros/include/yaml-cpp/node/ptr.h
[115.063s] -- Installing: /workspaces/isaac_ros-dev/install/isaac_ros_nitros/include/yaml-cpp/node/type.h
[115.063s] -- Installing: /workspaces/isaac_ros-dev/install/isaac_ros_nitros/include/yaml-cpp/null.h
[115.063s] -- Installing: /workspaces/isaac_ros-dev/install/isaac_ros_nitros/include/yaml-cpp/mark.h
[115.064s] -- Installing: /workspaces/isaac_ros-dev/install/isaac_ros_nitros/lib/cmake/yaml-cpp/yaml-cpp-config.cmake
[115.064s] -- Installing: /workspaces/isaac_ros-dev/install/isaac_ros_nitros/lib/cmake/yaml-cpp/yaml-cpp-config-version.cmake
[115.065s] -- Installing: /workspaces/isaac_ros-dev/install/isaac_ros_nitros/lib/cmake/yaml-cpp/yaml-cpp-targets.cmake
[115.065s] -- Installing: /workspaces/isaac_ros-dev/install/isaac_ros_nitros/lib/cmake/yaml-cpp/yaml-cpp-targets-release.cmake
[115.066s] -- Installing: /workspaces/isaac_ros-dev/install/isaac_ros_nitros/lib/pkgconfig/yaml-cpp.pc
[115.066s] -- Installing: /workspaces/isaac_ros-dev/install/isaac_ros_nitros/lib/isaac_ros_nitros/isaac_ros_nitros_exe
[115.067s] -- Set runtime path of "/workspaces/isaac_ros-dev/install/isaac_ros_nitros/lib/isaac_ros_nitros/isaac_ros_nitros_exe" to ""
[115.068s] -- Up-to-date: /workspaces/isaac_ros-dev/install/isaac_ros_nitros/include
[115.068s] -- Installing: /workspaces/isaac_ros-dev/install/isaac_ros_nitros/include/isaac_ros_nitros
[115.068s] -- Installing: /workspaces/isaac_ros-dev/install/isaac_ros_nitros/include/isaac_ros_nitros/nitros_subscriber.hpp
[115.068s] -- Installing: /workspaces/isaac_ros-dev/install/isaac_ros_nitros/include/isaac_ros_nitros/types
[115.068s] -- Installing: /workspaces/isaac_ros-dev/install/isaac_ros_nitros/include/isaac_ros_nitros/types/nitros_format_agent.hpp
[115.069s] -- Installing: /workspaces/isaac_ros-dev/install/isaac_ros_nitros/include/isaac_ros_nitros/types/nitros_empty.hpp
[115.069s] -- Installing: /workspaces/isaac_ros-dev/install/isaac_ros_nitros/include/isaac_ros_nitros/types/type_adapter_nitros_context.hpp
[115.069s] -- Installing: /workspaces/isaac_ros-dev/install/isaac_ros_nitros/include/isaac_ros_nitros/types/nitros_type_manager.hpp
[115.069s] -- Installing: /workspaces/isaac_ros-dev/install/isaac_ros_nitros/include/isaac_ros_nitros/types/nitros_type_base.hpp
[115.070s] -- Installing: /workspaces/isaac_ros-dev/install/isaac_ros_nitros/include/isaac_ros_nitros/types/type_utility.hpp
[115.070s] -- Installing: /workspaces/isaac_ros-dev/install/isaac_ros_nitros/include/isaac_ros_nitros/nitros_publisher_subscriber_group.hpp
[115.071s] -- Installing: /workspaces/isaac_ros-dev/install/isaac_ros_nitros/include/isaac_ros_nitros/nitros_node.hpp
[115.071s] -- Installing: /workspaces/isaac_ros-dev/install/isaac_ros_nitros/include/isaac_ros_nitros/utils
[115.071s] -- Installing: /workspaces/isaac_ros-dev/install/isaac_ros_nitros/include/isaac_ros_nitros/utils/vpi_utilities.hpp
[115.071s] -- Installing: /workspaces/isaac_ros-dev/install/isaac_ros_nitros/include/isaac_ros_nitros/nitros_publisher.hpp
[115.072s] -- Installing: /workspaces/isaac_ros-dev/install/isaac_ros_nitros/include/isaac_ros_nitros/nitros_context.hpp
[115.072s] -- Installing: /workspaces/isaac_ros-dev/install/isaac_ros_nitros/include/isaac_ros_nitros/nitros_publisher_subscriber_base.hpp
[115.073s] -- Installing: /workspaces/isaac_ros-dev/install/isaac_ros_nitros/share/isaac_ros_nitros/environment/library_path.sh
[115.073s] -- Installing: /workspaces/isaac_ros-dev/install/isaac_ros_nitros/share/isaac_ros_nitros/environment/library_path.dsv
[115.074s] -- Installing: /workspaces/isaac_ros-dev/install/isaac_ros_nitros/lib/libisaac_ros_nitros.so
[115.082s] -- Set runtime path of "/workspaces/isaac_ros-dev/install/isaac_ros_nitros/lib/libisaac_ros_nitros.so" to "/usr/local/cuda/lib64:/opt/ros/humble/install/lib:/workspaces/isaac_ros-dev/install/isaac_ros_nitros_interfaces/lib:/workspaces/isaac_ros-dev/install/isaac_ros_common/lib:/workspaces/isaac_ros-dev/install/isaac_ros_gxf/share/isaac_ros_gxf/gxf/lib/core:/workspaces/isaac_ros-dev/install/isaac_ros_gxf/share/isaac_ros_gxf/gxf/lib:/workspaces/isaac_ros-dev/install/isaac_ros_gxf/share/isaac_ros_gxf/gxf/lib/multimedia:/opt/nvidia/vpi2/lib/aarch64-linux-gnu"
[115.082s] -- Installing: /workspaces/isaac_ros-dev/install/isaac_ros_nitros/share/isaac_ros_nitros/config
[115.082s] -- Installing: /workspaces/isaac_ros-dev/install/isaac_ros_nitros/share/isaac_ros_nitros/config/type_adapter_nitros_context_graph.yaml
[115.082s] -- Installing: /workspaces/isaac_ros-dev/install/isaac_ros_nitros/share/isaac_ros_nitros/config/test_forward_node.yaml
[115.083s] -- Installing: /workspaces/isaac_ros-dev/install/isaac_ros_nitros/share/ament_index/resource_index/package_run_dependencies/isaac_ros_nitros
[115.083s] -- Installing: /workspaces/isaac_ros-dev/install/isaac_ros_nitros/share/ament_index/resource_index/parent_prefix_path/isaac_ros_nitros
[115.084s] -- Installing: /workspaces/isaac_ros-dev/install/isaac_ros_nitros/share/isaac_ros_nitros/environment/ament_prefix_path.sh
[115.084s] -- Installing: /workspaces/isaac_ros-dev/install/isaac_ros_nitros/share/isaac_ros_nitros/environment/ament_prefix_path.dsv
[115.085s] -- Installing: /workspaces/isaac_ros-dev/install/isaac_ros_nitros/share/isaac_ros_nitros/environment/path.sh
[115.085s] -- Installing: /workspaces/isaac_ros-dev/install/isaac_ros_nitros/share/isaac_ros_nitros/environment/path.dsv
[115.085s] -- Installing: /workspaces/isaac_ros-dev/install/isaac_ros_nitros/share/isaac_ros_nitros/local_setup.bash
[115.086s] -- Installing: /workspaces/isaac_ros-dev/install/isaac_ros_nitros/share/isaac_ros_nitros/local_setup.sh
[115.086s] -- Installing: /workspaces/isaac_ros-dev/install/isaac_ros_nitros/share/isaac_ros_nitros/local_setup.zsh
[115.087s] -- Installing: /workspaces/isaac_ros-dev/install/isaac_ros_nitros/share/isaac_ros_nitros/local_setup.dsv
[115.087s] -- Installing: /workspaces/isaac_ros-dev/install/isaac_ros_nitros/share/isaac_ros_nitros/package.dsv
[115.088s] -- Installing: /workspaces/isaac_ros-dev/install/isaac_ros_nitros/share/ament_index/resource_index/packages/isaac_ros_nitros
[115.088s] -- Installing: /workspaces/isaac_ros-dev/install/isaac_ros_nitros/share/ament_index/resource_index/rclcpp_components/isaac_ros_nitros
[115.089s] -- Installing: /workspaces/isaac_ros-dev/install/isaac_ros_nitros/share/isaac_ros_nitros/cmake/ament_cmake_export_include_directories-extras.cmake
[115.089s] -- Installing: /workspaces/isaac_ros-dev/install/isaac_ros_nitros/share/isaac_ros_nitros/cmake/ament_cmake_export_dependencies-extras.cmake
[115.089s] -- Installing: /workspaces/isaac_ros-dev/install/isaac_ros_nitros/share/isaac_ros_nitros/cmake/ament_cmake_export_libraries-extras.cmake
[115.090s] -- Installing: /workspaces/isaac_ros-dev/install/isaac_ros_nitros/share/isaac_ros_nitros/cmake/isaac_ros_nitrosConfig.cmake
[115.090s] -- Installing: /workspaces/isaac_ros-dev/install/isaac_ros_nitros/share/isaac_ros_nitros/cmake/isaac_ros_nitrosConfig-version.cmake
[115.091s] -- Installing: /workspaces/isaac_ros-dev/install/isaac_ros_nitros/share/isaac_ros_nitros/package.xml
[115.105s] Invoked command in '/workspaces/isaac_ros-dev/build/isaac_ros_nitros' returned '0': AMENT_PREFIX_PATH=/workspaces/isaac_ros-dev/install/isaac_ros_nitros_interfaces:/workspaces/isaac_ros-dev/install/isaac_ros_gxf:/workspaces/isaac_ros-dev/install/isaac_ros_test:/workspaces/isaac_ros-dev/install/isaac_ros_common:${AMENT_PREFIX_PATH} CMAKE_PREFIX_PATH=/workspaces/isaac_ros-dev/install/isaac_ros_nitros_interfaces:/workspaces/isaac_ros-dev/install/isaac_ros_gxf:/workspaces/isaac_ros-dev/install/isaac_ros_common:${CMAKE_PREFIX_PATH} LD_LIBRARY_PATH=/workspaces/isaac_ros-dev/install/isaac_ros_nitros_interfaces/lib:/workspaces/isaac_ros-dev/install/isaac_ros_common/lib:/opt/ros/humble/install/opt/rviz_ogre_vendor/lib:/opt/ros/humble/install/lib:/usr/lib/aarch64-linux-gnu/tegra/weston:/usr/lib/aarch64-linux-gnu/tegra-egl:/usr/local/cuda-11.4/targets/aarch64-linux/lib:/usr/lib/aarch64-linux-gnu/tegra:/opt/nvidia/vpi2/lib64:/usr/lib/aarch64-linux-gnu-host:/opt/tritonserver/lib PYTHONPATH=/workspaces/isaac_ros-dev/install/isaac_ros_nitros_interfaces/lib/python3.8/site-packages:/workspaces/isaac_ros-dev/install/isaac_ros_test/lib/python3.8/site-packages:${PYTHONPATH} /usr/bin/cmake --install /workspaces/isaac_ros-dev/build/isaac_ros_nitros
