[0.025s] Invoking command in '/workspaces/isaac_ros-dev/build/isaac_ros_stereo_image_proc': AMENT_PREFIX_PATH=/workspaces/isaac_ros-dev/install/isaac_ros_nitros_point_cloud_type:/workspaces/isaac_ros-dev/install/isaac_ros_nitros_image_type:/workspaces/isaac_ros-dev/install/isaac_ros_nitros_disparity_image_type:/workspaces/isaac_ros-dev/install/isaac_ros_nitros_camera_info_type:/workspaces/isaac_ros-dev/install/isaac_ros_nitros:/workspaces/isaac_ros-dev/install/isaac_ros_nitros_interfaces:/workspaces/isaac_ros-dev/install/isaac_ros_gxf:/workspaces/isaac_ros-dev/install/isaac_ros_test:/workspaces/isaac_ros-dev/install/isaac_ros_common:${AMENT_PREFIX_PATH} CMAKE_PREFIX_PATH=/workspaces/isaac_ros-dev/install/isaac_ros_nitros_point_cloud_type:/workspaces/isaac_ros-dev/install/isaac_ros_nitros_image_type:/workspaces/isaac_ros-dev/install/isaac_ros_nitros_disparity_image_type:/workspaces/isaac_ros-dev/install/isaac_ros_nitros_camera_info_type:/workspaces/isaac_ros-dev/install/isaac_ros_nitros:/workspaces/isaac_ros-dev/install/isaac_ros_nitros_interfaces:/workspaces/isaac_ros-dev/install/isaac_ros_gxf:/workspaces/isaac_ros-dev/install/isaac_ros_common:${CMAKE_PREFIX_PATH} LD_LIBRARY_PATH=/workspaces/isaac_ros-dev/install/isaac_ros_nitros_point_cloud_type/lib:/workspaces/isaac_ros-dev/install/isaac_ros_nitros_image_type/lib:/workspaces/isaac_ros-dev/install/isaac_ros_nitros_disparity_image_type/lib:/workspaces/isaac_ros-dev/install/isaac_ros_nitros_camera_info_type/lib:/workspaces/isaac_ros-dev/install/isaac_ros_nitros/lib:/workspaces/isaac_ros-dev/install/isaac_ros_nitros_interfaces/lib:/workspaces/isaac_ros-dev/install/isaac_ros_common/lib:${LD_LIBRARY_PATH} PYTHONPATH=/workspaces/isaac_ros-dev/install/isaac_ros_nitros_interfaces/lib/python3.8/site-packages:/workspaces/isaac_ros-dev/install/isaac_ros_test/lib/python3.8/site-packages:${PYTHONPATH} /usr/local/bin/cmake /workspaces/isaac_ros-dev/src/isaac_ros_image_pipeline/isaac_ros_stereo_image_proc -DCMAKE_INSTALL_PREFIX=/workspaces/isaac_ros-dev/install/isaac_ros_stereo_image_proc
[0.624s] -- The CUDA compiler identification is NVIDIA 11.8.89
[0.667s] -- The CXX compiler identification is GNU 9.4.0
[0.675s] -- Detecting CUDA compiler ABI info
[1.145s] -- Detecting CUDA compiler ABI info - done
[1.177s] -- Check for working CUDA compiler: /usr/local/cuda/bin/nvcc - skipped
[1.205s] -- Detecting CUDA compile features
[1.206s] -- Detecting CUDA compile features - done
[1.209s] -- Detecting CXX compiler ABI info
[1.260s] -- Detecting CXX compiler ABI info - done
[1.269s] -- Check for working CXX compiler: /usr/bin/c++ - skipped
[1.269s] -- Detecting CXX compile features
[1.270s] -- Detecting CXX compile features - done
[1.272s] -- Found ament_cmake_auto: 1.3.3 (/opt/ros/humble/install/share/ament_cmake_auto/cmake)
[1.805s] -- Found Python3: /usr/bin/python3.8 (found version "3.8.10") found components: Interpreter 
[1.954s] -- Found rosidl_generator_c: 3.1.4 (/opt/ros/humble/install/share/rosidl_generator_c/cmake)
[1.959s] -- Found rosidl_adapter: 3.1.4 (/opt/ros/humble/install/share/rosidl_adapter/cmake)
[1.967s] -- Found rosidl_generator_cpp: 3.1.4 (/opt/ros/humble/install/share/rosidl_generator_cpp/cmake)
[1.981s] -- Using all available rosidl_typesupport_c: rosidl_typesupport_fastrtps_c;rosidl_typesupport_introspection_c
[2.001s] -- Using all available rosidl_typesupport_cpp: rosidl_typesupport_fastrtps_cpp;rosidl_typesupport_introspection_cpp
[2.070s] -- Found rmw_implementation_cmake: 6.1.1 (/opt/ros/humble/install/share/rmw_implementation_cmake/cmake)
[2.072s] -- Found rmw_fastrtps_cpp: 6.2.2 (/opt/ros/humble/install/share/rmw_fastrtps_cpp/cmake)
[2.161s] -- Found OpenSSL: /usr/lib/x86_64-linux-gnu/libcrypto.so (found version "1.1.1f")  
[2.184s] -- Found FastRTPS: /opt/ros/humble/install/include  
[2.227s] -- Using RMW implementation 'rmw_fastrtps_cpp' as default
[2.237s] -- Performing Test CMAKE_HAVE_LIBC_PTHREAD
[2.293s] -- Performing Test CMAKE_HAVE_LIBC_PTHREAD - Failed
[2.293s] -- Looking for pthread_create in pthreads
[2.338s] -- Looking for pthread_create in pthreads - not found
[2.338s] -- Looking for pthread_create in pthread
[2.390s] -- Looking for pthread_create in pthread - found
[2.391s] -- Found Threads: TRUE  
[2.873s] -- Loading isaac_ros_common extras
[2.873s] -- CMAKE_BUILD_TYPE: Release
[2.890s] -- Found CUDA: /usr/local/cuda (found version "11.8") 
[2.890s] -- Loading isaac_ros_common extras (modules)
[2.962s] -- Loading isaac_ros_gxf extras
[4.588s] -- The C compiler identification is GNU 9.4.0
[4.595s] -- Detecting C compiler ABI info
[4.639s] -- Detecting C compiler ABI info - done
[4.648s] -- Check for working C compiler: /usr/bin/cc - skipped
[4.648s] -- Detecting C compile features
[4.649s] -- Detecting C compile features - done
[4.652s] -- Found atlas lib=/workspaces/isaac_ros-dev/install/isaac_ros_gxf/share/isaac_ros_gxf/gxf/lib/libgxf_atlas.so, include=/workspaces/isaac_ros-dev/install/isaac_ros_gxf/share/isaac_ros_gxf/gxf/include/gxf
[4.653s] -- Found cuda lib=/workspaces/isaac_ros-dev/install/isaac_ros_gxf/share/isaac_ros_gxf/gxf/lib/cuda/libgxf_cuda.so, include=/workspaces/isaac_ros-dev/install/isaac_ros_gxf/share/isaac_ros_gxf/gxf/include/gxf
[4.655s] -- Found isaac_messages lib=/workspaces/isaac_ros-dev/install/isaac_ros_gxf/share/isaac_ros_gxf/gxf/lib/libgxf_isaac_messages.so, include=/workspaces/isaac_ros-dev/install/isaac_ros_gxf/share/isaac_ros_gxf/gxf/include/gxf
[4.656s] -- Found isaac_ros_messages lib=/workspaces/isaac_ros-dev/install/isaac_ros_gxf/share/isaac_ros_gxf/gxf/lib/libgxf_isaac_ros_messages.so, include=/workspaces/isaac_ros-dev/install/isaac_ros_gxf/share/isaac_ros_gxf/gxf/include/gxf
[4.657s] -- Found multimedia lib=/workspaces/isaac_ros-dev/install/isaac_ros_gxf/share/isaac_ros_gxf/gxf/lib/multimedia/libgxf_multimedia.so, include=/workspaces/isaac_ros-dev/install/isaac_ros_gxf/share/isaac_ros_gxf/gxf/include/gxf
[4.659s] -- Found gxf_optimizer lib=/workspaces/isaac_ros-dev/install/isaac_ros_gxf/share/isaac_ros_gxf/gxf/lib/libgxf_optimizer.so, include=/workspaces/isaac_ros-dev/install/isaac_ros_gxf/share/isaac_ros_gxf/gxf/include/gxf
[4.661s] -- Found serialization lib=/workspaces/isaac_ros-dev/install/isaac_ros_gxf/share/isaac_ros_gxf/gxf/lib/serialization/libgxf_serialization.so, include=/workspaces/isaac_ros-dev/install/isaac_ros_gxf/share/isaac_ros_gxf/gxf/include/gxf
[4.662s] -- Found std lib=/workspaces/isaac_ros-dev/install/isaac_ros_gxf/share/isaac_ros_gxf/gxf/lib/std/libgxf_std.so, include=/workspaces/isaac_ros-dev/install/isaac_ros_gxf/share/isaac_ros_gxf/gxf/include/gxf
[4.664s] -- Found core lib=/workspaces/isaac_ros-dev/install/isaac_ros_gxf/share/isaac_ros_gxf/gxf/lib/core/libgxf_core.so, include=/workspaces/isaac_ros-dev/install/isaac_ros_gxf/share/isaac_ros_gxf/gxf/include/gxf
[4.666s] -- Found GXF:  (found suitable version "2.5.0", minimum required is "2.5.0") found components: multimedia std 
[6.142s] -- Performing Test FLAG_WEXTRA
[6.192s] -- Performing Test FLAG_WEXTRA - Success
[6.199s] -- Found ament_lint_auto: 0.12.5 (/opt/ros/humble/install/share/ament_lint_auto/cmake)
[6.229s] -- Found launch_testing_ament_cmake: 1.0.4 (/opt/ros/humble/install/share/launch_testing_ament_cmake/cmake)
[6.231s] -- Found python_cmake_module: 0.10.0 (/opt/ros/humble/install/share/python_cmake_module/cmake)
[6.251s] -- Found PythonInterp: /usr/bin/python3 (found suitable version "3.8.10", minimum required is "3.6") 
[6.256s] -- Found PythonLibs: /usr/lib/x86_64-linux-gnu/libpython3.8.so (found suitable version "3.8.10", minimum required is "3.5") 
[6.257s] -- Using PYTHON_EXECUTABLE: /usr/bin/python3
[6.257s] -- Using PYTHON_INCLUDE_DIRS: /usr/include/python3.8
[6.257s] -- Using PYTHON_LIBRARIES: /usr/lib/x86_64-linux-gnu/libpython3.8.so
[6.275s] -- Found PythonExtra: .so  
[6.282s] -- Added test 'copyright' to check source files copyright and LICENSE
[6.285s] -- Added test 'cppcheck' to perform static code analysis on C / C++ code
[6.285s] -- Configured cppcheck include dirs: /workspaces/isaac_ros-dev/src/isaac_ros_image_pipeline/isaac_ros_stereo_image_proc/include
[6.285s] -- Configured cppcheck exclude dirs and/or files: 
[6.287s] -- Added test 'cpplint' to check C / C++ code against the Google style
[6.287s] -- Configured cpplint exclude dirs and/or files: 
[6.288s] -- Added test 'flake8' to check Python code syntax and style conventions
[6.289s] -- Added test 'lint_cmake' to check CMake code style
[6.289s] -- Added test 'pep257' to check Python code against some of the docstring style conventions in PEP 257
[6.291s] -- Added test 'uncrustify' to check C / C++ code style
[6.291s] -- Configured uncrustify additional arguments: 
[6.292s] -- Added test 'xmllint' to check XML markup files
[6.295s] -- Configuring done (6.2s)
[6.351s] -- Generating done (0.0s)
[6.353s] -- Build files have been written to: /workspaces/isaac_ros-dev/build/isaac_ros_stereo_image_proc
[6.367s] Invoked command in '/workspaces/isaac_ros-dev/build/isaac_ros_stereo_image_proc' returned '0': AMENT_PREFIX_PATH=/workspaces/isaac_ros-dev/install/isaac_ros_nitros_point_cloud_type:/workspaces/isaac_ros-dev/install/isaac_ros_nitros_image_type:/workspaces/isaac_ros-dev/install/isaac_ros_nitros_disparity_image_type:/workspaces/isaac_ros-dev/install/isaac_ros_nitros_camera_info_type:/workspaces/isaac_ros-dev/install/isaac_ros_nitros:/workspaces/isaac_ros-dev/install/isaac_ros_nitros_interfaces:/workspaces/isaac_ros-dev/install/isaac_ros_gxf:/workspaces/isaac_ros-dev/install/isaac_ros_test:/workspaces/isaac_ros-dev/install/isaac_ros_common:${AMENT_PREFIX_PATH} CMAKE_PREFIX_PATH=/workspaces/isaac_ros-dev/install/isaac_ros_nitros_point_cloud_type:/workspaces/isaac_ros-dev/install/isaac_ros_nitros_image_type:/workspaces/isaac_ros-dev/install/isaac_ros_nitros_disparity_image_type:/workspaces/isaac_ros-dev/install/isaac_ros_nitros_camera_info_type:/workspaces/isaac_ros-dev/install/isaac_ros_nitros:/workspaces/isaac_ros-dev/install/isaac_ros_nitros_interfaces:/workspaces/isaac_ros-dev/install/isaac_ros_gxf:/workspaces/isaac_ros-dev/install/isaac_ros_common:${CMAKE_PREFIX_PATH} LD_LIBRARY_PATH=/workspaces/isaac_ros-dev/install/isaac_ros_nitros_point_cloud_type/lib:/workspaces/isaac_ros-dev/install/isaac_ros_nitros_image_type/lib:/workspaces/isaac_ros-dev/install/isaac_ros_nitros_disparity_image_type/lib:/workspaces/isaac_ros-dev/install/isaac_ros_nitros_camera_info_type/lib:/workspaces/isaac_ros-dev/install/isaac_ros_nitros/lib:/workspaces/isaac_ros-dev/install/isaac_ros_nitros_interfaces/lib:/workspaces/isaac_ros-dev/install/isaac_ros_common/lib:${LD_LIBRARY_PATH} PYTHONPATH=/workspaces/isaac_ros-dev/install/isaac_ros_nitros_interfaces/lib/python3.8/site-packages:/workspaces/isaac_ros-dev/install/isaac_ros_test/lib/python3.8/site-packages:${PYTHONPATH} /usr/local/bin/cmake /workspaces/isaac_ros-dev/src/isaac_ros_image_pipeline/isaac_ros_stereo_image_proc -DCMAKE_INSTALL_PREFIX=/workspaces/isaac_ros-dev/install/isaac_ros_stereo_image_proc
[6.370s] Invoking command in '/workspaces/isaac_ros-dev/build/isaac_ros_stereo_image_proc': AMENT_PREFIX_PATH=/workspaces/isaac_ros-dev/install/isaac_ros_nitros_point_cloud_type:/workspaces/isaac_ros-dev/install/isaac_ros_nitros_image_type:/workspaces/isaac_ros-dev/install/isaac_ros_nitros_disparity_image_type:/workspaces/isaac_ros-dev/install/isaac_ros_nitros_camera_info_type:/workspaces/isaac_ros-dev/install/isaac_ros_nitros:/workspaces/isaac_ros-dev/install/isaac_ros_nitros_interfaces:/workspaces/isaac_ros-dev/install/isaac_ros_gxf:/workspaces/isaac_ros-dev/install/isaac_ros_test:/workspaces/isaac_ros-dev/install/isaac_ros_common:${AMENT_PREFIX_PATH} CMAKE_PREFIX_PATH=/workspaces/isaac_ros-dev/install/isaac_ros_nitros_point_cloud_type:/workspaces/isaac_ros-dev/install/isaac_ros_nitros_image_type:/workspaces/isaac_ros-dev/install/isaac_ros_nitros_disparity_image_type:/workspaces/isaac_ros-dev/install/isaac_ros_nitros_camera_info_type:/workspaces/isaac_ros-dev/install/isaac_ros_nitros:/workspaces/isaac_ros-dev/install/isaac_ros_nitros_interfaces:/workspaces/isaac_ros-dev/install/isaac_ros_gxf:/workspaces/isaac_ros-dev/install/isaac_ros_common:${CMAKE_PREFIX_PATH} LD_LIBRARY_PATH=/workspaces/isaac_ros-dev/install/isaac_ros_nitros_point_cloud_type/lib:/workspaces/isaac_ros-dev/install/isaac_ros_nitros_image_type/lib:/workspaces/isaac_ros-dev/install/isaac_ros_nitros_disparity_image_type/lib:/workspaces/isaac_ros-dev/install/isaac_ros_nitros_camera_info_type/lib:/workspaces/isaac_ros-dev/install/isaac_ros_nitros/lib:/workspaces/isaac_ros-dev/install/isaac_ros_nitros_interfaces/lib:/workspaces/isaac_ros-dev/install/isaac_ros_common/lib:${LD_LIBRARY_PATH} PYTHONPATH=/workspaces/isaac_ros-dev/install/isaac_ros_nitros_interfaces/lib/python3.8/site-packages:/workspaces/isaac_ros-dev/install/isaac_ros_test/lib/python3.8/site-packages:${PYTHONPATH} /usr/local/bin/cmake --build /workspaces/isaac_ros-dev/build/isaac_ros_stereo_image_proc -- -j16 -l16
[6.409s] [  2%] [32mBuilding CXX object _deps/yaml-cpp-build/CMakeFiles/yaml-cpp.dir/src/convert.cpp.o[0m
[6.409s] [  5%] [32mBuilding CXX object CMakeFiles/point_cloud_node.dir/src/point_cloud_node.cpp.o[0m
[6.409s] [ 10%] [32mBuilding CXX object _deps/yaml-cpp-build/CMakeFiles/yaml-cpp.dir/src/binary.cpp.o[0m
[6.409s] [ 10%] [32mBuilding CXX object _deps/yaml-cpp-build/CMakeFiles/yaml-cpp.dir/src/emitfromevents.cpp.o[0m
[6.409s] [ 15%] [32mBuilding CXX object _deps/yaml-cpp-build/CMakeFiles/yaml-cpp.dir/src/directives.cpp.o[0m
[6.409s] [ 15%] [32mBuilding CXX object _deps/yaml-cpp-build/CMakeFiles/yaml-cpp.dir/src/emitterstate.cpp.o[0m
[6.409s] [ 17%] [32mBuilding CXX object _deps/yaml-cpp-build/CMakeFiles/yaml-cpp.dir/src/emit.cpp.o[0m
[6.410s] [ 20%] [32mBuilding CXX object _deps/yaml-cpp-build/CMakeFiles/yaml-cpp.dir/src/emitter.cpp.o[0m
[6.410s] [ 23%] [32mBuilding CXX object _deps/yaml-cpp-build/CMakeFiles/yaml-cpp.dir/src/emitterutils.cpp.o[0m
[6.410s] [ 25%] [32mBuilding CXX object _deps/yaml-cpp-build/CMakeFiles/yaml-cpp.dir/src/exceptions.cpp.o[0m
[6.631s] [ 30%] [32mBuilding CXX object _deps/yaml-cpp-build/CMakeFiles/yaml-cpp.dir/src/nodebuilder.cpp.o[0m
[6.631s] [ 35%] [32mBuilding CXX object _deps/yaml-cpp-build/CMakeFiles/yaml-cpp.dir/src/node.cpp.o[0m
[6.632s] [ 33%] [32mBuilding CXX object _deps/yaml-cpp-build/CMakeFiles/yaml-cpp.dir/src/node_data.cpp.o[0m
[6.632s] [ 38%] [32mBuilding CXX object _deps/yaml-cpp-build/CMakeFiles/yaml-cpp.dir/src/memory.cpp.o[0m
[6.632s] [ 41%] [32mBuilding CXX object _deps/yaml-cpp-build/CMakeFiles/yaml-cpp.dir/src/exp.cpp.o[0m
[6.632s] [ 41%] [32mBuilding CXX object _deps/yaml-cpp-build/CMakeFiles/yaml-cpp.dir/src/nodeevents.cpp.o[0m
[6.754s] [ 43%] [32mBuilding CXX object _deps/yaml-cpp-build/CMakeFiles/yaml-cpp.dir/src/null.cpp.o[0m
[6.865s] [ 46%] [32mBuilding CXX object _deps/yaml-cpp-build/CMakeFiles/yaml-cpp.dir/src/ostream_wrapper.cpp.o[0m
[6.976s] [ 48%] [32mBuilding CXX object _deps/yaml-cpp-build/CMakeFiles/yaml-cpp.dir/src/parse.cpp.o[0m
[7.068s] [ 51%] [32mBuilding CXX object _deps/yaml-cpp-build/CMakeFiles/yaml-cpp.dir/src/parser.cpp.o[0m
[7.123s] [ 53%] [32mBuilding CXX object _deps/yaml-cpp-build/CMakeFiles/yaml-cpp.dir/src/regex_yaml.cpp.o[0m
[7.249s] [ 56%] [32mBuilding CXX object _deps/yaml-cpp-build/CMakeFiles/yaml-cpp.dir/src/scanner.cpp.o[0m
[7.414s] [ 58%] [32mBuilding CXX object _deps/yaml-cpp-build/CMakeFiles/yaml-cpp.dir/src/scanscalar.cpp.o[0m
[7.443s] [ 61%] [32mBuilding CXX object _deps/yaml-cpp-build/CMakeFiles/yaml-cpp.dir/src/scantag.cpp.o[0m
[7.479s] [ 64%] [32mBuilding CXX object _deps/yaml-cpp-build/CMakeFiles/yaml-cpp.dir/src/scantoken.cpp.o[0m
[7.505s] [ 66%] [32mBuilding CXX object _deps/yaml-cpp-build/CMakeFiles/yaml-cpp.dir/src/simplekey.cpp.o[0m
[7.512s] [ 69%] [32mBuilding CXX object _deps/yaml-cpp-build/CMakeFiles/yaml-cpp.dir/src/singledocparser.cpp.o[0m
[7.534s] [ 71%] [32mBuilding CXX object _deps/yaml-cpp-build/CMakeFiles/yaml-cpp.dir/src/stream.cpp.o[0m
[7.591s] [ 74%] [32mBuilding CXX object _deps/yaml-cpp-build/CMakeFiles/yaml-cpp.dir/src/tag.cpp.o[0m
[7.682s] [ 76%] [32mBuilding CXX object _deps/yaml-cpp-build/CMakeFiles/yaml-cpp.dir/src/contrib/graphbuilder.cpp.o[0m
[7.813s] [ 79%] [32mBuilding CXX object _deps/yaml-cpp-build/CMakeFiles/yaml-cpp.dir/src/contrib/graphbuilderadapter.cpp.o[0m
[9.322s] [ 82%] [32m[1mLinking CXX static library libyaml-cpp.a[0m
[9.366s] [ 82%] Built target yaml-cpp
[9.458s] [ 84%] [32mBuilding CXX object gxf/sgm_disparity/CMakeFiles/gxf_disparity_extension.dir/disparity_extension.cpp.o[0m
[9.509s] [ 87%] [32mBuilding CXX object gxf/sgm_disparity/CMakeFiles/gxf_disparity_extension.dir/disparity_extension/disparity_compositor.cpp.o[0m
[9.522s] [ 89%] [32mBuilding CXX object gxf/sgm_disparity/CMakeFiles/gxf_disparity_extension.dir/disparity_extension/sgm_disparity.cpp.o[0m
[16.502s] [ 92%] [32m[1mLinking CXX shared library libgxf_disparity_extension.so[0m
[16.581s] [ 92%] Built target gxf_disparity_extension
[47.526s] [ 94%] [32m[1mLinking CXX shared library libpoint_cloud_node.so[0m
[47.801s] [ 94%] Built target point_cloud_node
[47.809s] [ 97%] [32mBuilding CXX object CMakeFiles/disparity_node.dir/src/disparity_node.cpp.o[0m
[74.954s] [100%] [32m[1mLinking CXX shared library libdisparity_node.so[0m
[75.192s] [100%] Built target disparity_node
[75.206s] Invoked command in '/workspaces/isaac_ros-dev/build/isaac_ros_stereo_image_proc' returned '0': AMENT_PREFIX_PATH=/workspaces/isaac_ros-dev/install/isaac_ros_nitros_point_cloud_type:/workspaces/isaac_ros-dev/install/isaac_ros_nitros_image_type:/workspaces/isaac_ros-dev/install/isaac_ros_nitros_disparity_image_type:/workspaces/isaac_ros-dev/install/isaac_ros_nitros_camera_info_type:/workspaces/isaac_ros-dev/install/isaac_ros_nitros:/workspaces/isaac_ros-dev/install/isaac_ros_nitros_interfaces:/workspaces/isaac_ros-dev/install/isaac_ros_gxf:/workspaces/isaac_ros-dev/install/isaac_ros_test:/workspaces/isaac_ros-dev/install/isaac_ros_common:${AMENT_PREFIX_PATH} CMAKE_PREFIX_PATH=/workspaces/isaac_ros-dev/install/isaac_ros_nitros_point_cloud_type:/workspaces/isaac_ros-dev/install/isaac_ros_nitros_image_type:/workspaces/isaac_ros-dev/install/isaac_ros_nitros_disparity_image_type:/workspaces/isaac_ros-dev/install/isaac_ros_nitros_camera_info_type:/workspaces/isaac_ros-dev/install/isaac_ros_nitros:/workspaces/isaac_ros-dev/install/isaac_ros_nitros_interfaces:/workspaces/isaac_ros-dev/install/isaac_ros_gxf:/workspaces/isaac_ros-dev/install/isaac_ros_common:${CMAKE_PREFIX_PATH} LD_LIBRARY_PATH=/workspaces/isaac_ros-dev/install/isaac_ros_nitros_point_cloud_type/lib:/workspaces/isaac_ros-dev/install/isaac_ros_nitros_image_type/lib:/workspaces/isaac_ros-dev/install/isaac_ros_nitros_disparity_image_type/lib:/workspaces/isaac_ros-dev/install/isaac_ros_nitros_camera_info_type/lib:/workspaces/isaac_ros-dev/install/isaac_ros_nitros/lib:/workspaces/isaac_ros-dev/install/isaac_ros_nitros_interfaces/lib:/workspaces/isaac_ros-dev/install/isaac_ros_common/lib:${LD_LIBRARY_PATH} PYTHONPATH=/workspaces/isaac_ros-dev/install/isaac_ros_nitros_interfaces/lib/python3.8/site-packages:/workspaces/isaac_ros-dev/install/isaac_ros_test/lib/python3.8/site-packages:${PYTHONPATH} /usr/local/bin/cmake --build /workspaces/isaac_ros-dev/build/isaac_ros_stereo_image_proc -- -j16 -l16
[75.255s] Invoking command in '/workspaces/isaac_ros-dev/build/isaac_ros_stereo_image_proc': AMENT_PREFIX_PATH=/workspaces/isaac_ros-dev/install/isaac_ros_nitros_point_cloud_type:/workspaces/isaac_ros-dev/install/isaac_ros_nitros_image_type:/workspaces/isaac_ros-dev/install/isaac_ros_nitros_disparity_image_type:/workspaces/isaac_ros-dev/install/isaac_ros_nitros_camera_info_type:/workspaces/isaac_ros-dev/install/isaac_ros_nitros:/workspaces/isaac_ros-dev/install/isaac_ros_nitros_interfaces:/workspaces/isaac_ros-dev/install/isaac_ros_gxf:/workspaces/isaac_ros-dev/install/isaac_ros_test:/workspaces/isaac_ros-dev/install/isaac_ros_common:${AMENT_PREFIX_PATH} CMAKE_PREFIX_PATH=/workspaces/isaac_ros-dev/install/isaac_ros_nitros_point_cloud_type:/workspaces/isaac_ros-dev/install/isaac_ros_nitros_image_type:/workspaces/isaac_ros-dev/install/isaac_ros_nitros_disparity_image_type:/workspaces/isaac_ros-dev/install/isaac_ros_nitros_camera_info_type:/workspaces/isaac_ros-dev/install/isaac_ros_nitros:/workspaces/isaac_ros-dev/install/isaac_ros_nitros_interfaces:/workspaces/isaac_ros-dev/install/isaac_ros_gxf:/workspaces/isaac_ros-dev/install/isaac_ros_common:${CMAKE_PREFIX_PATH} LD_LIBRARY_PATH=/workspaces/isaac_ros-dev/install/isaac_ros_nitros_point_cloud_type/lib:/workspaces/isaac_ros-dev/install/isaac_ros_nitros_image_type/lib:/workspaces/isaac_ros-dev/install/isaac_ros_nitros_disparity_image_type/lib:/workspaces/isaac_ros-dev/install/isaac_ros_nitros_camera_info_type/lib:/workspaces/isaac_ros-dev/install/isaac_ros_nitros/lib:/workspaces/isaac_ros-dev/install/isaac_ros_nitros_interfaces/lib:/workspaces/isaac_ros-dev/install/isaac_ros_common/lib:${LD_LIBRARY_PATH} PYTHONPATH=/workspaces/isaac_ros-dev/install/isaac_ros_nitros_interfaces/lib/python3.8/site-packages:/workspaces/isaac_ros-dev/install/isaac_ros_test/lib/python3.8/site-packages:${PYTHONPATH} /usr/local/bin/cmake --install /workspaces/isaac_ros-dev/build/isaac_ros_stereo_image_proc
[75.276s] -- Install configuration: "Release"
[75.277s] -- Installing: /workspaces/isaac_ros-dev/install/isaac_ros_stereo_image_proc/lib/libyaml-cpp.a
[75.278s] -- Installing: /workspaces/isaac_ros-dev/install/isaac_ros_stereo_image_proc/include/yaml-cpp
[75.278s] -- Installing: /workspaces/isaac_ros-dev/install/isaac_ros_stereo_image_proc/include/yaml-cpp/mark.h
[75.278s] -- Installing: /workspaces/isaac_ros-dev/install/isaac_ros_stereo_image_proc/include/yaml-cpp/emittermanip.h
[75.278s] -- Installing: /workspaces/isaac_ros-dev/install/isaac_ros_stereo_image_proc/include/yaml-cpp/emitter.h
[75.278s] -- Installing: /workspaces/isaac_ros-dev/install/isaac_ros_stereo_image_proc/include/yaml-cpp/exceptions.h
[75.278s] -- Installing: /workspaces/isaac_ros-dev/install/isaac_ros_stereo_image_proc/include/yaml-cpp/traits.h
[75.278s] -- Installing: /workspaces/isaac_ros-dev/install/isaac_ros_stereo_image_proc/include/yaml-cpp/eventhandler.h
[75.278s] -- Installing: /workspaces/isaac_ros-dev/install/isaac_ros_stereo_image_proc/include/yaml-cpp/parser.h
[75.278s] -- Installing: /workspaces/isaac_ros-dev/install/isaac_ros_stereo_image_proc/include/yaml-cpp/dll.h
[75.278s] -- Installing: /workspaces/isaac_ros-dev/install/isaac_ros_stereo_image_proc/include/yaml-cpp/null.h
[75.278s] -- Installing: /workspaces/isaac_ros-dev/install/isaac_ros_stereo_image_proc/include/yaml-cpp/contrib
[75.279s] -- Installing: /workspaces/isaac_ros-dev/install/isaac_ros_stereo_image_proc/include/yaml-cpp/contrib/graphbuilder.h
[75.279s] -- Installing: /workspaces/isaac_ros-dev/install/isaac_ros_stereo_image_proc/include/yaml-cpp/contrib/anchordict.h
[75.279s] -- Installing: /workspaces/isaac_ros-dev/install/isaac_ros_stereo_image_proc/include/yaml-cpp/emitterdef.h
[75.279s] -- Installing: /workspaces/isaac_ros-dev/install/isaac_ros_stereo_image_proc/include/yaml-cpp/anchor.h
[75.279s] -- Installing: /workspaces/isaac_ros-dev/install/isaac_ros_stereo_image_proc/include/yaml-cpp/emitfromevents.h
[75.279s] -- Installing: /workspaces/isaac_ros-dev/install/isaac_ros_stereo_image_proc/include/yaml-cpp/emitterstyle.h
[75.279s] -- Installing: /workspaces/isaac_ros-dev/install/isaac_ros_stereo_image_proc/include/yaml-cpp/node
[75.279s] -- Installing: /workspaces/isaac_ros-dev/install/isaac_ros_stereo_image_proc/include/yaml-cpp/node/impl.h
[75.279s] -- Installing: /workspaces/isaac_ros-dev/install/isaac_ros_stereo_image_proc/include/yaml-cpp/node/parse.h
[75.279s] -- Installing: /workspaces/isaac_ros-dev/install/isaac_ros_stereo_image_proc/include/yaml-cpp/node/detail
[75.279s] -- Installing: /workspaces/isaac_ros-dev/install/isaac_ros_stereo_image_proc/include/yaml-cpp/node/detail/node_data.h
[75.279s] -- Installing: /workspaces/isaac_ros-dev/install/isaac_ros_stereo_image_proc/include/yaml-cpp/node/detail/impl.h
[75.279s] -- Installing: /workspaces/isaac_ros-dev/install/isaac_ros_stereo_image_proc/include/yaml-cpp/node/detail/node_iterator.h
[75.279s] -- Installing: /workspaces/isaac_ros-dev/install/isaac_ros_stereo_image_proc/include/yaml-cpp/node/detail/memory.h
[75.279s] -- Installing: /workspaces/isaac_ros-dev/install/isaac_ros_stereo_image_proc/include/yaml-cpp/node/detail/iterator.h
[75.279s] -- Installing: /workspaces/isaac_ros-dev/install/isaac_ros_stereo_image_proc/include/yaml-cpp/node/detail/iterator_fwd.h
[75.280s] -- Installing: /workspaces/isaac_ros-dev/install/isaac_ros_stereo_image_proc/include/yaml-cpp/node/detail/node.h
[75.280s] -- Installing: /workspaces/isaac_ros-dev/install/isaac_ros_stereo_image_proc/include/yaml-cpp/node/detail/bool_type.h
[75.280s] -- Installing: /workspaces/isaac_ros-dev/install/isaac_ros_stereo_image_proc/include/yaml-cpp/node/detail/node_ref.h
[75.280s] -- Installing: /workspaces/isaac_ros-dev/install/isaac_ros_stereo_image_proc/include/yaml-cpp/node/convert.h
[75.280s] -- Installing: /workspaces/isaac_ros-dev/install/isaac_ros_stereo_image_proc/include/yaml-cpp/node/iterator.h
[75.280s] -- Installing: /workspaces/isaac_ros-dev/install/isaac_ros_stereo_image_proc/include/yaml-cpp/node/type.h
[75.280s] -- Installing: /workspaces/isaac_ros-dev/install/isaac_ros_stereo_image_proc/include/yaml-cpp/node/node.h
[75.280s] -- Installing: /workspaces/isaac_ros-dev/install/isaac_ros_stereo_image_proc/include/yaml-cpp/node/emit.h
[75.280s] -- Installing: /workspaces/isaac_ros-dev/install/isaac_ros_stereo_image_proc/include/yaml-cpp/node/ptr.h
[75.280s] -- Installing: /workspaces/isaac_ros-dev/install/isaac_ros_stereo_image_proc/include/yaml-cpp/ostream_wrapper.h
[75.280s] -- Installing: /workspaces/isaac_ros-dev/install/isaac_ros_stereo_image_proc/include/yaml-cpp/stlemitter.h
[75.280s] -- Installing: /workspaces/isaac_ros-dev/install/isaac_ros_stereo_image_proc/include/yaml-cpp/binary.h
[75.280s] -- Installing: /workspaces/isaac_ros-dev/install/isaac_ros_stereo_image_proc/include/yaml-cpp/yaml.h
[75.280s] -- Installing: /workspaces/isaac_ros-dev/install/isaac_ros_stereo_image_proc/lib/cmake/yaml-cpp/yaml-cpp-config.cmake
[75.280s] -- Installing: /workspaces/isaac_ros-dev/install/isaac_ros_stereo_image_proc/lib/cmake/yaml-cpp/yaml-cpp-config-version.cmake
[75.280s] -- Installing: /workspaces/isaac_ros-dev/install/isaac_ros_stereo_image_proc/lib/cmake/yaml-cpp/yaml-cpp-targets.cmake
[75.280s] -- Installing: /workspaces/isaac_ros-dev/install/isaac_ros_stereo_image_proc/lib/cmake/yaml-cpp/yaml-cpp-targets-release.cmake
[75.280s] -- Installing: /workspaces/isaac_ros-dev/install/isaac_ros_stereo_image_proc/lib/pkgconfig/yaml-cpp.pc
[75.281s] -- Installing: /workspaces/isaac_ros-dev/install/isaac_ros_stereo_image_proc/share/isaac_ros_stereo_image_proc/gxf/lib/sgm_disparity/libgxf_disparity_extension.so
[75.281s] -- Set runtime path of "/workspaces/isaac_ros-dev/install/isaac_ros_stereo_image_proc/share/isaac_ros_stereo_image_proc/gxf/lib/sgm_disparity/libgxf_disparity_extension.so" to ""
[75.281s] -- Up-to-date: /workspaces/isaac_ros-dev/install/isaac_ros_stereo_image_proc/include
[75.281s] -- Installing: /workspaces/isaac_ros-dev/install/isaac_ros_stereo_image_proc/include/isaac_ros_stereo_image_proc
[75.281s] -- Installing: /workspaces/isaac_ros-dev/install/isaac_ros_stereo_image_proc/include/isaac_ros_stereo_image_proc/disparity_node.hpp
[75.281s] -- Installing: /workspaces/isaac_ros-dev/install/isaac_ros_stereo_image_proc/include/isaac_ros_stereo_image_proc/point_cloud_node.hpp
[75.281s] -- Installing: /workspaces/isaac_ros-dev/install/isaac_ros_stereo_image_proc/share/isaac_ros_stereo_image_proc/environment/library_path.sh
[75.281s] -- Installing: /workspaces/isaac_ros-dev/install/isaac_ros_stereo_image_proc/share/isaac_ros_stereo_image_proc/environment/library_path.dsv
[75.281s] -- Installing: /workspaces/isaac_ros-dev/install/isaac_ros_stereo_image_proc/lib/libpoint_cloud_node.so
[75.285s] -- Set runtime path of "/workspaces/isaac_ros-dev/install/isaac_ros_stereo_image_proc/lib/libpoint_cloud_node.so" to ""
[75.285s] -- Installing: /workspaces/isaac_ros-dev/install/isaac_ros_stereo_image_proc/lib/libdisparity_node.so
[75.288s] -- Set runtime path of "/workspaces/isaac_ros-dev/install/isaac_ros_stereo_image_proc/lib/libdisparity_node.so" to ""
[75.288s] -- Installing: /workspaces/isaac_ros-dev/install/isaac_ros_stereo_image_proc/share/isaac_ros_stereo_image_proc/config
[75.288s] -- Installing: /workspaces/isaac_ros-dev/install/isaac_ros_stereo_image_proc/share/isaac_ros_stereo_image_proc/config/nitros_point_cloud_node.yaml
[75.288s] -- Installing: /workspaces/isaac_ros-dev/install/isaac_ros_stereo_image_proc/share/isaac_ros_stereo_image_proc/config/isaac_ros_stereo_image_proc_isaac_sim.rviz
[75.288s] -- Installing: /workspaces/isaac_ros-dev/install/isaac_ros_stereo_image_proc/share/isaac_ros_stereo_image_proc/config/isaac_ros_stereo_image_proc_realsense.rviz
[75.289s] -- Installing: /workspaces/isaac_ros-dev/install/isaac_ros_stereo_image_proc/share/isaac_ros_stereo_image_proc/config/nitros_disparity_node.yaml
[75.289s] -- Installing: /workspaces/isaac_ros-dev/install/isaac_ros_stereo_image_proc/share/isaac_ros_stereo_image_proc/config/realsense.yaml
[75.289s] -- Installing: /workspaces/isaac_ros-dev/install/isaac_ros_stereo_image_proc/share/isaac_ros_stereo_image_proc/launch
[75.289s] -- Installing: /workspaces/isaac_ros-dev/install/isaac_ros_stereo_image_proc/share/isaac_ros_stereo_image_proc/launch/isaac_ros_stereo_image_pipeline.launch.py
[75.289s] -- Installing: /workspaces/isaac_ros-dev/install/isaac_ros_stereo_image_proc/share/isaac_ros_stereo_image_proc/launch/isaac_ros_stereo_image_pipeline_isaac_sim.launch.py
[75.289s] -- Installing: /workspaces/isaac_ros-dev/install/isaac_ros_stereo_image_proc/share/ament_index/resource_index/package_run_dependencies/isaac_ros_stereo_image_proc
[75.289s] -- Installing: /workspaces/isaac_ros-dev/install/isaac_ros_stereo_image_proc/share/ament_index/resource_index/parent_prefix_path/isaac_ros_stereo_image_proc
[75.290s] -- Installing: /workspaces/isaac_ros-dev/install/isaac_ros_stereo_image_proc/share/isaac_ros_stereo_image_proc/environment/ament_prefix_path.sh
[75.290s] -- Installing: /workspaces/isaac_ros-dev/install/isaac_ros_stereo_image_proc/share/isaac_ros_stereo_image_proc/environment/ament_prefix_path.dsv
[75.290s] -- Installing: /workspaces/isaac_ros-dev/install/isaac_ros_stereo_image_proc/share/isaac_ros_stereo_image_proc/environment/path.sh
[75.290s] -- Installing: /workspaces/isaac_ros-dev/install/isaac_ros_stereo_image_proc/share/isaac_ros_stereo_image_proc/environment/path.dsv
[75.290s] -- Installing: /workspaces/isaac_ros-dev/install/isaac_ros_stereo_image_proc/share/isaac_ros_stereo_image_proc/local_setup.bash
[75.290s] -- Installing: /workspaces/isaac_ros-dev/install/isaac_ros_stereo_image_proc/share/isaac_ros_stereo_image_proc/local_setup.sh
[75.290s] -- Installing: /workspaces/isaac_ros-dev/install/isaac_ros_stereo_image_proc/share/isaac_ros_stereo_image_proc/local_setup.zsh
[75.290s] -- Installing: /workspaces/isaac_ros-dev/install/isaac_ros_stereo_image_proc/share/isaac_ros_stereo_image_proc/local_setup.dsv
[75.290s] -- Installing: /workspaces/isaac_ros-dev/install/isaac_ros_stereo_image_proc/share/isaac_ros_stereo_image_proc/package.dsv
[75.290s] -- Installing: /workspaces/isaac_ros-dev/install/isaac_ros_stereo_image_proc/share/ament_index/resource_index/packages/isaac_ros_stereo_image_proc
[75.290s] -- Installing: /workspaces/isaac_ros-dev/install/isaac_ros_stereo_image_proc/share/ament_index/resource_index/rclcpp_components/isaac_ros_stereo_image_proc
[75.291s] -- Installing: /workspaces/isaac_ros-dev/install/isaac_ros_stereo_image_proc/share/isaac_ros_stereo_image_proc/cmake/ament_cmake_export_dependencies-extras.cmake
[75.291s] -- Installing: /workspaces/isaac_ros-dev/install/isaac_ros_stereo_image_proc/share/isaac_ros_stereo_image_proc/cmake/ament_cmake_export_include_directories-extras.cmake
[75.291s] -- Installing: /workspaces/isaac_ros-dev/install/isaac_ros_stereo_image_proc/share/isaac_ros_stereo_image_proc/cmake/ament_cmake_export_libraries-extras.cmake
[75.291s] -- Installing: /workspaces/isaac_ros-dev/install/isaac_ros_stereo_image_proc/share/isaac_ros_stereo_image_proc/cmake/isaac_ros_stereo_image_procConfig.cmake
[75.291s] -- Installing: /workspaces/isaac_ros-dev/install/isaac_ros_stereo_image_proc/share/isaac_ros_stereo_image_proc/cmake/isaac_ros_stereo_image_procConfig-version.cmake
[75.291s] -- Installing: /workspaces/isaac_ros-dev/install/isaac_ros_stereo_image_proc/share/isaac_ros_stereo_image_proc/package.xml
[75.295s] Invoked command in '/workspaces/isaac_ros-dev/build/isaac_ros_stereo_image_proc' returned '0': AMENT_PREFIX_PATH=/workspaces/isaac_ros-dev/install/isaac_ros_nitros_point_cloud_type:/workspaces/isaac_ros-dev/install/isaac_ros_nitros_image_type:/workspaces/isaac_ros-dev/install/isaac_ros_nitros_disparity_image_type:/workspaces/isaac_ros-dev/install/isaac_ros_nitros_camera_info_type:/workspaces/isaac_ros-dev/install/isaac_ros_nitros:/workspaces/isaac_ros-dev/install/isaac_ros_nitros_interfaces:/workspaces/isaac_ros-dev/install/isaac_ros_gxf:/workspaces/isaac_ros-dev/install/isaac_ros_test:/workspaces/isaac_ros-dev/install/isaac_ros_common:${AMENT_PREFIX_PATH} CMAKE_PREFIX_PATH=/workspaces/isaac_ros-dev/install/isaac_ros_nitros_point_cloud_type:/workspaces/isaac_ros-dev/install/isaac_ros_nitros_image_type:/workspaces/isaac_ros-dev/install/isaac_ros_nitros_disparity_image_type:/workspaces/isaac_ros-dev/install/isaac_ros_nitros_camera_info_type:/workspaces/isaac_ros-dev/install/isaac_ros_nitros:/workspaces/isaac_ros-dev/install/isaac_ros_nitros_interfaces:/workspaces/isaac_ros-dev/install/isaac_ros_gxf:/workspaces/isaac_ros-dev/install/isaac_ros_common:${CMAKE_PREFIX_PATH} LD_LIBRARY_PATH=/workspaces/isaac_ros-dev/install/isaac_ros_nitros_point_cloud_type/lib:/workspaces/isaac_ros-dev/install/isaac_ros_nitros_image_type/lib:/workspaces/isaac_ros-dev/install/isaac_ros_nitros_disparity_image_type/lib:/workspaces/isaac_ros-dev/install/isaac_ros_nitros_camera_info_type/lib:/workspaces/isaac_ros-dev/install/isaac_ros_nitros/lib:/workspaces/isaac_ros-dev/install/isaac_ros_nitros_interfaces/lib:/workspaces/isaac_ros-dev/install/isaac_ros_common/lib:${LD_LIBRARY_PATH} PYTHONPATH=/workspaces/isaac_ros-dev/install/isaac_ros_nitros_interfaces/lib/python3.8/site-packages:/workspaces/isaac_ros-dev/install/isaac_ros_test/lib/python3.8/site-packages:${PYTHONPATH} /usr/local/bin/cmake --install /workspaces/isaac_ros-dev/build/isaac_ros_stereo_image_proc
