[4.339s] Invoking command in '/workspaces/isaac_ros-dev/build/isaac_ros_to_h264_msgs_packet': PYTHONPATH=/workspaces/isaac_ros-dev/build/isaac_ros_to_h264_msgs_packet/prefix_override:/workspaces/isaac_ros-dev/install/isaac_ros_to_h264_msgs_packet/lib/python3.8/site-packages:${PYTHONPATH} /usr/bin/python3 setup.py develop --editable --build-directory /workspaces/isaac_ros-dev/build/isaac_ros_to_h264_msgs_packet/build --no-deps install_data
[5.460s] running develop
[6.196s] running egg_info
[6.196s] creating isaac_ros_to_h264_msgs_packet.egg-info
[6.238s] writing isaac_ros_to_h264_msgs_packet.egg-info/PKG-INFO
[6.238s] writing dependency_links to isaac_ros_to_h264_msgs_packet.egg-info/dependency_links.txt
[6.238s] writing entry points to isaac_ros_to_h264_msgs_packet.egg-info/entry_points.txt
[6.238s] writing requirements to isaac_ros_to_h264_msgs_packet.egg-info/requires.txt
[6.239s] writing top-level names to isaac_ros_to_h264_msgs_packet.egg-info/top_level.txt
[6.239s] writing manifest file 'isaac_ros_to_h264_msgs_packet.egg-info/SOURCES.txt'
[6.320s] reading manifest file 'isaac_ros_to_h264_msgs_packet.egg-info/SOURCES.txt'
[6.322s] writing manifest file 'isaac_ros_to_h264_msgs_packet.egg-info/SOURCES.txt'
[6.487s] running build_ext
[6.487s] Creating /workspaces/isaac_ros-dev/install/isaac_ros_to_h264_msgs_packet/lib/python3.8/site-packages/isaac-ros-to-h264-msgs-packet.egg-link (link to .)
[6.490s] Installing ToH264MsgsPacket script to /workspaces/isaac_ros-dev/install/isaac_ros_to_h264_msgs_packet/lib/isaac_ros_to_h264_msgs_packet
[6.491s] 
[6.491s] Installed /workspaces/isaac_ros-dev/build/isaac_ros_to_h264_msgs_packet
[6.491s] running install_data
[6.492s] creating /workspaces/isaac_ros-dev/install/isaac_ros_to_h264_msgs_packet/share/ament_index
[6.492s] creating /workspaces/isaac_ros-dev/install/isaac_ros_to_h264_msgs_packet/share/ament_index/resource_index
[6.492s] creating /workspaces/isaac_ros-dev/install/isaac_ros_to_h264_msgs_packet/share/ament_index/resource_index/packages
[6.493s] copying resource/isaac_ros_to_h264_msgs_packet -> /workspaces/isaac_ros-dev/install/isaac_ros_to_h264_msgs_packet/share/ament_index/resource_index/packages
[6.493s] copying package.xml -> /workspaces/isaac_ros-dev/install/isaac_ros_to_h264_msgs_packet/share/isaac_ros_to_h264_msgs_packet
[6.493s] creating /workspaces/isaac_ros-dev/install/isaac_ros_to_h264_msgs_packet/share/isaac_ros_to_h264_msgs_packet/launch
[6.493s] copying launch/h264_compatible_decoder.launch.py -> /workspaces/isaac_ros-dev/install/isaac_ros_to_h264_msgs_packet/share/isaac_ros_to_h264_msgs_packet/launch
[6.494s] creating /workspaces/isaac_ros-dev/install/isaac_ros_to_h264_msgs_packet/share/isaac_ros_to_h264_msgs_packet/config
[6.696s] Invoked command in '/workspaces/isaac_ros-dev/build/isaac_ros_to_h264_msgs_packet' returned '0': PYTHONPATH=/workspaces/isaac_ros-dev/build/isaac_ros_to_h264_msgs_packet/prefix_override:/workspaces/isaac_ros-dev/install/isaac_ros_to_h264_msgs_packet/lib/python3.8/site-packages:${PYTHONPATH} /usr/bin/python3 setup.py develop --editable --build-directory /workspaces/isaac_ros-dev/build/isaac_ros_to_h264_msgs_packet/build --no-deps install_data
