[0.105s] Invoking command in '/workspaces/isaac_ros-dev/build/isaac_ros_nitros_detection2_d_array_type': AMENT_PREFIX_PATH=/workspaces/isaac_ros-dev/install/isaac_ros_nitros:/workspaces/isaac_ros-dev/install/isaac_ros_nitros_interfaces:/workspaces/isaac_ros-dev/install/isaac_ros_gxf:/workspaces/isaac_ros-dev/install/isaac_ros_test:/workspaces/isaac_ros-dev/install/isaac_ros_common:${AMENT_PREFIX_PATH} CMAKE_PREFIX_PATH=/workspaces/isaac_ros-dev/install/isaac_ros_nitros:/workspaces/isaac_ros-dev/install/isaac_ros_nitros_interfaces:/workspaces/isaac_ros-dev/install/isaac_ros_gxf:/workspaces/isaac_ros-dev/install/isaac_ros_common:${CMAKE_PREFIX_PATH} LD_LIBRARY_PATH=/workspaces/isaac_ros-dev/install/isaac_ros_nitros/lib:/workspaces/isaac_ros-dev/install/isaac_ros_nitros_interfaces/lib:/workspaces/isaac_ros-dev/install/isaac_ros_common/lib:/opt/ros/humble/install/opt/rviz_ogre_vendor/lib:/opt/ros/humble/install/lib:/usr/lib/aarch64-linux-gnu/tegra/weston:/usr/lib/aarch64-linux-gnu/tegra-egl:/usr/local/cuda-11.4/targets/aarch64-linux/lib:/usr/lib/aarch64-linux-gnu/tegra:/opt/nvidia/vpi2/lib64:/usr/lib/aarch64-linux-gnu-host:/opt/tritonserver/lib PYTHONPATH=/workspaces/isaac_ros-dev/install/isaac_ros_nitros_interfaces/lib/python3.8/site-packages:/workspaces/isaac_ros-dev/install/isaac_ros_test/lib/python3.8/site-packages:${PYTHONPATH} /usr/bin/cmake /workspaces/isaac_ros-dev/src/isaac_ros_nitros/isaac_ros_nitros_type/isaac_ros_nitros_detection2_d_array_type -DCMAKE_INSTALL_PREFIX=/workspaces/isaac_ros-dev/install/isaac_ros_nitros_detection2_d_array_type
[0.287s] -- The C compiler identification is GNU 9.4.0
[0.465s] -- The CXX compiler identification is GNU 9.4.0
[0.485s] -- Detecting C compiler ABI info
[0.701s] -- Detecting C compiler ABI info - done
[0.735s] -- Check for working C compiler: /usr/bin/cc - skipped
[0.737s] -- Detecting C compile features
[0.738s] -- Detecting C compile features - done
[0.747s] -- Detecting CXX compiler ABI info
[0.996s] -- Detecting CXX compiler ABI info - done
[1.019s] -- Check for working CXX compiler: /usr/bin/c++ - skipped
[1.019s] -- Detecting CXX compile features
[1.021s] -- Detecting CXX compile features - done
[1.034s] -- Found ament_cmake_auto: 1.3.3 (/opt/ros/humble/install/share/ament_cmake_auto/cmake)
[3.320s] -- Found Python3: /usr/bin/python3.8 (found version "3.8.10") found components: Interpreter 
[3.768s] -- Loading isaac_ros_common extras
[3.768s] -- CMAKE_BUILD_TYPE: Release
[3.812s] -- Looking for pthread.h
[4.029s] -- Looking for pthread.h - found
[4.029s] -- Performing Test CMAKE_HAVE_LIBC_PTHREAD
[4.277s] -- Performing Test CMAKE_HAVE_LIBC_PTHREAD - Failed
[4.278s] -- Looking for pthread_create in pthreads
[4.485s] -- Looking for pthread_create in pthreads - not found
[4.486s] -- Looking for pthread_create in pthread
[4.685s] -- Looking for pthread_create in pthread - found
[4.689s] -- Found Threads: TRUE  
[4.752s] -- Found CUDA: /usr/local/cuda (found version "11.4") 
[4.754s] -- Loading isaac_ros_common extras (modules)
[4.881s] -- Found rosidl_generator_c: 3.1.4 (/opt/ros/humble/install/share/rosidl_generator_c/cmake)
[4.898s] -- Found rosidl_adapter: 3.1.4 (/opt/ros/humble/install/share/rosidl_adapter/cmake)
[4.925s] -- Found rosidl_generator_cpp: 3.1.4 (/opt/ros/humble/install/share/rosidl_generator_cpp/cmake)
[4.969s] -- Using all available rosidl_typesupport_c: rosidl_typesupport_fastrtps_c;rosidl_typesupport_introspection_c
[5.034s] -- Using all available rosidl_typesupport_cpp: rosidl_typesupport_fastrtps_cpp;rosidl_typesupport_introspection_cpp
[5.246s] -- Found rmw_implementation_cmake: 6.1.1 (/opt/ros/humble/install/share/rmw_implementation_cmake/cmake)
[5.254s] -- Found rmw_fastrtps_cpp: 6.2.2 (/opt/ros/humble/install/share/rmw_fastrtps_cpp/cmake)
[5.632s] -- Found OpenSSL: /usr/lib/aarch64-linux-gnu/libcrypto.so (found version "1.1.1f")  
[5.726s] -- Found FastRTPS: /opt/ros/humble/install/include  
[5.911s] -- Using RMW implementation 'rmw_fastrtps_cpp' as default
[6.806s] -- Loading isaac_ros_gxf extras
[7.159s] -- Found atlas lib=/workspaces/isaac_ros-dev/install/isaac_ros_gxf/share/isaac_ros_gxf/gxf/lib/libgxf_atlas.so, include=/workspaces/isaac_ros-dev/install/isaac_ros_gxf/share/isaac_ros_gxf/gxf/include/gxf
[7.167s] -- Found cuda lib=/workspaces/isaac_ros-dev/install/isaac_ros_gxf/share/isaac_ros_gxf/gxf/lib/cuda/libgxf_cuda.so, include=/workspaces/isaac_ros-dev/install/isaac_ros_gxf/share/isaac_ros_gxf/gxf/include/gxf
[7.175s] -- Found isaac_messages lib=/workspaces/isaac_ros-dev/install/isaac_ros_gxf/share/isaac_ros_gxf/gxf/lib/libgxf_isaac_messages.so, include=/workspaces/isaac_ros-dev/install/isaac_ros_gxf/share/isaac_ros_gxf/gxf/include/gxf
[7.183s] -- Found isaac_ros_messages lib=/workspaces/isaac_ros-dev/install/isaac_ros_gxf/share/isaac_ros_gxf/gxf/lib/libgxf_isaac_ros_messages.so, include=/workspaces/isaac_ros-dev/install/isaac_ros_gxf/share/isaac_ros_gxf/gxf/include/gxf
[7.191s] -- Found multimedia lib=/workspaces/isaac_ros-dev/install/isaac_ros_gxf/share/isaac_ros_gxf/gxf/lib/multimedia/libgxf_multimedia.so, include=/workspaces/isaac_ros-dev/install/isaac_ros_gxf/share/isaac_ros_gxf/gxf/include/gxf
[7.206s] -- Found gxf_optimizer lib=/workspaces/isaac_ros-dev/install/isaac_ros_gxf/share/isaac_ros_gxf/gxf/lib/libgxf_optimizer.so, include=/workspaces/isaac_ros-dev/install/isaac_ros_gxf/share/isaac_ros_gxf/gxf/include/gxf
[7.214s] -- Found serialization lib=/workspaces/isaac_ros-dev/install/isaac_ros_gxf/share/isaac_ros_gxf/gxf/lib/serialization/libgxf_serialization.so, include=/workspaces/isaac_ros-dev/install/isaac_ros_gxf/share/isaac_ros_gxf/gxf/include/gxf
[7.222s] -- Found std lib=/workspaces/isaac_ros-dev/install/isaac_ros_gxf/share/isaac_ros_gxf/gxf/lib/std/libgxf_std.so, include=/workspaces/isaac_ros-dev/install/isaac_ros_gxf/share/isaac_ros_gxf/gxf/include/gxf
[7.230s] -- Found core lib=/workspaces/isaac_ros-dev/install/isaac_ros_gxf/share/isaac_ros_gxf/gxf/lib/core/libgxf_core.so, include=/workspaces/isaac_ros-dev/install/isaac_ros_gxf/share/isaac_ros_gxf/gxf/include/gxf
[7.236s] -- Found GXF:  (found suitable version "2.5.0", minimum required is "2.5.0") found components: core std 
[10.192s] -- Performing Test FLAG_WEXTRA
[10.454s] -- Performing Test FLAG_WEXTRA - Success
[11.063s] -- Found ament_lint_auto: 0.12.5 (/opt/ros/humble/install/share/ament_lint_auto/cmake)
[11.178s] -- Found launch_testing_ament_cmake: 1.0.4 (/opt/ros/humble/install/share/launch_testing_ament_cmake/cmake)
[11.183s] -- Found python_cmake_module: 0.10.0 (/opt/ros/humble/install/share/python_cmake_module/cmake)
[11.295s] -- Found PythonInterp: /usr/bin/python3 (found suitable version "3.8.10", minimum required is "3.6") 
[11.309s] -- Found PythonLibs: /usr/lib/aarch64-linux-gnu/libpython3.8.so (found suitable version "3.8.10", minimum required is "3.5") 
[11.311s] -- Using PYTHON_EXECUTABLE: /usr/bin/python3
[11.311s] -- Using PYTHON_INCLUDE_DIRS: /usr/include/python3.8
[11.312s] -- Using PYTHON_LIBRARIES: /usr/lib/aarch64-linux-gnu/libpython3.8.so
[11.394s] -- Found PythonExtra: .so  
[11.443s] -- Added test 'cppcheck' to perform static code analysis on C / C++ code
[11.445s] -- Configured cppcheck include dirs: /workspaces/isaac_ros-dev/src/isaac_ros_nitros/isaac_ros_nitros_type/isaac_ros_nitros_detection2_d_array_type/include;/workspaces/isaac_ros-dev/src/isaac_ros_nitros/isaac_ros_nitros_type/isaac_ros_nitros_detection2_d_array_type/include/detectnet
[11.446s] -- Configured cppcheck exclude dirs and/or files: 
[11.453s] -- Added test 'cpplint' to check C / C++ code against the Google style
[11.454s] -- Configured cpplint exclude dirs and/or files: 
[11.458s] -- Added test 'flake8' to check Python code syntax and style conventions
[11.461s] -- Added test 'lint_cmake' to check CMake code style
[11.465s] -- Added test 'pep257' to check Python code against some of the docstring style conventions in PEP 257
[11.472s] -- Added test 'uncrustify' to check C / C++ code style
[11.472s] -- Configured uncrustify additional arguments: 
[11.476s] -- Added test 'xmllint' to check XML markup files
[11.507s] -- Configuring done
[11.843s] -- Generating done
[11.866s] -- Build files have been written to: /workspaces/isaac_ros-dev/build/isaac_ros_nitros_detection2_d_array_type
[11.913s] Invoked command in '/workspaces/isaac_ros-dev/build/isaac_ros_nitros_detection2_d_array_type' returned '0': AMENT_PREFIX_PATH=/workspaces/isaac_ros-dev/install/isaac_ros_nitros:/workspaces/isaac_ros-dev/install/isaac_ros_nitros_interfaces:/workspaces/isaac_ros-dev/install/isaac_ros_gxf:/workspaces/isaac_ros-dev/install/isaac_ros_test:/workspaces/isaac_ros-dev/install/isaac_ros_common:${AMENT_PREFIX_PATH} CMAKE_PREFIX_PATH=/workspaces/isaac_ros-dev/install/isaac_ros_nitros:/workspaces/isaac_ros-dev/install/isaac_ros_nitros_interfaces:/workspaces/isaac_ros-dev/install/isaac_ros_gxf:/workspaces/isaac_ros-dev/install/isaac_ros_common:${CMAKE_PREFIX_PATH} LD_LIBRARY_PATH=/workspaces/isaac_ros-dev/install/isaac_ros_nitros/lib:/workspaces/isaac_ros-dev/install/isaac_ros_nitros_interfaces/lib:/workspaces/isaac_ros-dev/install/isaac_ros_common/lib:/opt/ros/humble/install/opt/rviz_ogre_vendor/lib:/opt/ros/humble/install/lib:/usr/lib/aarch64-linux-gnu/tegra/weston:/usr/lib/aarch64-linux-gnu/tegra-egl:/usr/local/cuda-11.4/targets/aarch64-linux/lib:/usr/lib/aarch64-linux-gnu/tegra:/opt/nvidia/vpi2/lib64:/usr/lib/aarch64-linux-gnu-host:/opt/tritonserver/lib PYTHONPATH=/workspaces/isaac_ros-dev/install/isaac_ros_nitros_interfaces/lib/python3.8/site-packages:/workspaces/isaac_ros-dev/install/isaac_ros_test/lib/python3.8/site-packages:${PYTHONPATH} /usr/bin/cmake /workspaces/isaac_ros-dev/src/isaac_ros_nitros/isaac_ros_nitros_type/isaac_ros_nitros_detection2_d_array_type -DCMAKE_INSTALL_PREFIX=/workspaces/isaac_ros-dev/install/isaac_ros_nitros_detection2_d_array_type
[11.915s] Invoking command in '/workspaces/isaac_ros-dev/build/isaac_ros_nitros_detection2_d_array_type': AMENT_PREFIX_PATH=/workspaces/isaac_ros-dev/install/isaac_ros_nitros:/workspaces/isaac_ros-dev/install/isaac_ros_nitros_interfaces:/workspaces/isaac_ros-dev/install/isaac_ros_gxf:/workspaces/isaac_ros-dev/install/isaac_ros_test:/workspaces/isaac_ros-dev/install/isaac_ros_common:${AMENT_PREFIX_PATH} CMAKE_PREFIX_PATH=/workspaces/isaac_ros-dev/install/isaac_ros_nitros:/workspaces/isaac_ros-dev/install/isaac_ros_nitros_interfaces:/workspaces/isaac_ros-dev/install/isaac_ros_gxf:/workspaces/isaac_ros-dev/install/isaac_ros_common:${CMAKE_PREFIX_PATH} LD_LIBRARY_PATH=/workspaces/isaac_ros-dev/install/isaac_ros_nitros/lib:/workspaces/isaac_ros-dev/install/isaac_ros_nitros_interfaces/lib:/workspaces/isaac_ros-dev/install/isaac_ros_common/lib:/opt/ros/humble/install/opt/rviz_ogre_vendor/lib:/opt/ros/humble/install/lib:/usr/lib/aarch64-linux-gnu/tegra/weston:/usr/lib/aarch64-linux-gnu/tegra-egl:/usr/local/cuda-11.4/targets/aarch64-linux/lib:/usr/lib/aarch64-linux-gnu/tegra:/opt/nvidia/vpi2/lib64:/usr/lib/aarch64-linux-gnu-host:/opt/tritonserver/lib PYTHONPATH=/workspaces/isaac_ros-dev/install/isaac_ros_nitros_interfaces/lib/python3.8/site-packages:/workspaces/isaac_ros-dev/install/isaac_ros_test/lib/python3.8/site-packages:${PYTHONPATH} /usr/bin/cmake --build /workspaces/isaac_ros-dev/build/isaac_ros_nitros_detection2_d_array_type -- -j4 -l4
[12.019s] [  2%] [32mBuilding CXX object _deps/yaml-cpp-build/CMakeFiles/yaml-cpp.dir/src/binary.cpp.o[0m
[12.828s] [  5%] [32mBuilding CXX object _deps/yaml-cpp-build/CMakeFiles/yaml-cpp.dir/src/emit.cpp.o[0m
[14.446s] [  7%] [32mBuilding CXX object _deps/yaml-cpp-build/CMakeFiles/yaml-cpp.dir/src/emitfromevents.cpp.o[0m
[16.349s] [ 10%] [32mBuilding CXX object _deps/yaml-cpp-build/CMakeFiles/yaml-cpp.dir/src/emitter.cpp.o[0m
[18.920s] [ 13%] [32mBuilding CXX object _deps/yaml-cpp-build/CMakeFiles/yaml-cpp.dir/src/emitterstate.cpp.o[0m
[21.433s] [ 15%] [32mBuilding CXX object _deps/yaml-cpp-build/CMakeFiles/yaml-cpp.dir/src/emitterutils.cpp.o[0m
[30.085s] [ 18%] [32mBuilding CXX object _deps/yaml-cpp-build/CMakeFiles/yaml-cpp.dir/src/exceptions.cpp.o[0m
[31.087s] [ 21%] [32mBuilding CXX object _deps/yaml-cpp-build/CMakeFiles/yaml-cpp.dir/src/exp.cpp.o[0m
[32.726s] [ 23%] [32mBuilding CXX object _deps/yaml-cpp-build/CMakeFiles/yaml-cpp.dir/src/memory.cpp.o[0m
[34.579s] [ 26%] [32mBuilding CXX object _deps/yaml-cpp-build/CMakeFiles/yaml-cpp.dir/src/node.cpp.o[0m
[35.583s] [ 28%] [32mBuilding CXX object _deps/yaml-cpp-build/CMakeFiles/yaml-cpp.dir/src/node_data.cpp.o[0m
[38.159s] [ 31%] [32mBuilding CXX object _deps/yaml-cpp-build/CMakeFiles/yaml-cpp.dir/src/nodebuilder.cpp.o[0m
[40.686s] [ 34%] [32mBuilding CXX object _deps/yaml-cpp-build/CMakeFiles/yaml-cpp.dir/src/nodeevents.cpp.o[0m
[42.781s] [ 36%] [32mBuilding CXX object _deps/yaml-cpp-build/CMakeFiles/yaml-cpp.dir/src/null.cpp.o[0m
[43.288s] [ 39%] [32mBuilding CXX object _deps/yaml-cpp-build/CMakeFiles/yaml-cpp.dir/src/ostream_wrapper.cpp.o[0m
[44.415s] [ 42%] [32mBuilding CXX object _deps/yaml-cpp-build/CMakeFiles/yaml-cpp.dir/src/parse.cpp.o[0m
[46.977s] [ 44%] [32mBuilding CXX object _deps/yaml-cpp-build/CMakeFiles/yaml-cpp.dir/src/parser.cpp.o[0m
[49.375s] [ 47%] [32mBuilding CXX object _deps/yaml-cpp-build/CMakeFiles/yaml-cpp.dir/src/regex_yaml.cpp.o[0m
[50.783s] [ 50%] [32mBuilding CXX object _deps/yaml-cpp-build/CMakeFiles/yaml-cpp.dir/src/scanner.cpp.o[0m
[54.833s] [ 52%] [32mBuilding CXX object _deps/yaml-cpp-build/CMakeFiles/yaml-cpp.dir/src/scanscalar.cpp.o[0m
[57.624s] [ 55%] [32mBuilding CXX object _deps/yaml-cpp-build/CMakeFiles/yaml-cpp.dir/src/scantag.cpp.o[0m
[59.893s] [ 57%] [32mBuilding CXX object _deps/yaml-cpp-build/CMakeFiles/yaml-cpp.dir/src/scantoken.cpp.o[0m
[66.060s] [ 60%] [32mBuilding CXX object _deps/yaml-cpp-build/CMakeFiles/yaml-cpp.dir/src/simplekey.cpp.o[0m
[67.813s] [ 63%] [32mBuilding CXX object _deps/yaml-cpp-build/CMakeFiles/yaml-cpp.dir/src/singledocparser.cpp.o[0m
[70.910s] [ 65%] [32mBuilding CXX object _deps/yaml-cpp-build/CMakeFiles/yaml-cpp.dir/src/stream.cpp.o[0m
[72.352s] [ 68%] [32mBuilding CXX object _deps/yaml-cpp-build/CMakeFiles/yaml-cpp.dir/src/tag.cpp.o[0m
[73.543s] [ 71%] [32mBuilding CXX object _deps/yaml-cpp-build/CMakeFiles/yaml-cpp.dir/src/contrib/graphbuilder.cpp.o[0m
[74.720s] [ 73%] [32mBuilding CXX object _deps/yaml-cpp-build/CMakeFiles/yaml-cpp.dir/src/contrib/graphbuilderadapter.cpp.o[0m
[75.939s] [ 76%] [32mBuilding CXX object _deps/yaml-cpp-build/CMakeFiles/yaml-cpp.dir/src/directives.cpp.o[0m
[76.708s] [ 78%] [32mBuilding CXX object _deps/yaml-cpp-build/CMakeFiles/yaml-cpp.dir/src/convert.cpp.o[0m
[78.925s] [ 81%] [32m[1mLinking CXX static library libyaml-cpp.a[0m
[79.015s] [ 81%] Built target yaml-cpp
[79.053s] [ 84%] [32mBuilding CXX object CMakeFiles/isaac_ros_nitros_detection2_d_array_type.dir/src/nitros_detection2_d_array.cpp.o[0m
[109.941s] [ 86%] [32mBuilding CXX object CMakeFiles/isaac_ros_nitros_detection2_d_array_type.dir/src/detection2_d_array_message.cpp.o[0m
[112.432s] [ 89%] [32m[1mLinking CXX shared library libisaac_ros_nitros_detection2_d_array_type.so[0m
[112.950s] [ 89%] Built target isaac_ros_nitros_detection2_d_array_type
[112.992s] [ 92%] [32mBuilding CXX object CMakeFiles/isaac_ros_nitros_detection2_d_array_forward_node.dir/test/src/nitros_detection2_d_array_forward_node.cpp.o[0m
[170.933s] [ 94%] [32m[1mLinking CXX shared library libisaac_ros_nitros_detection2_d_array_forward_node.so[0m
[172.255s] [ 94%] Built target isaac_ros_nitros_detection2_d_array_forward_node
[172.308s] [ 97%] [32mBuilding CXX object CMakeFiles/isaac_ros_nitros_detection2_d_array_test_ext.dir/test/src/detection2_d_test_ext.cpp.o[0m
[177.498s] [100%] [32m[1mLinking CXX shared library libisaac_ros_nitros_detection2_d_array_test_ext.so[0m
[178.063s] [100%] Built target isaac_ros_nitros_detection2_d_array_test_ext
[178.105s] Invoked command in '/workspaces/isaac_ros-dev/build/isaac_ros_nitros_detection2_d_array_type' returned '0': AMENT_PREFIX_PATH=/workspaces/isaac_ros-dev/install/isaac_ros_nitros:/workspaces/isaac_ros-dev/install/isaac_ros_nitros_interfaces:/workspaces/isaac_ros-dev/install/isaac_ros_gxf:/workspaces/isaac_ros-dev/install/isaac_ros_test:/workspaces/isaac_ros-dev/install/isaac_ros_common:${AMENT_PREFIX_PATH} CMAKE_PREFIX_PATH=/workspaces/isaac_ros-dev/install/isaac_ros_nitros:/workspaces/isaac_ros-dev/install/isaac_ros_nitros_interfaces:/workspaces/isaac_ros-dev/install/isaac_ros_gxf:/workspaces/isaac_ros-dev/install/isaac_ros_common:${CMAKE_PREFIX_PATH} LD_LIBRARY_PATH=/workspaces/isaac_ros-dev/install/isaac_ros_nitros/lib:/workspaces/isaac_ros-dev/install/isaac_ros_nitros_interfaces/lib:/workspaces/isaac_ros-dev/install/isaac_ros_common/lib:/opt/ros/humble/install/opt/rviz_ogre_vendor/lib:/opt/ros/humble/install/lib:/usr/lib/aarch64-linux-gnu/tegra/weston:/usr/lib/aarch64-linux-gnu/tegra-egl:/usr/local/cuda-11.4/targets/aarch64-linux/lib:/usr/lib/aarch64-linux-gnu/tegra:/opt/nvidia/vpi2/lib64:/usr/lib/aarch64-linux-gnu-host:/opt/tritonserver/lib PYTHONPATH=/workspaces/isaac_ros-dev/install/isaac_ros_nitros_interfaces/lib/python3.8/site-packages:/workspaces/isaac_ros-dev/install/isaac_ros_test/lib/python3.8/site-packages:${PYTHONPATH} /usr/bin/cmake --build /workspaces/isaac_ros-dev/build/isaac_ros_nitros_detection2_d_array_type -- -j4 -l4
[178.233s] Invoking command in '/workspaces/isaac_ros-dev/build/isaac_ros_nitros_detection2_d_array_type': AMENT_PREFIX_PATH=/workspaces/isaac_ros-dev/install/isaac_ros_nitros:/workspaces/isaac_ros-dev/install/isaac_ros_nitros_interfaces:/workspaces/isaac_ros-dev/install/isaac_ros_gxf:/workspaces/isaac_ros-dev/install/isaac_ros_test:/workspaces/isaac_ros-dev/install/isaac_ros_common:${AMENT_PREFIX_PATH} CMAKE_PREFIX_PATH=/workspaces/isaac_ros-dev/install/isaac_ros_nitros:/workspaces/isaac_ros-dev/install/isaac_ros_nitros_interfaces:/workspaces/isaac_ros-dev/install/isaac_ros_gxf:/workspaces/isaac_ros-dev/install/isaac_ros_common:${CMAKE_PREFIX_PATH} LD_LIBRARY_PATH=/workspaces/isaac_ros-dev/install/isaac_ros_nitros/lib:/workspaces/isaac_ros-dev/install/isaac_ros_nitros_interfaces/lib:/workspaces/isaac_ros-dev/install/isaac_ros_common/lib:/opt/ros/humble/install/opt/rviz_ogre_vendor/lib:/opt/ros/humble/install/lib:/usr/lib/aarch64-linux-gnu/tegra/weston:/usr/lib/aarch64-linux-gnu/tegra-egl:/usr/local/cuda-11.4/targets/aarch64-linux/lib:/usr/lib/aarch64-linux-gnu/tegra:/opt/nvidia/vpi2/lib64:/usr/lib/aarch64-linux-gnu-host:/opt/tritonserver/lib PYTHONPATH=/workspaces/isaac_ros-dev/install/isaac_ros_nitros_interfaces/lib/python3.8/site-packages:/workspaces/isaac_ros-dev/install/isaac_ros_test/lib/python3.8/site-packages:${PYTHONPATH} /usr/bin/cmake --install /workspaces/isaac_ros-dev/build/isaac_ros_nitros_detection2_d_array_type
[178.253s] -- Install configuration: "Release"
[178.254s] -- Installing: /workspaces/isaac_ros-dev/install/isaac_ros_nitros_detection2_d_array_type/lib/libyaml-cpp.a
[178.257s] -- Installing: /workspaces/isaac_ros-dev/install/isaac_ros_nitros_detection2_d_array_type/include/yaml-cpp
[178.258s] -- Installing: /workspaces/isaac_ros-dev/install/isaac_ros_nitros_detection2_d_array_type/include/yaml-cpp/exceptions.h
[178.258s] -- Installing: /workspaces/isaac_ros-dev/install/isaac_ros_nitros_detection2_d_array_type/include/yaml-cpp/ostream_wrapper.h
[178.258s] -- Installing: /workspaces/isaac_ros-dev/install/isaac_ros_nitros_detection2_d_array_type/include/yaml-cpp/emitterstyle.h
[178.258s] -- Installing: /workspaces/isaac_ros-dev/install/isaac_ros_nitros_detection2_d_array_type/include/yaml-cpp/yaml.h
[178.259s] -- Installing: /workspaces/isaac_ros-dev/install/isaac_ros_nitros_detection2_d_array_type/include/yaml-cpp/binary.h
[178.259s] -- Installing: /workspaces/isaac_ros-dev/install/isaac_ros_nitros_detection2_d_array_type/include/yaml-cpp/emitfromevents.h
[178.259s] -- Installing: /workspaces/isaac_ros-dev/install/isaac_ros_nitros_detection2_d_array_type/include/yaml-cpp/dll.h
[178.259s] -- Installing: /workspaces/isaac_ros-dev/install/isaac_ros_nitros_detection2_d_array_type/include/yaml-cpp/traits.h
[178.260s] -- Installing: /workspaces/isaac_ros-dev/install/isaac_ros_nitros_detection2_d_array_type/include/yaml-cpp/contrib
[178.260s] -- Installing: /workspaces/isaac_ros-dev/install/isaac_ros_nitros_detection2_d_array_type/include/yaml-cpp/contrib/anchordict.h
[178.261s] -- Installing: /workspaces/isaac_ros-dev/install/isaac_ros_nitros_detection2_d_array_type/include/yaml-cpp/contrib/graphbuilder.h
[178.261s] -- Installing: /workspaces/isaac_ros-dev/install/isaac_ros_nitros_detection2_d_array_type/include/yaml-cpp/emitter.h
[178.261s] -- Installing: /workspaces/isaac_ros-dev/install/isaac_ros_nitros_detection2_d_array_type/include/yaml-cpp/stlemitter.h
[178.262s] -- Installing: /workspaces/isaac_ros-dev/install/isaac_ros_nitros_detection2_d_array_type/include/yaml-cpp/eventhandler.h
[178.262s] -- Installing: /workspaces/isaac_ros-dev/install/isaac_ros_nitros_detection2_d_array_type/include/yaml-cpp/emittermanip.h
[178.262s] -- Installing: /workspaces/isaac_ros-dev/install/isaac_ros_nitros_detection2_d_array_type/include/yaml-cpp/anchor.h
[178.263s] -- Installing: /workspaces/isaac_ros-dev/install/isaac_ros_nitros_detection2_d_array_type/include/yaml-cpp/parser.h
[178.263s] -- Installing: /workspaces/isaac_ros-dev/install/isaac_ros_nitros_detection2_d_array_type/include/yaml-cpp/emitterdef.h
[178.263s] -- Installing: /workspaces/isaac_ros-dev/install/isaac_ros_nitros_detection2_d_array_type/include/yaml-cpp/node
[178.264s] -- Installing: /workspaces/isaac_ros-dev/install/isaac_ros_nitros_detection2_d_array_type/include/yaml-cpp/node/emit.h
[178.264s] -- Installing: /workspaces/isaac_ros-dev/install/isaac_ros_nitros_detection2_d_array_type/include/yaml-cpp/node/impl.h
[178.264s] -- Installing: /workspaces/isaac_ros-dev/install/isaac_ros_nitros_detection2_d_array_type/include/yaml-cpp/node/convert.h
[178.265s] -- Installing: /workspaces/isaac_ros-dev/install/isaac_ros_nitros_detection2_d_array_type/include/yaml-cpp/node/iterator.h
[178.265s] -- Installing: /workspaces/isaac_ros-dev/install/isaac_ros_nitros_detection2_d_array_type/include/yaml-cpp/node/parse.h
[178.265s] -- Installing: /workspaces/isaac_ros-dev/install/isaac_ros_nitros_detection2_d_array_type/include/yaml-cpp/node/detail
[178.266s] -- Installing: /workspaces/isaac_ros-dev/install/isaac_ros_nitros_detection2_d_array_type/include/yaml-cpp/node/detail/impl.h
[178.266s] -- Installing: /workspaces/isaac_ros-dev/install/isaac_ros_nitros_detection2_d_array_type/include/yaml-cpp/node/detail/node_ref.h
[178.266s] -- Installing: /workspaces/isaac_ros-dev/install/isaac_ros_nitros_detection2_d_array_type/include/yaml-cpp/node/detail/iterator.h
[178.267s] -- Installing: /workspaces/isaac_ros-dev/install/isaac_ros_nitros_detection2_d_array_type/include/yaml-cpp/node/detail/node_iterator.h
[178.267s] -- Installing: /workspaces/isaac_ros-dev/install/isaac_ros_nitros_detection2_d_array_type/include/yaml-cpp/node/detail/memory.h
[178.267s] -- Installing: /workspaces/isaac_ros-dev/install/isaac_ros_nitros_detection2_d_array_type/include/yaml-cpp/node/detail/iterator_fwd.h
[178.268s] -- Installing: /workspaces/isaac_ros-dev/install/isaac_ros_nitros_detection2_d_array_type/include/yaml-cpp/node/detail/node_data.h
[178.268s] -- Installing: /workspaces/isaac_ros-dev/install/isaac_ros_nitros_detection2_d_array_type/include/yaml-cpp/node/detail/bool_type.h
[178.268s] -- Installing: /workspaces/isaac_ros-dev/install/isaac_ros_nitros_detection2_d_array_type/include/yaml-cpp/node/detail/node.h
[178.269s] -- Installing: /workspaces/isaac_ros-dev/install/isaac_ros_nitros_detection2_d_array_type/include/yaml-cpp/node/node.h
[178.269s] -- Installing: /workspaces/isaac_ros-dev/install/isaac_ros_nitros_detection2_d_array_type/include/yaml-cpp/node/ptr.h
[178.269s] -- Installing: /workspaces/isaac_ros-dev/install/isaac_ros_nitros_detection2_d_array_type/include/yaml-cpp/node/type.h
[178.270s] -- Installing: /workspaces/isaac_ros-dev/install/isaac_ros_nitros_detection2_d_array_type/include/yaml-cpp/null.h
[178.270s] -- Installing: /workspaces/isaac_ros-dev/install/isaac_ros_nitros_detection2_d_array_type/include/yaml-cpp/mark.h
[178.271s] -- Installing: /workspaces/isaac_ros-dev/install/isaac_ros_nitros_detection2_d_array_type/lib/cmake/yaml-cpp/yaml-cpp-config.cmake
[178.280s] -- Installing: /workspaces/isaac_ros-dev/install/isaac_ros_nitros_detection2_d_array_type/lib/cmake/yaml-cpp/yaml-cpp-config-version.cmake
[178.281s] -- Installing: /workspaces/isaac_ros-dev/install/isaac_ros_nitros_detection2_d_array_type/lib/cmake/yaml-cpp/yaml-cpp-targets.cmake
[178.281s] -- Installing: /workspaces/isaac_ros-dev/install/isaac_ros_nitros_detection2_d_array_type/lib/cmake/yaml-cpp/yaml-cpp-targets-release.cmake
[178.281s] -- Installing: /workspaces/isaac_ros-dev/install/isaac_ros_nitros_detection2_d_array_type/lib/pkgconfig/yaml-cpp.pc
[178.281s] -- Installing: /workspaces/isaac_ros-dev/install/isaac_ros_nitros_detection2_d_array_type/share/isaac_ros_nitros_detection2_d_array_type/gxf/lib/detection2_d/libisaac_ros_nitros_detection2_d_array_type.so
[178.282s] -- Set runtime path of "/workspaces/isaac_ros-dev/install/isaac_ros_nitros_detection2_d_array_type/share/isaac_ros_nitros_detection2_d_array_type/gxf/lib/detection2_d/libisaac_ros_nitros_detection2_d_array_type.so" to "/usr/local/cuda/lib64:/opt/ros/humble/install/lib:/workspaces/isaac_ros-dev/install/isaac_ros_common/lib:/workspaces/isaac_ros-dev/install/isaac_ros_nitros_interfaces/lib:/workspaces/isaac_ros-dev/install/isaac_ros_nitros/lib:/workspaces/isaac_ros-dev/install/isaac_ros_gxf/share/isaac_ros_gxf/gxf/lib/core"
[178.282s] -- Installing: /workspaces/isaac_ros-dev/install/isaac_ros_nitros_detection2_d_array_type/share/isaac_ros_nitros_detection2_d_array_type/test/config
[178.282s] -- Installing: /workspaces/isaac_ros-dev/install/isaac_ros_nitros_detection2_d_array_type/share/isaac_ros_nitros_detection2_d_array_type/test/config/test_forward_node.yaml
[178.282s] -- Installing: /workspaces/isaac_ros-dev/install/isaac_ros_nitros_detection2_d_array_type/share/isaac_ros_nitros_detection2_d_array_type/gxf/lib/detection2_d/test/libisaac_ros_nitros_detection2_d_array_test_ext.so
[178.282s] -- Set runtime path of "/workspaces/isaac_ros-dev/install/isaac_ros_nitros_detection2_d_array_type/share/isaac_ros_nitros_detection2_d_array_type/gxf/lib/detection2_d/test/libisaac_ros_nitros_detection2_d_array_test_ext.so" to ""
[178.283s] -- Up-to-date: /workspaces/isaac_ros-dev/install/isaac_ros_nitros_detection2_d_array_type/include
[178.283s] -- Installing: /workspaces/isaac_ros-dev/install/isaac_ros_nitros_detection2_d_array_type/include/isaac_ros_nitros_detection2_d_array_type
[178.283s] -- Installing: /workspaces/isaac_ros-dev/install/isaac_ros_nitros_detection2_d_array_type/include/isaac_ros_nitros_detection2_d_array_type/nitros_detection2_d_array.hpp
[178.283s] -- Installing: /workspaces/isaac_ros-dev/install/isaac_ros_nitros_detection2_d_array_type/include/detectnet
[178.283s] -- Installing: /workspaces/isaac_ros-dev/install/isaac_ros_nitros_detection2_d_array_type/include/detectnet/detection2_d_array_message.hpp
[178.283s] -- Installing: /workspaces/isaac_ros-dev/install/isaac_ros_nitros_detection2_d_array_type/include/detectnet/detection2_d.hpp
[178.283s] -- Installing: /workspaces/isaac_ros-dev/install/isaac_ros_nitros_detection2_d_array_type/share/isaac_ros_nitros_detection2_d_array_type/environment/library_path.sh
[178.284s] -- Installing: /workspaces/isaac_ros-dev/install/isaac_ros_nitros_detection2_d_array_type/share/isaac_ros_nitros_detection2_d_array_type/environment/library_path.dsv
[178.284s] -- Installing: /workspaces/isaac_ros-dev/install/isaac_ros_nitros_detection2_d_array_type/lib/libisaac_ros_nitros_detection2_d_array_type.so
[178.284s] -- Set runtime path of "/workspaces/isaac_ros-dev/install/isaac_ros_nitros_detection2_d_array_type/lib/libisaac_ros_nitros_detection2_d_array_type.so" to "/usr/local/cuda/lib64:/opt/ros/humble/install/lib:/workspaces/isaac_ros-dev/install/isaac_ros_common/lib:/workspaces/isaac_ros-dev/install/isaac_ros_nitros_interfaces/lib:/workspaces/isaac_ros-dev/install/isaac_ros_nitros/lib:/workspaces/isaac_ros-dev/install/isaac_ros_gxf/share/isaac_ros_gxf/gxf/lib/core"
[178.284s] -- Installing: /workspaces/isaac_ros-dev/install/isaac_ros_nitros_detection2_d_array_type/lib/libisaac_ros_nitros_detection2_d_array_forward_node.so
[178.286s] -- Set runtime path of "/workspaces/isaac_ros-dev/install/isaac_ros_nitros_detection2_d_array_type/lib/libisaac_ros_nitros_detection2_d_array_forward_node.so" to "/usr/local/cuda/lib64:/opt/ros/humble/install/lib:/workspaces/isaac_ros-dev/install/isaac_ros_common/lib:/workspaces/isaac_ros-dev/install/isaac_ros_nitros_interfaces/lib:/workspaces/isaac_ros-dev/install/isaac_ros_nitros/lib:/workspaces/isaac_ros-dev/install/isaac_ros_gxf/share/isaac_ros_gxf/gxf/lib/std:/workspaces/isaac_ros-dev/install/isaac_ros_gxf/share/isaac_ros_gxf/gxf/lib/core"
[178.286s] -- Installing: /workspaces/isaac_ros-dev/install/isaac_ros_nitros_detection2_d_array_type/lib/libisaac_ros_nitros_detection2_d_array_test_ext.so
[178.287s] -- Set runtime path of "/workspaces/isaac_ros-dev/install/isaac_ros_nitros_detection2_d_array_type/lib/libisaac_ros_nitros_detection2_d_array_test_ext.so" to ""
[178.287s] -- Installing: /workspaces/isaac_ros-dev/install/isaac_ros_nitros_detection2_d_array_type/share/ament_index/resource_index/package_run_dependencies/isaac_ros_nitros_detection2_d_array_type
[178.288s] -- Installing: /workspaces/isaac_ros-dev/install/isaac_ros_nitros_detection2_d_array_type/share/ament_index/resource_index/parent_prefix_path/isaac_ros_nitros_detection2_d_array_type
[178.289s] -- Installing: /workspaces/isaac_ros-dev/install/isaac_ros_nitros_detection2_d_array_type/share/isaac_ros_nitros_detection2_d_array_type/environment/ament_prefix_path.sh
[178.289s] -- Installing: /workspaces/isaac_ros-dev/install/isaac_ros_nitros_detection2_d_array_type/share/isaac_ros_nitros_detection2_d_array_type/environment/ament_prefix_path.dsv
[178.289s] -- Installing: /workspaces/isaac_ros-dev/install/isaac_ros_nitros_detection2_d_array_type/share/isaac_ros_nitros_detection2_d_array_type/environment/path.sh
[178.290s] -- Installing: /workspaces/isaac_ros-dev/install/isaac_ros_nitros_detection2_d_array_type/share/isaac_ros_nitros_detection2_d_array_type/environment/path.dsv
[178.290s] -- Installing: /workspaces/isaac_ros-dev/install/isaac_ros_nitros_detection2_d_array_type/share/isaac_ros_nitros_detection2_d_array_type/local_setup.bash
[178.291s] -- Installing: /workspaces/isaac_ros-dev/install/isaac_ros_nitros_detection2_d_array_type/share/isaac_ros_nitros_detection2_d_array_type/local_setup.sh
[178.291s] -- Installing: /workspaces/isaac_ros-dev/install/isaac_ros_nitros_detection2_d_array_type/share/isaac_ros_nitros_detection2_d_array_type/local_setup.zsh
[178.292s] -- Installing: /workspaces/isaac_ros-dev/install/isaac_ros_nitros_detection2_d_array_type/share/isaac_ros_nitros_detection2_d_array_type/local_setup.dsv
[178.292s] -- Installing: /workspaces/isaac_ros-dev/install/isaac_ros_nitros_detection2_d_array_type/share/isaac_ros_nitros_detection2_d_array_type/package.dsv
[178.293s] -- Installing: /workspaces/isaac_ros-dev/install/isaac_ros_nitros_detection2_d_array_type/share/ament_index/resource_index/packages/isaac_ros_nitros_detection2_d_array_type
[178.293s] -- Installing: /workspaces/isaac_ros-dev/install/isaac_ros_nitros_detection2_d_array_type/share/ament_index/resource_index/rclcpp_components/isaac_ros_nitros_detection2_d_array_type
[178.296s] -- Installing: /workspaces/isaac_ros-dev/install/isaac_ros_nitros_detection2_d_array_type/share/isaac_ros_nitros_detection2_d_array_type/cmake/ament_cmake_export_include_directories-extras.cmake
[178.296s] -- Installing: /workspaces/isaac_ros-dev/install/isaac_ros_nitros_detection2_d_array_type/share/isaac_ros_nitros_detection2_d_array_type/cmake/ament_cmake_export_dependencies-extras.cmake
[178.296s] -- Installing: /workspaces/isaac_ros-dev/install/isaac_ros_nitros_detection2_d_array_type/share/isaac_ros_nitros_detection2_d_array_type/cmake/ament_cmake_export_libraries-extras.cmake
[178.297s] -- Installing: /workspaces/isaac_ros-dev/install/isaac_ros_nitros_detection2_d_array_type/share/isaac_ros_nitros_detection2_d_array_type/cmake/isaac_ros_nitros_detection2_d_array_typeConfig.cmake
[178.297s] -- Installing: /workspaces/isaac_ros-dev/install/isaac_ros_nitros_detection2_d_array_type/share/isaac_ros_nitros_detection2_d_array_type/cmake/isaac_ros_nitros_detection2_d_array_typeConfig-version.cmake
[178.297s] -- Installing: /workspaces/isaac_ros-dev/install/isaac_ros_nitros_detection2_d_array_type/share/isaac_ros_nitros_detection2_d_array_type/package.xml
[178.314s] Invoked command in '/workspaces/isaac_ros-dev/build/isaac_ros_nitros_detection2_d_array_type' returned '0': AMENT_PREFIX_PATH=/workspaces/isaac_ros-dev/install/isaac_ros_nitros:/workspaces/isaac_ros-dev/install/isaac_ros_nitros_interfaces:/workspaces/isaac_ros-dev/install/isaac_ros_gxf:/workspaces/isaac_ros-dev/install/isaac_ros_test:/workspaces/isaac_ros-dev/install/isaac_ros_common:${AMENT_PREFIX_PATH} CMAKE_PREFIX_PATH=/workspaces/isaac_ros-dev/install/isaac_ros_nitros:/workspaces/isaac_ros-dev/install/isaac_ros_nitros_interfaces:/workspaces/isaac_ros-dev/install/isaac_ros_gxf:/workspaces/isaac_ros-dev/install/isaac_ros_common:${CMAKE_PREFIX_PATH} LD_LIBRARY_PATH=/workspaces/isaac_ros-dev/install/isaac_ros_nitros/lib:/workspaces/isaac_ros-dev/install/isaac_ros_nitros_interfaces/lib:/workspaces/isaac_ros-dev/install/isaac_ros_common/lib:/opt/ros/humble/install/opt/rviz_ogre_vendor/lib:/opt/ros/humble/install/lib:/usr/lib/aarch64-linux-gnu/tegra/weston:/usr/lib/aarch64-linux-gnu/tegra-egl:/usr/local/cuda-11.4/targets/aarch64-linux/lib:/usr/lib/aarch64-linux-gnu/tegra:/opt/nvidia/vpi2/lib64:/usr/lib/aarch64-linux-gnu-host:/opt/tritonserver/lib PYTHONPATH=/workspaces/isaac_ros-dev/install/isaac_ros_nitros_interfaces/lib/python3.8/site-packages:/workspaces/isaac_ros-dev/install/isaac_ros_test/lib/python3.8/site-packages:${PYTHONPATH} /usr/bin/cmake --install /workspaces/isaac_ros-dev/build/isaac_ros_nitros_detection2_d_array_type
