[0.049s] Invoking command in '/workspaces/isaac_ros-dev/build/isaac_ros_apriltag_interfaces': AMENT_PREFIX_PATH=/workspaces/isaac_ros-dev/install/isaac_ros_common:${AMENT_PREFIX_PATH} CMAKE_PREFIX_PATH=/workspaces/isaac_ros-dev/install/isaac_ros_common:${CMAKE_PREFIX_PATH} LD_LIBRARY_PATH=/workspaces/isaac_ros-dev/install/isaac_ros_common/lib:${LD_LIBRARY_PATH} /usr/local/bin/cmake /workspaces/isaac_ros-dev/src/isaac_ros_common/isaac_ros_apriltag_interfaces -DCMAKE_INSTALL_PREFIX=/workspaces/isaac_ros-dev/install/isaac_ros_apriltag_interfaces
[0.105s] -- The C compiler identification is GNU 9.4.0
[0.152s] -- The CXX compiler identification is GNU 9.4.0
[0.161s] -- Detecting C compiler ABI info
[0.209s] -- Detecting C compiler ABI info - done
[0.217s] -- Check for working C compiler: /usr/bin/cc - skipped
[0.217s] -- Detecting C compile features
[0.218s] -- Detecting C compile features - done
[0.220s] -- Detecting CXX compiler ABI info
[0.272s] -- Detecting CXX compiler ABI info - done
[0.286s] -- Check for working CXX compiler: /usr/bin/c++ - skipped
[0.286s] -- Detecting CXX compile features
[0.287s] -- Detecting CXX compile features - done
[0.289s] -- Found ament_cmake_auto: 1.3.3 (/opt/ros/humble/install/share/ament_cmake_auto/cmake)
[0.927s] -- Found Python3: /usr/bin/python3.8 (found version "3.8.10") found components: Interpreter 
[1.045s] -- Loading isaac_ros_common extras
[1.045s] -- CMAKE_BUILD_TYPE: Release
[1.055s] -- Performing Test CMAKE_HAVE_LIBC_PTHREAD
[1.103s] -- Performing Test CMAKE_HAVE_LIBC_PTHREAD - Failed
[1.103s] -- Looking for pthread_create in pthreads
[1.137s] -- Looking for pthread_create in pthreads - not found
[1.137s] -- Looking for pthread_create in pthread
[1.181s] -- Looking for pthread_create in pthread - found
[1.182s] -- Found Threads: TRUE  
[1.194s] -- Found CUDA: /usr/local/cuda (found version "11.8") 
[1.195s] -- Loading isaac_ros_common extras (modules)
[1.237s] -- Found rosidl_generator_c: 3.1.4 (/opt/ros/humble/install/share/rosidl_generator_c/cmake)
[1.242s] -- Found rosidl_adapter: 3.1.4 (/opt/ros/humble/install/share/rosidl_adapter/cmake)
[1.252s] -- Found rosidl_generator_cpp: 3.1.4 (/opt/ros/humble/install/share/rosidl_generator_cpp/cmake)
[1.266s] -- Using all available rosidl_typesupport_c: rosidl_typesupport_fastrtps_c;rosidl_typesupport_introspection_c
[1.286s] -- Using all available rosidl_typesupport_cpp: rosidl_typesupport_fastrtps_cpp;rosidl_typesupport_introspection_cpp
[1.353s] -- Found rmw_implementation_cmake: 6.1.1 (/opt/ros/humble/install/share/rmw_implementation_cmake/cmake)
[1.356s] -- Found rmw_fastrtps_cpp: 6.2.2 (/opt/ros/humble/install/share/rmw_fastrtps_cpp/cmake)
[1.439s] -- Found OpenSSL: /usr/lib/x86_64-linux-gnu/libcrypto.so (found version "1.1.1f")  
[1.472s] -- Found FastRTPS: /opt/ros/humble/install/include  
[1.515s] -- Using RMW implementation 'rmw_fastrtps_cpp' as default
[1.888s] -- Found ament_cmake_ros: 0.10.0 (/opt/ros/humble/install/share/ament_cmake_ros/cmake)
[2.194s] -- Using all available rosidl_typesupport_c: rosidl_typesupport_fastrtps_c;rosidl_typesupport_introspection_c
[2.319s] -- Using all available rosidl_typesupport_cpp: rosidl_typesupport_fastrtps_cpp;rosidl_typesupport_introspection_cpp
[2.342s] -- Found PythonInterp: /usr/bin/python3 (found suitable version "3.8.10", minimum required is "3.6") 
[2.344s] -- Found python_cmake_module: 0.10.0 (/opt/ros/humble/install/share/python_cmake_module/cmake)
[2.372s] -- Found PythonLibs: /usr/lib/x86_64-linux-gnu/libpython3.8.so (found suitable version "3.8.10", minimum required is "3.5") 
[2.372s] -- Using PYTHON_EXECUTABLE: /usr/bin/python3
[2.372s] -- Using PYTHON_INCLUDE_DIRS: /usr/include/python3.8
[2.372s] -- Using PYTHON_LIBRARIES: /usr/lib/x86_64-linux-gnu/libpython3.8.so
[2.396s] -- Found PythonExtra: .so  
[2.496s] -- Found ament_lint_auto: 0.12.5 (/opt/ros/humble/install/share/ament_lint_auto/cmake)
[2.539s] -- Added test 'copyright' to check source files copyright and LICENSE
[2.545s] -- Added test 'lint_cmake' to check CMake code style
[2.546s] -- Added test 'xmllint' to check XML markup files
[2.551s] -- Configuring done (2.5s)
[2.625s] -- Generating done (0.1s)
[2.631s] -- Build files have been written to: /workspaces/isaac_ros-dev/build/isaac_ros_apriltag_interfaces
[2.664s] Invoked command in '/workspaces/isaac_ros-dev/build/isaac_ros_apriltag_interfaces' returned '0': AMENT_PREFIX_PATH=/workspaces/isaac_ros-dev/install/isaac_ros_common:${AMENT_PREFIX_PATH} CMAKE_PREFIX_PATH=/workspaces/isaac_ros-dev/install/isaac_ros_common:${CMAKE_PREFIX_PATH} LD_LIBRARY_PATH=/workspaces/isaac_ros-dev/install/isaac_ros_common/lib:${LD_LIBRARY_PATH} /usr/local/bin/cmake /workspaces/isaac_ros-dev/src/isaac_ros_common/isaac_ros_apriltag_interfaces -DCMAKE_INSTALL_PREFIX=/workspaces/isaac_ros-dev/install/isaac_ros_apriltag_interfaces
[2.669s] Invoking command in '/workspaces/isaac_ros-dev/build/isaac_ros_apriltag_interfaces': AMENT_PREFIX_PATH=/workspaces/isaac_ros-dev/install/isaac_ros_common:${AMENT_PREFIX_PATH} CMAKE_PREFIX_PATH=/workspaces/isaac_ros-dev/install/isaac_ros_common:${CMAKE_PREFIX_PATH} LD_LIBRARY_PATH=/workspaces/isaac_ros-dev/install/isaac_ros_common/lib:${LD_LIBRARY_PATH} /usr/local/bin/cmake --build /workspaces/isaac_ros-dev/build/isaac_ros_apriltag_interfaces -- -j16 -l16
[2.809s] [  2%] [34m[1mGenerating C code for ROS interfaces[0m
[2.832s] [  5%] [34m[1mGenerating C++ code for ROS interfaces[0m
[2.838s] [  5%] Built target ament_cmake_python_copy_isaac_ros_apriltag_interfaces
[3.288s] [  5%] Built target isaac_ros_apriltag_interfaces__cpp
[3.310s] [  7%] [34m[1mGenerating C++ type support dispatch for ROS interfaces[0m
[3.352s] [ 10%] [34m[1mGenerating C++ type support for eProsima Fast-RTPS[0m
[3.367s] [ 12%] [34m[1mGenerating C++ introspection for ROS interfaces[0m
[3.481s] [ 15%] [32mBuilding C object CMakeFiles/isaac_ros_apriltag_interfaces__rosidl_generator_c.dir/rosidl_generator_c/isaac_ros_apriltag_interfaces/msg/detail/april_tag_detection__functions.c.o[0m
[3.501s] [ 17%] [32mBuilding C object CMakeFiles/isaac_ros_apriltag_interfaces__rosidl_generator_c.dir/rosidl_generator_c/isaac_ros_apriltag_interfaces/msg/detail/april_tag_detection_array__functions.c.o[0m
[3.509s] running egg_info
[3.511s] creating isaac_ros_apriltag_interfaces.egg-info
[3.561s] writing isaac_ros_apriltag_interfaces.egg-info/PKG-INFO
[3.561s] writing dependency_links to isaac_ros_apriltag_interfaces.egg-info/dependency_links.txt
[3.561s] writing top-level names to isaac_ros_apriltag_interfaces.egg-info/top_level.txt
[3.561s] writing manifest file 'isaac_ros_apriltag_interfaces.egg-info/SOURCES.txt'
[3.673s] reading manifest file 'isaac_ros_apriltag_interfaces.egg-info/SOURCES.txt'
[3.674s] writing manifest file 'isaac_ros_apriltag_interfaces.egg-info/SOURCES.txt'
[3.776s] [ 20%] [32mBuilding CXX object CMakeFiles/isaac_ros_apriltag_interfaces__rosidl_typesupport_cpp.dir/rosidl_typesupport_cpp/isaac_ros_apriltag_interfaces/msg/april_tag_detection_array__type_support.cpp.o[0m
[3.779s] [ 23%] [32mBuilding CXX object CMakeFiles/isaac_ros_apriltag_interfaces__rosidl_typesupport_cpp.dir/rosidl_typesupport_cpp/isaac_ros_apriltag_interfaces/msg/april_tag_detection__type_support.cpp.o[0m
[3.847s] [ 23%] Built target ament_cmake_python_build_isaac_ros_apriltag_interfaces_egg
[3.870s] [ 25%] [32m[1mLinking C shared library libisaac_ros_apriltag_interfaces__rosidl_generator_c.so[0m
[3.994s] [ 25%] Built target isaac_ros_apriltag_interfaces__rosidl_generator_c
[4.007s] [ 28%] [32mBuilding CXX object CMakeFiles/isaac_ros_apriltag_interfaces__rosidl_typesupport_fastrtps_cpp.dir/rosidl_typesupport_fastrtps_cpp/isaac_ros_apriltag_interfaces/msg/detail/dds_fastrtps/april_tag_detection_array__type_support.cpp.o[0m
[4.020s] [ 30%] [32mBuilding CXX object CMakeFiles/isaac_ros_apriltag_interfaces__rosidl_typesupport_fastrtps_cpp.dir/rosidl_typesupport_fastrtps_cpp/isaac_ros_apriltag_interfaces/msg/detail/dds_fastrtps/april_tag_detection__type_support.cpp.o[0m
[4.040s] [ 33%] [34m[1mGenerating C type support for eProsima Fast-RTPS[0m
[4.051s] [ 35%] [34m[1mGenerating C introspection for ROS interfaces[0m
[4.059s] [ 38%] [34m[1mGenerating C type support dispatch for ROS interfaces[0m
[4.079s] [ 41%] [32mBuilding CXX object CMakeFiles/isaac_ros_apriltag_interfaces__rosidl_typesupport_introspection_cpp.dir/rosidl_typesupport_introspection_cpp/isaac_ros_apriltag_interfaces/msg/detail/april_tag_detection__type_support.cpp.o[0m
[4.109s] [ 43%] [32mBuilding CXX object CMakeFiles/isaac_ros_apriltag_interfaces__rosidl_typesupport_introspection_cpp.dir/rosidl_typesupport_introspection_cpp/isaac_ros_apriltag_interfaces/msg/detail/april_tag_detection_array__type_support.cpp.o[0m
[4.687s] [ 46%] [32mBuilding C object CMakeFiles/isaac_ros_apriltag_interfaces__rosidl_typesupport_introspection_c.dir/rosidl_typesupport_introspection_c/isaac_ros_apriltag_interfaces/msg/detail/april_tag_detection__type_support.c.o[0m
[4.703s] [ 48%] [32mBuilding C object CMakeFiles/isaac_ros_apriltag_interfaces__rosidl_typesupport_introspection_c.dir/rosidl_typesupport_introspection_c/isaac_ros_apriltag_interfaces/msg/detail/april_tag_detection_array__type_support.c.o[0m
[4.854s] [ 51%] [32m[1mLinking CXX shared library libisaac_ros_apriltag_interfaces__rosidl_typesupport_cpp.so[0m
[4.862s] [ 53%] [32m[1mLinking C shared library libisaac_ros_apriltag_interfaces__rosidl_typesupport_introspection_c.so[0m
[4.924s] [ 56%] [32mBuilding CXX object CMakeFiles/isaac_ros_apriltag_interfaces__rosidl_typesupport_c.dir/rosidl_typesupport_c/isaac_ros_apriltag_interfaces/msg/april_tag_detection__type_support.cpp.o[0m
[4.936s] [ 58%] [32mBuilding CXX object CMakeFiles/isaac_ros_apriltag_interfaces__rosidl_typesupport_c.dir/rosidl_typesupport_c/isaac_ros_apriltag_interfaces/msg/april_tag_detection_array__type_support.cpp.o[0m
[4.937s] [ 58%] Built target isaac_ros_apriltag_interfaces__rosidl_typesupport_cpp
[4.938s] [ 61%] [32mBuilding CXX object CMakeFiles/isaac_ros_apriltag_interfaces__rosidl_typesupport_fastrtps_c.dir/rosidl_typesupport_fastrtps_c/isaac_ros_apriltag_interfaces/msg/detail/april_tag_detection__type_support_c.cpp.o[0m
[4.943s] [ 61%] Built target isaac_ros_apriltag_interfaces__rosidl_typesupport_introspection_c
[4.968s] [ 64%] [32mBuilding CXX object CMakeFiles/isaac_ros_apriltag_interfaces__rosidl_typesupport_fastrtps_c.dir/rosidl_typesupport_fastrtps_c/isaac_ros_apriltag_interfaces/msg/detail/april_tag_detection_array__type_support_c.cpp.o[0m
[5.028s] [ 66%] [32m[1mLinking CXX shared library libisaac_ros_apriltag_interfaces__rosidl_typesupport_c.so[0m
[5.164s] [ 66%] Built target isaac_ros_apriltag_interfaces__rosidl_typesupport_c
[5.226s] [ 69%] [32m[1mLinking CXX shared library libisaac_ros_apriltag_interfaces__rosidl_typesupport_introspection_cpp.so[0m
[5.282s] [ 71%] [32m[1mLinking CXX shared library libisaac_ros_apriltag_interfaces__rosidl_typesupport_fastrtps_cpp.so[0m
[5.373s] [ 71%] Built target isaac_ros_apriltag_interfaces__rosidl_typesupport_introspection_cpp
[5.403s] [ 71%] Built target isaac_ros_apriltag_interfaces__rosidl_typesupport_fastrtps_cpp
[5.540s] [ 74%] [32m[1mLinking CXX shared library libisaac_ros_apriltag_interfaces__rosidl_typesupport_fastrtps_c.so[0m
[5.614s] [ 74%] Built target isaac_ros_apriltag_interfaces__rosidl_typesupport_fastrtps_c
[5.623s] [ 74%] Built target isaac_ros_apriltag_interfaces
[5.631s] [ 76%] [34m[1mGenerating Python code for ROS interfaces[0m
[5.961s] [ 76%] Built target isaac_ros_apriltag_interfaces__py
[5.969s] [ 82%] [32mBuilding C object CMakeFiles/isaac_ros_apriltag_interfaces__rosidl_generator_py.dir/rosidl_generator_py/isaac_ros_apriltag_interfaces/msg/_april_tag_detection_array_s.c.o[0m
[5.969s] [ 82%] [32mBuilding C object CMakeFiles/isaac_ros_apriltag_interfaces__rosidl_generator_py.dir/rosidl_generator_py/isaac_ros_apriltag_interfaces/msg/_april_tag_detection_s.c.o[0m
[6.080s] [ 84%] [32m[1mLinking C shared library rosidl_generator_py/isaac_ros_apriltag_interfaces/libisaac_ros_apriltag_interfaces__rosidl_generator_py.so[0m
[6.107s] [ 84%] Built target isaac_ros_apriltag_interfaces__rosidl_generator_py
[6.113s] [ 92%] [32mBuilding C object CMakeFiles/isaac_ros_apriltag_interfaces__rosidl_typesupport_c__pyext.dir/rosidl_generator_py/isaac_ros_apriltag_interfaces/_isaac_ros_apriltag_interfaces_s.ep.rosidl_typesupport_c.c.o[0m
[6.113s] [ 92%] [32mBuilding C object CMakeFiles/isaac_ros_apriltag_interfaces__rosidl_typesupport_fastrtps_c__pyext.dir/rosidl_generator_py/isaac_ros_apriltag_interfaces/_isaac_ros_apriltag_interfaces_s.ep.rosidl_typesupport_fastrtps_c.c.o[0m
[6.113s] [ 92%] [32mBuilding C object CMakeFiles/isaac_ros_apriltag_interfaces__rosidl_typesupport_introspection_c__pyext.dir/rosidl_generator_py/isaac_ros_apriltag_interfaces/_isaac_ros_apriltag_interfaces_s.ep.rosidl_typesupport_introspection_c.c.o[0m
[6.214s] [ 97%] [32m[1mLinking C shared library rosidl_generator_py/isaac_ros_apriltag_interfaces/isaac_ros_apriltag_interfaces_s__rosidl_typesupport_c.cpython-38-x86_64-linux-gnu.so[0m
[6.214s] [ 97%] [32m[1mLinking C shared library rosidl_generator_py/isaac_ros_apriltag_interfaces/isaac_ros_apriltag_interfaces_s__rosidl_typesupport_fastrtps_c.cpython-38-x86_64-linux-gnu.so[0m
[6.214s] [100%] [32m[1mLinking C shared library rosidl_generator_py/isaac_ros_apriltag_interfaces/isaac_ros_apriltag_interfaces_s__rosidl_typesupport_introspection_c.cpython-38-x86_64-linux-gnu.so[0m
[6.240s] [100%] Built target isaac_ros_apriltag_interfaces__rosidl_typesupport_c__pyext
[6.240s] [100%] Built target isaac_ros_apriltag_interfaces__rosidl_typesupport_introspection_c__pyext
[6.240s] [100%] Built target isaac_ros_apriltag_interfaces__rosidl_typesupport_fastrtps_c__pyext
[6.249s] Invoked command in '/workspaces/isaac_ros-dev/build/isaac_ros_apriltag_interfaces' returned '0': AMENT_PREFIX_PATH=/workspaces/isaac_ros-dev/install/isaac_ros_common:${AMENT_PREFIX_PATH} CMAKE_PREFIX_PATH=/workspaces/isaac_ros-dev/install/isaac_ros_common:${CMAKE_PREFIX_PATH} LD_LIBRARY_PATH=/workspaces/isaac_ros-dev/install/isaac_ros_common/lib:${LD_LIBRARY_PATH} /usr/local/bin/cmake --build /workspaces/isaac_ros-dev/build/isaac_ros_apriltag_interfaces -- -j16 -l16
[6.340s] Invoking command in '/workspaces/isaac_ros-dev/build/isaac_ros_apriltag_interfaces': AMENT_PREFIX_PATH=/workspaces/isaac_ros-dev/install/isaac_ros_common:${AMENT_PREFIX_PATH} CMAKE_PREFIX_PATH=/workspaces/isaac_ros-dev/install/isaac_ros_common:${CMAKE_PREFIX_PATH} LD_LIBRARY_PATH=/workspaces/isaac_ros-dev/install/isaac_ros_common/lib:${LD_LIBRARY_PATH} /usr/local/bin/cmake --install /workspaces/isaac_ros-dev/build/isaac_ros_apriltag_interfaces
[6.363s] -- Install configuration: "Release"
[6.363s] -- Installing: /workspaces/isaac_ros-dev/install/isaac_ros_apriltag_interfaces/share/ament_index/resource_index/rosidl_interfaces/isaac_ros_apriltag_interfaces
[6.363s] -- Installing: /workspaces/isaac_ros-dev/install/isaac_ros_apriltag_interfaces/include/isaac_ros_apriltag_interfaces/isaac_ros_apriltag_interfaces
[6.363s] -- Installing: /workspaces/isaac_ros-dev/install/isaac_ros_apriltag_interfaces/include/isaac_ros_apriltag_interfaces/isaac_ros_apriltag_interfaces/msg
[6.363s] -- Installing: /workspaces/isaac_ros-dev/install/isaac_ros_apriltag_interfaces/include/isaac_ros_apriltag_interfaces/isaac_ros_apriltag_interfaces/msg/detail
[6.363s] -- Installing: /workspaces/isaac_ros-dev/install/isaac_ros_apriltag_interfaces/include/isaac_ros_apriltag_interfaces/isaac_ros_apriltag_interfaces/msg/detail/april_tag_detection__functions.c
[6.364s] -- Installing: /workspaces/isaac_ros-dev/install/isaac_ros_apriltag_interfaces/include/isaac_ros_apriltag_interfaces/isaac_ros_apriltag_interfaces/msg/detail/april_tag_detection__type_support.h
[6.364s] -- Installing: /workspaces/isaac_ros-dev/install/isaac_ros_apriltag_interfaces/include/isaac_ros_apriltag_interfaces/isaac_ros_apriltag_interfaces/msg/detail/april_tag_detection_array__type_support.h
[6.364s] -- Installing: /workspaces/isaac_ros-dev/install/isaac_ros_apriltag_interfaces/include/isaac_ros_apriltag_interfaces/isaac_ros_apriltag_interfaces/msg/detail/april_tag_detection__functions.h
[6.364s] -- Installing: /workspaces/isaac_ros-dev/install/isaac_ros_apriltag_interfaces/include/isaac_ros_apriltag_interfaces/isaac_ros_apriltag_interfaces/msg/detail/april_tag_detection_array__functions.h
[6.364s] -- Installing: /workspaces/isaac_ros-dev/install/isaac_ros_apriltag_interfaces/include/isaac_ros_apriltag_interfaces/isaac_ros_apriltag_interfaces/msg/detail/april_tag_detection_array__functions.c
[6.364s] -- Installing: /workspaces/isaac_ros-dev/install/isaac_ros_apriltag_interfaces/include/isaac_ros_apriltag_interfaces/isaac_ros_apriltag_interfaces/msg/detail/april_tag_detection__struct.h
[6.364s] -- Installing: /workspaces/isaac_ros-dev/install/isaac_ros_apriltag_interfaces/include/isaac_ros_apriltag_interfaces/isaac_ros_apriltag_interfaces/msg/detail/april_tag_detection_array__struct.h
[6.364s] -- Installing: /workspaces/isaac_ros-dev/install/isaac_ros_apriltag_interfaces/include/isaac_ros_apriltag_interfaces/isaac_ros_apriltag_interfaces/msg/april_tag_detection_array.h
[6.364s] -- Installing: /workspaces/isaac_ros-dev/install/isaac_ros_apriltag_interfaces/include/isaac_ros_apriltag_interfaces/isaac_ros_apriltag_interfaces/msg/april_tag_detection.h
[6.364s] -- Installing: /workspaces/isaac_ros-dev/install/isaac_ros_apriltag_interfaces/include/isaac_ros_apriltag_interfaces/isaac_ros_apriltag_interfaces/msg/rosidl_generator_c__visibility_control.h
[6.364s] -- Installing: /workspaces/isaac_ros-dev/install/isaac_ros_apriltag_interfaces/share/isaac_ros_apriltag_interfaces/environment/library_path.sh
[6.364s] -- Installing: /workspaces/isaac_ros-dev/install/isaac_ros_apriltag_interfaces/share/isaac_ros_apriltag_interfaces/environment/library_path.dsv
[6.365s] -- Installing: /workspaces/isaac_ros-dev/install/isaac_ros_apriltag_interfaces/lib/libisaac_ros_apriltag_interfaces__rosidl_generator_c.so
[6.365s] -- Set runtime path of "/workspaces/isaac_ros-dev/install/isaac_ros_apriltag_interfaces/lib/libisaac_ros_apriltag_interfaces__rosidl_generator_c.so" to ""
[6.365s] -- Up-to-date: /workspaces/isaac_ros-dev/install/isaac_ros_apriltag_interfaces/include/isaac_ros_apriltag_interfaces/isaac_ros_apriltag_interfaces
[6.365s] -- Up-to-date: /workspaces/isaac_ros-dev/install/isaac_ros_apriltag_interfaces/include/isaac_ros_apriltag_interfaces/isaac_ros_apriltag_interfaces/msg
[6.365s] -- Installing: /workspaces/isaac_ros-dev/install/isaac_ros_apriltag_interfaces/include/isaac_ros_apriltag_interfaces/isaac_ros_apriltag_interfaces/msg/rosidl_typesupport_fastrtps_c__visibility_control.h
[6.365s] -- Up-to-date: /workspaces/isaac_ros-dev/install/isaac_ros_apriltag_interfaces/include/isaac_ros_apriltag_interfaces/isaac_ros_apriltag_interfaces/msg/detail
[6.365s] -- Installing: /workspaces/isaac_ros-dev/install/isaac_ros_apriltag_interfaces/include/isaac_ros_apriltag_interfaces/isaac_ros_apriltag_interfaces/msg/detail/april_tag_detection__rosidl_typesupport_fastrtps_c.h
[6.365s] -- Installing: /workspaces/isaac_ros-dev/install/isaac_ros_apriltag_interfaces/include/isaac_ros_apriltag_interfaces/isaac_ros_apriltag_interfaces/msg/detail/april_tag_detection_array__rosidl_typesupport_fastrtps_c.h
[6.365s] -- Installing: /workspaces/isaac_ros-dev/install/isaac_ros_apriltag_interfaces/lib/libisaac_ros_apriltag_interfaces__rosidl_typesupport_fastrtps_c.so
[6.365s] -- Set runtime path of "/workspaces/isaac_ros-dev/install/isaac_ros_apriltag_interfaces/lib/libisaac_ros_apriltag_interfaces__rosidl_typesupport_fastrtps_c.so" to ""
[6.366s] -- Up-to-date: /workspaces/isaac_ros-dev/install/isaac_ros_apriltag_interfaces/include/isaac_ros_apriltag_interfaces/isaac_ros_apriltag_interfaces
[6.366s] -- Up-to-date: /workspaces/isaac_ros-dev/install/isaac_ros_apriltag_interfaces/include/isaac_ros_apriltag_interfaces/isaac_ros_apriltag_interfaces/msg
[6.366s] -- Up-to-date: /workspaces/isaac_ros-dev/install/isaac_ros_apriltag_interfaces/include/isaac_ros_apriltag_interfaces/isaac_ros_apriltag_interfaces/msg/detail
[6.366s] -- Installing: /workspaces/isaac_ros-dev/install/isaac_ros_apriltag_interfaces/include/isaac_ros_apriltag_interfaces/isaac_ros_apriltag_interfaces/msg/detail/april_tag_detection__builder.hpp
[6.366s] -- Installing: /workspaces/isaac_ros-dev/install/isaac_ros_apriltag_interfaces/include/isaac_ros_apriltag_interfaces/isaac_ros_apriltag_interfaces/msg/detail/april_tag_detection_array__struct.hpp
[6.366s] -- Installing: /workspaces/isaac_ros-dev/install/isaac_ros_apriltag_interfaces/include/isaac_ros_apriltag_interfaces/isaac_ros_apriltag_interfaces/msg/detail/april_tag_detection__struct.hpp
[6.366s] -- Installing: /workspaces/isaac_ros-dev/install/isaac_ros_apriltag_interfaces/include/isaac_ros_apriltag_interfaces/isaac_ros_apriltag_interfaces/msg/detail/april_tag_detection_array__builder.hpp
[6.366s] -- Installing: /workspaces/isaac_ros-dev/install/isaac_ros_apriltag_interfaces/include/isaac_ros_apriltag_interfaces/isaac_ros_apriltag_interfaces/msg/detail/april_tag_detection__traits.hpp
[6.366s] -- Installing: /workspaces/isaac_ros-dev/install/isaac_ros_apriltag_interfaces/include/isaac_ros_apriltag_interfaces/isaac_ros_apriltag_interfaces/msg/detail/april_tag_detection_array__traits.hpp
[6.366s] -- Installing: /workspaces/isaac_ros-dev/install/isaac_ros_apriltag_interfaces/include/isaac_ros_apriltag_interfaces/isaac_ros_apriltag_interfaces/msg/april_tag_detection_array.hpp
[6.366s] -- Installing: /workspaces/isaac_ros-dev/install/isaac_ros_apriltag_interfaces/include/isaac_ros_apriltag_interfaces/isaac_ros_apriltag_interfaces/msg/april_tag_detection.hpp
[6.367s] -- Up-to-date: /workspaces/isaac_ros-dev/install/isaac_ros_apriltag_interfaces/include/isaac_ros_apriltag_interfaces/isaac_ros_apriltag_interfaces
[6.367s] -- Up-to-date: /workspaces/isaac_ros-dev/install/isaac_ros_apriltag_interfaces/include/isaac_ros_apriltag_interfaces/isaac_ros_apriltag_interfaces/msg
[6.367s] -- Installing: /workspaces/isaac_ros-dev/install/isaac_ros_apriltag_interfaces/include/isaac_ros_apriltag_interfaces/isaac_ros_apriltag_interfaces/msg/rosidl_typesupport_fastrtps_cpp__visibility_control.h
[6.367s] -- Up-to-date: /workspaces/isaac_ros-dev/install/isaac_ros_apriltag_interfaces/include/isaac_ros_apriltag_interfaces/isaac_ros_apriltag_interfaces/msg/detail
[6.367s] -- Installing: /workspaces/isaac_ros-dev/install/isaac_ros_apriltag_interfaces/include/isaac_ros_apriltag_interfaces/isaac_ros_apriltag_interfaces/msg/detail/dds_fastrtps
[6.367s] -- Installing: /workspaces/isaac_ros-dev/install/isaac_ros_apriltag_interfaces/include/isaac_ros_apriltag_interfaces/isaac_ros_apriltag_interfaces/msg/detail/april_tag_detection__rosidl_typesupport_fastrtps_cpp.hpp
[6.367s] -- Installing: /workspaces/isaac_ros-dev/install/isaac_ros_apriltag_interfaces/include/isaac_ros_apriltag_interfaces/isaac_ros_apriltag_interfaces/msg/detail/april_tag_detection_array__rosidl_typesupport_fastrtps_cpp.hpp
[6.367s] -- Installing: /workspaces/isaac_ros-dev/install/isaac_ros_apriltag_interfaces/lib/libisaac_ros_apriltag_interfaces__rosidl_typesupport_fastrtps_cpp.so
[6.367s] -- Set runtime path of "/workspaces/isaac_ros-dev/install/isaac_ros_apriltag_interfaces/lib/libisaac_ros_apriltag_interfaces__rosidl_typesupport_fastrtps_cpp.so" to ""
[6.367s] -- Up-to-date: /workspaces/isaac_ros-dev/install/isaac_ros_apriltag_interfaces/include/isaac_ros_apriltag_interfaces/isaac_ros_apriltag_interfaces
[6.367s] -- Up-to-date: /workspaces/isaac_ros-dev/install/isaac_ros_apriltag_interfaces/include/isaac_ros_apriltag_interfaces/isaac_ros_apriltag_interfaces/msg
[6.367s] -- Up-to-date: /workspaces/isaac_ros-dev/install/isaac_ros_apriltag_interfaces/include/isaac_ros_apriltag_interfaces/isaac_ros_apriltag_interfaces/msg/detail
[6.368s] -- Installing: /workspaces/isaac_ros-dev/install/isaac_ros_apriltag_interfaces/include/isaac_ros_apriltag_interfaces/isaac_ros_apriltag_interfaces/msg/detail/april_tag_detection_array__type_support.c
[6.368s] -- Installing: /workspaces/isaac_ros-dev/install/isaac_ros_apriltag_interfaces/include/isaac_ros_apriltag_interfaces/isaac_ros_apriltag_interfaces/msg/detail/april_tag_detection_array__rosidl_typesupport_introspection_c.h
[6.368s] -- Installing: /workspaces/isaac_ros-dev/install/isaac_ros_apriltag_interfaces/include/isaac_ros_apriltag_interfaces/isaac_ros_apriltag_interfaces/msg/detail/april_tag_detection__rosidl_typesupport_introspection_c.h
[6.368s] -- Installing: /workspaces/isaac_ros-dev/install/isaac_ros_apriltag_interfaces/include/isaac_ros_apriltag_interfaces/isaac_ros_apriltag_interfaces/msg/detail/april_tag_detection__type_support.c
[6.368s] -- Installing: /workspaces/isaac_ros-dev/install/isaac_ros_apriltag_interfaces/include/isaac_ros_apriltag_interfaces/isaac_ros_apriltag_interfaces/msg/rosidl_typesupport_introspection_c__visibility_control.h
[6.368s] -- Installing: /workspaces/isaac_ros-dev/install/isaac_ros_apriltag_interfaces/lib/libisaac_ros_apriltag_interfaces__rosidl_typesupport_introspection_c.so
[6.368s] -- Set runtime path of "/workspaces/isaac_ros-dev/install/isaac_ros_apriltag_interfaces/lib/libisaac_ros_apriltag_interfaces__rosidl_typesupport_introspection_c.so" to ""
[6.368s] -- Installing: /workspaces/isaac_ros-dev/install/isaac_ros_apriltag_interfaces/lib/libisaac_ros_apriltag_interfaces__rosidl_typesupport_c.so
[6.368s] -- Set runtime path of "/workspaces/isaac_ros-dev/install/isaac_ros_apriltag_interfaces/lib/libisaac_ros_apriltag_interfaces__rosidl_typesupport_c.so" to ""
[6.368s] -- Up-to-date: /workspaces/isaac_ros-dev/install/isaac_ros_apriltag_interfaces/include/isaac_ros_apriltag_interfaces/isaac_ros_apriltag_interfaces
[6.368s] -- Up-to-date: /workspaces/isaac_ros-dev/install/isaac_ros_apriltag_interfaces/include/isaac_ros_apriltag_interfaces/isaac_ros_apriltag_interfaces/msg
[6.369s] -- Up-to-date: /workspaces/isaac_ros-dev/install/isaac_ros_apriltag_interfaces/include/isaac_ros_apriltag_interfaces/isaac_ros_apriltag_interfaces/msg/detail
[6.369s] -- Installing: /workspaces/isaac_ros-dev/install/isaac_ros_apriltag_interfaces/include/isaac_ros_apriltag_interfaces/isaac_ros_apriltag_interfaces/msg/detail/april_tag_detection_array__type_support.cpp
[6.369s] -- Installing: /workspaces/isaac_ros-dev/install/isaac_ros_apriltag_interfaces/include/isaac_ros_apriltag_interfaces/isaac_ros_apriltag_interfaces/msg/detail/april_tag_detection__type_support.cpp
[6.369s] -- Installing: /workspaces/isaac_ros-dev/install/isaac_ros_apriltag_interfaces/include/isaac_ros_apriltag_interfaces/isaac_ros_apriltag_interfaces/msg/detail/april_tag_detection__rosidl_typesupport_introspection_cpp.hpp
[6.369s] -- Installing: /workspaces/isaac_ros-dev/install/isaac_ros_apriltag_interfaces/include/isaac_ros_apriltag_interfaces/isaac_ros_apriltag_interfaces/msg/detail/april_tag_detection_array__rosidl_typesupport_introspection_cpp.hpp
[6.369s] -- Installing: /workspaces/isaac_ros-dev/install/isaac_ros_apriltag_interfaces/lib/libisaac_ros_apriltag_interfaces__rosidl_typesupport_introspection_cpp.so
[6.369s] -- Set runtime path of "/workspaces/isaac_ros-dev/install/isaac_ros_apriltag_interfaces/lib/libisaac_ros_apriltag_interfaces__rosidl_typesupport_introspection_cpp.so" to ""
[6.369s] -- Installing: /workspaces/isaac_ros-dev/install/isaac_ros_apriltag_interfaces/lib/libisaac_ros_apriltag_interfaces__rosidl_typesupport_cpp.so
[6.369s] -- Set runtime path of "/workspaces/isaac_ros-dev/install/isaac_ros_apriltag_interfaces/lib/libisaac_ros_apriltag_interfaces__rosidl_typesupport_cpp.so" to ""
[6.369s] -- Installing: /workspaces/isaac_ros-dev/install/isaac_ros_apriltag_interfaces/share/isaac_ros_apriltag_interfaces/environment/pythonpath.sh
[6.369s] -- Installing: /workspaces/isaac_ros-dev/install/isaac_ros_apriltag_interfaces/share/isaac_ros_apriltag_interfaces/environment/pythonpath.dsv
[6.370s] -- Installing: /workspaces/isaac_ros-dev/install/isaac_ros_apriltag_interfaces/lib/python3.8/site-packages/isaac_ros_apriltag_interfaces-0.30.0-py3.8.egg-info
[6.370s] -- Installing: /workspaces/isaac_ros-dev/install/isaac_ros_apriltag_interfaces/lib/python3.8/site-packages/isaac_ros_apriltag_interfaces-0.30.0-py3.8.egg-info/PKG-INFO
[6.370s] -- Installing: /workspaces/isaac_ros-dev/install/isaac_ros_apriltag_interfaces/lib/python3.8/site-packages/isaac_ros_apriltag_interfaces-0.30.0-py3.8.egg-info/SOURCES.txt
[6.370s] -- Installing: /workspaces/isaac_ros-dev/install/isaac_ros_apriltag_interfaces/lib/python3.8/site-packages/isaac_ros_apriltag_interfaces-0.30.0-py3.8.egg-info/dependency_links.txt
[6.370s] -- Installing: /workspaces/isaac_ros-dev/install/isaac_ros_apriltag_interfaces/lib/python3.8/site-packages/isaac_ros_apriltag_interfaces-0.30.0-py3.8.egg-info/top_level.txt
[6.370s] -- Installing: /workspaces/isaac_ros-dev/install/isaac_ros_apriltag_interfaces/lib/python3.8/site-packages/isaac_ros_apriltag_interfaces
[6.370s] -- Installing: /workspaces/isaac_ros-dev/install/isaac_ros_apriltag_interfaces/lib/python3.8/site-packages/isaac_ros_apriltag_interfaces/_isaac_ros_apriltag_interfaces_s.ep.rosidl_typesupport_fastrtps_c.c
[6.370s] -- Installing: /workspaces/isaac_ros-dev/install/isaac_ros_apriltag_interfaces/lib/python3.8/site-packages/isaac_ros_apriltag_interfaces/libisaac_ros_apriltag_interfaces__rosidl_generator_py.so
[6.370s] -- Installing: /workspaces/isaac_ros-dev/install/isaac_ros_apriltag_interfaces/lib/python3.8/site-packages/isaac_ros_apriltag_interfaces/_isaac_ros_apriltag_interfaces_s.ep.rosidl_typesupport_introspection_c.c
[6.370s] -- Installing: /workspaces/isaac_ros-dev/install/isaac_ros_apriltag_interfaces/lib/python3.8/site-packages/isaac_ros_apriltag_interfaces/isaac_ros_apriltag_interfaces_s__rosidl_typesupport_introspection_c.cpython-38-x86_64-linux-gnu.so
[6.370s] -- Installing: /workspaces/isaac_ros-dev/install/isaac_ros_apriltag_interfaces/lib/python3.8/site-packages/isaac_ros_apriltag_interfaces/msg
[6.370s] -- Installing: /workspaces/isaac_ros-dev/install/isaac_ros_apriltag_interfaces/lib/python3.8/site-packages/isaac_ros_apriltag_interfaces/msg/_april_tag_detection_s.c
[6.370s] -- Installing: /workspaces/isaac_ros-dev/install/isaac_ros_apriltag_interfaces/lib/python3.8/site-packages/isaac_ros_apriltag_interfaces/msg/_april_tag_detection_array_s.c
[6.370s] -- Installing: /workspaces/isaac_ros-dev/install/isaac_ros_apriltag_interfaces/lib/python3.8/site-packages/isaac_ros_apriltag_interfaces/msg/_april_tag_detection.py
[6.370s] -- Installing: /workspaces/isaac_ros-dev/install/isaac_ros_apriltag_interfaces/lib/python3.8/site-packages/isaac_ros_apriltag_interfaces/msg/__init__.py
[6.371s] -- Installing: /workspaces/isaac_ros-dev/install/isaac_ros_apriltag_interfaces/lib/python3.8/site-packages/isaac_ros_apriltag_interfaces/msg/_april_tag_detection_array.py
[6.371s] -- Installing: /workspaces/isaac_ros-dev/install/isaac_ros_apriltag_interfaces/lib/python3.8/site-packages/isaac_ros_apriltag_interfaces/isaac_ros_apriltag_interfaces_s__rosidl_typesupport_c.cpython-38-x86_64-linux-gnu.so
[6.371s] -- Installing: /workspaces/isaac_ros-dev/install/isaac_ros_apriltag_interfaces/lib/python3.8/site-packages/isaac_ros_apriltag_interfaces/_isaac_ros_apriltag_interfaces_s.ep.rosidl_typesupport_c.c
[6.371s] -- Installing: /workspaces/isaac_ros-dev/install/isaac_ros_apriltag_interfaces/lib/python3.8/site-packages/isaac_ros_apriltag_interfaces/__init__.py
[6.371s] -- Installing: /workspaces/isaac_ros-dev/install/isaac_ros_apriltag_interfaces/lib/python3.8/site-packages/isaac_ros_apriltag_interfaces/isaac_ros_apriltag_interfaces_s__rosidl_typesupport_fastrtps_c.cpython-38-x86_64-linux-gnu.so
[6.396s] Listing '/workspaces/isaac_ros-dev/install/isaac_ros_apriltag_interfaces/lib/python3.8/site-packages/isaac_ros_apriltag_interfaces'...
[6.396s] Compiling '/workspaces/isaac_ros-dev/install/isaac_ros_apriltag_interfaces/lib/python3.8/site-packages/isaac_ros_apriltag_interfaces/__init__.py'...
[6.396s] Listing '/workspaces/isaac_ros-dev/install/isaac_ros_apriltag_interfaces/lib/python3.8/site-packages/isaac_ros_apriltag_interfaces/msg'...
[6.396s] Compiling '/workspaces/isaac_ros-dev/install/isaac_ros_apriltag_interfaces/lib/python3.8/site-packages/isaac_ros_apriltag_interfaces/msg/__init__.py'...
[6.396s] Compiling '/workspaces/isaac_ros-dev/install/isaac_ros_apriltag_interfaces/lib/python3.8/site-packages/isaac_ros_apriltag_interfaces/msg/_april_tag_detection.py'...
[6.396s] Compiling '/workspaces/isaac_ros-dev/install/isaac_ros_apriltag_interfaces/lib/python3.8/site-packages/isaac_ros_apriltag_interfaces/msg/_april_tag_detection_array.py'...
[6.406s] -- Installing: /workspaces/isaac_ros-dev/install/isaac_ros_apriltag_interfaces/lib/python3.8/site-packages/isaac_ros_apriltag_interfaces/isaac_ros_apriltag_interfaces_s__rosidl_typesupport_fastrtps_c.cpython-38-x86_64-linux-gnu.so
[6.407s] -- Set runtime path of "/workspaces/isaac_ros-dev/install/isaac_ros_apriltag_interfaces/lib/python3.8/site-packages/isaac_ros_apriltag_interfaces/isaac_ros_apriltag_interfaces_s__rosidl_typesupport_fastrtps_c.cpython-38-x86_64-linux-gnu.so" to ""
[6.407s] -- Installing: /workspaces/isaac_ros-dev/install/isaac_ros_apriltag_interfaces/lib/python3.8/site-packages/isaac_ros_apriltag_interfaces/isaac_ros_apriltag_interfaces_s__rosidl_typesupport_introspection_c.cpython-38-x86_64-linux-gnu.so
[6.407s] -- Set runtime path of "/workspaces/isaac_ros-dev/install/isaac_ros_apriltag_interfaces/lib/python3.8/site-packages/isaac_ros_apriltag_interfaces/isaac_ros_apriltag_interfaces_s__rosidl_typesupport_introspection_c.cpython-38-x86_64-linux-gnu.so" to ""
[6.407s] -- Installing: /workspaces/isaac_ros-dev/install/isaac_ros_apriltag_interfaces/lib/python3.8/site-packages/isaac_ros_apriltag_interfaces/isaac_ros_apriltag_interfaces_s__rosidl_typesupport_c.cpython-38-x86_64-linux-gnu.so
[6.407s] -- Set runtime path of "/workspaces/isaac_ros-dev/install/isaac_ros_apriltag_interfaces/lib/python3.8/site-packages/isaac_ros_apriltag_interfaces/isaac_ros_apriltag_interfaces_s__rosidl_typesupport_c.cpython-38-x86_64-linux-gnu.so" to ""
[6.407s] -- Installing: /workspaces/isaac_ros-dev/install/isaac_ros_apriltag_interfaces/lib/libisaac_ros_apriltag_interfaces__rosidl_generator_py.so
[6.408s] -- Set runtime path of "/workspaces/isaac_ros-dev/install/isaac_ros_apriltag_interfaces/lib/libisaac_ros_apriltag_interfaces__rosidl_generator_py.so" to ""
[6.408s] -- Installing: /workspaces/isaac_ros-dev/install/isaac_ros_apriltag_interfaces/share/isaac_ros_apriltag_interfaces/msg/AprilTagDetection.idl
[6.408s] -- Installing: /workspaces/isaac_ros-dev/install/isaac_ros_apriltag_interfaces/share/isaac_ros_apriltag_interfaces/msg/AprilTagDetectionArray.idl
[6.408s] -- Installing: /workspaces/isaac_ros-dev/install/isaac_ros_apriltag_interfaces/share/isaac_ros_apriltag_interfaces/msg/AprilTagDetection.msg
[6.408s] -- Installing: /workspaces/isaac_ros-dev/install/isaac_ros_apriltag_interfaces/share/isaac_ros_apriltag_interfaces/msg/AprilTagDetectionArray.msg
[6.408s] -- Installing: /workspaces/isaac_ros-dev/install/isaac_ros_apriltag_interfaces/share/ament_index/resource_index/package_run_dependencies/isaac_ros_apriltag_interfaces
[6.408s] -- Installing: /workspaces/isaac_ros-dev/install/isaac_ros_apriltag_interfaces/share/ament_index/resource_index/parent_prefix_path/isaac_ros_apriltag_interfaces
[6.408s] -- Installing: /workspaces/isaac_ros-dev/install/isaac_ros_apriltag_interfaces/share/isaac_ros_apriltag_interfaces/environment/ament_prefix_path.sh
[6.408s] -- Installing: /workspaces/isaac_ros-dev/install/isaac_ros_apriltag_interfaces/share/isaac_ros_apriltag_interfaces/environment/ament_prefix_path.dsv
[6.408s] -- Installing: /workspaces/isaac_ros-dev/install/isaac_ros_apriltag_interfaces/share/isaac_ros_apriltag_interfaces/environment/path.sh
[6.408s] -- Installing: /workspaces/isaac_ros-dev/install/isaac_ros_apriltag_interfaces/share/isaac_ros_apriltag_interfaces/environment/path.dsv
[6.408s] -- Installing: /workspaces/isaac_ros-dev/install/isaac_ros_apriltag_interfaces/share/isaac_ros_apriltag_interfaces/local_setup.bash
[6.409s] -- Installing: /workspaces/isaac_ros-dev/install/isaac_ros_apriltag_interfaces/share/isaac_ros_apriltag_interfaces/local_setup.sh
[6.409s] -- Installing: /workspaces/isaac_ros-dev/install/isaac_ros_apriltag_interfaces/share/isaac_ros_apriltag_interfaces/local_setup.zsh
[6.409s] -- Installing: /workspaces/isaac_ros-dev/install/isaac_ros_apriltag_interfaces/share/isaac_ros_apriltag_interfaces/local_setup.dsv
[6.409s] -- Installing: /workspaces/isaac_ros-dev/install/isaac_ros_apriltag_interfaces/share/isaac_ros_apriltag_interfaces/package.dsv
[6.409s] -- Installing: /workspaces/isaac_ros-dev/install/isaac_ros_apriltag_interfaces/share/ament_index/resource_index/packages/isaac_ros_apriltag_interfaces
[6.409s] -- Installing: /workspaces/isaac_ros-dev/install/isaac_ros_apriltag_interfaces/share/isaac_ros_apriltag_interfaces/cmake/export_isaac_ros_apriltag_interfaces__rosidl_generator_cExport.cmake
[6.409s] -- Installing: /workspaces/isaac_ros-dev/install/isaac_ros_apriltag_interfaces/share/isaac_ros_apriltag_interfaces/cmake/export_isaac_ros_apriltag_interfaces__rosidl_generator_cExport-release.cmake
[6.409s] -- Installing: /workspaces/isaac_ros-dev/install/isaac_ros_apriltag_interfaces/share/isaac_ros_apriltag_interfaces/cmake/export_isaac_ros_apriltag_interfaces__rosidl_typesupport_fastrtps_cExport.cmake
[6.409s] -- Installing: /workspaces/isaac_ros-dev/install/isaac_ros_apriltag_interfaces/share/isaac_ros_apriltag_interfaces/cmake/export_isaac_ros_apriltag_interfaces__rosidl_typesupport_fastrtps_cExport-release.cmake
[6.409s] -- Installing: /workspaces/isaac_ros-dev/install/isaac_ros_apriltag_interfaces/share/isaac_ros_apriltag_interfaces/cmake/export_isaac_ros_apriltag_interfaces__rosidl_generator_cppExport.cmake
[6.409s] -- Installing: /workspaces/isaac_ros-dev/install/isaac_ros_apriltag_interfaces/share/isaac_ros_apriltag_interfaces/cmake/export_isaac_ros_apriltag_interfaces__rosidl_typesupport_fastrtps_cppExport.cmake
[6.409s] -- Installing: /workspaces/isaac_ros-dev/install/isaac_ros_apriltag_interfaces/share/isaac_ros_apriltag_interfaces/cmake/export_isaac_ros_apriltag_interfaces__rosidl_typesupport_fastrtps_cppExport-release.cmake
[6.409s] -- Installing: /workspaces/isaac_ros-dev/install/isaac_ros_apriltag_interfaces/share/isaac_ros_apriltag_interfaces/cmake/isaac_ros_apriltag_interfaces__rosidl_typesupport_introspection_cExport.cmake
[6.409s] -- Installing: /workspaces/isaac_ros-dev/install/isaac_ros_apriltag_interfaces/share/isaac_ros_apriltag_interfaces/cmake/isaac_ros_apriltag_interfaces__rosidl_typesupport_introspection_cExport-release.cmake
[6.409s] -- Installing: /workspaces/isaac_ros-dev/install/isaac_ros_apriltag_interfaces/share/isaac_ros_apriltag_interfaces/cmake/isaac_ros_apriltag_interfaces__rosidl_typesupport_cExport.cmake
[6.409s] -- Installing: /workspaces/isaac_ros-dev/install/isaac_ros_apriltag_interfaces/share/isaac_ros_apriltag_interfaces/cmake/isaac_ros_apriltag_interfaces__rosidl_typesupport_cExport-release.cmake
[6.409s] -- Installing: /workspaces/isaac_ros-dev/install/isaac_ros_apriltag_interfaces/share/isaac_ros_apriltag_interfaces/cmake/isaac_ros_apriltag_interfaces__rosidl_typesupport_introspection_cppExport.cmake
[6.410s] -- Installing: /workspaces/isaac_ros-dev/install/isaac_ros_apriltag_interfaces/share/isaac_ros_apriltag_interfaces/cmake/isaac_ros_apriltag_interfaces__rosidl_typesupport_introspection_cppExport-release.cmake
[6.410s] -- Installing: /workspaces/isaac_ros-dev/install/isaac_ros_apriltag_interfaces/share/isaac_ros_apriltag_interfaces/cmake/isaac_ros_apriltag_interfaces__rosidl_typesupport_cppExport.cmake
[6.410s] -- Installing: /workspaces/isaac_ros-dev/install/isaac_ros_apriltag_interfaces/share/isaac_ros_apriltag_interfaces/cmake/isaac_ros_apriltag_interfaces__rosidl_typesupport_cppExport-release.cmake
[6.410s] -- Installing: /workspaces/isaac_ros-dev/install/isaac_ros_apriltag_interfaces/share/isaac_ros_apriltag_interfaces/cmake/export_isaac_ros_apriltag_interfaces__rosidl_generator_pyExport.cmake
[6.410s] -- Installing: /workspaces/isaac_ros-dev/install/isaac_ros_apriltag_interfaces/share/isaac_ros_apriltag_interfaces/cmake/export_isaac_ros_apriltag_interfaces__rosidl_generator_pyExport-release.cmake
[6.410s] -- Installing: /workspaces/isaac_ros-dev/install/isaac_ros_apriltag_interfaces/share/isaac_ros_apriltag_interfaces/cmake/rosidl_cmake-extras.cmake
[6.410s] -- Installing: /workspaces/isaac_ros-dev/install/isaac_ros_apriltag_interfaces/share/isaac_ros_apriltag_interfaces/cmake/ament_cmake_export_dependencies-extras.cmake
[6.410s] -- Installing: /workspaces/isaac_ros-dev/install/isaac_ros_apriltag_interfaces/share/isaac_ros_apriltag_interfaces/cmake/ament_cmake_export_include_directories-extras.cmake
[6.411s] -- Installing: /workspaces/isaac_ros-dev/install/isaac_ros_apriltag_interfaces/share/isaac_ros_apriltag_interfaces/cmake/ament_cmake_export_libraries-extras.cmake
[6.411s] -- Installing: /workspaces/isaac_ros-dev/install/isaac_ros_apriltag_interfaces/share/isaac_ros_apriltag_interfaces/cmake/ament_cmake_export_targets-extras.cmake
[6.411s] -- Installing: /workspaces/isaac_ros-dev/install/isaac_ros_apriltag_interfaces/share/isaac_ros_apriltag_interfaces/cmake/rosidl_cmake_export_typesupport_targets-extras.cmake
[6.411s] -- Installing: /workspaces/isaac_ros-dev/install/isaac_ros_apriltag_interfaces/share/isaac_ros_apriltag_interfaces/cmake/rosidl_cmake_export_typesupport_libraries-extras.cmake
[6.411s] -- Installing: /workspaces/isaac_ros-dev/install/isaac_ros_apriltag_interfaces/share/isaac_ros_apriltag_interfaces/cmake/isaac_ros_apriltag_interfacesConfig.cmake
[6.411s] -- Installing: /workspaces/isaac_ros-dev/install/isaac_ros_apriltag_interfaces/share/isaac_ros_apriltag_interfaces/cmake/isaac_ros_apriltag_interfacesConfig-version.cmake
[6.411s] -- Installing: /workspaces/isaac_ros-dev/install/isaac_ros_apriltag_interfaces/share/isaac_ros_apriltag_interfaces/package.xml
[6.435s] Invoked command in '/workspaces/isaac_ros-dev/build/isaac_ros_apriltag_interfaces' returned '0': AMENT_PREFIX_PATH=/workspaces/isaac_ros-dev/install/isaac_ros_common:${AMENT_PREFIX_PATH} CMAKE_PREFIX_PATH=/workspaces/isaac_ros-dev/install/isaac_ros_common:${CMAKE_PREFIX_PATH} LD_LIBRARY_PATH=/workspaces/isaac_ros-dev/install/isaac_ros_common/lib:${LD_LIBRARY_PATH} /usr/local/bin/cmake --install /workspaces/isaac_ros-dev/build/isaac_ros_apriltag_interfaces
