[0.099s] Invoking command in '/workspaces/isaac_ros-dev/build/isaac_ros_nitros_pose_array_type': AMENT_PREFIX_PATH=/workspaces/isaac_ros-dev/install/isaac_ros_nitros:/workspaces/isaac_ros-dev/install/isaac_ros_nitros_interfaces:/workspaces/isaac_ros-dev/install/isaac_ros_gxf:/workspaces/isaac_ros-dev/install/isaac_ros_test:/workspaces/isaac_ros-dev/install/isaac_ros_common:${AMENT_PREFIX_PATH} CMAKE_PREFIX_PATH=/workspaces/isaac_ros-dev/install/isaac_ros_nitros:/workspaces/isaac_ros-dev/install/isaac_ros_nitros_interfaces:/workspaces/isaac_ros-dev/install/isaac_ros_gxf:/workspaces/isaac_ros-dev/install/isaac_ros_common:${CMAKE_PREFIX_PATH} LD_LIBRARY_PATH=/workspaces/isaac_ros-dev/install/isaac_ros_nitros/lib:/workspaces/isaac_ros-dev/install/isaac_ros_nitros_interfaces/lib:/workspaces/isaac_ros-dev/install/isaac_ros_common/lib:/opt/ros/humble/install/opt/rviz_ogre_vendor/lib:/opt/ros/humble/install/lib:/usr/lib/aarch64-linux-gnu/tegra/weston:/usr/lib/aarch64-linux-gnu/tegra-egl:/usr/local/cuda-11.4/targets/aarch64-linux/lib:/usr/lib/aarch64-linux-gnu/tegra:/opt/nvidia/vpi2/lib64:/usr/lib/aarch64-linux-gnu-host:/opt/tritonserver/lib PYTHONPATH=/workspaces/isaac_ros-dev/install/isaac_ros_nitros_interfaces/lib/python3.8/site-packages:/workspaces/isaac_ros-dev/build/isaac_ros_test:/workspaces/isaac_ros-dev/install/isaac_ros_test/lib/python3.8/site-packages:${PYTHONPATH} /usr/bin/cmake /workspaces/isaac_ros-dev/src/isaac_ros_nitros/isaac_ros_nitros_type/isaac_ros_nitros_pose_array_type -DAMENT_CMAKE_SYMLINK_INSTALL=1 -DCMAKE_INSTALL_PREFIX=/workspaces/isaac_ros-dev/install/isaac_ros_nitros_pose_array_type
[0.269s] -- The C compiler identification is GNU 9.4.0
[0.420s] -- The CXX compiler identification is GNU 9.4.0
[0.443s] -- Detecting C compiler ABI info
[0.623s] -- Detecting C compiler ABI info - done
[0.643s] -- Check for working C compiler: /usr/bin/cc - skipped
[0.643s] -- Detecting C compile features
[0.645s] -- Detecting C compile features - done
[0.654s] -- Detecting CXX compiler ABI info
[0.835s] -- Detecting CXX compiler ABI info - done
[0.856s] -- Check for working CXX compiler: /usr/bin/c++ - skipped
[0.857s] -- Detecting CXX compile features
[0.858s] -- Detecting CXX compile features - done
[0.865s] -- Found ament_cmake_auto: 1.3.3 (/opt/ros/humble/install/share/ament_cmake_auto/cmake)
[3.267s] -- Found Python3: /usr/bin/python3.8 (found version "3.8.10") found components: Interpreter 
[3.470s] -- Override CMake install command with custom implementation using symlinks instead of copying resources
[3.752s] -- Loading isaac_ros_common extras
[3.753s] -- CMAKE_BUILD_TYPE: Release
[3.800s] -- Looking for pthread.h
[4.045s] -- Looking for pthread.h - found
[4.048s] -- Performing Test CMAKE_HAVE_LIBC_PTHREAD
[4.271s] -- Performing Test CMAKE_HAVE_LIBC_PTHREAD - Failed
[4.272s] -- Looking for pthread_create in pthreads
[4.471s] -- Looking for pthread_create in pthreads - not found
[4.471s] -- Looking for pthread_create in pthread
[4.665s] -- Looking for pthread_create in pthread - found
[4.667s] -- Found Threads: TRUE  
[4.733s] -- Found CUDA: /usr/local/cuda (found version "11.4") 
[4.736s] -- Loading isaac_ros_common extras (modules)
[4.874s] -- Found rosidl_generator_c: 3.1.4 (/opt/ros/humble/install/share/rosidl_generator_c/cmake)
[4.891s] -- Found rosidl_adapter: 3.1.4 (/opt/ros/humble/install/share/rosidl_adapter/cmake)
[4.920s] -- Found rosidl_generator_cpp: 3.1.4 (/opt/ros/humble/install/share/rosidl_generator_cpp/cmake)
[4.973s] -- Using all available rosidl_typesupport_c: rosidl_typesupport_fastrtps_c;rosidl_typesupport_introspection_c
[5.043s] -- Using all available rosidl_typesupport_cpp: rosidl_typesupport_fastrtps_cpp;rosidl_typesupport_introspection_cpp
[5.273s] -- Found rmw_implementation_cmake: 6.1.1 (/opt/ros/humble/install/share/rmw_implementation_cmake/cmake)
[5.283s] -- Found rmw_fastrtps_cpp: 6.2.2 (/opt/ros/humble/install/share/rmw_fastrtps_cpp/cmake)
[5.685s] -- Found OpenSSL: /usr/lib/aarch64-linux-gnu/libcrypto.so (found version "1.1.1f")  
[5.788s] -- Found FastRTPS: /opt/ros/humble/install/include  
[5.986s] -- Using RMW implementation 'rmw_fastrtps_cpp' as default
[7.032s] -- Loading isaac_ros_gxf extras
[7.048s] -- Found atlas lib=/workspaces/isaac_ros-dev/install/isaac_ros_gxf/share/isaac_ros_gxf/gxf/lib/libgxf_atlas.so, include=/workspaces/isaac_ros-dev/install/isaac_ros_gxf/share/isaac_ros_gxf/gxf/include/gxf
[7.056s] -- Found cuda lib=/workspaces/isaac_ros-dev/install/isaac_ros_gxf/share/isaac_ros_gxf/gxf/lib/cuda/libgxf_cuda.so, include=/workspaces/isaac_ros-dev/install/isaac_ros_gxf/share/isaac_ros_gxf/gxf/include/gxf
[7.064s] -- Found isaac_messages lib=/workspaces/isaac_ros-dev/install/isaac_ros_gxf/share/isaac_ros_gxf/gxf/lib/libgxf_isaac_messages.so, include=/workspaces/isaac_ros-dev/install/isaac_ros_gxf/share/isaac_ros_gxf/gxf/include/gxf
[7.072s] -- Found isaac_ros_messages lib=/workspaces/isaac_ros-dev/install/isaac_ros_gxf/share/isaac_ros_gxf/gxf/lib/libgxf_isaac_ros_messages.so, include=/workspaces/isaac_ros-dev/install/isaac_ros_gxf/share/isaac_ros_gxf/gxf/include/gxf
[7.080s] -- Found multimedia lib=/workspaces/isaac_ros-dev/install/isaac_ros_gxf/share/isaac_ros_gxf/gxf/lib/multimedia/libgxf_multimedia.so, include=/workspaces/isaac_ros-dev/install/isaac_ros_gxf/share/isaac_ros_gxf/gxf/include/gxf
[7.095s] -- Found gxf_optimizer lib=/workspaces/isaac_ros-dev/install/isaac_ros_gxf/share/isaac_ros_gxf/gxf/lib/libgxf_optimizer.so, include=/workspaces/isaac_ros-dev/install/isaac_ros_gxf/share/isaac_ros_gxf/gxf/include/gxf
[7.103s] -- Found serialization lib=/workspaces/isaac_ros-dev/install/isaac_ros_gxf/share/isaac_ros_gxf/gxf/lib/serialization/libgxf_serialization.so, include=/workspaces/isaac_ros-dev/install/isaac_ros_gxf/share/isaac_ros_gxf/gxf/include/gxf
[7.111s] -- Found std lib=/workspaces/isaac_ros-dev/install/isaac_ros_gxf/share/isaac_ros_gxf/gxf/lib/std/libgxf_std.so, include=/workspaces/isaac_ros-dev/install/isaac_ros_gxf/share/isaac_ros_gxf/gxf/include/gxf
[7.119s] -- Found core lib=/workspaces/isaac_ros-dev/install/isaac_ros_gxf/share/isaac_ros_gxf/gxf/lib/core/libgxf_core.so, include=/workspaces/isaac_ros-dev/install/isaac_ros_gxf/share/isaac_ros_gxf/gxf/include/gxf
[7.126s] -- Found GXF:  (found suitable version "2.5.0", minimum required is "2.5.0") found components: core std 
[9.814s] -- Performing Test FLAG_WEXTRA
[10.054s] -- Performing Test FLAG_WEXTRA - Success
[10.455s] -- Found ament_lint_auto: 0.12.5 (/opt/ros/humble/install/share/ament_lint_auto/cmake)
[10.561s] -- Found launch_testing_ament_cmake: 1.0.4 (/opt/ros/humble/install/share/launch_testing_ament_cmake/cmake)
[10.568s] -- Found python_cmake_module: 0.10.0 (/opt/ros/humble/install/share/python_cmake_module/cmake)
[10.648s] -- Found PythonInterp: /usr/bin/python3 (found suitable version "3.8.10", minimum required is "3.6") 
[10.663s] -- Found PythonLibs: /usr/lib/aarch64-linux-gnu/libpython3.8.so (found suitable version "3.8.10", minimum required is "3.5") 
[10.666s] -- Using PYTHON_EXECUTABLE: /usr/bin/python3
[10.666s] -- Using PYTHON_INCLUDE_DIRS: /usr/include/python3.8
[10.667s] -- Using PYTHON_LIBRARIES: /usr/lib/aarch64-linux-gnu/libpython3.8.so
[10.748s] -- Found PythonExtra: .so  
[10.817s] -- Added test 'cppcheck' to perform static code analysis on C / C++ code
[10.819s] -- Configured cppcheck include dirs: /workspaces/isaac_ros-dev/src/isaac_ros_nitros/isaac_ros_nitros_type/isaac_ros_nitros_pose_array_type/include
[10.819s] -- Configured cppcheck exclude dirs and/or files: 
[10.825s] -- Added test 'cpplint' to check C / C++ code against the Google style
[10.826s] -- Configured cpplint exclude dirs and/or files: 
[10.829s] -- Added test 'flake8' to check Python code syntax and style conventions
[10.833s] -- Added test 'lint_cmake' to check CMake code style
[10.836s] -- Added test 'pep257' to check Python code against some of the docstring style conventions in PEP 257
[10.841s] -- Added test 'uncrustify' to check C / C++ code style
[10.842s] -- Configured uncrustify additional arguments: 
[10.845s] -- Added test 'xmllint' to check XML markup files
[10.894s] -- Configuring done
[11.189s] -- Generating done
[11.219s] -- Build files have been written to: /workspaces/isaac_ros-dev/build/isaac_ros_nitros_pose_array_type
[11.271s] Invoked command in '/workspaces/isaac_ros-dev/build/isaac_ros_nitros_pose_array_type' returned '0': AMENT_PREFIX_PATH=/workspaces/isaac_ros-dev/install/isaac_ros_nitros:/workspaces/isaac_ros-dev/install/isaac_ros_nitros_interfaces:/workspaces/isaac_ros-dev/install/isaac_ros_gxf:/workspaces/isaac_ros-dev/install/isaac_ros_test:/workspaces/isaac_ros-dev/install/isaac_ros_common:${AMENT_PREFIX_PATH} CMAKE_PREFIX_PATH=/workspaces/isaac_ros-dev/install/isaac_ros_nitros:/workspaces/isaac_ros-dev/install/isaac_ros_nitros_interfaces:/workspaces/isaac_ros-dev/install/isaac_ros_gxf:/workspaces/isaac_ros-dev/install/isaac_ros_common:${CMAKE_PREFIX_PATH} LD_LIBRARY_PATH=/workspaces/isaac_ros-dev/install/isaac_ros_nitros/lib:/workspaces/isaac_ros-dev/install/isaac_ros_nitros_interfaces/lib:/workspaces/isaac_ros-dev/install/isaac_ros_common/lib:/opt/ros/humble/install/opt/rviz_ogre_vendor/lib:/opt/ros/humble/install/lib:/usr/lib/aarch64-linux-gnu/tegra/weston:/usr/lib/aarch64-linux-gnu/tegra-egl:/usr/local/cuda-11.4/targets/aarch64-linux/lib:/usr/lib/aarch64-linux-gnu/tegra:/opt/nvidia/vpi2/lib64:/usr/lib/aarch64-linux-gnu-host:/opt/tritonserver/lib PYTHONPATH=/workspaces/isaac_ros-dev/install/isaac_ros_nitros_interfaces/lib/python3.8/site-packages:/workspaces/isaac_ros-dev/build/isaac_ros_test:/workspaces/isaac_ros-dev/install/isaac_ros_test/lib/python3.8/site-packages:${PYTHONPATH} /usr/bin/cmake /workspaces/isaac_ros-dev/src/isaac_ros_nitros/isaac_ros_nitros_type/isaac_ros_nitros_pose_array_type -DAMENT_CMAKE_SYMLINK_INSTALL=1 -DCMAKE_INSTALL_PREFIX=/workspaces/isaac_ros-dev/install/isaac_ros_nitros_pose_array_type
[11.276s] Invoking command in '/workspaces/isaac_ros-dev/build/isaac_ros_nitros_pose_array_type': AMENT_PREFIX_PATH=/workspaces/isaac_ros-dev/install/isaac_ros_nitros:/workspaces/isaac_ros-dev/install/isaac_ros_nitros_interfaces:/workspaces/isaac_ros-dev/install/isaac_ros_gxf:/workspaces/isaac_ros-dev/install/isaac_ros_test:/workspaces/isaac_ros-dev/install/isaac_ros_common:${AMENT_PREFIX_PATH} CMAKE_PREFIX_PATH=/workspaces/isaac_ros-dev/install/isaac_ros_nitros:/workspaces/isaac_ros-dev/install/isaac_ros_nitros_interfaces:/workspaces/isaac_ros-dev/install/isaac_ros_gxf:/workspaces/isaac_ros-dev/install/isaac_ros_common:${CMAKE_PREFIX_PATH} LD_LIBRARY_PATH=/workspaces/isaac_ros-dev/install/isaac_ros_nitros/lib:/workspaces/isaac_ros-dev/install/isaac_ros_nitros_interfaces/lib:/workspaces/isaac_ros-dev/install/isaac_ros_common/lib:/opt/ros/humble/install/opt/rviz_ogre_vendor/lib:/opt/ros/humble/install/lib:/usr/lib/aarch64-linux-gnu/tegra/weston:/usr/lib/aarch64-linux-gnu/tegra-egl:/usr/local/cuda-11.4/targets/aarch64-linux/lib:/usr/lib/aarch64-linux-gnu/tegra:/opt/nvidia/vpi2/lib64:/usr/lib/aarch64-linux-gnu-host:/opt/tritonserver/lib PYTHONPATH=/workspaces/isaac_ros-dev/install/isaac_ros_nitros_interfaces/lib/python3.8/site-packages:/workspaces/isaac_ros-dev/build/isaac_ros_test:/workspaces/isaac_ros-dev/install/isaac_ros_test/lib/python3.8/site-packages:${PYTHONPATH} /usr/bin/cmake --build /workspaces/isaac_ros-dev/build/isaac_ros_nitros_pose_array_type -- -j4 -l4
[11.382s] [  2%] [32mBuilding CXX object _deps/yaml-cpp-build/CMakeFiles/yaml-cpp.dir/src/binary.cpp.o[0m
[12.210s] [  5%] [32mBuilding CXX object _deps/yaml-cpp-build/CMakeFiles/yaml-cpp.dir/src/emit.cpp.o[0m
[13.841s] [  8%] [32mBuilding CXX object _deps/yaml-cpp-build/CMakeFiles/yaml-cpp.dir/src/emitfromevents.cpp.o[0m
[15.810s] [ 11%] [32mBuilding CXX object _deps/yaml-cpp-build/CMakeFiles/yaml-cpp.dir/src/emitter.cpp.o[0m
[18.448s] [ 14%] [32mBuilding CXX object _deps/yaml-cpp-build/CMakeFiles/yaml-cpp.dir/src/emitterstate.cpp.o[0m
[21.006s] [ 17%] [32mBuilding CXX object _deps/yaml-cpp-build/CMakeFiles/yaml-cpp.dir/src/emitterutils.cpp.o[0m
[29.633s] [ 20%] [32mBuilding CXX object _deps/yaml-cpp-build/CMakeFiles/yaml-cpp.dir/src/exceptions.cpp.o[0m
[30.645s] [ 22%] [32mBuilding CXX object _deps/yaml-cpp-build/CMakeFiles/yaml-cpp.dir/src/exp.cpp.o[0m
[32.298s] [ 25%] [32mBuilding CXX object _deps/yaml-cpp-build/CMakeFiles/yaml-cpp.dir/src/memory.cpp.o[0m
[34.177s] [ 28%] [32mBuilding CXX object _deps/yaml-cpp-build/CMakeFiles/yaml-cpp.dir/src/node.cpp.o[0m
[35.171s] [ 31%] [32mBuilding CXX object _deps/yaml-cpp-build/CMakeFiles/yaml-cpp.dir/src/node_data.cpp.o[0m
[37.831s] [ 34%] [32mBuilding CXX object _deps/yaml-cpp-build/CMakeFiles/yaml-cpp.dir/src/nodebuilder.cpp.o[0m
[40.349s] [ 37%] [32mBuilding CXX object _deps/yaml-cpp-build/CMakeFiles/yaml-cpp.dir/src/nodeevents.cpp.o[0m
[42.456s] [ 40%] [32mBuilding CXX object _deps/yaml-cpp-build/CMakeFiles/yaml-cpp.dir/src/null.cpp.o[0m
[42.979s] [ 42%] [32mBuilding CXX object _deps/yaml-cpp-build/CMakeFiles/yaml-cpp.dir/src/ostream_wrapper.cpp.o[0m
[44.101s] [ 45%] [32mBuilding CXX object _deps/yaml-cpp-build/CMakeFiles/yaml-cpp.dir/src/parse.cpp.o[0m
[46.672s] [ 48%] [32mBuilding CXX object _deps/yaml-cpp-build/CMakeFiles/yaml-cpp.dir/src/parser.cpp.o[0m
[49.108s] [ 51%] [32mBuilding CXX object _deps/yaml-cpp-build/CMakeFiles/yaml-cpp.dir/src/regex_yaml.cpp.o[0m
[50.535s] [ 54%] [32mBuilding CXX object _deps/yaml-cpp-build/CMakeFiles/yaml-cpp.dir/src/scanner.cpp.o[0m
[54.607s] [ 57%] [32mBuilding CXX object _deps/yaml-cpp-build/CMakeFiles/yaml-cpp.dir/src/scanscalar.cpp.o[0m
[57.474s] [ 60%] [32mBuilding CXX object _deps/yaml-cpp-build/CMakeFiles/yaml-cpp.dir/src/scantag.cpp.o[0m
[59.959s] [ 62%] [32mBuilding CXX object _deps/yaml-cpp-build/CMakeFiles/yaml-cpp.dir/src/scantoken.cpp.o[0m
[65.938s] [ 65%] [32mBuilding CXX object _deps/yaml-cpp-build/CMakeFiles/yaml-cpp.dir/src/simplekey.cpp.o[0m
[67.719s] [ 68%] [32mBuilding CXX object _deps/yaml-cpp-build/CMakeFiles/yaml-cpp.dir/src/singledocparser.cpp.o[0m
[70.842s] [ 71%] [32mBuilding CXX object _deps/yaml-cpp-build/CMakeFiles/yaml-cpp.dir/src/stream.cpp.o[0m
[72.314s] [ 74%] [32mBuilding CXX object _deps/yaml-cpp-build/CMakeFiles/yaml-cpp.dir/src/tag.cpp.o[0m
[73.525s] [ 77%] [32mBuilding CXX object _deps/yaml-cpp-build/CMakeFiles/yaml-cpp.dir/src/contrib/graphbuilder.cpp.o[0m
[74.702s] [ 80%] [32mBuilding CXX object _deps/yaml-cpp-build/CMakeFiles/yaml-cpp.dir/src/contrib/graphbuilderadapter.cpp.o[0m
[75.954s] [ 82%] [32mBuilding CXX object _deps/yaml-cpp-build/CMakeFiles/yaml-cpp.dir/src/directives.cpp.o[0m
[76.736s] [ 85%] [32mBuilding CXX object _deps/yaml-cpp-build/CMakeFiles/yaml-cpp.dir/src/convert.cpp.o[0m
[78.973s] [ 88%] [32m[1mLinking CXX static library libyaml-cpp.a[0m
[79.110s] [ 88%] Built target yaml-cpp
[79.149s] [ 91%] [32mBuilding CXX object CMakeFiles/isaac_ros_nitros_pose_array_type.dir/src/nitros_pose_array.cpp.o[0m
[110.453s] [ 94%] [32m[1mLinking CXX shared library libisaac_ros_nitros_pose_array_type.so[0m
[110.962s] [ 94%] Built target isaac_ros_nitros_pose_array_type
[110.999s] [ 97%] [32mBuilding CXX object CMakeFiles/nitros_pose_array_forward_node.dir/test/src/nitros_pose_array_forward_node.cpp.o[0m
[168.377s] [100%] [32m[1mLinking CXX shared library libnitros_pose_array_forward_node.so[0m
[169.359s] [100%] Built target nitros_pose_array_forward_node
[169.381s] Invoked command in '/workspaces/isaac_ros-dev/build/isaac_ros_nitros_pose_array_type' returned '0': AMENT_PREFIX_PATH=/workspaces/isaac_ros-dev/install/isaac_ros_nitros:/workspaces/isaac_ros-dev/install/isaac_ros_nitros_interfaces:/workspaces/isaac_ros-dev/install/isaac_ros_gxf:/workspaces/isaac_ros-dev/install/isaac_ros_test:/workspaces/isaac_ros-dev/install/isaac_ros_common:${AMENT_PREFIX_PATH} CMAKE_PREFIX_PATH=/workspaces/isaac_ros-dev/install/isaac_ros_nitros:/workspaces/isaac_ros-dev/install/isaac_ros_nitros_interfaces:/workspaces/isaac_ros-dev/install/isaac_ros_gxf:/workspaces/isaac_ros-dev/install/isaac_ros_common:${CMAKE_PREFIX_PATH} LD_LIBRARY_PATH=/workspaces/isaac_ros-dev/install/isaac_ros_nitros/lib:/workspaces/isaac_ros-dev/install/isaac_ros_nitros_interfaces/lib:/workspaces/isaac_ros-dev/install/isaac_ros_common/lib:/opt/ros/humble/install/opt/rviz_ogre_vendor/lib:/opt/ros/humble/install/lib:/usr/lib/aarch64-linux-gnu/tegra/weston:/usr/lib/aarch64-linux-gnu/tegra-egl:/usr/local/cuda-11.4/targets/aarch64-linux/lib:/usr/lib/aarch64-linux-gnu/tegra:/opt/nvidia/vpi2/lib64:/usr/lib/aarch64-linux-gnu-host:/opt/tritonserver/lib PYTHONPATH=/workspaces/isaac_ros-dev/install/isaac_ros_nitros_interfaces/lib/python3.8/site-packages:/workspaces/isaac_ros-dev/build/isaac_ros_test:/workspaces/isaac_ros-dev/install/isaac_ros_test/lib/python3.8/site-packages:${PYTHONPATH} /usr/bin/cmake --build /workspaces/isaac_ros-dev/build/isaac_ros_nitros_pose_array_type -- -j4 -l4
[169.505s] Invoking command in '/workspaces/isaac_ros-dev/build/isaac_ros_nitros_pose_array_type': AMENT_PREFIX_PATH=/workspaces/isaac_ros-dev/install/isaac_ros_nitros:/workspaces/isaac_ros-dev/install/isaac_ros_nitros_interfaces:/workspaces/isaac_ros-dev/install/isaac_ros_gxf:/workspaces/isaac_ros-dev/install/isaac_ros_test:/workspaces/isaac_ros-dev/install/isaac_ros_common:${AMENT_PREFIX_PATH} CMAKE_PREFIX_PATH=/workspaces/isaac_ros-dev/install/isaac_ros_nitros:/workspaces/isaac_ros-dev/install/isaac_ros_nitros_interfaces:/workspaces/isaac_ros-dev/install/isaac_ros_gxf:/workspaces/isaac_ros-dev/install/isaac_ros_common:${CMAKE_PREFIX_PATH} LD_LIBRARY_PATH=/workspaces/isaac_ros-dev/install/isaac_ros_nitros/lib:/workspaces/isaac_ros-dev/install/isaac_ros_nitros_interfaces/lib:/workspaces/isaac_ros-dev/install/isaac_ros_common/lib:/opt/ros/humble/install/opt/rviz_ogre_vendor/lib:/opt/ros/humble/install/lib:/usr/lib/aarch64-linux-gnu/tegra/weston:/usr/lib/aarch64-linux-gnu/tegra-egl:/usr/local/cuda-11.4/targets/aarch64-linux/lib:/usr/lib/aarch64-linux-gnu/tegra:/opt/nvidia/vpi2/lib64:/usr/lib/aarch64-linux-gnu-host:/opt/tritonserver/lib PYTHONPATH=/workspaces/isaac_ros-dev/install/isaac_ros_nitros_interfaces/lib/python3.8/site-packages:/workspaces/isaac_ros-dev/build/isaac_ros_test:/workspaces/isaac_ros-dev/install/isaac_ros_test/lib/python3.8/site-packages:${PYTHONPATH} /usr/bin/cmake --install /workspaces/isaac_ros-dev/build/isaac_ros_nitros_pose_array_type
[169.527s] -- Install configuration: "Release"
[169.528s] -- Execute custom install script
[169.529s] -- Symlinking: /workspaces/isaac_ros-dev/install/isaac_ros_nitros_pose_array_type/lib/pkgconfig/yaml-cpp.pc
[169.541s] -- Symlinking: /workspaces/isaac_ros-dev/install/isaac_ros_nitros_pose_array_type/share/isaac_ros_nitros_pose_array_type/test/config/test_forward_node.yaml
[169.552s] -- Symlinking: /workspaces/isaac_ros-dev/install/isaac_ros_nitros_pose_array_type/include/isaac_ros_nitros_pose_array_type/nitros_pose_array.hpp
[169.564s] -- Symlinking: /workspaces/isaac_ros-dev/install/isaac_ros_nitros_pose_array_type/share/isaac_ros_nitros_pose_array_type/environment/library_path.sh
[169.574s] -- Symlinking: /workspaces/isaac_ros-dev/install/isaac_ros_nitros_pose_array_type/share/isaac_ros_nitros_pose_array_type/environment/library_path.dsv
[169.586s] -- Symlinking: /workspaces/isaac_ros-dev/install/isaac_ros_nitros_pose_array_type/lib/libisaac_ros_nitros_pose_array_type.so
[169.597s] -- Symlinking: /workspaces/isaac_ros-dev/install/isaac_ros_nitros_pose_array_type/lib/libnitros_pose_array_forward_node.so
[169.608s] -- Symlinking: /workspaces/isaac_ros-dev/install/isaac_ros_nitros_pose_array_type/share/ament_index/resource_index/package_run_dependencies/isaac_ros_nitros_pose_array_type
[169.624s] -- Symlinking: /workspaces/isaac_ros-dev/install/isaac_ros_nitros_pose_array_type/share/ament_index/resource_index/parent_prefix_path/isaac_ros_nitros_pose_array_type
[169.635s] -- Symlinking: /workspaces/isaac_ros-dev/install/isaac_ros_nitros_pose_array_type/share/isaac_ros_nitros_pose_array_type/environment/ament_prefix_path.sh
[169.647s] -- Symlinking: /workspaces/isaac_ros-dev/install/isaac_ros_nitros_pose_array_type/share/isaac_ros_nitros_pose_array_type/environment/ament_prefix_path.dsv
[169.666s] -- Symlinking: /workspaces/isaac_ros-dev/install/isaac_ros_nitros_pose_array_type/share/isaac_ros_nitros_pose_array_type/environment/path.sh
[169.701s] -- Symlinking: /workspaces/isaac_ros-dev/install/isaac_ros_nitros_pose_array_type/share/isaac_ros_nitros_pose_array_type/environment/path.dsv
[169.701s] -- Symlinking: /workspaces/isaac_ros-dev/install/isaac_ros_nitros_pose_array_type/share/isaac_ros_nitros_pose_array_type/local_setup.bash
[169.702s] -- Symlinking: /workspaces/isaac_ros-dev/install/isaac_ros_nitros_pose_array_type/share/isaac_ros_nitros_pose_array_type/local_setup.sh
[169.711s] -- Symlinking: /workspaces/isaac_ros-dev/install/isaac_ros_nitros_pose_array_type/share/isaac_ros_nitros_pose_array_type/local_setup.zsh
[169.734s] -- Symlinking: /workspaces/isaac_ros-dev/install/isaac_ros_nitros_pose_array_type/share/isaac_ros_nitros_pose_array_type/local_setup.dsv
[169.746s] -- Symlinking: /workspaces/isaac_ros-dev/install/isaac_ros_nitros_pose_array_type/share/isaac_ros_nitros_pose_array_type/package.dsv
[169.760s] -- Symlinking: /workspaces/isaac_ros-dev/install/isaac_ros_nitros_pose_array_type/share/ament_index/resource_index/packages/isaac_ros_nitros_pose_array_type
[169.776s] -- Symlinking: /workspaces/isaac_ros-dev/install/isaac_ros_nitros_pose_array_type/share/ament_index/resource_index/rclcpp_components/isaac_ros_nitros_pose_array_type
[169.790s] -- Symlinking: /workspaces/isaac_ros-dev/install/isaac_ros_nitros_pose_array_type/share/isaac_ros_nitros_pose_array_type/cmake/ament_cmake_export_dependencies-extras.cmake
[169.803s] -- Symlinking: /workspaces/isaac_ros-dev/install/isaac_ros_nitros_pose_array_type/share/isaac_ros_nitros_pose_array_type/cmake/ament_cmake_export_include_directories-extras.cmake
[169.814s] -- Symlinking: /workspaces/isaac_ros-dev/install/isaac_ros_nitros_pose_array_type/share/isaac_ros_nitros_pose_array_type/cmake/ament_cmake_export_libraries-extras.cmake
[169.826s] -- Symlinking: /workspaces/isaac_ros-dev/install/isaac_ros_nitros_pose_array_type/share/isaac_ros_nitros_pose_array_type/cmake/isaac_ros_nitros_pose_array_typeConfig.cmake
[169.838s] -- Symlinking: /workspaces/isaac_ros-dev/install/isaac_ros_nitros_pose_array_type/share/isaac_ros_nitros_pose_array_type/cmake/isaac_ros_nitros_pose_array_typeConfig-version.cmake
[169.854s] -- Symlinking: /workspaces/isaac_ros-dev/install/isaac_ros_nitros_pose_array_type/share/isaac_ros_nitros_pose_array_type/package.xml
[169.869s] -- Installing: /workspaces/isaac_ros-dev/install/isaac_ros_nitros_pose_array_type/lib/libyaml-cpp.a
[169.873s] -- Installing: /workspaces/isaac_ros-dev/install/isaac_ros_nitros_pose_array_type/include/yaml-cpp
[169.874s] -- Installing: /workspaces/isaac_ros-dev/install/isaac_ros_nitros_pose_array_type/include/yaml-cpp/exceptions.h
[169.875s] -- Installing: /workspaces/isaac_ros-dev/install/isaac_ros_nitros_pose_array_type/include/yaml-cpp/ostream_wrapper.h
[169.876s] -- Installing: /workspaces/isaac_ros-dev/install/isaac_ros_nitros_pose_array_type/include/yaml-cpp/emitterstyle.h
[169.877s] -- Installing: /workspaces/isaac_ros-dev/install/isaac_ros_nitros_pose_array_type/include/yaml-cpp/yaml.h
[169.878s] -- Installing: /workspaces/isaac_ros-dev/install/isaac_ros_nitros_pose_array_type/include/yaml-cpp/binary.h
[169.879s] -- Installing: /workspaces/isaac_ros-dev/install/isaac_ros_nitros_pose_array_type/include/yaml-cpp/emitfromevents.h
[169.880s] -- Installing: /workspaces/isaac_ros-dev/install/isaac_ros_nitros_pose_array_type/include/yaml-cpp/dll.h
[169.881s] -- Installing: /workspaces/isaac_ros-dev/install/isaac_ros_nitros_pose_array_type/include/yaml-cpp/traits.h
[169.882s] -- Installing: /workspaces/isaac_ros-dev/install/isaac_ros_nitros_pose_array_type/include/yaml-cpp/contrib
[169.883s] -- Installing: /workspaces/isaac_ros-dev/install/isaac_ros_nitros_pose_array_type/include/yaml-cpp/contrib/anchordict.h
[169.884s] -- Installing: /workspaces/isaac_ros-dev/install/isaac_ros_nitros_pose_array_type/include/yaml-cpp/contrib/graphbuilder.h
[169.885s] -- Installing: /workspaces/isaac_ros-dev/install/isaac_ros_nitros_pose_array_type/include/yaml-cpp/emitter.h
[169.886s] -- Installing: /workspaces/isaac_ros-dev/install/isaac_ros_nitros_pose_array_type/include/yaml-cpp/stlemitter.h
[169.887s] -- Installing: /workspaces/isaac_ros-dev/install/isaac_ros_nitros_pose_array_type/include/yaml-cpp/eventhandler.h
[169.889s] -- Installing: /workspaces/isaac_ros-dev/install/isaac_ros_nitros_pose_array_type/include/yaml-cpp/emittermanip.h
[169.890s] -- Installing: /workspaces/isaac_ros-dev/install/isaac_ros_nitros_pose_array_type/include/yaml-cpp/anchor.h
[169.891s] -- Installing: /workspaces/isaac_ros-dev/install/isaac_ros_nitros_pose_array_type/include/yaml-cpp/parser.h
[169.892s] -- Installing: /workspaces/isaac_ros-dev/install/isaac_ros_nitros_pose_array_type/include/yaml-cpp/emitterdef.h
[169.893s] -- Installing: /workspaces/isaac_ros-dev/install/isaac_ros_nitros_pose_array_type/include/yaml-cpp/node
[169.894s] -- Installing: /workspaces/isaac_ros-dev/install/isaac_ros_nitros_pose_array_type/include/yaml-cpp/node/emit.h
[169.895s] -- Installing: /workspaces/isaac_ros-dev/install/isaac_ros_nitros_pose_array_type/include/yaml-cpp/node/impl.h
[169.897s] -- Installing: /workspaces/isaac_ros-dev/install/isaac_ros_nitros_pose_array_type/include/yaml-cpp/node/convert.h
[169.898s] -- Installing: /workspaces/isaac_ros-dev/install/isaac_ros_nitros_pose_array_type/include/yaml-cpp/node/iterator.h
[169.899s] -- Installing: /workspaces/isaac_ros-dev/install/isaac_ros_nitros_pose_array_type/include/yaml-cpp/node/parse.h
[169.900s] -- Installing: /workspaces/isaac_ros-dev/install/isaac_ros_nitros_pose_array_type/include/yaml-cpp/node/detail
[169.901s] -- Installing: /workspaces/isaac_ros-dev/install/isaac_ros_nitros_pose_array_type/include/yaml-cpp/node/detail/impl.h
[169.902s] -- Installing: /workspaces/isaac_ros-dev/install/isaac_ros_nitros_pose_array_type/include/yaml-cpp/node/detail/node_ref.h
[169.903s] -- Installing: /workspaces/isaac_ros-dev/install/isaac_ros_nitros_pose_array_type/include/yaml-cpp/node/detail/iterator.h
[169.904s] -- Installing: /workspaces/isaac_ros-dev/install/isaac_ros_nitros_pose_array_type/include/yaml-cpp/node/detail/node_iterator.h
[169.906s] -- Installing: /workspaces/isaac_ros-dev/install/isaac_ros_nitros_pose_array_type/include/yaml-cpp/node/detail/memory.h
[169.907s] -- Installing: /workspaces/isaac_ros-dev/install/isaac_ros_nitros_pose_array_type/include/yaml-cpp/node/detail/iterator_fwd.h
[169.908s] -- Installing: /workspaces/isaac_ros-dev/install/isaac_ros_nitros_pose_array_type/include/yaml-cpp/node/detail/node_data.h
[169.909s] -- Installing: /workspaces/isaac_ros-dev/install/isaac_ros_nitros_pose_array_type/include/yaml-cpp/node/detail/bool_type.h
[169.910s] -- Installing: /workspaces/isaac_ros-dev/install/isaac_ros_nitros_pose_array_type/include/yaml-cpp/node/detail/node.h
[169.911s] -- Installing: /workspaces/isaac_ros-dev/install/isaac_ros_nitros_pose_array_type/include/yaml-cpp/node/node.h
[169.912s] -- Installing: /workspaces/isaac_ros-dev/install/isaac_ros_nitros_pose_array_type/include/yaml-cpp/node/ptr.h
[169.913s] -- Installing: /workspaces/isaac_ros-dev/install/isaac_ros_nitros_pose_array_type/include/yaml-cpp/node/type.h
[169.914s] -- Installing: /workspaces/isaac_ros-dev/install/isaac_ros_nitros_pose_array_type/include/yaml-cpp/null.h
[169.915s] -- Installing: /workspaces/isaac_ros-dev/install/isaac_ros_nitros_pose_array_type/include/yaml-cpp/mark.h
[169.916s] -- Installing: /workspaces/isaac_ros-dev/install/isaac_ros_nitros_pose_array_type/lib/cmake/yaml-cpp/yaml-cpp-config.cmake
[169.917s] -- Installing: /workspaces/isaac_ros-dev/install/isaac_ros_nitros_pose_array_type/lib/cmake/yaml-cpp/yaml-cpp-config-version.cmake
[169.918s] -- Installing: /workspaces/isaac_ros-dev/install/isaac_ros_nitros_pose_array_type/lib/cmake/yaml-cpp/yaml-cpp-targets.cmake
[169.920s] -- Installing: /workspaces/isaac_ros-dev/install/isaac_ros_nitros_pose_array_type/lib/cmake/yaml-cpp/yaml-cpp-targets-release.cmake
[169.938s] Invoked command in '/workspaces/isaac_ros-dev/build/isaac_ros_nitros_pose_array_type' returned '0': AMENT_PREFIX_PATH=/workspaces/isaac_ros-dev/install/isaac_ros_nitros:/workspaces/isaac_ros-dev/install/isaac_ros_nitros_interfaces:/workspaces/isaac_ros-dev/install/isaac_ros_gxf:/workspaces/isaac_ros-dev/install/isaac_ros_test:/workspaces/isaac_ros-dev/install/isaac_ros_common:${AMENT_PREFIX_PATH} CMAKE_PREFIX_PATH=/workspaces/isaac_ros-dev/install/isaac_ros_nitros:/workspaces/isaac_ros-dev/install/isaac_ros_nitros_interfaces:/workspaces/isaac_ros-dev/install/isaac_ros_gxf:/workspaces/isaac_ros-dev/install/isaac_ros_common:${CMAKE_PREFIX_PATH} LD_LIBRARY_PATH=/workspaces/isaac_ros-dev/install/isaac_ros_nitros/lib:/workspaces/isaac_ros-dev/install/isaac_ros_nitros_interfaces/lib:/workspaces/isaac_ros-dev/install/isaac_ros_common/lib:/opt/ros/humble/install/opt/rviz_ogre_vendor/lib:/opt/ros/humble/install/lib:/usr/lib/aarch64-linux-gnu/tegra/weston:/usr/lib/aarch64-linux-gnu/tegra-egl:/usr/local/cuda-11.4/targets/aarch64-linux/lib:/usr/lib/aarch64-linux-gnu/tegra:/opt/nvidia/vpi2/lib64:/usr/lib/aarch64-linux-gnu-host:/opt/tritonserver/lib PYTHONPATH=/workspaces/isaac_ros-dev/install/isaac_ros_nitros_interfaces/lib/python3.8/site-packages:/workspaces/isaac_ros-dev/build/isaac_ros_test:/workspaces/isaac_ros-dev/install/isaac_ros_test/lib/python3.8/site-packages:${PYTHONPATH} /usr/bin/cmake --install /workspaces/isaac_ros-dev/build/isaac_ros_nitros_pose_array_type
